<14>Jul  8 13:45:11 wrk-shasek.stackedpads.local PowerShell[0]: {"EventTime":1657287910,"Hostname":"wrk-shasek.stackedpads.local","Keywords":36028797018963968,"EventType":"INFO","SeverityValue":2,"Severity":"INFO","EventID":800,"SourceName":"PowerShell","Version":0,"Task":8,"OpcodeValue":0,"RecordNumber":4436,"ProcessID":0,"ThreadID":0,"Channel":"Windows PowerShell","Message":"Pipeline execution details for command line: . \r\n\r\nContext Information: \r\n\tDetailSequence=1\r\n\tDetailTotal=1\r\n\r\n\tSequenceNumber=150\r\n\r\n\tUserId=STACKEDPADS\\tim.smith\r\n\tHostName=ConsoleHost\r\n\tHostVersion=5.1.19041.1682\r\n\tHostId=42cdcba1-e8f1-4dd2-bc44-3932b9df9eed\r\n\tHostApplication=C:\\Windows\\System32\\WindowsPowerShell\\v1.0\\powershell.exe\r\n\tEngineVersion=5.1.19041.1682\r\n\tRunspaceId=401d1dde-7f2f-461c-ac0f-7d2718b0c594\r\n\tPipelineId=19\r\n\tScriptName=\r\n\tCommandLine= \r\n\r\nDetails: \r\nCommandInvocation(PSConsoleHostReadLine): \"PSConsoleHostReadLine\"\r\n","Category":"Pipeline Execution Details","Opcode":"Info","EventReceivedTime":1657287911,"SourceModuleName":"in_powershell","SourceModuleType":"im_msvistalog"}
<14>Jul  8 13:45:11 wrk-shasek.stackedpads.local PowerShell[0]: {"EventTime":1657287910,"Hostname":"wrk-shasek.stackedpads.local","Keywords":36028797018963968,"EventType":"INFO","SeverityValue":2,"Severity":"INFO","EventID":500,"SourceName":"PowerShell","Version":0,"Task":5,"OpcodeValue":0,"RecordNumber":4445,"ProcessID":0,"ThreadID":0,"Channel":"Windows PowerShell","Message":"Command \"Out-Default\" is Started. \r\n\r\nDetails: \r\n\tNewCommandState=Started\r\n\r\n\tSequenceNumber=161\r\n\r\n\tHostName=ConsoleHost\r\n\tHostVersion=5.1.19041.1682\r\n\tHostId=42cdcba1-e8f1-4dd2-bc44-3932b9df9eed\r\n\tHostApplication=C:\\Windows\\System32\\WindowsPowerShell\\v1.0\\powershell.exe\r\n\tEngineVersion=5.1.19041.1682\r\n\tRunspaceId=401d1dde-7f2f-461c-ac0f-7d2718b0c594\r\n\tPipelineId=21\r\n\tCommandName=Out-Default\r\n\tCommandType=Cmdlet\r\n\tScriptName=\r\n\tCommandPath=\r\n\tCommandLine=","Category":"Command Lifecycle","Opcode":"Info","EventReceivedTime":1657287911,"SourceModuleName":"in_powershell","SourceModuleType":"im_msvistalog"}
<14>Jul  8 13:45:11 wrk-shasek.stackedpads.local PowerShell[0]: {"EventTime":1657287910,"Hostname":"wrk-shasek.stackedpads.local","Keywords":36028797018963968,"EventType":"INFO","SeverityValue":2,"Severity":"INFO","EventID":501,"SourceName":"PowerShell","Version":0,"Task":5,"OpcodeValue":0,"RecordNumber":4451,"ProcessID":0,"ThreadID":0,"Channel":"Windows PowerShell","Message":"Command \"format-default\" is Stopped. \r\n\r\nDetails: \r\n\tNewCommandState=Stopped\r\n\r\n\tSequenceNumber=167\r\n\r\n\tHostName=ConsoleHost\r\n\tHostVersion=5.1.19041.1682\r\n\tHostId=42cdcba1-e8f1-4dd2-bc44-3932b9df9eed\r\n\tHostApplication=C:\\Windows\\System32\\WindowsPowerShell\\v1.0\\powershell.exe\r\n\tEngineVersion=5.1.19041.1682\r\n\tRunspaceId=401d1dde-7f2f-461c-ac0f-7d2718b0c594\r\n\tPipelineId=21\r\n\tCommandName=format-default\r\n\tCommandType=Cmdlet\r\n\tScriptName=\r\n\tCommandPath=\r\n\tCommandLine=","Category":"Command Lifecycle","Opcode":"Info","EventReceivedTime":1657287911,"SourceModuleName":"in_powershell","SourceModuleType":"im_msvistalog"}
<14>Jul  8 13:45:11 wrk-shasek.stackedpads.local PowerShell[0]: {"EventTime":1657287910,"Hostname":"wrk-shasek.stackedpads.local","Keywords":36028797018963968,"EventType":"INFO","SeverityValue":2,"Severity":"INFO","EventID":500,"SourceName":"PowerShell","Version":0,"Task":5,"OpcodeValue":0,"RecordNumber":4454,"ProcessID":0,"ThreadID":0,"Channel":"Windows PowerShell","Message":"Command \"PSConsoleHostReadLine\" is Started. \r\n\r\nDetails: \r\n\tNewCommandState=Started\r\n\r\n\tSequenceNumber=170\r\n\r\n\tHostName=ConsoleHost\r\n\tHostVersion=5.1.19041.1682\r\n\tHostId=42cdcba1-e8f1-4dd2-bc44-3932b9df9eed\r\n\tHostApplication=C:\\Windows\\System32\\WindowsPowerShell\\v1.0\\powershell.exe\r\n\tEngineVersion=5.1.19041.1682\r\n\tRunspaceId=401d1dde-7f2f-461c-ac0f-7d2718b0c594\r\n\tPipelineId=22\r\n\tCommandName=PSConsoleHostReadLine\r\n\tCommandType=Function\r\n\tScriptName=\r\n\tCommandPath=\r\n\tCommandLine=","Category":"Command Lifecycle","Opcode":"Info","EventReceivedTime":1657287911,"SourceModuleName":"in_powershell","SourceModuleType":"im_msvistalog"}
<14>Jul  8 13:45:11 wrk-shasek.stackedpads.local PowerShell[0]: {"EventTime":1657287910,"Hostname":"wrk-shasek.stackedpads.local","Keywords":36028797018963968,"EventType":"INFO","SeverityValue":2,"Severity":"INFO","EventID":501,"SourceName":"PowerShell","Version":0,"Task":5,"OpcodeValue":0,"RecordNumber":4440,"ProcessID":0,"ThreadID":0,"Channel":"Windows PowerShell","Message":"Command \"notepad.exe\" is Stopped. \r\n\r\nDetails: \r\n\tNewCommandState=Stopped\r\n\r\n\tSequenceNumber=155\r\n\r\n\tHostName=ConsoleHost\r\n\tHostVersion=5.1.19041.1682\r\n\tHostId=42cdcba1-e8f1-4dd2-bc44-3932b9df9eed\r\n\tHostApplication=C:\\Windows\\System32\\WindowsPowerShell\\v1.0\\powershell.exe\r\n\tEngineVersion=5.1.19041.1682\r\n\tRunspaceId=401d1dde-7f2f-461c-ac0f-7d2718b0c594\r\n\tPipelineId=20\r\n\tCommandName=notepad.exe\r\n\tCommandType=Application\r\n\tScriptName=\r\n\tCommandPath=C:\\Windows\\system32\\notepad.exe\r\n\tCommandLine=notepad g:\\pass.csv","Category":"Command Lifecycle","Opcode":"Info","EventReceivedTime":1657287911,"SourceModuleName":"in_powershell","SourceModuleType":"im_msvistalog"}
<14>Jul  8 13:45:11 wrk-shasek.stackedpads.local PowerShell[0]: {"EventTime":1657287910,"Hostname":"wrk-shasek.stackedpads.local","Keywords":36028797018963968,"EventType":"INFO","SeverityValue":2,"Severity":"INFO","EventID":501,"SourceName":"PowerShell","Version":0,"Task":5,"OpcodeValue":0,"RecordNumber":4441,"ProcessID":0,"ThreadID":0,"Channel":"Windows PowerShell","Message":"Command \"\" is Stopped. \r\n\r\nDetails: \r\n\tNewCommandState=Stopped\r\n\r\n\tSequenceNumber=156\r\n\r\n\tHostName=ConsoleHost\r\n\tHostVersion=5.1.19041.1682\r\n\tHostId=42cdcba1-e8f1-4dd2-bc44-3932b9df9eed\r\n\tHostApplication=C:\\Windows\\System32\\WindowsPowerShell\\v1.0\\powershell.exe\r\n\tEngineVersion=5.1.19041.1682\r\n\tRunspaceId=401d1dde-7f2f-461c-ac0f-7d2718b0c594\r\n\tPipelineId=20\r\n\tCommandName=\r\n\tCommandType=Script\r\n\tScriptName=\r\n\tCommandPath=\r\n\tCommandLine=","Category":"Command Lifecycle","Opcode":"Info","EventReceivedTime":1657287911,"SourceModuleName":"in_powershell","SourceModuleType":"im_msvistalog"}
<14>Jul  8 13:45:11 wrk-shasek.stackedpads.local PowerShell[0]: {"EventTime":1657287910,"Hostname":"wrk-shasek.stackedpads.local","Keywords":36028797018963968,"EventType":"INFO","SeverityValue":2,"Severity":"INFO","EventID":501,"SourceName":"PowerShell","Version":0,"Task":5,"OpcodeValue":0,"RecordNumber":4456,"ProcessID":0,"ThreadID":0,"Channel":"Windows PowerShell","Message":"Command \"Set-StrictMode\" is Stopped. \r\n\r\nDetails: \r\n\tNewCommandState=Stopped\r\n\r\n\tSequenceNumber=172\r\n\r\n\tHostName=ConsoleHost\r\n\tHostVersion=5.1.19041.1682\r\n\tHostId=42cdcba1-e8f1-4dd2-bc44-3932b9df9eed\r\n\tHostApplication=C:\\Windows\\System32\\WindowsPowerShell\\v1.0\\powershell.exe\r\n\tEngineVersion=5.1.19041.1682\r\n\tRunspaceId=401d1dde-7f2f-461c-ac0f-7d2718b0c594\r\n\tPipelineId=22\r\n\tCommandName=Set-StrictMode\r\n\tCommandType=Cmdlet\r\n\tScriptName=C:\\Program Files\\WindowsPowerShell\\Modules\\PSReadline\\2.0.0\\PSReadLine.psm1\r\n\tCommandPath=\r\n\tCommandLine=    Microsoft.PowerShell.Core\\Set-StrictMode -Off\n","Category":"Command Lifecycle","Opcode":"Info","EventReceivedTime":1657287911,"SourceModuleName":"in_powershell","SourceModuleType":"im_msvistalog"}
<14>Jul  8 13:45:11 wrk-shasek.stackedpads.local PowerShell[0]: {"EventTime":1657287910,"Hostname":"wrk-shasek.stackedpads.local","Keywords":36028797018963968,"EventType":"INFO","SeverityValue":2,"Severity":"INFO","EventID":800,"SourceName":"PowerShell","Version":0,"Task":8,"OpcodeValue":0,"RecordNumber":4443,"ProcessID":0,"ThreadID":0,"Channel":"Windows PowerShell","Message":"Pipeline execution details for command line: . \r\n\r\nContext Information: \r\n\tDetailSequence=1\r\n\tDetailTotal=1\r\n\r\n\tSequenceNumber=158\r\n\r\n\tUserId=STACKEDPADS\\tim.smith\r\n\tHostName=ConsoleHost\r\n\tHostVersion=5.1.19041.1682\r\n\tHostId=42cdcba1-e8f1-4dd2-bc44-3932b9df9eed\r\n\tHostApplication=C:\\Windows\\System32\\WindowsPowerShell\\v1.0\\powershell.exe\r\n\tEngineVersion=5.1.19041.1682\r\n\tRunspaceId=401d1dde-7f2f-461c-ac0f-7d2718b0c594\r\n\tPipelineId=20\r\n\tScriptName=\r\n\tCommandLine= \r\n\r\nDetails: \r\nCommandInvocation(Out-Default): \"Out-Default\"\r\n","Category":"Pipeline Execution Details","Opcode":"Info","EventReceivedTime":1657287911,"SourceModuleName":"in_powershell","SourceModuleType":"im_msvistalog"}
<14>Jul  8 13:45:11 wrk-shasek.stackedpads.local PowerShell[0]: {"EventTime":1657287910,"Hostname":"wrk-shasek.stackedpads.local","Keywords":36028797018963968,"EventType":"INFO","SeverityValue":2,"Severity":"INFO","EventID":501,"SourceName":"PowerShell","Version":0,"Task":5,"OpcodeValue":0,"RecordNumber":4449,"ProcessID":0,"ThreadID":0,"Channel":"Windows PowerShell","Message":"Command \"prompt\" is Stopped. \r\n\r\nDetails: \r\n\tNewCommandState=Stopped\r\n\r\n\tSequenceNumber=165\r\n\r\n\tHostName=ConsoleHost\r\n\tHostVersion=5.1.19041.1682\r\n\tHostId=42cdcba1-e8f1-4dd2-bc44-3932b9df9eed\r\n\tHostApplication=C:\\Windows\\System32\\WindowsPowerShell\\v1.0\\powershell.exe\r\n\tEngineVersion=5.1.19041.1682\r\n\tRunspaceId=401d1dde-7f2f-461c-ac0f-7d2718b0c594\r\n\tPipelineId=21\r\n\tCommandName=prompt\r\n\tCommandType=Function\r\n\tScriptName=\r\n\tCommandPath=\r\n\tCommandLine=prompt","Category":"Command Lifecycle","Opcode":"Info","EventReceivedTime":1657287911,"SourceModuleName":"in_powershell","SourceModuleType":"im_msvistalog"}
<14>Jul  8 13:45:11 wrk-shasek.stackedpads.local PowerShell[0]: {"EventTime":1657287910,"Hostname":"wrk-shasek.stackedpads.local","Keywords":36028797018963968,"EventType":"INFO","SeverityValue":2,"Severity":"INFO","EventID":500,"SourceName":"PowerShell","Version":0,"Task":5,"OpcodeValue":0,"RecordNumber":4446,"ProcessID":0,"ThreadID":0,"Channel":"Windows PowerShell","Message":"Command \"prompt\" is Started. \r\n\r\nDetails: \r\n\tNewCommandState=Started\r\n\r\n\tSequenceNumber=162\r\n\r\n\tHostName=ConsoleHost\r\n\tHostVersion=5.1.19041.1682\r\n\tHostId=42cdcba1-e8f1-4dd2-bc44-3932b9df9eed\r\n\tHostApplication=C:\\Windows\\System32\\WindowsPowerShell\\v1.0\\powershell.exe\r\n\tEngineVersion=5.1.19041.1682\r\n\tRunspaceId=401d1dde-7f2f-461c-ac0f-7d2718b0c594\r\n\tPipelineId=21\r\n\tCommandName=prompt\r\n\tCommandType=Function\r\n\tScriptName=\r\n\tCommandPath=\r\n\tCommandLine=prompt","Category":"Command Lifecycle","Opcode":"Info","EventReceivedTime":1657287911,"SourceModuleName":"in_powershell","SourceModuleType":"im_msvistalog"}
<14>Jul  8 13:45:11 wrk-shasek.stackedpads.local PowerShell[0]: {"EventTime":1657287910,"Hostname":"wrk-shasek.stackedpads.local","Keywords":36028797018963968,"EventType":"INFO","SeverityValue":2,"Severity":"INFO","EventID":500,"SourceName":"PowerShell","Version":0,"Task":5,"OpcodeValue":0,"RecordNumber":4448,"ProcessID":0,"ThreadID":0,"Channel":"Windows PowerShell","Message":"Command \"format-default\" is Started. \r\n\r\nDetails: \r\n\tNewCommandState=Started\r\n\r\n\tSequenceNumber=164\r\n\r\n\tHostName=ConsoleHost\r\n\tHostVersion=5.1.19041.1682\r\n\tHostId=42cdcba1-e8f1-4dd2-bc44-3932b9df9eed\r\n\tHostApplication=C:\\Windows\\System32\\WindowsPowerShell\\v1.0\\powershell.exe\r\n\tEngineVersion=5.1.19041.1682\r\n\tRunspaceId=401d1dde-7f2f-461c-ac0f-7d2718b0c594\r\n\tPipelineId=21\r\n\tCommandName=format-default\r\n\tCommandType=Cmdlet\r\n\tScriptName=\r\n\tCommandPath=\r\n\tCommandLine=","Category":"Command Lifecycle","Opcode":"Info","EventReceivedTime":1657287911,"SourceModuleName":"in_powershell","SourceModuleType":"im_msvistalog"}
<14>Jul  8 13:45:11 wrk-shasek.stackedpads.local PowerShell[0]: {"EventTime":1657287910,"Hostname":"wrk-shasek.stackedpads.local","Keywords":36028797018963968,"EventType":"INFO","SeverityValue":2,"Severity":"INFO","EventID":800,"SourceName":"PowerShell","Version":0,"Task":8,"OpcodeValue":0,"RecordNumber":4457,"ProcessID":0,"ThreadID":0,"Channel":"Windows PowerShell","Message":"Pipeline execution details for command line:     Microsoft.PowerShell.Core\\Set-StrictMode -Off\n. \r\n\r\nContext Information: \r\n\tDetailSequence=1\r\n\tDetailTotal=1\r\n\r\n\tSequenceNumber=173\r\n\r\n\tUserId=STACKEDPADS\\tim.smith\r\n\tHostName=ConsoleHost\r\n\tHostVersion=5.1.19041.1682\r\n\tHostId=42cdcba1-e8f1-4dd2-bc44-3932b9df9eed\r\n\tHostApplication=C:\\Windows\\System32\\WindowsPowerShell\\v1.0\\powershell.exe\r\n\tEngineVersion=5.1.19041.1682\r\n\tRunspaceId=401d1dde-7f2f-461c-ac0f-7d2718b0c594\r\n\tPipelineId=22\r\n\tScriptName=C:\\Program Files\\WindowsPowerShell\\Modules\\PSReadline\\2.0.0\\PSReadLine.psm1\r\n\tCommandLine=    Microsoft.PowerShell.Core\\Set-StrictMode -Off\n \r\n\r\nDetails: \r\nCommandInvocation(Set-StrictMode): \"Set-StrictMode\"\r\nParameterBinding(Set-StrictMode): name=\"Off\"; value=\"True\"\r\n","Category":"Pipeline Execution Details","Opcode":"Info","EventReceivedTime":1657287911,"SourceModuleName":"in_powershell","SourceModuleType":"im_msvistalog"}
<14>Jul  8 13:45:11 wrk-shasek.stackedpads.local PowerShell[0]: {"EventTime":1657287910,"Hostname":"wrk-shasek.stackedpads.local","Keywords":36028797018963968,"EventType":"INFO","SeverityValue":2,"Severity":"INFO","EventID":501,"SourceName":"PowerShell","Version":0,"Task":5,"OpcodeValue":0,"RecordNumber":4452,"ProcessID":0,"ThreadID":0,"Channel":"Windows PowerShell","Message":"Command \"out-lineoutput\" is Stopped. \r\n\r\nDetails: \r\n\tNewCommandState=Stopped\r\n\r\n\tSequenceNumber=168\r\n\r\n\tHostName=ConsoleHost\r\n\tHostVersion=5.1.19041.1682\r\n\tHostId=42cdcba1-e8f1-4dd2-bc44-3932b9df9eed\r\n\tHostApplication=C:\\Windows\\System32\\WindowsPowerShell\\v1.0\\powershell.exe\r\n\tEngineVersion=5.1.19041.1682\r\n\tRunspaceId=401d1dde-7f2f-461c-ac0f-7d2718b0c594\r\n\tPipelineId=21\r\n\tCommandName=out-lineoutput\r\n\tCommandType=Cmdlet\r\n\tScriptName=\r\n\tCommandPath=\r\n\tCommandLine=","Category":"Command Lifecycle","Opcode":"Info","EventReceivedTime":1657287911,"SourceModuleName":"in_powershell","SourceModuleType":"im_msvistalog"}
<14>Jul  8 13:45:11 wrk-shasek.stackedpads.local PowerShell[0]: {"EventTime":1657287910,"Hostname":"wrk-shasek.stackedpads.local","Keywords":36028797018963968,"EventType":"INFO","SeverityValue":2,"Severity":"INFO","EventID":500,"SourceName":"PowerShell","Version":0,"Task":5,"OpcodeValue":0,"RecordNumber":4439,"ProcessID":0,"ThreadID":0,"Channel":"Windows PowerShell","Message":"Command \"notepad.exe\" is Started. \r\n\r\nDetails: \r\n\tNewCommandState=Started\r\n\r\n\tSequenceNumber=154\r\n\r\n\tHostName=ConsoleHost\r\n\tHostVersion=5.1.19041.1682\r\n\tHostId=42cdcba1-e8f1-4dd2-bc44-3932b9df9eed\r\n\tHostApplication=C:\\Windows\\System32\\WindowsPowerShell\\v1.0\\powershell.exe\r\n\tEngineVersion=5.1.19041.1682\r\n\tRunspaceId=401d1dde-7f2f-461c-ac0f-7d2718b0c594\r\n\tPipelineId=20\r\n\tCommandName=notepad.exe\r\n\tCommandType=Application\r\n\tScriptName=\r\n\tCommandPath=C:\\Windows\\system32\\notepad.exe\r\n\tCommandLine=notepad g:\\pass.csv","Category":"Command Lifecycle","Opcode":"Info","EventReceivedTime":1657287911,"SourceModuleName":"in_powershell","SourceModuleType":"im_msvistalog"}
<14>Jul  8 13:45:11 wrk-shasek.stackedpads.local PowerShell[0]: {"EventTime":1657287910,"Hostname":"wrk-shasek.stackedpads.local","Keywords":36028797018963968,"EventType":"INFO","SeverityValue":2,"Severity":"INFO","EventID":501,"SourceName":"PowerShell","Version":0,"Task":5,"OpcodeValue":0,"RecordNumber":4435,"ProcessID":0,"ThreadID":0,"Channel":"Windows PowerShell","Message":"Command \"PSConsoleHostReadLine\" is Stopped. \r\n\r\nDetails: \r\n\tNewCommandState=Stopped\r\n\r\n\tSequenceNumber=149\r\n\r\n\tHostName=ConsoleHost\r\n\tHostVersion=5.1.19041.1682\r\n\tHostId=42cdcba1-e8f1-4dd2-bc44-3932b9df9eed\r\n\tHostApplication=C:\\Windows\\System32\\WindowsPowerShell\\v1.0\\powershell.exe\r\n\tEngineVersion=5.1.19041.1682\r\n\tRunspaceId=401d1dde-7f2f-461c-ac0f-7d2718b0c594\r\n\tPipelineId=19\r\n\tCommandName=PSConsoleHostReadLine\r\n\tCommandType=Function\r\n\tScriptName=\r\n\tCommandPath=\r\n\tCommandLine=","Category":"Command Lifecycle","Opcode":"Info","EventReceivedTime":1657287911,"SourceModuleName":"in_powershell","SourceModuleType":"im_msvistalog"}
<14>Jul  8 13:45:11 wrk-shasek.stackedpads.local PowerShell[0]: {"EventTime":1657287910,"Hostname":"wrk-shasek.stackedpads.local","Keywords":36028797018963968,"EventType":"INFO","SeverityValue":2,"Severity":"INFO","EventID":501,"SourceName":"PowerShell","Version":0,"Task":5,"OpcodeValue":0,"RecordNumber":4442,"ProcessID":0,"ThreadID":0,"Channel":"Windows PowerShell","Message":"Command \"Out-Default\" is Stopped. \r\n\r\nDetails: \r\n\tNewCommandState=Stopped\r\n\r\n\tSequenceNumber=157\r\n\r\n\tHostName=ConsoleHost\r\n\tHostVersion=5.1.19041.1682\r\n\tHostId=42cdcba1-e8f1-4dd2-bc44-3932b9df9eed\r\n\tHostApplication=C:\\Windows\\System32\\WindowsPowerShell\\v1.0\\powershell.exe\r\n\tEngineVersion=5.1.19041.1682\r\n\tRunspaceId=401d1dde-7f2f-461c-ac0f-7d2718b0c594\r\n\tPipelineId=20\r\n\tCommandName=Out-Default\r\n\tCommandType=Cmdlet\r\n\tScriptName=\r\n\tCommandPath=\r\n\tCommandLine=","Category":"Command Lifecycle","Opcode":"Info","EventReceivedTime":1657287911,"SourceModuleName":"in_powershell","SourceModuleType":"im_msvistalog"}
<15>Jul  8 13:47:12 wrk-shasek.stackedpads.local Microsoft-Windows-PowerShell[2744]: {"EventTime":1657288031,"Hostname":"wrk-shasek.stackedpads.local","Keywords":0,"EventType":"VERBOSE","SeverityValue":1,"Severity":"DEBUG","EventID":4104,"SourceName":"Microsoft-Windows-PowerShell","ProviderGuid":"{A0C1853B-5C40-4B15-8766-3CF1C58F985A}","Version":1,"Task":2,"OpcodeValue":15,"RecordNumber":9709,"ActivityID":"{66883D06-FD3B-0001-1074-28DDCE92D801}","ProcessID":2744,"ThreadID":3592,"Channel":"Microsoft-Windows-PowerShell/Operational","Domain":"STACKEDPADS","AccountName":"tim.smith","UserID":"S-1-5-21-2264196694-1469429678-912427992-1107","AccountType":"User","Message":"Creating Scriptblock text (1 of 1):\r\n{ Set-StrictMode -Version 1; $_.ErrorCategory_Message }\r\n\r\nScriptBlock ID: 30917a25-5404-4fb4-89ce-1ba322220901\r\nPath: ","Category":"Execute a Remote Command","Opcode":"On create calls","MessageNumber":"1","MessageTotal":"1","ScriptBlockText":"{ Set-StrictMode -Version 1; $_.ErrorCategory_Message }","ScriptBlockId":"30917a25-5404-4fb4-89ce-1ba322220901","EventReceivedTime":1657288032,"SourceModuleName":"in_powershell","SourceModuleType":"im_msvistalog"}
<15>Jul  8 13:47:12 wrk-shasek.stackedpads.local Microsoft-Windows-PowerShell[2744]: {"EventTime":1657288031,"Hostname":"wrk-shasek.stackedpads.local","Keywords":0,"EventType":"VERBOSE","SeverityValue":1,"Severity":"DEBUG","EventID":4104,"SourceName":"Microsoft-Windows-PowerShell","ProviderGuid":"{A0C1853B-5C40-4B15-8766-3CF1C58F985A}","Version":1,"Task":2,"OpcodeValue":15,"RecordNumber":9690,"ActivityID":"{66883D06-FD3B-0001-0974-28DDCE92D801}","ProcessID":2744,"ThreadID":6748,"Channel":"Microsoft-Windows-PowerShell/Operational","Domain":"STACKEDPADS","AccountName":"tim.smith","UserID":"S-1-5-21-2264196694-1469429678-912427992-1107","AccountType":"User","Message":"Creating Scriptblock text (1 of 1):\r\n. .\\spray.ps1\r\n\r\nScriptBlock ID: b398bcdf-92d3-4c97-9bd3-2d6d2a06a9a5\r\nPath: ","Category":"Execute a Remote Command","Opcode":"On create calls","MessageNumber":"1","MessageTotal":"1","ScriptBlockText":". .\\spray.ps1","ScriptBlockId":"b398bcdf-92d3-4c97-9bd3-2d6d2a06a9a5","EventReceivedTime":1657288032,"SourceModuleName":"in_powershell","SourceModuleType":"im_msvistalog"}
<15>Jul  8 13:47:12 wrk-shasek.stackedpads.local Microsoft-Windows-PowerShell[2744]: {"EventTime":1657288031,"Hostname":"wrk-shasek.stackedpads.local","Keywords":0,"EventType":"VERBOSE","SeverityValue":1,"Severity":"DEBUG","EventID":4104,"SourceName":"Microsoft-Windows-PowerShell","ProviderGuid":"{A0C1853B-5C40-4B15-8766-3CF1C58F985A}","Version":1,"Task":2,"OpcodeValue":15,"RecordNumber":9746,"ActivityID":"{66883D06-FD3B-0000-8A78-28DDCE92D801}","ProcessID":2744,"ThreadID":6748,"Channel":"Microsoft-Windows-PowerShell/Operational","Domain":"STACKEDPADS","AccountName":"tim.smith","UserID":"S-1-5-21-2264196694-1469429678-912427992-1107","AccountType":"User","Message":"Creating Scriptblock text (1 of 1):\r\nprompt\r\n\r\nScriptBlock ID: a3a2eea5-5100-4d5f-920e-64cd4783eb69\r\nPath: ","Category":"Execute a Remote Command","Opcode":"On create calls","MessageNumber":"1","MessageTotal":"1","ScriptBlockText":"prompt","ScriptBlockId":"a3a2eea5-5100-4d5f-920e-64cd4783eb69","EventReceivedTime":1657288032,"SourceModuleName":"in_powershell","SourceModuleType":"im_msvistalog"}
<15>Jul  8 13:47:12 wrk-shasek.stackedpads.local Microsoft-Windows-PowerShell[2744]: {"EventTime":1657288031,"Hostname":"wrk-shasek.stackedpads.local","Keywords":0,"EventType":"VERBOSE","SeverityValue":1,"Severity":"DEBUG","EventID":4104,"SourceName":"Microsoft-Windows-PowerShell","ProviderGuid":"{A0C1853B-5C40-4B15-8766-3CF1C58F985A}","Version":1,"Task":2,"OpcodeValue":15,"RecordNumber":9732,"ActivityID":"{66883D06-FD3B-0000-8778-28DDCE92D801}","ProcessID":2744,"ThreadID":6748,"Channel":"Microsoft-Windows-PowerShell/Operational","Domain":"STACKEDPADS","AccountName":"tim.smith","UserID":"S-1-5-21-2264196694-1469429678-912427992-1107","AccountType":"User","Message":"Creating Scriptblock text (1 of 1):\r\n{ Set-StrictMode -Version 1; $_.ErrorCategory_Message }\r\n\r\nScriptBlock ID: 68f47d7a-0249-4842-b0f8-f895f8bccbb3\r\nPath: ","Category":"Execute a Remote Command","Opcode":"On create calls","MessageNumber":"1","MessageTotal":"1","ScriptBlockText":"{ Set-StrictMode -Version 1; $_.ErrorCategory_Message }","ScriptBlockId":"68f47d7a-0249-4842-b0f8-f895f8bccbb3","EventReceivedTime":1657288032,"SourceModuleName":"in_powershell","SourceModuleType":"im_msvistalog"}
<15>Jul  8 13:47:12 wrk-shasek.stackedpads.local Microsoft-Windows-PowerShell[2744]: {"EventTime":1657288031,"Hostname":"wrk-shasek.stackedpads.local","Keywords":0,"EventType":"VERBOSE","SeverityValue":1,"Severity":"DEBUG","EventID":4104,"SourceName":"Microsoft-Windows-PowerShell","ProviderGuid":"{A0C1853B-5C40-4B15-8766-3CF1C58F985A}","Version":1,"Task":2,"OpcodeValue":15,"RecordNumber":9736,"ActivityID":"{66883D06-FD3B-0001-1B74-28DDCE92D801}","ProcessID":2744,"ThreadID":6748,"Channel":"Microsoft-Windows-PowerShell/Operational","Domain":"STACKEDPADS","AccountName":"tim.smith","UserID":"S-1-5-21-2264196694-1469429678-912427992-1107","AccountType":"User","Message":"Creating Scriptblock text (1 of 1):\r\n{ Set-StrictMode -Version 1; $_.OriginInfo }\r\n\r\nScriptBlock ID: 74f4f2a0-ad88-414a-b2b5-32d1fb4ba88e\r\nPath: ","Category":"Execute a Remote Command","Opcode":"On create calls","MessageNumber":"1","MessageTotal":"1","ScriptBlockText":"{ Set-StrictMode -Version 1; $_.OriginInfo }","ScriptBlockId":"74f4f2a0-ad88-414a-b2b5-32d1fb4ba88e","EventReceivedTime":1657288032,"SourceModuleName":"in_powershell","SourceModuleType":"im_msvistalog"}
<15>Jul  8 13:47:12 wrk-shasek.stackedpads.local Microsoft-Windows-PowerShell[2744]: {"EventTime":1657288031,"Hostname":"wrk-shasek.stackedpads.local","Keywords":0,"EventType":"VERBOSE","SeverityValue":1,"Severity":"DEBUG","EventID":4104,"SourceName":"Microsoft-Windows-PowerShell","ProviderGuid":"{A0C1853B-5C40-4B15-8766-3CF1C58F985A}","Version":1,"Task":2,"OpcodeValue":15,"RecordNumber":9726,"ActivityID":"{66883D06-FD3B-0001-1974-28DDCE92D801}","ProcessID":2744,"ThreadID":6748,"Channel":"Microsoft-Windows-PowerShell/Operational","Domain":"STACKEDPADS","AccountName":"tim.smith","UserID":"S-1-5-21-2264196694-1469429678-912427992-1107","AccountType":"User","Message":"Creating Scriptblock text (1 of 1):\r\n{ Set-StrictMode -Version 1; $this.Exception.InnerException.PSMessageDetails }\r\n\r\nScriptBlock ID: 944a9763-035e-42d1-8e7b-a3988c543d69\r\nPath: ","Category":"Execute a Remote Command","Opcode":"On create calls","MessageNumber":"1","MessageTotal":"1","ScriptBlockText":"{ Set-StrictMode -Version 1; $this.Exception.InnerException.PSMessageDetails }","ScriptBlockId":"944a9763-035e-42d1-8e7b-a3988c543d69","EventReceivedTime":1657288032,"SourceModuleName":"in_powershell","SourceModuleType":"im_msvistalog"}
<15>Jul  8 13:47:12 wrk-shasek.stackedpads.local Microsoft-Windows-PowerShell[2744]: {"EventTime":1657288031,"Hostname":"wrk-shasek.stackedpads.local","Keywords":0,"EventType":"VERBOSE","SeverityValue":1,"Severity":"DEBUG","EventID":4104,"SourceName":"Microsoft-Windows-PowerShell","ProviderGuid":"{A0C1853B-5C40-4B15-8766-3CF1C58F985A}","Version":1,"Task":2,"OpcodeValue":15,"RecordNumber":9703,"ActivityID":"{66883D06-FD3B-0000-8478-28DDCE92D801}","ProcessID":2744,"ThreadID":3592,"Channel":"Microsoft-Windows-PowerShell/Operational","Domain":"STACKEDPADS","AccountName":"tim.smith","UserID":"S-1-5-21-2264196694-1469429678-912427992-1107","AccountType":"User","Message":"Creating Scriptblock text (1 of 1):\r\n{ Set-StrictMode -Version 1; $this.Exception.InnerException.PSMessageDetails }\r\n\r\nScriptBlock ID: 45b1baf8-07eb-4f21-ad2b-02d51a39fd0d\r\nPath: ","Category":"Execute a Remote Command","Opcode":"On create calls","MessageNumber":"1","MessageTotal":"1","ScriptBlockText":"{ Set-StrictMode -Version 1; $this.Exception.InnerException.PSMessageDetails }","ScriptBlockId":"45b1baf8-07eb-4f21-ad2b-02d51a39fd0d","EventReceivedTime":1657288032,"SourceModuleName":"in_powershell","SourceModuleType":"im_msvistalog"}
<15>Jul  8 13:47:12 wrk-shasek.stackedpads.local Microsoft-Windows-PowerShell[2744]: {"EventTime":1657288031,"Hostname":"wrk-shasek.stackedpads.local","Keywords":0,"EventType":"VERBOSE","SeverityValue":1,"Severity":"DEBUG","EventID":4104,"SourceName":"Microsoft-Windows-PowerShell","ProviderGuid":"{A0C1853B-5C40-4B15-8766-3CF1C58F985A}","Version":1,"Task":2,"OpcodeValue":15,"RecordNumber":9722,"ActivityID":"{66883D06-FD3B-0001-1774-28DDCE92D801}","ProcessID":2744,"ThreadID":6748,"Channel":"Microsoft-Windows-PowerShell/Operational","Domain":"STACKEDPADS","AccountName":"tim.smith","UserID":"S-1-5-21-2264196694-1469429678-912427992-1107","AccountType":"User","Message":"Creating Scriptblock text (1 of 1):\r\n{ Set-StrictMode -Version 1; $_.PSMessageDetails }\r\n\r\nScriptBlock ID: 977e51ee-2389-42d4-995f-294efa9a824a\r\nPath: ","Category":"Execute a Remote Command","Opcode":"On create calls","MessageNumber":"1","MessageTotal":"1","ScriptBlockText":"{ Set-StrictMode -Version 1; $_.PSMessageDetails }","ScriptBlockId":"977e51ee-2389-42d4-995f-294efa9a824a","EventReceivedTime":1657288032,"SourceModuleName":"in_powershell","SourceModuleType":"im_msvistalog"}
<15>Jul  8 13:47:12 wrk-shasek.stackedpads.local Microsoft-Windows-PowerShell[2744]: {"EventTime":1657288031,"Hostname":"wrk-shasek.stackedpads.local","Keywords":0,"EventType":"VERBOSE","SeverityValue":1,"Severity":"DEBUG","EventID":4104,"SourceName":"Microsoft-Windows-PowerShell","ProviderGuid":"{A0C1853B-5C40-4B15-8766-3CF1C58F985A}","Version":1,"Task":2,"OpcodeValue":15,"RecordNumber":9713,"ActivityID":"{66883D06-FD3B-0001-1274-28DDCE92D801}","ProcessID":2744,"ThreadID":3592,"Channel":"Microsoft-Windows-PowerShell/Operational","Domain":"STACKEDPADS","AccountName":"tim.smith","UserID":"S-1-5-21-2264196694-1469429678-912427992-1107","AccountType":"User","Message":"Creating Scriptblock text (1 of 1):\r\n{ Set-StrictMode -Version 1; $_.OriginInfo }\r\n\r\nScriptBlock ID: ce6f8e5e-de26-4874-9a31-3bc7100c2bf1\r\nPath: ","Category":"Execute a Remote Command","Opcode":"On create calls","MessageNumber":"1","MessageTotal":"1","ScriptBlockText":"{ Set-StrictMode -Version 1; $_.OriginInfo }","ScriptBlockId":"ce6f8e5e-de26-4874-9a31-3bc7100c2bf1","EventReceivedTime":1657288032,"SourceModuleName":"in_powershell","SourceModuleType":"im_msvistalog"}
<15>Jul  8 13:47:12 wrk-shasek.stackedpads.local Microsoft-Windows-PowerShell[2744]: {"EventTime":1657288031,"Hostname":"wrk-shasek.stackedpads.local","Keywords":0,"EventType":"VERBOSE","SeverityValue":1,"Severity":"DEBUG","EventID":4104,"SourceName":"Microsoft-Windows-PowerShell","ProviderGuid":"{A0C1853B-5C40-4B15-8766-3CF1C58F985A}","Version":1,"Task":2,"OpcodeValue":15,"RecordNumber":9699,"ActivityID":"{66883D06-FD3B-0000-8278-28DDCE92D801}","ProcessID":2744,"ThreadID":3592,"Channel":"Microsoft-Windows-PowerShell/Operational","Domain":"STACKEDPADS","AccountName":"tim.smith","UserID":"S-1-5-21-2264196694-1469429678-912427992-1107","AccountType":"User","Message":"Creating Scriptblock text (1 of 1):\r\n{ Set-StrictMode -Version 1; $_.PSMessageDetails }\r\n\r\nScriptBlock ID: 1a419336-0689-495f-9e55-d4a16e7affa0\r\nPath: ","Category":"Execute a Remote Command","Opcode":"On create calls","MessageNumber":"1","MessageTotal":"1","ScriptBlockText":"{ Set-StrictMode -Version 1; $_.PSMessageDetails }","ScriptBlockId":"1a419336-0689-495f-9e55-d4a16e7affa0","EventReceivedTime":1657288032,"SourceModuleName":"in_powershell","SourceModuleType":"im_msvistalog"}
<14>Jul  8 13:47:12 wrk-shasek.stackedpads.local Microsoft-Windows-PowerShell[2744]: {"EventTime":1657288031,"Hostname":"wrk-shasek.stackedpads.local","Keywords":0,"EventType":"INFO","SeverityValue":2,"Severity":"INFO","EventID":4103,"SourceName":"Microsoft-Windows-PowerShell","ProviderGuid":"{A0C1853B-5C40-4B15-8766-3CF1C58F985A}","Version":1,"Task":106,"OpcodeValue":20,"RecordNumber":9738,"ActivityID":"{66883D06-FD3B-0001-1C74-28DDCE92D801}","ProcessID":2744,"ThreadID":6748,"Channel":"Microsoft-Windows-PowerShell/Operational","Domain":"STACKEDPADS","AccountName":"tim.smith","UserID":"S-1-5-21-2264196694-1469429678-912427992-1107","AccountType":"User","Message":"CommandInvocation(Set-StrictMode): \"Set-StrictMode\"\r\nParameterBinding(Set-StrictMode): name=\"Version\"; value=\"1.0\"\r\n\r\n\r\nContext:\r\n        Severity = Informational\r\n        Host Name = ConsoleHost\r\n        Host Version = 5.1.19041.1682\r\n        Host ID = 42cdcba1-e8f1-4dd2-bc44-3932b9df9eed\r\n        Host Application = C:\\Windows\\System32\\WindowsPowerShell\\v1.0\\powershell.exe\r\n        Engine Version = 5.1.19041.1682\r\n        Runspace ID = 401d1dde-7f2f-461c-ac0f-7d2718b0c594\r\n        Pipeline ID = 23\r\n        Command Name = Set-StrictMode\r\n        Command Type = Cmdlet\r\n        Script Name = \r\n        Command Path = \r\n        Sequence Number = 228\r\n        User = STACKEDPADS\\tim.smith\r\n        Connected User = \r\n        Shell ID = Microsoft.PowerShell\r\n\r\n\r\nUser Data:\r\n\r\n","Category":"Executing Pipeline","Opcode":"To be used when operation is just executing a method","ContextInfo":"        Severity = Informational\r\n        Host Name = ConsoleHost\r\n        Host Version = 5.1.19041.1682\r\n        Host ID = 42cdcba1-e8f1-4dd2-bc44-3932b9df9eed\r\n        Host Application = C:\\Windows\\System32\\WindowsPowerShell\\v1.0\\powershell.exe\r\n        Engine Version = 5.1.19041.1682\r\n        Runspace ID = 401d1dde-7f2f-461c-ac0f-7d2718b0c594\r\n        Pipeline ID = 23\r\n        Command Name = Set-StrictMode\r\n        Command Type = Cmdlet\r\n        Script Name = \r\n        Command Path = \r\n        Sequence Number = 228\r\n        User = STACKEDPADS\\tim.smith\r\n        Connected User = \r\n        Shell ID = Microsoft.PowerShell\r\n","Payload":"CommandInvocation(Set-StrictMode): \"Set-StrictMode\"\r\nParameterBinding(Set-StrictMode): name=\"Version\"; value=\"1.0\"\r\n","EventReceivedTime":1657288032,"SourceModuleName":"in_powershell","SourceModuleType":"im_msvistalog"}
<14>Jul  8 13:47:12 wrk-shasek.stackedpads.local Microsoft-Windows-PowerShell[2744]: {"EventTime":1657288031,"Hostname":"wrk-shasek.stackedpads.local","Keywords":0,"EventType":"INFO","SeverityValue":2,"Severity":"INFO","EventID":4103,"SourceName":"Microsoft-Windows-PowerShell","ProviderGuid":"{A0C1853B-5C40-4B15-8766-3CF1C58F985A}","Version":1,"Task":106,"OpcodeValue":20,"RecordNumber":9711,"ActivityID":"{66883D06-FD3B-0001-1174-28DDCE92D801}","ProcessID":2744,"ThreadID":3592,"Channel":"Microsoft-Windows-PowerShell/Operational","Domain":"STACKEDPADS","AccountName":"tim.smith","UserID":"S-1-5-21-2264196694-1469429678-912427992-1107","AccountType":"User","Message":"CommandInvocation(Set-StrictMode): \"Set-StrictMode\"\r\nParameterBinding(Set-StrictMode): name=\"Version\"; value=\"1.0\"\r\n\r\n\r\nContext:\r\n        Severity = Informational\r\n        Host Name = Default Host\r\n        Host Version = 5.1.19041.1682\r\n        Host ID = c8eac9d8-917d-4f1f-8617-26beea7873ec\r\n        Host Application = C:\\Windows\\System32\\WindowsPowerShell\\v1.0\\powershell.exe\r\n        Engine Version = 5.1.19041.1682\r\n        Runspace ID = 3022aa2a-80d5-4d4c-ae33-25963ee66be8\r\n        Pipeline ID = 1\r\n        Command Name = Set-StrictMode\r\n        Command Type = Cmdlet\r\n        Script Name = \r\n        Command Path = \r\n        Sequence Number = 199\r\n        User = STACKEDPADS\\tim.smith\r\n        Connected User = \r\n        Shell ID = Microsoft.PowerShell\r\n\r\n\r\nUser Data:\r\n\r\n","Category":"Executing Pipeline","Opcode":"To be used when operation is just executing a method","ContextInfo":"        Severity = Informational\r\n        Host Name = Default Host\r\n        Host Version = 5.1.19041.1682\r\n        Host ID = c8eac9d8-917d-4f1f-8617-26beea7873ec\r\n        Host Application = C:\\Windows\\System32\\WindowsPowerShell\\v1.0\\powershell.exe\r\n        Engine Version = 5.1.19041.1682\r\n        Runspace ID = 3022aa2a-80d5-4d4c-ae33-25963ee66be8\r\n        Pipeline ID = 1\r\n        Command Name = Set-StrictMode\r\n        Command Type = Cmdlet\r\n        Script Name = \r\n        Command Path = \r\n        Sequence Number = 199\r\n        User = STACKEDPADS\\tim.smith\r\n        Connected User = \r\n        Shell ID = Microsoft.PowerShell\r\n","Payload":"CommandInvocation(Set-StrictMode): \"Set-StrictMode\"\r\nParameterBinding(Set-StrictMode): name=\"Version\"; value=\"1.0\"\r\n","EventReceivedTime":1657288032,"SourceModuleName":"in_powershell","SourceModuleType":"im_msvistalog"}
<14>Jul  8 13:47:12 wrk-shasek.stackedpads.local Microsoft-Windows-PowerShell[2744]: {"EventTime":1657288031,"Hostname":"wrk-shasek.stackedpads.local","Keywords":0,"EventType":"INFO","SeverityValue":2,"Severity":"INFO","EventID":4103,"SourceName":"Microsoft-Windows-PowerShell","ProviderGuid":"{A0C1853B-5C40-4B15-8766-3CF1C58F985A}","Version":1,"Task":106,"OpcodeValue":20,"RecordNumber":9752,"ActivityID":"{66883D06-FD3B-0000-8F78-28DDCE92D801}","ProcessID":2744,"ThreadID":6748,"Channel":"Microsoft-Windows-PowerShell/Operational","Domain":"STACKEDPADS","AccountName":"tim.smith","UserID":"S-1-5-21-2264196694-1469429678-912427992-1107","AccountType":"User","Message":"CommandInvocation(Set-StrictMode): \"Set-StrictMode\"\r\nParameterBinding(Set-StrictMode): name=\"Off\"; value=\"True\"\r\n\r\n\r\nContext:\r\n        Severity = Informational\r\n        Host Name = ConsoleHost\r\n        Host Version = 5.1.19041.1682\r\n        Host ID = 42cdcba1-e8f1-4dd2-bc44-3932b9df9eed\r\n        Host Application = C:\\Windows\\System32\\WindowsPowerShell\\v1.0\\powershell.exe\r\n        Engine Version = 5.1.19041.1682\r\n        Runspace ID = 401d1dde-7f2f-461c-ac0f-7d2718b0c594\r\n        Pipeline ID = 25\r\n        Command Name = Set-StrictMode\r\n        Command Type = Cmdlet\r\n        Script Name = C:\\Program Files\\WindowsPowerShell\\Modules\\PSReadline\\2.0.0\\PSReadLine.psm1\r\n        Command Path = \r\n        Sequence Number = 254\r\n        User = STACKEDPADS\\tim.smith\r\n        Connected User = \r\n        Shell ID = Microsoft.PowerShell\r\n\r\n\r\nUser Data:\r\n\r\n","Category":"Executing Pipeline","Opcode":"To be used when operation is just executing a method","ContextInfo":"        Severity = Informational\r\n        Host Name = ConsoleHost\r\n        Host Version = 5.1.19041.1682\r\n        Host ID = 42cdcba1-e8f1-4dd2-bc44-3932b9df9eed\r\n        Host Application = C:\\Windows\\System32\\WindowsPowerShell\\v1.0\\powershell.exe\r\n        Engine Version = 5.1.19041.1682\r\n        Runspace ID = 401d1dde-7f2f-461c-ac0f-7d2718b0c594\r\n        Pipeline ID = 25\r\n        Command Name = Set-StrictMode\r\n        Command Type = Cmdlet\r\n        Script Name = C:\\Program Files\\WindowsPowerShell\\Modules\\PSReadline\\2.0.0\\PSReadLine.psm1\r\n        Command Path = \r\n        Sequence Number = 254\r\n        User = STACKEDPADS\\tim.smith\r\n        Connected User = \r\n        Shell ID = Microsoft.PowerShell\r\n","Payload":"CommandInvocation(Set-StrictMode): \"Set-StrictMode\"\r\nParameterBinding(Set-StrictMode): name=\"Off\"; value=\"True\"\r\n","EventReceivedTime":1657288032,"SourceModuleName":"in_powershell","SourceModuleType":"im_msvistalog"}
<14>Jul  8 13:47:12 wrk-shasek.stackedpads.local Microsoft-Windows-PowerShell[2744]: {"EventTime":1657288031,"Hostname":"wrk-shasek.stackedpads.local","Keywords":0,"EventType":"INFO","SeverityValue":2,"Severity":"INFO","EventID":4103,"SourceName":"Microsoft-Windows-PowerShell","ProviderGuid":"{A0C1853B-5C40-4B15-8766-3CF1C58F985A}","Version":1,"Task":106,"OpcodeValue":20,"RecordNumber":9705,"ActivityID":"{66883D06-FD3B-0000-8578-28DDCE92D801}","ProcessID":2744,"ThreadID":3592,"Channel":"Microsoft-Windows-PowerShell/Operational","Domain":"STACKEDPADS","AccountName":"tim.smith","UserID":"S-1-5-21-2264196694-1469429678-912427992-1107","AccountType":"User","Message":"CommandInvocation(Set-StrictMode): \"Set-StrictMode\"\r\nParameterBinding(Set-StrictMode): name=\"Version\"; value=\"1.0\"\r\n\r\n\r\nContext:\r\n        Severity = Informational\r\n        Host Name = Default Host\r\n        Host Version = 5.1.19041.1682\r\n        Host ID = c8eac9d8-917d-4f1f-8617-26beea7873ec\r\n        Host Application = C:\\Windows\\System32\\WindowsPowerShell\\v1.0\\powershell.exe\r\n        Engine Version = 5.1.19041.1682\r\n        Runspace ID = 3022aa2a-80d5-4d4c-ae33-25963ee66be8\r\n        Pipeline ID = 1\r\n        Command Name = Set-StrictMode\r\n        Command Type = Cmdlet\r\n        Script Name = \r\n        Command Path = \r\n        Sequence Number = 197\r\n        User = STACKEDPADS\\tim.smith\r\n        Connected User = \r\n        Shell ID = Microsoft.PowerShell\r\n\r\n\r\nUser Data:\r\n\r\n","Category":"Executing Pipeline","Opcode":"To be used when operation is just executing a method","ContextInfo":"        Severity = Informational\r\n        Host Name = Default Host\r\n        Host Version = 5.1.19041.1682\r\n        Host ID = c8eac9d8-917d-4f1f-8617-26beea7873ec\r\n        Host Application = C:\\Windows\\System32\\WindowsPowerShell\\v1.0\\powershell.exe\r\n        Engine Version = 5.1.19041.1682\r\n        Runspace ID = 3022aa2a-80d5-4d4c-ae33-25963ee66be8\r\n        Pipeline ID = 1\r\n        Command Name = Set-StrictMode\r\n        Command Type = Cmdlet\r\n        Script Name = \r\n        Command Path = \r\n        Sequence Number = 197\r\n        User = STACKEDPADS\\tim.smith\r\n        Connected User = \r\n        Shell ID = Microsoft.PowerShell\r\n","Payload":"CommandInvocation(Set-StrictMode): \"Set-StrictMode\"\r\nParameterBinding(Set-StrictMode): name=\"Version\"; value=\"1.0\"\r\n","EventReceivedTime":1657288032,"SourceModuleName":"in_powershell","SourceModuleType":"im_msvistalog"}
<14>Jul  8 13:47:12 wrk-shasek.stackedpads.local Microsoft-Windows-PowerShell[2744]: {"EventTime":1657288031,"Hostname":"wrk-shasek.stackedpads.local","Keywords":0,"EventType":"INFO","SeverityValue":2,"Severity":"INFO","EventID":4103,"SourceName":"Microsoft-Windows-PowerShell","ProviderGuid":"{A0C1853B-5C40-4B15-8766-3CF1C58F985A}","Version":1,"Task":106,"OpcodeValue":20,"RecordNumber":9728,"ActivityID":"{66883D06-FD3B-0001-1A74-28DDCE92D801}","ProcessID":2744,"ThreadID":6748,"Channel":"Microsoft-Windows-PowerShell/Operational","Domain":"STACKEDPADS","AccountName":"tim.smith","UserID":"S-1-5-21-2264196694-1469429678-912427992-1107","AccountType":"User","Message":"CommandInvocation(Set-StrictMode): \"Set-StrictMode\"\r\nParameterBinding(Set-StrictMode): name=\"Version\"; value=\"1.0\"\r\n\r\n\r\nContext:\r\n        Severity = Informational\r\n        Host Name = ConsoleHost\r\n        Host Version = 5.1.19041.1682\r\n        Host ID = 42cdcba1-e8f1-4dd2-bc44-3932b9df9eed\r\n        Host Application = C:\\Windows\\System32\\WindowsPowerShell\\v1.0\\powershell.exe\r\n        Engine Version = 5.1.19041.1682\r\n        Runspace ID = 401d1dde-7f2f-461c-ac0f-7d2718b0c594\r\n        Pipeline ID = 23\r\n        Command Name = Set-StrictMode\r\n        Command Type = Cmdlet\r\n        Script Name = \r\n        Command Path = \r\n        Sequence Number = 215\r\n        User = STACKEDPADS\\tim.smith\r\n        Connected User = \r\n        Shell ID = Microsoft.PowerShell\r\n\r\n\r\nUser Data:\r\n\r\n","Category":"Executing Pipeline","Opcode":"To be used when operation is just executing a method","ContextInfo":"        Severity = Informational\r\n        Host Name = ConsoleHost\r\n        Host Version = 5.1.19041.1682\r\n        Host ID = 42cdcba1-e8f1-4dd2-bc44-3932b9df9eed\r\n        Host Application = C:\\Windows\\System32\\WindowsPowerShell\\v1.0\\powershell.exe\r\n        Engine Version = 5.1.19041.1682\r\n        Runspace ID = 401d1dde-7f2f-461c-ac0f-7d2718b0c594\r\n        Pipeline ID = 23\r\n        Command Name = Set-StrictMode\r\n        Command Type = Cmdlet\r\n        Script Name = \r\n        Command Path = \r\n        Sequence Number = 215\r\n        User = STACKEDPADS\\tim.smith\r\n        Connected User = \r\n        Shell ID = Microsoft.PowerShell\r\n","Payload":"CommandInvocation(Set-StrictMode): \"Set-StrictMode\"\r\nParameterBinding(Set-StrictMode): name=\"Version\"; value=\"1.0\"\r\n","EventReceivedTime":1657288032,"SourceModuleName":"in_powershell","SourceModuleType":"im_msvistalog"}
<14>Jul  8 13:47:12 wrk-shasek.stackedpads.local Microsoft-Windows-PowerShell[2744]: {"EventTime":1657288031,"Hostname":"wrk-shasek.stackedpads.local","Keywords":0,"EventType":"INFO","SeverityValue":2,"Severity":"INFO","EventID":4103,"SourceName":"Microsoft-Windows-PowerShell","ProviderGuid":"{A0C1853B-5C40-4B15-8766-3CF1C58F985A}","Version":1,"Task":106,"OpcodeValue":20,"RecordNumber":9724,"ActivityID":"{66883D06-FD3B-0001-1874-28DDCE92D801}","ProcessID":2744,"ThreadID":6748,"Channel":"Microsoft-Windows-PowerShell/Operational","Domain":"STACKEDPADS","AccountName":"tim.smith","UserID":"S-1-5-21-2264196694-1469429678-912427992-1107","AccountType":"User","Message":"CommandInvocation(Set-StrictMode): \"Set-StrictMode\"\r\nParameterBinding(Set-StrictMode): name=\"Version\"; value=\"1.0\"\r\n\r\n\r\nContext:\r\n        Severity = Informational\r\n        Host Name = ConsoleHost\r\n        Host Version = 5.1.19041.1682\r\n        Host ID = 42cdcba1-e8f1-4dd2-bc44-3932b9df9eed\r\n        Host Application = C:\\Windows\\System32\\WindowsPowerShell\\v1.0\\powershell.exe\r\n        Engine Version = 5.1.19041.1682\r\n        Runspace ID = 401d1dde-7f2f-461c-ac0f-7d2718b0c594\r\n        Pipeline ID = 23\r\n        Command Name = Set-StrictMode\r\n        Command Type = Cmdlet\r\n        Script Name = \r\n        Command Path = \r\n        Sequence Number = 210\r\n        User = STACKEDPADS\\tim.smith\r\n        Connected User = \r\n        Shell ID = Microsoft.PowerShell\r\n\r\n\r\nUser Data:\r\n\r\n","Category":"Executing Pipeline","Opcode":"To be used when operation is just executing a method","ContextInfo":"        Severity = Informational\r\n        Host Name = ConsoleHost\r\n        Host Version = 5.1.19041.1682\r\n        Host ID = 42cdcba1-e8f1-4dd2-bc44-3932b9df9eed\r\n        Host Application = C:\\Windows\\System32\\WindowsPowerShell\\v1.0\\powershell.exe\r\n        Engine Version = 5.1.19041.1682\r\n        Runspace ID = 401d1dde-7f2f-461c-ac0f-7d2718b0c594\r\n        Pipeline ID = 23\r\n        Command Name = Set-StrictMode\r\n        Command Type = Cmdlet\r\n        Script Name = \r\n        Command Path = \r\n        Sequence Number = 210\r\n        User = STACKEDPADS\\tim.smith\r\n        Connected User = \r\n        Shell ID = Microsoft.PowerShell\r\n","Payload":"CommandInvocation(Set-StrictMode): \"Set-StrictMode\"\r\nParameterBinding(Set-StrictMode): name=\"Version\"; value=\"1.0\"\r\n","EventReceivedTime":1657288032,"SourceModuleName":"in_powershell","SourceModuleType":"im_msvistalog"}
<14>Jul  8 13:47:12 wrk-shasek.stackedpads.local Microsoft-Windows-PowerShell[2744]: {"EventTime":1657288031,"Hostname":"wrk-shasek.stackedpads.local","Keywords":0,"EventType":"INFO","SeverityValue":2,"Severity":"INFO","EventID":4103,"SourceName":"Microsoft-Windows-PowerShell","ProviderGuid":"{A0C1853B-5C40-4B15-8766-3CF1C58F985A}","Version":1,"Task":106,"OpcodeValue":20,"RecordNumber":9718,"ActivityID":"{66883D06-FD3B-0001-0D74-28DDCE92D801}","ProcessID":2744,"ThreadID":3592,"Channel":"Microsoft-Windows-PowerShell/Operational","Domain":"STACKEDPADS","AccountName":"tim.smith","UserID":"S-1-5-21-2264196694-1469429678-912427992-1107","AccountType":"User","Message":"CommandInvocation(Out-String): \"Out-String\"\r\nCommandInvocation(Out-Default): \"Out-Default\"\r\nParameterBinding(Out-Default): name=\"Transcript\"; value=\"True\"\r\nParameterBinding(Out-String): name=\"InputObject\"; value=\"The term '.\\spray.ps1' is not recognized as the name of a cmdlet, function, script file, or operable program. Check the spelling of the name, or if a path was included, verify that the path is correct and try again.\"\r\nParameterBinding(Out-Default): name=\"InputObject\"; value=\". : The term '.\\spray.ps1' is not recognized as the name of a cmdlet, function, script file, or operable program. Check \r\nthe spelling of the name, or if a path was included, verify that the path is correct and try again.\r\nAt line:1 char:3\r\n+ . .\\spray.ps1\r\n+   ~~~~~~~~~~~\r\n    + CategoryInfo          : ObjectNotFound: (.\\spray.ps1:String) [], CommandNotFoundException\r\n    + FullyQualifiedErrorId : CommandNotFoundException\r\n \r\n\"\r\n\r\n\r\nContext:\r\n        Severity = Informational\r\n        Host Name = Default Host\r\n        Host Version = 5.1.19041.1682\r\n        Host ID = c8eac9d8-917d-4f1f-8617-26beea7873ec\r\n        Host Application = C:\\Windows\\System32\\WindowsPowerShell\\v1.0\\powershell.exe\r\n        Engine Version = 5.1.19041.1682\r\n        Runspace ID = 3022aa2a-80d5-4d4c-ae33-25963ee66be8\r\n        Pipeline ID = 1\r\n        Command Name = Out-String\r\n        Command Type = Cmdlet\r\n        Script Name = \r\n        Command Path = \r\n        Sequence Number = 203\r\n        User = STACKEDPADS\\tim.smith\r\n        Connected User = \r\n        Shell ID = Microsoft.PowerShell\r\n\r\n\r\nUser Data:\r\n\r\n","Category":"Executing Pipeline","Opcode":"To be used when operation is just executing a method","ContextInfo":"        Severity = Informational\r\n        Host Name = Default Host\r\n        Host Version = 5.1.19041.1682\r\n        Host ID = c8eac9d8-917d-4f1f-8617-26beea7873ec\r\n        Host Application = C:\\Windows\\System32\\WindowsPowerShell\\v1.0\\powershell.exe\r\n        Engine Version = 5.1.19041.1682\r\n        Runspace ID = 3022aa2a-80d5-4d4c-ae33-25963ee66be8\r\n        Pipeline ID = 1\r\n        Command Name = Out-String\r\n        Command Type = Cmdlet\r\n        Script Name = \r\n        Command Path = \r\n        Sequence Number = 203\r\n        User = STACKEDPADS\\tim.smith\r\n        Connected User = \r\n        Shell ID = Microsoft.PowerShell\r\n","Payload":"CommandInvocation(Out-String): \"Out-String\"\r\nCommandInvocation(Out-Default): \"Out-Default\"\r\nParameterBinding(Out-Default): name=\"Transcript\"; value=\"True\"\r\nParameterBinding(Out-String): name=\"InputObject\"; value=\"The term '.\\spray.ps1' is not recognized as the name of a cmdlet, function, script file, or operable program. Check the spelling of the name, or if a path was included, verify that the path is correct and try again.\"\r\nParameterBinding(Out-Default): name=\"InputObject\"; value=\". : The term '.\\spray.ps1' is not recognized as the name of a cmdlet, function, script file, or operable program. Check \r\nthe spelling of the name, or if a path was included, verify that the path is correct and try again.\r\nAt line:1 char:3\r\n+ . .\\spray.ps1\r\n+   ~~~~~~~~~~~\r\n    + CategoryInfo          : ObjectNotFound: (.\\spray.ps1:String) [], CommandNotFoundException\r\n    + FullyQualifiedErrorId : CommandNotFoundException\r\n \r\n\"\r\n","EventReceivedTime":1657288032,"SourceModuleName":"in_powershell","SourceModuleType":"im_msvistalog"}
