<14>Jul  8 13:47:44 wrk-shasek.stackedpads.local Microsoft-Windows-PowerShell[2744]: {"EventTime":1657288062,"Hostname":"wrk-shasek.stackedpads.local","Keywords":0,"EventType":"INFO","SeverityValue":2,"Severity":"INFO","EventID":4103,"SourceName":"Microsoft-Windows-PowerShell","ProviderGuid":"{A0C1853B-5C40-4B15-8766-3CF1C58F985A}","Version":1,"Task":106,"OpcodeValue":20,"RecordNumber":9912,"ActivityID":"{66883D06-FD3B-0001-F374-28DDCE92D801}","ProcessID":2744,"ThreadID":6748,"Channel":"Microsoft-Windows-PowerShell/Operational","Domain":"STACKEDPADS","AccountName":"tim.smith","UserID":"S-1-5-21-2264196694-1469429678-912427992-1107","AccountType":"User","Message":"CommandInvocation(New-Object): \"New-Object\"\r\nParameterBinding(New-Object): name=\"TypeName\"; value=\"System.DirectoryServices.DirectoryEntry\"\r\nParameterBinding(New-Object): name=\"ArgumentList\"; value=\"LDAP://DC=stackedpads,DC=local, joyce.fielder, capital-01\"\r\n\r\n\r\nContext:\r\n        Severity = Informational\r\n        Host Name = ConsoleHost\r\n        Host Version = 5.1.19041.1682\r\n        Host ID = 42cdcba1-e8f1-4dd2-bc44-3932b9df9eed\r\n        Host Application = C:\\Windows\\System32\\WindowsPowerShell\\v1.0\\powershell.exe\r\n        Engine Version = 5.1.19041.1682\r\n        Runspace ID = 401d1dde-7f2f-461c-ac0f-7d2718b0c594\r\n        Pipeline ID = 32\r\n        Command Name = New-Object\r\n        Command Type = Cmdlet\r\n        Script Name = G:\\spray.ps1\r\n        Command Path = \r\n        Sequence Number = 509\r\n        User = STACKEDPADS\\tim.smith\r\n        Connected User = \r\n        Shell ID = Microsoft.PowerShell\r\n\r\n\r\nUser Data:\r\n\r\n","Category":"Executing Pipeline","Opcode":"To be used when operation is just executing a method","ContextInfo":"        Severity = Informational\r\n        Host Name = ConsoleHost\r\n        Host Version = 5.1.19041.1682\r\n        Host ID = 42cdcba1-e8f1-4dd2-bc44-3932b9df9eed\r\n        Host Application = C:\\Windows\\System32\\WindowsPowerShell\\v1.0\\powershell.exe\r\n        Engine Version = 5.1.19041.1682\r\n        Runspace ID = 401d1dde-7f2f-461c-ac0f-7d2718b0c594\r\n        Pipeline ID = 32\r\n        Command Name = New-Object\r\n        Command Type = Cmdlet\r\n        Script Name = G:\\spray.ps1\r\n        Command Path = \r\n        Sequence Number = 509\r\n        User = STACKEDPADS\\tim.smith\r\n        Connected User = \r\n        Shell ID = Microsoft.PowerShell\r\n","Payload":"CommandInvocation(New-Object): \"New-Object\"\r\nParameterBinding(New-Object): name=\"TypeName\"; value=\"System.DirectoryServices.DirectoryEntry\"\r\nParameterBinding(New-Object): name=\"ArgumentList\"; value=\"LDAP://DC=stackedpads,DC=local, joyce.fielder, capital-01\"\r\n","EventReceivedTime":1657288064,"SourceModuleName":"in_powershell","SourceModuleType":"im_msvistalog"}
<14>Jul  8 13:47:44 wrk-shasek.stackedpads.local Microsoft-Windows-PowerShell[2744]: {"EventTime":1657288062,"Hostname":"wrk-shasek.stackedpads.local","Keywords":0,"EventType":"INFO","SeverityValue":2,"Severity":"INFO","EventID":4103,"SourceName":"Microsoft-Windows-PowerShell","ProviderGuid":"{A0C1853B-5C40-4B15-8766-3CF1C58F985A}","Version":1,"Task":106,"OpcodeValue":20,"RecordNumber":9913,"ActivityID":"{66883D06-FD3B-0001-F474-28DDCE92D801}","ProcessID":2744,"ThreadID":6748,"Channel":"Microsoft-Windows-PowerShell/Operational","Domain":"STACKEDPADS","AccountName":"tim.smith","UserID":"S-1-5-21-2264196694-1469429678-912427992-1107","AccountType":"User","Message":"CommandInvocation(New-Object): \"New-Object\"\r\nParameterBinding(New-Object): name=\"TypeName\"; value=\"System.DirectoryServices.DirectoryEntry\"\r\nParameterBinding(New-Object): name=\"ArgumentList\"; value=\"LDAP://DC=stackedpads,DC=local, jeff.armstrong, capital-01\"\r\n\r\n\r\nContext:\r\n        Severity = Informational\r\n        Host Name = ConsoleHost\r\n        Host Version = 5.1.19041.1682\r\n        Host ID = 42cdcba1-e8f1-4dd2-bc44-3932b9df9eed\r\n        Host Application = C:\\Windows\\System32\\WindowsPowerShell\\v1.0\\powershell.exe\r\n        Engine Version = 5.1.19041.1682\r\n        Runspace ID = 401d1dde-7f2f-461c-ac0f-7d2718b0c594\r\n        Pipeline ID = 32\r\n        Command Name = New-Object\r\n        Command Type = Cmdlet\r\n        Script Name = G:\\spray.ps1\r\n        Command Path = \r\n        Sequence Number = 513\r\n        User = STACKEDPADS\\tim.smith\r\n        Connected User = \r\n        Shell ID = Microsoft.PowerShell\r\n\r\n\r\nUser Data:\r\n\r\n","Category":"Executing Pipeline","Opcode":"To be used when operation is just executing a method","ContextInfo":"        Severity = Informational\r\n        Host Name = ConsoleHost\r\n        Host Version = 5.1.19041.1682\r\n        Host ID = 42cdcba1-e8f1-4dd2-bc44-3932b9df9eed\r\n        Host Application = C:\\Windows\\System32\\WindowsPowerShell\\v1.0\\powershell.exe\r\n        Engine Version = 5.1.19041.1682\r\n        Runspace ID = 401d1dde-7f2f-461c-ac0f-7d2718b0c594\r\n        Pipeline ID = 32\r\n        Command Name = New-Object\r\n        Command Type = Cmdlet\r\n        Script Name = G:\\spray.ps1\r\n        Command Path = \r\n        Sequence Number = 513\r\n        User = STACKEDPADS\\tim.smith\r\n        Connected User = \r\n        Shell ID = Microsoft.PowerShell\r\n","Payload":"CommandInvocation(New-Object): \"New-Object\"\r\nParameterBinding(New-Object): name=\"TypeName\"; value=\"System.DirectoryServices.DirectoryEntry\"\r\nParameterBinding(New-Object): name=\"ArgumentList\"; value=\"LDAP://DC=stackedpads,DC=local, jeff.armstrong, capital-01\"\r\n","EventReceivedTime":1657288064,"SourceModuleName":"in_powershell","SourceModuleType":"im_msvistalog"}
<14>Jul  8 13:47:44 wrk-shasek.stackedpads.local Microsoft-Windows-PowerShell[2744]: {"EventTime":1657288062,"Hostname":"wrk-shasek.stackedpads.local","Keywords":0,"EventType":"INFO","SeverityValue":2,"Severity":"INFO","EventID":4103,"SourceName":"Microsoft-Windows-PowerShell","ProviderGuid":"{A0C1853B-5C40-4B15-8766-3CF1C58F985A}","Version":1,"Task":106,"OpcodeValue":20,"RecordNumber":9902,"ActivityID":"{66883D06-FD3B-0000-F778-28DDCE92D801}","ProcessID":2744,"ThreadID":6748,"Channel":"Microsoft-Windows-PowerShell/Operational","Domain":"STACKEDPADS","AccountName":"tim.smith","UserID":"S-1-5-21-2264196694-1469429678-912427992-1107","AccountType":"User","Message":"CommandInvocation(Get-Date): \"Get-Date\"\r\n\r\n\r\nContext:\r\n        Severity = Informational\r\n        Host Name = ConsoleHost\r\n        Host Version = 5.1.19041.1682\r\n        Host ID = 42cdcba1-e8f1-4dd2-bc44-3932b9df9eed\r\n        Host Application = C:\\Windows\\System32\\WindowsPowerShell\\v1.0\\powershell.exe\r\n        Engine Version = 5.1.19041.1682\r\n        Runspace ID = 401d1dde-7f2f-461c-ac0f-7d2718b0c594\r\n        Pipeline ID = 32\r\n        Command Name = Get-Date\r\n        Command Type = Cmdlet\r\n        Script Name = G:\\spray.ps1\r\n        Command Path = \r\n        Sequence Number = 469\r\n        User = STACKEDPADS\\tim.smith\r\n        Connected User = \r\n        Shell ID = Microsoft.PowerShell\r\n\r\n\r\nUser Data:\r\n\r\n","Category":"Executing Pipeline","Opcode":"To be used when operation is just executing a method","ContextInfo":"        Severity = Informational\r\n        Host Name = ConsoleHost\r\n        Host Version = 5.1.19041.1682\r\n        Host ID = 42cdcba1-e8f1-4dd2-bc44-3932b9df9eed\r\n        Host Application = C:\\Windows\\System32\\WindowsPowerShell\\v1.0\\powershell.exe\r\n        Engine Version = 5.1.19041.1682\r\n        Runspace ID = 401d1dde-7f2f-461c-ac0f-7d2718b0c594\r\n        Pipeline ID = 32\r\n        Command Name = Get-Date\r\n        Command Type = Cmdlet\r\n        Script Name = G:\\spray.ps1\r\n        Command Path = \r\n        Sequence Number = 469\r\n        User = STACKEDPADS\\tim.smith\r\n        Connected User = \r\n        Shell ID = Microsoft.PowerShell\r\n","Payload":"CommandInvocation(Get-Date): \"Get-Date\"\r\n","EventReceivedTime":1657288064,"SourceModuleName":"in_powershell","SourceModuleType":"im_msvistalog"}
<14>Jul  8 13:47:44 wrk-shasek.stackedpads.local Microsoft-Windows-PowerShell[2744]: {"EventTime":1657288062,"Hostname":"wrk-shasek.stackedpads.local","Keywords":0,"EventType":"INFO","SeverityValue":2,"Severity":"INFO","EventID":4103,"SourceName":"Microsoft-Windows-PowerShell","ProviderGuid":"{A0C1853B-5C40-4B15-8766-3CF1C58F985A}","Version":1,"Task":106,"OpcodeValue":20,"RecordNumber":9911,"ActivityID":"{66883D06-FD3B-0000-FB78-28DDCE92D801}","ProcessID":2744,"ThreadID":6748,"Channel":"Microsoft-Windows-PowerShell/Operational","Domain":"STACKEDPADS","AccountName":"tim.smith","UserID":"S-1-5-21-2264196694-1469429678-912427992-1107","AccountType":"User","Message":"CommandInvocation(New-Object): \"New-Object\"\r\nParameterBinding(New-Object): name=\"TypeName\"; value=\"System.DirectoryServices.DirectoryEntry\"\r\nParameterBinding(New-Object): name=\"ArgumentList\"; value=\"LDAP://DC=stackedpads,DC=local, dave.young, capital-01\"\r\n\r\n\r\nContext:\r\n        Severity = Informational\r\n        Host Name = ConsoleHost\r\n        Host Version = 5.1.19041.1682\r\n        Host ID = 42cdcba1-e8f1-4dd2-bc44-3932b9df9eed\r\n        Host Application = C:\\Windows\\System32\\WindowsPowerShell\\v1.0\\powershell.exe\r\n        Engine Version = 5.1.19041.1682\r\n        Runspace ID = 401d1dde-7f2f-461c-ac0f-7d2718b0c594\r\n        Pipeline ID = 32\r\n        Command Name = New-Object\r\n        Command Type = Cmdlet\r\n        Script Name = G:\\spray.ps1\r\n        Command Path = \r\n        Sequence Number = 505\r\n        User = STACKEDPADS\\tim.smith\r\n        Connected User = \r\n        Shell ID = Microsoft.PowerShell\r\n\r\n\r\nUser Data:\r\n\r\n","Category":"Executing Pipeline","Opcode":"To be used when operation is just executing a method","ContextInfo":"        Severity = Informational\r\n        Host Name = ConsoleHost\r\n        Host Version = 5.1.19041.1682\r\n        Host ID = 42cdcba1-e8f1-4dd2-bc44-3932b9df9eed\r\n        Host Application = C:\\Windows\\System32\\WindowsPowerShell\\v1.0\\powershell.exe\r\n        Engine Version = 5.1.19041.1682\r\n        Runspace ID = 401d1dde-7f2f-461c-ac0f-7d2718b0c594\r\n        Pipeline ID = 32\r\n        Command Name = New-Object\r\n        Command Type = Cmdlet\r\n        Script Name = G:\\spray.ps1\r\n        Command Path = \r\n        Sequence Number = 505\r\n        User = STACKEDPADS\\tim.smith\r\n        Connected User = \r\n        Shell ID = Microsoft.PowerShell\r\n","Payload":"CommandInvocation(New-Object): \"New-Object\"\r\nParameterBinding(New-Object): name=\"TypeName\"; value=\"System.DirectoryServices.DirectoryEntry\"\r\nParameterBinding(New-Object): name=\"ArgumentList\"; value=\"LDAP://DC=stackedpads,DC=local, dave.young, capital-01\"\r\n","EventReceivedTime":1657288064,"SourceModuleName":"in_powershell","SourceModuleType":"im_msvistalog"}
<14>Jul  8 13:47:44 wrk-shasek.stackedpads.local Microsoft-Windows-PowerShell[2744]: {"EventTime":1657288062,"Hostname":"wrk-shasek.stackedpads.local","Keywords":0,"EventType":"INFO","SeverityValue":2,"Severity":"INFO","EventID":4103,"SourceName":"Microsoft-Windows-PowerShell","ProviderGuid":"{A0C1853B-5C40-4B15-8766-3CF1C58F985A}","Version":1,"Task":106,"OpcodeValue":20,"RecordNumber":9915,"ActivityID":"{66883D06-FD3B-0001-F674-28DDCE92D801}","ProcessID":2744,"ThreadID":6748,"Channel":"Microsoft-Windows-PowerShell/Operational","Domain":"STACKEDPADS","AccountName":"tim.smith","UserID":"S-1-5-21-2264196694-1469429678-912427992-1107","AccountType":"User","Message":"CommandInvocation(New-Object): \"New-Object\"\r\nParameterBinding(New-Object): name=\"TypeName\"; value=\"System.DirectoryServices.DirectoryEntry\"\r\nParameterBinding(New-Object): name=\"ArgumentList\"; value=\"LDAP://DC=stackedpads,DC=local, steve.oneil, capital-01\"\r\n\r\n\r\nContext:\r\n        Severity = Informational\r\n        Host Name = ConsoleHost\r\n        Host Version = 5.1.19041.1682\r\n        Host ID = 42cdcba1-e8f1-4dd2-bc44-3932b9df9eed\r\n        Host Application = C:\\Windows\\System32\\WindowsPowerShell\\v1.0\\powershell.exe\r\n        Engine Version = 5.1.19041.1682\r\n        Runspace ID = 401d1dde-7f2f-461c-ac0f-7d2718b0c594\r\n        Pipeline ID = 32\r\n        Command Name = New-Object\r\n        Command Type = Cmdlet\r\n        Script Name = G:\\spray.ps1\r\n        Command Path = \r\n        Sequence Number = 521\r\n        User = STACKEDPADS\\tim.smith\r\n        Connected User = \r\n        Shell ID = Microsoft.PowerShell\r\n\r\n\r\nUser Data:\r\n\r\n","Category":"Executing Pipeline","Opcode":"To be used when operation is just executing a method","ContextInfo":"        Severity = Informational\r\n        Host Name = ConsoleHost\r\n        Host Version = 5.1.19041.1682\r\n        Host ID = 42cdcba1-e8f1-4dd2-bc44-3932b9df9eed\r\n        Host Application = C:\\Windows\\System32\\WindowsPowerShell\\v1.0\\powershell.exe\r\n        Engine Version = 5.1.19041.1682\r\n        Runspace ID = 401d1dde-7f2f-461c-ac0f-7d2718b0c594\r\n        Pipeline ID = 32\r\n        Command Name = New-Object\r\n        Command Type = Cmdlet\r\n        Script Name = G:\\spray.ps1\r\n        Command Path = \r\n        Sequence Number = 521\r\n        User = STACKEDPADS\\tim.smith\r\n        Connected User = \r\n        Shell ID = Microsoft.PowerShell\r\n","Payload":"CommandInvocation(New-Object): \"New-Object\"\r\nParameterBinding(New-Object): name=\"TypeName\"; value=\"System.DirectoryServices.DirectoryEntry\"\r\nParameterBinding(New-Object): name=\"ArgumentList\"; value=\"LDAP://DC=stackedpads,DC=local, steve.oneil, capital-01\"\r\n","EventReceivedTime":1657288064,"SourceModuleName":"in_powershell","SourceModuleType":"im_msvistalog"}
<14>Jul  8 13:47:44 wrk-shasek.stackedpads.local Microsoft-Windows-PowerShell[2744]: {"EventTime":1657288062,"Hostname":"wrk-shasek.stackedpads.local","Keywords":0,"EventType":"INFO","SeverityValue":2,"Severity":"INFO","EventID":4103,"SourceName":"Microsoft-Windows-PowerShell","ProviderGuid":"{A0C1853B-5C40-4B15-8766-3CF1C58F985A}","Version":1,"Task":106,"OpcodeValue":20,"RecordNumber":9917,"ActivityID":"{66883D06-FD3B-0000-FC78-28DDCE92D801}","ProcessID":2744,"ThreadID":6748,"Channel":"Microsoft-Windows-PowerShell/Operational","Domain":"STACKEDPADS","AccountName":"tim.smith","UserID":"S-1-5-21-2264196694-1469429678-912427992-1107","AccountType":"User","Message":"CommandInvocation(New-Object): \"New-Object\"\r\nParameterBinding(New-Object): name=\"TypeName\"; value=\"System.DirectoryServices.DirectoryEntry\"\r\nParameterBinding(New-Object): name=\"ArgumentList\"; value=\"LDAP://DC=stackedpads,DC=local, frank.kolzig, capital-01\"\r\n\r\n\r\nContext:\r\n        Severity = Informational\r\n        Host Name = ConsoleHost\r\n        Host Version = 5.1.19041.1682\r\n        Host ID = 42cdcba1-e8f1-4dd2-bc44-3932b9df9eed\r\n        Host Application = C:\\Windows\\System32\\WindowsPowerShell\\v1.0\\powershell.exe\r\n        Engine Version = 5.1.19041.1682\r\n        Runspace ID = 401d1dde-7f2f-461c-ac0f-7d2718b0c594\r\n        Pipeline ID = 32\r\n        Command Name = New-Object\r\n        Command Type = Cmdlet\r\n        Script Name = G:\\spray.ps1\r\n        Command Path = \r\n        Sequence Number = 529\r\n        User = STACKEDPADS\\tim.smith\r\n        Connected User = \r\n        Shell ID = Microsoft.PowerShell\r\n\r\n\r\nUser Data:\r\n\r\n","Category":"Executing Pipeline","Opcode":"To be used when operation is just executing a method","ContextInfo":"        Severity = Informational\r\n        Host Name = ConsoleHost\r\n        Host Version = 5.1.19041.1682\r\n        Host ID = 42cdcba1-e8f1-4dd2-bc44-3932b9df9eed\r\n        Host Application = C:\\Windows\\System32\\WindowsPowerShell\\v1.0\\powershell.exe\r\n        Engine Version = 5.1.19041.1682\r\n        Runspace ID = 401d1dde-7f2f-461c-ac0f-7d2718b0c594\r\n        Pipeline ID = 32\r\n        Command Name = New-Object\r\n        Command Type = Cmdlet\r\n        Script Name = G:\\spray.ps1\r\n        Command Path = \r\n        Sequence Number = 529\r\n        User = STACKEDPADS\\tim.smith\r\n        Connected User = \r\n        Shell ID = Microsoft.PowerShell\r\n","Payload":"CommandInvocation(New-Object): \"New-Object\"\r\nParameterBinding(New-Object): name=\"TypeName\"; value=\"System.DirectoryServices.DirectoryEntry\"\r\nParameterBinding(New-Object): name=\"ArgumentList\"; value=\"LDAP://DC=stackedpads,DC=local, frank.kolzig, capital-01\"\r\n","EventReceivedTime":1657288064,"SourceModuleName":"in_powershell","SourceModuleType":"im_msvistalog"}
<14>Jul  8 13:47:44 wrk-shasek.stackedpads.local Microsoft-Windows-PowerShell[2744]: {"EventTime":1657288062,"Hostname":"wrk-shasek.stackedpads.local","Keywords":0,"EventType":"INFO","SeverityValue":2,"Severity":"INFO","EventID":4103,"SourceName":"Microsoft-Windows-PowerShell","ProviderGuid":"{A0C1853B-5C40-4B15-8766-3CF1C58F985A}","Version":1,"Task":106,"OpcodeValue":20,"RecordNumber":9916,"ActivityID":"{66883D06-FD3B-0001-F774-28DDCE92D801}","ProcessID":2744,"ThreadID":6748,"Channel":"Microsoft-Windows-PowerShell/Operational","Domain":"STACKEDPADS","AccountName":"tim.smith","UserID":"S-1-5-21-2264196694-1469429678-912427992-1107","AccountType":"User","Message":"CommandInvocation(New-Object): \"New-Object\"\r\nParameterBinding(New-Object): name=\"TypeName\"; value=\"System.DirectoryServices.DirectoryEntry\"\r\nParameterBinding(New-Object): name=\"ArgumentList\"; value=\"LDAP://DC=stackedpads,DC=local, tyler.taylor, capital-01\"\r\n\r\n\r\nContext:\r\n        Severity = Informational\r\n        Host Name = ConsoleHost\r\n        Host Version = 5.1.19041.1682\r\n        Host ID = 42cdcba1-e8f1-4dd2-bc44-3932b9df9eed\r\n        Host Application = C:\\Windows\\System32\\WindowsPowerShell\\v1.0\\powershell.exe\r\n        Engine Version = 5.1.19041.1682\r\n        Runspace ID = 401d1dde-7f2f-461c-ac0f-7d2718b0c594\r\n        Pipeline ID = 32\r\n        Command Name = New-Object\r\n        Command Type = Cmdlet\r\n        Script Name = G:\\spray.ps1\r\n        Command Path = \r\n        Sequence Number = 525\r\n        User = STACKEDPADS\\tim.smith\r\n        Connected User = \r\n        Shell ID = Microsoft.PowerShell\r\n\r\n\r\nUser Data:\r\n\r\n","Category":"Executing Pipeline","Opcode":"To be used when operation is just executing a method","ContextInfo":"        Severity = Informational\r\n        Host Name = ConsoleHost\r\n        Host Version = 5.1.19041.1682\r\n        Host ID = 42cdcba1-e8f1-4dd2-bc44-3932b9df9eed\r\n        Host Application = C:\\Windows\\System32\\WindowsPowerShell\\v1.0\\powershell.exe\r\n        Engine Version = 5.1.19041.1682\r\n        Runspace ID = 401d1dde-7f2f-461c-ac0f-7d2718b0c594\r\n        Pipeline ID = 32\r\n        Command Name = New-Object\r\n        Command Type = Cmdlet\r\n        Script Name = G:\\spray.ps1\r\n        Command Path = \r\n        Sequence Number = 525\r\n        User = STACKEDPADS\\tim.smith\r\n        Connected User = \r\n        Shell ID = Microsoft.PowerShell\r\n","Payload":"CommandInvocation(New-Object): \"New-Object\"\r\nParameterBinding(New-Object): name=\"TypeName\"; value=\"System.DirectoryServices.DirectoryEntry\"\r\nParameterBinding(New-Object): name=\"ArgumentList\"; value=\"LDAP://DC=stackedpads,DC=local, tyler.taylor, capital-01\"\r\n","EventReceivedTime":1657288064,"SourceModuleName":"in_powershell","SourceModuleType":"im_msvistalog"}
<14>Jul  8 13:47:44 wrk-shasek.stackedpads.local Microsoft-Windows-PowerShell[2744]: {"EventTime":1657288062,"Hostname":"wrk-shasek.stackedpads.local","Keywords":0,"EventType":"INFO","SeverityValue":2,"Severity":"INFO","EventID":4103,"SourceName":"Microsoft-Windows-PowerShell","ProviderGuid":"{A0C1853B-5C40-4B15-8766-3CF1C58F985A}","Version":1,"Task":106,"OpcodeValue":20,"RecordNumber":9914,"ActivityID":"{66883D06-FD3B-0001-F574-28DDCE92D801}","ProcessID":2744,"ThreadID":6748,"Channel":"Microsoft-Windows-PowerShell/Operational","Domain":"STACKEDPADS","AccountName":"tim.smith","UserID":"S-1-5-21-2264196694-1469429678-912427992-1107","AccountType":"User","Message":"CommandInvocation(New-Object): \"New-Object\"\r\nParameterBinding(New-Object): name=\"TypeName\"; value=\"System.DirectoryServices.DirectoryEntry\"\r\nParameterBinding(New-Object): name=\"ArgumentList\"; value=\"LDAP://DC=stackedpads,DC=local, jane.rodgers, capital-01\"\r\n\r\n\r\nContext:\r\n        Severity = Informational\r\n        Host Name = ConsoleHost\r\n        Host Version = 5.1.19041.1682\r\n        Host ID = 42cdcba1-e8f1-4dd2-bc44-3932b9df9eed\r\n        Host Application = C:\\Windows\\System32\\WindowsPowerShell\\v1.0\\powershell.exe\r\n        Engine Version = 5.1.19041.1682\r\n        Runspace ID = 401d1dde-7f2f-461c-ac0f-7d2718b0c594\r\n        Pipeline ID = 32\r\n        Command Name = New-Object\r\n        Command Type = Cmdlet\r\n        Script Name = G:\\spray.ps1\r\n        Command Path = \r\n        Sequence Number = 517\r\n        User = STACKEDPADS\\tim.smith\r\n        Connected User = \r\n        Shell ID = Microsoft.PowerShell\r\n\r\n\r\nUser Data:\r\n\r\n","Category":"Executing Pipeline","Opcode":"To be used when operation is just executing a method","ContextInfo":"        Severity = Informational\r\n        Host Name = ConsoleHost\r\n        Host Version = 5.1.19041.1682\r\n        Host ID = 42cdcba1-e8f1-4dd2-bc44-3932b9df9eed\r\n        Host Application = C:\\Windows\\System32\\WindowsPowerShell\\v1.0\\powershell.exe\r\n        Engine Version = 5.1.19041.1682\r\n        Runspace ID = 401d1dde-7f2f-461c-ac0f-7d2718b0c594\r\n        Pipeline ID = 32\r\n        Command Name = New-Object\r\n        Command Type = Cmdlet\r\n        Script Name = G:\\spray.ps1\r\n        Command Path = \r\n        Sequence Number = 517\r\n        User = STACKEDPADS\\tim.smith\r\n        Connected User = \r\n        Shell ID = Microsoft.PowerShell\r\n","Payload":"CommandInvocation(New-Object): \"New-Object\"\r\nParameterBinding(New-Object): name=\"TypeName\"; value=\"System.DirectoryServices.DirectoryEntry\"\r\nParameterBinding(New-Object): name=\"ArgumentList\"; value=\"LDAP://DC=stackedpads,DC=local, jane.rodgers, capital-01\"\r\n","EventReceivedTime":1657288064,"SourceModuleName":"in_powershell","SourceModuleType":"im_msvistalog"}
<14>Jul  8 13:47:44 wrk-shasek.stackedpads.local Microsoft-Windows-PowerShell[2744]: {"EventTime":1657288062,"Hostname":"wrk-shasek.stackedpads.local","Keywords":0,"EventType":"INFO","SeverityValue":2,"Severity":"INFO","EventID":4103,"SourceName":"Microsoft-Windows-PowerShell","ProviderGuid":"{A0C1853B-5C40-4B15-8766-3CF1C58F985A}","Version":1,"Task":106,"OpcodeValue":20,"RecordNumber":9908,"ActivityID":"{66883D06-FD3B-0001-F074-28DDCE92D801}","ProcessID":2744,"ThreadID":6748,"Channel":"Microsoft-Windows-PowerShell/Operational","Domain":"STACKEDPADS","AccountName":"tim.smith","UserID":"S-1-5-21-2264196694-1469429678-912427992-1107","AccountType":"User","Message":"CommandInvocation(New-Object): \"New-Object\"\r\nParameterBinding(New-Object): name=\"TypeName\"; value=\"System.DirectoryServices.DirectoryEntry\"\r\nParameterBinding(New-Object): name=\"ArgumentList\"; value=\"LDAP://DC=stackedpads,DC=local, jack.white, capital-01\"\r\n\r\n\r\nContext:\r\n        Severity = Informational\r\n        Host Name = ConsoleHost\r\n        Host Version = 5.1.19041.1682\r\n        Host ID = 42cdcba1-e8f1-4dd2-bc44-3932b9df9eed\r\n        Host Application = C:\\Windows\\System32\\WindowsPowerShell\\v1.0\\powershell.exe\r\n        Engine Version = 5.1.19041.1682\r\n        Runspace ID = 401d1dde-7f2f-461c-ac0f-7d2718b0c594\r\n        Pipeline ID = 32\r\n        Command Name = New-Object\r\n        Command Type = Cmdlet\r\n        Script Name = G:\\spray.ps1\r\n        Command Path = \r\n        Sequence Number = 493\r\n        User = STACKEDPADS\\tim.smith\r\n        Connected User = \r\n        Shell ID = Microsoft.PowerShell\r\n\r\n\r\nUser Data:\r\n\r\n","Category":"Executing Pipeline","Opcode":"To be used when operation is just executing a method","ContextInfo":"        Severity = Informational\r\n        Host Name = ConsoleHost\r\n        Host Version = 5.1.19041.1682\r\n        Host ID = 42cdcba1-e8f1-4dd2-bc44-3932b9df9eed\r\n        Host Application = C:\\Windows\\System32\\WindowsPowerShell\\v1.0\\powershell.exe\r\n        Engine Version = 5.1.19041.1682\r\n        Runspace ID = 401d1dde-7f2f-461c-ac0f-7d2718b0c594\r\n        Pipeline ID = 32\r\n        Command Name = New-Object\r\n        Command Type = Cmdlet\r\n        Script Name = G:\\spray.ps1\r\n        Command Path = \r\n        Sequence Number = 493\r\n        User = STACKEDPADS\\tim.smith\r\n        Connected User = \r\n        Shell ID = Microsoft.PowerShell\r\n","Payload":"CommandInvocation(New-Object): \"New-Object\"\r\nParameterBinding(New-Object): name=\"TypeName\"; value=\"System.DirectoryServices.DirectoryEntry\"\r\nParameterBinding(New-Object): name=\"ArgumentList\"; value=\"LDAP://DC=stackedpads,DC=local, jack.white, capital-01\"\r\n","EventReceivedTime":1657288064,"SourceModuleName":"in_powershell","SourceModuleType":"im_msvistalog"}
<14>Jul  8 13:47:44 wrk-shasek.stackedpads.local Microsoft-Windows-PowerShell[2744]: {"EventTime":1657288062,"Hostname":"wrk-shasek.stackedpads.local","Keywords":0,"EventType":"INFO","SeverityValue":2,"Severity":"INFO","EventID":4103,"SourceName":"Microsoft-Windows-PowerShell","ProviderGuid":"{A0C1853B-5C40-4B15-8766-3CF1C58F985A}","Version":1,"Task":106,"OpcodeValue":20,"RecordNumber":9904,"ActivityID":"{66883D06-FD3B-0001-EE74-28DDCE92D801}","ProcessID":2744,"ThreadID":6748,"Channel":"Microsoft-Windows-PowerShell/Operational","Domain":"STACKEDPADS","AccountName":"tim.smith","UserID":"S-1-5-21-2264196694-1469429678-912427992-1107","AccountType":"User","Message":"CommandInvocation(New-Object): \"New-Object\"\r\nParameterBinding(New-Object): name=\"TypeName\"; value=\"System.Random\"\r\n\r\n\r\nContext:\r\n        Severity = Informational\r\n        Host Name = ConsoleHost\r\n        Host Version = 5.1.19041.1682\r\n        Host ID = 42cdcba1-e8f1-4dd2-bc44-3932b9df9eed\r\n        Host Application = C:\\Windows\\System32\\WindowsPowerShell\\v1.0\\powershell.exe\r\n        Engine Version = 5.1.19041.1682\r\n        Runspace ID = 401d1dde-7f2f-461c-ac0f-7d2718b0c594\r\n        Pipeline ID = 32\r\n        Command Name = New-Object\r\n        Command Type = Cmdlet\r\n        Script Name = G:\\spray.ps1\r\n        Command Path = \r\n        Sequence Number = 477\r\n        User = STACKEDPADS\\tim.smith\r\n        Connected User = \r\n        Shell ID = Microsoft.PowerShell\r\n\r\n\r\nUser Data:\r\n\r\n","Category":"Executing Pipeline","Opcode":"To be used when operation is just executing a method","ContextInfo":"        Severity = Informational\r\n        Host Name = ConsoleHost\r\n        Host Version = 5.1.19041.1682\r\n        Host ID = 42cdcba1-e8f1-4dd2-bc44-3932b9df9eed\r\n        Host Application = C:\\Windows\\System32\\WindowsPowerShell\\v1.0\\powershell.exe\r\n        Engine Version = 5.1.19041.1682\r\n        Runspace ID = 401d1dde-7f2f-461c-ac0f-7d2718b0c594\r\n        Pipeline ID = 32\r\n        Command Name = New-Object\r\n        Command Type = Cmdlet\r\n        Script Name = G:\\spray.ps1\r\n        Command Path = \r\n        Sequence Number = 477\r\n        User = STACKEDPADS\\tim.smith\r\n        Connected User = \r\n        Shell ID = Microsoft.PowerShell\r\n","Payload":"CommandInvocation(New-Object): \"New-Object\"\r\nParameterBinding(New-Object): name=\"TypeName\"; value=\"System.Random\"\r\n","EventReceivedTime":1657288064,"SourceModuleName":"in_powershell","SourceModuleType":"im_msvistalog"}
<14>Jul  8 13:47:44 wrk-shasek.stackedpads.local Microsoft-Windows-PowerShell[2744]: {"EventTime":1657288062,"Hostname":"wrk-shasek.stackedpads.local","Keywords":0,"EventType":"INFO","SeverityValue":2,"Severity":"INFO","EventID":4103,"SourceName":"Microsoft-Windows-PowerShell","ProviderGuid":"{A0C1853B-5C40-4B15-8766-3CF1C58F985A}","Version":1,"Task":106,"OpcodeValue":20,"RecordNumber":9909,"ActivityID":"{66883D06-FD3B-0001-F174-28DDCE92D801}","ProcessID":2744,"ThreadID":6748,"Channel":"Microsoft-Windows-PowerShell/Operational","Domain":"STACKEDPADS","AccountName":"tim.smith","UserID":"S-1-5-21-2264196694-1469429678-912427992-1107","AccountType":"User","Message":"CommandInvocation(New-Object): \"New-Object\"\r\nParameterBinding(New-Object): name=\"TypeName\"; value=\"System.DirectoryServices.DirectoryEntry\"\r\nParameterBinding(New-Object): name=\"ArgumentList\"; value=\"LDAP://DC=stackedpads,DC=local, ryan.lewis, capital-01\"\r\n\r\n\r\nContext:\r\n        Severity = Informational\r\n        Host Name = ConsoleHost\r\n        Host Version = 5.1.19041.1682\r\n        Host ID = 42cdcba1-e8f1-4dd2-bc44-3932b9df9eed\r\n        Host Application = C:\\Windows\\System32\\WindowsPowerShell\\v1.0\\powershell.exe\r\n        Engine Version = 5.1.19041.1682\r\n        Runspace ID = 401d1dde-7f2f-461c-ac0f-7d2718b0c594\r\n        Pipeline ID = 32\r\n        Command Name = New-Object\r\n        Command Type = Cmdlet\r\n        Script Name = G:\\spray.ps1\r\n        Command Path = \r\n        Sequence Number = 497\r\n        User = STACKEDPADS\\tim.smith\r\n        Connected User = \r\n        Shell ID = Microsoft.PowerShell\r\n\r\n\r\nUser Data:\r\n\r\n","Category":"Executing Pipeline","Opcode":"To be used when operation is just executing a method","ContextInfo":"        Severity = Informational\r\n        Host Name = ConsoleHost\r\n        Host Version = 5.1.19041.1682\r\n        Host ID = 42cdcba1-e8f1-4dd2-bc44-3932b9df9eed\r\n        Host Application = C:\\Windows\\System32\\WindowsPowerShell\\v1.0\\powershell.exe\r\n        Engine Version = 5.1.19041.1682\r\n        Runspace ID = 401d1dde-7f2f-461c-ac0f-7d2718b0c594\r\n        Pipeline ID = 32\r\n        Command Name = New-Object\r\n        Command Type = Cmdlet\r\n        Script Name = G:\\spray.ps1\r\n        Command Path = \r\n        Sequence Number = 497\r\n        User = STACKEDPADS\\tim.smith\r\n        Connected User = \r\n        Shell ID = Microsoft.PowerShell\r\n","Payload":"CommandInvocation(New-Object): \"New-Object\"\r\nParameterBinding(New-Object): name=\"TypeName\"; value=\"System.DirectoryServices.DirectoryEntry\"\r\nParameterBinding(New-Object): name=\"ArgumentList\"; value=\"LDAP://DC=stackedpads,DC=local, ryan.lewis, capital-01\"\r\n","EventReceivedTime":1657288064,"SourceModuleName":"in_powershell","SourceModuleType":"im_msvistalog"}
<14>Jul  8 13:47:44 wrk-shasek.stackedpads.local Microsoft-Windows-PowerShell[2744]: {"EventTime":1657288062,"Hostname":"wrk-shasek.stackedpads.local","Keywords":0,"EventType":"INFO","SeverityValue":2,"Severity":"INFO","EventID":4103,"SourceName":"Microsoft-Windows-PowerShell","ProviderGuid":"{A0C1853B-5C40-4B15-8766-3CF1C58F985A}","Version":1,"Task":106,"OpcodeValue":20,"RecordNumber":9900,"ActivityID":"{66883D06-FD3B-0001-E674-28DDCE92D801}","ProcessID":2744,"ThreadID":6748,"Channel":"Microsoft-Windows-PowerShell/Operational","Domain":"STACKEDPADS","AccountName":"tim.smith","UserID":"S-1-5-21-2264196694-1469429678-912427992-1107","AccountType":"User","Message":"CommandInvocation(Write-Host): \"Write-Host\"\r\nParameterBinding(Write-Host): name=\"ForegroundColor\"; value=\"Yellow\"\r\nParameterBinding(Write-Host): name=\"Object\"; value=\"[*] Password spraying has begun with , 25,  passwords\"\r\n\r\n\r\nContext:\r\n        Severity = Informational\r\n        Host Name = ConsoleHost\r\n        Host Version = 5.1.19041.1682\r\n        Host ID = 42cdcba1-e8f1-4dd2-bc44-3932b9df9eed\r\n        Host Application = C:\\Windows\\System32\\WindowsPowerShell\\v1.0\\powershell.exe\r\n        Engine Version = 5.1.19041.1682\r\n        Runspace ID = 401d1dde-7f2f-461c-ac0f-7d2718b0c594\r\n        Pipeline ID = 32\r\n        Command Name = Write-Host\r\n        Command Type = Cmdlet\r\n        Script Name = G:\\spray.ps1\r\n        Command Path = \r\n        Sequence Number = 460\r\n        User = STACKEDPADS\\tim.smith\r\n        Connected User = \r\n        Shell ID = Microsoft.PowerShell\r\n\r\n\r\nUser Data:\r\n\r\n","Category":"Executing Pipeline","Opcode":"To be used when operation is just executing a method","ContextInfo":"        Severity = Informational\r\n        Host Name = ConsoleHost\r\n        Host Version = 5.1.19041.1682\r\n        Host ID = 42cdcba1-e8f1-4dd2-bc44-3932b9df9eed\r\n        Host Application = C:\\Windows\\System32\\WindowsPowerShell\\v1.0\\powershell.exe\r\n        Engine Version = 5.1.19041.1682\r\n        Runspace ID = 401d1dde-7f2f-461c-ac0f-7d2718b0c594\r\n        Pipeline ID = 32\r\n        Command Name = Write-Host\r\n        Command Type = Cmdlet\r\n        Script Name = G:\\spray.ps1\r\n        Command Path = \r\n        Sequence Number = 460\r\n        User = STACKEDPADS\\tim.smith\r\n        Connected User = \r\n        Shell ID = Microsoft.PowerShell\r\n","Payload":"CommandInvocation(Write-Host): \"Write-Host\"\r\nParameterBinding(Write-Host): name=\"ForegroundColor\"; value=\"Yellow\"\r\nParameterBinding(Write-Host): name=\"Object\"; value=\"[*] Password spraying has begun with , 25,  passwords\"\r\n","EventReceivedTime":1657288064,"SourceModuleName":"in_powershell","SourceModuleType":"im_msvistalog"}
<14>Jul  8 13:47:44 wrk-shasek.stackedpads.local Microsoft-Windows-PowerShell[2744]: {"EventTime":1657288062,"Hostname":"wrk-shasek.stackedpads.local","Keywords":0,"EventType":"INFO","SeverityValue":2,"Severity":"INFO","EventID":4103,"SourceName":"Microsoft-Windows-PowerShell","ProviderGuid":"{A0C1853B-5C40-4B15-8766-3CF1C58F985A}","Version":1,"Task":106,"OpcodeValue":20,"RecordNumber":9907,"ActivityID":"{66883D06-FD3B-0000-FA78-28DDCE92D801}","ProcessID":2744,"ThreadID":6748,"Channel":"Microsoft-Windows-PowerShell/Operational","Domain":"STACKEDPADS","AccountName":"tim.smith","UserID":"S-1-5-21-2264196694-1469429678-912427992-1107","AccountType":"User","Message":"CommandInvocation(New-Object): \"New-Object\"\r\nParameterBinding(New-Object): name=\"TypeName\"; value=\"System.DirectoryServices.DirectoryEntry\"\r\nParameterBinding(New-Object): name=\"ArgumentList\"; value=\"LDAP://DC=stackedpads,DC=local, jerry.thompson, capital-01\"\r\n\r\n\r\nContext:\r\n        Severity = Informational\r\n        Host Name = ConsoleHost\r\n        Host Version = 5.1.19041.1682\r\n        Host ID = 42cdcba1-e8f1-4dd2-bc44-3932b9df9eed\r\n        Host Application = C:\\Windows\\System32\\WindowsPowerShell\\v1.0\\powershell.exe\r\n        Engine Version = 5.1.19041.1682\r\n        Runspace ID = 401d1dde-7f2f-461c-ac0f-7d2718b0c594\r\n        Pipeline ID = 32\r\n        Command Name = New-Object\r\n        Command Type = Cmdlet\r\n        Script Name = G:\\spray.ps1\r\n        Command Path = \r\n        Sequence Number = 489\r\n        User = STACKEDPADS\\tim.smith\r\n        Connected User = \r\n        Shell ID = Microsoft.PowerShell\r\n\r\n\r\nUser Data:\r\n\r\n","Category":"Executing Pipeline","Opcode":"To be used when operation is just executing a method","ContextInfo":"        Severity = Informational\r\n        Host Name = ConsoleHost\r\n        Host Version = 5.1.19041.1682\r\n        Host ID = 42cdcba1-e8f1-4dd2-bc44-3932b9df9eed\r\n        Host Application = C:\\Windows\\System32\\WindowsPowerShell\\v1.0\\powershell.exe\r\n        Engine Version = 5.1.19041.1682\r\n        Runspace ID = 401d1dde-7f2f-461c-ac0f-7d2718b0c594\r\n        Pipeline ID = 32\r\n        Command Name = New-Object\r\n        Command Type = Cmdlet\r\n        Script Name = G:\\spray.ps1\r\n        Command Path = \r\n        Sequence Number = 489\r\n        User = STACKEDPADS\\tim.smith\r\n        Connected User = \r\n        Shell ID = Microsoft.PowerShell\r\n","Payload":"CommandInvocation(New-Object): \"New-Object\"\r\nParameterBinding(New-Object): name=\"TypeName\"; value=\"System.DirectoryServices.DirectoryEntry\"\r\nParameterBinding(New-Object): name=\"ArgumentList\"; value=\"LDAP://DC=stackedpads,DC=local, jerry.thompson, capital-01\"\r\n","EventReceivedTime":1657288064,"SourceModuleName":"in_powershell","SourceModuleType":"im_msvistalog"}
<15>Jul  8 13:47:44 wrk-shasek.stackedpads.local Microsoft-Windows-PowerShell[2744]: {"EventTime":1657288062,"Hostname":"wrk-shasek.stackedpads.local","Keywords":0,"EventType":"VERBOSE","SeverityValue":1,"Severity":"DEBUG","EventID":4104,"SourceName":"Microsoft-Windows-PowerShell","ProviderGuid":"{A0C1853B-5C40-4B15-8766-3CF1C58F985A}","Version":1,"Task":2,"OpcodeValue":15,"RecordNumber":9918,"ActivityID":"{66883D06-FD3B-0000-0279-28DDCE92D801}","ProcessID":2744,"ThreadID":6748,"Channel":"Microsoft-Windows-PowerShell/Operational","Domain":"STACKEDPADS","AccountName":"tim.smith","UserID":"S-1-5-21-2264196694-1469429678-912427992-1107","AccountType":"User","Message":"Creating Scriptblock text (1 of 1):\r\nfunction Countdown-Timer\r\n{\r\n    param(\r\n        $Seconds = 1800,\r\n        $Message = \"[*] Pausing to avoid account lockout.\",\r\n        [switch] $Quiet = $False\r\n    )\r\n    if ($quiet)\r\n    {\r\n        Write-Host \"$Message Waiting for $($Seconds/60) minutes. $($Seconds - $Count)\"\r\n        Start-Sleep -Seconds $Seconds\r\n    } else {\r\n        foreach ($Count in (1..$Seconds))\r\n        {\r\n            Write-Progress -Id 1 -Activity $Message -Status \"Waiting for $($Seconds/60) minutes. $($Seconds - $Count) seconds remaining\" -PercentComplete (($Count / $Seconds) * 100)\r\n            Start-Sleep -Seconds 1\r\n        }\r\n        Write-Progress -Id 1 -Activity $Message -Status \"Completed\" -PercentComplete 100 -Completed\r\n    }\r\n}\r\n\r\nScriptBlock ID: a13e22ad-2e30-45b8-aee3-90077942ad45\r\nPath: G:\\spray.ps1","Category":"Execute a Remote Command","Opcode":"On create calls","MessageNumber":"1","MessageTotal":"1","ScriptBlockText":"function Countdown-Timer\r\n{\r\n    param(\r\n        $Seconds = 1800,\r\n        $Message = \"[*] Pausing to avoid account lockout.\",\r\n        [switch] $Quiet = $False\r\n    )\r\n    if ($quiet)\r\n    {\r\n        Write-Host \"$Message Waiting for $($Seconds/60) minutes. $($Seconds - $Count)\"\r\n        Start-Sleep -Seconds $Seconds\r\n    } else {\r\n        foreach ($Count in (1..$Seconds))\r\n        {\r\n            Write-Progress -Id 1 -Activity $Message -Status \"Waiting for $($Seconds/60) minutes. $($Seconds - $Count) seconds remaining\" -PercentComplete (($Count / $Seconds) * 100)\r\n            Start-Sleep -Seconds 1\r\n        }\r\n        Write-Progress -Id 1 -Activity $Message -Status \"Completed\" -PercentComplete 100 -Completed\r\n    }\r\n}","ScriptBlockId":"a13e22ad-2e30-45b8-aee3-90077942ad45","Path":"G:\\spray.ps1","EventReceivedTime":1657288064,"SourceModuleName":"in_powershell","SourceModuleType":"im_msvistalog"}
<14>Jul  8 13:47:43 wrk-shasek.stackedpads.local PowerShell[0]: {"EventTime":1657288062,"Hostname":"wrk-shasek.stackedpads.local","Keywords":36028797018963968,"EventType":"INFO","SeverityValue":2,"Severity":"INFO","EventID":800,"SourceName":"PowerShell","Version":0,"Task":8,"OpcodeValue":0,"RecordNumber":4718,"ProcessID":0,"ThreadID":0,"Channel":"Windows PowerShell","Message":"Pipeline execution details for command line:         $Domain_check = New-Object System.DirectoryServices.DirectoryEntry($Domain,$User,$Password)\r\n. \r\n\r\nContext Information: \r\n\tDetailSequence=1\r\n\tDetailTotal=1\r\n\r\n\tSequenceNumber=520\r\n\r\n\tUserId=STACKEDPADS\\tim.smith\r\n\tHostName=ConsoleHost\r\n\tHostVersion=5.1.19041.1682\r\n\tHostId=42cdcba1-e8f1-4dd2-bc44-3932b9df9eed\r\n\tHostApplication=C:\\Windows\\System32\\WindowsPowerShell\\v1.0\\powershell.exe\r\n\tEngineVersion=5.1.19041.1682\r\n\tRunspaceId=401d1dde-7f2f-461c-ac0f-7d2718b0c594\r\n\tPipelineId=32\r\n\tScriptName=G:\\spray.ps1\r\n\tCommandLine=        $Domain_check = New-Object System.DirectoryServices.DirectoryEntry($Domain,$User,$Password)\r\n \r\n\r\nDetails: \r\nCommandInvocation(New-Object): \"New-Object\"\r\nParameterBinding(New-Object): name=\"TypeName\"; value=\"System.DirectoryServices.DirectoryEntry\"\r\nParameterBinding(New-Object): name=\"ArgumentList\"; value=\"LDAP://DC=stackedpads,DC=local, steve.oneil, capital-01\"\r\n","Category":"Pipeline Execution Details","Opcode":"Info","EventReceivedTime":1657288063,"SourceModuleName":"in_powershell","SourceModuleType":"im_msvistalog"}
<14>Jul  8 13:47:43 wrk-shasek.stackedpads.local PowerShell[0]: {"EventTime":1657288062,"Hostname":"wrk-shasek.stackedpads.local","Keywords":36028797018963968,"EventType":"INFO","SeverityValue":2,"Severity":"INFO","EventID":500,"SourceName":"PowerShell","Version":0,"Task":5,"OpcodeValue":0,"RecordNumber":4698,"ProcessID":0,"ThreadID":0,"Channel":"Windows PowerShell","Message":"Command \"New-Object\" is Started. \r\n\r\nDetails: \r\n\tNewCommandState=Started\r\n\r\n\tSequenceNumber=494\r\n\r\n\tHostName=ConsoleHost\r\n\tHostVersion=5.1.19041.1682\r\n\tHostId=42cdcba1-e8f1-4dd2-bc44-3932b9df9eed\r\n\tHostApplication=C:\\Windows\\System32\\WindowsPowerShell\\v1.0\\powershell.exe\r\n\tEngineVersion=5.1.19041.1682\r\n\tRunspaceId=401d1dde-7f2f-461c-ac0f-7d2718b0c594\r\n\tPipelineId=32\r\n\tCommandName=New-Object\r\n\tCommandType=Cmdlet\r\n\tScriptName=G:\\spray.ps1\r\n\tCommandPath=\r\n\tCommandLine=        $Domain_check = New-Object System.DirectoryServices.DirectoryEntry($Domain,$User,$Password)\r\n","Category":"Command Lifecycle","Opcode":"Info","EventReceivedTime":1657288063,"SourceModuleName":"in_powershell","SourceModuleType":"im_msvistalog"}
<14>Jul  8 13:47:43 wrk-shasek.stackedpads.local PowerShell[0]: {"EventTime":1657288062,"Hostname":"wrk-shasek.stackedpads.local","Keywords":36028797018963968,"EventType":"INFO","SeverityValue":2,"Severity":"INFO","EventID":500,"SourceName":"PowerShell","Version":0,"Task":5,"OpcodeValue":0,"RecordNumber":4689,"ProcessID":0,"ThreadID":0,"Channel":"Windows PowerShell","Message":"Command \"New-Object\" is Started. \r\n\r\nDetails: \r\n\tNewCommandState=Started\r\n\r\n\tSequenceNumber=482\r\n\r\n\tHostName=ConsoleHost\r\n\tHostVersion=5.1.19041.1682\r\n\tHostId=42cdcba1-e8f1-4dd2-bc44-3932b9df9eed\r\n\tHostApplication=C:\\Windows\\System32\\WindowsPowerShell\\v1.0\\powershell.exe\r\n\tEngineVersion=5.1.19041.1682\r\n\tRunspaceId=401d1dde-7f2f-461c-ac0f-7d2718b0c594\r\n\tPipelineId=32\r\n\tCommandName=New-Object\r\n\tCommandType=Cmdlet\r\n\tScriptName=G:\\spray.ps1\r\n\tCommandPath=\r\n\tCommandLine=        $Domain_check = New-Object System.DirectoryServices.DirectoryEntry($Domain,$User,$Password)\r\n","Category":"Command Lifecycle","Opcode":"Info","EventReceivedTime":1657288063,"SourceModuleName":"in_powershell","SourceModuleType":"im_msvistalog"}
<14>Jul  8 13:47:43 wrk-shasek.stackedpads.local PowerShell[0]: {"EventTime":1657288062,"Hostname":"wrk-shasek.stackedpads.local","Keywords":36028797018963968,"EventType":"INFO","SeverityValue":2,"Severity":"INFO","EventID":501,"SourceName":"PowerShell","Version":0,"Task":5,"OpcodeValue":0,"RecordNumber":4687,"ProcessID":0,"ThreadID":0,"Channel":"Windows PowerShell","Message":"Command \"New-Object\" is Stopped. \r\n\r\nDetails: \r\n\tNewCommandState=Stopped\r\n\r\n\tSequenceNumber=479\r\n\r\n\tHostName=ConsoleHost\r\n\tHostVersion=5.1.19041.1682\r\n\tHostId=42cdcba1-e8f1-4dd2-bc44-3932b9df9eed\r\n\tHostApplication=C:\\Windows\\System32\\WindowsPowerShell\\v1.0\\powershell.exe\r\n\tEngineVersion=5.1.19041.1682\r\n\tRunspaceId=401d1dde-7f2f-461c-ac0f-7d2718b0c594\r\n\tPipelineId=32\r\n\tCommandName=New-Object\r\n\tCommandType=Cmdlet\r\n\tScriptName=G:\\spray.ps1\r\n\tCommandPath=\r\n\tCommandLine=        $Domain_check = New-Object System.DirectoryServices.DirectoryEntry($Domain,$User,$Password)\r\n","Category":"Command Lifecycle","Opcode":"Info","EventReceivedTime":1657288063,"SourceModuleName":"in_powershell","SourceModuleType":"im_msvistalog"}
<14>Jul  8 13:47:43 wrk-shasek.stackedpads.local PowerShell[0]: {"EventTime":1657288062,"Hostname":"wrk-shasek.stackedpads.local","Keywords":36028797018963968,"EventType":"INFO","SeverityValue":2,"Severity":"INFO","EventID":500,"SourceName":"PowerShell","Version":0,"Task":5,"OpcodeValue":0,"RecordNumber":4673,"ProcessID":0,"ThreadID":0,"Channel":"Windows PowerShell","Message":"Command \"Write-Host\" is Started. \r\n\r\nDetails: \r\n\tNewCommandState=Started\r\n\r\n\tSequenceNumber=461\r\n\r\n\tHostName=ConsoleHost\r\n\tHostVersion=5.1.19041.1682\r\n\tHostId=42cdcba1-e8f1-4dd2-bc44-3932b9df9eed\r\n\tHostApplication=C:\\Windows\\System32\\WindowsPowerShell\\v1.0\\powershell.exe\r\n\tEngineVersion=5.1.19041.1682\r\n\tRunspaceId=401d1dde-7f2f-461c-ac0f-7d2718b0c594\r\n\tPipelineId=32\r\n\tCommandName=Write-Host\r\n\tCommandType=Cmdlet\r\n\tScriptName=G:\\spray.ps1\r\n\tCommandPath=\r\n\tCommandLine=    Write-Host \"[*] This might take a while depending on the total number of users\"\r\n","Category":"Command Lifecycle","Opcode":"Info","EventReceivedTime":1657288063,"SourceModuleName":"in_powershell","SourceModuleType":"im_msvistalog"}
<14>Jul  8 13:47:43 wrk-shasek.stackedpads.local PowerShell[0]: {"EventTime":1657288062,"Hostname":"wrk-shasek.stackedpads.local","Keywords":36028797018963968,"EventType":"INFO","SeverityValue":2,"Severity":"INFO","EventID":501,"SourceName":"PowerShell","Version":0,"Task":5,"OpcodeValue":0,"RecordNumber":4671,"ProcessID":0,"ThreadID":0,"Channel":"Windows PowerShell","Message":"Command \"Write-Host\" is Stopped. \r\n\r\nDetails: \r\n\tNewCommandState=Stopped\r\n\r\n\tSequenceNumber=458\r\n\r\n\tHostName=ConsoleHost\r\n\tHostVersion=5.1.19041.1682\r\n\tHostId=42cdcba1-e8f1-4dd2-bc44-3932b9df9eed\r\n\tHostApplication=C:\\Windows\\System32\\WindowsPowerShell\\v1.0\\powershell.exe\r\n\tEngineVersion=5.1.19041.1682\r\n\tRunspaceId=401d1dde-7f2f-461c-ac0f-7d2718b0c594\r\n\tPipelineId=32\r\n\tCommandName=Write-Host\r\n\tCommandType=Cmdlet\r\n\tScriptName=G:\\spray.ps1\r\n\tCommandPath=\r\n\tCommandLine=    Write-Host -ForegroundColor Yellow \"[*] Password spraying has begun with \" $Passwords.count \" passwords\"\r\n","Category":"Command Lifecycle","Opcode":"Info","EventReceivedTime":1657288063,"SourceModuleName":"in_powershell","SourceModuleType":"im_msvistalog"}
<14>Jul  8 13:47:43 wrk-shasek.stackedpads.local PowerShell[0]: {"EventTime":1657288062,"Hostname":"wrk-shasek.stackedpads.local","Keywords":36028797018963968,"EventType":"INFO","SeverityValue":2,"Severity":"INFO","EventID":500,"SourceName":"PowerShell","Version":0,"Task":5,"OpcodeValue":0,"RecordNumber":4692,"ProcessID":0,"ThreadID":0,"Channel":"Windows PowerShell","Message":"Command \"New-Object\" is Started. \r\n\r\nDetails: \r\n\tNewCommandState=Started\r\n\r\n\tSequenceNumber=486\r\n\r\n\tHostName=ConsoleHost\r\n\tHostVersion=5.1.19041.1682\r\n\tHostId=42cdcba1-e8f1-4dd2-bc44-3932b9df9eed\r\n\tHostApplication=C:\\Windows\\System32\\WindowsPowerShell\\v1.0\\powershell.exe\r\n\tEngineVersion=5.1.19041.1682\r\n\tRunspaceId=401d1dde-7f2f-461c-ac0f-7d2718b0c594\r\n\tPipelineId=32\r\n\tCommandName=New-Object\r\n\tCommandType=Cmdlet\r\n\tScriptName=G:\\spray.ps1\r\n\tCommandPath=\r\n\tCommandLine=        $Domain_check = New-Object System.DirectoryServices.DirectoryEntry($Domain,$User,$Password)\r\n","Category":"Command Lifecycle","Opcode":"Info","EventReceivedTime":1657288063,"SourceModuleName":"in_powershell","SourceModuleType":"im_msvistalog"}
<14>Jul  8 13:47:43 wrk-shasek.stackedpads.local PowerShell[0]: {"EventTime":1657288062,"Hostname":"wrk-shasek.stackedpads.local","Keywords":36028797018963968,"EventType":"INFO","SeverityValue":2,"Severity":"INFO","EventID":500,"SourceName":"PowerShell","Version":0,"Task":5,"OpcodeValue":0,"RecordNumber":4722,"ProcessID":0,"ThreadID":0,"Channel":"Windows PowerShell","Message":"Command \"New-Object\" is Started. \r\n\r\nDetails: \r\n\tNewCommandState=Started\r\n\r\n\tSequenceNumber=526\r\n\r\n\tHostName=ConsoleHost\r\n\tHostVersion=5.1.19041.1682\r\n\tHostId=42cdcba1-e8f1-4dd2-bc44-3932b9df9eed\r\n\tHostApplication=C:\\Windows\\System32\\WindowsPowerShell\\v1.0\\powershell.exe\r\n\tEngineVersion=5.1.19041.1682\r\n\tRunspaceId=401d1dde-7f2f-461c-ac0f-7d2718b0c594\r\n\tPipelineId=32\r\n\tCommandName=New-Object\r\n\tCommandType=Cmdlet\r\n\tScriptName=G:\\spray.ps1\r\n\tCommandPath=\r\n\tCommandLine=        $Domain_check = New-Object System.DirectoryServices.DirectoryEntry($Domain,$User,$Password)\r\n","Category":"Command Lifecycle","Opcode":"Info","EventReceivedTime":1657288063,"SourceModuleName":"in_powershell","SourceModuleType":"im_msvistalog"}
<14>Jul  8 13:47:43 wrk-shasek.stackedpads.local PowerShell[0]: {"EventTime":1657288062,"Hostname":"wrk-shasek.stackedpads.local","Keywords":36028797018963968,"EventType":"INFO","SeverityValue":2,"Severity":"INFO","EventID":501,"SourceName":"PowerShell","Version":0,"Task":5,"OpcodeValue":0,"RecordNumber":4678,"ProcessID":0,"ThreadID":0,"Channel":"Windows PowerShell","Message":"Command \"Get-Date\" is Stopped. \r\n\r\nDetails: \r\n\tNewCommandState=Stopped\r\n\r\n\tSequenceNumber=467\r\n\r\n\tHostName=ConsoleHost\r\n\tHostVersion=5.1.19041.1682\r\n\tHostId=42cdcba1-e8f1-4dd2-bc44-3932b9df9eed\r\n\tHostApplication=C:\\Windows\\System32\\WindowsPowerShell\\v1.0\\powershell.exe\r\n\tEngineVersion=5.1.19041.1682\r\n\tRunspaceId=401d1dde-7f2f-461c-ac0f-7d2718b0c594\r\n\tPipelineId=32\r\n\tCommandName=Get-Date\r\n\tCommandType=Cmdlet\r\n\tScriptName=G:\\spray.ps1\r\n\tCommandPath=\r\n\tCommandLine=    $time = Get-Date\r\n","Category":"Command Lifecycle","Opcode":"Info","EventReceivedTime":1657288063,"SourceModuleName":"in_powershell","SourceModuleType":"im_msvistalog"}
