<14>Jul  8 13:47:35 wrk-shasek.stackedpads.local PowerShell[0]: {"EventTime":1657288054,"Hostname":"wrk-shasek.stackedpads.local","Keywords":36028797018963968,"EventType":"INFO","SeverityValue":2,"Severity":"INFO","EventID":500,"SourceName":"PowerShell","Version":0,"Task":5,"OpcodeValue":0,"RecordNumber":4603,"ProcessID":0,"ThreadID":0,"Channel":"Windows PowerShell","Message":"Command \"out-lineoutput\" is Started. \r\n\r\nDetails: \r\n\tNewCommandState=Started\r\n\r\n\tSequenceNumber=366\r\n\r\n\tHostName=ConsoleHost\r\n\tHostVersion=5.1.19041.1682\r\n\tHostId=42cdcba1-e8f1-4dd2-bc44-3932b9df9eed\r\n\tHostApplication=C:\\Windows\\System32\\WindowsPowerShell\\v1.0\\powershell.exe\r\n\tEngineVersion=5.1.19041.1682\r\n\tRunspaceId=401d1dde-7f2f-461c-ac0f-7d2718b0c594\r\n\tPipelineId=32\r\n\tCommandName=out-lineoutput\r\n\tCommandType=Cmdlet\r\n\tScriptName=\r\n\tCommandPath=\r\n\tCommandLine=","Category":"Command Lifecycle","Opcode":"Info","EventReceivedTime":1657288055,"SourceModuleName":"in_powershell","SourceModuleType":"im_msvistalog"}
<14>Jul  8 13:47:35 wrk-shasek.stackedpads.local PowerShell[0]: {"EventTime":1657288054,"Hostname":"wrk-shasek.stackedpads.local","Keywords":36028797018963968,"EventType":"INFO","SeverityValue":2,"Severity":"INFO","EventID":400,"SourceName":"PowerShell","Version":0,"Task":4,"OpcodeValue":0,"RecordNumber":4597,"ProcessID":0,"ThreadID":0,"Channel":"Windows PowerShell","Message":"Engine state is changed from None to Available. \r\n\r\nDetails: \r\n\tNewEngineState=Available\r\n\tPreviousEngineState=None\r\n\r\n\tSequenceNumber=354\r\n\r\n\tHostName=Default Host\r\n\tHostVersion=5.1.19041.1682\r\n\tHostId=9dad8653-3f0a-4c31-aea4-987072d6148a\r\n\tHostApplication=C:\\Windows\\System32\\WindowsPowerShell\\v1.0\\powershell.exe\r\n\tEngineVersion=5.1.19041.1682\r\n\tRunspaceId=0a88ebf5-1d53-46f2-9dca-c1959855882d\r\n\tPipelineId=\r\n\tCommandName=\r\n\tCommandType=\r\n\tScriptName=\r\n\tCommandPath=\r\n\tCommandLine=","Category":"Engine Lifecycle","Opcode":"Info","EventReceivedTime":1657288055,"SourceModuleName":"in_powershell","SourceModuleType":"im_msvistalog"}
<15>Jul  8 13:47:35 wrk-shasek.stackedpads.local Microsoft-Windows-PowerShell[2744]: {"EventTime":1657288054,"Hostname":"wrk-shasek.stackedpads.local","Keywords":0,"EventType":"VERBOSE","SeverityValue":1,"Severity":"DEBUG","EventID":4105,"SourceName":"Microsoft-Windows-PowerShell","ProviderGuid":"{A0C1853B-5C40-4B15-8766-3CF1C58F985A}","Version":1,"Task":102,"OpcodeValue":15,"RecordNumber":9824,"ActivityID":"{66883D06-FD3B-0000-E978-28DDCE92D801}","ProcessID":2744,"ThreadID":3448,"Channel":"Microsoft-Windows-PowerShell/Operational","Domain":"STACKEDPADS","AccountName":"tim.smith","UserID":"S-1-5-21-2264196694-1469429678-912427992-1107","AccountType":"User","Message":"Started invocation of ScriptBlock ID: 7a2c7ec9-4fdb-4b4b-bef6-67b58faf6adb\r\nRunspace ID: 0a88ebf5-1d53-46f2-9dca-c1959855882d","Category":"Starting Command","Opcode":"On create calls","ScriptBlockId":"7a2c7ec9-4fdb-4b4b-bef6-67b58faf6adb","RunspaceId":"0a88ebf5-1d53-46f2-9dca-c1959855882d","EventReceivedTime":1657288055,"SourceModuleName":"in_powershell","SourceModuleType":"im_msvistalog"}
<14>Jul  8 13:47:35 wrk-shasek.stackedpads.local PowerShell[0]: {"EventTime":1657288054,"Hostname":"wrk-shasek.stackedpads.local","Keywords":36028797018963968,"EventType":"INFO","SeverityValue":2,"Severity":"INFO","EventID":501,"SourceName":"PowerShell","Version":0,"Task":5,"OpcodeValue":0,"RecordNumber":4639,"ProcessID":0,"ThreadID":0,"Channel":"Windows PowerShell","Message":"Command \"Set-StrictMode\" is Stopped. \r\n\r\nDetails: \r\n\tNewCommandState=Stopped\r\n\r\n\tSequenceNumber=418\r\n\r\n\tHostName=ConsoleHost\r\n\tHostVersion=5.1.19041.1682\r\n\tHostId=42cdcba1-e8f1-4dd2-bc44-3932b9df9eed\r\n\tHostApplication=C:\\Windows\\System32\\WindowsPowerShell\\v1.0\\powershell.exe\r\n\tEngineVersion=5.1.19041.1682\r\n\tRunspaceId=401d1dde-7f2f-461c-ac0f-7d2718b0c594\r\n\tPipelineId=32\r\n\tCommandName=Set-StrictMode\r\n\tCommandType=Cmdlet\r\n\tScriptName=\r\n\tCommandPath=\r\n\tCommandLine=                                        if ( & { Set-StrictMode -Version 1; $_.PSMessageDetails } ) {\r\n","Category":"Command Lifecycle","Opcode":"Info","EventReceivedTime":1657288055,"SourceModuleName":"in_powershell","SourceModuleType":"im_msvistalog"}
<15>Jul  8 13:47:35 wrk-shasek.stackedpads.local Microsoft-Windows-PowerShell[2744]: {"EventTime":1657288054,"Hostname":"wrk-shasek.stackedpads.local","Keywords":0,"EventType":"VERBOSE","SeverityValue":1,"Severity":"DEBUG","EventID":4105,"SourceName":"Microsoft-Windows-PowerShell","ProviderGuid":"{A0C1853B-5C40-4B15-8766-3CF1C58F985A}","Version":1,"Task":102,"OpcodeValue":15,"RecordNumber":9877,"ActivityID":"{66883D06-FD3B-0001-CA74-28DDCE92D801}","ProcessID":2744,"ThreadID":6748,"Channel":"Microsoft-Windows-PowerShell/Operational","Domain":"STACKEDPADS","AccountName":"tim.smith","UserID":"S-1-5-21-2264196694-1469429678-912427992-1107","AccountType":"User","Message":"Started invocation of ScriptBlock ID: edbb6806-c53c-4997-85cc-eeff76f652bd\r\nRunspace ID: 401d1dde-7f2f-461c-ac0f-7d2718b0c594","Category":"Starting Command","Opcode":"On create calls","ScriptBlockId":"edbb6806-c53c-4997-85cc-eeff76f652bd","RunspaceId":"401d1dde-7f2f-461c-ac0f-7d2718b0c594","EventReceivedTime":1657288055,"SourceModuleName":"in_powershell","SourceModuleType":"im_msvistalog"}
<14>Jul  8 13:47:35 wrk-shasek.stackedpads.local PowerShell[0]: {"EventTime":1657288054,"Hostname":"wrk-shasek.stackedpads.local","Keywords":36028797018963968,"EventType":"INFO","SeverityValue":2,"Severity":"INFO","EventID":800,"SourceName":"PowerShell","Version":0,"Task":8,"OpcodeValue":0,"RecordNumber":4599,"ProcessID":0,"ThreadID":0,"Channel":"Windows PowerShell","Message":"Pipeline execution details for command line: & { Set-StrictMode -Version 1; $this.Exception.InnerException.PSMessageDetails }. \r\n\r\nContext Information: \r\n\tDetailSequence=1\r\n\tDetailTotal=1\r\n\r\n\tSequenceNumber=358\r\n\r\n\tUserId=STACKEDPADS\\tim.smith\r\n\tHostName=Default Host\r\n\tHostVersion=5.1.19041.1682\r\n\tHostId=9dad8653-3f0a-4c31-aea4-987072d6148a\r\n\tHostApplication=C:\\Windows\\System32\\WindowsPowerShell\\v1.0\\powershell.exe\r\n\tEngineVersion=5.1.19041.1682\r\n\tRunspaceId=0a88ebf5-1d53-46f2-9dca-c1959855882d\r\n\tPipelineId=1\r\n\tScriptName=\r\n\tCommandLine=& { Set-StrictMode -Version 1; $this.Exception.InnerException.PSMessageDetails } \r\n\r\nDetails: \r\nCommandInvocation(Set-StrictMode): \"Set-StrictMode\"\r\nParameterBinding(Set-StrictMode): name=\"Version\"; value=\"1.0\"\r\n","Category":"Pipeline Execution Details","Opcode":"Info","EventReceivedTime":1657288055,"SourceModuleName":"in_powershell","SourceModuleType":"im_msvistalog"}
<14>Jul  8 13:47:35 wrk-shasek.stackedpads.local PowerShell[0]: {"EventTime":1657288054,"Hostname":"wrk-shasek.stackedpads.local","Keywords":36028797018963968,"EventType":"INFO","SeverityValue":2,"Severity":"INFO","EventID":800,"SourceName":"PowerShell","Version":0,"Task":8,"OpcodeValue":0,"RecordNumber":4574,"ProcessID":0,"ThreadID":0,"Channel":"Windows PowerShell","Message":"Pipeline execution details for command line:         $Passwords = Get-Content $PasswordList\r\n. \r\n\r\nContext Information: \r\n\tDetailSequence=1\r\n\tDetailTotal=1\r\n\r\n\tSequenceNumber=319\r\n\r\n\tUserId=STACKEDPADS\\tim.smith\r\n\tHostName=ConsoleHost\r\n\tHostVersion=5.1.19041.1682\r\n\tHostId=42cdcba1-e8f1-4dd2-bc44-3932b9df9eed\r\n\tHostApplication=C:\\Windows\\System32\\WindowsPowerShell\\v1.0\\powershell.exe\r\n\tEngineVersion=5.1.19041.1682\r\n\tRunspaceId=401d1dde-7f2f-461c-ac0f-7d2718b0c594\r\n\tPipelineId=32\r\n\tScriptName=G:\\spray.ps1\r\n\tCommandLine=        $Passwords = Get-Content $PasswordList\r\n \r\n\r\nDetails: \r\nCommandInvocation(Get-Content): \"Get-Content\"\r\nParameterBinding(Get-Content): name=\"Path\"; value=\"pass.csv\"\r\n","Category":"Pipeline Execution Details","Opcode":"Info","EventReceivedTime":1657288055,"SourceModuleName":"in_powershell","SourceModuleType":"im_msvistalog"}
<14>Jul  8 13:47:35 wrk-shasek.stackedpads.local PowerShell[0]: {"EventTime":1657288054,"Hostname":"wrk-shasek.stackedpads.local","Keywords":36028797018963968,"EventType":"INFO","SeverityValue":2,"Severity":"INFO","EventID":500,"SourceName":"PowerShell","Version":0,"Task":5,"OpcodeValue":0,"RecordNumber":4664,"ProcessID":0,"ThreadID":0,"Channel":"Windows PowerShell","Message":"Command \"New-Object\" is Started. \r\n\r\nDetails: \r\n\tNewCommandState=Started\r\n\r\n\tSequenceNumber=449\r\n\r\n\tHostName=ConsoleHost\r\n\tHostVersion=5.1.19041.1682\r\n\tHostId=42cdcba1-e8f1-4dd2-bc44-3932b9df9eed\r\n\tHostApplication=C:\\Windows\\System32\\WindowsPowerShell\\v1.0\\powershell.exe\r\n\tEngineVersion=5.1.19041.1682\r\n\tRunspaceId=401d1dde-7f2f-461c-ac0f-7d2718b0c594\r\n\tPipelineId=32\r\n\tCommandName=New-Object\r\n\tCommandType=Cmdlet\r\n\tScriptName=G:\\spray.ps1\r\n\tCommandPath=\r\n\tCommandLine=        $yes = New-Object System.Management.Automation.Host.ChoiceDescription \"&Yes\", `\r\n","Category":"Command Lifecycle","Opcode":"Info","EventReceivedTime":1657288055,"SourceModuleName":"in_powershell","SourceModuleType":"im_msvistalog"}
<14>Jul  8 13:47:35 wrk-shasek.stackedpads.local PowerShell[0]: {"EventTime":1657288054,"Hostname":"wrk-shasek.stackedpads.local","Keywords":36028797018963968,"EventType":"INFO","SeverityValue":2,"Severity":"INFO","EventID":500,"SourceName":"PowerShell","Version":0,"Task":5,"OpcodeValue":0,"RecordNumber":4652,"ProcessID":0,"ThreadID":0,"Channel":"Windows PowerShell","Message":"Command \"\" is Started. \r\n\r\nDetails: \r\n\tNewCommandState=Started\r\n\r\n\tSequenceNumber=434\r\n\r\n\tHostName=ConsoleHost\r\n\tHostVersion=5.1.19041.1682\r\n\tHostId=42cdcba1-e8f1-4dd2-bc44-3932b9df9eed\r\n\tHostApplication=C:\\Windows\\System32\\WindowsPowerShell\\v1.0\\powershell.exe\r\n\tEngineVersion=5.1.19041.1682\r\n\tRunspaceId=401d1dde-7f2f-461c-ac0f-7d2718b0c594\r\n\tPipelineId=32\r\n\tCommandName=\r\n\tCommandType=Script\r\n\tScriptName=\r\n\tCommandPath=\r\n\tCommandLine=                                        $originInfo = & { Set-StrictMode -Version 1; $_.OriginInfo }\r\n","Category":"Command Lifecycle","Opcode":"Info","EventReceivedTime":1657288055,"SourceModuleName":"in_powershell","SourceModuleType":"im_msvistalog"}
<14>Jul  8 13:47:35 wrk-shasek.stackedpads.local PowerShell[0]: {"EventTime":1657288054,"Hostname":"wrk-shasek.stackedpads.local","Keywords":36028797018963968,"EventType":"INFO","SeverityValue":2,"Severity":"INFO","EventID":500,"SourceName":"PowerShell","Version":0,"Task":5,"OpcodeValue":0,"RecordNumber":4615,"ProcessID":0,"ThreadID":0,"Channel":"Windows PowerShell","Message":"Command \"\" is Started. \r\n\r\nDetails: \r\n\tNewCommandState=Started\r\n\r\n\tSequenceNumber=380\r\n\r\n\tHostName=ConsoleHost\r\n\tHostVersion=5.1.19041.1682\r\n\tHostId=42cdcba1-e8f1-4dd2-bc44-3932b9df9eed\r\n\tHostApplication=C:\\Windows\\System32\\WindowsPowerShell\\v1.0\\powershell.exe\r\n\tEngineVersion=5.1.19041.1682\r\n\tRunspaceId=401d1dde-7f2f-461c-ac0f-7d2718b0c594\r\n\tPipelineId=32\r\n\tCommandName=\r\n\tCommandType=Script\r\n\tScriptName=\r\n\tCommandPath=\r\n\tCommandLine=                                        $errorCategoryMsg = & { Set-StrictMode -Version 1; $_.ErrorCategory_Message }\r\n","Category":"Command Lifecycle","Opcode":"Info","EventReceivedTime":1657288055,"SourceModuleName":"in_powershell","SourceModuleType":"im_msvistalog"}
<15>Jul  8 13:47:35 wrk-shasek.stackedpads.local Microsoft-Windows-PowerShell[2744]: {"EventTime":1657288054,"Hostname":"wrk-shasek.stackedpads.local","Keywords":0,"EventType":"VERBOSE","SeverityValue":1,"Severity":"DEBUG","EventID":4106,"SourceName":"Microsoft-Windows-PowerShell","ProviderGuid":"{A0C1853B-5C40-4B15-8766-3CF1C58F985A}","Version":1,"Task":103,"OpcodeValue":15,"RecordNumber":9885,"ActivityID":"{66883D06-FD3B-0001-DC74-28DDCE92D801}","ProcessID":2744,"ThreadID":6748,"Channel":"Microsoft-Windows-PowerShell/Operational","Domain":"STACKEDPADS","AccountName":"tim.smith","UserID":"S-1-5-21-2264196694-1469429678-912427992-1107","AccountType":"User","Message":"Completed invocation of ScriptBlock ID: 944a9763-035e-42d1-8e7b-a3988c543d69\r\nRunspace ID: 401d1dde-7f2f-461c-ac0f-7d2718b0c594","Category":"Stopping Command","Opcode":"On create calls","ScriptBlockId":"944a9763-035e-42d1-8e7b-a3988c543d69","RunspaceId":"401d1dde-7f2f-461c-ac0f-7d2718b0c594","EventReceivedTime":1657288055,"SourceModuleName":"in_powershell","SourceModuleType":"im_msvistalog"}
<14>Jul  8 13:47:35 wrk-shasek.stackedpads.local PowerShell[0]: {"EventTime":1657288054,"Hostname":"wrk-shasek.stackedpads.local","Keywords":36028797018963968,"EventType":"INFO","SeverityValue":2,"Severity":"INFO","EventID":501,"SourceName":"PowerShell","Version":0,"Task":5,"OpcodeValue":0,"RecordNumber":4573,"ProcessID":0,"ThreadID":0,"Channel":"Windows PowerShell","Message":"Command \"Get-Content\" is Stopped. \r\n\r\nDetails: \r\n\tNewCommandState=Stopped\r\n\r\n\tSequenceNumber=318\r\n\r\n\tHostName=ConsoleHost\r\n\tHostVersion=5.1.19041.1682\r\n\tHostId=42cdcba1-e8f1-4dd2-bc44-3932b9df9eed\r\n\tHostApplication=C:\\Windows\\System32\\WindowsPowerShell\\v1.0\\powershell.exe\r\n\tEngineVersion=5.1.19041.1682\r\n\tRunspaceId=401d1dde-7f2f-461c-ac0f-7d2718b0c594\r\n\tPipelineId=32\r\n\tCommandName=Get-Content\r\n\tCommandType=Cmdlet\r\n\tScriptName=G:\\spray.ps1\r\n\tCommandPath=\r\n\tCommandLine=        $Passwords = Get-Content $PasswordList\r\n","Category":"Command Lifecycle","Opcode":"Info","EventReceivedTime":1657288055,"SourceModuleName":"in_powershell","SourceModuleType":"im_msvistalog"}
<14>Jul  8 13:47:35 wrk-shasek.stackedpads.local PowerShell[0]: {"EventTime":1657288054,"Hostname":"wrk-shasek.stackedpads.local","Keywords":36028797018963968,"EventType":"INFO","SeverityValue":2,"Severity":"INFO","EventID":800,"SourceName":"PowerShell","Version":0,"Task":8,"OpcodeValue":0,"RecordNumber":4634,"ProcessID":0,"ThreadID":0,"Channel":"Windows PowerShell","Message":"Pipeline execution details for command line:                                         $errorCategoryMsg = & { Set-StrictMode -Version 1; $_.ErrorCategory_Message }\r\n. \r\n\r\nContext Information: \r\n\tDetailSequence=1\r\n\tDetailTotal=1\r\n\r\n\tSequenceNumber=410\r\n\r\n\tUserId=STACKEDPADS\\tim.smith\r\n\tHostName=Default Host\r\n\tHostVersion=5.1.19041.1682\r\n\tHostId=2be9ce07-29ee-4c8b-a4ec-c5a9dac12858\r\n\tHostApplication=C:\\Windows\\System32\\WindowsPowerShell\\v1.0\\powershell.exe\r\n\tEngineVersion=5.1.19041.1682\r\n\tRunspaceId=e54e667f-6b0f-4496-8c5c-ddb8f206e614\r\n\tPipelineId=1\r\n\tScriptName=\r\n\tCommandLine=                                        $errorCategoryMsg = & { Set-StrictMode -Version 1; $_.ErrorCategory_Message }\r\n \r\n\r\nDetails: \r\nCommandInvocation(Set-StrictMode): \"Set-StrictMode\"\r\nParameterBinding(Set-StrictMode): name=\"Version\"; value=\"1.0\"\r\n","Category":"Pipeline Execution Details","Opcode":"Info","EventReceivedTime":1657288055,"SourceModuleName":"in_powershell","SourceModuleType":"im_msvistalog"}
<14>Jul  8 13:47:35 wrk-shasek.stackedpads.local PowerShell[0]: {"EventTime":1657288054,"Hostname":"wrk-shasek.stackedpads.local","Keywords":36028797018963968,"EventType":"INFO","SeverityValue":2,"Severity":"INFO","EventID":500,"SourceName":"PowerShell","Version":0,"Task":5,"OpcodeValue":0,"RecordNumber":4653,"ProcessID":0,"ThreadID":0,"Channel":"Windows PowerShell","Message":"Command \"Set-StrictMode\" is Started. \r\n\r\nDetails: \r\n\tNewCommandState=Started\r\n\r\n\tSequenceNumber=435\r\n\r\n\tHostName=ConsoleHost\r\n\tHostVersion=5.1.19041.1682\r\n\tHostId=42cdcba1-e8f1-4dd2-bc44-3932b9df9eed\r\n\tHostApplication=C:\\Windows\\System32\\WindowsPowerShell\\v1.0\\powershell.exe\r\n\tEngineVersion=5.1.19041.1682\r\n\tRunspaceId=401d1dde-7f2f-461c-ac0f-7d2718b0c594\r\n\tPipelineId=32\r\n\tCommandName=Set-StrictMode\r\n\tCommandType=Cmdlet\r\n\tScriptName=\r\n\tCommandPath=\r\n\tCommandLine=                                        $originInfo = & { Set-StrictMode -Version 1; $_.OriginInfo }\r\n","Category":"Command Lifecycle","Opcode":"Info","EventReceivedTime":1657288055,"SourceModuleName":"in_powershell","SourceModuleType":"im_msvistalog"}
<15>Jul  8 13:47:35 wrk-shasek.stackedpads.local Microsoft-Windows-PowerShell[2744]: {"EventTime":1657288054,"Hostname":"wrk-shasek.stackedpads.local","Keywords":0,"EventType":"VERBOSE","SeverityValue":1,"Severity":"DEBUG","EventID":4106,"SourceName":"Microsoft-Windows-PowerShell","ProviderGuid":"{A0C1853B-5C40-4B15-8766-3CF1C58F985A}","Version":1,"Task":103,"OpcodeValue":15,"RecordNumber":9790,"ActivityID":"{66883D06-FD3B-0000-9E78-28DDCE92D801}","ProcessID":2744,"ThreadID":6748,"Channel":"Microsoft-Windows-PowerShell/Operational","Domain":"STACKEDPADS","AccountName":"tim.smith","UserID":"S-1-5-21-2264196694-1469429678-912427992-1107","AccountType":"User","Message":"Completed invocation of ScriptBlock ID: 7936ed09-d2b5-4075-8e17-80e9ff8fa2e2\r\nRunspace ID: 401d1dde-7f2f-461c-ac0f-7d2718b0c594","Category":"Stopping Command","Opcode":"On create calls","ScriptBlockId":"7936ed09-d2b5-4075-8e17-80e9ff8fa2e2","RunspaceId":"401d1dde-7f2f-461c-ac0f-7d2718b0c594","EventReceivedTime":1657288055,"SourceModuleName":"in_powershell","SourceModuleType":"im_msvistalog"}
<15>Jul  8 13:47:35 wrk-shasek.stackedpads.local Microsoft-Windows-PowerShell[2744]: {"EventTime":1657288054,"Hostname":"wrk-shasek.stackedpads.local","Keywords":0,"EventType":"VERBOSE","SeverityValue":1,"Severity":"DEBUG","EventID":4106,"SourceName":"Microsoft-Windows-PowerShell","ProviderGuid":"{A0C1853B-5C40-4B15-8766-3CF1C58F985A}","Version":1,"Task":103,"OpcodeValue":15,"RecordNumber":9822,"ActivityID":"{66883D06-FD3B-0001-C374-28DDCE92D801}","ProcessID":2744,"ThreadID":3448,"Channel":"Microsoft-Windows-PowerShell/Operational","Domain":"STACKEDPADS","AccountName":"tim.smith","UserID":"S-1-5-21-2264196694-1469429678-912427992-1107","AccountType":"User","Message":"Completed invocation of ScriptBlock ID: bcb266f4-633f-44bf-a65c-879506602deb\r\nRunspace ID: 0a88ebf5-1d53-46f2-9dca-c1959855882d","Category":"Stopping Command","Opcode":"On create calls","ScriptBlockId":"bcb266f4-633f-44bf-a65c-879506602deb","RunspaceId":"0a88ebf5-1d53-46f2-9dca-c1959855882d","EventReceivedTime":1657288055,"SourceModuleName":"in_powershell","SourceModuleType":"im_msvistalog"}
<14>Jul  8 13:47:35 wrk-shasek.stackedpads.local PowerShell[0]: {"EventTime":1657288054,"Hostname":"wrk-shasek.stackedpads.local","Keywords":36028797018963968,"EventType":"INFO","SeverityValue":2,"Severity":"INFO","EventID":600,"SourceName":"PowerShell","Version":0,"Task":6,"OpcodeValue":0,"RecordNumber":4629,"ProcessID":0,"ThreadID":0,"Channel":"Windows PowerShell","Message":"Provider \"Function\" is Started. \r\n\r\nDetails: \r\n\tProviderName=Function\r\n\tNewProviderState=Started\r\n\r\n\tSequenceNumber=400\r\n\r\n\tHostName=Default Host\r\n\tHostVersion=5.1.19041.1682\r\n\tHostId=2be9ce07-29ee-4c8b-a4ec-c5a9dac12858\r\n\tHostApplication=C:\\Windows\\System32\\WindowsPowerShell\\v1.0\\powershell.exe\r\n\tEngineVersion=\r\n\tRunspaceId=\r\n\tPipelineId=\r\n\tCommandName=\r\n\tCommandType=\r\n\tScriptName=\r\n\tCommandPath=\r\n\tCommandLine=","Category":"Provider Lifecycle","Opcode":"Info","EventReceivedTime":1657288055,"SourceModuleName":"in_powershell","SourceModuleType":"im_msvistalog"}
<14>Jul  8 13:47:35 wrk-shasek.stackedpads.local PowerShell[0]: {"EventTime":1657288054,"Hostname":"wrk-shasek.stackedpads.local","Keywords":36028797018963968,"EventType":"INFO","SeverityValue":2,"Severity":"INFO","EventID":501,"SourceName":"PowerShell","Version":0,"Task":5,"OpcodeValue":0,"RecordNumber":4607,"ProcessID":0,"ThreadID":0,"Channel":"Windows PowerShell","Message":"Command \"Set-StrictMode\" is Stopped. \r\n\r\nDetails: \r\n\tNewCommandState=Stopped\r\n\r\n\tSequenceNumber=370\r\n\r\n\tHostName=ConsoleHost\r\n\tHostVersion=5.1.19041.1682\r\n\tHostId=42cdcba1-e8f1-4dd2-bc44-3932b9df9eed\r\n\tHostApplication=C:\\Windows\\System32\\WindowsPowerShell\\v1.0\\powershell.exe\r\n\tEngineVersion=5.1.19041.1682\r\n\tRunspaceId=401d1dde-7f2f-461c-ac0f-7d2718b0c594\r\n\tPipelineId=32\r\n\tCommandName=Set-StrictMode\r\n\tCommandType=Cmdlet\r\n\tScriptName=\r\n\tCommandPath=\r\n\tCommandLine=                                        if ( & { Set-StrictMode -Version 1; $_.PSMessageDetails } ) {\r\n","Category":"Command Lifecycle","Opcode":"Info","EventReceivedTime":1657288055,"SourceModuleName":"in_powershell","SourceModuleType":"im_msvistalog"}
<14>Jul  8 13:47:35 wrk-shasek.stackedpads.local PowerShell[0]: {"EventTime":1657288054,"Hostname":"wrk-shasek.stackedpads.local","Keywords":36028797018963968,"EventType":"INFO","SeverityValue":2,"Severity":"INFO","EventID":500,"SourceName":"PowerShell","Version":0,"Task":5,"OpcodeValue":0,"RecordNumber":4587,"ProcessID":0,"ThreadID":0,"Channel":"Windows PowerShell","Message":"Command \"Write-Host\" is Started. \r\n\r\nDetails: \r\n\tNewCommandState=Started\r\n\r\n\tSequenceNumber=337\r\n\r\n\tHostName=ConsoleHost\r\n\tHostVersion=5.1.19041.1682\r\n\tHostId=42cdcba1-e8f1-4dd2-bc44-3932b9df9eed\r\n\tHostApplication=C:\\Windows\\System32\\WindowsPowerShell\\v1.0\\powershell.exe\r\n\tEngineVersion=5.1.19041.1682\r\n\tRunspaceId=401d1dde-7f2f-461c-ac0f-7d2718b0c594\r\n\tPipelineId=32\r\n\tCommandName=Write-Host\r\n\tCommandType=Cmdlet\r\n\tScriptName=G:\\spray.ps1\r\n\tCommandPath=\r\n\tCommandLine=        Write-Host -ForegroundColor Yellow \"[*] WARNING - Be very careful not to lock out accounts with the password list option!\"\r\n","Category":"Command Lifecycle","Opcode":"Info","EventReceivedTime":1657288055,"SourceModuleName":"in_powershell","SourceModuleType":"im_msvistalog"}
<14>Jul  8 13:47:35 wrk-shasek.stackedpads.local PowerShell[0]: {"EventTime":1657288054,"Hostname":"wrk-shasek.stackedpads.local","Keywords":36028797018963968,"EventType":"INFO","SeverityValue":2,"Severity":"INFO","EventID":800,"SourceName":"PowerShell","Version":0,"Task":8,"OpcodeValue":0,"RecordNumber":4612,"ProcessID":0,"ThreadID":0,"Channel":"Windows PowerShell","Message":"Pipeline execution details for command line: & { Set-StrictMode -Version 1; $this.Exception.InnerException.PSMessageDetails }. \r\n\r\nContext Information: \r\n\tDetailSequence=1\r\n\tDetailTotal=1\r\n\r\n\tSequenceNumber=376\r\n\r\n\tUserId=STACKEDPADS\\tim.smith\r\n\tHostName=ConsoleHost\r\n\tHostVersion=5.1.19041.1682\r\n\tHostId=42cdcba1-e8f1-4dd2-bc44-3932b9df9eed\r\n\tHostApplication=C:\\Windows\\System32\\WindowsPowerShell\\v1.0\\powershell.exe\r\n\tEngineVersion=5.1.19041.1682\r\n\tRunspaceId=401d1dde-7f2f-461c-ac0f-7d2718b0c594\r\n\tPipelineId=32\r\n\tScriptName=\r\n\tCommandLine=& { Set-StrictMode -Version 1; $this.Exception.InnerException.PSMessageDetails } \r\n\r\nDetails: \r\nCommandInvocation(Set-StrictMode): \"Set-StrictMode\"\r\nParameterBinding(Set-StrictMode): name=\"Version\"; value=\"1.0\"\r\n","Category":"Pipeline Execution Details","Opcode":"Info","EventReceivedTime":1657288055,"SourceModuleName":"in_powershell","SourceModuleType":"im_msvistalog"}
<15>Jul  8 13:47:35 wrk-shasek.stackedpads.local Microsoft-Windows-PowerShell[2744]: {"EventTime":1657288054,"Hostname":"wrk-shasek.stackedpads.local","Keywords":0,"EventType":"VERBOSE","SeverityValue":1,"Severity":"DEBUG","EventID":4106,"SourceName":"Microsoft-Windows-PowerShell","ProviderGuid":"{A0C1853B-5C40-4B15-8766-3CF1C58F985A}","Version":1,"Task":103,"OpcodeValue":15,"RecordNumber":9875,"ActivityID":"{66883D06-FD3B-0001-D574-28DDCE92D801}","ProcessID":2744,"ThreadID":1200,"Channel":"Microsoft-Windows-PowerShell/Operational","Domain":"STACKEDPADS","AccountName":"tim.smith","UserID":"S-1-5-21-2264196694-1469429678-912427992-1107","AccountType":"User","Message":"Completed invocation of ScriptBlock ID: 927e5a95-5292-4048-95e5-dfdab723a7ab\r\nRunspace ID: e54e667f-6b0f-4496-8c5c-ddb8f206e614","Category":"Stopping Command","Opcode":"On create calls","ScriptBlockId":"927e5a95-5292-4048-95e5-dfdab723a7ab","RunspaceId":"e54e667f-6b0f-4496-8c5c-ddb8f206e614","EventReceivedTime":1657288055,"SourceModuleName":"in_powershell","SourceModuleType":"im_msvistalog"}
<14>Jul  8 13:47:35 wrk-shasek.stackedpads.local PowerShell[0]: {"EventTime":1657288054,"Hostname":"wrk-shasek.stackedpads.local","Keywords":36028797018963968,"EventType":"INFO","SeverityValue":2,"Severity":"INFO","EventID":500,"SourceName":"PowerShell","Version":0,"Task":5,"OpcodeValue":0,"RecordNumber":4570,"ProcessID":0,"ThreadID":0,"Channel":"Windows PowerShell","Message":"Command \"Out-Default\" is Started. \r\n\r\nDetails: \r\n\tNewCommandState=Started\r\n\r\n\tSequenceNumber=315\r\n\r\n\tHostName=ConsoleHost\r\n\tHostVersion=5.1.19041.1682\r\n\tHostId=42cdcba1-e8f1-4dd2-bc44-3932b9df9eed\r\n\tHostApplication=C:\\Windows\\System32\\WindowsPowerShell\\v1.0\\powershell.exe\r\n\tEngineVersion=5.1.19041.1682\r\n\tRunspaceId=401d1dde-7f2f-461c-ac0f-7d2718b0c594\r\n\tPipelineId=32\r\n\tCommandName=Out-Default\r\n\tCommandType=Cmdlet\r\n\tScriptName=\r\n\tCommandPath=\r\n\tCommandLine=","Category":"Command Lifecycle","Opcode":"Info","EventReceivedTime":1657288055,"SourceModuleName":"in_powershell","SourceModuleType":"im_msvistalog"}
<15>Jul  8 13:47:35 wrk-shasek.stackedpads.local Microsoft-Windows-PowerShell[2744]: {"EventTime":1657288054,"Hostname":"wrk-shasek.stackedpads.local","Keywords":0,"EventType":"VERBOSE","SeverityValue":1,"Severity":"DEBUG","EventID":4106,"SourceName":"Microsoft-Windows-PowerShell","ProviderGuid":"{A0C1853B-5C40-4B15-8766-3CF1C58F985A}","Version":1,"Task":103,"OpcodeValue":15,"RecordNumber":9853,"ActivityID":"{66883D06-FD3B-0001-CC74-28DDCE92D801}","ProcessID":2744,"ThreadID":1200,"Channel":"Microsoft-Windows-PowerShell/Operational","Domain":"STACKEDPADS","AccountName":"tim.smith","UserID":"S-1-5-21-2264196694-1469429678-912427992-1107","AccountType":"User","Message":"Completed invocation of ScriptBlock ID: 5688198b-e1a4-47ac-88bc-aa14dbc87439\r\nRunspace ID: e54e667f-6b0f-4496-8c5c-ddb8f206e614","Category":"Stopping Command","Opcode":"On create calls","ScriptBlockId":"5688198b-e1a4-47ac-88bc-aa14dbc87439","RunspaceId":"e54e667f-6b0f-4496-8c5c-ddb8f206e614","EventReceivedTime":1657288055,"SourceModuleName":"in_powershell","SourceModuleType":"im_msvistalog"}
<15>Jul  8 13:47:35 wrk-shasek.stackedpads.local Microsoft-Windows-PowerShell[2744]: {"EventTime":1657288054,"Hostname":"wrk-shasek.stackedpads.local","Keywords":0,"EventType":"VERBOSE","SeverityValue":1,"Severity":"DEBUG","EventID":4106,"SourceName":"Microsoft-Windows-PowerShell","ProviderGuid":"{A0C1853B-5C40-4B15-8766-3CF1C58F985A}","Version":1,"Task":103,"OpcodeValue":15,"RecordNumber":9851,"ActivityID":"{66883D06-FD3B-0001-CC74-28DDCE92D801}","ProcessID":2744,"ThreadID":1200,"Channel":"Microsoft-Windows-PowerShell/Operational","Domain":"STACKEDPADS","AccountName":"tim.smith","UserID":"S-1-5-21-2264196694-1469429678-912427992-1107","AccountType":"User","Message":"Completed invocation of ScriptBlock ID: 008be479-7a16-4631-a7e8-4a6660f6d4b3\r\nRunspace ID: e54e667f-6b0f-4496-8c5c-ddb8f206e614","Category":"Stopping Command","Opcode":"On create calls","ScriptBlockId":"008be479-7a16-4631-a7e8-4a6660f6d4b3","RunspaceId":"e54e667f-6b0f-4496-8c5c-ddb8f206e614","EventReceivedTime":1657288055,"SourceModuleName":"in_powershell","SourceModuleType":"im_msvistalog"}
<14>Jul  8 13:47:35 wrk-shasek.stackedpads.local PowerShell[0]: {"EventTime":1657288054,"Hostname":"wrk-shasek.stackedpads.local","Keywords":36028797018963968,"EventType":"INFO","SeverityValue":2,"Severity":"INFO","EventID":800,"SourceName":"PowerShell","Version":0,"Task":8,"OpcodeValue":0,"RecordNumber":4666,"ProcessID":0,"ThreadID":0,"Channel":"Windows PowerShell","Message":"Pipeline execution details for command line:         $yes = New-Object System.Management.Automation.Host.ChoiceDescription \"&Yes\", `\r\n. \r\n\r\nContext Information: \r\n\tDetailSequence=1\r\n\tDetailTotal=1\r\n\r\n\tSequenceNumber=451\r\n\r\n\tUserId=STACKEDPADS\\tim.smith\r\n\tHostName=ConsoleHost\r\n\tHostVersion=5.1.19041.1682\r\n\tHostId=42cdcba1-e8f1-4dd2-bc44-3932b9df9eed\r\n\tHostApplication=C:\\Windows\\System32\\WindowsPowerShell\\v1.0\\powershell.exe\r\n\tEngineVersion=5.1.19041.1682\r\n\tRunspaceId=401d1dde-7f2f-461c-ac0f-7d2718b0c594\r\n\tPipelineId=32\r\n\tScriptName=G:\\spray.ps1\r\n\tCommandLine=        $yes = New-Object System.Management.Automation.Host.ChoiceDescription \"&Yes\", `\r\n \r\n\r\nDetails: \r\nCommandInvocation(New-Object): \"New-Object\"\r\nParameterBinding(New-Object): name=\"TypeName\"; value=\"System.Management.Automation.Host.ChoiceDescription\"\r\nParameterBinding(New-Object): name=\"ArgumentList\"; value=\"&Yes, Attempts to authenticate 1 time per user in the list for each password in the passwordlist file.\"\r\n","Category":"Pipeline Execution Details","Opcode":"Info","EventReceivedTime":1657288055,"SourceModuleName":"in_powershell","SourceModuleType":"im_msvistalog"}
<14>Jul  8 13:47:35 wrk-shasek.stackedpads.local PowerShell[0]: {"EventTime":1657288054,"Hostname":"wrk-shasek.stackedpads.local","Keywords":36028797018963968,"EventType":"INFO","SeverityValue":2,"Severity":"INFO","EventID":501,"SourceName":"PowerShell","Version":0,"Task":5,"OpcodeValue":0,"RecordNumber":4646,"ProcessID":0,"ThreadID":0,"Channel":"Windows PowerShell","Message":"Command \"\" is Stopped. \r\n\r\nDetails: \r\n\tNewCommandState=Stopped\r\n\r\n\tSequenceNumber=427\r\n\r\n\tHostName=ConsoleHost\r\n\tHostVersion=5.1.19041.1682\r\n\tHostId=42cdcba1-e8f1-4dd2-bc44-3932b9df9eed\r\n\tHostApplication=C:\\Windows\\System32\\WindowsPowerShell\\v1.0\\powershell.exe\r\n\tEngineVersion=5.1.19041.1682\r\n\tRunspaceId=401d1dde-7f2f-461c-ac0f-7d2718b0c594\r\n\tPipelineId=32\r\n\tCommandName=\r\n\tCommandType=Script\r\n\tScriptName=\r\n\tCommandPath=\r\n\tCommandLine=                                        if ( & { Set-StrictMode -Version 1; $_.PSMessageDetails } ) {\r\n","Category":"Command Lifecycle","Opcode":"Info","EventReceivedTime":1657288055,"SourceModuleName":"in_powershell","SourceModuleType":"im_msvistalog"}
<14>Jul  8 13:47:35 wrk-shasek.stackedpads.local PowerShell[0]: {"EventTime":1657288054,"Hostname":"wrk-shasek.stackedpads.local","Keywords":36028797018963968,"EventType":"INFO","SeverityValue":2,"Severity":"INFO","EventID":600,"SourceName":"PowerShell","Version":0,"Task":6,"OpcodeValue":0,"RecordNumber":4592,"ProcessID":0,"ThreadID":0,"Channel":"Windows PowerShell","Message":"Provider \"Alias\" is Started. \r\n\r\nDetails: \r\n\tProviderName=Alias\r\n\tNewProviderState=Started\r\n\r\n\tSequenceNumber=344\r\n\r\n\tHostName=Default Host\r\n\tHostVersion=5.1.19041.1682\r\n\tHostId=9dad8653-3f0a-4c31-aea4-987072d6148a\r\n\tHostApplication=C:\\Windows\\System32\\WindowsPowerShell\\v1.0\\powershell.exe\r\n\tEngineVersion=\r\n\tRunspaceId=\r\n\tPipelineId=\r\n\tCommandName=\r\n\tCommandType=\r\n\tScriptName=\r\n\tCommandPath=\r\n\tCommandLine=","Category":"Provider Lifecycle","Opcode":"Info","EventReceivedTime":1657288055,"SourceModuleName":"in_powershell","SourceModuleType":"im_msvistalog"}
<14>Jul  8 13:47:35 wrk-shasek.stackedpads.local PowerShell[0]: {"EventTime":1657288054,"Hostname":"wrk-shasek.stackedpads.local","Keywords":36028797018963968,"EventType":"INFO","SeverityValue":2,"Severity":"INFO","EventID":800,"SourceName":"PowerShell","Version":0,"Task":8,"OpcodeValue":0,"RecordNumber":4663,"ProcessID":0,"ThreadID":0,"Channel":"Windows PowerShell","Message":"Pipeline execution details for command line:     Write-Host \"[*] Setting a $observation_window minute wait in between sprays.\"\r\n. \r\n\r\nContext Information: \r\n\tDetailSequence=1\r\n\tDetailTotal=1\r\n\r\n\tSequenceNumber=447\r\n\r\n\tUserId=STACKEDPADS\\tim.smith\r\n\tHostName=ConsoleHost\r\n\tHostVersion=5.1.19041.1682\r\n\tHostId=42cdcba1-e8f1-4dd2-bc44-3932b9df9eed\r\n\tHostApplication=C:\\Windows\\System32\\WindowsPowerShell\\v1.0\\powershell.exe\r\n\tEngineVersion=5.1.19041.1682\r\n\tRunspaceId=401d1dde-7f2f-461c-ac0f-7d2718b0c594\r\n\tPipelineId=32\r\n\tScriptName=G:\\spray.ps1\r\n\tCommandLine=    Write-Host \"[*] Setting a $observation_window minute wait in between sprays.\"\r\n \r\n\r\nDetails: \r\nCommandInvocation(Write-Host): \"Write-Host\"\r\nParameterBinding(Write-Host): name=\"Object\"; value=\"[*] Setting a  minute wait in between sprays.\"\r\n","Category":"Pipeline Execution Details","Opcode":"Info","EventReceivedTime":1657288055,"SourceModuleName":"in_powershell","SourceModuleType":"im_msvistalog"}
<14>Jul  8 13:47:35 wrk-shasek.stackedpads.local PowerShell[0]: {"EventTime":1657288054,"Hostname":"wrk-shasek.stackedpads.local","Keywords":36028797018963968,"EventType":"INFO","SeverityValue":2,"Severity":"INFO","EventID":500,"SourceName":"PowerShell","Version":0,"Task":5,"OpcodeValue":0,"RecordNumber":4610,"ProcessID":0,"ThreadID":0,"Channel":"Windows PowerShell","Message":"Command \"Set-StrictMode\" is Started. \r\n\r\nDetails: \r\n\tNewCommandState=Started\r\n\r\n\tSequenceNumber=374\r\n\r\n\tHostName=ConsoleHost\r\n\tHostVersion=5.1.19041.1682\r\n\tHostId=42cdcba1-e8f1-4dd2-bc44-3932b9df9eed\r\n\tHostApplication=C:\\Windows\\System32\\WindowsPowerShell\\v1.0\\powershell.exe\r\n\tEngineVersion=5.1.19041.1682\r\n\tRunspaceId=401d1dde-7f2f-461c-ac0f-7d2718b0c594\r\n\tPipelineId=32\r\n\tCommandName=Set-StrictMode\r\n\tCommandType=Cmdlet\r\n\tScriptName=\r\n\tCommandPath=\r\n\tCommandLine=& { Set-StrictMode -Version 1; $this.Exception.InnerException.PSMessageDetails }","Category":"Command Lifecycle","Opcode":"Info","EventReceivedTime":1657288055,"SourceModuleName":"in_powershell","SourceModuleType":"im_msvistalog"}
<14>Jul  8 13:47:35 wrk-shasek.stackedpads.local PowerShell[0]: {"EventTime":1657288054,"Hostname":"wrk-shasek.stackedpads.local","Keywords":36028797018963968,"EventType":"INFO","SeverityValue":2,"Severity":"INFO","EventID":501,"SourceName":"PowerShell","Version":0,"Task":5,"OpcodeValue":0,"RecordNumber":4624,"ProcessID":0,"ThreadID":0,"Channel":"Windows PowerShell","Message":"Command \"\" is Stopped. \r\n\r\nDetails: \r\n\tNewCommandState=Stopped\r\n\r\n\tSequenceNumber=391\r\n\r\n\tHostName=ConsoleHost\r\n\tHostVersion=5.1.19041.1682\r\n\tHostId=42cdcba1-e8f1-4dd2-bc44-3932b9df9eed\r\n\tHostApplication=C:\\Windows\\System32\\WindowsPowerShell\\v1.0\\powershell.exe\r\n\tEngineVersion=5.1.19041.1682\r\n\tRunspaceId=401d1dde-7f2f-461c-ac0f-7d2718b0c594\r\n\tPipelineId=32\r\n\tCommandName=\r\n\tCommandType=Script\r\n\tScriptName=\r\n\tCommandPath=\r\n\tCommandLine=                                        $originInfo = & { Set-StrictMode -Version 1; $_.OriginInfo }\r\n","Category":"Command Lifecycle","Opcode":"Info","EventReceivedTime":1657288055,"SourceModuleName":"in_powershell","SourceModuleType":"im_msvistalog"}
<14>Jul  8 13:47:35 wrk-shasek.stackedpads.local PowerShell[0]: {"EventTime":1657288054,"Hostname":"wrk-shasek.stackedpads.local","Keywords":36028797018963968,"EventType":"INFO","SeverityValue":2,"Severity":"INFO","EventID":501,"SourceName":"PowerShell","Version":0,"Task":5,"OpcodeValue":0,"RecordNumber":4617,"ProcessID":0,"ThreadID":0,"Channel":"Windows PowerShell","Message":"Command \"Set-StrictMode\" is Stopped. \r\n\r\nDetails: \r\n\tNewCommandState=Stopped\r\n\r\n\tSequenceNumber=382\r\n\r\n\tHostName=ConsoleHost\r\n\tHostVersion=5.1.19041.1682\r\n\tHostId=42cdcba1-e8f1-4dd2-bc44-3932b9df9eed\r\n\tHostApplication=C:\\Windows\\System32\\WindowsPowerShell\\v1.0\\powershell.exe\r\n\tEngineVersion=5.1.19041.1682\r\n\tRunspaceId=401d1dde-7f2f-461c-ac0f-7d2718b0c594\r\n\tPipelineId=32\r\n\tCommandName=Set-StrictMode\r\n\tCommandType=Cmdlet\r\n\tScriptName=\r\n\tCommandPath=\r\n\tCommandLine=                                        $errorCategoryMsg = & { Set-StrictMode -Version 1; $_.ErrorCategory_Message }\r\n","Category":"Command Lifecycle","Opcode":"Info","EventReceivedTime":1657288055,"SourceModuleName":"in_powershell","SourceModuleType":"im_msvistalog"}
<15>Jul  8 13:47:35 wrk-shasek.stackedpads.local Microsoft-Windows-PowerShell[2744]: {"EventTime":1657288054,"Hostname":"wrk-shasek.stackedpads.local","Keywords":0,"EventType":"VERBOSE","SeverityValue":1,"Severity":"DEBUG","EventID":4105,"SourceName":"Microsoft-Windows-PowerShell","ProviderGuid":"{A0C1853B-5C40-4B15-8766-3CF1C58F985A}","Version":1,"Task":102,"OpcodeValue":15,"RecordNumber":9829,"ActivityID":"{66883D06-FD3B-0001-C574-28DDCE92D801}","ProcessID":2744,"ThreadID":6748,"Channel":"Microsoft-Windows-PowerShell/Operational","Domain":"STACKEDPADS","AccountName":"tim.smith","UserID":"S-1-5-21-2264196694-1469429678-912427992-1107","AccountType":"User","Message":"Started invocation of ScriptBlock ID: edbb6806-c53c-4997-85cc-eeff76f652bd\r\nRunspace ID: 401d1dde-7f2f-461c-ac0f-7d2718b0c594","Category":"Starting Command","Opcode":"On create calls","ScriptBlockId":"edbb6806-c53c-4997-85cc-eeff76f652bd","RunspaceId":"401d1dde-7f2f-461c-ac0f-7d2718b0c594","EventReceivedTime":1657288055,"SourceModuleName":"in_powershell","SourceModuleType":"im_msvistalog"}
<14>Jul  8 13:47:35 wrk-shasek.stackedpads.local PowerShell[0]: {"EventTime":1657288054,"Hostname":"wrk-shasek.stackedpads.local","Keywords":36028797018963968,"EventType":"INFO","SeverityValue":2,"Severity":"INFO","EventID":501,"SourceName":"PowerShell","Version":0,"Task":5,"OpcodeValue":0,"RecordNumber":4579,"ProcessID":0,"ThreadID":0,"Channel":"Windows PowerShell","Message":"Command \"Write-Host\" is Stopped. \r\n\r\nDetails: \r\n\tNewCommandState=Stopped\r\n\r\n\tSequenceNumber=326\r\n\r\n\tHostName=ConsoleHost\r\n\tHostVersion=5.1.19041.1682\r\n\tHostId=42cdcba1-e8f1-4dd2-bc44-3932b9df9eed\r\n\tHostApplication=C:\\Windows\\System32\\WindowsPowerShell\\v1.0\\powershell.exe\r\n\tEngineVersion=5.1.19041.1682\r\n\tRunspaceId=401d1dde-7f2f-461c-ac0f-7d2718b0c594\r\n\tPipelineId=32\r\n\tCommandName=Write-Host\r\n\tCommandType=Cmdlet\r\n\tScriptName=G:\\spray.ps1\r\n\tCommandPath=\r\n\tCommandLine=        Write-Host \"[*] Using $UserList as userlist to spray with\"\r\n","Category":"Command Lifecycle","Opcode":"Info","EventReceivedTime":1657288055,"SourceModuleName":"in_powershell","SourceModuleType":"im_msvistalog"}
<15>Jul  8 13:47:35 wrk-shasek.stackedpads.local Microsoft-Windows-PowerShell[2744]: {"EventTime":1657288054,"Hostname":"wrk-shasek.stackedpads.local","Keywords":0,"EventType":"VERBOSE","SeverityValue":1,"Severity":"DEBUG","EventID":4105,"SourceName":"Microsoft-Windows-PowerShell","ProviderGuid":"{A0C1853B-5C40-4B15-8766-3CF1C58F985A}","Version":1,"Task":102,"OpcodeValue":15,"RecordNumber":9808,"ActivityID":"{66883D06-FD3B-0000-E478-28DDCE92D801}","ProcessID":2744,"ThreadID":3448,"Channel":"Microsoft-Windows-PowerShell/Operational","Domain":"STACKEDPADS","AccountName":"tim.smith","UserID":"S-1-5-21-2264196694-1469429678-912427992-1107","AccountType":"User","Message":"Started invocation of ScriptBlock ID: 9075a355-9e41-4d29-ba16-07e2c2ddf230\r\nRunspace ID: 0a88ebf5-1d53-46f2-9dca-c1959855882d","Category":"Starting Command","Opcode":"On create calls","ScriptBlockId":"9075a355-9e41-4d29-ba16-07e2c2ddf230","RunspaceId":"0a88ebf5-1d53-46f2-9dca-c1959855882d","EventReceivedTime":1657288055,"SourceModuleName":"in_powershell","SourceModuleType":"im_msvistalog"}
<15>Jul  8 13:47:35 wrk-shasek.stackedpads.local Microsoft-Windows-PowerShell[2744]: {"EventTime":1657288054,"Hostname":"wrk-shasek.stackedpads.local","Keywords":0,"EventType":"VERBOSE","SeverityValue":1,"Severity":"DEBUG","EventID":4106,"SourceName":"Microsoft-Windows-PowerShell","ProviderGuid":"{A0C1853B-5C40-4B15-8766-3CF1C58F985A}","Version":1,"Task":103,"OpcodeValue":15,"RecordNumber":9840,"ActivityID":"{66883D06-FD3B-0001-C874-28DDCE92D801}","ProcessID":2744,"ThreadID":6748,"Channel":"Microsoft-Windows-PowerShell/Operational","Domain":"STACKEDPADS","AccountName":"tim.smith","UserID":"S-1-5-21-2264196694-1469429678-912427992-1107","AccountType":"User","Message":"Completed invocation of ScriptBlock ID: 88074e0b-0514-440e-b6a3-3ffe7b00160c\r\nRunspace ID: 401d1dde-7f2f-461c-ac0f-7d2718b0c594","Category":"Stopping Command","Opcode":"On create calls","ScriptBlockId":"88074e0b-0514-440e-b6a3-3ffe7b00160c","RunspaceId":"401d1dde-7f2f-461c-ac0f-7d2718b0c594","EventReceivedTime":1657288055,"SourceModuleName":"in_powershell","SourceModuleType":"im_msvistalog"}
<15>Jul  8 13:47:35 wrk-shasek.stackedpads.local Microsoft-Windows-PowerShell[2744]: {"EventTime":1657288054,"Hostname":"wrk-shasek.stackedpads.local","Keywords":0,"EventType":"VERBOSE","SeverityValue":1,"Severity":"DEBUG","EventID":4106,"SourceName":"Microsoft-Windows-PowerShell","ProviderGuid":"{A0C1853B-5C40-4B15-8766-3CF1C58F985A}","Version":1,"Task":103,"OpcodeValue":15,"RecordNumber":9848,"ActivityID":"{66883D06-FD3B-0001-CB74-28DDCE92D801}","ProcessID":2744,"ThreadID":6748,"Channel":"Microsoft-Windows-PowerShell/Operational","Domain":"STACKEDPADS","AccountName":"tim.smith","UserID":"S-1-5-21-2264196694-1469429678-912427992-1107","AccountType":"User","Message":"Completed invocation of ScriptBlock ID: f216a481-46ca-4909-bd88-6d17f3f41668\r\nRunspace ID: 401d1dde-7f2f-461c-ac0f-7d2718b0c594","Category":"Stopping Command","Opcode":"On create calls","ScriptBlockId":"f216a481-46ca-4909-bd88-6d17f3f41668","RunspaceId":"401d1dde-7f2f-461c-ac0f-7d2718b0c594","EventReceivedTime":1657288055,"SourceModuleName":"in_powershell","SourceModuleType":"im_msvistalog"}
<15>Jul  8 13:47:35 wrk-shasek.stackedpads.local Microsoft-Windows-PowerShell[2744]: {"EventTime":1657288054,"Hostname":"wrk-shasek.stackedpads.local","Keywords":0,"EventType":"VERBOSE","SeverityValue":1,"Severity":"DEBUG","EventID":4105,"SourceName":"Microsoft-Windows-PowerShell","ProviderGuid":"{A0C1853B-5C40-4B15-8766-3CF1C58F985A}","Version":1,"Task":102,"OpcodeValue":15,"RecordNumber":9862,"ActivityID":"{66883D06-FD3B-0001-D174-28DDCE92D801}","ProcessID":2744,"ThreadID":1200,"Channel":"Microsoft-Windows-PowerShell/Operational","Domain":"STACKEDPADS","AccountName":"tim.smith","UserID":"S-1-5-21-2264196694-1469429678-912427992-1107","AccountType":"User","Message":"Started invocation of ScriptBlock ID: f72d3921-6d16-4e35-8595-337ac4553f9e\r\nRunspace ID: e54e667f-6b0f-4496-8c5c-ddb8f206e614","Category":"Starting Command","Opcode":"On create calls","ScriptBlockId":"f72d3921-6d16-4e35-8595-337ac4553f9e","RunspaceId":"e54e667f-6b0f-4496-8c5c-ddb8f206e614","EventReceivedTime":1657288055,"SourceModuleName":"in_powershell","SourceModuleType":"im_msvistalog"}
<14>Jul  8 13:47:35 wrk-shasek.stackedpads.local PowerShell[0]: {"EventTime":1657288054,"Hostname":"wrk-shasek.stackedpads.local","Keywords":36028797018963968,"EventType":"INFO","SeverityValue":2,"Severity":"INFO","EventID":800,"SourceName":"PowerShell","Version":0,"Task":8,"OpcodeValue":0,"RecordNumber":4580,"ProcessID":0,"ThreadID":0,"Channel":"Windows PowerShell","Message":"Pipeline execution details for command line:         Write-Host \"[*] Using $UserList as userlist to spray with\"\r\n. \r\n\r\nContext Information: \r\n\tDetailSequence=1\r\n\tDetailTotal=1\r\n\r\n\tSequenceNumber=327\r\n\r\n\tUserId=STACKEDPADS\\tim.smith\r\n\tHostName=ConsoleHost\r\n\tHostVersion=5.1.19041.1682\r\n\tHostId=42cdcba1-e8f1-4dd2-bc44-3932b9df9eed\r\n\tHostApplication=C:\\Windows\\System32\\WindowsPowerShell\\v1.0\\powershell.exe\r\n\tEngineVersion=5.1.19041.1682\r\n\tRunspaceId=401d1dde-7f2f-461c-ac0f-7d2718b0c594\r\n\tPipelineId=32\r\n\tScriptName=G:\\spray.ps1\r\n\tCommandLine=        Write-Host \"[*] Using $UserList as userlist to spray with\"\r\n \r\n\r\nDetails: \r\nCommandInvocation(Write-Host): \"Write-Host\"\r\nParameterBinding(Write-Host): name=\"Object\"; value=\"[*] Using users.csv as userlist to spray with\"\r\n","Category":"Pipeline Execution Details","Opcode":"Info","EventReceivedTime":1657288055,"SourceModuleName":"in_powershell","SourceModuleType":"im_msvistalog"}
<15>Jul  8 13:47:35 wrk-shasek.stackedpads.local Microsoft-Windows-PowerShell[2744]: {"EventTime":1657288054,"Hostname":"wrk-shasek.stackedpads.local","Keywords":0,"EventType":"VERBOSE","SeverityValue":1,"Severity":"DEBUG","EventID":4105,"SourceName":"Microsoft-Windows-PowerShell","ProviderGuid":"{A0C1853B-5C40-4B15-8766-3CF1C58F985A}","Version":1,"Task":102,"OpcodeValue":15,"RecordNumber":9852,"ActivityID":"{66883D06-FD3B-0001-CC74-28DDCE92D801}","ProcessID":2744,"ThreadID":1200,"Channel":"Microsoft-Windows-PowerShell/Operational","Domain":"STACKEDPADS","AccountName":"tim.smith","UserID":"S-1-5-21-2264196694-1469429678-912427992-1107","AccountType":"User","Message":"Started invocation of ScriptBlock ID: 5688198b-e1a4-47ac-88bc-aa14dbc87439\r\nRunspace ID: e54e667f-6b0f-4496-8c5c-ddb8f206e614","Category":"Starting Command","Opcode":"On create calls","ScriptBlockId":"5688198b-e1a4-47ac-88bc-aa14dbc87439","RunspaceId":"e54e667f-6b0f-4496-8c5c-ddb8f206e614","EventReceivedTime":1657288055,"SourceModuleName":"in_powershell","SourceModuleType":"im_msvistalog"}
<15>Jul  8 13:47:35 wrk-shasek.stackedpads.local Microsoft-Windows-PowerShell[2744]: {"EventTime":1657288054,"Hostname":"wrk-shasek.stackedpads.local","Keywords":0,"EventType":"VERBOSE","SeverityValue":1,"Severity":"DEBUG","EventID":4106,"SourceName":"Microsoft-Windows-PowerShell","ProviderGuid":"{A0C1853B-5C40-4B15-8766-3CF1C58F985A}","Version":1,"Task":103,"OpcodeValue":15,"RecordNumber":9816,"ActivityID":"{66883D06-FD3B-0000-E878-28DDCE92D801}","ProcessID":2744,"ThreadID":3448,"Channel":"Microsoft-Windows-PowerShell/Operational","Domain":"STACKEDPADS","AccountName":"tim.smith","UserID":"S-1-5-21-2264196694-1469429678-912427992-1107","AccountType":"User","Message":"Completed invocation of ScriptBlock ID: b25f4379-f8de-4b55-95c9-ca559a11e997\r\nRunspace ID: 0a88ebf5-1d53-46f2-9dca-c1959855882d","Category":"Stopping Command","Opcode":"On create calls","ScriptBlockId":"b25f4379-f8de-4b55-95c9-ca559a11e997","RunspaceId":"0a88ebf5-1d53-46f2-9dca-c1959855882d","EventReceivedTime":1657288055,"SourceModuleName":"in_powershell","SourceModuleType":"im_msvistalog"}
<15>Jul  8 13:47:35 wrk-shasek.stackedpads.local Microsoft-Windows-PowerShell[2744]: {"EventTime":1657288054,"Hostname":"wrk-shasek.stackedpads.local","Keywords":0,"EventType":"VERBOSE","SeverityValue":1,"Severity":"DEBUG","EventID":4105,"SourceName":"Microsoft-Windows-PowerShell","ProviderGuid":"{A0C1853B-5C40-4B15-8766-3CF1C58F985A}","Version":1,"Task":102,"OpcodeValue":15,"RecordNumber":9835,"ActivityID":"{66883D06-FD3B-0001-C774-28DDCE92D801}","ProcessID":2744,"ThreadID":6748,"Channel":"Microsoft-Windows-PowerShell/Operational","Domain":"STACKEDPADS","AccountName":"tim.smith","UserID":"S-1-5-21-2264196694-1469429678-912427992-1107","AccountType":"User","Message":"Started invocation of ScriptBlock ID: 66d6c82d-37f0-41b9-8fcd-182795283b77\r\nRunspace ID: 401d1dde-7f2f-461c-ac0f-7d2718b0c594","Category":"Starting Command","Opcode":"On create calls","ScriptBlockId":"66d6c82d-37f0-41b9-8fcd-182795283b77","RunspaceId":"401d1dde-7f2f-461c-ac0f-7d2718b0c594","EventReceivedTime":1657288055,"SourceModuleName":"in_powershell","SourceModuleType":"im_msvistalog"}
<14>Jul  8 13:47:35 wrk-shasek.stackedpads.local PowerShell[0]: {"EventTime":1657288054,"Hostname":"wrk-shasek.stackedpads.local","Keywords":36028797018963968,"EventType":"INFO","SeverityValue":2,"Severity":"INFO","EventID":500,"SourceName":"PowerShell","Version":0,"Task":5,"OpcodeValue":0,"RecordNumber":4581,"ProcessID":0,"ThreadID":0,"Channel":"Windows PowerShell","Message":"Command \"Write-Host\" is Started. \r\n\r\nDetails: \r\n\tNewCommandState=Started\r\n\r\n\tSequenceNumber=329\r\n\r\n\tHostName=ConsoleHost\r\n\tHostVersion=5.1.19041.1682\r\n\tHostId=42cdcba1-e8f1-4dd2-bc44-3932b9df9eed\r\n\tHostApplication=C:\\Windows\\System32\\WindowsPowerShell\\v1.0\\powershell.exe\r\n\tEngineVersion=5.1.19041.1682\r\n\tRunspaceId=401d1dde-7f2f-461c-ac0f-7d2718b0c594\r\n\tPipelineId=32\r\n\tCommandName=Write-Host\r\n\tCommandType=Cmdlet\r\n\tScriptName=G:\\spray.ps1\r\n\tCommandPath=\r\n\tCommandLine=        Write-Host -ForegroundColor \"yellow\" \"[*] Warning: Users will not be checked for lockout threshold.\"\r\n","Category":"Command Lifecycle","Opcode":"Info","EventReceivedTime":1657288055,"SourceModuleName":"in_powershell","SourceModuleType":"im_msvistalog"}
<14>Jul  8 13:47:35 wrk-shasek.stackedpads.local PowerShell[0]: {"EventTime":1657288054,"Hostname":"wrk-shasek.stackedpads.local","Keywords":36028797018963968,"EventType":"INFO","SeverityValue":2,"Severity":"INFO","EventID":501,"SourceName":"PowerShell","Version":0,"Task":5,"OpcodeValue":0,"RecordNumber":4668,"ProcessID":0,"ThreadID":0,"Channel":"Windows PowerShell","Message":"Command \"New-Object\" is Stopped. \r\n\r\nDetails: \r\n\tNewCommandState=Stopped\r\n\r\n\tSequenceNumber=454\r\n\r\n\tHostName=ConsoleHost\r\n\tHostVersion=5.1.19041.1682\r\n\tHostId=42cdcba1-e8f1-4dd2-bc44-3932b9df9eed\r\n\tHostApplication=C:\\Windows\\System32\\WindowsPowerShell\\v1.0\\powershell.exe\r\n\tEngineVersion=5.1.19041.1682\r\n\tRunspaceId=401d1dde-7f2f-461c-ac0f-7d2718b0c594\r\n\tPipelineId=32\r\n\tCommandName=New-Object\r\n\tCommandType=Cmdlet\r\n\tScriptName=G:\\spray.ps1\r\n\tCommandPath=\r\n\tCommandLine=        $no = New-Object System.Management.Automation.Host.ChoiceDescription \"&No\", `\r\n","Category":"Command Lifecycle","Opcode":"Info","EventReceivedTime":1657288055,"SourceModuleName":"in_powershell","SourceModuleType":"im_msvistalog"}
