<15>Jul  8 13:42:28 wrk-shasek.stackedpads.local Microsoft-Windows-PowerShell[2744]: {"EventTime":1657287747,"Hostname":"wrk-shasek.stackedpads.local","Keywords":0,"EventType":"VERBOSE","SeverityValue":1,"Severity":"DEBUG","EventID":4106,"SourceName":"Microsoft-Windows-PowerShell","ProviderGuid":"{A0C1853B-5C40-4B15-8766-3CF1C58F985A}","Version":1,"Task":103,"OpcodeValue":15,"RecordNumber":9566,"ActivityID":"{66883D06-FD3B-0000-3C70-28DDCE92D801}","ProcessID":2744,"ThreadID":6748,"Channel":"Microsoft-Windows-PowerShell/Operational","Domain":"STACKEDPADS","AccountName":"tim.smith","UserID":"S-1-5-21-2264196694-1469429678-912427992-1107","AccountType":"User","Message":"Completed invocation of ScriptBlock ID: 5688198b-e1a4-47ac-88bc-aa14dbc87439\r\nRunspace ID: 401d1dde-7f2f-461c-ac0f-7d2718b0c594","Category":"Stopping Command","Opcode":"On create calls","ScriptBlockId":"5688198b-e1a4-47ac-88bc-aa14dbc87439","RunspaceId":"401d1dde-7f2f-461c-ac0f-7d2718b0c594","EventReceivedTime":1657287748,"SourceModuleName":"in_powershell","SourceModuleType":"im_msvistalog"}
<15>Jul  8 13:42:28 wrk-shasek.stackedpads.local Microsoft-Windows-PowerShell[2744]: {"EventTime":1657287747,"Hostname":"wrk-shasek.stackedpads.local","Keywords":0,"EventType":"VERBOSE","SeverityValue":1,"Severity":"DEBUG","EventID":4106,"SourceName":"Microsoft-Windows-PowerShell","ProviderGuid":"{A0C1853B-5C40-4B15-8766-3CF1C58F985A}","Version":1,"Task":103,"OpcodeValue":15,"RecordNumber":9571,"ActivityID":"{66883D06-FD3B-0000-3670-28DDCE92D801}","ProcessID":2744,"ThreadID":6748,"Channel":"Microsoft-Windows-PowerShell/Operational","Domain":"STACKEDPADS","AccountName":"tim.smith","UserID":"S-1-5-21-2264196694-1469429678-912427992-1107","AccountType":"User","Message":"Completed invocation of ScriptBlock ID: 24af186f-f99a-4763-adce-41132b634548\r\nRunspace ID: 401d1dde-7f2f-461c-ac0f-7d2718b0c594","Category":"Stopping Command","Opcode":"On create calls","ScriptBlockId":"24af186f-f99a-4763-adce-41132b634548","RunspaceId":"401d1dde-7f2f-461c-ac0f-7d2718b0c594","EventReceivedTime":1657287748,"SourceModuleName":"in_powershell","SourceModuleType":"im_msvistalog"}
<14>Jul  8 13:42:27 wrk-shasek.stackedpads.local PowerShell[0]: {"EventTime":1657287747,"Hostname":"wrk-shasek.stackedpads.local","Keywords":36028797018963968,"EventType":"INFO","SeverityValue":2,"Severity":"INFO","EventID":500,"SourceName":"PowerShell","Version":0,"Task":5,"OpcodeValue":0,"RecordNumber":4304,"ProcessID":0,"ThreadID":0,"Channel":"Windows PowerShell","Message":"Command \"PSConsoleHostReadLine\" is Started. \r\n\r\nDetails: \r\n\tNewCommandState=Started\r\n\r\n\tSequenceNumber=36\r\n\r\n\tHostName=ConsoleHost\r\n\tHostVersion=5.1.19041.1682\r\n\tHostId=42cdcba1-e8f1-4dd2-bc44-3932b9df9eed\r\n\tHostApplication=C:\\Windows\\System32\\WindowsPowerShell\\v1.0\\powershell.exe\r\n\tEngineVersion=5.1.19041.1682\r\n\tRunspaceId=401d1dde-7f2f-461c-ac0f-7d2718b0c594\r\n\tPipelineId=6\r\n\tCommandName=PSConsoleHostReadLine\r\n\tCommandType=Function\r\n\tScriptName=\r\n\tCommandPath=\r\n\tCommandLine=","Category":"Command Lifecycle","Opcode":"Info","EventReceivedTime":1657287747,"SourceModuleName":"in_powershell","SourceModuleType":"im_msvistalog"}
<14>Jul  8 13:42:27 wrk-shasek.stackedpads.local PowerShell[0]: {"EventTime":1657287747,"Hostname":"wrk-shasek.stackedpads.local","Keywords":36028797018963968,"EventType":"INFO","SeverityValue":2,"Severity":"INFO","EventID":501,"SourceName":"PowerShell","Version":0,"Task":5,"OpcodeValue":0,"RecordNumber":4288,"ProcessID":0,"ThreadID":0,"Channel":"Windows PowerShell","Message":"Command \"profile.ps1\" is Stopped. \r\n\r\nDetails: \r\n\tNewCommandState=Stopped\r\n\r\n\tSequenceNumber=19\r\n\r\n\tHostName=ConsoleHost\r\n\tHostVersion=5.1.19041.1682\r\n\tHostId=42cdcba1-e8f1-4dd2-bc44-3932b9df9eed\r\n\tHostApplication=C:\\Windows\\System32\\WindowsPowerShell\\v1.0\\powershell.exe\r\n\tEngineVersion=5.1.19041.1682\r\n\tRunspaceId=401d1dde-7f2f-461c-ac0f-7d2718b0c594\r\n\tPipelineId=2\r\n\tCommandName=profile.ps1\r\n\tCommandType=ExternalScript\r\n\tScriptName=\r\n\tCommandPath=C:\\Windows\\System32\\WindowsPowerShell\\v1.0\\profile.ps1\r\n\tCommandLine=. 'C:\\Windows\\System32\\WindowsPowerShell\\v1.0\\profile.ps1'","Category":"Command Lifecycle","Opcode":"Info","EventReceivedTime":1657287747,"SourceModuleName":"in_powershell","SourceModuleType":"im_msvistalog"}
<15>Jul  8 13:42:28 wrk-shasek.stackedpads.local Microsoft-Windows-PowerShell[2744]: {"EventTime":1657287747,"Hostname":"wrk-shasek.stackedpads.local","Keywords":0,"EventType":"VERBOSE","SeverityValue":1,"Severity":"DEBUG","EventID":4106,"SourceName":"Microsoft-Windows-PowerShell","ProviderGuid":"{A0C1853B-5C40-4B15-8766-3CF1C58F985A}","Version":1,"Task":103,"OpcodeValue":15,"RecordNumber":9564,"ActivityID":"{66883D06-FD3B-0000-3C70-28DDCE92D801}","ProcessID":2744,"ThreadID":6748,"Channel":"Microsoft-Windows-PowerShell/Operational","Domain":"STACKEDPADS","AccountName":"tim.smith","UserID":"S-1-5-21-2264196694-1469429678-912427992-1107","AccountType":"User","Message":"Completed invocation of ScriptBlock ID: 008be479-7a16-4631-a7e8-4a6660f6d4b3\r\nRunspace ID: 401d1dde-7f2f-461c-ac0f-7d2718b0c594","Category":"Stopping Command","Opcode":"On create calls","ScriptBlockId":"008be479-7a16-4631-a7e8-4a6660f6d4b3","RunspaceId":"401d1dde-7f2f-461c-ac0f-7d2718b0c594","EventReceivedTime":1657287748,"SourceModuleName":"in_powershell","SourceModuleType":"im_msvistalog"}
<15>Jul  8 13:42:28 wrk-shasek.stackedpads.local Microsoft-Windows-PowerShell[2744]: {"EventTime":1657287747,"Hostname":"wrk-shasek.stackedpads.local","Keywords":0,"EventType":"VERBOSE","SeverityValue":1,"Severity":"DEBUG","EventID":4106,"SourceName":"Microsoft-Windows-PowerShell","ProviderGuid":"{A0C1853B-5C40-4B15-8766-3CF1C58F985A}","Version":1,"Task":103,"OpcodeValue":15,"RecordNumber":9577,"ActivityID":"{66883D06-FD3B-0001-BE6B-28DDCE92D801}","ProcessID":2744,"ThreadID":6748,"Channel":"Microsoft-Windows-PowerShell/Operational","Domain":"STACKEDPADS","AccountName":"tim.smith","UserID":"S-1-5-21-2264196694-1469429678-912427992-1107","AccountType":"User","Message":"Completed invocation of ScriptBlock ID: 88281097-78fd-4dfd-8151-49bd39bd0dbe\r\nRunspace ID: 401d1dde-7f2f-461c-ac0f-7d2718b0c594","Category":"Stopping Command","Opcode":"On create calls","ScriptBlockId":"88281097-78fd-4dfd-8151-49bd39bd0dbe","RunspaceId":"401d1dde-7f2f-461c-ac0f-7d2718b0c594","EventReceivedTime":1657287748,"SourceModuleName":"in_powershell","SourceModuleType":"im_msvistalog"}
<14>Jul  8 13:42:27 wrk-shasek.stackedpads.local PowerShell[0]: {"EventTime":1657287747,"Hostname":"wrk-shasek.stackedpads.local","Keywords":36028797018963968,"EventType":"INFO","SeverityValue":2,"Severity":"INFO","EventID":500,"SourceName":"PowerShell","Version":0,"Task":5,"OpcodeValue":0,"RecordNumber":4294,"ProcessID":0,"ThreadID":0,"Channel":"Windows PowerShell","Message":"Command \"\" is Started. \r\n\r\nDetails: \r\n\tNewCommandState=Started\r\n\r\n\tSequenceNumber=26\r\n\r\n\tHostName=ConsoleHost\r\n\tHostVersion=5.1.19041.1682\r\n\tHostId=42cdcba1-e8f1-4dd2-bc44-3932b9df9eed\r\n\tHostApplication=C:\\Windows\\System32\\WindowsPowerShell\\v1.0\\powershell.exe\r\n\tEngineVersion=5.1.19041.1682\r\n\tRunspaceId=401d1dde-7f2f-461c-ac0f-7d2718b0c594\r\n\tPipelineId=5\r\n\tCommandName=\r\n\tCommandType=Script\r\n\tScriptName=\r\n\tCommandPath=\r\n\tCommandLine=","Category":"Command Lifecycle","Opcode":"Info","EventReceivedTime":1657287747,"SourceModuleName":"in_powershell","SourceModuleType":"im_msvistalog"}
<14>Jul  8 13:42:27 wrk-shasek.stackedpads.local PowerShell[0]: {"EventTime":1657287747,"Hostname":"wrk-shasek.stackedpads.local","Keywords":36028797018963968,"EventType":"INFO","SeverityValue":2,"Severity":"INFO","EventID":501,"SourceName":"PowerShell","Version":0,"Task":5,"OpcodeValue":0,"RecordNumber":4301,"ProcessID":0,"ThreadID":0,"Channel":"Windows PowerShell","Message":"Command \"format-default\" is Stopped. \r\n\r\nDetails: \r\n\tNewCommandState=Stopped\r\n\r\n\tSequenceNumber=33\r\n\r\n\tHostName=ConsoleHost\r\n\tHostVersion=5.1.19041.1682\r\n\tHostId=42cdcba1-e8f1-4dd2-bc44-3932b9df9eed\r\n\tHostApplication=C:\\Windows\\System32\\WindowsPowerShell\\v1.0\\powershell.exe\r\n\tEngineVersion=5.1.19041.1682\r\n\tRunspaceId=401d1dde-7f2f-461c-ac0f-7d2718b0c594\r\n\tPipelineId=5\r\n\tCommandName=format-default\r\n\tCommandType=Cmdlet\r\n\tScriptName=\r\n\tCommandPath=\r\n\tCommandLine=","Category":"Command Lifecycle","Opcode":"Info","EventReceivedTime":1657287747,"SourceModuleName":"in_powershell","SourceModuleType":"im_msvistalog"}
<14>Jul  8 13:42:27 wrk-shasek.stackedpads.local PowerShell[0]: {"EventTime":1657287747,"Hostname":"wrk-shasek.stackedpads.local","Keywords":36028797018963968,"EventType":"INFO","SeverityValue":2,"Severity":"INFO","EventID":500,"SourceName":"PowerShell","Version":0,"Task":5,"OpcodeValue":0,"RecordNumber":4295,"ProcessID":0,"ThreadID":0,"Channel":"Windows PowerShell","Message":"Command \"Out-Default\" is Started. \r\n\r\nDetails: \r\n\tNewCommandState=Started\r\n\r\n\tSequenceNumber=27\r\n\r\n\tHostName=ConsoleHost\r\n\tHostVersion=5.1.19041.1682\r\n\tHostId=42cdcba1-e8f1-4dd2-bc44-3932b9df9eed\r\n\tHostApplication=C:\\Windows\\System32\\WindowsPowerShell\\v1.0\\powershell.exe\r\n\tEngineVersion=5.1.19041.1682\r\n\tRunspaceId=401d1dde-7f2f-461c-ac0f-7d2718b0c594\r\n\tPipelineId=5\r\n\tCommandName=Out-Default\r\n\tCommandType=Cmdlet\r\n\tScriptName=\r\n\tCommandPath=\r\n\tCommandLine=","Category":"Command Lifecycle","Opcode":"Info","EventReceivedTime":1657287747,"SourceModuleName":"in_powershell","SourceModuleType":"im_msvistalog"}
<14>Jul  8 13:42:27 wrk-shasek.stackedpads.local PowerShell[0]: {"EventTime":1657287747,"Hostname":"wrk-shasek.stackedpads.local","Keywords":36028797018963968,"EventType":"INFO","SeverityValue":2,"Severity":"INFO","EventID":501,"SourceName":"PowerShell","Version":0,"Task":5,"OpcodeValue":0,"RecordNumber":4299,"ProcessID":0,"ThreadID":0,"Channel":"Windows PowerShell","Message":"Command \"prompt\" is Stopped. \r\n\r\nDetails: \r\n\tNewCommandState=Stopped\r\n\r\n\tSequenceNumber=31\r\n\r\n\tHostName=ConsoleHost\r\n\tHostVersion=5.1.19041.1682\r\n\tHostId=42cdcba1-e8f1-4dd2-bc44-3932b9df9eed\r\n\tHostApplication=C:\\Windows\\System32\\WindowsPowerShell\\v1.0\\powershell.exe\r\n\tEngineVersion=5.1.19041.1682\r\n\tRunspaceId=401d1dde-7f2f-461c-ac0f-7d2718b0c594\r\n\tPipelineId=5\r\n\tCommandName=prompt\r\n\tCommandType=Function\r\n\tScriptName=\r\n\tCommandPath=\r\n\tCommandLine=prompt","Category":"Command Lifecycle","Opcode":"Info","EventReceivedTime":1657287747,"SourceModuleName":"in_powershell","SourceModuleType":"im_msvistalog"}
<15>Jul  8 13:42:28 wrk-shasek.stackedpads.local Microsoft-Windows-PowerShell[2744]: {"EventTime":1657287747,"Hostname":"wrk-shasek.stackedpads.local","Keywords":0,"EventType":"VERBOSE","SeverityValue":1,"Severity":"DEBUG","EventID":4105,"SourceName":"Microsoft-Windows-PowerShell","ProviderGuid":"{A0C1853B-5C40-4B15-8766-3CF1C58F985A}","Version":1,"Task":102,"OpcodeValue":15,"RecordNumber":9575,"ActivityID":"{66883D06-FD3B-0001-BE6B-28DDCE92D801}","ProcessID":2744,"ThreadID":6748,"Channel":"Microsoft-Windows-PowerShell/Operational","Domain":"STACKEDPADS","AccountName":"tim.smith","UserID":"S-1-5-21-2264196694-1469429678-912427992-1107","AccountType":"User","Message":"Started invocation of ScriptBlock ID: 4e113efc-2626-45ba-9733-365b3a3c88c6\r\nRunspace ID: 401d1dde-7f2f-461c-ac0f-7d2718b0c594","Category":"Starting Command","Opcode":"On create calls","ScriptBlockId":"4e113efc-2626-45ba-9733-365b3a3c88c6","RunspaceId":"401d1dde-7f2f-461c-ac0f-7d2718b0c594","EventReceivedTime":1657287748,"SourceModuleName":"in_powershell","SourceModuleType":"im_msvistalog"}
<15>Jul  8 13:42:28 wrk-shasek.stackedpads.local Microsoft-Windows-PowerShell[2744]: {"EventTime":1657287747,"Hostname":"wrk-shasek.stackedpads.local","Keywords":0,"EventType":"VERBOSE","SeverityValue":1,"Severity":"DEBUG","EventID":4105,"SourceName":"Microsoft-Windows-PowerShell","ProviderGuid":"{A0C1853B-5C40-4B15-8766-3CF1C58F985A}","Version":1,"Task":102,"OpcodeValue":15,"RecordNumber":9562,"ActivityID":"{66883D06-FD3B-0000-3B70-28DDCE92D801}","ProcessID":2744,"ThreadID":6748,"Channel":"Microsoft-Windows-PowerShell/Operational","Domain":"STACKEDPADS","AccountName":"tim.smith","UserID":"S-1-5-21-2264196694-1469429678-912427992-1107","AccountType":"User","Message":"Started invocation of ScriptBlock ID: 37184125-7b0e-4e5a-9ec5-dc81a538781d\r\nRunspace ID: 401d1dde-7f2f-461c-ac0f-7d2718b0c594","Category":"Starting Command","Opcode":"On create calls","ScriptBlockId":"37184125-7b0e-4e5a-9ec5-dc81a538781d","RunspaceId":"401d1dde-7f2f-461c-ac0f-7d2718b0c594","EventReceivedTime":1657287748,"SourceModuleName":"in_powershell","SourceModuleType":"im_msvistalog"}
<14>Jul  8 13:42:27 wrk-shasek.stackedpads.local PowerShell[0]: {"EventTime":1657287747,"Hostname":"wrk-shasek.stackedpads.local","Keywords":36028797018963968,"EventType":"INFO","SeverityValue":2,"Severity":"INFO","EventID":800,"SourceName":"PowerShell","Version":0,"Task":8,"OpcodeValue":0,"RecordNumber":4287,"ProcessID":0,"ThreadID":0,"Channel":"Windows PowerShell","Message":"Pipeline execution details for command line: Get-Item \"hklm:\\software\\microsoft\\windows\\currentversion\\policies\\system\\audit\" \r\n. \r\n\r\nContext Information: \r\n\tDetailSequence=1\r\n\tDetailTotal=1\r\n\r\n\tSequenceNumber=17\r\n\r\n\tUserId=STACKEDPADS\\tim.smith\r\n\tHostName=ConsoleHost\r\n\tHostVersion=5.1.19041.1682\r\n\tHostId=42cdcba1-e8f1-4dd2-bc44-3932b9df9eed\r\n\tHostApplication=C:\\Windows\\System32\\WindowsPowerShell\\v1.0\\powershell.exe\r\n\tEngineVersion=5.1.19041.1682\r\n\tRunspaceId=401d1dde-7f2f-461c-ac0f-7d2718b0c594\r\n\tPipelineId=2\r\n\tScriptName=C:\\Windows\\System32\\WindowsPowerShell\\v1.0\\profile.ps1\r\n\tCommandLine=Get-Item \"hklm:\\software\\microsoft\\windows\\currentversion\\policies\\system\\audit\" \r\n \r\n\r\nDetails: \r\nCommandInvocation(Get-Item): \"Get-Item\"\r\nParameterBinding(Get-Item): name=\"Path\"; value=\"hklm:\\software\\microsoft\\windows\\currentversion\\policies\\system\\audit\"\r\n","Category":"Pipeline Execution Details","Opcode":"Info","EventReceivedTime":1657287747,"SourceModuleName":"in_powershell","SourceModuleType":"im_msvistalog"}
<15>Jul  8 13:42:28 wrk-shasek.stackedpads.local Microsoft-Windows-PowerShell[2744]: {"EventTime":1657287747,"Hostname":"wrk-shasek.stackedpads.local","Keywords":0,"EventType":"VERBOSE","SeverityValue":1,"Severity":"DEBUG","EventID":4106,"SourceName":"Microsoft-Windows-PowerShell","ProviderGuid":"{A0C1853B-5C40-4B15-8766-3CF1C58F985A}","Version":1,"Task":103,"OpcodeValue":15,"RecordNumber":9570,"ActivityID":"{66883D06-FD3B-0001-B86B-28DDCE92D801}","ProcessID":2744,"ThreadID":6748,"Channel":"Microsoft-Windows-PowerShell/Operational","Domain":"STACKEDPADS","AccountName":"tim.smith","UserID":"S-1-5-21-2264196694-1469429678-912427992-1107","AccountType":"User","Message":"Completed invocation of ScriptBlock ID: 9315379e-0429-464b-877d-062d07b2e540\r\nRunspace ID: 401d1dde-7f2f-461c-ac0f-7d2718b0c594","Category":"Stopping Command","Opcode":"On create calls","ScriptBlockId":"9315379e-0429-464b-877d-062d07b2e540","RunspaceId":"401d1dde-7f2f-461c-ac0f-7d2718b0c594","EventReceivedTime":1657287748,"SourceModuleName":"in_powershell","SourceModuleType":"im_msvistalog"}
<14>Jul  8 13:42:27 wrk-shasek.stackedpads.local PowerShell[0]: {"EventTime":1657287747,"Hostname":"wrk-shasek.stackedpads.local","Keywords":36028797018963968,"EventType":"INFO","SeverityValue":2,"Severity":"INFO","EventID":501,"SourceName":"PowerShell","Version":0,"Task":5,"OpcodeValue":0,"RecordNumber":4309,"ProcessID":0,"ThreadID":0,"Channel":"Windows PowerShell","Message":"Command \"Get-Variable\" is Stopped. \r\n\r\nDetails: \r\n\tNewCommandState=Stopped\r\n\r\n\tSequenceNumber=42\r\n\r\n\tHostName=ConsoleHost\r\n\tHostVersion=5.1.19041.1682\r\n\tHostId=42cdcba1-e8f1-4dd2-bc44-3932b9df9eed\r\n\tHostApplication=C:\\Windows\\System32\\WindowsPowerShell\\v1.0\\powershell.exe\r\n\tEngineVersion=5.1.19041.1682\r\n\tRunspaceId=401d1dde-7f2f-461c-ac0f-7d2718b0c594\r\n\tPipelineId=7\r\n\tCommandName=Get-Variable\r\n\tCommandType=Cmdlet\r\n\tScriptName=\r\n\tCommandPath=\r\n\tCommandLine=","Category":"Command Lifecycle","Opcode":"Info","EventReceivedTime":1657287747,"SourceModuleName":"in_powershell","SourceModuleType":"im_msvistalog"}
<14>Jul  8 13:42:27 wrk-shasek.stackedpads.local PowerShell[0]: {"EventTime":1657287747,"Hostname":"wrk-shasek.stackedpads.local","Keywords":36028797018963968,"EventType":"INFO","SeverityValue":2,"Severity":"INFO","EventID":500,"SourceName":"PowerShell","Version":0,"Task":5,"OpcodeValue":0,"RecordNumber":4308,"ProcessID":0,"ThreadID":0,"Channel":"Windows PowerShell","Message":"Command \"Get-Variable\" is Started. \r\n\r\nDetails: \r\n\tNewCommandState=Started\r\n\r\n\tSequenceNumber=41\r\n\r\n\tHostName=ConsoleHost\r\n\tHostVersion=5.1.19041.1682\r\n\tHostId=42cdcba1-e8f1-4dd2-bc44-3932b9df9eed\r\n\tHostApplication=C:\\Windows\\System32\\WindowsPowerShell\\v1.0\\powershell.exe\r\n\tEngineVersion=5.1.19041.1682\r\n\tRunspaceId=401d1dde-7f2f-461c-ac0f-7d2718b0c594\r\n\tPipelineId=7\r\n\tCommandName=Get-Variable\r\n\tCommandType=Cmdlet\r\n\tScriptName=\r\n\tCommandPath=\r\n\tCommandLine=","Category":"Command Lifecycle","Opcode":"Info","EventReceivedTime":1657287747,"SourceModuleName":"in_powershell","SourceModuleType":"im_msvistalog"}
<14>Jul  8 13:42:27 wrk-shasek.stackedpads.local PowerShell[0]: {"EventTime":1657287747,"Hostname":"wrk-shasek.stackedpads.local","Keywords":36028797018963968,"EventType":"INFO","SeverityValue":2,"Severity":"INFO","EventID":500,"SourceName":"PowerShell","Version":0,"Task":5,"OpcodeValue":0,"RecordNumber":4296,"ProcessID":0,"ThreadID":0,"Channel":"Windows PowerShell","Message":"Command \"prompt\" is Started. \r\n\r\nDetails: \r\n\tNewCommandState=Started\r\n\r\n\tSequenceNumber=28\r\n\r\n\tHostName=ConsoleHost\r\n\tHostVersion=5.1.19041.1682\r\n\tHostId=42cdcba1-e8f1-4dd2-bc44-3932b9df9eed\r\n\tHostApplication=C:\\Windows\\System32\\WindowsPowerShell\\v1.0\\powershell.exe\r\n\tEngineVersion=5.1.19041.1682\r\n\tRunspaceId=401d1dde-7f2f-461c-ac0f-7d2718b0c594\r\n\tPipelineId=5\r\n\tCommandName=prompt\r\n\tCommandType=Function\r\n\tScriptName=\r\n\tCommandPath=\r\n\tCommandLine=prompt","Category":"Command Lifecycle","Opcode":"Info","EventReceivedTime":1657287747,"SourceModuleName":"in_powershell","SourceModuleType":"im_msvistalog"}
<14>Jul  8 13:42:27 wrk-shasek.stackedpads.local PowerShell[0]: {"EventTime":1657287747,"Hostname":"wrk-shasek.stackedpads.local","Keywords":36028797018963968,"EventType":"INFO","SeverityValue":2,"Severity":"INFO","EventID":501,"SourceName":"PowerShell","Version":0,"Task":5,"OpcodeValue":0,"RecordNumber":4291,"ProcessID":0,"ThreadID":0,"Channel":"Windows PowerShell","Message":"Command \"out-lineoutput\" is Stopped. \r\n\r\nDetails: \r\n\tNewCommandState=Stopped\r\n\r\n\tSequenceNumber=22\r\n\r\n\tHostName=ConsoleHost\r\n\tHostVersion=5.1.19041.1682\r\n\tHostId=42cdcba1-e8f1-4dd2-bc44-3932b9df9eed\r\n\tHostApplication=C:\\Windows\\System32\\WindowsPowerShell\\v1.0\\powershell.exe\r\n\tEngineVersion=5.1.19041.1682\r\n\tRunspaceId=401d1dde-7f2f-461c-ac0f-7d2718b0c594\r\n\tPipelineId=2\r\n\tCommandName=out-lineoutput\r\n\tCommandType=Cmdlet\r\n\tScriptName=\r\n\tCommandPath=\r\n\tCommandLine=","Category":"Command Lifecycle","Opcode":"Info","EventReceivedTime":1657287747,"SourceModuleName":"in_powershell","SourceModuleType":"im_msvistalog"}
<15>Jul  8 13:42:28 wrk-shasek.stackedpads.local Microsoft-Windows-PowerShell[2744]: {"EventTime":1657287747,"Hostname":"wrk-shasek.stackedpads.local","Keywords":0,"EventType":"VERBOSE","SeverityValue":1,"Severity":"DEBUG","EventID":4105,"SourceName":"Microsoft-Windows-PowerShell","ProviderGuid":"{A0C1853B-5C40-4B15-8766-3CF1C58F985A}","Version":1,"Task":102,"OpcodeValue":15,"RecordNumber":9578,"ActivityID":"{66883D06-FD3B-0000-4370-28DDCE92D801}","ProcessID":2744,"ThreadID":6748,"Channel":"Microsoft-Windows-PowerShell/Operational","Domain":"STACKEDPADS","AccountName":"tim.smith","UserID":"S-1-5-21-2264196694-1469429678-912427992-1107","AccountType":"User","Message":"Started invocation of ScriptBlock ID: 7936ed09-d2b5-4075-8e17-80e9ff8fa2e2\r\nRunspace ID: 401d1dde-7f2f-461c-ac0f-7d2718b0c594","Category":"Starting Command","Opcode":"On create calls","ScriptBlockId":"7936ed09-d2b5-4075-8e17-80e9ff8fa2e2","RunspaceId":"401d1dde-7f2f-461c-ac0f-7d2718b0c594","EventReceivedTime":1657287748,"SourceModuleName":"in_powershell","SourceModuleType":"im_msvistalog"}
<15>Jul  8 13:42:28 wrk-shasek.stackedpads.local Microsoft-Windows-PowerShell[2744]: {"EventTime":1657287747,"Hostname":"wrk-shasek.stackedpads.local","Keywords":0,"EventType":"VERBOSE","SeverityValue":1,"Severity":"DEBUG","EventID":4105,"SourceName":"Microsoft-Windows-PowerShell","ProviderGuid":"{A0C1853B-5C40-4B15-8766-3CF1C58F985A}","Version":1,"Task":102,"OpcodeValue":15,"RecordNumber":9563,"ActivityID":"{66883D06-FD3B-0000-3C70-28DDCE92D801}","ProcessID":2744,"ThreadID":6748,"Channel":"Microsoft-Windows-PowerShell/Operational","Domain":"STACKEDPADS","AccountName":"tim.smith","UserID":"S-1-5-21-2264196694-1469429678-912427992-1107","AccountType":"User","Message":"Started invocation of ScriptBlock ID: 008be479-7a16-4631-a7e8-4a6660f6d4b3\r\nRunspace ID: 401d1dde-7f2f-461c-ac0f-7d2718b0c594","Category":"Starting Command","Opcode":"On create calls","ScriptBlockId":"008be479-7a16-4631-a7e8-4a6660f6d4b3","RunspaceId":"401d1dde-7f2f-461c-ac0f-7d2718b0c594","EventReceivedTime":1657287748,"SourceModuleName":"in_powershell","SourceModuleType":"im_msvistalog"}
<14>Jul  8 13:42:27 wrk-shasek.stackedpads.local PowerShell[0]: {"EventTime":1657287747,"Hostname":"wrk-shasek.stackedpads.local","Keywords":36028797018963968,"EventType":"INFO","SeverityValue":2,"Severity":"INFO","EventID":500,"SourceName":"PowerShell","Version":0,"Task":5,"OpcodeValue":0,"RecordNumber":4305,"ProcessID":0,"ThreadID":0,"Channel":"Windows PowerShell","Message":"Command \"Set-StrictMode\" is Started. \r\n\r\nDetails: \r\n\tNewCommandState=Started\r\n\r\n\tSequenceNumber=37\r\n\r\n\tHostName=ConsoleHost\r\n\tHostVersion=5.1.19041.1682\r\n\tHostId=42cdcba1-e8f1-4dd2-bc44-3932b9df9eed\r\n\tHostApplication=C:\\Windows\\System32\\WindowsPowerShell\\v1.0\\powershell.exe\r\n\tEngineVersion=5.1.19041.1682\r\n\tRunspaceId=401d1dde-7f2f-461c-ac0f-7d2718b0c594\r\n\tPipelineId=6\r\n\tCommandName=Set-StrictMode\r\n\tCommandType=Cmdlet\r\n\tScriptName=C:\\Program Files\\WindowsPowerShell\\Modules\\PSReadline\\2.0.0\\PSReadLine.psm1\r\n\tCommandPath=\r\n\tCommandLine=    Microsoft.PowerShell.Core\\Set-StrictMode -Off\n","Category":"Command Lifecycle","Opcode":"Info","EventReceivedTime":1657287747,"SourceModuleName":"in_powershell","SourceModuleType":"im_msvistalog"}
<14>Jul  8 13:42:27 wrk-shasek.stackedpads.local PowerShell[0]: {"EventTime":1657287747,"Hostname":"wrk-shasek.stackedpads.local","Keywords":36028797018963968,"EventType":"INFO","SeverityValue":2,"Severity":"INFO","EventID":500,"SourceName":"PowerShell","Version":0,"Task":5,"OpcodeValue":0,"RecordNumber":4298,"ProcessID":0,"ThreadID":0,"Channel":"Windows PowerShell","Message":"Command \"format-default\" is Started. \r\n\r\nDetails: \r\n\tNewCommandState=Started\r\n\r\n\tSequenceNumber=30\r\n\r\n\tHostName=ConsoleHost\r\n\tHostVersion=5.1.19041.1682\r\n\tHostId=42cdcba1-e8f1-4dd2-bc44-3932b9df9eed\r\n\tHostApplication=C:\\Windows\\System32\\WindowsPowerShell\\v1.0\\powershell.exe\r\n\tEngineVersion=5.1.19041.1682\r\n\tRunspaceId=401d1dde-7f2f-461c-ac0f-7d2718b0c594\r\n\tPipelineId=5\r\n\tCommandName=format-default\r\n\tCommandType=Cmdlet\r\n\tScriptName=\r\n\tCommandPath=\r\n\tCommandLine=","Category":"Command Lifecycle","Opcode":"Info","EventReceivedTime":1657287747,"SourceModuleName":"in_powershell","SourceModuleType":"im_msvistalog"}
<14>Jul  8 13:42:27 wrk-shasek.stackedpads.local PowerShell[0]: {"EventTime":1657287747,"Hostname":"wrk-shasek.stackedpads.local","Keywords":36028797018963968,"EventType":"INFO","SeverityValue":2,"Severity":"INFO","EventID":501,"SourceName":"PowerShell","Version":0,"Task":5,"OpcodeValue":0,"RecordNumber":4303,"ProcessID":0,"ThreadID":0,"Channel":"Windows PowerShell","Message":"Command \"Out-Default\" is Stopped. \r\n\r\nDetails: \r\n\tNewCommandState=Stopped\r\n\r\n\tSequenceNumber=35\r\n\r\n\tHostName=ConsoleHost\r\n\tHostVersion=5.1.19041.1682\r\n\tHostId=42cdcba1-e8f1-4dd2-bc44-3932b9df9eed\r\n\tHostApplication=C:\\Windows\\System32\\WindowsPowerShell\\v1.0\\powershell.exe\r\n\tEngineVersion=5.1.19041.1682\r\n\tRunspaceId=401d1dde-7f2f-461c-ac0f-7d2718b0c594\r\n\tPipelineId=5\r\n\tCommandName=Out-Default\r\n\tCommandType=Cmdlet\r\n\tScriptName=\r\n\tCommandPath=\r\n\tCommandLine=","Category":"Command Lifecycle","Opcode":"Info","EventReceivedTime":1657287747,"SourceModuleName":"in_powershell","SourceModuleType":"im_msvistalog"}
<14>Jul  8 13:42:27 wrk-shasek.stackedpads.local PowerShell[0]: {"EventTime":1657287747,"Hostname":"wrk-shasek.stackedpads.local","Keywords":36028797018963968,"EventType":"INFO","SeverityValue":2,"Severity":"INFO","EventID":800,"SourceName":"PowerShell","Version":0,"Task":8,"OpcodeValue":0,"RecordNumber":4307,"ProcessID":0,"ThreadID":0,"Channel":"Windows PowerShell","Message":"Pipeline execution details for command line:     Microsoft.PowerShell.Core\\Set-StrictMode -Off\n. \r\n\r\nContext Information: \r\n\tDetailSequence=1\r\n\tDetailTotal=1\r\n\r\n\tSequenceNumber=39\r\n\r\n\tUserId=STACKEDPADS\\tim.smith\r\n\tHostName=ConsoleHost\r\n\tHostVersion=5.1.19041.1682\r\n\tHostId=42cdcba1-e8f1-4dd2-bc44-3932b9df9eed\r\n\tHostApplication=C:\\Windows\\System32\\WindowsPowerShell\\v1.0\\powershell.exe\r\n\tEngineVersion=5.1.19041.1682\r\n\tRunspaceId=401d1dde-7f2f-461c-ac0f-7d2718b0c594\r\n\tPipelineId=6\r\n\tScriptName=C:\\Program Files\\WindowsPowerShell\\Modules\\PSReadline\\2.0.0\\PSReadLine.psm1\r\n\tCommandLine=    Microsoft.PowerShell.Core\\Set-StrictMode -Off\n \r\n\r\nDetails: \r\nCommandInvocation(Set-StrictMode): \"Set-StrictMode\"\r\nParameterBinding(Set-StrictMode): name=\"Off\"; value=\"True\"\r\n","Category":"Pipeline Execution Details","Opcode":"Info","EventReceivedTime":1657287747,"SourceModuleName":"in_powershell","SourceModuleType":"im_msvistalog"}
<14>Jul  8 13:42:27 wrk-shasek.stackedpads.local PowerShell[0]: {"EventTime":1657287747,"Hostname":"wrk-shasek.stackedpads.local","Keywords":36028797018963968,"EventType":"INFO","SeverityValue":2,"Severity":"INFO","EventID":501,"SourceName":"PowerShell","Version":0,"Task":5,"OpcodeValue":0,"RecordNumber":4302,"ProcessID":0,"ThreadID":0,"Channel":"Windows PowerShell","Message":"Command \"out-lineoutput\" is Stopped. \r\n\r\nDetails: \r\n\tNewCommandState=Stopped\r\n\r\n\tSequenceNumber=34\r\n\r\n\tHostName=ConsoleHost\r\n\tHostVersion=5.1.19041.1682\r\n\tHostId=42cdcba1-e8f1-4dd2-bc44-3932b9df9eed\r\n\tHostApplication=C:\\Windows\\System32\\WindowsPowerShell\\v1.0\\powershell.exe\r\n\tEngineVersion=5.1.19041.1682\r\n\tRunspaceId=401d1dde-7f2f-461c-ac0f-7d2718b0c594\r\n\tPipelineId=5\r\n\tCommandName=out-lineoutput\r\n\tCommandType=Cmdlet\r\n\tScriptName=\r\n\tCommandPath=\r\n\tCommandLine=","Category":"Command Lifecycle","Opcode":"Info","EventReceivedTime":1657287747,"SourceModuleName":"in_powershell","SourceModuleType":"im_msvistalog"}
<15>Jul  8 13:42:28 wrk-shasek.stackedpads.local Microsoft-Windows-PowerShell[2744]: {"EventTime":1657287747,"Hostname":"wrk-shasek.stackedpads.local","Keywords":0,"EventType":"VERBOSE","SeverityValue":1,"Severity":"DEBUG","EventID":4106,"SourceName":"Microsoft-Windows-PowerShell","ProviderGuid":"{A0C1853B-5C40-4B15-8766-3CF1C58F985A}","Version":1,"Task":103,"OpcodeValue":15,"RecordNumber":9568,"ActivityID":"{66883D06-FD3B-0000-4170-28DDCE92D801}","ProcessID":2744,"ThreadID":6748,"Channel":"Microsoft-Windows-PowerShell/Operational","Domain":"STACKEDPADS","AccountName":"tim.smith","UserID":"S-1-5-21-2264196694-1469429678-912427992-1107","AccountType":"User","Message":"Completed invocation of ScriptBlock ID: 37184125-7b0e-4e5a-9ec5-dc81a538781d\r\nRunspace ID: 401d1dde-7f2f-461c-ac0f-7d2718b0c594","Category":"Stopping Command","Opcode":"On create calls","ScriptBlockId":"37184125-7b0e-4e5a-9ec5-dc81a538781d","RunspaceId":"401d1dde-7f2f-461c-ac0f-7d2718b0c594","EventReceivedTime":1657287748,"SourceModuleName":"in_powershell","SourceModuleType":"im_msvistalog"}
<15>Jul  8 13:42:28 wrk-shasek.stackedpads.local Microsoft-Windows-PowerShell[2744]: {"EventTime":1657287747,"Hostname":"wrk-shasek.stackedpads.local","Keywords":0,"EventType":"VERBOSE","SeverityValue":1,"Severity":"DEBUG","EventID":4105,"SourceName":"Microsoft-Windows-PowerShell","ProviderGuid":"{A0C1853B-5C40-4B15-8766-3CF1C58F985A}","Version":1,"Task":102,"OpcodeValue":15,"RecordNumber":9565,"ActivityID":"{66883D06-FD3B-0000-3C70-28DDCE92D801}","ProcessID":2744,"ThreadID":6748,"Channel":"Microsoft-Windows-PowerShell/Operational","Domain":"STACKEDPADS","AccountName":"tim.smith","UserID":"S-1-5-21-2264196694-1469429678-912427992-1107","AccountType":"User","Message":"Started invocation of ScriptBlock ID: 5688198b-e1a4-47ac-88bc-aa14dbc87439\r\nRunspace ID: 401d1dde-7f2f-461c-ac0f-7d2718b0c594","Category":"Starting Command","Opcode":"On create calls","ScriptBlockId":"5688198b-e1a4-47ac-88bc-aa14dbc87439","RunspaceId":"401d1dde-7f2f-461c-ac0f-7d2718b0c594","EventReceivedTime":1657287748,"SourceModuleName":"in_powershell","SourceModuleType":"im_msvistalog"}
<14>Jul  8 13:42:27 wrk-shasek.stackedpads.local PowerShell[0]: {"EventTime":1657287747,"Hostname":"wrk-shasek.stackedpads.local","Keywords":36028797018963968,"EventType":"INFO","SeverityValue":2,"Severity":"INFO","EventID":501,"SourceName":"PowerShell","Version":0,"Task":5,"OpcodeValue":0,"RecordNumber":4292,"ProcessID":0,"ThreadID":0,"Channel":"Windows PowerShell","Message":"Command \"Out-Default\" is Stopped. \r\n\r\nDetails: \r\n\tNewCommandState=Stopped\r\n\r\n\tSequenceNumber=23\r\n\r\n\tHostName=ConsoleHost\r\n\tHostVersion=5.1.19041.1682\r\n\tHostId=42cdcba1-e8f1-4dd2-bc44-3932b9df9eed\r\n\tHostApplication=C:\\Windows\\System32\\WindowsPowerShell\\v1.0\\powershell.exe\r\n\tEngineVersion=5.1.19041.1682\r\n\tRunspaceId=401d1dde-7f2f-461c-ac0f-7d2718b0c594\r\n\tPipelineId=2\r\n\tCommandName=Out-Default\r\n\tCommandType=Cmdlet\r\n\tScriptName=\r\n\tCommandPath=\r\n\tCommandLine=","Category":"Command Lifecycle","Opcode":"Info","EventReceivedTime":1657287747,"SourceModuleName":"in_powershell","SourceModuleType":"im_msvistalog"}
<14>Jul  8 13:42:27 wrk-shasek.stackedpads.local PowerShell[0]: {"EventTime":1657287747,"Hostname":"wrk-shasek.stackedpads.local","Keywords":36028797018963968,"EventType":"INFO","SeverityValue":2,"Severity":"INFO","EventID":800,"SourceName":"PowerShell","Version":0,"Task":8,"OpcodeValue":0,"RecordNumber":4310,"ProcessID":0,"ThreadID":0,"Channel":"Windows PowerShell","Message":"Pipeline execution details for command line: . \r\n\r\nContext Information: \r\n\tDetailSequence=1\r\n\tDetailTotal=1\r\n\r\n\tSequenceNumber=43\r\n\r\n\tUserId=STACKEDPADS\\tim.smith\r\n\tHostName=ConsoleHost\r\n\tHostVersion=5.1.19041.1682\r\n\tHostId=42cdcba1-e8f1-4dd2-bc44-3932b9df9eed\r\n\tHostApplication=C:\\Windows\\System32\\WindowsPowerShell\\v1.0\\powershell.exe\r\n\tEngineVersion=5.1.19041.1682\r\n\tRunspaceId=401d1dde-7f2f-461c-ac0f-7d2718b0c594\r\n\tPipelineId=7\r\n\tScriptName=\r\n\tCommandLine= \r\n\r\nDetails: \r\nCommandInvocation(Get-Variable): \"Get-Variable\"\r\nParameterBinding(Get-Variable): name=\"Name\"; value=\"host\"\r\nParameterBinding(Get-Variable): name=\"ValueOnly\"; value=\"True\"\r\n","Category":"Pipeline Execution Details","Opcode":"Info","EventReceivedTime":1657287747,"SourceModuleName":"in_powershell","SourceModuleType":"im_msvistalog"}
<14>Jul  8 13:42:27 wrk-shasek.stackedpads.local PowerShell[0]: {"EventTime":1657287747,"Hostname":"wrk-shasek.stackedpads.local","Keywords":36028797018963968,"EventType":"INFO","SeverityValue":2,"Severity":"INFO","EventID":501,"SourceName":"PowerShell","Version":0,"Task":5,"OpcodeValue":0,"RecordNumber":4300,"ProcessID":0,"ThreadID":0,"Channel":"Windows PowerShell","Message":"Command \"\" is Stopped. \r\n\r\nDetails: \r\n\tNewCommandState=Stopped\r\n\r\n\tSequenceNumber=32\r\n\r\n\tHostName=ConsoleHost\r\n\tHostVersion=5.1.19041.1682\r\n\tHostId=42cdcba1-e8f1-4dd2-bc44-3932b9df9eed\r\n\tHostApplication=C:\\Windows\\System32\\WindowsPowerShell\\v1.0\\powershell.exe\r\n\tEngineVersion=5.1.19041.1682\r\n\tRunspaceId=401d1dde-7f2f-461c-ac0f-7d2718b0c594\r\n\tPipelineId=5\r\n\tCommandName=\r\n\tCommandType=Script\r\n\tScriptName=\r\n\tCommandPath=\r\n\tCommandLine=","Category":"Command Lifecycle","Opcode":"Info","EventReceivedTime":1657287747,"SourceModuleName":"in_powershell","SourceModuleType":"im_msvistalog"}
<14>Jul  8 13:42:27 wrk-shasek.stackedpads.local PowerShell[0]: {"EventTime":1657287747,"Hostname":"wrk-shasek.stackedpads.local","Keywords":36028797018963968,"EventType":"INFO","SeverityValue":2,"Severity":"INFO","EventID":501,"SourceName":"PowerShell","Version":0,"Task":5,"OpcodeValue":0,"RecordNumber":4289,"ProcessID":0,"ThreadID":0,"Channel":"Windows PowerShell","Message":"Command \"\" is Stopped. \r\n\r\nDetails: \r\n\tNewCommandState=Stopped\r\n\r\n\tSequenceNumber=20\r\n\r\n\tHostName=ConsoleHost\r\n\tHostVersion=5.1.19041.1682\r\n\tHostId=42cdcba1-e8f1-4dd2-bc44-3932b9df9eed\r\n\tHostApplication=C:\\Windows\\System32\\WindowsPowerShell\\v1.0\\powershell.exe\r\n\tEngineVersion=5.1.19041.1682\r\n\tRunspaceId=401d1dde-7f2f-461c-ac0f-7d2718b0c594\r\n\tPipelineId=2\r\n\tCommandName=\r\n\tCommandType=Script\r\n\tScriptName=\r\n\tCommandPath=\r\n\tCommandLine=","Category":"Command Lifecycle","Opcode":"Info","EventReceivedTime":1657287747,"SourceModuleName":"in_powershell","SourceModuleType":"im_msvistalog"}
<14>Jul  8 13:42:27 wrk-shasek.stackedpads.local PowerShell[0]: {"EventTime":1657287747,"Hostname":"wrk-shasek.stackedpads.local","Keywords":36028797018963968,"EventType":"INFO","SeverityValue":2,"Severity":"INFO","EventID":800,"SourceName":"PowerShell","Version":0,"Task":8,"OpcodeValue":0,"RecordNumber":4286,"ProcessID":0,"ThreadID":0,"Channel":"Windows PowerShell","Message":"Pipeline execution details for command line:                                   $result = (Get-ItemProperty -LiteralPath $_.PSPath |\r\n. \r\n\r\nContext Information: \r\n\tDetailSequence=1\r\n\tDetailTotal=1\r\n\r\n\tSequenceNumber=15\r\n\r\n\tUserId=STACKEDPADS\\tim.smith\r\n\tHostName=ConsoleHost\r\n\tHostVersion=5.1.19041.1682\r\n\tHostId=42cdcba1-e8f1-4dd2-bc44-3932b9df9eed\r\n\tHostApplication=C:\\Windows\\System32\\WindowsPowerShell\\v1.0\\powershell.exe\r\n\tEngineVersion=5.1.19041.1682\r\n\tRunspaceId=401d1dde-7f2f-461c-ac0f-7d2718b0c594\r\n\tPipelineId=2\r\n\tScriptName=\r\n\tCommandLine=                                  $result = (Get-ItemProperty -LiteralPath $_.PSPath |\r\n \r\n\r\nDetails: \r\nCommandInvocation(Get-ItemProperty): \"Get-ItemProperty\"\r\nParameterBinding(Get-ItemProperty): name=\"LiteralPath\"; value=\"Microsoft.PowerShell.Core\\Registry::HKEY_LOCAL_MACHINE\\software\\microsoft\\windows\\currentversion\\policies\\system\\audit\"\r\nCommandInvocation(Select-Object): \"Select-Object\"\r\nParameterBinding(Select-Object): name=\"ExcludeProperty\"; value=\"PSPath, PSParentPath, PSChildName, PSDrive, PsProvider\"\r\nParameterBinding(Select-Object): name=\"Property\"; value=\"*\"\r\nCommandInvocation(Format-List): \"Format-List\"\r\nCommandInvocation(Out-String): \"Out-String\"\r\nCommandInvocation(Sort-Object): \"Sort-Object\"\r\nParameterBinding(Select-Object): name=\"InputObject\"; value=\"@{ProcessCreationIncludeCmdLine_Enabled=1; PSPath=Microsoft.PowerShell.Core\\Registry::HKEY_LOCAL_MACHINE\\software\\microsoft\\windows\\currentversion\\policies\\system\\audit; PSParentPath=Microsoft.PowerShell.Core\\Registry::HKEY_LOCAL_MACHINE\\software\\microsoft\\windows\\currentversion\\policies\\system; PSChildName=audit; PSProvider=Microsoft.PowerShell.Core\\Registry}\"\r\nParameterBinding(Format-List): name=\"InputObject\"; value=\"@{ProcessCreationIncludeCmdLine_Enabled=1}\"\r\nParameterBinding(Out-String): name=\"InputObject\"; value=\"Microsoft.PowerShell.Commands.Internal.Format.FormatStartData\"\r\nParameterBinding(Out-String): name=\"InputObject\"; value=\"Microsoft.PowerShell.Commands.Internal.Format.GroupStartData\"\r\nParameterBinding(Out-String): name=\"InputObject\"; value=\"Microsoft.PowerShell.Commands.Internal.Format.FormatEntryData\"\r\nParameterBinding(Out-String): name=\"InputObject\"; value=\"Microsoft.PowerShell.Commands.Internal.Format.GroupEndData\"\r\nParameterBinding(Out-String): name=\"InputObject\"; value=\"Microsoft.PowerShell.Commands.Internal.Format.FormatEndData\"\r\nParameterBinding(Sort-Object): name=\"InputObject\"; value=\"\r\n\r\nProcessCreationIncludeCmdLine_Enabled : 1\r\n\r\n\r\n\r\n\"\r\n","Category":"Pipeline Execution Details","Opcode":"Info","EventReceivedTime":1657287747,"SourceModuleName":"in_powershell","SourceModuleType":"im_msvistalog"}
<15>Jul  8 13:42:28 wrk-shasek.stackedpads.local Microsoft-Windows-PowerShell[2744]: {"EventTime":1657287747,"Hostname":"wrk-shasek.stackedpads.local","Keywords":0,"EventType":"VERBOSE","SeverityValue":1,"Severity":"DEBUG","EventID":4105,"SourceName":"Microsoft-Windows-PowerShell","ProviderGuid":"{A0C1853B-5C40-4B15-8766-3CF1C58F985A}","Version":1,"Task":102,"OpcodeValue":15,"RecordNumber":9574,"ActivityID":"{66883D06-FD3B-0001-BD6B-28DDCE92D801}","ProcessID":2744,"ThreadID":6748,"Channel":"Microsoft-Windows-PowerShell/Operational","Domain":"STACKEDPADS","AccountName":"tim.smith","UserID":"S-1-5-21-2264196694-1469429678-912427992-1107","AccountType":"User","Message":"Started invocation of ScriptBlock ID: 88281097-78fd-4dfd-8151-49bd39bd0dbe\r\nRunspace ID: 401d1dde-7f2f-461c-ac0f-7d2718b0c594","Category":"Starting Command","Opcode":"On create calls","ScriptBlockId":"88281097-78fd-4dfd-8151-49bd39bd0dbe","RunspaceId":"401d1dde-7f2f-461c-ac0f-7d2718b0c594","EventReceivedTime":1657287748,"SourceModuleName":"in_powershell","SourceModuleType":"im_msvistalog"}
<15>Jul  8 13:42:36 wrk-shasek.stackedpads.local Microsoft-Windows-PowerShell[2744]: {"EventTime":1657287754,"Hostname":"wrk-shasek.stackedpads.local","Keywords":0,"EventType":"VERBOSE","SeverityValue":1,"Severity":"DEBUG","EventID":4104,"SourceName":"Microsoft-Windows-PowerShell","ProviderGuid":"{A0C1853B-5C40-4B15-8766-3CF1C58F985A}","Version":1,"Task":2,"OpcodeValue":15,"RecordNumber":9585,"ActivityID":"{66883D06-FD3B-0001-E66B-28DDCE92D801}","ProcessID":2744,"ThreadID":6748,"Channel":"Microsoft-Windows-PowerShell/Operational","Domain":"STACKEDPADS","AccountName":"tim.smith","UserID":"S-1-5-21-2264196694-1469429678-912427992-1107","AccountType":"User","Message":"Creating Scriptblock text (1 of 1):\r\nnet use g: \\\\activedir.stackedpads.local\\admin$\r\n\r\nScriptBlock ID: 1938a106-4933-4398-9f77-1ea8cd601559\r\nPath: ","Category":"Execute a Remote Command","Opcode":"On create calls","MessageNumber":"1","MessageTotal":"1","ScriptBlockText":"net use g: \\\\activedir.stackedpads.local\\admin$","ScriptBlockId":"1938a106-4933-4398-9f77-1ea8cd601559","EventReceivedTime":1657287756,"SourceModuleName":"in_powershell","SourceModuleType":"im_msvistalog"}
<15>Jul  8 13:42:36 wrk-shasek.stackedpads.local Microsoft-Windows-PowerShell[2744]: {"EventTime":1657287754,"Hostname":"wrk-shasek.stackedpads.local","Keywords":0,"EventType":"VERBOSE","SeverityValue":1,"Severity":"DEBUG","EventID":4104,"SourceName":"Microsoft-Windows-PowerShell","ProviderGuid":"{A0C1853B-5C40-4B15-8766-3CF1C58F985A}","Version":1,"Task":2,"OpcodeValue":15,"RecordNumber":9591,"ActivityID":"{66883D06-FD3B-0000-6C70-28DDCE92D801}","ProcessID":2744,"ThreadID":6748,"Channel":"Microsoft-Windows-PowerShell/Operational","Domain":"STACKEDPADS","AccountName":"tim.smith","UserID":"S-1-5-21-2264196694-1469429678-912427992-1107","AccountType":"User","Message":"Creating Scriptblock text (1 of 1):\r\nprompt\r\n\r\nScriptBlock ID: 8a2eb722-a6bf-4512-98af-f9a915666329\r\nPath: ","Category":"Execute a Remote Command","Opcode":"On create calls","MessageNumber":"1","MessageTotal":"1","ScriptBlockText":"prompt","ScriptBlockId":"8a2eb722-a6bf-4512-98af-f9a915666329","EventReceivedTime":1657287756,"SourceModuleName":"in_powershell","SourceModuleType":"im_msvistalog"}
<14>Jul  8 13:42:36 wrk-shasek.stackedpads.local Microsoft-Windows-PowerShell[2744]: {"EventTime":1657287754,"Hostname":"wrk-shasek.stackedpads.local","Keywords":0,"EventType":"INFO","SeverityValue":2,"Severity":"INFO","EventID":4103,"SourceName":"Microsoft-Windows-PowerShell","ProviderGuid":"{A0C1853B-5C40-4B15-8766-3CF1C58F985A}","Version":1,"Task":106,"OpcodeValue":20,"RecordNumber":9584,"ActivityID":"{66883D06-FD3B-0000-4370-28DDCE92D801}","ProcessID":2744,"ThreadID":6748,"Channel":"Microsoft-Windows-PowerShell/Operational","Domain":"STACKEDPADS","AccountName":"tim.smith","UserID":"S-1-5-21-2264196694-1469429678-912427992-1107","AccountType":"User","Message":"CommandInvocation(PSConsoleHostReadLine): \"PSConsoleHostReadLine\"\r\n\r\n\r\nContext:\r\n        Severity = Informational\r\n        Host Name = ConsoleHost\r\n        Host Version = 5.1.19041.1682\r\n        Host ID = 42cdcba1-e8f1-4dd2-bc44-3932b9df9eed\r\n        Host Application = C:\\Windows\\System32\\WindowsPowerShell\\v1.0\\powershell.exe\r\n        Engine Version = 5.1.19041.1682\r\n        Runspace ID = 401d1dde-7f2f-461c-ac0f-7d2718b0c594\r\n        Pipeline ID = 6\r\n        Command Name = PSConsoleHostReadLine\r\n        Command Type = Function\r\n        Script Name = \r\n        Command Path = \r\n        Sequence Number = 47\r\n        User = STACKEDPADS\\tim.smith\r\n        Connected User = \r\n        Shell ID = Microsoft.PowerShell\r\n\r\n\r\nUser Data:\r\n\r\n","Category":"Executing Pipeline","Opcode":"To be used when operation is just executing a method","ContextInfo":"        Severity = Informational\r\n        Host Name = ConsoleHost\r\n        Host Version = 5.1.19041.1682\r\n        Host ID = 42cdcba1-e8f1-4dd2-bc44-3932b9df9eed\r\n        Host Application = C:\\Windows\\System32\\WindowsPowerShell\\v1.0\\powershell.exe\r\n        Engine Version = 5.1.19041.1682\r\n        Runspace ID = 401d1dde-7f2f-461c-ac0f-7d2718b0c594\r\n        Pipeline ID = 6\r\n        Command Name = PSConsoleHostReadLine\r\n        Command Type = Function\r\n        Script Name = \r\n        Command Path = \r\n        Sequence Number = 47\r\n        User = STACKEDPADS\\tim.smith\r\n        Connected User = \r\n        Shell ID = Microsoft.PowerShell\r\n","Payload":"CommandInvocation(PSConsoleHostReadLine): \"PSConsoleHostReadLine\"\r\n","EventReceivedTime":1657287756,"SourceModuleName":"in_powershell","SourceModuleType":"im_msvistalog"}
<14>Jul  8 13:42:36 wrk-shasek.stackedpads.local Microsoft-Windows-PowerShell[2744]: {"EventTime":1657287754,"Hostname":"wrk-shasek.stackedpads.local","Keywords":0,"EventType":"INFO","SeverityValue":2,"Severity":"INFO","EventID":4103,"SourceName":"Microsoft-Windows-PowerShell","ProviderGuid":"{A0C1853B-5C40-4B15-8766-3CF1C58F985A}","Version":1,"Task":106,"OpcodeValue":20,"RecordNumber":9588,"ActivityID":"{66883D06-FD3B-0001-E66B-28DDCE92D801}","ProcessID":2744,"ThreadID":6748,"Channel":"Microsoft-Windows-PowerShell/Operational","Domain":"STACKEDPADS","AccountName":"tim.smith","UserID":"S-1-5-21-2264196694-1469429678-912427992-1107","AccountType":"User","Message":"CommandInvocation(Out-Default): \"Out-Default\"\r\n\r\n\r\nContext:\r\n        Severity = Informational\r\n        Host Name = ConsoleHost\r\n        Host Version = 5.1.19041.1682\r\n        Host ID = 42cdcba1-e8f1-4dd2-bc44-3932b9df9eed\r\n        Host Application = C:\\Windows\\System32\\WindowsPowerShell\\v1.0\\powershell.exe\r\n        Engine Version = 5.1.19041.1682\r\n        Runspace ID = 401d1dde-7f2f-461c-ac0f-7d2718b0c594\r\n        Pipeline ID = 8\r\n        Command Name = \r\n        Command Type = Script\r\n        Script Name = \r\n        Command Path = \r\n        Sequence Number = 55\r\n        User = STACKEDPADS\\tim.smith\r\n        Connected User = \r\n        Shell ID = Microsoft.PowerShell\r\n\r\n\r\nUser Data:\r\n\r\n","Category":"Executing Pipeline","Opcode":"To be used when operation is just executing a method","ContextInfo":"        Severity = Informational\r\n        Host Name = ConsoleHost\r\n        Host Version = 5.1.19041.1682\r\n        Host ID = 42cdcba1-e8f1-4dd2-bc44-3932b9df9eed\r\n        Host Application = C:\\Windows\\System32\\WindowsPowerShell\\v1.0\\powershell.exe\r\n        Engine Version = 5.1.19041.1682\r\n        Runspace ID = 401d1dde-7f2f-461c-ac0f-7d2718b0c594\r\n        Pipeline ID = 8\r\n        Command Name = \r\n        Command Type = Script\r\n        Script Name = \r\n        Command Path = \r\n        Sequence Number = 55\r\n        User = STACKEDPADS\\tim.smith\r\n        Connected User = \r\n        Shell ID = Microsoft.PowerShell\r\n","Payload":"CommandInvocation(Out-Default): \"Out-Default\"\r\n","EventReceivedTime":1657287756,"SourceModuleName":"in_powershell","SourceModuleType":"im_msvistalog"}
<14>Jul  8 13:42:36 wrk-shasek.stackedpads.local Microsoft-Windows-PowerShell[2744]: {"EventTime":1657287754,"Hostname":"wrk-shasek.stackedpads.local","Keywords":0,"EventType":"INFO","SeverityValue":2,"Severity":"INFO","EventID":4103,"SourceName":"Microsoft-Windows-PowerShell","ProviderGuid":"{A0C1853B-5C40-4B15-8766-3CF1C58F985A}","Version":1,"Task":106,"OpcodeValue":20,"RecordNumber":9597,"ActivityID":"{66883D06-FD3B-0001-036C-28DDCE92D801}","ProcessID":2744,"ThreadID":6748,"Channel":"Microsoft-Windows-PowerShell/Operational","Domain":"STACKEDPADS","AccountName":"tim.smith","UserID":"S-1-5-21-2264196694-1469429678-912427992-1107","AccountType":"User","Message":"CommandInvocation(Set-StrictMode): \"Set-StrictMode\"\r\nParameterBinding(Set-StrictMode): name=\"Off\"; value=\"True\"\r\n\r\n\r\nContext:\r\n        Severity = Informational\r\n        Host Name = ConsoleHost\r\n        Host Version = 5.1.19041.1682\r\n        Host ID = 42cdcba1-e8f1-4dd2-bc44-3932b9df9eed\r\n        Host Application = C:\\Windows\\System32\\WindowsPowerShell\\v1.0\\powershell.exe\r\n        Engine Version = 5.1.19041.1682\r\n        Runspace ID = 401d1dde-7f2f-461c-ac0f-7d2718b0c594\r\n        Pipeline ID = 10\r\n        Command Name = Set-StrictMode\r\n        Command Type = Cmdlet\r\n        Script Name = C:\\Program Files\\WindowsPowerShell\\Modules\\PSReadline\\2.0.0\\PSReadLine.psm1\r\n        Command Path = \r\n        Sequence Number = 70\r\n        User = STACKEDPADS\\tim.smith\r\n        Connected User = \r\n        Shell ID = Microsoft.PowerShell\r\n\r\n\r\nUser Data:\r\n\r\n","Category":"Executing Pipeline","Opcode":"To be used when operation is just executing a method","ContextInfo":"        Severity = Informational\r\n        Host Name = ConsoleHost\r\n        Host Version = 5.1.19041.1682\r\n        Host ID = 42cdcba1-e8f1-4dd2-bc44-3932b9df9eed\r\n        Host Application = C:\\Windows\\System32\\WindowsPowerShell\\v1.0\\powershell.exe\r\n        Engine Version = 5.1.19041.1682\r\n        Runspace ID = 401d1dde-7f2f-461c-ac0f-7d2718b0c594\r\n        Pipeline ID = 10\r\n        Command Name = Set-StrictMode\r\n        Command Type = Cmdlet\r\n        Script Name = C:\\Program Files\\WindowsPowerShell\\Modules\\PSReadline\\2.0.0\\PSReadLine.psm1\r\n        Command Path = \r\n        Sequence Number = 70\r\n        User = STACKEDPADS\\tim.smith\r\n        Connected User = \r\n        Shell ID = Microsoft.PowerShell\r\n","Payload":"CommandInvocation(Set-StrictMode): \"Set-StrictMode\"\r\nParameterBinding(Set-StrictMode): name=\"Off\"; value=\"True\"\r\n","EventReceivedTime":1657287756,"SourceModuleName":"in_powershell","SourceModuleType":"im_msvistalog"}
<14>Jul  8 13:42:35 wrk-shasek.stackedpads.local PowerShell[0]: {"EventTime":1657287754,"Hostname":"wrk-shasek.stackedpads.local","Keywords":36028797018963968,"EventType":"INFO","SeverityValue":2,"Severity":"INFO","EventID":800,"SourceName":"PowerShell","Version":0,"Task":8,"OpcodeValue":0,"RecordNumber":4333,"ProcessID":0,"ThreadID":0,"Channel":"Windows PowerShell","Message":"Pipeline execution details for command line:     Microsoft.PowerShell.Core\\Set-StrictMode -Off\n. \r\n\r\nContext Information: \r\n\tDetailSequence=1\r\n\tDetailTotal=1\r\n\r\n\tSequenceNumber=69\r\n\r\n\tUserId=STACKEDPADS\\tim.smith\r\n\tHostName=ConsoleHost\r\n\tHostVersion=5.1.19041.1682\r\n\tHostId=42cdcba1-e8f1-4dd2-bc44-3932b9df9eed\r\n\tHostApplication=C:\\Windows\\System32\\WindowsPowerShell\\v1.0\\powershell.exe\r\n\tEngineVersion=5.1.19041.1682\r\n\tRunspaceId=401d1dde-7f2f-461c-ac0f-7d2718b0c594\r\n\tPipelineId=10\r\n\tScriptName=C:\\Program Files\\WindowsPowerShell\\Modules\\PSReadline\\2.0.0\\PSReadLine.psm1\r\n\tCommandLine=    Microsoft.PowerShell.Core\\Set-StrictMode -Off\n \r\n\r\nDetails: \r\nCommandInvocation(Set-StrictMode): \"Set-StrictMode\"\r\nParameterBinding(Set-StrictMode): name=\"Off\"; value=\"True\"\r\n","Category":"Pipeline Execution Details","Opcode":"Info","EventReceivedTime":1657287755,"SourceModuleName":"in_powershell","SourceModuleType":"im_msvistalog"}
