<14>Jul  8 13:54:44 wrk-shasek.stackedpads.local PowerShell[0]: {"EventTime":1657288483,"Hostname":"wrk-shasek.stackedpads.local","Keywords":36028797018963968,"EventType":"INFO","SeverityValue":2,"Severity":"INFO","EventID":800,"SourceName":"PowerShell","Version":0,"Task":8,"OpcodeValue":0,"RecordNumber":5097,"ProcessID":0,"ThreadID":0,"Channel":"Windows PowerShell","Message":"Pipeline execution details for command line:         $Domain_check = New-Object System.DirectoryServices.DirectoryEntry($Domain,$User,$Password)\r\n. \r\n\r\nContext Information: \r\n\tDetailSequence=1\r\n\tDetailTotal=1\r\n\r\n\tSequenceNumber=1016\r\n\r\n\tUserId=STACKEDPADS\\tim.smith\r\n\tHostName=ConsoleHost\r\n\tHostVersion=5.1.19041.1682\r\n\tHostId=42cdcba1-e8f1-4dd2-bc44-3932b9df9eed\r\n\tHostApplication=C:\\Windows\\System32\\WindowsPowerShell\\v1.0\\powershell.exe\r\n\tEngineVersion=5.1.19041.1682\r\n\tRunspaceId=401d1dde-7f2f-461c-ac0f-7d2718b0c594\r\n\tPipelineId=32\r\n\tScriptName=G:\\spray.ps1\r\n\tCommandLine=        $Domain_check = New-Object System.DirectoryServices.DirectoryEntry($Domain,$User,$Password)\r\n \r\n\r\nDetails: \r\nCommandInvocation(New-Object): \"New-Object\"\r\nParameterBinding(New-Object): name=\"TypeName\"; value=\"System.DirectoryServices.DirectoryEntry\"\r\nParameterBinding(New-Object): name=\"ArgumentList\"; value=\"LDAP://DC=stackedpads,DC=local, jim.johnson, capital-08\"\r\n","Category":"Pipeline Execution Details","Opcode":"Info","EventReceivedTime":1657288484,"SourceModuleName":"in_powershell","SourceModuleType":"im_msvistalog"}
<14>Jul  8 13:54:44 wrk-shasek.stackedpads.local PowerShell[0]: {"EventTime":1657288483,"Hostname":"wrk-shasek.stackedpads.local","Keywords":36028797018963968,"EventType":"INFO","SeverityValue":2,"Severity":"INFO","EventID":800,"SourceName":"PowerShell","Version":0,"Task":8,"OpcodeValue":0,"RecordNumber":5085,"ProcessID":0,"ThreadID":0,"Channel":"Windows PowerShell","Message":"Pipeline execution details for command line:     $time = Get-Date\r\n. \r\n\r\nContext Information: \r\n\tDetailSequence=1\r\n\tDetailTotal=1\r\n\r\n\tSequenceNumber=1000\r\n\r\n\tUserId=STACKEDPADS\\tim.smith\r\n\tHostName=ConsoleHost\r\n\tHostVersion=5.1.19041.1682\r\n\tHostId=42cdcba1-e8f1-4dd2-bc44-3932b9df9eed\r\n\tHostApplication=C:\\Windows\\System32\\WindowsPowerShell\\v1.0\\powershell.exe\r\n\tEngineVersion=5.1.19041.1682\r\n\tRunspaceId=401d1dde-7f2f-461c-ac0f-7d2718b0c594\r\n\tPipelineId=32\r\n\tScriptName=G:\\spray.ps1\r\n\tCommandLine=    $time = Get-Date\r\n \r\n\r\nDetails: \r\nCommandInvocation(Get-Date): \"Get-Date\"\r\n","Category":"Pipeline Execution Details","Opcode":"Info","EventReceivedTime":1657288484,"SourceModuleName":"in_powershell","SourceModuleType":"im_msvistalog"}
<14>Jul  8 13:54:44 wrk-shasek.stackedpads.local PowerShell[0]: {"EventTime":1657288483,"Hostname":"wrk-shasek.stackedpads.local","Keywords":36028797018963968,"EventType":"INFO","SeverityValue":2,"Severity":"INFO","EventID":501,"SourceName":"PowerShell","Version":0,"Task":5,"OpcodeValue":0,"RecordNumber":5131,"ProcessID":0,"ThreadID":0,"Channel":"Windows PowerShell","Message":"Command \"Invoke-SpraySinglePassword\" is Stopped. \r\n\r\nDetails: \r\n\tNewCommandState=Stopped\r\n\r\n\tSequenceNumber=1062\r\n\r\n\tHostName=ConsoleHost\r\n\tHostVersion=5.1.19041.1682\r\n\tHostId=42cdcba1-e8f1-4dd2-bc44-3932b9df9eed\r\n\tHostApplication=C:\\Windows\\System32\\WindowsPowerShell\\v1.0\\powershell.exe\r\n\tEngineVersion=5.1.19041.1682\r\n\tRunspaceId=401d1dde-7f2f-461c-ac0f-7d2718b0c594\r\n\tPipelineId=32\r\n\tCommandName=Invoke-SpraySinglePassword\r\n\tCommandType=Function\r\n\tScriptName=G:\\spray.ps1\r\n\tCommandPath=\r\n\tCommandLine=            Invoke-SpraySinglePassword -Domain $CurrentDomain -UserListArray $UserListArray -Password $Passwords[$i] -OutFile $OutFile -Delay $Delay -Jitter $Jitter -Quiet $Quiet\r\n","Category":"Command Lifecycle","Opcode":"Info","EventReceivedTime":1657288484,"SourceModuleName":"in_powershell","SourceModuleType":"im_msvistalog"}
<14>Jul  8 13:54:44 wrk-shasek.stackedpads.local PowerShell[0]: {"EventTime":1657288483,"Hostname":"wrk-shasek.stackedpads.local","Keywords":36028797018963968,"EventType":"INFO","SeverityValue":2,"Severity":"INFO","EventID":500,"SourceName":"PowerShell","Version":0,"Task":5,"OpcodeValue":0,"RecordNumber":5095,"ProcessID":0,"ThreadID":0,"Channel":"Windows PowerShell","Message":"Command \"New-Object\" is Started. \r\n\r\nDetails: \r\n\tNewCommandState=Started\r\n\r\n\tSequenceNumber=1014\r\n\r\n\tHostName=ConsoleHost\r\n\tHostVersion=5.1.19041.1682\r\n\tHostId=42cdcba1-e8f1-4dd2-bc44-3932b9df9eed\r\n\tHostApplication=C:\\Windows\\System32\\WindowsPowerShell\\v1.0\\powershell.exe\r\n\tEngineVersion=5.1.19041.1682\r\n\tRunspaceId=401d1dde-7f2f-461c-ac0f-7d2718b0c594\r\n\tPipelineId=32\r\n\tCommandName=New-Object\r\n\tCommandType=Cmdlet\r\n\tScriptName=G:\\spray.ps1\r\n\tCommandPath=\r\n\tCommandLine=        $Domain_check = New-Object System.DirectoryServices.DirectoryEntry($Domain,$User,$Password)\r\n","Category":"Command Lifecycle","Opcode":"Info","EventReceivedTime":1657288484,"SourceModuleName":"in_powershell","SourceModuleType":"im_msvistalog"}
<14>Jul  8 13:54:44 wrk-shasek.stackedpads.local PowerShell[0]: {"EventTime":1657288483,"Hostname":"wrk-shasek.stackedpads.local","Keywords":36028797018963968,"EventType":"INFO","SeverityValue":2,"Severity":"INFO","EventID":500,"SourceName":"PowerShell","Version":0,"Task":5,"OpcodeValue":0,"RecordNumber":5089,"ProcessID":0,"ThreadID":0,"Channel":"Windows PowerShell","Message":"Command \"New-Object\" is Started. \r\n\r\nDetails: \r\n\tNewCommandState=Started\r\n\r\n\tSequenceNumber=1006\r\n\r\n\tHostName=ConsoleHost\r\n\tHostVersion=5.1.19041.1682\r\n\tHostId=42cdcba1-e8f1-4dd2-bc44-3932b9df9eed\r\n\tHostApplication=C:\\Windows\\System32\\WindowsPowerShell\\v1.0\\powershell.exe\r\n\tEngineVersion=5.1.19041.1682\r\n\tRunspaceId=401d1dde-7f2f-461c-ac0f-7d2718b0c594\r\n\tPipelineId=32\r\n\tCommandName=New-Object\r\n\tCommandType=Cmdlet\r\n\tScriptName=G:\\spray.ps1\r\n\tCommandPath=\r\n\tCommandLine=    $RandNo = New-Object System.Random\r\n","Category":"Command Lifecycle","Opcode":"Info","EventReceivedTime":1657288484,"SourceModuleName":"in_powershell","SourceModuleType":"im_msvistalog"}
<14>Jul  8 13:54:44 wrk-shasek.stackedpads.local PowerShell[0]: {"EventTime":1657288483,"Hostname":"wrk-shasek.stackedpads.local","Keywords":36028797018963968,"EventType":"INFO","SeverityValue":2,"Severity":"INFO","EventID":500,"SourceName":"PowerShell","Version":0,"Task":5,"OpcodeValue":0,"RecordNumber":5122,"ProcessID":0,"ThreadID":0,"Channel":"Windows PowerShell","Message":"Command \"New-Object\" is Started. \r\n\r\nDetails: \r\n\tNewCommandState=Started\r\n\r\n\tSequenceNumber=1050\r\n\r\n\tHostName=ConsoleHost\r\n\tHostVersion=5.1.19041.1682\r\n\tHostId=42cdcba1-e8f1-4dd2-bc44-3932b9df9eed\r\n\tHostApplication=C:\\Windows\\System32\\WindowsPowerShell\\v1.0\\powershell.exe\r\n\tEngineVersion=5.1.19041.1682\r\n\tRunspaceId=401d1dde-7f2f-461c-ac0f-7d2718b0c594\r\n\tPipelineId=32\r\n\tCommandName=New-Object\r\n\tCommandType=Cmdlet\r\n\tScriptName=G:\\spray.ps1\r\n\tCommandPath=\r\n\tCommandLine=        $Domain_check = New-Object System.DirectoryServices.DirectoryEntry($Domain,$User,$Password)\r\n","Category":"Command Lifecycle","Opcode":"Info","EventReceivedTime":1657288484,"SourceModuleName":"in_powershell","SourceModuleType":"im_msvistalog"}
<14>Jul  8 13:54:44 wrk-shasek.stackedpads.local PowerShell[0]: {"EventTime":1657288483,"Hostname":"wrk-shasek.stackedpads.local","Keywords":36028797018963968,"EventType":"INFO","SeverityValue":2,"Severity":"INFO","EventID":500,"SourceName":"PowerShell","Version":0,"Task":5,"OpcodeValue":0,"RecordNumber":5083,"ProcessID":0,"ThreadID":0,"Channel":"Windows PowerShell","Message":"Command \"Get-Date\" is Started. \r\n\r\nDetails: \r\n\tNewCommandState=Started\r\n\r\n\tSequenceNumber=998\r\n\r\n\tHostName=ConsoleHost\r\n\tHostVersion=5.1.19041.1682\r\n\tHostId=42cdcba1-e8f1-4dd2-bc44-3932b9df9eed\r\n\tHostApplication=C:\\Windows\\System32\\WindowsPowerShell\\v1.0\\powershell.exe\r\n\tEngineVersion=5.1.19041.1682\r\n\tRunspaceId=401d1dde-7f2f-461c-ac0f-7d2718b0c594\r\n\tPipelineId=32\r\n\tCommandName=Get-Date\r\n\tCommandType=Cmdlet\r\n\tScriptName=G:\\spray.ps1\r\n\tCommandPath=\r\n\tCommandLine=    $time = Get-Date\r\n","Category":"Command Lifecycle","Opcode":"Info","EventReceivedTime":1657288484,"SourceModuleName":"in_powershell","SourceModuleType":"im_msvistalog"}
<14>Jul  8 13:54:44 wrk-shasek.stackedpads.local PowerShell[0]: {"EventTime":1657288483,"Hostname":"wrk-shasek.stackedpads.local","Keywords":36028797018963968,"EventType":"INFO","SeverityValue":2,"Severity":"INFO","EventID":501,"SourceName":"PowerShell","Version":0,"Task":5,"OpcodeValue":0,"RecordNumber":5114,"ProcessID":0,"ThreadID":0,"Channel":"Windows PowerShell","Message":"Command \"New-Object\" is Stopped. \r\n\r\nDetails: \r\n\tNewCommandState=Stopped\r\n\r\n\tSequenceNumber=1039\r\n\r\n\tHostName=ConsoleHost\r\n\tHostVersion=5.1.19041.1682\r\n\tHostId=42cdcba1-e8f1-4dd2-bc44-3932b9df9eed\r\n\tHostApplication=C:\\Windows\\System32\\WindowsPowerShell\\v1.0\\powershell.exe\r\n\tEngineVersion=5.1.19041.1682\r\n\tRunspaceId=401d1dde-7f2f-461c-ac0f-7d2718b0c594\r\n\tPipelineId=32\r\n\tCommandName=New-Object\r\n\tCommandType=Cmdlet\r\n\tScriptName=G:\\spray.ps1\r\n\tCommandPath=\r\n\tCommandLine=        $Domain_check = New-Object System.DirectoryServices.DirectoryEntry($Domain,$User,$Password)\r\n","Category":"Command Lifecycle","Opcode":"Info","EventReceivedTime":1657288484,"SourceModuleName":"in_powershell","SourceModuleType":"im_msvistalog"}
<14>Jul  8 13:54:44 wrk-shasek.stackedpads.local PowerShell[0]: {"EventTime":1657288483,"Hostname":"wrk-shasek.stackedpads.local","Keywords":36028797018963968,"EventType":"INFO","SeverityValue":2,"Severity":"INFO","EventID":501,"SourceName":"PowerShell","Version":0,"Task":5,"OpcodeValue":0,"RecordNumber":5105,"ProcessID":0,"ThreadID":0,"Channel":"Windows PowerShell","Message":"Command \"New-Object\" is Stopped. \r\n\r\nDetails: \r\n\tNewCommandState=Stopped\r\n\r\n\tSequenceNumber=1027\r\n\r\n\tHostName=ConsoleHost\r\n\tHostVersion=5.1.19041.1682\r\n\tHostId=42cdcba1-e8f1-4dd2-bc44-3932b9df9eed\r\n\tHostApplication=C:\\Windows\\System32\\WindowsPowerShell\\v1.0\\powershell.exe\r\n\tEngineVersion=5.1.19041.1682\r\n\tRunspaceId=401d1dde-7f2f-461c-ac0f-7d2718b0c594\r\n\tPipelineId=32\r\n\tCommandName=New-Object\r\n\tCommandType=Cmdlet\r\n\tScriptName=G:\\spray.ps1\r\n\tCommandPath=\r\n\tCommandLine=        $Domain_check = New-Object System.DirectoryServices.DirectoryEntry($Domain,$User,$Password)\r\n","Category":"Command Lifecycle","Opcode":"Info","EventReceivedTime":1657288484,"SourceModuleName":"in_powershell","SourceModuleType":"im_msvistalog"}
<14>Jul  8 13:54:44 wrk-shasek.stackedpads.local PowerShell[0]: {"EventTime":1657288483,"Hostname":"wrk-shasek.stackedpads.local","Keywords":36028797018963968,"EventType":"INFO","SeverityValue":2,"Severity":"INFO","EventID":500,"SourceName":"PowerShell","Version":0,"Task":5,"OpcodeValue":0,"RecordNumber":5136,"ProcessID":0,"ThreadID":0,"Channel":"Windows PowerShell","Message":"Command \"Start-Sleep\" is Started. \r\n\r\nDetails: \r\n\tNewCommandState=Started\r\n\r\n\tSequenceNumber=1068\r\n\r\n\tHostName=ConsoleHost\r\n\tHostVersion=5.1.19041.1682\r\n\tHostId=42cdcba1-e8f1-4dd2-bc44-3932b9df9eed\r\n\tHostApplication=C:\\Windows\\System32\\WindowsPowerShell\\v1.0\\powershell.exe\r\n\tEngineVersion=5.1.19041.1682\r\n\tRunspaceId=401d1dde-7f2f-461c-ac0f-7d2718b0c594\r\n\tPipelineId=32\r\n\tCommandName=Start-Sleep\r\n\tCommandType=Cmdlet\r\n\tScriptName=G:\\spray.ps1\r\n\tCommandPath=\r\n\tCommandLine=        Start-Sleep -Seconds $Seconds\r\n","Category":"Command Lifecycle","Opcode":"Info","EventReceivedTime":1657288484,"SourceModuleName":"in_powershell","SourceModuleType":"im_msvistalog"}
<14>Jul  8 13:54:44 wrk-shasek.stackedpads.local PowerShell[0]: {"EventTime":1657288483,"Hostname":"wrk-shasek.stackedpads.local","Keywords":36028797018963968,"EventType":"INFO","SeverityValue":2,"Severity":"INFO","EventID":501,"SourceName":"PowerShell","Version":0,"Task":5,"OpcodeValue":0,"RecordNumber":5123,"ProcessID":0,"ThreadID":0,"Channel":"Windows PowerShell","Message":"Command \"New-Object\" is Stopped. \r\n\r\nDetails: \r\n\tNewCommandState=Stopped\r\n\r\n\tSequenceNumber=1051\r\n\r\n\tHostName=ConsoleHost\r\n\tHostVersion=5.1.19041.1682\r\n\tHostId=42cdcba1-e8f1-4dd2-bc44-3932b9df9eed\r\n\tHostApplication=C:\\Windows\\System32\\WindowsPowerShell\\v1.0\\powershell.exe\r\n\tEngineVersion=5.1.19041.1682\r\n\tRunspaceId=401d1dde-7f2f-461c-ac0f-7d2718b0c594\r\n\tPipelineId=32\r\n\tCommandName=New-Object\r\n\tCommandType=Cmdlet\r\n\tScriptName=G:\\spray.ps1\r\n\tCommandPath=\r\n\tCommandLine=        $Domain_check = New-Object System.DirectoryServices.DirectoryEntry($Domain,$User,$Password)\r\n","Category":"Command Lifecycle","Opcode":"Info","EventReceivedTime":1657288484,"SourceModuleName":"in_powershell","SourceModuleType":"im_msvistalog"}
<14>Jul  8 13:54:44 wrk-shasek.stackedpads.local PowerShell[0]: {"EventTime":1657288483,"Hostname":"wrk-shasek.stackedpads.local","Keywords":36028797018963968,"EventType":"INFO","SeverityValue":2,"Severity":"INFO","EventID":800,"SourceName":"PowerShell","Version":0,"Task":8,"OpcodeValue":0,"RecordNumber":5094,"ProcessID":0,"ThreadID":0,"Channel":"Windows PowerShell","Message":"Pipeline execution details for command line:         $Domain_check = New-Object System.DirectoryServices.DirectoryEntry($Domain,$User,$Password)\r\n. \r\n\r\nContext Information: \r\n\tDetailSequence=1\r\n\tDetailTotal=1\r\n\r\n\tSequenceNumber=1012\r\n\r\n\tUserId=STACKEDPADS\\tim.smith\r\n\tHostName=ConsoleHost\r\n\tHostVersion=5.1.19041.1682\r\n\tHostId=42cdcba1-e8f1-4dd2-bc44-3932b9df9eed\r\n\tHostApplication=C:\\Windows\\System32\\WindowsPowerShell\\v1.0\\powershell.exe\r\n\tEngineVersion=5.1.19041.1682\r\n\tRunspaceId=401d1dde-7f2f-461c-ac0f-7d2718b0c594\r\n\tPipelineId=32\r\n\tScriptName=G:\\spray.ps1\r\n\tCommandLine=        $Domain_check = New-Object System.DirectoryServices.DirectoryEntry($Domain,$User,$Password)\r\n \r\n\r\nDetails: \r\nCommandInvocation(New-Object): \"New-Object\"\r\nParameterBinding(New-Object): name=\"TypeName\"; value=\"System.DirectoryServices.DirectoryEntry\"\r\nParameterBinding(New-Object): name=\"ArgumentList\"; value=\"LDAP://DC=stackedpads,DC=local, john.smith, capital-08\"\r\n","Category":"Pipeline Execution Details","Opcode":"Info","EventReceivedTime":1657288484,"SourceModuleName":"in_powershell","SourceModuleType":"im_msvistalog"}
<14>Jul  8 13:54:44 wrk-shasek.stackedpads.local PowerShell[0]: {"EventTime":1657288483,"Hostname":"wrk-shasek.stackedpads.local","Keywords":36028797018963968,"EventType":"INFO","SeverityValue":2,"Severity":"INFO","EventID":501,"SourceName":"PowerShell","Version":0,"Task":5,"OpcodeValue":0,"RecordNumber":5126,"ProcessID":0,"ThreadID":0,"Channel":"Windows PowerShell","Message":"Command \"New-Object\" is Stopped. \r\n\r\nDetails: \r\n\tNewCommandState=Stopped\r\n\r\n\tSequenceNumber=1055\r\n\r\n\tHostName=ConsoleHost\r\n\tHostVersion=5.1.19041.1682\r\n\tHostId=42cdcba1-e8f1-4dd2-bc44-3932b9df9eed\r\n\tHostApplication=C:\\Windows\\System32\\WindowsPowerShell\\v1.0\\powershell.exe\r\n\tEngineVersion=5.1.19041.1682\r\n\tRunspaceId=401d1dde-7f2f-461c-ac0f-7d2718b0c594\r\n\tPipelineId=32\r\n\tCommandName=New-Object\r\n\tCommandType=Cmdlet\r\n\tScriptName=G:\\spray.ps1\r\n\tCommandPath=\r\n\tCommandLine=        $Domain_check = New-Object System.DirectoryServices.DirectoryEntry($Domain,$User,$Password)\r\n","Category":"Command Lifecycle","Opcode":"Info","EventReceivedTime":1657288484,"SourceModuleName":"in_powershell","SourceModuleType":"im_msvistalog"}
<14>Jul  8 13:54:44 wrk-shasek.stackedpads.local PowerShell[0]: {"EventTime":1657288483,"Hostname":"wrk-shasek.stackedpads.local","Keywords":36028797018963968,"EventType":"INFO","SeverityValue":2,"Severity":"INFO","EventID":800,"SourceName":"PowerShell","Version":0,"Task":8,"OpcodeValue":0,"RecordNumber":5135,"ProcessID":0,"ThreadID":0,"Channel":"Windows PowerShell","Message":"Pipeline execution details for command line:         Write-Host \"$Message Waiting for $($Seconds/60) minutes. $($Seconds - $Count)\"\r\n. \r\n\r\nContext Information: \r\n\tDetailSequence=1\r\n\tDetailTotal=1\r\n\r\n\tSequenceNumber=1066\r\n\r\n\tUserId=STACKEDPADS\\tim.smith\r\n\tHostName=ConsoleHost\r\n\tHostVersion=5.1.19041.1682\r\n\tHostId=42cdcba1-e8f1-4dd2-bc44-3932b9df9eed\r\n\tHostApplication=C:\\Windows\\System32\\WindowsPowerShell\\v1.0\\powershell.exe\r\n\tEngineVersion=5.1.19041.1682\r\n\tRunspaceId=401d1dde-7f2f-461c-ac0f-7d2718b0c594\r\n\tPipelineId=32\r\n\tScriptName=G:\\spray.ps1\r\n\tCommandLine=        Write-Host \"$Message Waiting for $($Seconds/60) minutes. $($Seconds - $Count)\"\r\n \r\n\r\nDetails: \r\nCommandInvocation(Write-Host): \"Write-Host\"\r\nParameterBinding(Write-Host): name=\"Object\"; value=\"False Waiting for 1 minutes. 60\"\r\n","Category":"Pipeline Execution Details","Opcode":"Info","EventReceivedTime":1657288484,"SourceModuleName":"in_powershell","SourceModuleType":"im_msvistalog"}
<14>Jul  8 13:54:44 wrk-shasek.stackedpads.local PowerShell[0]: {"EventTime":1657288483,"Hostname":"wrk-shasek.stackedpads.local","Keywords":36028797018963968,"EventType":"INFO","SeverityValue":2,"Severity":"INFO","EventID":501,"SourceName":"PowerShell","Version":0,"Task":5,"OpcodeValue":0,"RecordNumber":5090,"ProcessID":0,"ThreadID":0,"Channel":"Windows PowerShell","Message":"Command \"New-Object\" is Stopped. \r\n\r\nDetails: \r\n\tNewCommandState=Stopped\r\n\r\n\tSequenceNumber=1007\r\n\r\n\tHostName=ConsoleHost\r\n\tHostVersion=5.1.19041.1682\r\n\tHostId=42cdcba1-e8f1-4dd2-bc44-3932b9df9eed\r\n\tHostApplication=C:\\Windows\\System32\\WindowsPowerShell\\v1.0\\powershell.exe\r\n\tEngineVersion=5.1.19041.1682\r\n\tRunspaceId=401d1dde-7f2f-461c-ac0f-7d2718b0c594\r\n\tPipelineId=32\r\n\tCommandName=New-Object\r\n\tCommandType=Cmdlet\r\n\tScriptName=G:\\spray.ps1\r\n\tCommandPath=\r\n\tCommandLine=    $RandNo = New-Object System.Random\r\n","Category":"Command Lifecycle","Opcode":"Info","EventReceivedTime":1657288484,"SourceModuleName":"in_powershell","SourceModuleType":"im_msvistalog"}
<14>Jul  8 13:54:44 wrk-shasek.stackedpads.local PowerShell[0]: {"EventTime":1657288483,"Hostname":"wrk-shasek.stackedpads.local","Keywords":36028797018963968,"EventType":"INFO","SeverityValue":2,"Severity":"INFO","EventID":501,"SourceName":"PowerShell","Version":0,"Task":5,"OpcodeValue":0,"RecordNumber":5120,"ProcessID":0,"ThreadID":0,"Channel":"Windows PowerShell","Message":"Command \"New-Object\" is Stopped. \r\n\r\nDetails: \r\n\tNewCommandState=Stopped\r\n\r\n\tSequenceNumber=1047\r\n\r\n\tHostName=ConsoleHost\r\n\tHostVersion=5.1.19041.1682\r\n\tHostId=42cdcba1-e8f1-4dd2-bc44-3932b9df9eed\r\n\tHostApplication=C:\\Windows\\System32\\WindowsPowerShell\\v1.0\\powershell.exe\r\n\tEngineVersion=5.1.19041.1682\r\n\tRunspaceId=401d1dde-7f2f-461c-ac0f-7d2718b0c594\r\n\tPipelineId=32\r\n\tCommandName=New-Object\r\n\tCommandType=Cmdlet\r\n\tScriptName=G:\\spray.ps1\r\n\tCommandPath=\r\n\tCommandLine=        $Domain_check = New-Object System.DirectoryServices.DirectoryEntry($Domain,$User,$Password)\r\n","Category":"Command Lifecycle","Opcode":"Info","EventReceivedTime":1657288484,"SourceModuleName":"in_powershell","SourceModuleType":"im_msvistalog"}
<14>Jul  8 13:54:44 wrk-shasek.stackedpads.local PowerShell[0]: {"EventTime":1657288483,"Hostname":"wrk-shasek.stackedpads.local","Keywords":36028797018963968,"EventType":"INFO","SeverityValue":2,"Severity":"INFO","EventID":500,"SourceName":"PowerShell","Version":0,"Task":5,"OpcodeValue":0,"RecordNumber":5125,"ProcessID":0,"ThreadID":0,"Channel":"Windows PowerShell","Message":"Command \"New-Object\" is Started. \r\n\r\nDetails: \r\n\tNewCommandState=Started\r\n\r\n\tSequenceNumber=1054\r\n\r\n\tHostName=ConsoleHost\r\n\tHostVersion=5.1.19041.1682\r\n\tHostId=42cdcba1-e8f1-4dd2-bc44-3932b9df9eed\r\n\tHostApplication=C:\\Windows\\System32\\WindowsPowerShell\\v1.0\\powershell.exe\r\n\tEngineVersion=5.1.19041.1682\r\n\tRunspaceId=401d1dde-7f2f-461c-ac0f-7d2718b0c594\r\n\tPipelineId=32\r\n\tCommandName=New-Object\r\n\tCommandType=Cmdlet\r\n\tScriptName=G:\\spray.ps1\r\n\tCommandPath=\r\n\tCommandLine=        $Domain_check = New-Object System.DirectoryServices.DirectoryEntry($Domain,$User,$Password)\r\n","Category":"Command Lifecycle","Opcode":"Info","EventReceivedTime":1657288484,"SourceModuleName":"in_powershell","SourceModuleType":"im_msvistalog"}
<14>Jul  8 13:54:44 wrk-shasek.stackedpads.local PowerShell[0]: {"EventTime":1657288483,"Hostname":"wrk-shasek.stackedpads.local","Keywords":36028797018963968,"EventType":"INFO","SeverityValue":2,"Severity":"INFO","EventID":501,"SourceName":"PowerShell","Version":0,"Task":5,"OpcodeValue":0,"RecordNumber":5079,"ProcessID":0,"ThreadID":0,"Channel":"Windows PowerShell","Message":"Command \"Start-Sleep\" is Stopped. \r\n\r\nDetails: \r\n\tNewCommandState=Stopped\r\n\r\n\tSequenceNumber=993\r\n\r\n\tHostName=ConsoleHost\r\n\tHostVersion=5.1.19041.1682\r\n\tHostId=42cdcba1-e8f1-4dd2-bc44-3932b9df9eed\r\n\tHostApplication=C:\\Windows\\System32\\WindowsPowerShell\\v1.0\\powershell.exe\r\n\tEngineVersion=5.1.19041.1682\r\n\tRunspaceId=401d1dde-7f2f-461c-ac0f-7d2718b0c594\r\n\tPipelineId=32\r\n\tCommandName=Start-Sleep\r\n\tCommandType=Cmdlet\r\n\tScriptName=G:\\spray.ps1\r\n\tCommandPath=\r\n\tCommandLine=        Start-Sleep -Seconds $Seconds\r\n","Category":"Command Lifecycle","Opcode":"Info","EventReceivedTime":1657288484,"SourceModuleName":"in_powershell","SourceModuleType":"im_msvistalog"}
<14>Jul  8 13:54:44 wrk-shasek.stackedpads.local PowerShell[0]: {"EventTime":1657288483,"Hostname":"wrk-shasek.stackedpads.local","Keywords":36028797018963968,"EventType":"INFO","SeverityValue":2,"Severity":"INFO","EventID":800,"SourceName":"PowerShell","Version":0,"Task":8,"OpcodeValue":0,"RecordNumber":5106,"ProcessID":0,"ThreadID":0,"Channel":"Windows PowerShell","Message":"Pipeline execution details for command line:         $Domain_check = New-Object System.DirectoryServices.DirectoryEntry($Domain,$User,$Password)\r\n. \r\n\r\nContext Information: \r\n\tDetailSequence=1\r\n\tDetailTotal=1\r\n\r\n\tSequenceNumber=1028\r\n\r\n\tUserId=STACKEDPADS\\tim.smith\r\n\tHostName=ConsoleHost\r\n\tHostVersion=5.1.19041.1682\r\n\tHostId=42cdcba1-e8f1-4dd2-bc44-3932b9df9eed\r\n\tHostApplication=C:\\Windows\\System32\\WindowsPowerShell\\v1.0\\powershell.exe\r\n\tEngineVersion=5.1.19041.1682\r\n\tRunspaceId=401d1dde-7f2f-461c-ac0f-7d2718b0c594\r\n\tPipelineId=32\r\n\tScriptName=G:\\spray.ps1\r\n\tCommandLine=        $Domain_check = New-Object System.DirectoryServices.DirectoryEntry($Domain,$User,$Password)\r\n \r\n\r\nDetails: \r\nCommandInvocation(New-Object): \"New-Object\"\r\nParameterBinding(New-Object): name=\"TypeName\"; value=\"System.DirectoryServices.DirectoryEntry\"\r\nParameterBinding(New-Object): name=\"ArgumentList\"; value=\"LDAP://DC=stackedpads,DC=local, ryan.lewis, capital-08\"\r\n","Category":"Pipeline Execution Details","Opcode":"Info","EventReceivedTime":1657288484,"SourceModuleName":"in_powershell","SourceModuleType":"im_msvistalog"}
<14>Jul  8 13:54:44 wrk-shasek.stackedpads.local PowerShell[0]: {"EventTime":1657288483,"Hostname":"wrk-shasek.stackedpads.local","Keywords":36028797018963968,"EventType":"INFO","SeverityValue":2,"Severity":"INFO","EventID":800,"SourceName":"PowerShell","Version":0,"Task":8,"OpcodeValue":0,"RecordNumber":5091,"ProcessID":0,"ThreadID":0,"Channel":"Windows PowerShell","Message":"Pipeline execution details for command line:     $RandNo = New-Object System.Random\r\n. \r\n\r\nContext Information: \r\n\tDetailSequence=1\r\n\tDetailTotal=1\r\n\r\n\tSequenceNumber=1008\r\n\r\n\tUserId=STACKEDPADS\\tim.smith\r\n\tHostName=ConsoleHost\r\n\tHostVersion=5.1.19041.1682\r\n\tHostId=42cdcba1-e8f1-4dd2-bc44-3932b9df9eed\r\n\tHostApplication=C:\\Windows\\System32\\WindowsPowerShell\\v1.0\\powershell.exe\r\n\tEngineVersion=5.1.19041.1682\r\n\tRunspaceId=401d1dde-7f2f-461c-ac0f-7d2718b0c594\r\n\tPipelineId=32\r\n\tScriptName=G:\\spray.ps1\r\n\tCommandLine=    $RandNo = New-Object System.Random\r\n \r\n\r\nDetails: \r\nCommandInvocation(New-Object): \"New-Object\"\r\nParameterBinding(New-Object): name=\"TypeName\"; value=\"System.Random\"\r\n","Category":"Pipeline Execution Details","Opcode":"Info","EventReceivedTime":1657288484,"SourceModuleName":"in_powershell","SourceModuleType":"im_msvistalog"}
<14>Jul  8 13:54:44 wrk-shasek.stackedpads.local PowerShell[0]: {"EventTime":1657288483,"Hostname":"wrk-shasek.stackedpads.local","Keywords":36028797018963968,"EventType":"INFO","SeverityValue":2,"Severity":"INFO","EventID":501,"SourceName":"PowerShell","Version":0,"Task":5,"OpcodeValue":0,"RecordNumber":5129,"ProcessID":0,"ThreadID":0,"Channel":"Windows PowerShell","Message":"Command \"New-Object\" is Stopped. \r\n\r\nDetails: \r\n\tNewCommandState=Stopped\r\n\r\n\tSequenceNumber=1059\r\n\r\n\tHostName=ConsoleHost\r\n\tHostVersion=5.1.19041.1682\r\n\tHostId=42cdcba1-e8f1-4dd2-bc44-3932b9df9eed\r\n\tHostApplication=C:\\Windows\\System32\\WindowsPowerShell\\v1.0\\powershell.exe\r\n\tEngineVersion=5.1.19041.1682\r\n\tRunspaceId=401d1dde-7f2f-461c-ac0f-7d2718b0c594\r\n\tPipelineId=32\r\n\tCommandName=New-Object\r\n\tCommandType=Cmdlet\r\n\tScriptName=G:\\spray.ps1\r\n\tCommandPath=\r\n\tCommandLine=        $Domain_check = New-Object System.DirectoryServices.DirectoryEntry($Domain,$User,$Password)\r\n","Category":"Command Lifecycle","Opcode":"Info","EventReceivedTime":1657288484,"SourceModuleName":"in_powershell","SourceModuleType":"im_msvistalog"}
<14>Jul  8 13:54:44 wrk-shasek.stackedpads.local PowerShell[0]: {"EventTime":1657288483,"Hostname":"wrk-shasek.stackedpads.local","Keywords":36028797018963968,"EventType":"INFO","SeverityValue":2,"Severity":"INFO","EventID":500,"SourceName":"PowerShell","Version":0,"Task":5,"OpcodeValue":0,"RecordNumber":5104,"ProcessID":0,"ThreadID":0,"Channel":"Windows PowerShell","Message":"Command \"New-Object\" is Started. \r\n\r\nDetails: \r\n\tNewCommandState=Started\r\n\r\n\tSequenceNumber=1026\r\n\r\n\tHostName=ConsoleHost\r\n\tHostVersion=5.1.19041.1682\r\n\tHostId=42cdcba1-e8f1-4dd2-bc44-3932b9df9eed\r\n\tHostApplication=C:\\Windows\\System32\\WindowsPowerShell\\v1.0\\powershell.exe\r\n\tEngineVersion=5.1.19041.1682\r\n\tRunspaceId=401d1dde-7f2f-461c-ac0f-7d2718b0c594\r\n\tPipelineId=32\r\n\tCommandName=New-Object\r\n\tCommandType=Cmdlet\r\n\tScriptName=G:\\spray.ps1\r\n\tCommandPath=\r\n\tCommandLine=        $Domain_check = New-Object System.DirectoryServices.DirectoryEntry($Domain,$User,$Password)\r\n","Category":"Command Lifecycle","Opcode":"Info","EventReceivedTime":1657288484,"SourceModuleName":"in_powershell","SourceModuleType":"im_msvistalog"}
<14>Jul  8 13:54:44 wrk-shasek.stackedpads.local PowerShell[0]: {"EventTime":1657288483,"Hostname":"wrk-shasek.stackedpads.local","Keywords":36028797018963968,"EventType":"INFO","SeverityValue":2,"Severity":"INFO","EventID":800,"SourceName":"PowerShell","Version":0,"Task":8,"OpcodeValue":0,"RecordNumber":5115,"ProcessID":0,"ThreadID":0,"Channel":"Windows PowerShell","Message":"Pipeline execution details for command line:         $Domain_check = New-Object System.DirectoryServices.DirectoryEntry($Domain,$User,$Password)\r\n. \r\n\r\nContext Information: \r\n\tDetailSequence=1\r\n\tDetailTotal=1\r\n\r\n\tSequenceNumber=1040\r\n\r\n\tUserId=STACKEDPADS\\tim.smith\r\n\tHostName=ConsoleHost\r\n\tHostVersion=5.1.19041.1682\r\n\tHostId=42cdcba1-e8f1-4dd2-bc44-3932b9df9eed\r\n\tHostApplication=C:\\Windows\\System32\\WindowsPowerShell\\v1.0\\powershell.exe\r\n\tEngineVersion=5.1.19041.1682\r\n\tRunspaceId=401d1dde-7f2f-461c-ac0f-7d2718b0c594\r\n\tPipelineId=32\r\n\tScriptName=G:\\spray.ps1\r\n\tCommandLine=        $Domain_check = New-Object System.DirectoryServices.DirectoryEntry($Domain,$User,$Password)\r\n \r\n\r\nDetails: \r\nCommandInvocation(New-Object): \"New-Object\"\r\nParameterBinding(New-Object): name=\"TypeName\"; value=\"System.DirectoryServices.DirectoryEntry\"\r\nParameterBinding(New-Object): name=\"ArgumentList\"; value=\"LDAP://DC=stackedpads,DC=local, joyce.fielder, capital-08\"\r\n","Category":"Pipeline Execution Details","Opcode":"Info","EventReceivedTime":1657288484,"SourceModuleName":"in_powershell","SourceModuleType":"im_msvistalog"}
<14>Jul  8 13:54:44 wrk-shasek.stackedpads.local PowerShell[0]: {"EventTime":1657288483,"Hostname":"wrk-shasek.stackedpads.local","Keywords":36028797018963968,"EventType":"INFO","SeverityValue":2,"Severity":"INFO","EventID":500,"SourceName":"PowerShell","Version":0,"Task":5,"OpcodeValue":0,"RecordNumber":5101,"ProcessID":0,"ThreadID":0,"Channel":"Windows PowerShell","Message":"Command \"New-Object\" is Started. \r\n\r\nDetails: \r\n\tNewCommandState=Started\r\n\r\n\tSequenceNumber=1022\r\n\r\n\tHostName=ConsoleHost\r\n\tHostVersion=5.1.19041.1682\r\n\tHostId=42cdcba1-e8f1-4dd2-bc44-3932b9df9eed\r\n\tHostApplication=C:\\Windows\\System32\\WindowsPowerShell\\v1.0\\powershell.exe\r\n\tEngineVersion=5.1.19041.1682\r\n\tRunspaceId=401d1dde-7f2f-461c-ac0f-7d2718b0c594\r\n\tPipelineId=32\r\n\tCommandName=New-Object\r\n\tCommandType=Cmdlet\r\n\tScriptName=G:\\spray.ps1\r\n\tCommandPath=\r\n\tCommandLine=        $Domain_check = New-Object System.DirectoryServices.DirectoryEntry($Domain,$User,$Password)\r\n","Category":"Command Lifecycle","Opcode":"Info","EventReceivedTime":1657288484,"SourceModuleName":"in_powershell","SourceModuleType":"im_msvistalog"}
<14>Jul  8 13:54:44 wrk-shasek.stackedpads.local PowerShell[0]: {"EventTime":1657288483,"Hostname":"wrk-shasek.stackedpads.local","Keywords":36028797018963968,"EventType":"INFO","SeverityValue":2,"Severity":"INFO","EventID":500,"SourceName":"PowerShell","Version":0,"Task":5,"OpcodeValue":0,"RecordNumber":5082,"ProcessID":0,"ThreadID":0,"Channel":"Windows PowerShell","Message":"Command \"Invoke-SpraySinglePassword\" is Started. \r\n\r\nDetails: \r\n\tNewCommandState=Started\r\n\r\n\tSequenceNumber=997\r\n\r\n\tHostName=ConsoleHost\r\n\tHostVersion=5.1.19041.1682\r\n\tHostId=42cdcba1-e8f1-4dd2-bc44-3932b9df9eed\r\n\tHostApplication=C:\\Windows\\System32\\WindowsPowerShell\\v1.0\\powershell.exe\r\n\tEngineVersion=5.1.19041.1682\r\n\tRunspaceId=401d1dde-7f2f-461c-ac0f-7d2718b0c594\r\n\tPipelineId=32\r\n\tCommandName=Invoke-SpraySinglePassword\r\n\tCommandType=Function\r\n\tScriptName=G:\\spray.ps1\r\n\tCommandPath=\r\n\tCommandLine=            Invoke-SpraySinglePassword -Domain $CurrentDomain -UserListArray $UserListArray -Password $Passwords[$i] -OutFile $OutFile -Delay $Delay -Jitter $Jitter -Quiet $Quiet\r\n","Category":"Command Lifecycle","Opcode":"Info","EventReceivedTime":1657288484,"SourceModuleName":"in_powershell","SourceModuleType":"im_msvistalog"}
<14>Jul  8 13:54:44 wrk-shasek.stackedpads.local PowerShell[0]: {"EventTime":1657288483,"Hostname":"wrk-shasek.stackedpads.local","Keywords":36028797018963968,"EventType":"INFO","SeverityValue":2,"Severity":"INFO","EventID":800,"SourceName":"PowerShell","Version":0,"Task":8,"OpcodeValue":0,"RecordNumber":5118,"ProcessID":0,"ThreadID":0,"Channel":"Windows PowerShell","Message":"Pipeline execution details for command line:         $Domain_check = New-Object System.DirectoryServices.DirectoryEntry($Domain,$User,$Password)\r\n. \r\n\r\nContext Information: \r\n\tDetailSequence=1\r\n\tDetailTotal=1\r\n\r\n\tSequenceNumber=1044\r\n\r\n\tUserId=STACKEDPADS\\tim.smith\r\n\tHostName=ConsoleHost\r\n\tHostVersion=5.1.19041.1682\r\n\tHostId=42cdcba1-e8f1-4dd2-bc44-3932b9df9eed\r\n\tHostApplication=C:\\Windows\\System32\\WindowsPowerShell\\v1.0\\powershell.exe\r\n\tEngineVersion=5.1.19041.1682\r\n\tRunspaceId=401d1dde-7f2f-461c-ac0f-7d2718b0c594\r\n\tPipelineId=32\r\n\tScriptName=G:\\spray.ps1\r\n\tCommandLine=        $Domain_check = New-Object System.DirectoryServices.DirectoryEntry($Domain,$User,$Password)\r\n \r\n\r\nDetails: \r\nCommandInvocation(New-Object): \"New-Object\"\r\nParameterBinding(New-Object): name=\"TypeName\"; value=\"System.DirectoryServices.DirectoryEntry\"\r\nParameterBinding(New-Object): name=\"ArgumentList\"; value=\"LDAP://DC=stackedpads,DC=local, jeff.armstrong, capital-08\"\r\n","Category":"Pipeline Execution Details","Opcode":"Info","EventReceivedTime":1657288484,"SourceModuleName":"in_powershell","SourceModuleType":"im_msvistalog"}
<14>Jul  8 13:54:44 wrk-shasek.stackedpads.local PowerShell[0]: {"EventTime":1657288483,"Hostname":"wrk-shasek.stackedpads.local","Keywords":36028797018963968,"EventType":"INFO","SeverityValue":2,"Severity":"INFO","EventID":500,"SourceName":"PowerShell","Version":0,"Task":5,"OpcodeValue":0,"RecordNumber":5107,"ProcessID":0,"ThreadID":0,"Channel":"Windows PowerShell","Message":"Command \"New-Object\" is Started. \r\n\r\nDetails: \r\n\tNewCommandState=Started\r\n\r\n\tSequenceNumber=1030\r\n\r\n\tHostName=ConsoleHost\r\n\tHostVersion=5.1.19041.1682\r\n\tHostId=42cdcba1-e8f1-4dd2-bc44-3932b9df9eed\r\n\tHostApplication=C:\\Windows\\System32\\WindowsPowerShell\\v1.0\\powershell.exe\r\n\tEngineVersion=5.1.19041.1682\r\n\tRunspaceId=401d1dde-7f2f-461c-ac0f-7d2718b0c594\r\n\tPipelineId=32\r\n\tCommandName=New-Object\r\n\tCommandType=Cmdlet\r\n\tScriptName=G:\\spray.ps1\r\n\tCommandPath=\r\n\tCommandLine=        $Domain_check = New-Object System.DirectoryServices.DirectoryEntry($Domain,$User,$Password)\r\n","Category":"Command Lifecycle","Opcode":"Info","EventReceivedTime":1657288484,"SourceModuleName":"in_powershell","SourceModuleType":"im_msvistalog"}
<14>Jul  8 13:54:44 wrk-shasek.stackedpads.local PowerShell[0]: {"EventTime":1657288483,"Hostname":"wrk-shasek.stackedpads.local","Keywords":36028797018963968,"EventType":"INFO","SeverityValue":2,"Severity":"INFO","EventID":500,"SourceName":"PowerShell","Version":0,"Task":5,"OpcodeValue":0,"RecordNumber":5116,"ProcessID":0,"ThreadID":0,"Channel":"Windows PowerShell","Message":"Command \"New-Object\" is Started. \r\n\r\nDetails: \r\n\tNewCommandState=Started\r\n\r\n\tSequenceNumber=1042\r\n\r\n\tHostName=ConsoleHost\r\n\tHostVersion=5.1.19041.1682\r\n\tHostId=42cdcba1-e8f1-4dd2-bc44-3932b9df9eed\r\n\tHostApplication=C:\\Windows\\System32\\WindowsPowerShell\\v1.0\\powershell.exe\r\n\tEngineVersion=5.1.19041.1682\r\n\tRunspaceId=401d1dde-7f2f-461c-ac0f-7d2718b0c594\r\n\tPipelineId=32\r\n\tCommandName=New-Object\r\n\tCommandType=Cmdlet\r\n\tScriptName=G:\\spray.ps1\r\n\tCommandPath=\r\n\tCommandLine=        $Domain_check = New-Object System.DirectoryServices.DirectoryEntry($Domain,$User,$Password)\r\n","Category":"Command Lifecycle","Opcode":"Info","EventReceivedTime":1657288484,"SourceModuleName":"in_powershell","SourceModuleType":"im_msvistalog"}
<14>Jul  8 13:54:44 wrk-shasek.stackedpads.local PowerShell[0]: {"EventTime":1657288483,"Hostname":"wrk-shasek.stackedpads.local","Keywords":36028797018963968,"EventType":"INFO","SeverityValue":2,"Severity":"INFO","EventID":501,"SourceName":"PowerShell","Version":0,"Task":5,"OpcodeValue":0,"RecordNumber":5093,"ProcessID":0,"ThreadID":0,"Channel":"Windows PowerShell","Message":"Command \"New-Object\" is Stopped. \r\n\r\nDetails: \r\n\tNewCommandState=Stopped\r\n\r\n\tSequenceNumber=1011\r\n\r\n\tHostName=ConsoleHost\r\n\tHostVersion=5.1.19041.1682\r\n\tHostId=42cdcba1-e8f1-4dd2-bc44-3932b9df9eed\r\n\tHostApplication=C:\\Windows\\System32\\WindowsPowerShell\\v1.0\\powershell.exe\r\n\tEngineVersion=5.1.19041.1682\r\n\tRunspaceId=401d1dde-7f2f-461c-ac0f-7d2718b0c594\r\n\tPipelineId=32\r\n\tCommandName=New-Object\r\n\tCommandType=Cmdlet\r\n\tScriptName=G:\\spray.ps1\r\n\tCommandPath=\r\n\tCommandLine=        $Domain_check = New-Object System.DirectoryServices.DirectoryEntry($Domain,$User,$Password)\r\n","Category":"Command Lifecycle","Opcode":"Info","EventReceivedTime":1657288484,"SourceModuleName":"in_powershell","SourceModuleType":"im_msvistalog"}
<14>Jul  8 13:54:44 wrk-shasek.stackedpads.local PowerShell[0]: {"EventTime":1657288483,"Hostname":"wrk-shasek.stackedpads.local","Keywords":36028797018963968,"EventType":"INFO","SeverityValue":2,"Severity":"INFO","EventID":501,"SourceName":"PowerShell","Version":0,"Task":5,"OpcodeValue":0,"RecordNumber":5084,"ProcessID":0,"ThreadID":0,"Channel":"Windows PowerShell","Message":"Command \"Get-Date\" is Stopped. \r\n\r\nDetails: \r\n\tNewCommandState=Stopped\r\n\r\n\tSequenceNumber=999\r\n\r\n\tHostName=ConsoleHost\r\n\tHostVersion=5.1.19041.1682\r\n\tHostId=42cdcba1-e8f1-4dd2-bc44-3932b9df9eed\r\n\tHostApplication=C:\\Windows\\System32\\WindowsPowerShell\\v1.0\\powershell.exe\r\n\tEngineVersion=5.1.19041.1682\r\n\tRunspaceId=401d1dde-7f2f-461c-ac0f-7d2718b0c594\r\n\tPipelineId=32\r\n\tCommandName=Get-Date\r\n\tCommandType=Cmdlet\r\n\tScriptName=G:\\spray.ps1\r\n\tCommandPath=\r\n\tCommandLine=    $time = Get-Date\r\n","Category":"Command Lifecycle","Opcode":"Info","EventReceivedTime":1657288484,"SourceModuleName":"in_powershell","SourceModuleType":"im_msvistalog"}
<14>Jul  8 13:54:44 wrk-shasek.stackedpads.local PowerShell[0]: {"EventTime":1657288483,"Hostname":"wrk-shasek.stackedpads.local","Keywords":36028797018963968,"EventType":"INFO","SeverityValue":2,"Severity":"INFO","EventID":800,"SourceName":"PowerShell","Version":0,"Task":8,"OpcodeValue":0,"RecordNumber":5112,"ProcessID":0,"ThreadID":0,"Channel":"Windows PowerShell","Message":"Pipeline execution details for command line:         $Domain_check = New-Object System.DirectoryServices.DirectoryEntry($Domain,$User,$Password)\r\n. \r\n\r\nContext Information: \r\n\tDetailSequence=1\r\n\tDetailTotal=1\r\n\r\n\tSequenceNumber=1036\r\n\r\n\tUserId=STACKEDPADS\\tim.smith\r\n\tHostName=ConsoleHost\r\n\tHostVersion=5.1.19041.1682\r\n\tHostId=42cdcba1-e8f1-4dd2-bc44-3932b9df9eed\r\n\tHostApplication=C:\\Windows\\System32\\WindowsPowerShell\\v1.0\\powershell.exe\r\n\tEngineVersion=5.1.19041.1682\r\n\tRunspaceId=401d1dde-7f2f-461c-ac0f-7d2718b0c594\r\n\tPipelineId=32\r\n\tScriptName=G:\\spray.ps1\r\n\tCommandLine=        $Domain_check = New-Object System.DirectoryServices.DirectoryEntry($Domain,$User,$Password)\r\n \r\n\r\nDetails: \r\nCommandInvocation(New-Object): \"New-Object\"\r\nParameterBinding(New-Object): name=\"TypeName\"; value=\"System.DirectoryServices.DirectoryEntry\"\r\nParameterBinding(New-Object): name=\"ArgumentList\"; value=\"LDAP://DC=stackedpads,DC=local, dave.young, capital-08\"\r\n","Category":"Pipeline Execution Details","Opcode":"Info","EventReceivedTime":1657288484,"SourceModuleName":"in_powershell","SourceModuleType":"im_msvistalog"}
<15>Jul  8 13:54:45 wrk-shasek.stackedpads.local Microsoft-Windows-PowerShell[2744]: {"EventTime":1657288483,"Hostname":"wrk-shasek.stackedpads.local","Keywords":0,"EventType":"VERBOSE","SeverityValue":1,"Severity":"DEBUG","EventID":4106,"SourceName":"Microsoft-Windows-PowerShell","ProviderGuid":"{A0C1853B-5C40-4B15-8766-3CF1C58F985A}","Version":1,"Task":103,"OpcodeValue":15,"RecordNumber":10042,"ActivityID":"{66883D06-FD3B-0001-0077-28DDCE92D801}","ProcessID":2744,"ThreadID":6748,"Channel":"Microsoft-Windows-PowerShell/Operational","Domain":"STACKEDPADS","AccountName":"tim.smith","UserID":"S-1-5-21-2264196694-1469429678-912427992-1107","AccountType":"User","Message":"Completed invocation of ScriptBlock ID: a13e22ad-2e30-45b8-aee3-90077942ad45\r\nRunspace ID: 401d1dde-7f2f-461c-ac0f-7d2718b0c594","Category":"Stopping Command","Opcode":"On create calls","ScriptBlockId":"a13e22ad-2e30-45b8-aee3-90077942ad45","RunspaceId":"401d1dde-7f2f-461c-ac0f-7d2718b0c594","EventReceivedTime":1657288485,"SourceModuleName":"in_powershell","SourceModuleType":"im_msvistalog"}
<14>Jul  8 13:54:44 wrk-shasek.stackedpads.local PowerShell[0]: {"EventTime":1657288483,"Hostname":"wrk-shasek.stackedpads.local","Keywords":36028797018963968,"EventType":"INFO","SeverityValue":2,"Severity":"INFO","EventID":501,"SourceName":"PowerShell","Version":0,"Task":5,"OpcodeValue":0,"RecordNumber":5081,"ProcessID":0,"ThreadID":0,"Channel":"Windows PowerShell","Message":"Command \"Countdown-Timer\" is Stopped. \r\n\r\nDetails: \r\n\tNewCommandState=Stopped\r\n\r\n\tSequenceNumber=996\r\n\r\n\tHostName=ConsoleHost\r\n\tHostVersion=5.1.19041.1682\r\n\tHostId=42cdcba1-e8f1-4dd2-bc44-3932b9df9eed\r\n\tHostApplication=C:\\Windows\\System32\\WindowsPowerShell\\v1.0\\powershell.exe\r\n\tEngineVersion=5.1.19041.1682\r\n\tRunspaceId=401d1dde-7f2f-461c-ac0f-7d2718b0c594\r\n\tPipelineId=32\r\n\tCommandName=Countdown-Timer\r\n\tCommandType=Function\r\n\tScriptName=G:\\spray.ps1\r\n\tCommandPath=\r\n\tCommandLine=                Countdown-Timer -Seconds (60*$observation_window + $Fudge) -Quiet $Quiet\r\n","Category":"Command Lifecycle","Opcode":"Info","EventReceivedTime":1657288484,"SourceModuleName":"in_powershell","SourceModuleType":"im_msvistalog"}
<14>Jul  8 13:54:44 wrk-shasek.stackedpads.local PowerShell[0]: {"EventTime":1657288483,"Hostname":"wrk-shasek.stackedpads.local","Keywords":36028797018963968,"EventType":"INFO","SeverityValue":2,"Severity":"INFO","EventID":501,"SourceName":"PowerShell","Version":0,"Task":5,"OpcodeValue":0,"RecordNumber":5096,"ProcessID":0,"ThreadID":0,"Channel":"Windows PowerShell","Message":"Command \"New-Object\" is Stopped. \r\n\r\nDetails: \r\n\tNewCommandState=Stopped\r\n\r\n\tSequenceNumber=1015\r\n\r\n\tHostName=ConsoleHost\r\n\tHostVersion=5.1.19041.1682\r\n\tHostId=42cdcba1-e8f1-4dd2-bc44-3932b9df9eed\r\n\tHostApplication=C:\\Windows\\System32\\WindowsPowerShell\\v1.0\\powershell.exe\r\n\tEngineVersion=5.1.19041.1682\r\n\tRunspaceId=401d1dde-7f2f-461c-ac0f-7d2718b0c594\r\n\tPipelineId=32\r\n\tCommandName=New-Object\r\n\tCommandType=Cmdlet\r\n\tScriptName=G:\\spray.ps1\r\n\tCommandPath=\r\n\tCommandLine=        $Domain_check = New-Object System.DirectoryServices.DirectoryEntry($Domain,$User,$Password)\r\n","Category":"Command Lifecycle","Opcode":"Info","EventReceivedTime":1657288484,"SourceModuleName":"in_powershell","SourceModuleType":"im_msvistalog"}
<14>Jul  8 13:54:44 wrk-shasek.stackedpads.local PowerShell[0]: {"EventTime":1657288483,"Hostname":"wrk-shasek.stackedpads.local","Keywords":36028797018963968,"EventType":"INFO","SeverityValue":2,"Severity":"INFO","EventID":500,"SourceName":"PowerShell","Version":0,"Task":5,"OpcodeValue":0,"RecordNumber":5133,"ProcessID":0,"ThreadID":0,"Channel":"Windows PowerShell","Message":"Command \"Write-Host\" is Started. \r\n\r\nDetails: \r\n\tNewCommandState=Started\r\n\r\n\tSequenceNumber=1064\r\n\r\n\tHostName=ConsoleHost\r\n\tHostVersion=5.1.19041.1682\r\n\tHostId=42cdcba1-e8f1-4dd2-bc44-3932b9df9eed\r\n\tHostApplication=C:\\Windows\\System32\\WindowsPowerShell\\v1.0\\powershell.exe\r\n\tEngineVersion=5.1.19041.1682\r\n\tRunspaceId=401d1dde-7f2f-461c-ac0f-7d2718b0c594\r\n\tPipelineId=32\r\n\tCommandName=Write-Host\r\n\tCommandType=Cmdlet\r\n\tScriptName=G:\\spray.ps1\r\n\tCommandPath=\r\n\tCommandLine=        Write-Host \"$Message Waiting for $($Seconds/60) minutes. $($Seconds - $Count)\"\r\n","Category":"Command Lifecycle","Opcode":"Info","EventReceivedTime":1657288484,"SourceModuleName":"in_powershell","SourceModuleType":"im_msvistalog"}
<14>Jul  8 13:54:44 wrk-shasek.stackedpads.local PowerShell[0]: {"EventTime":1657288483,"Hostname":"wrk-shasek.stackedpads.local","Keywords":36028797018963968,"EventType":"INFO","SeverityValue":2,"Severity":"INFO","EventID":800,"SourceName":"PowerShell","Version":0,"Task":8,"OpcodeValue":0,"RecordNumber":5121,"ProcessID":0,"ThreadID":0,"Channel":"Windows PowerShell","Message":"Pipeline execution details for command line:         $Domain_check = New-Object System.DirectoryServices.DirectoryEntry($Domain,$User,$Password)\r\n. \r\n\r\nContext Information: \r\n\tDetailSequence=1\r\n\tDetailTotal=1\r\n\r\n\tSequenceNumber=1048\r\n\r\n\tUserId=STACKEDPADS\\tim.smith\r\n\tHostName=ConsoleHost\r\n\tHostVersion=5.1.19041.1682\r\n\tHostId=42cdcba1-e8f1-4dd2-bc44-3932b9df9eed\r\n\tHostApplication=C:\\Windows\\System32\\WindowsPowerShell\\v1.0\\powershell.exe\r\n\tEngineVersion=5.1.19041.1682\r\n\tRunspaceId=401d1dde-7f2f-461c-ac0f-7d2718b0c594\r\n\tPipelineId=32\r\n\tScriptName=G:\\spray.ps1\r\n\tCommandLine=        $Domain_check = New-Object System.DirectoryServices.DirectoryEntry($Domain,$User,$Password)\r\n \r\n\r\nDetails: \r\nCommandInvocation(New-Object): \"New-Object\"\r\nParameterBinding(New-Object): name=\"TypeName\"; value=\"System.DirectoryServices.DirectoryEntry\"\r\nParameterBinding(New-Object): name=\"ArgumentList\"; value=\"LDAP://DC=stackedpads,DC=local, jane.rodgers, capital-08\"\r\n","Category":"Pipeline Execution Details","Opcode":"Info","EventReceivedTime":1657288484,"SourceModuleName":"in_powershell","SourceModuleType":"im_msvistalog"}
<14>Jul  8 13:54:44 wrk-shasek.stackedpads.local PowerShell[0]: {"EventTime":1657288483,"Hostname":"wrk-shasek.stackedpads.local","Keywords":36028797018963968,"EventType":"INFO","SeverityValue":2,"Severity":"INFO","EventID":500,"SourceName":"PowerShell","Version":0,"Task":5,"OpcodeValue":0,"RecordNumber":5128,"ProcessID":0,"ThreadID":0,"Channel":"Windows PowerShell","Message":"Command \"New-Object\" is Started. \r\n\r\nDetails: \r\n\tNewCommandState=Started\r\n\r\n\tSequenceNumber=1058\r\n\r\n\tHostName=ConsoleHost\r\n\tHostVersion=5.1.19041.1682\r\n\tHostId=42cdcba1-e8f1-4dd2-bc44-3932b9df9eed\r\n\tHostApplication=C:\\Windows\\System32\\WindowsPowerShell\\v1.0\\powershell.exe\r\n\tEngineVersion=5.1.19041.1682\r\n\tRunspaceId=401d1dde-7f2f-461c-ac0f-7d2718b0c594\r\n\tPipelineId=32\r\n\tCommandName=New-Object\r\n\tCommandType=Cmdlet\r\n\tScriptName=G:\\spray.ps1\r\n\tCommandPath=\r\n\tCommandLine=        $Domain_check = New-Object System.DirectoryServices.DirectoryEntry($Domain,$User,$Password)\r\n","Category":"Command Lifecycle","Opcode":"Info","EventReceivedTime":1657288484,"SourceModuleName":"in_powershell","SourceModuleType":"im_msvistalog"}
<14>Jul  8 13:54:44 wrk-shasek.stackedpads.local PowerShell[0]: {"EventTime":1657288483,"Hostname":"wrk-shasek.stackedpads.local","Keywords":36028797018963968,"EventType":"INFO","SeverityValue":2,"Severity":"INFO","EventID":501,"SourceName":"PowerShell","Version":0,"Task":5,"OpcodeValue":0,"RecordNumber":5102,"ProcessID":0,"ThreadID":0,"Channel":"Windows PowerShell","Message":"Command \"New-Object\" is Stopped. \r\n\r\nDetails: \r\n\tNewCommandState=Stopped\r\n\r\n\tSequenceNumber=1023\r\n\r\n\tHostName=ConsoleHost\r\n\tHostVersion=5.1.19041.1682\r\n\tHostId=42cdcba1-e8f1-4dd2-bc44-3932b9df9eed\r\n\tHostApplication=C:\\Windows\\System32\\WindowsPowerShell\\v1.0\\powershell.exe\r\n\tEngineVersion=5.1.19041.1682\r\n\tRunspaceId=401d1dde-7f2f-461c-ac0f-7d2718b0c594\r\n\tPipelineId=32\r\n\tCommandName=New-Object\r\n\tCommandType=Cmdlet\r\n\tScriptName=G:\\spray.ps1\r\n\tCommandPath=\r\n\tCommandLine=        $Domain_check = New-Object System.DirectoryServices.DirectoryEntry($Domain,$User,$Password)\r\n","Category":"Command Lifecycle","Opcode":"Info","EventReceivedTime":1657288484,"SourceModuleName":"in_powershell","SourceModuleType":"im_msvistalog"}
<14>Jul  8 13:54:44 wrk-shasek.stackedpads.local PowerShell[0]: {"EventTime":1657288483,"Hostname":"wrk-shasek.stackedpads.local","Keywords":36028797018963968,"EventType":"INFO","SeverityValue":2,"Severity":"INFO","EventID":800,"SourceName":"PowerShell","Version":0,"Task":8,"OpcodeValue":0,"RecordNumber":5103,"ProcessID":0,"ThreadID":0,"Channel":"Windows PowerShell","Message":"Pipeline execution details for command line:         $Domain_check = New-Object System.DirectoryServices.DirectoryEntry($Domain,$User,$Password)\r\n. \r\n\r\nContext Information: \r\n\tDetailSequence=1\r\n\tDetailTotal=1\r\n\r\n\tSequenceNumber=1024\r\n\r\n\tUserId=STACKEDPADS\\tim.smith\r\n\tHostName=ConsoleHost\r\n\tHostVersion=5.1.19041.1682\r\n\tHostId=42cdcba1-e8f1-4dd2-bc44-3932b9df9eed\r\n\tHostApplication=C:\\Windows\\System32\\WindowsPowerShell\\v1.0\\powershell.exe\r\n\tEngineVersion=5.1.19041.1682\r\n\tRunspaceId=401d1dde-7f2f-461c-ac0f-7d2718b0c594\r\n\tPipelineId=32\r\n\tScriptName=G:\\spray.ps1\r\n\tCommandLine=        $Domain_check = New-Object System.DirectoryServices.DirectoryEntry($Domain,$User,$Password)\r\n \r\n\r\nDetails: \r\nCommandInvocation(New-Object): \"New-Object\"\r\nParameterBinding(New-Object): name=\"TypeName\"; value=\"System.DirectoryServices.DirectoryEntry\"\r\nParameterBinding(New-Object): name=\"ArgumentList\"; value=\"LDAP://DC=stackedpads,DC=local, jack.white, capital-08\"\r\n","Category":"Pipeline Execution Details","Opcode":"Info","EventReceivedTime":1657288484,"SourceModuleName":"in_powershell","SourceModuleType":"im_msvistalog"}
<14>Jul  8 13:54:44 wrk-shasek.stackedpads.local PowerShell[0]: {"EventTime":1657288483,"Hostname":"wrk-shasek.stackedpads.local","Keywords":36028797018963968,"EventType":"INFO","SeverityValue":2,"Severity":"INFO","EventID":501,"SourceName":"PowerShell","Version":0,"Task":5,"OpcodeValue":0,"RecordNumber":5108,"ProcessID":0,"ThreadID":0,"Channel":"Windows PowerShell","Message":"Command \"New-Object\" is Stopped. \r\n\r\nDetails: \r\n\tNewCommandState=Stopped\r\n\r\n\tSequenceNumber=1031\r\n\r\n\tHostName=ConsoleHost\r\n\tHostVersion=5.1.19041.1682\r\n\tHostId=42cdcba1-e8f1-4dd2-bc44-3932b9df9eed\r\n\tHostApplication=C:\\Windows\\System32\\WindowsPowerShell\\v1.0\\powershell.exe\r\n\tEngineVersion=5.1.19041.1682\r\n\tRunspaceId=401d1dde-7f2f-461c-ac0f-7d2718b0c594\r\n\tPipelineId=32\r\n\tCommandName=New-Object\r\n\tCommandType=Cmdlet\r\n\tScriptName=G:\\spray.ps1\r\n\tCommandPath=\r\n\tCommandLine=        $Domain_check = New-Object System.DirectoryServices.DirectoryEntry($Domain,$User,$Password)\r\n","Category":"Command Lifecycle","Opcode":"Info","EventReceivedTime":1657288484,"SourceModuleName":"in_powershell","SourceModuleType":"im_msvistalog"}
