<14>Jul  8 13:42:23 activedir.stackedpads.local Microsoft-Windows-Sysmon[3224]: {"EventTime":1657287741,"Hostname":"activedir.stackedpads.local","Keywords":-9223372036854775808,"EventType":"INFO","SeverityValue":2,"Severity":"INFO","EventID":12,"SourceName":"Microsoft-Windows-Sysmon","ProviderGuid":"{5770385F-C22A-43E0-BF4C-06F5698FFBD9}","Version":2,"Task":12,"OpcodeValue":0,"RecordNumber":278367,"ProcessID":3224,"ThreadID":4128,"Channel":"Microsoft-Windows-Sysmon/Operational","Domain":"NT AUTHORITY","AccountName":"SYSTEM","UserID":"S-1-5-18","AccountType":"User","Message":"Registry object added or deleted:\r\nRuleName: technique_id=T1130,technique_name=Install Root Certificate\r\nEventType: CreateKey\r\nUtcTime: 2022-07-08 13:42:21.821\r\nProcessGuid: {3be6fa21-31ee-62c8-7f00-000000001100}\r\nProcessId: 4980\r\nImage: C:\\Windows\\system32\\svchost.exe\r\nTargetObject: HKU\\.DEFAULT\\Software\\Microsoft\\SystemCertificates\\CA\\Certificates\r\nUser: NT AUTHORITY\\SYSTEM","Category":"Registry object added or deleted (rule: RegistryEvent)","Opcode":"Info","RuleName":"technique_id=T1130,technique_name=Install Root Certificate","UtcTime":"2022-07-08 13:42:21.821","ProcessGuid":"{3be6fa21-31ee-62c8-7f00-000000001100}","Image":"C:\\Windows\\system32\\svchost.exe","TargetObject":"HKU\\.DEFAULT\\Software\\Microsoft\\SystemCertificates\\CA\\Certificates","User":"NT AUTHORITY\\SYSTEM","EventReceivedTime":1657287743,"SourceModuleName":"in_sysmon","SourceModuleType":"im_msvistalog"}
<14>Jul  8 13:42:23 activedir.stackedpads.local Microsoft-Windows-Sysmon[3224]: {"EventTime":1657287741,"Hostname":"activedir.stackedpads.local","Keywords":-9223372036854775808,"EventType":"INFO","SeverityValue":2,"Severity":"INFO","EventID":12,"SourceName":"Microsoft-Windows-Sysmon","ProviderGuid":"{5770385F-C22A-43E0-BF4C-06F5698FFBD9}","Version":2,"Task":12,"OpcodeValue":0,"RecordNumber":278370,"ProcessID":3224,"ThreadID":4128,"Channel":"Microsoft-Windows-Sysmon/Operational","Domain":"NT AUTHORITY","AccountName":"SYSTEM","UserID":"S-1-5-18","AccountType":"User","Message":"Registry object added or deleted:\r\nRuleName: technique_id=T1130,technique_name=Install Root Certificate\r\nEventType: CreateKey\r\nUtcTime: 2022-07-08 13:42:21.821\r\nProcessGuid: {3be6fa21-31ee-62c8-7f00-000000001100}\r\nProcessId: 4980\r\nImage: C:\\Windows\\system32\\svchost.exe\r\nTargetObject: HKLM\\SOFTWARE\\Policies\\Microsoft\\SystemCertificates\\CA\\Certificates\r\nUser: NT AUTHORITY\\SYSTEM","Category":"Registry object added or deleted (rule: RegistryEvent)","Opcode":"Info","RuleName":"technique_id=T1130,technique_name=Install Root Certificate","UtcTime":"2022-07-08 13:42:21.821","ProcessGuid":"{3be6fa21-31ee-62c8-7f00-000000001100}","Image":"C:\\Windows\\system32\\svchost.exe","TargetObject":"HKLM\\SOFTWARE\\Policies\\Microsoft\\SystemCertificates\\CA\\Certificates","User":"NT AUTHORITY\\SYSTEM","EventReceivedTime":1657287743,"SourceModuleName":"in_sysmon","SourceModuleType":"im_msvistalog"}
<14>Jul  8 13:42:23 activedir.stackedpads.local Microsoft-Windows-Sysmon[3224]: {"EventTime":1657287741,"Hostname":"activedir.stackedpads.local","Keywords":-9223372036854775808,"EventType":"INFO","SeverityValue":2,"Severity":"INFO","EventID":12,"SourceName":"Microsoft-Windows-Sysmon","ProviderGuid":"{5770385F-C22A-43E0-BF4C-06F5698FFBD9}","Version":2,"Task":12,"OpcodeValue":0,"RecordNumber":278368,"ProcessID":3224,"ThreadID":4128,"Channel":"Microsoft-Windows-Sysmon/Operational","Domain":"NT AUTHORITY","AccountName":"SYSTEM","UserID":"S-1-5-18","AccountType":"User","Message":"Registry object added or deleted:\r\nRuleName: technique_id=T1130,technique_name=Install Root Certificate\r\nEventType: CreateKey\r\nUtcTime: 2022-07-08 13:42:21.821\r\nProcessGuid: {3be6fa21-31ee-62c8-7f00-000000001100}\r\nProcessId: 4980\r\nImage: C:\\Windows\\system32\\svchost.exe\r\nTargetObject: HKU\\.DEFAULT\\Software\\Policies\\Microsoft\\SystemCertificates\\CA\\Certificates\r\nUser: NT AUTHORITY\\SYSTEM","Category":"Registry object added or deleted (rule: RegistryEvent)","Opcode":"Info","RuleName":"technique_id=T1130,technique_name=Install Root Certificate","UtcTime":"2022-07-08 13:42:21.821","ProcessGuid":"{3be6fa21-31ee-62c8-7f00-000000001100}","Image":"C:\\Windows\\system32\\svchost.exe","TargetObject":"HKU\\.DEFAULT\\Software\\Policies\\Microsoft\\SystemCertificates\\CA\\Certificates","User":"NT AUTHORITY\\SYSTEM","EventReceivedTime":1657287743,"SourceModuleName":"in_sysmon","SourceModuleType":"im_msvistalog"}
<14>Jul  8 13:42:23 activedir.stackedpads.local Microsoft-Windows-Sysmon[3224]: {"EventTime":1657287741,"Hostname":"activedir.stackedpads.local","Keywords":-9223372036854775808,"EventType":"INFO","SeverityValue":2,"Severity":"INFO","EventID":12,"SourceName":"Microsoft-Windows-Sysmon","ProviderGuid":"{5770385F-C22A-43E0-BF4C-06F5698FFBD9}","Version":2,"Task":12,"OpcodeValue":0,"RecordNumber":278369,"ProcessID":3224,"ThreadID":4128,"Channel":"Microsoft-Windows-Sysmon/Operational","Domain":"NT AUTHORITY","AccountName":"SYSTEM","UserID":"S-1-5-18","AccountType":"User","Message":"Registry object added or deleted:\r\nRuleName: technique_id=T1130,technique_name=Install Root Certificate\r\nEventType: CreateKey\r\nUtcTime: 2022-07-08 13:42:21.821\r\nProcessGuid: {3be6fa21-31ee-62c8-7f00-000000001100}\r\nProcessId: 4980\r\nImage: C:\\Windows\\system32\\svchost.exe\r\nTargetObject: HKLM\\SOFTWARE\\Microsoft\\SystemCertificates\\CA\\Certificates\r\nUser: NT AUTHORITY\\SYSTEM","Category":"Registry object added or deleted (rule: RegistryEvent)","Opcode":"Info","RuleName":"technique_id=T1130,technique_name=Install Root Certificate","UtcTime":"2022-07-08 13:42:21.821","ProcessGuid":"{3be6fa21-31ee-62c8-7f00-000000001100}","Image":"C:\\Windows\\system32\\svchost.exe","TargetObject":"HKLM\\SOFTWARE\\Microsoft\\SystemCertificates\\CA\\Certificates","User":"NT AUTHORITY\\SYSTEM","EventReceivedTime":1657287743,"SourceModuleName":"in_sysmon","SourceModuleType":"im_msvistalog"}
<14>Jul  8 13:42:23 activedir.stackedpads.local Microsoft-Windows-Sysmon[3224]: {"EventTime":1657287741,"Hostname":"activedir.stackedpads.local","Keywords":-9223372036854775808,"EventType":"INFO","SeverityValue":2,"Severity":"INFO","EventID":12,"SourceName":"Microsoft-Windows-Sysmon","ProviderGuid":"{5770385F-C22A-43E0-BF4C-06F5698FFBD9}","Version":2,"Task":12,"OpcodeValue":0,"RecordNumber":278372,"ProcessID":3224,"ThreadID":4128,"Channel":"Microsoft-Windows-Sysmon/Operational","Domain":"NT AUTHORITY","AccountName":"SYSTEM","UserID":"S-1-5-18","AccountType":"User","Message":"Registry object added or deleted:\r\nRuleName: technique_id=T1130,technique_name=Install Root Certificate\r\nEventType: CreateKey\r\nUtcTime: 2022-07-08 13:42:21.836\r\nProcessGuid: {3be6fa21-31ee-62c8-7f00-000000001100}\r\nProcessId: 4980\r\nImage: C:\\Windows\\system32\\svchost.exe\r\nTargetObject: HKLM\\SOFTWARE\\Microsoft\\SystemCertificates\\ROOT\\Certificates\r\nUser: NT AUTHORITY\\SYSTEM","Category":"Registry object added or deleted (rule: RegistryEvent)","Opcode":"Info","RuleName":"technique_id=T1130,technique_name=Install Root Certificate","UtcTime":"2022-07-08 13:42:21.836","ProcessGuid":"{3be6fa21-31ee-62c8-7f00-000000001100}","Image":"C:\\Windows\\system32\\svchost.exe","TargetObject":"HKLM\\SOFTWARE\\Microsoft\\SystemCertificates\\ROOT\\Certificates","User":"NT AUTHORITY\\SYSTEM","EventReceivedTime":1657287743,"SourceModuleName":"in_sysmon","SourceModuleType":"im_msvistalog"}
<14>Jul  8 13:42:23 activedir.stackedpads.local Microsoft-Windows-Sysmon[3224]: {"EventTime":1657287741,"Hostname":"activedir.stackedpads.local","Keywords":-9223372036854775808,"EventType":"INFO","SeverityValue":2,"Severity":"INFO","EventID":12,"SourceName":"Microsoft-Windows-Sysmon","ProviderGuid":"{5770385F-C22A-43E0-BF4C-06F5698FFBD9}","Version":2,"Task":12,"OpcodeValue":0,"RecordNumber":278373,"ProcessID":3224,"ThreadID":4128,"Channel":"Microsoft-Windows-Sysmon/Operational","Domain":"NT AUTHORITY","AccountName":"SYSTEM","UserID":"S-1-5-18","AccountType":"User","Message":"Registry object added or deleted:\r\nRuleName: technique_id=T1130,technique_name=Install Root Certificate\r\nEventType: CreateKey\r\nUtcTime: 2022-07-08 13:42:21.836\r\nProcessGuid: {3be6fa21-31ee-62c8-7f00-000000001100}\r\nProcessId: 4980\r\nImage: C:\\Windows\\system32\\svchost.exe\r\nTargetObject: HKLM\\SOFTWARE\\Microsoft\\EnterpriseCertificates\\Root\\Certificates\r\nUser: NT AUTHORITY\\SYSTEM","Category":"Registry object added or deleted (rule: RegistryEvent)","Opcode":"Info","RuleName":"technique_id=T1130,technique_name=Install Root Certificate","UtcTime":"2022-07-08 13:42:21.836","ProcessGuid":"{3be6fa21-31ee-62c8-7f00-000000001100}","Image":"C:\\Windows\\system32\\svchost.exe","TargetObject":"HKLM\\SOFTWARE\\Microsoft\\EnterpriseCertificates\\Root\\Certificates","User":"NT AUTHORITY\\SYSTEM","EventReceivedTime":1657287743,"SourceModuleName":"in_sysmon","SourceModuleType":"im_msvistalog"}
<14>Jul  8 13:42:23 activedir.stackedpads.local Microsoft-Windows-Sysmon[3224]: {"EventTime":1657287742,"Hostname":"activedir.stackedpads.local","Keywords":-9223372036854775808,"EventType":"INFO","SeverityValue":2,"Severity":"INFO","EventID":13,"SourceName":"Microsoft-Windows-Sysmon","ProviderGuid":"{5770385F-C22A-43E0-BF4C-06F5698FFBD9}","Version":2,"Task":13,"OpcodeValue":0,"RecordNumber":278375,"ProcessID":3224,"ThreadID":4128,"Channel":"Microsoft-Windows-Sysmon/Operational","Domain":"NT AUTHORITY","AccountName":"SYSTEM","UserID":"S-1-5-18","AccountType":"User","Message":"Registry value set:\r\nRuleName: technique_id=T1543,technique_name=Service Creation\r\nEventType: SetValue\r\nUtcTime: 2022-07-08 13:42:22.117\r\nProcessGuid: {3be6fa21-31c6-62c8-1700-000000001100}\r\nProcessId: 976\r\nImage: C:\\Windows\\system32\\svchost.exe\r\nTargetObject: HKLM\\System\\CurrentControlSet\\Services\\w32time\\Config\\LastKnownGoodTime\r\nDetails: QWORD (0x01d892d0-0x8cd6f70b)\r\nUser: NT AUTHORITY\\LOCAL SERVICE","Category":"Registry value set (rule: RegistryEvent)","Opcode":"Info","RuleName":"technique_id=T1543,technique_name=Service Creation","UtcTime":"2022-07-08 13:42:22.117","ProcessGuid":"{3be6fa21-31c6-62c8-1700-000000001100}","Image":"C:\\Windows\\system32\\svchost.exe","TargetObject":"HKLM\\System\\CurrentControlSet\\Services\\w32time\\Config\\LastKnownGoodTime","Details":"QWORD (0x01d892d0-0x8cd6f70b)","User":"NT AUTHORITY\\LOCAL SERVICE","EventReceivedTime":1657287743,"SourceModuleName":"in_sysmon","SourceModuleType":"im_msvistalog"}
<14>Jul  8 13:42:24 wrk-shasek.stackedpads.local Microsoft-Windows-Sysmon[2568]: {"EventTime":1657287742,"Hostname":"wrk-shasek.stackedpads.local","Keywords":-9223372036854775808,"EventType":"INFO","SeverityValue":2,"Severity":"INFO","EventID":12,"SourceName":"Microsoft-Windows-Sysmon","ProviderGuid":"{5770385F-C22A-43E0-BF4C-06F5698FFBD9}","Version":2,"Task":12,"OpcodeValue":0,"RecordNumber":72853,"ProcessID":2568,"ThreadID":3284,"Channel":"Microsoft-Windows-Sysmon/Operational","Domain":"NT AUTHORITY","AccountName":"SYSTEM","UserID":"S-1-5-18","AccountType":"User","Message":"Registry object added or deleted:\r\nRuleName: technique_id=T1003,technique_name=Credential Dumping\r\nEventType: CreateKey\r\nUtcTime: 2022-07-08 13:42:22.183\r\nProcessGuid: {6b7cbb53-343b-62c8-f100-000000000e00}\r\nProcessId: 6516\r\nImage: C:\\Users\\tim.smith\\AppData\\Local\\Microsoft\\OneDrive\\OneDrive.exe\r\nTargetObject: HKLM\\System\\CurrentControlSet\\Control\\SecurityProviders\\SCHANNEL\r\nUser: STACKEDPADS\\tim.smith","Category":"Registry object added or deleted (rule: RegistryEvent)","Opcode":"Info","RuleName":"technique_id=T1003,technique_name=Credential Dumping","UtcTime":"2022-07-08 13:42:22.183","ProcessGuid":"{6b7cbb53-343b-62c8-f100-000000000e00}","Image":"C:\\Users\\tim.smith\\AppData\\Local\\Microsoft\\OneDrive\\OneDrive.exe","TargetObject":"HKLM\\System\\CurrentControlSet\\Control\\SecurityProviders\\SCHANNEL","User":"STACKEDPADS\\tim.smith","EventReceivedTime":1657287744,"SourceModuleName":"in_sysmon","SourceModuleType":"im_msvistalog"}
<14>Jul  8 13:42:24 wrk-shasek.stackedpads.local Microsoft-Windows-Sysmon[2568]: {"EventTime":1657287743,"Hostname":"wrk-shasek.stackedpads.local","Keywords":-9223372036854775808,"EventType":"INFO","SeverityValue":2,"Severity":"INFO","EventID":10,"SourceName":"Microsoft-Windows-Sysmon","ProviderGuid":"{5770385F-C22A-43E0-BF4C-06F5698FFBD9}","Version":3,"Task":10,"OpcodeValue":0,"RecordNumber":72870,"ProcessID":2568,"ThreadID":3284,"Channel":"Microsoft-Windows-Sysmon/Operational","Domain":"NT AUTHORITY","AccountName":"SYSTEM","UserID":"S-1-5-18","AccountType":"User","Message":"Process accessed:\r\nRuleName: technique_id=T1036,technique_name=Masquerading\r\nUtcTime: 2022-07-08 13:42:23.004\r\nSourceProcessGUID: {6b7cbb53-343b-62c8-f100-000000000e00}\r\nSourceProcessId: 6516\r\nSourceThreadId: 5504\r\nSourceImage: C:\\Users\\tim.smith\\AppData\\Local\\Microsoft\\OneDrive\\OneDrive.exe\r\nTargetProcessGUID: {6b7cbb53-3429-62c8-db00-000000000e00}\r\nTargetProcessId: 5636\r\nTargetImage: C:\\Windows\\Explorer.EXE\r\nGrantedAccess: 0x40\r\nCallTrace: C:\\Windows\\SYSTEM32\\ntdll.dll+9d204|C:\\Windows\\System32\\wow64.dll+10955|C:\\Windows\\System32\\wow64.dll+901a|C:\\Windows\\System32\\wow64cpu.dll+17c3|C:\\Windows\\System32\\wow64cpu.dll+11b9|C:\\Windows\\System32\\wow64.dll+38c9|C:\\Windows\\System32\\wow64.dll+32bd|C:\\Windows\\SYSTEM32\\ntdll.dll+d3592|C:\\Windows\\SYSTEM32\\ntdll.dll+74cdb|C:\\Windows\\SYSTEM32\\ntdll.dll+74b63|C:\\Windows\\SYSTEM32\\ntdll.dll+74b0e|C:\\Windows\\SYSTEM32\\ntdll.dll+72c3c(wow64)|C:\\Windows\\System32\\KERNELBASE.dll+10ffd8(wow64)|C:\\Windows\\System32\\shcore.dll+2598c(wow64)|C:\\Windows\\System32\\shcore.dll+2595b(wow64)|C:\\Windows\\System32\\shcore.dll+221ac(wow64)|C:\\Windows\\System32\\SHELL32.dll+13ccb8(wow64)|C:\\Windows\\System32\\SHELL32.dll+11377b(wow64)|C:\\Windows\\System32\\SHELL32.dll+113595(wow64)|C:\\Windows\\System32\\ieframe.dll+bfe6f(wow64)|C:\\Windows\\System32\\ieframe.dll+beb28(wow64)|C:\\Windows\\System32\\ieframe.dll+c785e(wow64)|C:\\Windows\\System32\\ieframe.dll+c60a1(wow64)|C:\\Windows\\System32\\ieframe.dll+db003(wow64)\r\nSourceUser: STACKEDPADS\\tim.smith\r\nTargetUser: STACKEDPADS\\tim.smith","Category":"Process accessed (rule: ProcessAccess)","Opcode":"Info","RuleName":"technique_id=T1036,technique_name=Masquerading","UtcTime":"2022-07-08 13:42:23.004","SourceProcessGUID":"{6b7cbb53-343b-62c8-f100-000000000e00}","SourceProcessId":"6516","SourceThreadId":"5504","SourceImage":"C:\\Users\\tim.smith\\AppData\\Local\\Microsoft\\OneDrive\\OneDrive.exe","TargetProcessGUID":"{6b7cbb53-3429-62c8-db00-000000000e00}","TargetProcessId":"5636","TargetImage":"C:\\Windows\\Explorer.EXE","GrantedAccess":"0x40","CallTrace":"C:\\Windows\\SYSTEM32\\ntdll.dll+9d204|C:\\Windows\\System32\\wow64.dll+10955|C:\\Windows\\System32\\wow64.dll+901a|C:\\Windows\\System32\\wow64cpu.dll+17c3|C:\\Windows\\System32\\wow64cpu.dll+11b9|C:\\Windows\\System32\\wow64.dll+38c9|C:\\Windows\\System32\\wow64.dll+32bd|C:\\Windows\\SYSTEM32\\ntdll.dll+d3592|C:\\Windows\\SYSTEM32\\ntdll.dll+74cdb|C:\\Windows\\SYSTEM32\\ntdll.dll+74b63|C:\\Windows\\SYSTEM32\\ntdll.dll+74b0e|C:\\Windows\\SYSTEM32\\ntdll.dll+72c3c(wow64)|C:\\Windows\\System32\\KERNELBASE.dll+10ffd8(wow64)|C:\\Windows\\System32\\shcore.dll+2598c(wow64)|C:\\Windows\\System32\\shcore.dll+2595b(wow64)|C:\\Windows\\System32\\shcore.dll+221ac(wow64)|C:\\Windows\\System32\\SHELL32.dll+13ccb8(wow64)|C:\\Windows\\System32\\SHELL32.dll+11377b(wow64)|C:\\Windows\\System32\\SHELL32.dll+113595(wow64)|C:\\Windows\\System32\\ieframe.dll+bfe6f(wow64)|C:\\Windows\\System32\\ieframe.dll+beb28(wow64)|C:\\Windows\\System32\\ieframe.dll+c785e(wow64)|C:\\Windows\\System32\\ieframe.dll+c60a1(wow64)|C:\\Windows\\System32\\ieframe.dll+db003(wow64)","SourceUser":"STACKEDPADS\\tim.smith","TargetUser":"STACKEDPADS\\tim.smith","EventReceivedTime":1657287744,"SourceModuleName":"in_sysmon","SourceModuleType":"im_msvistalog"}
<14>Jul  8 13:42:24 wrk-shasek.stackedpads.local Microsoft-Windows-Sysmon[2568]: {"EventTime":1657287743,"Hostname":"wrk-shasek.stackedpads.local","Keywords":-9223372036854775808,"EventType":"INFO","SeverityValue":2,"Severity":"INFO","EventID":10,"SourceName":"Microsoft-Windows-Sysmon","ProviderGuid":"{5770385F-C22A-43E0-BF4C-06F5698FFBD9}","Version":3,"Task":10,"OpcodeValue":0,"RecordNumber":72866,"ProcessID":2568,"ThreadID":3284,"Channel":"Microsoft-Windows-Sysmon/Operational","Domain":"NT AUTHORITY","AccountName":"SYSTEM","UserID":"S-1-5-18","AccountType":"User","Message":"Process accessed:\r\nRuleName: technique_id=T1036,technique_name=Masquerading\r\nUtcTime: 2022-07-08 13:42:23.004\r\nSourceProcessGUID: {6b7cbb53-343b-62c8-f100-000000000e00}\r\nSourceProcessId: 6516\r\nSourceThreadId: 5504\r\nSourceImage: C:\\Users\\tim.smith\\AppData\\Local\\Microsoft\\OneDrive\\OneDrive.exe\r\nTargetProcessGUID: {6b7cbb53-3429-62c8-db00-000000000e00}\r\nTargetProcessId: 5636\r\nTargetImage: C:\\Windows\\Explorer.EXE\r\nGrantedAccess: 0x40\r\nCallTrace: C:\\Windows\\SYSTEM32\\ntdll.dll+9d204|C:\\Windows\\System32\\wow64.dll+10955|C:\\Windows\\System32\\wow64.dll+901a|C:\\Windows\\System32\\wow64cpu.dll+17c3|C:\\Windows\\System32\\wow64cpu.dll+11b9|C:\\Windows\\System32\\wow64.dll+38c9|C:\\Windows\\System32\\wow64.dll+32bd|C:\\Windows\\SYSTEM32\\ntdll.dll+d3592|C:\\Windows\\SYSTEM32\\ntdll.dll+74cdb|C:\\Windows\\SYSTEM32\\ntdll.dll+74b63|C:\\Windows\\SYSTEM32\\ntdll.dll+74b0e|C:\\Windows\\SYSTEM32\\ntdll.dll+72c3c(wow64)|C:\\Windows\\System32\\KERNELBASE.dll+10ffd8(wow64)|C:\\Windows\\System32\\shcore.dll+2598c(wow64)|C:\\Windows\\System32\\shcore.dll+2595b(wow64)|C:\\Windows\\System32\\shcore.dll+221ac(wow64)|C:\\Windows\\System32\\SHELL32.dll+13ccb8(wow64)|C:\\Windows\\System32\\SHELL32.dll+11377b(wow64)|C:\\Windows\\System32\\SHELL32.dll+113595(wow64)|C:\\Windows\\System32\\ieframe.dll+bfded(wow64)|C:\\Windows\\System32\\ieframe.dll+beb28(wow64)|C:\\Windows\\System32\\ieframe.dll+c785e(wow64)|C:\\Windows\\System32\\ieframe.dll+c60a1(wow64)|C:\\Windows\\System32\\ieframe.dll+db003(wow64)\r\nSourceUser: STACKEDPADS\\tim.smith\r\nTargetUser: STACKEDPADS\\tim.smith","Category":"Process accessed (rule: ProcessAccess)","Opcode":"Info","RuleName":"technique_id=T1036,technique_name=Masquerading","UtcTime":"2022-07-08 13:42:23.004","SourceProcessGUID":"{6b7cbb53-343b-62c8-f100-000000000e00}","SourceProcessId":"6516","SourceThreadId":"5504","SourceImage":"C:\\Users\\tim.smith\\AppData\\Local\\Microsoft\\OneDrive\\OneDrive.exe","TargetProcessGUID":"{6b7cbb53-3429-62c8-db00-000000000e00}","TargetProcessId":"5636","TargetImage":"C:\\Windows\\Explorer.EXE","GrantedAccess":"0x40","CallTrace":"C:\\Windows\\SYSTEM32\\ntdll.dll+9d204|C:\\Windows\\System32\\wow64.dll+10955|C:\\Windows\\System32\\wow64.dll+901a|C:\\Windows\\System32\\wow64cpu.dll+17c3|C:\\Windows\\System32\\wow64cpu.dll+11b9|C:\\Windows\\System32\\wow64.dll+38c9|C:\\Windows\\System32\\wow64.dll+32bd|C:\\Windows\\SYSTEM32\\ntdll.dll+d3592|C:\\Windows\\SYSTEM32\\ntdll.dll+74cdb|C:\\Windows\\SYSTEM32\\ntdll.dll+74b63|C:\\Windows\\SYSTEM32\\ntdll.dll+74b0e|C:\\Windows\\SYSTEM32\\ntdll.dll+72c3c(wow64)|C:\\Windows\\System32\\KERNELBASE.dll+10ffd8(wow64)|C:\\Windows\\System32\\shcore.dll+2598c(wow64)|C:\\Windows\\System32\\shcore.dll+2595b(wow64)|C:\\Windows\\System32\\shcore.dll+221ac(wow64)|C:\\Windows\\System32\\SHELL32.dll+13ccb8(wow64)|C:\\Windows\\System32\\SHELL32.dll+11377b(wow64)|C:\\Windows\\System32\\SHELL32.dll+113595(wow64)|C:\\Windows\\System32\\ieframe.dll+bfded(wow64)|C:\\Windows\\System32\\ieframe.dll+beb28(wow64)|C:\\Windows\\System32\\ieframe.dll+c785e(wow64)|C:\\Windows\\System32\\ieframe.dll+c60a1(wow64)|C:\\Windows\\System32\\ieframe.dll+db003(wow64)","SourceUser":"STACKEDPADS\\tim.smith","TargetUser":"STACKEDPADS\\tim.smith","EventReceivedTime":1657287744,"SourceModuleName":"in_sysmon","SourceModuleType":"im_msvistalog"}
<14>Jul  8 13:42:24 wrk-shasek.stackedpads.local Microsoft-Windows-Sysmon[2568]: {"EventTime":1657287743,"Hostname":"wrk-shasek.stackedpads.local","Keywords":-9223372036854775808,"EventType":"INFO","SeverityValue":2,"Severity":"INFO","EventID":10,"SourceName":"Microsoft-Windows-Sysmon","ProviderGuid":"{5770385F-C22A-43E0-BF4C-06F5698FFBD9}","Version":3,"Task":10,"OpcodeValue":0,"RecordNumber":72871,"ProcessID":2568,"ThreadID":3284,"Channel":"Microsoft-Windows-Sysmon/Operational","Domain":"NT AUTHORITY","AccountName":"SYSTEM","UserID":"S-1-5-18","AccountType":"User","Message":"Process accessed:\r\nRuleName: technique_id=T1036,technique_name=Masquerading\r\nUtcTime: 2022-07-08 13:42:23.004\r\nSourceProcessGUID: {6b7cbb53-343b-62c8-f100-000000000e00}\r\nSourceProcessId: 6516\r\nSourceThreadId: 5504\r\nSourceImage: C:\\Users\\tim.smith\\AppData\\Local\\Microsoft\\OneDrive\\OneDrive.exe\r\nTargetProcessGUID: {6b7cbb53-3429-62c8-db00-000000000e00}\r\nTargetProcessId: 5636\r\nTargetImage: C:\\Windows\\Explorer.EXE\r\nGrantedAccess: 0x40\r\nCallTrace: C:\\Windows\\SYSTEM32\\ntdll.dll+9d204|C:\\Windows\\System32\\wow64.dll+10955|C:\\Windows\\System32\\wow64.dll+901a|C:\\Windows\\System32\\wow64cpu.dll+17c3|C:\\Windows\\System32\\wow64cpu.dll+11b9|C:\\Windows\\System32\\wow64.dll+38c9|C:\\Windows\\System32\\wow64.dll+32bd|C:\\Windows\\SYSTEM32\\ntdll.dll+d3592|C:\\Windows\\SYSTEM32\\ntdll.dll+74cdb|C:\\Windows\\SYSTEM32\\ntdll.dll+74b63|C:\\Windows\\SYSTEM32\\ntdll.dll+74b0e|C:\\Windows\\SYSTEM32\\ntdll.dll+72c3c(wow64)|C:\\Windows\\System32\\KERNELBASE.dll+10ffd8(wow64)|C:\\Windows\\System32\\shcore.dll+2598c(wow64)|C:\\Windows\\System32\\shcore.dll+2595b(wow64)|C:\\Windows\\System32\\shcore.dll+221ac(wow64)|C:\\Windows\\System32\\SHELL32.dll+13cd37(wow64)|C:\\Windows\\System32\\SHELL32.dll+11377b(wow64)|C:\\Windows\\System32\\SHELL32.dll+113595(wow64)|C:\\Windows\\System32\\ieframe.dll+bfe6f(wow64)|C:\\Windows\\System32\\ieframe.dll+beb28(wow64)|C:\\Windows\\System32\\ieframe.dll+c785e(wow64)|C:\\Windows\\System32\\ieframe.dll+c60a1(wow64)|C:\\Windows\\System32\\ieframe.dll+db003(wow64)\r\nSourceUser: STACKEDPADS\\tim.smith\r\nTargetUser: STACKEDPADS\\tim.smith","Category":"Process accessed (rule: ProcessAccess)","Opcode":"Info","RuleName":"technique_id=T1036,technique_name=Masquerading","UtcTime":"2022-07-08 13:42:23.004","SourceProcessGUID":"{6b7cbb53-343b-62c8-f100-000000000e00}","SourceProcessId":"6516","SourceThreadId":"5504","SourceImage":"C:\\Users\\tim.smith\\AppData\\Local\\Microsoft\\OneDrive\\OneDrive.exe","TargetProcessGUID":"{6b7cbb53-3429-62c8-db00-000000000e00}","TargetProcessId":"5636","TargetImage":"C:\\Windows\\Explorer.EXE","GrantedAccess":"0x40","CallTrace":"C:\\Windows\\SYSTEM32\\ntdll.dll+9d204|C:\\Windows\\System32\\wow64.dll+10955|C:\\Windows\\System32\\wow64.dll+901a|C:\\Windows\\System32\\wow64cpu.dll+17c3|C:\\Windows\\System32\\wow64cpu.dll+11b9|C:\\Windows\\System32\\wow64.dll+38c9|C:\\Windows\\System32\\wow64.dll+32bd|C:\\Windows\\SYSTEM32\\ntdll.dll+d3592|C:\\Windows\\SYSTEM32\\ntdll.dll+74cdb|C:\\Windows\\SYSTEM32\\ntdll.dll+74b63|C:\\Windows\\SYSTEM32\\ntdll.dll+74b0e|C:\\Windows\\SYSTEM32\\ntdll.dll+72c3c(wow64)|C:\\Windows\\System32\\KERNELBASE.dll+10ffd8(wow64)|C:\\Windows\\System32\\shcore.dll+2598c(wow64)|C:\\Windows\\System32\\shcore.dll+2595b(wow64)|C:\\Windows\\System32\\shcore.dll+221ac(wow64)|C:\\Windows\\System32\\SHELL32.dll+13cd37(wow64)|C:\\Windows\\System32\\SHELL32.dll+11377b(wow64)|C:\\Windows\\System32\\SHELL32.dll+113595(wow64)|C:\\Windows\\System32\\ieframe.dll+bfe6f(wow64)|C:\\Windows\\System32\\ieframe.dll+beb28(wow64)|C:\\Windows\\System32\\ieframe.dll+c785e(wow64)|C:\\Windows\\System32\\ieframe.dll+c60a1(wow64)|C:\\Windows\\System32\\ieframe.dll+db003(wow64)","SourceUser":"STACKEDPADS\\tim.smith","TargetUser":"STACKEDPADS\\tim.smith","EventReceivedTime":1657287744,"SourceModuleName":"in_sysmon","SourceModuleType":"im_msvistalog"}
<14>Jul  8 13:42:24 wrk-shasek.stackedpads.local Microsoft-Windows-Sysmon[2568]: {"EventTime":1657287743,"Hostname":"wrk-shasek.stackedpads.local","Keywords":-9223372036854775808,"EventType":"INFO","SeverityValue":2,"Severity":"INFO","EventID":10,"SourceName":"Microsoft-Windows-Sysmon","ProviderGuid":"{5770385F-C22A-43E0-BF4C-06F5698FFBD9}","Version":3,"Task":10,"OpcodeValue":0,"RecordNumber":72864,"ProcessID":2568,"ThreadID":3284,"Channel":"Microsoft-Windows-Sysmon/Operational","Domain":"NT AUTHORITY","AccountName":"SYSTEM","UserID":"S-1-5-18","AccountType":"User","Message":"Process accessed:\r\nRuleName: technique_id=T1036,technique_name=Masquerading\r\nUtcTime: 2022-07-08 13:42:23.004\r\nSourceProcessGUID: {6b7cbb53-343b-62c8-f100-000000000e00}\r\nSourceProcessId: 6516\r\nSourceThreadId: 5504\r\nSourceImage: C:\\Users\\tim.smith\\AppData\\Local\\Microsoft\\OneDrive\\OneDrive.exe\r\nTargetProcessGUID: {6b7cbb53-3429-62c8-db00-000000000e00}\r\nTargetProcessId: 5636\r\nTargetImage: C:\\Windows\\Explorer.EXE\r\nGrantedAccess: 0x40\r\nCallTrace: C:\\Windows\\SYSTEM32\\ntdll.dll+9d204|C:\\Windows\\System32\\wow64.dll+10955|C:\\Windows\\System32\\wow64.dll+901a|C:\\Windows\\System32\\wow64cpu.dll+17c3|C:\\Windows\\System32\\wow64cpu.dll+11b9|C:\\Windows\\System32\\wow64.dll+38c9|C:\\Windows\\System32\\wow64.dll+32bd|C:\\Windows\\SYSTEM32\\ntdll.dll+d3592|C:\\Windows\\SYSTEM32\\ntdll.dll+74cdb|C:\\Windows\\SYSTEM32\\ntdll.dll+74b63|C:\\Windows\\SYSTEM32\\ntdll.dll+74b0e|C:\\Windows\\SYSTEM32\\ntdll.dll+72c3c(wow64)|C:\\Windows\\System32\\KERNELBASE.dll+10ffd8(wow64)|C:\\Windows\\System32\\shcore.dll+2598c(wow64)|C:\\Windows\\System32\\shcore.dll+2bce5(wow64)|C:\\Windows\\System32\\shcore.dll+2ba02(wow64)|C:\\Windows\\System32\\shcore.dll+2b9cf(wow64)|C:\\Windows\\System32\\shcore.dll+2b913(wow64)|C:\\Windows\\System32\\SHELL32.dll+13cca3(wow64)|C:\\Windows\\System32\\SHELL32.dll+11377b(wow64)|C:\\Windows\\System32\\SHELL32.dll+113595(wow64)|C:\\Windows\\System32\\ieframe.dll+bfded(wow64)|C:\\Windows\\System32\\ieframe.dll+beb28(wow64)|C:\\Windows\\System32\\ieframe.dll+c785e(wow64)\r\nSourceUser: STACKEDPADS\\tim.smith\r\nTargetUser: STACKEDPADS\\tim.smith","Category":"Process accessed (rule: ProcessAccess)","Opcode":"Info","RuleName":"technique_id=T1036,technique_name=Masquerading","UtcTime":"2022-07-08 13:42:23.004","SourceProcessGUID":"{6b7cbb53-343b-62c8-f100-000000000e00}","SourceProcessId":"6516","SourceThreadId":"5504","SourceImage":"C:\\Users\\tim.smith\\AppData\\Local\\Microsoft\\OneDrive\\OneDrive.exe","TargetProcessGUID":"{6b7cbb53-3429-62c8-db00-000000000e00}","TargetProcessId":"5636","TargetImage":"C:\\Windows\\Explorer.EXE","GrantedAccess":"0x40","CallTrace":"C:\\Windows\\SYSTEM32\\ntdll.dll+9d204|C:\\Windows\\System32\\wow64.dll+10955|C:\\Windows\\System32\\wow64.dll+901a|C:\\Windows\\System32\\wow64cpu.dll+17c3|C:\\Windows\\System32\\wow64cpu.dll+11b9|C:\\Windows\\System32\\wow64.dll+38c9|C:\\Windows\\System32\\wow64.dll+32bd|C:\\Windows\\SYSTEM32\\ntdll.dll+d3592|C:\\Windows\\SYSTEM32\\ntdll.dll+74cdb|C:\\Windows\\SYSTEM32\\ntdll.dll+74b63|C:\\Windows\\SYSTEM32\\ntdll.dll+74b0e|C:\\Windows\\SYSTEM32\\ntdll.dll+72c3c(wow64)|C:\\Windows\\System32\\KERNELBASE.dll+10ffd8(wow64)|C:\\Windows\\System32\\shcore.dll+2598c(wow64)|C:\\Windows\\System32\\shcore.dll+2bce5(wow64)|C:\\Windows\\System32\\shcore.dll+2ba02(wow64)|C:\\Windows\\System32\\shcore.dll+2b9cf(wow64)|C:\\Windows\\System32\\shcore.dll+2b913(wow64)|C:\\Windows\\System32\\SHELL32.dll+13cca3(wow64)|C:\\Windows\\System32\\SHELL32.dll+11377b(wow64)|C:\\Windows\\System32\\SHELL32.dll+113595(wow64)|C:\\Windows\\System32\\ieframe.dll+bfded(wow64)|C:\\Windows\\System32\\ieframe.dll+beb28(wow64)|C:\\Windows\\System32\\ieframe.dll+c785e(wow64)","SourceUser":"STACKEDPADS\\tim.smith","TargetUser":"STACKEDPADS\\tim.smith","EventReceivedTime":1657287744,"SourceModuleName":"in_sysmon","SourceModuleType":"im_msvistalog"}
<14>Jul  8 13:42:24 wrk-shasek.stackedpads.local Microsoft-Windows-Sysmon[2568]: {"EventTime":1657287743,"Hostname":"wrk-shasek.stackedpads.local","Keywords":-9223372036854775808,"EventType":"INFO","SeverityValue":2,"Severity":"INFO","EventID":10,"SourceName":"Microsoft-Windows-Sysmon","ProviderGuid":"{5770385F-C22A-43E0-BF4C-06F5698FFBD9}","Version":3,"Task":10,"OpcodeValue":0,"RecordNumber":72869,"ProcessID":2568,"ThreadID":3284,"Channel":"Microsoft-Windows-Sysmon/Operational","Domain":"NT AUTHORITY","AccountName":"SYSTEM","UserID":"S-1-5-18","AccountType":"User","Message":"Process accessed:\r\nRuleName: technique_id=T1036,technique_name=Masquerading\r\nUtcTime: 2022-07-08 13:42:23.004\r\nSourceProcessGUID: {6b7cbb53-343b-62c8-f100-000000000e00}\r\nSourceProcessId: 6516\r\nSourceThreadId: 5504\r\nSourceImage: C:\\Users\\tim.smith\\AppData\\Local\\Microsoft\\OneDrive\\OneDrive.exe\r\nTargetProcessGUID: {6b7cbb53-3429-62c8-db00-000000000e00}\r\nTargetProcessId: 5636\r\nTargetImage: C:\\Windows\\Explorer.EXE\r\nGrantedAccess: 0x40\r\nCallTrace: C:\\Windows\\SYSTEM32\\ntdll.dll+9d204|C:\\Windows\\System32\\wow64.dll+10955|C:\\Windows\\System32\\wow64.dll+901a|C:\\Windows\\System32\\wow64cpu.dll+17c3|C:\\Windows\\System32\\wow64cpu.dll+11b9|C:\\Windows\\System32\\wow64.dll+38c9|C:\\Windows\\System32\\wow64.dll+32bd|C:\\Windows\\SYSTEM32\\ntdll.dll+d3592|C:\\Windows\\SYSTEM32\\ntdll.dll+74cdb|C:\\Windows\\SYSTEM32\\ntdll.dll+74b63|C:\\Windows\\SYSTEM32\\ntdll.dll+74b0e|C:\\Windows\\SYSTEM32\\ntdll.dll+72c3c(wow64)|C:\\Windows\\System32\\KERNELBASE.dll+10ffd8(wow64)|C:\\Windows\\System32\\shcore.dll+2598c(wow64)|C:\\Windows\\System32\\shcore.dll+2596e(wow64)|C:\\Windows\\System32\\shcore.dll+2bd09(wow64)|C:\\Windows\\System32\\shcore.dll+2ba02(wow64)|C:\\Windows\\System32\\shcore.dll+2b9cf(wow64)|C:\\Windows\\System32\\shcore.dll+2b913(wow64)|C:\\Windows\\System32\\SHELL32.dll+13cca3(wow64)|C:\\Windows\\System32\\SHELL32.dll+11377b(wow64)|C:\\Windows\\System32\\SHELL32.dll+113595(wow64)|C:\\Windows\\System32\\ieframe.dll+bfe6f(wow64)|C:\\Windows\\System32\\ieframe.dll+beb28(wow64)\r\nSourceUser: STACKEDPADS\\tim.smith\r\nTargetUser: STACKEDPADS\\tim.smith","Category":"Process accessed (rule: ProcessAccess)","Opcode":"Info","RuleName":"technique_id=T1036,technique_name=Masquerading","UtcTime":"2022-07-08 13:42:23.004","SourceProcessGUID":"{6b7cbb53-343b-62c8-f100-000000000e00}","SourceProcessId":"6516","SourceThreadId":"5504","SourceImage":"C:\\Users\\tim.smith\\AppData\\Local\\Microsoft\\OneDrive\\OneDrive.exe","TargetProcessGUID":"{6b7cbb53-3429-62c8-db00-000000000e00}","TargetProcessId":"5636","TargetImage":"C:\\Windows\\Explorer.EXE","GrantedAccess":"0x40","CallTrace":"C:\\Windows\\SYSTEM32\\ntdll.dll+9d204|C:\\Windows\\System32\\wow64.dll+10955|C:\\Windows\\System32\\wow64.dll+901a|C:\\Windows\\System32\\wow64cpu.dll+17c3|C:\\Windows\\System32\\wow64cpu.dll+11b9|C:\\Windows\\System32\\wow64.dll+38c9|C:\\Windows\\System32\\wow64.dll+32bd|C:\\Windows\\SYSTEM32\\ntdll.dll+d3592|C:\\Windows\\SYSTEM32\\ntdll.dll+74cdb|C:\\Windows\\SYSTEM32\\ntdll.dll+74b63|C:\\Windows\\SYSTEM32\\ntdll.dll+74b0e|C:\\Windows\\SYSTEM32\\ntdll.dll+72c3c(wow64)|C:\\Windows\\System32\\KERNELBASE.dll+10ffd8(wow64)|C:\\Windows\\System32\\shcore.dll+2598c(wow64)|C:\\Windows\\System32\\shcore.dll+2596e(wow64)|C:\\Windows\\System32\\shcore.dll+2bd09(wow64)|C:\\Windows\\System32\\shcore.dll+2ba02(wow64)|C:\\Windows\\System32\\shcore.dll+2b9cf(wow64)|C:\\Windows\\System32\\shcore.dll+2b913(wow64)|C:\\Windows\\System32\\SHELL32.dll+13cca3(wow64)|C:\\Windows\\System32\\SHELL32.dll+11377b(wow64)|C:\\Windows\\System32\\SHELL32.dll+113595(wow64)|C:\\Windows\\System32\\ieframe.dll+bfe6f(wow64)|C:\\Windows\\System32\\ieframe.dll+beb28(wow64)","SourceUser":"STACKEDPADS\\tim.smith","TargetUser":"STACKEDPADS\\tim.smith","EventReceivedTime":1657287744,"SourceModuleName":"in_sysmon","SourceModuleType":"im_msvistalog"}
<14>Jul  8 13:42:24 wrk-shasek.stackedpads.local Microsoft-Windows-Sysmon[2568]: {"EventTime":1657287743,"Hostname":"wrk-shasek.stackedpads.local","Keywords":-9223372036854775808,"EventType":"INFO","SeverityValue":2,"Severity":"INFO","EventID":10,"SourceName":"Microsoft-Windows-Sysmon","ProviderGuid":"{5770385F-C22A-43E0-BF4C-06F5698FFBD9}","Version":3,"Task":10,"OpcodeValue":0,"RecordNumber":72867,"ProcessID":2568,"ThreadID":3284,"Channel":"Microsoft-Windows-Sysmon/Operational","Domain":"NT AUTHORITY","AccountName":"SYSTEM","UserID":"S-1-5-18","AccountType":"User","Message":"Process accessed:\r\nRuleName: technique_id=T1036,technique_name=Masquerading\r\nUtcTime: 2022-07-08 13:42:23.004\r\nSourceProcessGUID: {6b7cbb53-343b-62c8-f100-000000000e00}\r\nSourceProcessId: 6516\r\nSourceThreadId: 5504\r\nSourceImage: C:\\Users\\tim.smith\\AppData\\Local\\Microsoft\\OneDrive\\OneDrive.exe\r\nTargetProcessGUID: {6b7cbb53-3429-62c8-db00-000000000e00}\r\nTargetProcessId: 5636\r\nTargetImage: C:\\Windows\\Explorer.EXE\r\nGrantedAccess: 0x40\r\nCallTrace: C:\\Windows\\SYSTEM32\\ntdll.dll+9d204|C:\\Windows\\System32\\wow64.dll+10955|C:\\Windows\\System32\\wow64.dll+901a|C:\\Windows\\System32\\wow64cpu.dll+17c3|C:\\Windows\\System32\\wow64cpu.dll+11b9|C:\\Windows\\System32\\wow64.dll+38c9|C:\\Windows\\System32\\wow64.dll+32bd|C:\\Windows\\SYSTEM32\\ntdll.dll+d3592|C:\\Windows\\SYSTEM32\\ntdll.dll+74cdb|C:\\Windows\\SYSTEM32\\ntdll.dll+74b63|C:\\Windows\\SYSTEM32\\ntdll.dll+74b0e|C:\\Windows\\SYSTEM32\\ntdll.dll+72c3c(wow64)|C:\\Windows\\System32\\KERNELBASE.dll+10ffd8(wow64)|C:\\Windows\\System32\\shcore.dll+2598c(wow64)|C:\\Windows\\System32\\shcore.dll+2595b(wow64)|C:\\Windows\\System32\\shcore.dll+221ac(wow64)|C:\\Windows\\System32\\SHELL32.dll+13cd37(wow64)|C:\\Windows\\System32\\SHELL32.dll+11377b(wow64)|C:\\Windows\\System32\\SHELL32.dll+113595(wow64)|C:\\Windows\\System32\\ieframe.dll+bfded(wow64)|C:\\Windows\\System32\\ieframe.dll+beb28(wow64)|C:\\Windows\\System32\\ieframe.dll+c785e(wow64)|C:\\Windows\\System32\\ieframe.dll+c60a1(wow64)|C:\\Windows\\System32\\ieframe.dll+db003(wow64)\r\nSourceUser: STACKEDPADS\\tim.smith\r\nTargetUser: STACKEDPADS\\tim.smith","Category":"Process accessed (rule: ProcessAccess)","Opcode":"Info","RuleName":"technique_id=T1036,technique_name=Masquerading","UtcTime":"2022-07-08 13:42:23.004","SourceProcessGUID":"{6b7cbb53-343b-62c8-f100-000000000e00}","SourceProcessId":"6516","SourceThreadId":"5504","SourceImage":"C:\\Users\\tim.smith\\AppData\\Local\\Microsoft\\OneDrive\\OneDrive.exe","TargetProcessGUID":"{6b7cbb53-3429-62c8-db00-000000000e00}","TargetProcessId":"5636","TargetImage":"C:\\Windows\\Explorer.EXE","GrantedAccess":"0x40","CallTrace":"C:\\Windows\\SYSTEM32\\ntdll.dll+9d204|C:\\Windows\\System32\\wow64.dll+10955|C:\\Windows\\System32\\wow64.dll+901a|C:\\Windows\\System32\\wow64cpu.dll+17c3|C:\\Windows\\System32\\wow64cpu.dll+11b9|C:\\Windows\\System32\\wow64.dll+38c9|C:\\Windows\\System32\\wow64.dll+32bd|C:\\Windows\\SYSTEM32\\ntdll.dll+d3592|C:\\Windows\\SYSTEM32\\ntdll.dll+74cdb|C:\\Windows\\SYSTEM32\\ntdll.dll+74b63|C:\\Windows\\SYSTEM32\\ntdll.dll+74b0e|C:\\Windows\\SYSTEM32\\ntdll.dll+72c3c(wow64)|C:\\Windows\\System32\\KERNELBASE.dll+10ffd8(wow64)|C:\\Windows\\System32\\shcore.dll+2598c(wow64)|C:\\Windows\\System32\\shcore.dll+2595b(wow64)|C:\\Windows\\System32\\shcore.dll+221ac(wow64)|C:\\Windows\\System32\\SHELL32.dll+13cd37(wow64)|C:\\Windows\\System32\\SHELL32.dll+11377b(wow64)|C:\\Windows\\System32\\SHELL32.dll+113595(wow64)|C:\\Windows\\System32\\ieframe.dll+bfded(wow64)|C:\\Windows\\System32\\ieframe.dll+beb28(wow64)|C:\\Windows\\System32\\ieframe.dll+c785e(wow64)|C:\\Windows\\System32\\ieframe.dll+c60a1(wow64)|C:\\Windows\\System32\\ieframe.dll+db003(wow64)","SourceUser":"STACKEDPADS\\tim.smith","TargetUser":"STACKEDPADS\\tim.smith","EventReceivedTime":1657287744,"SourceModuleName":"in_sysmon","SourceModuleType":"im_msvistalog"}
<14>Jul  8 13:42:24 wrk-shasek.stackedpads.local Microsoft-Windows-Sysmon[2568]: {"EventTime":1657287743,"Hostname":"wrk-shasek.stackedpads.local","Keywords":-9223372036854775808,"EventType":"INFO","SeverityValue":2,"Severity":"INFO","EventID":10,"SourceName":"Microsoft-Windows-Sysmon","ProviderGuid":"{5770385F-C22A-43E0-BF4C-06F5698FFBD9}","Version":3,"Task":10,"OpcodeValue":0,"RecordNumber":72863,"ProcessID":2568,"ThreadID":3284,"Channel":"Microsoft-Windows-Sysmon/Operational","Domain":"NT AUTHORITY","AccountName":"SYSTEM","UserID":"S-1-5-18","AccountType":"User","Message":"Process accessed:\r\nRuleName: technique_id=T1036,technique_name=Masquerading\r\nUtcTime: 2022-07-08 13:42:23.004\r\nSourceProcessGUID: {6b7cbb53-343b-62c8-f100-000000000e00}\r\nSourceProcessId: 6516\r\nSourceThreadId: 5504\r\nSourceImage: C:\\Users\\tim.smith\\AppData\\Local\\Microsoft\\OneDrive\\OneDrive.exe\r\nTargetProcessGUID: {6b7cbb53-3429-62c8-db00-000000000e00}\r\nTargetProcessId: 5636\r\nTargetImage: C:\\Windows\\Explorer.EXE\r\nGrantedAccess: 0x40\r\nCallTrace: C:\\Windows\\SYSTEM32\\ntdll.dll+9d204|C:\\Windows\\System32\\wow64.dll+10955|C:\\Windows\\System32\\wow64.dll+901a|C:\\Windows\\System32\\wow64cpu.dll+17c3|C:\\Windows\\System32\\wow64cpu.dll+11b9|C:\\Windows\\System32\\wow64.dll+38c9|C:\\Windows\\System32\\wow64.dll+32bd|C:\\Windows\\SYSTEM32\\ntdll.dll+d3592|C:\\Windows\\SYSTEM32\\ntdll.dll+74cdb|C:\\Windows\\SYSTEM32\\ntdll.dll+74b63|C:\\Windows\\SYSTEM32\\ntdll.dll+74b0e|C:\\Windows\\SYSTEM32\\ntdll.dll+72c3c(wow64)|C:\\Windows\\System32\\KERNELBASE.dll+10ffd8(wow64)|C:\\Windows\\System32\\shcore.dll+2598c(wow64)|C:\\Windows\\System32\\shcore.dll+2595b(wow64)|C:\\Windows\\System32\\shcore.dll+221ac(wow64)|C:\\Windows\\System32\\SHELL32.dll+13cd37(wow64)|C:\\Windows\\System32\\SHELL32.dll+11377b(wow64)|C:\\Windows\\System32\\SHELL32.dll+113595(wow64)|C:\\Windows\\System32\\ieframe.dll+bfd88(wow64)|C:\\Windows\\System32\\ieframe.dll+beb28(wow64)|C:\\Windows\\System32\\ieframe.dll+c785e(wow64)|C:\\Windows\\System32\\ieframe.dll+c60a1(wow64)|C:\\Windows\\System32\\ieframe.dll+db003(wow64)\r\nSourceUser: STACKEDPADS\\tim.smith\r\nTargetUser: STACKEDPADS\\tim.smith","Category":"Process accessed (rule: ProcessAccess)","Opcode":"Info","RuleName":"technique_id=T1036,technique_name=Masquerading","UtcTime":"2022-07-08 13:42:23.004","SourceProcessGUID":"{6b7cbb53-343b-62c8-f100-000000000e00}","SourceProcessId":"6516","SourceThreadId":"5504","SourceImage":"C:\\Users\\tim.smith\\AppData\\Local\\Microsoft\\OneDrive\\OneDrive.exe","TargetProcessGUID":"{6b7cbb53-3429-62c8-db00-000000000e00}","TargetProcessId":"5636","TargetImage":"C:\\Windows\\Explorer.EXE","GrantedAccess":"0x40","CallTrace":"C:\\Windows\\SYSTEM32\\ntdll.dll+9d204|C:\\Windows\\System32\\wow64.dll+10955|C:\\Windows\\System32\\wow64.dll+901a|C:\\Windows\\System32\\wow64cpu.dll+17c3|C:\\Windows\\System32\\wow64cpu.dll+11b9|C:\\Windows\\System32\\wow64.dll+38c9|C:\\Windows\\System32\\wow64.dll+32bd|C:\\Windows\\SYSTEM32\\ntdll.dll+d3592|C:\\Windows\\SYSTEM32\\ntdll.dll+74cdb|C:\\Windows\\SYSTEM32\\ntdll.dll+74b63|C:\\Windows\\SYSTEM32\\ntdll.dll+74b0e|C:\\Windows\\SYSTEM32\\ntdll.dll+72c3c(wow64)|C:\\Windows\\System32\\KERNELBASE.dll+10ffd8(wow64)|C:\\Windows\\System32\\shcore.dll+2598c(wow64)|C:\\Windows\\System32\\shcore.dll+2595b(wow64)|C:\\Windows\\System32\\shcore.dll+221ac(wow64)|C:\\Windows\\System32\\SHELL32.dll+13cd37(wow64)|C:\\Windows\\System32\\SHELL32.dll+11377b(wow64)|C:\\Windows\\System32\\SHELL32.dll+113595(wow64)|C:\\Windows\\System32\\ieframe.dll+bfd88(wow64)|C:\\Windows\\System32\\ieframe.dll+beb28(wow64)|C:\\Windows\\System32\\ieframe.dll+c785e(wow64)|C:\\Windows\\System32\\ieframe.dll+c60a1(wow64)|C:\\Windows\\System32\\ieframe.dll+db003(wow64)","SourceUser":"STACKEDPADS\\tim.smith","TargetUser":"STACKEDPADS\\tim.smith","EventReceivedTime":1657287744,"SourceModuleName":"in_sysmon","SourceModuleType":"im_msvistalog"}
<14>Jul  8 13:42:24 wrk-shasek.stackedpads.local Microsoft-Windows-Sysmon[2568]: {"EventTime":1657287743,"Hostname":"wrk-shasek.stackedpads.local","Keywords":-9223372036854775808,"EventType":"INFO","SeverityValue":2,"Severity":"INFO","EventID":10,"SourceName":"Microsoft-Windows-Sysmon","ProviderGuid":"{5770385F-C22A-43E0-BF4C-06F5698FFBD9}","Version":3,"Task":10,"OpcodeValue":0,"RecordNumber":72868,"ProcessID":2568,"ThreadID":3284,"Channel":"Microsoft-Windows-Sysmon/Operational","Domain":"NT AUTHORITY","AccountName":"SYSTEM","UserID":"S-1-5-18","AccountType":"User","Message":"Process accessed:\r\nRuleName: technique_id=T1036,technique_name=Masquerading\r\nUtcTime: 2022-07-08 13:42:23.004\r\nSourceProcessGUID: {6b7cbb53-343b-62c8-f100-000000000e00}\r\nSourceProcessId: 6516\r\nSourceThreadId: 5504\r\nSourceImage: C:\\Users\\tim.smith\\AppData\\Local\\Microsoft\\OneDrive\\OneDrive.exe\r\nTargetProcessGUID: {6b7cbb53-3429-62c8-db00-000000000e00}\r\nTargetProcessId: 5636\r\nTargetImage: C:\\Windows\\Explorer.EXE\r\nGrantedAccess: 0x40\r\nCallTrace: C:\\Windows\\SYSTEM32\\ntdll.dll+9d204|C:\\Windows\\System32\\wow64.dll+10955|C:\\Windows\\System32\\wow64.dll+901a|C:\\Windows\\System32\\wow64cpu.dll+17c3|C:\\Windows\\System32\\wow64cpu.dll+11b9|C:\\Windows\\System32\\wow64.dll+38c9|C:\\Windows\\System32\\wow64.dll+32bd|C:\\Windows\\SYSTEM32\\ntdll.dll+d3592|C:\\Windows\\SYSTEM32\\ntdll.dll+74cdb|C:\\Windows\\SYSTEM32\\ntdll.dll+74b63|C:\\Windows\\SYSTEM32\\ntdll.dll+74b0e|C:\\Windows\\SYSTEM32\\ntdll.dll+72c3c(wow64)|C:\\Windows\\System32\\KERNELBASE.dll+10ffd8(wow64)|C:\\Windows\\System32\\shcore.dll+2598c(wow64)|C:\\Windows\\System32\\shcore.dll+2bce5(wow64)|C:\\Windows\\System32\\shcore.dll+2ba02(wow64)|C:\\Windows\\System32\\shcore.dll+2b9cf(wow64)|C:\\Windows\\System32\\shcore.dll+2b913(wow64)|C:\\Windows\\System32\\SHELL32.dll+13cca3(wow64)|C:\\Windows\\System32\\SHELL32.dll+11377b(wow64)|C:\\Windows\\System32\\SHELL32.dll+113595(wow64)|C:\\Windows\\System32\\ieframe.dll+bfe6f(wow64)|C:\\Windows\\System32\\ieframe.dll+beb28(wow64)|C:\\Windows\\System32\\ieframe.dll+c785e(wow64)\r\nSourceUser: STACKEDPADS\\tim.smith\r\nTargetUser: STACKEDPADS\\tim.smith","Category":"Process accessed (rule: ProcessAccess)","Opcode":"Info","RuleName":"technique_id=T1036,technique_name=Masquerading","UtcTime":"2022-07-08 13:42:23.004","SourceProcessGUID":"{6b7cbb53-343b-62c8-f100-000000000e00}","SourceProcessId":"6516","SourceThreadId":"5504","SourceImage":"C:\\Users\\tim.smith\\AppData\\Local\\Microsoft\\OneDrive\\OneDrive.exe","TargetProcessGUID":"{6b7cbb53-3429-62c8-db00-000000000e00}","TargetProcessId":"5636","TargetImage":"C:\\Windows\\Explorer.EXE","GrantedAccess":"0x40","CallTrace":"C:\\Windows\\SYSTEM32\\ntdll.dll+9d204|C:\\Windows\\System32\\wow64.dll+10955|C:\\Windows\\System32\\wow64.dll+901a|C:\\Windows\\System32\\wow64cpu.dll+17c3|C:\\Windows\\System32\\wow64cpu.dll+11b9|C:\\Windows\\System32\\wow64.dll+38c9|C:\\Windows\\System32\\wow64.dll+32bd|C:\\Windows\\SYSTEM32\\ntdll.dll+d3592|C:\\Windows\\SYSTEM32\\ntdll.dll+74cdb|C:\\Windows\\SYSTEM32\\ntdll.dll+74b63|C:\\Windows\\SYSTEM32\\ntdll.dll+74b0e|C:\\Windows\\SYSTEM32\\ntdll.dll+72c3c(wow64)|C:\\Windows\\System32\\KERNELBASE.dll+10ffd8(wow64)|C:\\Windows\\System32\\shcore.dll+2598c(wow64)|C:\\Windows\\System32\\shcore.dll+2bce5(wow64)|C:\\Windows\\System32\\shcore.dll+2ba02(wow64)|C:\\Windows\\System32\\shcore.dll+2b9cf(wow64)|C:\\Windows\\System32\\shcore.dll+2b913(wow64)|C:\\Windows\\System32\\SHELL32.dll+13cca3(wow64)|C:\\Windows\\System32\\SHELL32.dll+11377b(wow64)|C:\\Windows\\System32\\SHELL32.dll+113595(wow64)|C:\\Windows\\System32\\ieframe.dll+bfe6f(wow64)|C:\\Windows\\System32\\ieframe.dll+beb28(wow64)|C:\\Windows\\System32\\ieframe.dll+c785e(wow64)","SourceUser":"STACKEDPADS\\tim.smith","TargetUser":"STACKEDPADS\\tim.smith","EventReceivedTime":1657287744,"SourceModuleName":"in_sysmon","SourceModuleType":"im_msvistalog"}
<14>Jul  8 13:42:24 wrk-shasek.stackedpads.local Microsoft-Windows-Sysmon[2568]: {"EventTime":1657287743,"Hostname":"wrk-shasek.stackedpads.local","Keywords":-9223372036854775808,"EventType":"INFO","SeverityValue":2,"Severity":"INFO","EventID":10,"SourceName":"Microsoft-Windows-Sysmon","ProviderGuid":"{5770385F-C22A-43E0-BF4C-06F5698FFBD9}","Version":3,"Task":10,"OpcodeValue":0,"RecordNumber":72857,"ProcessID":2568,"ThreadID":3284,"Channel":"Microsoft-Windows-Sysmon/Operational","Domain":"NT AUTHORITY","AccountName":"SYSTEM","UserID":"S-1-5-18","AccountType":"User","Message":"Process accessed:\r\nRuleName: technique_id=T1036,technique_name=Masquerading\r\nUtcTime: 2022-07-08 13:42:23.004\r\nSourceProcessGUID: {6b7cbb53-343b-62c8-f100-000000000e00}\r\nSourceProcessId: 6516\r\nSourceThreadId: 5504\r\nSourceImage: C:\\Users\\tim.smith\\AppData\\Local\\Microsoft\\OneDrive\\OneDrive.exe\r\nTargetProcessGUID: {6b7cbb53-3429-62c8-db00-000000000e00}\r\nTargetProcessId: 5636\r\nTargetImage: C:\\Windows\\Explorer.EXE\r\nGrantedAccess: 0x40\r\nCallTrace: C:\\Windows\\SYSTEM32\\ntdll.dll+9d204|C:\\Windows\\System32\\wow64.dll+10955|C:\\Windows\\System32\\wow64.dll+901a|C:\\Windows\\System32\\wow64cpu.dll+17c3|C:\\Windows\\System32\\wow64cpu.dll+11b9|C:\\Windows\\System32\\wow64.dll+38c9|C:\\Windows\\System32\\wow64.dll+32bd|C:\\Windows\\SYSTEM32\\ntdll.dll+d3592|C:\\Windows\\SYSTEM32\\ntdll.dll+74cdb|C:\\Windows\\SYSTEM32\\ntdll.dll+74b63|C:\\Windows\\SYSTEM32\\ntdll.dll+74b0e|C:\\Windows\\SYSTEM32\\ntdll.dll+72c3c(wow64)|C:\\Windows\\System32\\KERNELBASE.dll+10ffd8(wow64)|C:\\Windows\\System32\\shcore.dll+2598c(wow64)|C:\\Windows\\System32\\shcore.dll+2bce5(wow64)|C:\\Windows\\System32\\shcore.dll+2ba02(wow64)|C:\\Windows\\System32\\shcore.dll+2b9cf(wow64)|C:\\Windows\\System32\\shcore.dll+2b913(wow64)|C:\\Windows\\System32\\SHELL32.dll+fa9d9(wow64)|C:\\Windows\\System32\\SHELL32.dll+113832(wow64)|C:\\Windows\\System32\\SHELL32.dll+113510(wow64)|C:\\Windows\\System32\\ieframe.dll+bfd88(wow64)|C:\\Windows\\System32\\ieframe.dll+beb28(wow64)|C:\\Windows\\System32\\ieframe.dll+c785e(wow64)\r\nSourceUser: STACKEDPADS\\tim.smith\r\nTargetUser: STACKEDPADS\\tim.smith","Category":"Process accessed (rule: ProcessAccess)","Opcode":"Info","RuleName":"technique_id=T1036,technique_name=Masquerading","UtcTime":"2022-07-08 13:42:23.004","SourceProcessGUID":"{6b7cbb53-343b-62c8-f100-000000000e00}","SourceProcessId":"6516","SourceThreadId":"5504","SourceImage":"C:\\Users\\tim.smith\\AppData\\Local\\Microsoft\\OneDrive\\OneDrive.exe","TargetProcessGUID":"{6b7cbb53-3429-62c8-db00-000000000e00}","TargetProcessId":"5636","TargetImage":"C:\\Windows\\Explorer.EXE","GrantedAccess":"0x40","CallTrace":"C:\\Windows\\SYSTEM32\\ntdll.dll+9d204|C:\\Windows\\System32\\wow64.dll+10955|C:\\Windows\\System32\\wow64.dll+901a|C:\\Windows\\System32\\wow64cpu.dll+17c3|C:\\Windows\\System32\\wow64cpu.dll+11b9|C:\\Windows\\System32\\wow64.dll+38c9|C:\\Windows\\System32\\wow64.dll+32bd|C:\\Windows\\SYSTEM32\\ntdll.dll+d3592|C:\\Windows\\SYSTEM32\\ntdll.dll+74cdb|C:\\Windows\\SYSTEM32\\ntdll.dll+74b63|C:\\Windows\\SYSTEM32\\ntdll.dll+74b0e|C:\\Windows\\SYSTEM32\\ntdll.dll+72c3c(wow64)|C:\\Windows\\System32\\KERNELBASE.dll+10ffd8(wow64)|C:\\Windows\\System32\\shcore.dll+2598c(wow64)|C:\\Windows\\System32\\shcore.dll+2bce5(wow64)|C:\\Windows\\System32\\shcore.dll+2ba02(wow64)|C:\\Windows\\System32\\shcore.dll+2b9cf(wow64)|C:\\Windows\\System32\\shcore.dll+2b913(wow64)|C:\\Windows\\System32\\SHELL32.dll+fa9d9(wow64)|C:\\Windows\\System32\\SHELL32.dll+113832(wow64)|C:\\Windows\\System32\\SHELL32.dll+113510(wow64)|C:\\Windows\\System32\\ieframe.dll+bfd88(wow64)|C:\\Windows\\System32\\ieframe.dll+beb28(wow64)|C:\\Windows\\System32\\ieframe.dll+c785e(wow64)","SourceUser":"STACKEDPADS\\tim.smith","TargetUser":"STACKEDPADS\\tim.smith","EventReceivedTime":1657287744,"SourceModuleName":"in_sysmon","SourceModuleType":"im_msvistalog"}
