<14>Jul  8 13:43:59 wrk-shasek.stackedpads.local Microsoft-Windows-Sysmon[2568]: {"EventTime":1657287838,"Hostname":"wrk-shasek.stackedpads.local","Keywords":-9223372036854775808,"EventType":"INFO","SeverityValue":2,"Severity":"INFO","EventID":7,"SourceName":"Microsoft-Windows-Sysmon","ProviderGuid":"{5770385F-C22A-43E0-BF4C-06F5698FFBD9}","Version":3,"Task":7,"OpcodeValue":0,"RecordNumber":73012,"ProcessID":2568,"ThreadID":3316,"Channel":"Microsoft-Windows-Sysmon/Operational","Domain":"NT AUTHORITY","AccountName":"SYSTEM","UserID":"S-1-5-18","AccountType":"User","Message":"Image loaded:\r\nRuleName: technique_id=T1053,technique_name=Scheduled Task\r\nUtcTime: 2022-07-08 13:43:58.589\r\nProcessGuid: {6b7cbb53-349e-62c8-0901-000000000e00}\r\nProcessId: 6540\r\nImage: C:\\Windows\\System32\\taskhostw.exe\r\nImageLoaded: C:\\Windows\\System32\\taskschd.dll\r\nFileVersion: 10.0.19041.1266 (WinBuild.160101.0800)\r\nDescription: Task Scheduler COM API\r\nProduct: Microsoft® Windows® Operating System\r\nCompany: Microsoft Corporation\r\nOriginalFileName: taskschd.dll\r\nHashes: SHA1=27EFA81247501EBA6603842F476C899B5DAAB8C7,MD5=49E93FA14D4E09AAFD418AB616AD1BB1,SHA256=35E3F44C587DE8BFF62095E768C77E12E2C522FB7EFD038FFFCC0DD2AE960A57,IMPHASH=B7A4477FA36E2E5287EE76AC4AFCB05B\r\nSigned: true\r\nSignature: Microsoft Windows\r\nSignatureStatus: Valid\r\nUser: NT AUTHORITY\\SYSTEM","Category":"Image loaded (rule: ImageLoad)","Opcode":"Info","RuleName":"technique_id=T1053,technique_name=Scheduled Task","UtcTime":"2022-07-08 13:43:58.589","ProcessGuid":"{6b7cbb53-349e-62c8-0901-000000000e00}","Image":"C:\\Windows\\System32\\taskhostw.exe","ImageLoaded":"C:\\Windows\\System32\\taskschd.dll","FileVersion":"10.0.19041.1266 (WinBuild.160101.0800)","Description":"Task Scheduler COM API","Product":"Microsoft® Windows® Operating System","Company":"Microsoft Corporation","OriginalFileName":"taskschd.dll","Hashes":"SHA1=27EFA81247501EBA6603842F476C899B5DAAB8C7,MD5=49E93FA14D4E09AAFD418AB616AD1BB1,SHA256=35E3F44C587DE8BFF62095E768C77E12E2C522FB7EFD038FFFCC0DD2AE960A57,IMPHASH=B7A4477FA36E2E5287EE76AC4AFCB05B","Signed":"true","Signature":"Microsoft Windows","SignatureStatus":"Valid","User":"NT AUTHORITY\\SYSTEM","EventReceivedTime":1657287839,"SourceModuleName":"in_sysmon","SourceModuleType":"im_msvistalog"}
<14>Jul  8 13:43:59 wrk-shasek.stackedpads.local Microsoft-Windows-Sysmon[2568]: {"EventTime":1657287838,"Hostname":"wrk-shasek.stackedpads.local","Keywords":-9223372036854775808,"EventType":"INFO","SeverityValue":2,"Severity":"INFO","EventID":11,"SourceName":"Microsoft-Windows-Sysmon","ProviderGuid":"{5770385F-C22A-43E0-BF4C-06F5698FFBD9}","Version":2,"Task":11,"OpcodeValue":0,"RecordNumber":73013,"ProcessID":2568,"ThreadID":3284,"Channel":"Microsoft-Windows-Sysmon/Operational","Domain":"NT AUTHORITY","AccountName":"SYSTEM","UserID":"S-1-5-18","AccountType":"User","Message":"File created:\r\nRuleName: -\r\nUtcTime: 2022-07-08 13:43:58.605\r\nProcessGuid: {6b7cbb53-316d-62c8-1500-000000000e00}\r\nProcessId: 712\r\nImage: C:\\Windows\\System32\\svchost.exe\r\nTargetFilename: C:\\Windows\\Prefetch\\TASKHOSTW.EXE-2E5D4B75.pf\r\nCreationUtcTime: 2022-06-22 16:11:10.272\r\nUser: NT AUTHORITY\\SYSTEM","Category":"File created (rule: FileCreate)","Opcode":"Info","RuleName":"-","UtcTime":"2022-07-08 13:43:58.605","ProcessGuid":"{6b7cbb53-316d-62c8-1500-000000000e00}","Image":"C:\\Windows\\System32\\svchost.exe","TargetFilename":"C:\\Windows\\Prefetch\\TASKHOSTW.EXE-2E5D4B75.pf","CreationUtcTime":"2022-06-22 16:11:10.272","User":"NT AUTHORITY\\SYSTEM","EventReceivedTime":1657287839,"SourceModuleName":"in_sysmon","SourceModuleType":"im_msvistalog"}
<14>Jul  8 13:44:17 wrk-shasek.stackedpads.local Microsoft-Windows-Sysmon[2568]: {"EventTime":1657287856,"Hostname":"wrk-shasek.stackedpads.local","Keywords":-9223372036854775808,"EventType":"INFO","SeverityValue":2,"Severity":"INFO","EventID":22,"SourceName":"Microsoft-Windows-Sysmon","ProviderGuid":"{5770385F-C22A-43E0-BF4C-06F5698FFBD9}","Version":5,"Task":22,"OpcodeValue":0,"RecordNumber":73015,"ProcessID":2568,"ThreadID":3360,"Channel":"Microsoft-Windows-Sysmon/Operational","Domain":"NT AUTHORITY","AccountName":"SYSTEM","UserID":"S-1-5-18","AccountType":"User","Message":"Dns query:\r\nRuleName: -\r\nUtcTime: 2022-07-08 13:44:14.939\r\nProcessGuid: {6b7cbb53-34ae-62c8-0c01-000000000e00}\r\nProcessId: 5080\r\nQueryName: activedir.stackedpads.local\r\nQueryStatus: 0\r\nQueryResults: ::ffff:10.1.0.4;\r\nImage: C:\\Windows\\System32\\backgroundTaskHost.exe\r\nUser: STACKEDPADS\\tim.smith","Category":"Dns query (rule: DnsQuery)","Opcode":"Info","RuleName":"-","UtcTime":"2022-07-08 13:44:14.939","ProcessGuid":"{6b7cbb53-34ae-62c8-0c01-000000000e00}","QueryName":"activedir.stackedpads.local","QueryStatus":"0","QueryResults":"::ffff:10.1.0.4;","Image":"C:\\Windows\\System32\\backgroundTaskHost.exe","User":"STACKEDPADS\\tim.smith","EventReceivedTime":1657287857,"SourceModuleName":"in_sysmon","SourceModuleType":"im_msvistalog"}
<14>Jul  8 13:44:17 wrk-shasek.stackedpads.local Microsoft-Windows-Sysmon[2568]: {"EventTime":1657287855,"Hostname":"wrk-shasek.stackedpads.local","Keywords":-9223372036854775808,"EventType":"INFO","SeverityValue":2,"Severity":"INFO","EventID":7,"SourceName":"Microsoft-Windows-Sysmon","ProviderGuid":"{5770385F-C22A-43E0-BF4C-06F5698FFBD9}","Version":3,"Task":7,"OpcodeValue":0,"RecordNumber":73014,"ProcessID":2568,"ThreadID":3284,"Channel":"Microsoft-Windows-Sysmon/Operational","Domain":"NT AUTHORITY","AccountName":"SYSTEM","UserID":"S-1-5-18","AccountType":"User","Message":"Image loaded:\r\nRuleName: -\r\nUtcTime: 2022-07-08 13:44:15.140\r\nProcessGuid: {6b7cbb53-34ae-62c8-0c01-000000000e00}\r\nProcessId: 5080\r\nImage: C:\\Windows\\System32\\backgroundTaskHost.exe\r\nImageLoaded: C:\\Windows\\System32\\urlmon.dll\r\nFileVersion: 11.00.19041.1741 (WinBuild.160101.0800)\r\nDescription: OLE32 Extensions for Win32\r\nProduct: Internet Explorer\r\nCompany: Microsoft Corporation\r\nOriginalFileName: UrlMon.dll\r\nHashes: SHA1=5E1037110EB5C33288F8EA24EBDD3BD0532A279E,MD5=E76C30B53C58F02694CAC858089709D1,SHA256=72498FBEEA86C2E5B5DC15775D41AC607EF63E2B41B8A91CF6B602024B313FE3,IMPHASH=F1542B5592621C50A426D247782724CB\r\nSigned: true\r\nSignature: Microsoft Windows\r\nSignatureStatus: Valid\r\nUser: STACKEDPADS\\tim.smith","Category":"Image loaded (rule: ImageLoad)","Opcode":"Info","RuleName":"-","UtcTime":"2022-07-08 13:44:15.140","ProcessGuid":"{6b7cbb53-34ae-62c8-0c01-000000000e00}","Image":"C:\\Windows\\System32\\backgroundTaskHost.exe","ImageLoaded":"C:\\Windows\\System32\\urlmon.dll","FileVersion":"11.00.19041.1741 (WinBuild.160101.0800)","Description":"OLE32 Extensions for Win32","Product":"Internet Explorer","Company":"Microsoft Corporation","OriginalFileName":"UrlMon.dll","Hashes":"SHA1=5E1037110EB5C33288F8EA24EBDD3BD0532A279E,MD5=E76C30B53C58F02694CAC858089709D1,SHA256=72498FBEEA86C2E5B5DC15775D41AC607EF63E2B41B8A91CF6B602024B313FE3,IMPHASH=F1542B5592621C50A426D247782724CB","Signed":"true","Signature":"Microsoft Windows","SignatureStatus":"Valid","User":"STACKEDPADS\\tim.smith","EventReceivedTime":1657287857,"SourceModuleName":"in_sysmon","SourceModuleType":"im_msvistalog"}
<14>Jul  8 13:44:18 wrk-shasek.stackedpads.local Microsoft-Windows-Sysmon[2568]: {"EventTime":1657287856,"Hostname":"wrk-shasek.stackedpads.local","Keywords":-9223372036854775808,"EventType":"INFO","SeverityValue":2,"Severity":"INFO","EventID":1,"SourceName":"Microsoft-Windows-Sysmon","ProviderGuid":"{5770385F-C22A-43E0-BF4C-06F5698FFBD9}","Version":5,"Task":1,"OpcodeValue":0,"RecordNumber":73017,"ProcessID":2568,"ThreadID":3284,"Channel":"Microsoft-Windows-Sysmon/Operational","Domain":"NT AUTHORITY","AccountName":"SYSTEM","UserID":"S-1-5-18","AccountType":"User","Message":"Process Create:\r\nRuleName: technique_id=T1086,technique_name=PowerShell\r\nUtcTime: 2022-07-08 13:44:16.398\r\nProcessGuid: {6b7cbb53-34b0-62c8-0f01-000000000e00}\r\nProcessId: 3780\r\nImage: C:\\Windows\\System32\\notepad.exe\r\nFileVersion: 10.0.19041.1741 (WinBuild.160101.0800)\r\nDescription: Notepad\r\nProduct: Microsoft® Windows® Operating System\r\nCompany: Microsoft Corporation\r\nOriginalFileName: NOTEPAD.EXE\r\nCommandLine: \"C:\\Windows\\system32\\notepad.exe\" g:\\spray.ps1\r\nCurrentDirectory: C:\\Windows\\system32\\\r\nUser: STACKEDPADS\\tim.smith\r\nLogonGuid: {6b7cbb53-3426-62c8-0a72-300000000000}\r\nLogonId: 0x30720A\r\nTerminalSessionId: 3\r\nIntegrityLevel: High\r\nHashes: SHA1=ECFCAC0CC27FA48D0AEB055FD3E0073E0F3B99C4,MD5=58CDBC205E6D83A83D9C8E7D5E2AD8B1,SHA256=0D54DA710565A3820860BE8DF519DF62458E9A997BED3C6925665268ECC1086F,IMPHASH=320FAF01086570930EFF84A436797927\r\nParentProcessGuid: {6b7cbb53-343f-62c8-f300-000000000e00}\r\nParentProcessId: 2744\r\nParentImage: C:\\Windows\\System32\\WindowsPowerShell\\v1.0\\powershell.exe\r\nParentCommandLine: \"C:\\Windows\\System32\\WindowsPowerShell\\v1.0\\powershell.exe\" \r\nParentUser: STACKEDPADS\\tim.smith","Category":"Process Create (rule: ProcessCreate)","Opcode":"Info","RuleName":"technique_id=T1086,technique_name=PowerShell","UtcTime":"2022-07-08 13:44:16.398","ProcessGuid":"{6b7cbb53-34b0-62c8-0f01-000000000e00}","Image":"C:\\Windows\\System32\\notepad.exe","FileVersion":"10.0.19041.1741 (WinBuild.160101.0800)","Description":"Notepad","Product":"Microsoft® Windows® Operating System","Company":"Microsoft Corporation","OriginalFileName":"NOTEPAD.EXE","CommandLine":"\"C:\\Windows\\system32\\notepad.exe\" g:\\spray.ps1","CurrentDirectory":"C:\\Windows\\system32\\","User":"STACKEDPADS\\tim.smith","LogonGuid":"{6b7cbb53-3426-62c8-0a72-300000000000}","LogonId":"0x30720a","TerminalSessionId":"3","IntegrityLevel":"High","Hashes":"SHA1=ECFCAC0CC27FA48D0AEB055FD3E0073E0F3B99C4,MD5=58CDBC205E6D83A83D9C8E7D5E2AD8B1,SHA256=0D54DA710565A3820860BE8DF519DF62458E9A997BED3C6925665268ECC1086F,IMPHASH=320FAF01086570930EFF84A436797927","ParentProcessGuid":"{6b7cbb53-343f-62c8-f300-000000000e00}","ParentProcessId":"2744","ParentImage":"C:\\Windows\\System32\\WindowsPowerShell\\v1.0\\powershell.exe","ParentCommandLine":"\"C:\\Windows\\System32\\WindowsPowerShell\\v1.0\\powershell.exe\" ","ParentUser":"STACKEDPADS\\tim.smith","EventReceivedTime":1657287858,"SourceModuleName":"in_sysmon","SourceModuleType":"im_msvistalog"}
<14>Jul  8 13:44:18 wrk-shasek.stackedpads.local Microsoft-Windows-Sysmon[2568]: {"EventTime":1657287856,"Hostname":"wrk-shasek.stackedpads.local","Keywords":-9223372036854775808,"EventType":"INFO","SeverityValue":2,"Severity":"INFO","EventID":13,"SourceName":"Microsoft-Windows-Sysmon","ProviderGuid":"{5770385F-C22A-43E0-BF4C-06F5698FFBD9}","Version":2,"Task":13,"OpcodeValue":0,"RecordNumber":73016,"ProcessID":2568,"ThreadID":3284,"Channel":"Microsoft-Windows-Sysmon/Operational","Domain":"NT AUTHORITY","AccountName":"SYSTEM","UserID":"S-1-5-18","AccountType":"User","Message":"Registry value set:\r\nRuleName: technique_id=T1543,technique_name=Service Creation\r\nEventType: SetValue\r\nUtcTime: 2022-07-08 13:44:16.398\r\nProcessGuid: {6b7cbb53-343f-62c8-f300-000000000e00}\r\nProcessId: 2744\r\nImage: C:\\Windows\\System32\\WindowsPowerShell\\v1.0\\powershell.exe\r\nTargetObject: HKLM\\System\\CurrentControlSet\\Services\\bam\\State\\UserSettings\\S-1-5-21-2264196694-1469429678-912427992-1107\\\\Device\\HarddiskVolume3\\Windows\\System32\\notepad.exe\r\nDetails: Binary Data\r\nUser: STACKEDPADS\\tim.smith","Category":"Registry value set (rule: RegistryEvent)","Opcode":"Info","RuleName":"technique_id=T1543,technique_name=Service Creation","UtcTime":"2022-07-08 13:44:16.398","ProcessGuid":"{6b7cbb53-343f-62c8-f300-000000000e00}","Image":"C:\\Windows\\System32\\WindowsPowerShell\\v1.0\\powershell.exe","TargetObject":"HKLM\\System\\CurrentControlSet\\Services\\bam\\State\\UserSettings\\S-1-5-21-2264196694-1469429678-912427992-1107\\\\Device\\HarddiskVolume3\\Windows\\System32\\notepad.exe","Details":"Binary Data","User":"STACKEDPADS\\tim.smith","EventReceivedTime":1657287858,"SourceModuleName":"in_sysmon","SourceModuleType":"im_msvistalog"}
<14>Jul  8 13:44:18 wrk-shasek.stackedpads.local Microsoft-Windows-Sysmon[2568]: {"EventTime":1657287856,"Hostname":"wrk-shasek.stackedpads.local","Keywords":-9223372036854775808,"EventType":"INFO","SeverityValue":2,"Severity":"INFO","EventID":10,"SourceName":"Microsoft-Windows-Sysmon","ProviderGuid":"{5770385F-C22A-43E0-BF4C-06F5698FFBD9}","Version":3,"Task":10,"OpcodeValue":0,"RecordNumber":73018,"ProcessID":2568,"ThreadID":3284,"Channel":"Microsoft-Windows-Sysmon/Operational","Domain":"NT AUTHORITY","AccountName":"SYSTEM","UserID":"S-1-5-18","AccountType":"User","Message":"Process accessed:\r\nRuleName: technique_id=T1055.001,technique_name=Dynamic-link Library Injection\r\nUtcTime: 2022-07-08 13:44:16.399\r\nSourceProcessGUID: {6b7cbb53-343f-62c8-f300-000000000e00}\r\nSourceProcessId: 2744\r\nSourceThreadId: 6748\r\nSourceImage: C:\\Windows\\System32\\WindowsPowerShell\\v1.0\\powershell.exe\r\nTargetProcessGUID: {6b7cbb53-34b0-62c8-0f01-000000000e00}\r\nTargetProcessId: 3780\r\nTargetImage: C:\\Windows\\system32\\notepad.exe\r\nGrantedAccess: 0x1FFFFF\r\nCallTrace: C:\\Windows\\SYSTEM32\\ntdll.dll+9e634|C:\\Windows\\System32\\KERNELBASE.dll+8e73|C:\\Windows\\System32\\KERNELBASE.dll+71a6|C:\\Windows\\System32\\KERNEL32.DLL+1cbb4|C:\\Windows\\assembly\\NativeImages_v4.0.30319_64\\System\\54c5a8ebfacb96ef1f1af1d732b88f97\\System.ni.dll+383fe6|C:\\Windows\\assembly\\NativeImages_v4.0.30319_64\\System\\54c5a8ebfacb96ef1f1af1d732b88f97\\System.ni.dll+2c4809|C:\\Windows\\assembly\\NativeImages_v4.0.30319_64\\System\\54c5a8ebfacb96ef1f1af1d732b88f97\\System.ni.dll+2c4179|C:\\Windows\\assembly\\NativeImages_v4.0.30319_64\\System.Manaa57fc8cc#\\d0b59903ecdf5fafd2f575aa99051d7d\\System.Management.Automation.ni.dll+111e1f9|C:\\Windows\\assembly\\NativeImages_v4.0.30319_64\\System.Manaa57fc8cc#\\d0b59903ecdf5fafd2f575aa99051d7d\\System.Management.Automation.ni.dll+10753ba|C:\\Windows\\assembly\\NativeImages_v4.0.30319_64\\System.Manaa57fc8cc#\\d0b59903ecdf5fafd2f575aa99051d7d\\System.Management.Automation.ni.dll+10ffaad|C:\\Windows\\assembly\\NativeImages_v4.0.30319_64\\System.Manaa57fc8cc#\\d0b59903ecdf5fafd2f575aa99051d7d\\System.Management.Automation.ni.dll+10ff76b|C:\\Windows\\assembly\\NativeImages_v4.0.30319_64\\System.Manaa57fc8cc#\\d0b59903ecdf5fafd2f575aa99051d7d\\System.Management.Automation.ni.dll+1202c3f|UNKNOWN(00007FFC4EF55251)\r\nSourceUser: STACKEDPADS\\tim.smith\r\nTargetUser: STACKEDPADS\\tim.smith","Category":"Process accessed (rule: ProcessAccess)","Opcode":"Info","RuleName":"technique_id=T1055.001,technique_name=Dynamic-link Library Injection","UtcTime":"2022-07-08 13:44:16.399","SourceProcessGUID":"{6b7cbb53-343f-62c8-f300-000000000e00}","SourceProcessId":"2744","SourceThreadId":"6748","SourceImage":"C:\\Windows\\System32\\WindowsPowerShell\\v1.0\\powershell.exe","TargetProcessGUID":"{6b7cbb53-34b0-62c8-0f01-000000000e00}","TargetProcessId":"3780","TargetImage":"C:\\Windows\\system32\\notepad.exe","GrantedAccess":"0x1fffff","CallTrace":"C:\\Windows\\SYSTEM32\\ntdll.dll+9e634|C:\\Windows\\System32\\KERNELBASE.dll+8e73|C:\\Windows\\System32\\KERNELBASE.dll+71a6|C:\\Windows\\System32\\KERNEL32.DLL+1cbb4|C:\\Windows\\assembly\\NativeImages_v4.0.30319_64\\System\\54c5a8ebfacb96ef1f1af1d732b88f97\\System.ni.dll+383fe6|C:\\Windows\\assembly\\NativeImages_v4.0.30319_64\\System\\54c5a8ebfacb96ef1f1af1d732b88f97\\System.ni.dll+2c4809|C:\\Windows\\assembly\\NativeImages_v4.0.30319_64\\System\\54c5a8ebfacb96ef1f1af1d732b88f97\\System.ni.dll+2c4179|C:\\Windows\\assembly\\NativeImages_v4.0.30319_64\\System.Manaa57fc8cc#\\d0b59903ecdf5fafd2f575aa99051d7d\\System.Management.Automation.ni.dll+111e1f9|C:\\Windows\\assembly\\NativeImages_v4.0.30319_64\\System.Manaa57fc8cc#\\d0b59903ecdf5fafd2f575aa99051d7d\\System.Management.Automation.ni.dll+10753ba|C:\\Windows\\assembly\\NativeImages_v4.0.30319_64\\System.Manaa57fc8cc#\\d0b59903ecdf5fafd2f575aa99051d7d\\System.Management.Automation.ni.dll+10ffaad|C:\\Windows\\assembly\\NativeImages_v4.0.30319_64\\System.Manaa57fc8cc#\\d0b59903ecdf5fafd2f575aa99051d7d\\System.Management.Automation.ni.dll+10ff76b|C:\\Windows\\assembly\\NativeImages_v4.0.30319_64\\System.Manaa57fc8cc#\\d0b59903ecdf5fafd2f575aa99051d7d\\System.Management.Automation.ni.dll+1202c3f|UNKNOWN(00007FFC4EF55251)","SourceUser":"STACKEDPADS\\tim.smith","TargetUser":"STACKEDPADS\\tim.smith","EventReceivedTime":1657287858,"SourceModuleName":"in_sysmon","SourceModuleType":"im_msvistalog"}
<14>Jul  8 13:44:19 activedir.stackedpads.local Microsoft-Windows-Sysmon[3224]: {"EventTime":1657287858,"Hostname":"activedir.stackedpads.local","Keywords":-9223372036854775808,"EventType":"INFO","SeverityValue":2,"Severity":"INFO","EventID":11,"SourceName":"Microsoft-Windows-Sysmon","ProviderGuid":"{5770385F-C22A-43E0-BF4C-06F5698FFBD9}","Version":2,"Task":11,"OpcodeValue":0,"RecordNumber":278397,"ProcessID":3224,"ThreadID":4128,"Channel":"Microsoft-Windows-Sysmon/Operational","Domain":"NT AUTHORITY","AccountName":"SYSTEM","UserID":"S-1-5-18","AccountType":"User","Message":"File created:\r\nRuleName: -\r\nUtcTime: 2022-07-08 13:44:17.993\r\nProcessGuid: {3be6fa21-31c0-62c8-eb03-000000000000}\r\nProcessId: 4\r\nImage: System\r\nTargetFilename: C:\\Windows\\spray.ps1\r\nCreationUtcTime: 2022-07-08 13:44:17.993\r\nUser: NT AUTHORITY\\SYSTEM","Category":"File created (rule: FileCreate)","Opcode":"Info","RuleName":"-","UtcTime":"2022-07-08 13:44:17.993","ProcessGuid":"{3be6fa21-31c0-62c8-eb03-000000000000}","Image":"System","TargetFilename":"C:\\Windows\\spray.ps1","CreationUtcTime":"2022-07-08 13:44:17.993","User":"NT AUTHORITY\\SYSTEM","EventReceivedTime":1657287859,"SourceModuleName":"in_sysmon","SourceModuleType":"im_msvistalog"}
<14>Jul  8 13:44:19 wrk-shasek.stackedpads.local Microsoft-Windows-Sysmon[2568]: {"EventTime":1657287858,"Hostname":"wrk-shasek.stackedpads.local","Keywords":-9223372036854775808,"EventType":"INFO","SeverityValue":2,"Severity":"INFO","EventID":7,"SourceName":"Microsoft-Windows-Sysmon","ProviderGuid":"{5770385F-C22A-43E0-BF4C-06F5698FFBD9}","Version":3,"Task":7,"OpcodeValue":0,"RecordNumber":73019,"ProcessID":2568,"ThreadID":3284,"Channel":"Microsoft-Windows-Sysmon/Operational","Domain":"NT AUTHORITY","AccountName":"SYSTEM","UserID":"S-1-5-18","AccountType":"User","Message":"Image loaded:\r\nRuleName: -\r\nUtcTime: 2022-07-08 13:44:18.021\r\nProcessGuid: {6b7cbb53-34b0-62c8-0f01-000000000e00}\r\nProcessId: 3780\r\nImage: C:\\Windows\\System32\\notepad.exe\r\nImageLoaded: C:\\Windows\\System32\\urlmon.dll\r\nFileVersion: 11.00.19041.1741 (WinBuild.160101.0800)\r\nDescription: OLE32 Extensions for Win32\r\nProduct: Internet Explorer\r\nCompany: Microsoft Corporation\r\nOriginalFileName: UrlMon.dll\r\nHashes: SHA1=5E1037110EB5C33288F8EA24EBDD3BD0532A279E,MD5=E76C30B53C58F02694CAC858089709D1,SHA256=72498FBEEA86C2E5B5DC15775D41AC607EF63E2B41B8A91CF6B602024B313FE3,IMPHASH=F1542B5592621C50A426D247782724CB\r\nSigned: true\r\nSignature: Microsoft Windows\r\nSignatureStatus: Valid\r\nUser: STACKEDPADS\\tim.smith","Category":"Image loaded (rule: ImageLoad)","Opcode":"Info","RuleName":"-","UtcTime":"2022-07-08 13:44:18.021","ProcessGuid":"{6b7cbb53-34b0-62c8-0f01-000000000e00}","Image":"C:\\Windows\\System32\\notepad.exe","ImageLoaded":"C:\\Windows\\System32\\urlmon.dll","FileVersion":"11.00.19041.1741 (WinBuild.160101.0800)","Description":"OLE32 Extensions for Win32","Product":"Internet Explorer","Company":"Microsoft Corporation","OriginalFileName":"UrlMon.dll","Hashes":"SHA1=5E1037110EB5C33288F8EA24EBDD3BD0532A279E,MD5=E76C30B53C58F02694CAC858089709D1,SHA256=72498FBEEA86C2E5B5DC15775D41AC607EF63E2B41B8A91CF6B602024B313FE3,IMPHASH=F1542B5592621C50A426D247782724CB","Signed":"true","Signature":"Microsoft Windows","SignatureStatus":"Valid","User":"STACKEDPADS\\tim.smith","EventReceivedTime":1657287859,"SourceModuleName":"in_sysmon","SourceModuleType":"im_msvistalog"}
<14>Jul  8 13:44:26 wrk-shasek.stackedpads.local Microsoft-Windows-Sysmon[2568]: {"EventTime":1657287865,"Hostname":"wrk-shasek.stackedpads.local","Keywords":-9223372036854775808,"EventType":"INFO","SeverityValue":2,"Severity":"INFO","EventID":11,"SourceName":"Microsoft-Windows-Sysmon","ProviderGuid":"{5770385F-C22A-43E0-BF4C-06F5698FFBD9}","Version":2,"Task":11,"OpcodeValue":0,"RecordNumber":73020,"ProcessID":2568,"ThreadID":3284,"Channel":"Microsoft-Windows-Sysmon/Operational","Domain":"NT AUTHORITY","AccountName":"SYSTEM","UserID":"S-1-5-18","AccountType":"User","Message":"File created:\r\nRuleName: -\r\nUtcTime: 2022-07-08 13:44:25.045\r\nProcessGuid: {6b7cbb53-316d-62c8-1500-000000000e00}\r\nProcessId: 712\r\nImage: C:\\Windows\\System32\\svchost.exe\r\nTargetFilename: C:\\Windows\\Prefetch\\RUNTIMEBROKER.EXE-67310593.pf\r\nCreationUtcTime: 2022-06-22 16:09:54.428\r\nUser: NT AUTHORITY\\SYSTEM","Category":"File created (rule: FileCreate)","Opcode":"Info","RuleName":"-","UtcTime":"2022-07-08 13:44:25.045","ProcessGuid":"{6b7cbb53-316d-62c8-1500-000000000e00}","Image":"C:\\Windows\\System32\\svchost.exe","TargetFilename":"C:\\Windows\\Prefetch\\RUNTIMEBROKER.EXE-67310593.pf","CreationUtcTime":"2022-06-22 16:09:54.428","User":"NT AUTHORITY\\SYSTEM","EventReceivedTime":1657287866,"SourceModuleName":"in_sysmon","SourceModuleType":"im_msvistalog"}
<14>Jul  8 13:44:26 wrk-shasek.stackedpads.local Microsoft-Windows-Sysmon[2568]: {"EventTime":1657287865,"Hostname":"wrk-shasek.stackedpads.local","Keywords":-9223372036854775808,"EventType":"INFO","SeverityValue":2,"Severity":"INFO","EventID":11,"SourceName":"Microsoft-Windows-Sysmon","ProviderGuid":"{5770385F-C22A-43E0-BF4C-06F5698FFBD9}","Version":2,"Task":11,"OpcodeValue":0,"RecordNumber":73021,"ProcessID":2568,"ThreadID":3284,"Channel":"Microsoft-Windows-Sysmon/Operational","Domain":"NT AUTHORITY","AccountName":"SYSTEM","UserID":"S-1-5-18","AccountType":"User","Message":"File created:\r\nRuleName: -\r\nUtcTime: 2022-07-08 13:44:25.787\r\nProcessGuid: {6b7cbb53-316d-62c8-1500-000000000e00}\r\nProcessId: 712\r\nImage: C:\\Windows\\System32\\svchost.exe\r\nTargetFilename: C:\\Windows\\Prefetch\\RUNTIMEBROKER.EXE-D2EE0952.pf\r\nCreationUtcTime: 2022-06-22 16:09:05.428\r\nUser: NT AUTHORITY\\SYSTEM","Category":"File created (rule: FileCreate)","Opcode":"Info","RuleName":"-","UtcTime":"2022-07-08 13:44:25.787","ProcessGuid":"{6b7cbb53-316d-62c8-1500-000000000e00}","Image":"C:\\Windows\\System32\\svchost.exe","TargetFilename":"C:\\Windows\\Prefetch\\RUNTIMEBROKER.EXE-D2EE0952.pf","CreationUtcTime":"2022-06-22 16:09:05.428","User":"NT AUTHORITY\\SYSTEM","EventReceivedTime":1657287866,"SourceModuleName":"in_sysmon","SourceModuleType":"im_msvistalog"}
<14>Jul  8 13:44:28 wrk-shasek.stackedpads.local Microsoft-Windows-Sysmon[2568]: {"EventTime":1657287866,"Hostname":"wrk-shasek.stackedpads.local","Keywords":-9223372036854775808,"EventType":"INFO","SeverityValue":2,"Severity":"INFO","EventID":11,"SourceName":"Microsoft-Windows-Sysmon","ProviderGuid":"{5770385F-C22A-43E0-BF4C-06F5698FFBD9}","Version":2,"Task":11,"OpcodeValue":0,"RecordNumber":73022,"ProcessID":2568,"ThreadID":3284,"Channel":"Microsoft-Windows-Sysmon/Operational","Domain":"NT AUTHORITY","AccountName":"SYSTEM","UserID":"S-1-5-18","AccountType":"User","Message":"File created:\r\nRuleName: -\r\nUtcTime: 2022-07-08 13:44:26.475\r\nProcessGuid: {6b7cbb53-316d-62c8-1500-000000000e00}\r\nProcessId: 712\r\nImage: C:\\Windows\\System32\\svchost.exe\r\nTargetFilename: C:\\Windows\\Prefetch\\NOTEPAD.EXE-C5670914.pf\r\nCreationUtcTime: 2022-07-07 19:34:17.343\r\nUser: NT AUTHORITY\\SYSTEM","Category":"File created (rule: FileCreate)","Opcode":"Info","RuleName":"-","UtcTime":"2022-07-08 13:44:26.475","ProcessGuid":"{6b7cbb53-316d-62c8-1500-000000000e00}","Image":"C:\\Windows\\System32\\svchost.exe","TargetFilename":"C:\\Windows\\Prefetch\\NOTEPAD.EXE-C5670914.pf","CreationUtcTime":"2022-07-07 19:34:17.343","User":"NT AUTHORITY\\SYSTEM","EventReceivedTime":1657287868,"SourceModuleName":"in_sysmon","SourceModuleType":"im_msvistalog"}
<14>Jul  8 13:44:31 activedir.stackedpads.local Microsoft-Windows-Sysmon[3224]: {"EventTime":1657287870,"Hostname":"activedir.stackedpads.local","Keywords":-9223372036854775808,"EventType":"INFO","SeverityValue":2,"Severity":"INFO","EventID":13,"SourceName":"Microsoft-Windows-Sysmon","ProviderGuid":"{5770385F-C22A-43E0-BF4C-06F5698FFBD9}","Version":2,"Task":13,"OpcodeValue":0,"RecordNumber":278398,"ProcessID":3224,"ThreadID":4128,"Channel":"Microsoft-Windows-Sysmon/Operational","Domain":"NT AUTHORITY","AccountName":"SYSTEM","UserID":"S-1-5-18","AccountType":"User","Message":"Registry value set:\r\nRuleName: technique_id=T1543,technique_name=Service Creation\r\nEventType: SetValue\r\nUtcTime: 2022-07-08 13:44:30.132\r\nProcessGuid: {3be6fa21-31c6-62c8-1700-000000001100}\r\nProcessId: 976\r\nImage: C:\\Windows\\system32\\svchost.exe\r\nTargetObject: HKLM\\System\\CurrentControlSet\\Services\\w32time\\Config\\LastKnownGoodTime\r\nDetails: QWORD (0x01d892d0-0xd9245f2a)\r\nUser: NT AUTHORITY\\LOCAL SERVICE","Category":"Registry value set (rule: RegistryEvent)","Opcode":"Info","RuleName":"technique_id=T1543,technique_name=Service Creation","UtcTime":"2022-07-08 13:44:30.132","ProcessGuid":"{3be6fa21-31c6-62c8-1700-000000001100}","Image":"C:\\Windows\\system32\\svchost.exe","TargetObject":"HKLM\\System\\CurrentControlSet\\Services\\w32time\\Config\\LastKnownGoodTime","Details":"QWORD (0x01d892d0-0xd9245f2a)","User":"NT AUTHORITY\\LOCAL SERVICE","EventReceivedTime":1657287871,"SourceModuleName":"in_sysmon","SourceModuleType":"im_msvistalog"}
<14>Jul  8 13:44:33 activedir.stackedpads.local Microsoft-Windows-Sysmon[3224]: {"EventTime":1657287872,"Hostname":"activedir.stackedpads.local","Keywords":-9223372036854775808,"EventType":"INFO","SeverityValue":2,"Severity":"INFO","EventID":22,"SourceName":"Microsoft-Windows-Sysmon","ProviderGuid":"{5770385F-C22A-43E0-BF4C-06F5698FFBD9}","Version":5,"Task":22,"OpcodeValue":0,"RecordNumber":278399,"ProcessID":3224,"ThreadID":4252,"Channel":"Microsoft-Windows-Sysmon/Operational","Domain":"NT AUTHORITY","AccountName":"SYSTEM","UserID":"S-1-5-18","AccountType":"User","Message":"Dns query:\r\nRuleName: -\r\nUtcTime: 2022-07-08 13:44:30.403\r\nProcessGuid: {3be6fa21-31cf-62c8-4200-000000001100}\r\nProcessId: 2976\r\nQueryName: logging.googleapis.com\r\nQueryStatus: 0\r\nQueryResults: ::ffff:64.233.191.95;\r\nImage: C:\\Program Files\\Google\\Compute Engine\\agent\\GCEWindowsAgent.exe\r\nUser: NT AUTHORITY\\SYSTEM","Category":"Dns query (rule: DnsQuery)","Opcode":"Info","RuleName":"-","UtcTime":"2022-07-08 13:44:30.403","ProcessGuid":"{3be6fa21-31cf-62c8-4200-000000001100}","QueryName":"logging.googleapis.com","QueryStatus":"0","QueryResults":"::ffff:64.233.191.95;","Image":"C:\\Program Files\\Google\\Compute Engine\\agent\\GCEWindowsAgent.exe","User":"NT AUTHORITY\\SYSTEM","EventReceivedTime":1657287873,"SourceModuleName":"in_sysmon","SourceModuleType":"im_msvistalog"}
<14>Jul  8 13:44:40 activedir.stackedpads.local Microsoft-Windows-Sysmon[3224]: {"EventTime":1657287880,"Hostname":"activedir.stackedpads.local","Keywords":-9223372036854775808,"EventType":"INFO","SeverityValue":2,"Severity":"INFO","EventID":3,"SourceName":"Microsoft-Windows-Sysmon","ProviderGuid":"{5770385F-C22A-43E0-BF4C-06F5698FFBD9}","Version":5,"Task":3,"OpcodeValue":0,"RecordNumber":278401,"ProcessID":3224,"ThreadID":3188,"Channel":"Microsoft-Windows-Sysmon/Operational","Domain":"NT AUTHORITY","AccountName":"SYSTEM","UserID":"S-1-5-18","AccountType":"User","Message":"Network connection detected:\r\nRuleName: technique_id=T1036,technique_name=Masquerading\r\nUtcTime: 2022-07-08 13:44:38.885\r\nProcessGuid: {3be6fa21-31d0-62c8-5500-000000001100}\r\nProcessId: 3312\r\nImage: C:\\ProgramData\\Microsoft\\Windows Defender\\Platform\\4.18.2205.7-0\\MsMpEng.exe\r\nUser: NT AUTHORITY\\SYSTEM\r\nProtocol: tcp\r\nInitiated: true\r\nSourceIsIpv6: false\r\nSourceIp: 10.1.0.4\r\nSourceHostname: -\r\nSourcePort: 49816\r\nSourcePortName: -\r\nDestinationIsIpv6: false\r\nDestinationIp: 20.62.149.92\r\nDestinationHostname: -\r\nDestinationPort: 443\r\nDestinationPortName: -","Category":"Network connection detected (rule: NetworkConnect)","Opcode":"Info","RuleName":"technique_id=T1036,technique_name=Masquerading","UtcTime":"2022-07-08 13:44:38.885","ProcessGuid":"{3be6fa21-31d0-62c8-5500-000000001100}","Image":"C:\\ProgramData\\Microsoft\\Windows Defender\\Platform\\4.18.2205.7-0\\MsMpEng.exe","User":"NT AUTHORITY\\SYSTEM","Protocol":"tcp","Initiated":"true","SourceIsIpv6":"false","SourceIp":"10.1.0.4","SourceHostname":"-","SourcePort":"49816","SourcePortName":"-","DestinationIsIpv6":"false","DestinationIp":"20.62.149.92","DestinationHostname":"-","DestinationPort":"443","DestinationPortName":"-","EventReceivedTime":1657287880,"SourceModuleName":"in_sysmon","SourceModuleType":"im_msvistalog"}
<14>Jul  8 13:44:40 activedir.stackedpads.local Microsoft-Windows-Sysmon[3224]: {"EventTime":1657287879,"Hostname":"activedir.stackedpads.local","Keywords":-9223372036854775808,"EventType":"INFO","SeverityValue":2,"Severity":"INFO","EventID":11,"SourceName":"Microsoft-Windows-Sysmon","ProviderGuid":"{5770385F-C22A-43E0-BF4C-06F5698FFBD9}","Version":2,"Task":11,"OpcodeValue":0,"RecordNumber":278400,"ProcessID":3224,"ThreadID":4128,"Channel":"Microsoft-Windows-Sysmon/Operational","Domain":"NT AUTHORITY","AccountName":"SYSTEM","UserID":"S-1-5-18","AccountType":"User","Message":"File created:\r\nRuleName: -\r\nUtcTime: 2022-07-08 13:44:39.427\r\nProcessGuid: {3be6fa21-31d0-62c8-5500-000000001100}\r\nProcessId: 3312\r\nImage: C:\\ProgramData\\Microsoft\\Windows Defender\\Platform\\4.18.2205.7-0\\MsMpEng.exe\r\nTargetFilename: C:\\ProgramData\\Microsoft\\Windows Defender\\Scans\\RtSigs\\Data\\0af83a5e53b24bfd7437daffc84c2d20e19e6e63\r\nCreationUtcTime: 2022-07-08 13:44:39.427\r\nUser: NT AUTHORITY\\SYSTEM","Category":"File created (rule: FileCreate)","Opcode":"Info","RuleName":"-","UtcTime":"2022-07-08 13:44:39.427","ProcessGuid":"{3be6fa21-31d0-62c8-5500-000000001100}","Image":"C:\\ProgramData\\Microsoft\\Windows Defender\\Platform\\4.18.2205.7-0\\MsMpEng.exe","TargetFilename":"C:\\ProgramData\\Microsoft\\Windows Defender\\Scans\\RtSigs\\Data\\0af83a5e53b24bfd7437daffc84c2d20e19e6e63","CreationUtcTime":"2022-07-08 13:44:39.427","User":"NT AUTHORITY\\SYSTEM","EventReceivedTime":1657287880,"SourceModuleName":"in_sysmon","SourceModuleType":"im_msvistalog"}
<14>Jul  8 13:44:44 activedir.stackedpads.local Microsoft-Windows-Sysmon[3224]: {"EventTime":1657287883,"Hostname":"activedir.stackedpads.local","Keywords":-9223372036854775808,"EventType":"INFO","SeverityValue":2,"Severity":"INFO","EventID":22,"SourceName":"Microsoft-Windows-Sysmon","ProviderGuid":"{5770385F-C22A-43E0-BF4C-06F5698FFBD9}","Version":5,"Task":22,"OpcodeValue":0,"RecordNumber":278402,"ProcessID":3224,"ThreadID":4252,"Channel":"Microsoft-Windows-Sysmon/Operational","Domain":"NT AUTHORITY","AccountName":"SYSTEM","UserID":"S-1-5-18","AccountType":"User","Message":"Dns query:\r\nRuleName: -\r\nUtcTime: 2022-07-08 13:44:41.258\r\nProcessGuid: {3be6fa21-31c6-62c8-1400-000000001100}\r\nProcessId: 360\r\nQueryName: logging.googleapis.com\r\nQueryStatus: 0\r\nQueryResults: ::ffff:64.233.191.95;\r\nImage: C:\\Program Files\\Google\\OSConfig\\google_osconfig_agent.exe\r\nUser: NT AUTHORITY\\SYSTEM","Category":"Dns query (rule: DnsQuery)","Opcode":"Info","RuleName":"-","UtcTime":"2022-07-08 13:44:41.258","ProcessGuid":"{3be6fa21-31c6-62c8-1400-000000001100}","QueryName":"logging.googleapis.com","QueryStatus":"0","QueryResults":"::ffff:64.233.191.95;","Image":"C:\\Program Files\\Google\\OSConfig\\google_osconfig_agent.exe","User":"NT AUTHORITY\\SYSTEM","EventReceivedTime":1657287884,"SourceModuleName":"in_sysmon","SourceModuleType":"im_msvistalog"}
<14>Jul  8 13:44:51 wrk-shasek.stackedpads.local Microsoft-Windows-Sysmon[2568]: {"EventTime":1657287890,"Hostname":"wrk-shasek.stackedpads.local","Keywords":-9223372036854775808,"EventType":"INFO","SeverityValue":2,"Severity":"INFO","EventID":13,"SourceName":"Microsoft-Windows-Sysmon","ProviderGuid":"{5770385F-C22A-43E0-BF4C-06F5698FFBD9}","Version":2,"Task":13,"OpcodeValue":0,"RecordNumber":73023,"ProcessID":2568,"ThreadID":3284,"Channel":"Microsoft-Windows-Sysmon/Operational","Domain":"NT AUTHORITY","AccountName":"SYSTEM","UserID":"S-1-5-18","AccountType":"User","Message":"Registry value set:\r\nRuleName: technique_id=T1543,technique_name=Service Creation\r\nEventType: SetValue\r\nUtcTime: 2022-07-08 13:44:50.074\r\nProcessGuid: {6b7cbb53-34b0-62c8-0f01-000000000e00}\r\nProcessId: 3780\r\nImage: C:\\Windows\\system32\\notepad.exe\r\nTargetObject: HKLM\\System\\CurrentControlSet\\Services\\bam\\State\\UserSettings\\S-1-5-21-2264196694-1469429678-912427992-1107\\\\Device\\HarddiskVolume3\\Windows\\System32\\notepad.exe\r\nDetails: Binary Data\r\nUser: STACKEDPADS\\tim.smith","Category":"Registry value set (rule: RegistryEvent)","Opcode":"Info","RuleName":"technique_id=T1543,technique_name=Service Creation","UtcTime":"2022-07-08 13:44:50.074","ProcessGuid":"{6b7cbb53-34b0-62c8-0f01-000000000e00}","Image":"C:\\Windows\\system32\\notepad.exe","TargetObject":"HKLM\\System\\CurrentControlSet\\Services\\bam\\State\\UserSettings\\S-1-5-21-2264196694-1469429678-912427992-1107\\\\Device\\HarddiskVolume3\\Windows\\System32\\notepad.exe","Details":"Binary Data","User":"STACKEDPADS\\tim.smith","EventReceivedTime":1657287891,"SourceModuleName":"in_sysmon","SourceModuleType":"im_msvistalog"}
<14>Jul  8 13:44:52 activedir.stackedpads.local Microsoft-Windows-Sysmon[3224]: {"EventTime":1657287891,"Hostname":"activedir.stackedpads.local","Keywords":-9223372036854775808,"EventType":"INFO","SeverityValue":2,"Severity":"INFO","EventID":11,"SourceName":"Microsoft-Windows-Sysmon","ProviderGuid":"{5770385F-C22A-43E0-BF4C-06F5698FFBD9}","Version":2,"Task":11,"OpcodeValue":0,"RecordNumber":278403,"ProcessID":3224,"ThreadID":4128,"Channel":"Microsoft-Windows-Sysmon/Operational","Domain":"NT AUTHORITY","AccountName":"SYSTEM","UserID":"S-1-5-18","AccountType":"User","Message":"File created:\r\nRuleName: -\r\nUtcTime: 2022-07-08 13:44:51.267\r\nProcessGuid: {3be6fa21-31c6-62c8-1c00-000000001100}\r\nProcessId: 1292\r\nImage: C:\\Windows\\System32\\svchost.exe\r\nTargetFilename: C:\\Windows\\ServiceState\\EventLog\\Data\\lastalive1.dat\r\nCreationUtcTime: 2022-07-08 13:32:50.943\r\nUser: NT AUTHORITY\\LOCAL SERVICE","Category":"File created (rule: FileCreate)","Opcode":"Info","RuleName":"-","UtcTime":"2022-07-08 13:44:51.267","ProcessGuid":"{3be6fa21-31c6-62c8-1c00-000000001100}","Image":"C:\\Windows\\System32\\svchost.exe","TargetFilename":"C:\\Windows\\ServiceState\\EventLog\\Data\\lastalive1.dat","CreationUtcTime":"2022-07-08 13:32:50.943","User":"NT AUTHORITY\\LOCAL SERVICE","EventReceivedTime":1657287892,"SourceModuleName":"in_sysmon","SourceModuleType":"im_msvistalog"}
<14>Jul  8 13:45:11 wrk-shasek.stackedpads.local Microsoft-Windows-Sysmon[2568]: {"EventTime":1657287910,"Hostname":"wrk-shasek.stackedpads.local","Keywords":-9223372036854775808,"EventType":"INFO","SeverityValue":2,"Severity":"INFO","EventID":13,"SourceName":"Microsoft-Windows-Sysmon","ProviderGuid":"{5770385F-C22A-43E0-BF4C-06F5698FFBD9}","Version":2,"Task":13,"OpcodeValue":0,"RecordNumber":73024,"ProcessID":2568,"ThreadID":3284,"Channel":"Microsoft-Windows-Sysmon/Operational","Domain":"NT AUTHORITY","AccountName":"SYSTEM","UserID":"S-1-5-18","AccountType":"User","Message":"Registry value set:\r\nRuleName: technique_id=T1543,technique_name=Service Creation\r\nEventType: SetValue\r\nUtcTime: 2022-07-08 13:45:10.027\r\nProcessGuid: {6b7cbb53-343f-62c8-f300-000000000e00}\r\nProcessId: 2744\r\nImage: C:\\Windows\\System32\\WindowsPowerShell\\v1.0\\powershell.exe\r\nTargetObject: HKLM\\System\\CurrentControlSet\\Services\\bam\\State\\UserSettings\\S-1-5-21-2264196694-1469429678-912427992-1107\\\\Device\\HarddiskVolume3\\Windows\\System32\\notepad.exe\r\nDetails: Binary Data\r\nUser: STACKEDPADS\\tim.smith","Category":"Registry value set (rule: RegistryEvent)","Opcode":"Info","RuleName":"technique_id=T1543,technique_name=Service Creation","UtcTime":"2022-07-08 13:45:10.027","ProcessGuid":"{6b7cbb53-343f-62c8-f300-000000000e00}","Image":"C:\\Windows\\System32\\WindowsPowerShell\\v1.0\\powershell.exe","TargetObject":"HKLM\\System\\CurrentControlSet\\Services\\bam\\State\\UserSettings\\S-1-5-21-2264196694-1469429678-912427992-1107\\\\Device\\HarddiskVolume3\\Windows\\System32\\notepad.exe","Details":"Binary Data","User":"STACKEDPADS\\tim.smith","EventReceivedTime":1657287911,"SourceModuleName":"in_sysmon","SourceModuleType":"im_msvistalog"}
<14>Jul  8 13:45:11 wrk-shasek.stackedpads.local Microsoft-Windows-Sysmon[2568]: {"EventTime":1657287910,"Hostname":"wrk-shasek.stackedpads.local","Keywords":-9223372036854775808,"EventType":"INFO","SeverityValue":2,"Severity":"INFO","EventID":10,"SourceName":"Microsoft-Windows-Sysmon","ProviderGuid":"{5770385F-C22A-43E0-BF4C-06F5698FFBD9}","Version":3,"Task":10,"OpcodeValue":0,"RecordNumber":73026,"ProcessID":2568,"ThreadID":3284,"Channel":"Microsoft-Windows-Sysmon/Operational","Domain":"NT AUTHORITY","AccountName":"SYSTEM","UserID":"S-1-5-18","AccountType":"User","Message":"Process accessed:\r\nRuleName: technique_id=T1055.001,technique_name=Dynamic-link Library Injection\r\nUtcTime: 2022-07-08 13:45:10.027\r\nSourceProcessGUID: {6b7cbb53-343f-62c8-f300-000000000e00}\r\nSourceProcessId: 2744\r\nSourceThreadId: 6748\r\nSourceImage: C:\\Windows\\System32\\WindowsPowerShell\\v1.0\\powershell.exe\r\nTargetProcessGUID: {6b7cbb53-34e6-62c8-1001-000000000e00}\r\nTargetProcessId: 5876\r\nTargetImage: C:\\Windows\\system32\\notepad.exe\r\nGrantedAccess: 0x1FFFFF\r\nCallTrace: C:\\Windows\\SYSTEM32\\ntdll.dll+9e634|C:\\Windows\\System32\\KERNELBASE.dll+8e73|C:\\Windows\\System32\\KERNELBASE.dll+71a6|C:\\Windows\\System32\\KERNEL32.DLL+1cbb4|C:\\Windows\\assembly\\NativeImages_v4.0.30319_64\\System\\54c5a8ebfacb96ef1f1af1d732b88f97\\System.ni.dll+383fe6|C:\\Windows\\assembly\\NativeImages_v4.0.30319_64\\System\\54c5a8ebfacb96ef1f1af1d732b88f97\\System.ni.dll+2c4809|C:\\Windows\\assembly\\NativeImages_v4.0.30319_64\\System\\54c5a8ebfacb96ef1f1af1d732b88f97\\System.ni.dll+2c4179|C:\\Windows\\assembly\\NativeImages_v4.0.30319_64\\System.Manaa57fc8cc#\\d0b59903ecdf5fafd2f575aa99051d7d\\System.Management.Automation.ni.dll+111e1f9|C:\\Windows\\assembly\\NativeImages_v4.0.30319_64\\System.Manaa57fc8cc#\\d0b59903ecdf5fafd2f575aa99051d7d\\System.Management.Automation.ni.dll+10753ba|C:\\Windows\\assembly\\NativeImages_v4.0.30319_64\\System.Manaa57fc8cc#\\d0b59903ecdf5fafd2f575aa99051d7d\\System.Management.Automation.ni.dll+10ffaad|C:\\Windows\\assembly\\NativeImages_v4.0.30319_64\\System.Manaa57fc8cc#\\d0b59903ecdf5fafd2f575aa99051d7d\\System.Management.Automation.ni.dll+10ff76b|C:\\Windows\\assembly\\NativeImages_v4.0.30319_64\\System.Manaa57fc8cc#\\d0b59903ecdf5fafd2f575aa99051d7d\\System.Management.Automation.ni.dll+1202c3f|UNKNOWN(00007FFC4EF55251)\r\nSourceUser: STACKEDPADS\\tim.smith\r\nTargetUser: STACKEDPADS\\tim.smith","Category":"Process accessed (rule: ProcessAccess)","Opcode":"Info","RuleName":"technique_id=T1055.001,technique_name=Dynamic-link Library Injection","UtcTime":"2022-07-08 13:45:10.027","SourceProcessGUID":"{6b7cbb53-343f-62c8-f300-000000000e00}","SourceProcessId":"2744","SourceThreadId":"6748","SourceImage":"C:\\Windows\\System32\\WindowsPowerShell\\v1.0\\powershell.exe","TargetProcessGUID":"{6b7cbb53-34e6-62c8-1001-000000000e00}","TargetProcessId":"5876","TargetImage":"C:\\Windows\\system32\\notepad.exe","GrantedAccess":"0x1fffff","CallTrace":"C:\\Windows\\SYSTEM32\\ntdll.dll+9e634|C:\\Windows\\System32\\KERNELBASE.dll+8e73|C:\\Windows\\System32\\KERNELBASE.dll+71a6|C:\\Windows\\System32\\KERNEL32.DLL+1cbb4|C:\\Windows\\assembly\\NativeImages_v4.0.30319_64\\System\\54c5a8ebfacb96ef1f1af1d732b88f97\\System.ni.dll+383fe6|C:\\Windows\\assembly\\NativeImages_v4.0.30319_64\\System\\54c5a8ebfacb96ef1f1af1d732b88f97\\System.ni.dll+2c4809|C:\\Windows\\assembly\\NativeImages_v4.0.30319_64\\System\\54c5a8ebfacb96ef1f1af1d732b88f97\\System.ni.dll+2c4179|C:\\Windows\\assembly\\NativeImages_v4.0.30319_64\\System.Manaa57fc8cc#\\d0b59903ecdf5fafd2f575aa99051d7d\\System.Management.Automation.ni.dll+111e1f9|C:\\Windows\\assembly\\NativeImages_v4.0.30319_64\\System.Manaa57fc8cc#\\d0b59903ecdf5fafd2f575aa99051d7d\\System.Management.Automation.ni.dll+10753ba|C:\\Windows\\assembly\\NativeImages_v4.0.30319_64\\System.Manaa57fc8cc#\\d0b59903ecdf5fafd2f575aa99051d7d\\System.Management.Automation.ni.dll+10ffaad|C:\\Windows\\assembly\\NativeImages_v4.0.30319_64\\System.Manaa57fc8cc#\\d0b59903ecdf5fafd2f575aa99051d7d\\System.Management.Automation.ni.dll+10ff76b|C:\\Windows\\assembly\\NativeImages_v4.0.30319_64\\System.Manaa57fc8cc#\\d0b59903ecdf5fafd2f575aa99051d7d\\System.Management.Automation.ni.dll+1202c3f|UNKNOWN(00007FFC4EF55251)","SourceUser":"STACKEDPADS\\tim.smith","TargetUser":"STACKEDPADS\\tim.smith","EventReceivedTime":1657287911,"SourceModuleName":"in_sysmon","SourceModuleType":"im_msvistalog"}
<14>Jul  8 13:45:11 wrk-shasek.stackedpads.local Microsoft-Windows-Sysmon[2568]: {"EventTime":1657287910,"Hostname":"wrk-shasek.stackedpads.local","Keywords":-9223372036854775808,"EventType":"INFO","SeverityValue":2,"Severity":"INFO","EventID":1,"SourceName":"Microsoft-Windows-Sysmon","ProviderGuid":"{5770385F-C22A-43E0-BF4C-06F5698FFBD9}","Version":5,"Task":1,"OpcodeValue":0,"RecordNumber":73025,"ProcessID":2568,"ThreadID":3284,"Channel":"Microsoft-Windows-Sysmon/Operational","Domain":"NT AUTHORITY","AccountName":"SYSTEM","UserID":"S-1-5-18","AccountType":"User","Message":"Process Create:\r\nRuleName: technique_id=T1086,technique_name=PowerShell\r\nUtcTime: 2022-07-08 13:45:10.032\r\nProcessGuid: {6b7cbb53-34e6-62c8-1001-000000000e00}\r\nProcessId: 5876\r\nImage: C:\\Windows\\System32\\notepad.exe\r\nFileVersion: 10.0.19041.1741 (WinBuild.160101.0800)\r\nDescription: Notepad\r\nProduct: Microsoft® Windows® Operating System\r\nCompany: Microsoft Corporation\r\nOriginalFileName: NOTEPAD.EXE\r\nCommandLine: \"C:\\Windows\\system32\\notepad.exe\" g:\\pass.csv\r\nCurrentDirectory: C:\\Windows\\system32\\\r\nUser: STACKEDPADS\\tim.smith\r\nLogonGuid: {6b7cbb53-3426-62c8-0a72-300000000000}\r\nLogonId: 0x30720A\r\nTerminalSessionId: 3\r\nIntegrityLevel: High\r\nHashes: SHA1=ECFCAC0CC27FA48D0AEB055FD3E0073E0F3B99C4,MD5=58CDBC205E6D83A83D9C8E7D5E2AD8B1,SHA256=0D54DA710565A3820860BE8DF519DF62458E9A997BED3C6925665268ECC1086F,IMPHASH=320FAF01086570930EFF84A436797927\r\nParentProcessGuid: {6b7cbb53-343f-62c8-f300-000000000e00}\r\nParentProcessId: 2744\r\nParentImage: C:\\Windows\\System32\\WindowsPowerShell\\v1.0\\powershell.exe\r\nParentCommandLine: \"C:\\Windows\\System32\\WindowsPowerShell\\v1.0\\powershell.exe\" \r\nParentUser: STACKEDPADS\\tim.smith","Category":"Process Create (rule: ProcessCreate)","Opcode":"Info","RuleName":"technique_id=T1086,technique_name=PowerShell","UtcTime":"2022-07-08 13:45:10.032","ProcessGuid":"{6b7cbb53-34e6-62c8-1001-000000000e00}","Image":"C:\\Windows\\System32\\notepad.exe","FileVersion":"10.0.19041.1741 (WinBuild.160101.0800)","Description":"Notepad","Product":"Microsoft® Windows® Operating System","Company":"Microsoft Corporation","OriginalFileName":"NOTEPAD.EXE","CommandLine":"\"C:\\Windows\\system32\\notepad.exe\" g:\\pass.csv","CurrentDirectory":"C:\\Windows\\system32\\","User":"STACKEDPADS\\tim.smith","LogonGuid":"{6b7cbb53-3426-62c8-0a72-300000000000}","LogonId":"0x30720a","TerminalSessionId":"3","IntegrityLevel":"High","Hashes":"SHA1=ECFCAC0CC27FA48D0AEB055FD3E0073E0F3B99C4,MD5=58CDBC205E6D83A83D9C8E7D5E2AD8B1,SHA256=0D54DA710565A3820860BE8DF519DF62458E9A997BED3C6925665268ECC1086F,IMPHASH=320FAF01086570930EFF84A436797927","ParentProcessGuid":"{6b7cbb53-343f-62c8-f300-000000000e00}","ParentProcessId":"2744","ParentImage":"C:\\Windows\\System32\\WindowsPowerShell\\v1.0\\powershell.exe","ParentCommandLine":"\"C:\\Windows\\System32\\WindowsPowerShell\\v1.0\\powershell.exe\" ","ParentUser":"STACKEDPADS\\tim.smith","EventReceivedTime":1657287911,"SourceModuleName":"in_sysmon","SourceModuleType":"im_msvistalog"}
<14>Jul  8 13:45:14 activedir.stackedpads.local Microsoft-Windows-Sysmon[3224]: {"EventTime":1657287912,"Hostname":"activedir.stackedpads.local","Keywords":-9223372036854775808,"EventType":"INFO","SeverityValue":2,"Severity":"INFO","EventID":11,"SourceName":"Microsoft-Windows-Sysmon","ProviderGuid":"{5770385F-C22A-43E0-BF4C-06F5698FFBD9}","Version":2,"Task":11,"OpcodeValue":0,"RecordNumber":278404,"ProcessID":3224,"ThreadID":4128,"Channel":"Microsoft-Windows-Sysmon/Operational","Domain":"NT AUTHORITY","AccountName":"SYSTEM","UserID":"S-1-5-18","AccountType":"User","Message":"File created:\r\nRuleName: -\r\nUtcTime: 2022-07-08 13:45:12.113\r\nProcessGuid: {3be6fa21-31c0-62c8-eb03-000000000000}\r\nProcessId: 4\r\nImage: System\r\nTargetFilename: C:\\Windows\\pass.csv\r\nCreationUtcTime: 2022-07-08 13:45:12.113\r\nUser: NT AUTHORITY\\SYSTEM","Category":"File created (rule: FileCreate)","Opcode":"Info","RuleName":"-","UtcTime":"2022-07-08 13:45:12.113","ProcessGuid":"{3be6fa21-31c0-62c8-eb03-000000000000}","Image":"System","TargetFilename":"C:\\Windows\\pass.csv","CreationUtcTime":"2022-07-08 13:45:12.113","User":"NT AUTHORITY\\SYSTEM","EventReceivedTime":1657287914,"SourceModuleName":"in_sysmon","SourceModuleType":"im_msvistalog"}
<14>Jul  8 13:45:13 wrk-shasek.stackedpads.local Microsoft-Windows-Sysmon[2568]: {"EventTime":1657287912,"Hostname":"wrk-shasek.stackedpads.local","Keywords":-9223372036854775808,"EventType":"INFO","SeverityValue":2,"Severity":"INFO","EventID":7,"SourceName":"Microsoft-Windows-Sysmon","ProviderGuid":"{5770385F-C22A-43E0-BF4C-06F5698FFBD9}","Version":3,"Task":7,"OpcodeValue":0,"RecordNumber":73027,"ProcessID":2568,"ThreadID":3284,"Channel":"Microsoft-Windows-Sysmon/Operational","Domain":"NT AUTHORITY","AccountName":"SYSTEM","UserID":"S-1-5-18","AccountType":"User","Message":"Image loaded:\r\nRuleName: -\r\nUtcTime: 2022-07-08 13:45:12.136\r\nProcessGuid: {6b7cbb53-34e6-62c8-1001-000000000e00}\r\nProcessId: 5876\r\nImage: C:\\Windows\\System32\\notepad.exe\r\nImageLoaded: C:\\Windows\\System32\\urlmon.dll\r\nFileVersion: 11.00.19041.1741 (WinBuild.160101.0800)\r\nDescription: OLE32 Extensions for Win32\r\nProduct: Internet Explorer\r\nCompany: Microsoft Corporation\r\nOriginalFileName: UrlMon.dll\r\nHashes: SHA1=5E1037110EB5C33288F8EA24EBDD3BD0532A279E,MD5=E76C30B53C58F02694CAC858089709D1,SHA256=72498FBEEA86C2E5B5DC15775D41AC607EF63E2B41B8A91CF6B602024B313FE3,IMPHASH=F1542B5592621C50A426D247782724CB\r\nSigned: true\r\nSignature: Microsoft Windows\r\nSignatureStatus: Valid\r\nUser: STACKEDPADS\\tim.smith","Category":"Image loaded (rule: ImageLoad)","Opcode":"Info","RuleName":"-","UtcTime":"2022-07-08 13:45:12.136","ProcessGuid":"{6b7cbb53-34e6-62c8-1001-000000000e00}","Image":"C:\\Windows\\System32\\notepad.exe","ImageLoaded":"C:\\Windows\\System32\\urlmon.dll","FileVersion":"11.00.19041.1741 (WinBuild.160101.0800)","Description":"OLE32 Extensions for Win32","Product":"Internet Explorer","Company":"Microsoft Corporation","OriginalFileName":"UrlMon.dll","Hashes":"SHA1=5E1037110EB5C33288F8EA24EBDD3BD0532A279E,MD5=E76C30B53C58F02694CAC858089709D1,SHA256=72498FBEEA86C2E5B5DC15775D41AC607EF63E2B41B8A91CF6B602024B313FE3,IMPHASH=F1542B5592621C50A426D247782724CB","Signed":"true","Signature":"Microsoft Windows","SignatureStatus":"Valid","User":"STACKEDPADS\\tim.smith","EventReceivedTime":1657287913,"SourceModuleName":"in_sysmon","SourceModuleType":"im_msvistalog"}
<14>Jul  8 13:45:22 activedir.stackedpads.local Microsoft-Windows-Sysmon[3224]: {"EventTime":1657287920,"Hostname":"activedir.stackedpads.local","Keywords":-9223372036854775808,"EventType":"INFO","SeverityValue":2,"Severity":"INFO","EventID":13,"SourceName":"Microsoft-Windows-Sysmon","ProviderGuid":"{5770385F-C22A-43E0-BF4C-06F5698FFBD9}","Version":2,"Task":13,"OpcodeValue":0,"RecordNumber":278405,"ProcessID":3224,"ThreadID":4128,"Channel":"Microsoft-Windows-Sysmon/Operational","Domain":"NT AUTHORITY","AccountName":"SYSTEM","UserID":"S-1-5-18","AccountType":"User","Message":"Registry value set:\r\nRuleName: technique_id=T1543,technique_name=Service Creation\r\nEventType: SetValue\r\nUtcTime: 2022-07-08 13:45:20.041\r\nProcessGuid: {3be6fa21-31c6-62c8-1700-000000001100}\r\nProcessId: 976\r\nImage: C:\\Windows\\system32\\svchost.exe\r\nTargetObject: HKLM\\System\\CurrentControlSet\\Services\\w32time\\Config\\LastKnownGoodTime\r\nDetails: QWORD (0x01d892d0-0xf6e3fbf6)\r\nUser: NT AUTHORITY\\LOCAL SERVICE","Category":"Registry value set (rule: RegistryEvent)","Opcode":"Info","RuleName":"technique_id=T1543,technique_name=Service Creation","UtcTime":"2022-07-08 13:45:20.041","ProcessGuid":"{3be6fa21-31c6-62c8-1700-000000001100}","Image":"C:\\Windows\\system32\\svchost.exe","TargetObject":"HKLM\\System\\CurrentControlSet\\Services\\w32time\\Config\\LastKnownGoodTime","Details":"QWORD (0x01d892d0-0xf6e3fbf6)","User":"NT AUTHORITY\\LOCAL SERVICE","EventReceivedTime":1657287922,"SourceModuleName":"in_sysmon","SourceModuleType":"im_msvistalog"}
