<14>Jul  8 13:41:04 wrk-shasek.stackedpads.local Microsoft-Windows-Sysmon[2568]: {"EventTime":1657287664,"Hostname":"wrk-shasek.stackedpads.local","Keywords":-9223372036854775808,"EventType":"INFO","SeverityValue":2,"Severity":"INFO","EventID":12,"SourceName":"Microsoft-Windows-Sysmon","ProviderGuid":"{5770385F-C22A-43E0-BF4C-06F5698FFBD9}","Version":2,"Task":12,"OpcodeValue":0,"RecordNumber":72390,"ProcessID":2568,"ThreadID":3284,"Channel":"Microsoft-Windows-Sysmon/Operational","Domain":"NT AUTHORITY","AccountName":"SYSTEM","UserID":"S-1-5-18","AccountType":"User","Message":"Registry object added or deleted:\r\nRuleName: technique_id=T1543,technique_name=Service Creation\r\nEventType: CreateKey\r\nUtcTime: 2022-07-08 13:41:04.034\r\nProcessGuid: {6b7cbb53-316d-62c8-1600-000000000e00}\r\nProcessId: 608\r\nImage: C:\\Windows\\system32\\svchost.exe\r\nTargetObject: HKLM\\System\\CurrentControlSet\\Services\\SmsRouter\\State\\Registration\\Ids\\{E1153868-667E-4715-B654-B589CC9631F5}\r\nUser: NT AUTHORITY\\LOCAL SERVICE","Category":"Registry object added or deleted (rule: RegistryEvent)","Opcode":"Info","RuleName":"technique_id=T1543,technique_name=Service Creation","UtcTime":"2022-07-08 13:41:04.034","ProcessGuid":"{6b7cbb53-316d-62c8-1600-000000000e00}","Image":"C:\\Windows\\system32\\svchost.exe","TargetObject":"HKLM\\System\\CurrentControlSet\\Services\\SmsRouter\\State\\Registration\\Ids\\{E1153868-667E-4715-B654-B589CC9631F5}","User":"NT AUTHORITY\\LOCAL SERVICE","EventReceivedTime":1657287664,"SourceModuleName":"in_sysmon","SourceModuleType":"im_msvistalog"}
<14>Jul  8 13:41:04 wrk-shasek.stackedpads.local Microsoft-Windows-Sysmon[2568]: {"EventTime":1657287664,"Hostname":"wrk-shasek.stackedpads.local","Keywords":-9223372036854775808,"EventType":"INFO","SeverityValue":2,"Severity":"INFO","EventID":12,"SourceName":"Microsoft-Windows-Sysmon","ProviderGuid":"{5770385F-C22A-43E0-BF4C-06F5698FFBD9}","Version":2,"Task":12,"OpcodeValue":0,"RecordNumber":72386,"ProcessID":2568,"ThreadID":3284,"Channel":"Microsoft-Windows-Sysmon/Operational","Domain":"NT AUTHORITY","AccountName":"SYSTEM","UserID":"S-1-5-18","AccountType":"User","Message":"Registry object added or deleted:\r\nRuleName: technique_id=T1543,technique_name=Service Creation\r\nEventType: DeleteValue\r\nUtcTime: 2022-07-08 13:41:04.034\r\nProcessGuid: {6b7cbb53-316d-62c8-1600-000000000e00}\r\nProcessId: 608\r\nImage: C:\\Windows\\system32\\svchost.exe\r\nTargetObject: HKLM\\System\\CurrentControlSet\\Services\\SmsRouter\\State\\Registration\\Map\\S-1-5-19#SmsRouter#SmsDropAcceptImmediate\r\nUser: NT AUTHORITY\\LOCAL SERVICE","Category":"Registry object added or deleted (rule: RegistryEvent)","Opcode":"Info","RuleName":"technique_id=T1543,technique_name=Service Creation","UtcTime":"2022-07-08 13:41:04.034","ProcessGuid":"{6b7cbb53-316d-62c8-1600-000000000e00}","Image":"C:\\Windows\\system32\\svchost.exe","TargetObject":"HKLM\\System\\CurrentControlSet\\Services\\SmsRouter\\State\\Registration\\Map\\S-1-5-19#SmsRouter#SmsDropAcceptImmediate","User":"NT AUTHORITY\\LOCAL SERVICE","EventReceivedTime":1657287664,"SourceModuleName":"in_sysmon","SourceModuleType":"im_msvistalog"}
<14>Jul  8 13:41:04 wrk-shasek.stackedpads.local Microsoft-Windows-Sysmon[2568]: {"EventTime":1657287664,"Hostname":"wrk-shasek.stackedpads.local","Keywords":-9223372036854775808,"EventType":"INFO","SeverityValue":2,"Severity":"INFO","EventID":13,"SourceName":"Microsoft-Windows-Sysmon","ProviderGuid":"{5770385F-C22A-43E0-BF4C-06F5698FFBD9}","Version":2,"Task":13,"OpcodeValue":0,"RecordNumber":72411,"ProcessID":2568,"ThreadID":3284,"Channel":"Microsoft-Windows-Sysmon/Operational","Domain":"NT AUTHORITY","AccountName":"SYSTEM","UserID":"S-1-5-18","AccountType":"User","Message":"Registry value set:\r\nRuleName: technique_id=T1543,technique_name=Service Creation\r\nEventType: SetValue\r\nUtcTime: 2022-07-08 13:41:04.050\r\nProcessGuid: {6b7cbb53-316d-62c8-1600-000000000e00}\r\nProcessId: 608\r\nImage: C:\\Windows\\system32\\svchost.exe\r\nTargetObject: HKLM\\System\\CurrentControlSet\\Services\\SmsRouter\\State\\Registration\\Ids\\{C6350395-58B2-480A-A61A-DEEF6C540085}\\FilterXML\r\nDetails: <SmsMessageFilter Action=\"AcceptImmediately\"><FilterRule><MessageType>Wap</MessageType></FilterRule></SmsMessageFilter>\r\nUser: NT AUTHORITY\\LOCAL SERVICE","Category":"Registry value set (rule: RegistryEvent)","Opcode":"Info","RuleName":"technique_id=T1543,technique_name=Service Creation","UtcTime":"2022-07-08 13:41:04.050","ProcessGuid":"{6b7cbb53-316d-62c8-1600-000000000e00}","Image":"C:\\Windows\\system32\\svchost.exe","TargetObject":"HKLM\\System\\CurrentControlSet\\Services\\SmsRouter\\State\\Registration\\Ids\\{C6350395-58B2-480A-A61A-DEEF6C540085}\\FilterXML","Details":"&lt;SmsMessageFilter Action=\"AcceptImmediately\"&gt;&lt;FilterRule&gt;&lt;MessageType&gt;Wap&lt;/MessageType&gt;&lt;/FilterRule&gt;&lt;/SmsMessageFilter&gt;","User":"NT AUTHORITY\\LOCAL SERVICE","EventReceivedTime":1657287664,"SourceModuleName":"in_sysmon","SourceModuleType":"im_msvistalog"}
<14>Jul  8 13:41:04 wrk-shasek.stackedpads.local Microsoft-Windows-Sysmon[2568]: {"EventTime":1657287664,"Hostname":"wrk-shasek.stackedpads.local","Keywords":-9223372036854775808,"EventType":"INFO","SeverityValue":2,"Severity":"INFO","EventID":13,"SourceName":"Microsoft-Windows-Sysmon","ProviderGuid":"{5770385F-C22A-43E0-BF4C-06F5698FFBD9}","Version":2,"Task":13,"OpcodeValue":0,"RecordNumber":72415,"ProcessID":2568,"ThreadID":3284,"Channel":"Microsoft-Windows-Sysmon/Operational","Domain":"NT AUTHORITY","AccountName":"SYSTEM","UserID":"S-1-5-18","AccountType":"User","Message":"Registry value set:\r\nRuleName: technique_id=T1543,technique_name=Service Creation\r\nEventType: SetValue\r\nUtcTime: 2022-07-08 13:41:04.050\r\nProcessGuid: {6b7cbb53-316d-62c8-1600-000000000e00}\r\nProcessId: 608\r\nImage: C:\\Windows\\system32\\svchost.exe\r\nTargetObject: HKLM\\System\\CurrentControlSet\\Services\\SmsRouter\\State\\Registration\\Ids\\{C6350395-58B2-480A-A61A-DEEF6C540085}\\LastNotifiedMessageId\r\nDetails: QWORD (0xffffffff-0xffffffff)\r\nUser: NT AUTHORITY\\LOCAL SERVICE","Category":"Registry value set (rule: RegistryEvent)","Opcode":"Info","RuleName":"technique_id=T1543,technique_name=Service Creation","UtcTime":"2022-07-08 13:41:04.050","ProcessGuid":"{6b7cbb53-316d-62c8-1600-000000000e00}","Image":"C:\\Windows\\system32\\svchost.exe","TargetObject":"HKLM\\System\\CurrentControlSet\\Services\\SmsRouter\\State\\Registration\\Ids\\{C6350395-58B2-480A-A61A-DEEF6C540085}\\LastNotifiedMessageId","Details":"QWORD (0xffffffff-0xffffffff)","User":"NT AUTHORITY\\LOCAL SERVICE","EventReceivedTime":1657287664,"SourceModuleName":"in_sysmon","SourceModuleType":"im_msvistalog"}
<14>Jul  8 13:41:04 wrk-shasek.stackedpads.local Microsoft-Windows-Sysmon[2568]: {"EventTime":1657287664,"Hostname":"wrk-shasek.stackedpads.local","Keywords":-9223372036854775808,"EventType":"INFO","SeverityValue":2,"Severity":"INFO","EventID":13,"SourceName":"Microsoft-Windows-Sysmon","ProviderGuid":"{5770385F-C22A-43E0-BF4C-06F5698FFBD9}","Version":2,"Task":13,"OpcodeValue":0,"RecordNumber":72407,"ProcessID":2568,"ThreadID":3284,"Channel":"Microsoft-Windows-Sysmon/Operational","Domain":"NT AUTHORITY","AccountName":"SYSTEM","UserID":"S-1-5-18","AccountType":"User","Message":"Registry value set:\r\nRuleName: technique_id=T1543,technique_name=Service Creation\r\nEventType: SetValue\r\nUtcTime: 2022-07-08 13:41:04.050\r\nProcessGuid: {6b7cbb53-316d-62c8-1600-000000000e00}\r\nProcessId: 608\r\nImage: C:\\Windows\\system32\\svchost.exe\r\nTargetObject: HKLM\\System\\CurrentControlSet\\Services\\SmsRouter\\State\\Registration\\Ids\\{C6350395-58B2-480A-A61A-DEEF6C540085}\\CreationTime\r\nDetails: QWORD (0x00000000-0x62b36565)\r\nUser: NT AUTHORITY\\LOCAL SERVICE","Category":"Registry value set (rule: RegistryEvent)","Opcode":"Info","RuleName":"technique_id=T1543,technique_name=Service Creation","UtcTime":"2022-07-08 13:41:04.050","ProcessGuid":"{6b7cbb53-316d-62c8-1600-000000000e00}","Image":"C:\\Windows\\system32\\svchost.exe","TargetObject":"HKLM\\System\\CurrentControlSet\\Services\\SmsRouter\\State\\Registration\\Ids\\{C6350395-58B2-480A-A61A-DEEF6C540085}\\CreationTime","Details":"QWORD (0x00000000-0x62b36565)","User":"NT AUTHORITY\\LOCAL SERVICE","EventReceivedTime":1657287664,"SourceModuleName":"in_sysmon","SourceModuleType":"im_msvistalog"}
<14>Jul  8 13:41:04 wrk-shasek.stackedpads.local Microsoft-Windows-Sysmon[2568]: {"EventTime":1657287664,"Hostname":"wrk-shasek.stackedpads.local","Keywords":-9223372036854775808,"EventType":"INFO","SeverityValue":2,"Severity":"INFO","EventID":13,"SourceName":"Microsoft-Windows-Sysmon","ProviderGuid":"{5770385F-C22A-43E0-BF4C-06F5698FFBD9}","Version":2,"Task":13,"OpcodeValue":0,"RecordNumber":72417,"ProcessID":2568,"ThreadID":3284,"Channel":"Microsoft-Windows-Sysmon/Operational","Domain":"NT AUTHORITY","AccountName":"SYSTEM","UserID":"S-1-5-18","AccountType":"User","Message":"Registry value set:\r\nRuleName: technique_id=T1543,technique_name=Service Creation\r\nEventType: SetValue\r\nUtcTime: 2022-07-08 13:41:04.050\r\nProcessGuid: {6b7cbb53-316d-62c8-1600-000000000e00}\r\nProcessId: 608\r\nImage: C:\\Windows\\system32\\svchost.exe\r\nTargetObject: HKLM\\System\\CurrentControlSet\\Services\\SmsRouter\\State\\Registration\\Ids\\{C6350395-58B2-480A-A61A-DEEF6C540085}\\NotifyCount\r\nDetails: DWORD (0x00000000)\r\nUser: NT AUTHORITY\\LOCAL SERVICE","Category":"Registry value set (rule: RegistryEvent)","Opcode":"Info","RuleName":"technique_id=T1543,technique_name=Service Creation","UtcTime":"2022-07-08 13:41:04.050","ProcessGuid":"{6b7cbb53-316d-62c8-1600-000000000e00}","Image":"C:\\Windows\\system32\\svchost.exe","TargetObject":"HKLM\\System\\CurrentControlSet\\Services\\SmsRouter\\State\\Registration\\Ids\\{C6350395-58B2-480A-A61A-DEEF6C540085}\\NotifyCount","Details":"DWORD (0x00000000)","User":"NT AUTHORITY\\LOCAL SERVICE","EventReceivedTime":1657287664,"SourceModuleName":"in_sysmon","SourceModuleType":"im_msvistalog"}
<14>Jul  8 13:41:04 wrk-shasek.stackedpads.local Microsoft-Windows-Sysmon[2568]: {"EventTime":1657287664,"Hostname":"wrk-shasek.stackedpads.local","Keywords":-9223372036854775808,"EventType":"INFO","SeverityValue":2,"Severity":"INFO","EventID":13,"SourceName":"Microsoft-Windows-Sysmon","ProviderGuid":"{5770385F-C22A-43E0-BF4C-06F5698FFBD9}","Version":2,"Task":13,"OpcodeValue":0,"RecordNumber":72414,"ProcessID":2568,"ThreadID":3284,"Channel":"Microsoft-Windows-Sysmon/Operational","Domain":"NT AUTHORITY","AccountName":"SYSTEM","UserID":"S-1-5-18","AccountType":"User","Message":"Registry value set:\r\nRuleName: technique_id=T1543,technique_name=Service Creation\r\nEventType: SetValue\r\nUtcTime: 2022-07-08 13:41:04.050\r\nProcessGuid: {6b7cbb53-316d-62c8-1600-000000000e00}\r\nProcessId: 608\r\nImage: C:\\Windows\\system32\\svchost.exe\r\nTargetObject: HKLM\\System\\CurrentControlSet\\Services\\SmsRouter\\State\\Registration\\Ids\\{C6350395-58B2-480A-A61A-DEEF6C540085}\\UserSid\r\nDetails: S-1-5-18\r\nUser: NT AUTHORITY\\LOCAL SERVICE","Category":"Registry value set (rule: RegistryEvent)","Opcode":"Info","RuleName":"technique_id=T1543,technique_name=Service Creation","UtcTime":"2022-07-08 13:41:04.050","ProcessGuid":"{6b7cbb53-316d-62c8-1600-000000000e00}","Image":"C:\\Windows\\system32\\svchost.exe","TargetObject":"HKLM\\System\\CurrentControlSet\\Services\\SmsRouter\\State\\Registration\\Ids\\{C6350395-58B2-480A-A61A-DEEF6C540085}\\UserSid","Details":"S-1-5-18","User":"NT AUTHORITY\\LOCAL SERVICE","EventReceivedTime":1657287664,"SourceModuleName":"in_sysmon","SourceModuleType":"im_msvistalog"}
<14>Jul  8 13:41:04 wrk-shasek.stackedpads.local Microsoft-Windows-Sysmon[2568]: {"EventTime":1657287664,"Hostname":"wrk-shasek.stackedpads.local","Keywords":-9223372036854775808,"EventType":"INFO","SeverityValue":2,"Severity":"INFO","EventID":13,"SourceName":"Microsoft-Windows-Sysmon","ProviderGuid":"{5770385F-C22A-43E0-BF4C-06F5698FFBD9}","Version":2,"Task":13,"OpcodeValue":0,"RecordNumber":72416,"ProcessID":2568,"ThreadID":3284,"Channel":"Microsoft-Windows-Sysmon/Operational","Domain":"NT AUTHORITY","AccountName":"SYSTEM","UserID":"S-1-5-18","AccountType":"User","Message":"Registry value set:\r\nRuleName: technique_id=T1543,technique_name=Service Creation\r\nEventType: SetValue\r\nUtcTime: 2022-07-08 13:41:04.050\r\nProcessGuid: {6b7cbb53-316d-62c8-1600-000000000e00}\r\nProcessId: 608\r\nImage: C:\\Windows\\system32\\svchost.exe\r\nTargetObject: HKLM\\System\\CurrentControlSet\\Services\\SmsRouter\\State\\Registration\\Ids\\{C6350395-58B2-480A-A61A-DEEF6C540085}\\LastAccessedMessageId\r\nDetails: QWORD (0xffffffff-0xffffffff)\r\nUser: NT AUTHORITY\\LOCAL SERVICE","Category":"Registry value set (rule: RegistryEvent)","Opcode":"Info","RuleName":"technique_id=T1543,technique_name=Service Creation","UtcTime":"2022-07-08 13:41:04.050","ProcessGuid":"{6b7cbb53-316d-62c8-1600-000000000e00}","Image":"C:\\Windows\\system32\\svchost.exe","TargetObject":"HKLM\\System\\CurrentControlSet\\Services\\SmsRouter\\State\\Registration\\Ids\\{C6350395-58B2-480A-A61A-DEEF6C540085}\\LastAccessedMessageId","Details":"QWORD (0xffffffff-0xffffffff)","User":"NT AUTHORITY\\LOCAL SERVICE","EventReceivedTime":1657287664,"SourceModuleName":"in_sysmon","SourceModuleType":"im_msvistalog"}
<14>Jul  8 13:41:04 wrk-shasek.stackedpads.local Microsoft-Windows-Sysmon[2568]: {"EventTime":1657287664,"Hostname":"wrk-shasek.stackedpads.local","Keywords":-9223372036854775808,"EventType":"INFO","SeverityValue":2,"Severity":"INFO","EventID":13,"SourceName":"Microsoft-Windows-Sysmon","ProviderGuid":"{5770385F-C22A-43E0-BF4C-06F5698FFBD9}","Version":2,"Task":13,"OpcodeValue":0,"RecordNumber":72418,"ProcessID":2568,"ThreadID":3284,"Channel":"Microsoft-Windows-Sysmon/Operational","Domain":"NT AUTHORITY","AccountName":"SYSTEM","UserID":"S-1-5-18","AccountType":"User","Message":"Registry value set:\r\nRuleName: technique_id=T1543,technique_name=Service Creation\r\nEventType: SetValue\r\nUtcTime: 2022-07-08 13:41:04.050\r\nProcessGuid: {6b7cbb53-316d-62c8-1600-000000000e00}\r\nProcessId: 608\r\nImage: C:\\Windows\\system32\\svchost.exe\r\nTargetObject: HKLM\\System\\CurrentControlSet\\Services\\SmsRouter\\State\\Registration\\Ids\\{C6350395-58B2-480A-A61A-DEEF6C540085}\\MessageAvailableEventName\r\nDetails: Binary Data\r\nUser: NT AUTHORITY\\LOCAL SERVICE","Category":"Registry value set (rule: RegistryEvent)","Opcode":"Info","RuleName":"technique_id=T1543,technique_name=Service Creation","UtcTime":"2022-07-08 13:41:04.050","ProcessGuid":"{6b7cbb53-316d-62c8-1600-000000000e00}","Image":"C:\\Windows\\system32\\svchost.exe","TargetObject":"HKLM\\System\\CurrentControlSet\\Services\\SmsRouter\\State\\Registration\\Ids\\{C6350395-58B2-480A-A61A-DEEF6C540085}\\MessageAvailableEventName","Details":"Binary Data","User":"NT AUTHORITY\\LOCAL SERVICE","EventReceivedTime":1657287664,"SourceModuleName":"in_sysmon","SourceModuleType":"im_msvistalog"}
<14>Jul  8 13:41:04 wrk-shasek.stackedpads.local Microsoft-Windows-Sysmon[2568]: {"EventTime":1657287664,"Hostname":"wrk-shasek.stackedpads.local","Keywords":-9223372036854775808,"EventType":"INFO","SeverityValue":2,"Severity":"INFO","EventID":13,"SourceName":"Microsoft-Windows-Sysmon","ProviderGuid":"{5770385F-C22A-43E0-BF4C-06F5698FFBD9}","Version":2,"Task":13,"OpcodeValue":0,"RecordNumber":72408,"ProcessID":2568,"ThreadID":3284,"Channel":"Microsoft-Windows-Sysmon/Operational","Domain":"NT AUTHORITY","AccountName":"SYSTEM","UserID":"S-1-5-18","AccountType":"User","Message":"Registry value set:\r\nRuleName: technique_id=T1543,technique_name=Service Creation\r\nEventType: SetValue\r\nUtcTime: 2022-07-08 13:41:04.050\r\nProcessGuid: {6b7cbb53-316d-62c8-1600-000000000e00}\r\nProcessId: 608\r\nImage: C:\\Windows\\system32\\svchost.exe\r\nTargetObject: HKLM\\System\\CurrentControlSet\\Services\\SmsRouter\\State\\Registration\\Ids\\{C6350395-58B2-480A-A61A-DEEF6C540085}\\Transient\r\nDetails: DWORD (0x00000000)\r\nUser: NT AUTHORITY\\LOCAL SERVICE","Category":"Registry value set (rule: RegistryEvent)","Opcode":"Info","RuleName":"technique_id=T1543,technique_name=Service Creation","UtcTime":"2022-07-08 13:41:04.050","ProcessGuid":"{6b7cbb53-316d-62c8-1600-000000000e00}","Image":"C:\\Windows\\system32\\svchost.exe","TargetObject":"HKLM\\System\\CurrentControlSet\\Services\\SmsRouter\\State\\Registration\\Ids\\{C6350395-58B2-480A-A61A-DEEF6C540085}\\Transient","Details":"DWORD (0x00000000)","User":"NT AUTHORITY\\LOCAL SERVICE","EventReceivedTime":1657287664,"SourceModuleName":"in_sysmon","SourceModuleType":"im_msvistalog"}
<14>Jul  8 13:41:04 wrk-shasek.stackedpads.local Microsoft-Windows-Sysmon[2568]: {"EventTime":1657287664,"Hostname":"wrk-shasek.stackedpads.local","Keywords":-9223372036854775808,"EventType":"INFO","SeverityValue":2,"Severity":"INFO","EventID":13,"SourceName":"Microsoft-Windows-Sysmon","ProviderGuid":"{5770385F-C22A-43E0-BF4C-06F5698FFBD9}","Version":2,"Task":13,"OpcodeValue":0,"RecordNumber":72412,"ProcessID":2568,"ThreadID":3284,"Channel":"Microsoft-Windows-Sysmon/Operational","Domain":"NT AUTHORITY","AccountName":"SYSTEM","UserID":"S-1-5-18","AccountType":"User","Message":"Registry value set:\r\nRuleName: technique_id=T1543,technique_name=Service Creation\r\nEventType: SetValue\r\nUtcTime: 2022-07-08 13:41:04.050\r\nProcessGuid: {6b7cbb53-316d-62c8-1600-000000000e00}\r\nProcessId: 608\r\nImage: C:\\Windows\\system32\\svchost.exe\r\nTargetObject: HKLM\\System\\CurrentControlSet\\Services\\SmsRouter\\State\\Registration\\Ids\\{C6350395-58B2-480A-A61A-DEEF6C540085}\\RegistrationName\r\nDetails: DmWapPushService\r\nUser: NT AUTHORITY\\LOCAL SERVICE","Category":"Registry value set (rule: RegistryEvent)","Opcode":"Info","RuleName":"technique_id=T1543,technique_name=Service Creation","UtcTime":"2022-07-08 13:41:04.050","ProcessGuid":"{6b7cbb53-316d-62c8-1600-000000000e00}","Image":"C:\\Windows\\system32\\svchost.exe","TargetObject":"HKLM\\System\\CurrentControlSet\\Services\\SmsRouter\\State\\Registration\\Ids\\{C6350395-58B2-480A-A61A-DEEF6C540085}\\RegistrationName","Details":"DmWapPushService","User":"NT AUTHORITY\\LOCAL SERVICE","EventReceivedTime":1657287664,"SourceModuleName":"in_sysmon","SourceModuleType":"im_msvistalog"}
<14>Jul  8 13:41:04 wrk-shasek.stackedpads.local Microsoft-Windows-Sysmon[2568]: {"EventTime":1657287664,"Hostname":"wrk-shasek.stackedpads.local","Keywords":-9223372036854775808,"EventType":"INFO","SeverityValue":2,"Severity":"INFO","EventID":13,"SourceName":"Microsoft-Windows-Sysmon","ProviderGuid":"{5770385F-C22A-43E0-BF4C-06F5698FFBD9}","Version":2,"Task":13,"OpcodeValue":0,"RecordNumber":72413,"ProcessID":2568,"ThreadID":3284,"Channel":"Microsoft-Windows-Sysmon/Operational","Domain":"NT AUTHORITY","AccountName":"SYSTEM","UserID":"S-1-5-18","AccountType":"User","Message":"Registry value set:\r\nRuleName: technique_id=T1543,technique_name=Service Creation\r\nEventType: SetValue\r\nUtcTime: 2022-07-08 13:41:04.050\r\nProcessGuid: {6b7cbb53-316d-62c8-1600-000000000e00}\r\nProcessId: 608\r\nImage: C:\\Windows\\system32\\svchost.exe\r\nTargetObject: HKLM\\System\\CurrentControlSet\\Services\\SmsRouter\\State\\Registration\\Ids\\{C6350395-58B2-480A-A61A-DEEF6C540085}\\ApplicationName\r\nDetails: DmWapPushService\r\nUser: NT AUTHORITY\\LOCAL SERVICE","Category":"Registry value set (rule: RegistryEvent)","Opcode":"Info","RuleName":"technique_id=T1543,technique_name=Service Creation","UtcTime":"2022-07-08 13:41:04.050","ProcessGuid":"{6b7cbb53-316d-62c8-1600-000000000e00}","Image":"C:\\Windows\\system32\\svchost.exe","TargetObject":"HKLM\\System\\CurrentControlSet\\Services\\SmsRouter\\State\\Registration\\Ids\\{C6350395-58B2-480A-A61A-DEEF6C540085}\\ApplicationName","Details":"DmWapPushService","User":"NT AUTHORITY\\LOCAL SERVICE","EventReceivedTime":1657287664,"SourceModuleName":"in_sysmon","SourceModuleType":"im_msvistalog"}
<14>Jul  8 13:41:04 wrk-shasek.stackedpads.local Microsoft-Windows-Sysmon[2568]: {"EventTime":1657287664,"Hostname":"wrk-shasek.stackedpads.local","Keywords":-9223372036854775808,"EventType":"INFO","SeverityValue":2,"Severity":"INFO","EventID":13,"SourceName":"Microsoft-Windows-Sysmon","ProviderGuid":"{5770385F-C22A-43E0-BF4C-06F5698FFBD9}","Version":2,"Task":13,"OpcodeValue":0,"RecordNumber":72406,"ProcessID":2568,"ThreadID":3284,"Channel":"Microsoft-Windows-Sysmon/Operational","Domain":"NT AUTHORITY","AccountName":"SYSTEM","UserID":"S-1-5-18","AccountType":"User","Message":"Registry value set:\r\nRuleName: technique_id=T1543,technique_name=Service Creation\r\nEventType: SetValue\r\nUtcTime: 2022-07-08 13:41:04.050\r\nProcessGuid: {6b7cbb53-316d-62c8-1600-000000000e00}\r\nProcessId: 608\r\nImage: C:\\Windows\\system32\\svchost.exe\r\nTargetObject: HKLM\\System\\CurrentControlSet\\Services\\SmsRouter\\State\\Registration\\Ids\\{C6350395-58B2-480A-A61A-DEEF6C540085}\\Priority\r\nDetails: DWORD (0x10000000)\r\nUser: NT AUTHORITY\\LOCAL SERVICE","Category":"Registry value set (rule: RegistryEvent)","Opcode":"Info","RuleName":"technique_id=T1543,technique_name=Service Creation","UtcTime":"2022-07-08 13:41:04.050","ProcessGuid":"{6b7cbb53-316d-62c8-1600-000000000e00}","Image":"C:\\Windows\\system32\\svchost.exe","TargetObject":"HKLM\\System\\CurrentControlSet\\Services\\SmsRouter\\State\\Registration\\Ids\\{C6350395-58B2-480A-A61A-DEEF6C540085}\\Priority","Details":"DWORD (0x10000000)","User":"NT AUTHORITY\\LOCAL SERVICE","EventReceivedTime":1657287664,"SourceModuleName":"in_sysmon","SourceModuleType":"im_msvistalog"}
<14>Jul  8 13:41:04 wrk-shasek.stackedpads.local Microsoft-Windows-Sysmon[2568]: {"EventTime":1657287664,"Hostname":"wrk-shasek.stackedpads.local","Keywords":-9223372036854775808,"EventType":"INFO","SeverityValue":2,"Severity":"INFO","EventID":13,"SourceName":"Microsoft-Windows-Sysmon","ProviderGuid":"{5770385F-C22A-43E0-BF4C-06F5698FFBD9}","Version":2,"Task":13,"OpcodeValue":0,"RecordNumber":72409,"ProcessID":2568,"ThreadID":3284,"Channel":"Microsoft-Windows-Sysmon/Operational","Domain":"NT AUTHORITY","AccountName":"SYSTEM","UserID":"S-1-5-18","AccountType":"User","Message":"Registry value set:\r\nRuleName: technique_id=T1543,technique_name=Service Creation\r\nEventType: SetValue\r\nUtcTime: 2022-07-08 13:41:04.050\r\nProcessGuid: {6b7cbb53-316d-62c8-1600-000000000e00}\r\nProcessId: 608\r\nImage: C:\\Windows\\system32\\svchost.exe\r\nTargetObject: HKLM\\System\\CurrentControlSet\\Services\\SmsRouter\\State\\Registration\\Ids\\{C6350395-58B2-480A-A61A-DEEF6C540085}\\IsPackaged\r\nDetails: DWORD (0x00000000)\r\nUser: NT AUTHORITY\\LOCAL SERVICE","Category":"Registry value set (rule: RegistryEvent)","Opcode":"Info","RuleName":"technique_id=T1543,technique_name=Service Creation","UtcTime":"2022-07-08 13:41:04.050","ProcessGuid":"{6b7cbb53-316d-62c8-1600-000000000e00}","Image":"C:\\Windows\\system32\\svchost.exe","TargetObject":"HKLM\\System\\CurrentControlSet\\Services\\SmsRouter\\State\\Registration\\Ids\\{C6350395-58B2-480A-A61A-DEEF6C540085}\\IsPackaged","Details":"DWORD (0x00000000)","User":"NT AUTHORITY\\LOCAL SERVICE","EventReceivedTime":1657287664,"SourceModuleName":"in_sysmon","SourceModuleType":"im_msvistalog"}
<14>Jul  8 13:41:04 wrk-shasek.stackedpads.local Microsoft-Windows-Sysmon[2568]: {"EventTime":1657287664,"Hostname":"wrk-shasek.stackedpads.local","Keywords":-9223372036854775808,"EventType":"INFO","SeverityValue":2,"Severity":"INFO","EventID":13,"SourceName":"Microsoft-Windows-Sysmon","ProviderGuid":"{5770385F-C22A-43E0-BF4C-06F5698FFBD9}","Version":2,"Task":13,"OpcodeValue":0,"RecordNumber":72410,"ProcessID":2568,"ThreadID":3284,"Channel":"Microsoft-Windows-Sysmon/Operational","Domain":"NT AUTHORITY","AccountName":"SYSTEM","UserID":"S-1-5-18","AccountType":"User","Message":"Registry value set:\r\nRuleName: technique_id=T1543,technique_name=Service Creation\r\nEventType: SetValue\r\nUtcTime: 2022-07-08 13:41:04.050\r\nProcessGuid: {6b7cbb53-316d-62c8-1600-000000000e00}\r\nProcessId: 608\r\nImage: C:\\Windows\\system32\\svchost.exe\r\nTargetObject: HKLM\\System\\CurrentControlSet\\Services\\SmsRouter\\State\\Registration\\Ids\\{C6350395-58B2-480A-A61A-DEEF6C540085}\\DeliveryType\r\nDetails: DWORD (0x00000001)\r\nUser: NT AUTHORITY\\LOCAL SERVICE","Category":"Registry value set (rule: RegistryEvent)","Opcode":"Info","RuleName":"technique_id=T1543,technique_name=Service Creation","UtcTime":"2022-07-08 13:41:04.050","ProcessGuid":"{6b7cbb53-316d-62c8-1600-000000000e00}","Image":"C:\\Windows\\system32\\svchost.exe","TargetObject":"HKLM\\System\\CurrentControlSet\\Services\\SmsRouter\\State\\Registration\\Ids\\{C6350395-58B2-480A-A61A-DEEF6C540085}\\DeliveryType","Details":"DWORD (0x00000001)","User":"NT AUTHORITY\\LOCAL SERVICE","EventReceivedTime":1657287664,"SourceModuleName":"in_sysmon","SourceModuleType":"im_msvistalog"}
<14>Jul  8 13:41:04 wrk-shasek.stackedpads.local Microsoft-Windows-Sysmon[2568]: {"EventTime":1657287664,"Hostname":"wrk-shasek.stackedpads.local","Keywords":-9223372036854775808,"EventType":"INFO","SeverityValue":2,"Severity":"INFO","EventID":7,"SourceName":"Microsoft-Windows-Sysmon","ProviderGuid":"{5770385F-C22A-43E0-BF4C-06F5698FFBD9}","Version":3,"Task":7,"OpcodeValue":0,"RecordNumber":72419,"ProcessID":2568,"ThreadID":3284,"Channel":"Microsoft-Windows-Sysmon/Operational","Domain":"NT AUTHORITY","AccountName":"SYSTEM","UserID":"S-1-5-18","AccountType":"User","Message":"Image loaded:\r\nRuleName: technique_id=T1053,technique_name=Scheduled Task\r\nUtcTime: 2022-07-08 13:41:04.587\r\nProcessGuid: {6b7cbb53-33ef-62c8-c200-000000000e00}\r\nProcessId: 3564\r\nImage: C:\\Windows\\System32\\provtool.exe\r\nImageLoaded: C:\\Windows\\System32\\taskschd.dll\r\nFileVersion: 10.0.19041.1266 (WinBuild.160101.0800)\r\nDescription: Task Scheduler COM API\r\nProduct: Microsoft® Windows® Operating System\r\nCompany: Microsoft Corporation\r\nOriginalFileName: taskschd.dll\r\nHashes: SHA1=27EFA81247501EBA6603842F476C899B5DAAB8C7,MD5=49E93FA14D4E09AAFD418AB616AD1BB1,SHA256=35E3F44C587DE8BFF62095E768C77E12E2C522FB7EFD038FFFCC0DD2AE960A57,IMPHASH=B7A4477FA36E2E5287EE76AC4AFCB05B\r\nSigned: true\r\nSignature: Microsoft Windows\r\nSignatureStatus: Valid\r\nUser: NT AUTHORITY\\SYSTEM","Category":"Image loaded (rule: ImageLoad)","Opcode":"Info","RuleName":"technique_id=T1053,technique_name=Scheduled Task","UtcTime":"2022-07-08 13:41:04.587","ProcessGuid":"{6b7cbb53-33ef-62c8-c200-000000000e00}","Image":"C:\\Windows\\System32\\provtool.exe","ImageLoaded":"C:\\Windows\\System32\\taskschd.dll","FileVersion":"10.0.19041.1266 (WinBuild.160101.0800)","Description":"Task Scheduler COM API","Product":"Microsoft® Windows® Operating System","Company":"Microsoft Corporation","OriginalFileName":"taskschd.dll","Hashes":"SHA1=27EFA81247501EBA6603842F476C899B5DAAB8C7,MD5=49E93FA14D4E09AAFD418AB616AD1BB1,SHA256=35E3F44C587DE8BFF62095E768C77E12E2C522FB7EFD038FFFCC0DD2AE960A57,IMPHASH=B7A4477FA36E2E5287EE76AC4AFCB05B","Signed":"true","Signature":"Microsoft Windows","SignatureStatus":"Valid","User":"NT AUTHORITY\\SYSTEM","EventReceivedTime":1657287664,"SourceModuleName":"in_sysmon","SourceModuleType":"im_msvistalog"}
<14>Jul  8 13:41:06 activedir.stackedpads.local Microsoft-Windows-Sysmon[3224]: {"EventTime":1657287665,"Hostname":"activedir.stackedpads.local","Keywords":-9223372036854775808,"EventType":"INFO","SeverityValue":2,"Severity":"INFO","EventID":13,"SourceName":"Microsoft-Windows-Sysmon","ProviderGuid":"{5770385F-C22A-43E0-BF4C-06F5698FFBD9}","Version":2,"Task":13,"OpcodeValue":0,"RecordNumber":278326,"ProcessID":3224,"ThreadID":4128,"Channel":"Microsoft-Windows-Sysmon/Operational","Domain":"NT AUTHORITY","AccountName":"SYSTEM","UserID":"S-1-5-18","AccountType":"User","Message":"Registry value set:\r\nRuleName: technique_id=T1543,technique_name=Service Creation\r\nEventType: SetValue\r\nUtcTime: 2022-07-08 13:41:05.013\r\nProcessGuid: {3be6fa21-31c6-62c8-0e00-000000001100}\r\nProcessId: 872\r\nImage: C:\\Windows\\system32\\svchost.exe\r\nTargetObject: HKLM\\System\\CurrentControlSet\\Services\\bam\\State\\UserSettings\\S-1-5-21-2264196694-1469429678-912427992-1104\\Microsoft.Windows.Cortana_cw5n1h2txyewy\r\nDetails: Binary Data\r\nUser: NT AUTHORITY\\SYSTEM","Category":"Registry value set (rule: RegistryEvent)","Opcode":"Info","RuleName":"technique_id=T1543,technique_name=Service Creation","UtcTime":"2022-07-08 13:41:05.013","ProcessGuid":"{3be6fa21-31c6-62c8-0e00-000000001100}","Image":"C:\\Windows\\system32\\svchost.exe","TargetObject":"HKLM\\System\\CurrentControlSet\\Services\\bam\\State\\UserSettings\\S-1-5-21-2264196694-1469429678-912427992-1104\\Microsoft.Windows.Cortana_cw5n1h2txyewy","Details":"Binary Data","User":"NT AUTHORITY\\SYSTEM","EventReceivedTime":1657287666,"SourceModuleName":"in_sysmon","SourceModuleType":"im_msvistalog"}
<14>Jul  8 13:41:06 wrk-shasek.stackedpads.local Microsoft-Windows-Sysmon[2568]: {"EventTime":1657287665,"Hostname":"wrk-shasek.stackedpads.local","Keywords":-9223372036854775808,"EventType":"INFO","SeverityValue":2,"Severity":"INFO","EventID":7,"SourceName":"Microsoft-Windows-Sysmon","ProviderGuid":"{5770385F-C22A-43E0-BF4C-06F5698FFBD9}","Version":3,"Task":7,"OpcodeValue":0,"RecordNumber":72420,"ProcessID":2568,"ThreadID":3316,"Channel":"Microsoft-Windows-Sysmon/Operational","Domain":"NT AUTHORITY","AccountName":"SYSTEM","UserID":"S-1-5-18","AccountType":"User","Message":"Image loaded:\r\nRuleName: technique_id=T1055,technique_name=Process Injection\r\nUtcTime: 2022-07-08 13:41:05.665\r\nProcessGuid: {6b7cbb53-33ef-62c8-c200-000000000e00}\r\nProcessId: 3564\r\nImage: C:\\Windows\\System32\\provtool.exe\r\nImageLoaded: C:\\Windows\\System32\\mscoree.dll\r\nFileVersion: 10.0.19041.1 (WinBuild.160101.0800)\r\nDescription: Microsoft .NET Runtime Execution Engine\r\nProduct: Microsoft® Windows® Operating System\r\nCompany: Microsoft Corporation\r\nOriginalFileName: mscoree.dll\r\nHashes: SHA1=CFEF8F0BA040939B87B74F101970A6BBEB5DA15F,MD5=D5971EF71DE1BDD46D537203ABFCC756,SHA256=8828DE042D008783BA5B31C82935A3ED38D5996927C3399B3E1FC6FE723FC84E,IMPHASH=65F23EFA1EB51A5DAAB399BFAA840074\r\nSigned: true\r\nSignature: Microsoft Windows\r\nSignatureStatus: Valid\r\nUser: NT AUTHORITY\\SYSTEM","Category":"Image loaded (rule: ImageLoad)","Opcode":"Info","RuleName":"technique_id=T1055,technique_name=Process Injection","UtcTime":"2022-07-08 13:41:05.665","ProcessGuid":"{6b7cbb53-33ef-62c8-c200-000000000e00}","Image":"C:\\Windows\\System32\\provtool.exe","ImageLoaded":"C:\\Windows\\System32\\mscoree.dll","FileVersion":"10.0.19041.1 (WinBuild.160101.0800)","Description":"Microsoft .NET Runtime Execution Engine","Product":"Microsoft® Windows® Operating System","Company":"Microsoft Corporation","OriginalFileName":"mscoree.dll","Hashes":"SHA1=CFEF8F0BA040939B87B74F101970A6BBEB5DA15F,MD5=D5971EF71DE1BDD46D537203ABFCC756,SHA256=8828DE042D008783BA5B31C82935A3ED38D5996927C3399B3E1FC6FE723FC84E,IMPHASH=65F23EFA1EB51A5DAAB399BFAA840074","Signed":"true","Signature":"Microsoft Windows","SignatureStatus":"Valid","User":"NT AUTHORITY\\SYSTEM","EventReceivedTime":1657287666,"SourceModuleName":"in_sysmon","SourceModuleType":"im_msvistalog"}
<14>Jul  8 13:41:06 wrk-shasek.stackedpads.local Microsoft-Windows-Sysmon[2568]: {"EventTime":1657287665,"Hostname":"wrk-shasek.stackedpads.local","Keywords":-9223372036854775808,"EventType":"INFO","SeverityValue":2,"Severity":"INFO","EventID":7,"SourceName":"Microsoft-Windows-Sysmon","ProviderGuid":"{5770385F-C22A-43E0-BF4C-06F5698FFBD9}","Version":3,"Task":7,"OpcodeValue":0,"RecordNumber":72421,"ProcessID":2568,"ThreadID":3316,"Channel":"Microsoft-Windows-Sysmon/Operational","Domain":"NT AUTHORITY","AccountName":"SYSTEM","UserID":"S-1-5-18","AccountType":"User","Message":"Image loaded:\r\nRuleName: technique_id=T1055,technique_name=Process Injection\r\nUtcTime: 2022-07-08 13:41:05.681\r\nProcessGuid: {6b7cbb53-33ef-62c8-c200-000000000e00}\r\nProcessId: 3564\r\nImage: C:\\Windows\\System32\\provtool.exe\r\nImageLoaded: C:\\Windows\\Microsoft.NET\\Framework64\\v4.0.30319\\mscoreei.dll\r\nFileVersion: 4.8.4180.0 built by: NET48REL1LAST_B\r\nDescription: Microsoft .NET Runtime Execution Engine\r\nProduct: Microsoft® .NET Framework\r\nCompany: Microsoft Corporation\r\nOriginalFileName: mscoreei.dll\r\nHashes: SHA1=1283EF637FA53D571118F269F9B8C0A5CCA2BF01,MD5=899A8B655E52A061B33571D97C5C06ED,SHA256=DE05B03E37FB9BA5D74CF8FA36A6F0B15AB61705285B738BC90D14FDE580A45E,IMPHASH=005299FA213F652A596AC31760C5340B\r\nSigned: true\r\nSignature: Microsoft Corporation\r\nSignatureStatus: Valid\r\nUser: NT AUTHORITY\\SYSTEM","Category":"Image loaded (rule: ImageLoad)","Opcode":"Info","RuleName":"technique_id=T1055,technique_name=Process Injection","UtcTime":"2022-07-08 13:41:05.681","ProcessGuid":"{6b7cbb53-33ef-62c8-c200-000000000e00}","Image":"C:\\Windows\\System32\\provtool.exe","ImageLoaded":"C:\\Windows\\Microsoft.NET\\Framework64\\v4.0.30319\\mscoreei.dll","FileVersion":"4.8.4180.0 built by: NET48REL1LAST_B","Description":"Microsoft .NET Runtime Execution Engine","Product":"Microsoft® .NET Framework","Company":"Microsoft Corporation","OriginalFileName":"mscoreei.dll","Hashes":"SHA1=1283EF637FA53D571118F269F9B8C0A5CCA2BF01,MD5=899A8B655E52A061B33571D97C5C06ED,SHA256=DE05B03E37FB9BA5D74CF8FA36A6F0B15AB61705285B738BC90D14FDE580A45E,IMPHASH=005299FA213F652A596AC31760C5340B","Signed":"true","Signature":"Microsoft Corporation","SignatureStatus":"Valid","User":"NT AUTHORITY\\SYSTEM","EventReceivedTime":1657287666,"SourceModuleName":"in_sysmon","SourceModuleType":"im_msvistalog"}
<14>Jul  8 13:41:06 activedir.stackedpads.local Microsoft-Windows-Sysmon[3224]: {"EventTime":1657287665,"Hostname":"activedir.stackedpads.local","Keywords":-9223372036854775808,"EventType":"INFO","SeverityValue":2,"Severity":"INFO","EventID":7,"SourceName":"Microsoft-Windows-Sysmon","ProviderGuid":"{5770385F-C22A-43E0-BF4C-06F5698FFBD9}","Version":3,"Task":7,"OpcodeValue":0,"RecordNumber":278328,"ProcessID":3224,"ThreadID":4132,"Channel":"Microsoft-Windows-Sysmon/Operational","Domain":"NT AUTHORITY","AccountName":"SYSTEM","UserID":"S-1-5-18","AccountType":"User","Message":"Image loaded:\r\nRuleName: technique_id=T1053,technique_name=Scheduled Task\r\nUtcTime: 2022-07-08 13:41:05.788\r\nProcessGuid: {3be6fa21-33ee-62c8-fa00-000000001100}\r\nProcessId: 7148\r\nImage: C:\\Windows\\System32\\wbem\\WmiPrvSE.exe\r\nImageLoaded: C:\\Windows\\System32\\taskschd.dll\r\nFileVersion: 10.0.17763.2213 (WinBuild.160101.0800)\r\nDescription: Task Scheduler COM API\r\nProduct: Microsoft® Windows® Operating System\r\nCompany: Microsoft Corporation\r\nOriginalFileName: taskschd.dll\r\nHashes: SHA1=E49579BEE3E179E3138CED6EA3550FCBB4C152B1,MD5=8C97A2B62DF4EEB7212651D6CCF9526F,SHA256=60CE286B7B62DD3C77F63C79742D43C6BA33393E41F9FBC93E1C6239019D9A96,IMPHASH=723D6EBFFD0528A2001EABF3A7BAFF6C\r\nSigned: true\r\nSignature: Microsoft Windows\r\nSignatureStatus: Valid\r\nUser: NT AUTHORITY\\NETWORK SERVICE","Category":"Image loaded (rule: ImageLoad)","Opcode":"Info","RuleName":"technique_id=T1053,technique_name=Scheduled Task","UtcTime":"2022-07-08 13:41:05.788","ProcessGuid":"{3be6fa21-33ee-62c8-fa00-000000001100}","Image":"C:\\Windows\\System32\\wbem\\WmiPrvSE.exe","ImageLoaded":"C:\\Windows\\System32\\taskschd.dll","FileVersion":"10.0.17763.2213 (WinBuild.160101.0800)","Description":"Task Scheduler COM API","Product":"Microsoft® Windows® Operating System","Company":"Microsoft Corporation","OriginalFileName":"taskschd.dll","Hashes":"SHA1=E49579BEE3E179E3138CED6EA3550FCBB4C152B1,MD5=8C97A2B62DF4EEB7212651D6CCF9526F,SHA256=60CE286B7B62DD3C77F63C79742D43C6BA33393E41F9FBC93E1C6239019D9A96,IMPHASH=723D6EBFFD0528A2001EABF3A7BAFF6C","Signed":"true","Signature":"Microsoft Windows","SignatureStatus":"Valid","User":"NT AUTHORITY\\NETWORK SERVICE","EventReceivedTime":1657287666,"SourceModuleName":"in_sysmon","SourceModuleType":"im_msvistalog"}
<14>Jul  8 13:41:06 activedir.stackedpads.local Microsoft-Windows-Sysmon[3224]: {"EventTime":1657287665,"Hostname":"activedir.stackedpads.local","Keywords":-9223372036854775808,"EventType":"INFO","SeverityValue":2,"Severity":"INFO","EventID":1,"SourceName":"Microsoft-Windows-Sysmon","ProviderGuid":"{5770385F-C22A-43E0-BF4C-06F5698FFBD9}","Version":5,"Task":1,"OpcodeValue":0,"RecordNumber":278327,"ProcessID":3224,"ThreadID":4128,"Channel":"Microsoft-Windows-Sysmon/Operational","Domain":"NT AUTHORITY","AccountName":"SYSTEM","UserID":"S-1-5-18","AccountType":"User","Message":"Process Create:\r\nRuleName: technique_id=T1047,technique_name=Windows Management Instrumentation\r\nUtcTime: 2022-07-08 13:41:05.906\r\nProcessGuid: {3be6fa21-33f1-62c8-fe00-000000001100}\r\nProcessId: 5732\r\nImage: C:\\Windows\\System32\\wbem\\WmiPrvSE.exe\r\nFileVersion: 10.0.17763.1 (WinBuild.160101.0800)\r\nDescription: WMI Provider Host\r\nProduct: Microsoft® Windows® Operating System\r\nCompany: Microsoft Corporation\r\nOriginalFileName: Wmiprvse.exe\r\nCommandLine: C:\\Windows\\system32\\wbem\\wmiprvse.exe -Embedding\r\nCurrentDirectory: C:\\Windows\\system32\\\r\nUser: NT AUTHORITY\\SYSTEM\r\nLogonGuid: {3be6fa21-31c3-62c8-e703-000000000000}\r\nLogonId: 0x3E7\r\nTerminalSessionId: 0\r\nIntegrityLevel: System\r\nHashes: SHA1=67C25C8F28B5FA7F5BAA85BF1D2726AED48E9CF0,MD5=06C66FF5CCDC2D22344A3EB761A4D38A,SHA256=B5C78BEF3883E3099F7EF844DA1446DB29107E5C0223B97F29E7FAFAB5527F15,IMPHASH=CFECEDC01015A4FD1BAACAC9E592D88B\r\nParentProcessGuid: {3be6fa21-31c6-62c8-0e00-000000001100}\r\nParentProcessId: 872\r\nParentImage: C:\\Windows\\System32\\svchost.exe\r\nParentCommandLine: C:\\Windows\\system32\\svchost.exe -k DcomLaunch -p\r\nParentUser: NT AUTHORITY\\SYSTEM","Category":"Process Create (rule: ProcessCreate)","Opcode":"Info","RuleName":"technique_id=T1047,technique_name=Windows Management Instrumentation","UtcTime":"2022-07-08 13:41:05.906","ProcessGuid":"{3be6fa21-33f1-62c8-fe00-000000001100}","Image":"C:\\Windows\\System32\\wbem\\WmiPrvSE.exe","FileVersion":"10.0.17763.1 (WinBuild.160101.0800)","Description":"WMI Provider Host","Product":"Microsoft® Windows® Operating System","Company":"Microsoft Corporation","OriginalFileName":"Wmiprvse.exe","CommandLine":"C:\\Windows\\system32\\wbem\\wmiprvse.exe -Embedding","CurrentDirectory":"C:\\Windows\\system32\\","User":"NT AUTHORITY\\SYSTEM","LogonGuid":"{3be6fa21-31c3-62c8-e703-000000000000}","LogonId":"0x3e7","TerminalSessionId":"0","IntegrityLevel":"System","Hashes":"SHA1=67C25C8F28B5FA7F5BAA85BF1D2726AED48E9CF0,MD5=06C66FF5CCDC2D22344A3EB761A4D38A,SHA256=B5C78BEF3883E3099F7EF844DA1446DB29107E5C0223B97F29E7FAFAB5527F15,IMPHASH=CFECEDC01015A4FD1BAACAC9E592D88B","ParentProcessGuid":"{3be6fa21-31c6-62c8-0e00-000000001100}","ParentProcessId":"872","ParentImage":"C:\\Windows\\System32\\svchost.exe","ParentCommandLine":"C:\\Windows\\system32\\svchost.exe -k DcomLaunch -p","ParentUser":"NT AUTHORITY\\SYSTEM","EventReceivedTime":1657287666,"SourceModuleName":"in_sysmon","SourceModuleType":"im_msvistalog"}
<14>Jul  8 13:41:07 activedir.stackedpads.local Microsoft-Windows-Sysmon[3224]: {"EventTime":1657287665,"Hostname":"activedir.stackedpads.local","Keywords":-9223372036854775808,"EventType":"INFO","SeverityValue":2,"Severity":"INFO","EventID":7,"SourceName":"Microsoft-Windows-Sysmon","ProviderGuid":"{5770385F-C22A-43E0-BF4C-06F5698FFBD9}","Version":3,"Task":7,"OpcodeValue":0,"RecordNumber":278329,"ProcessID":3224,"ThreadID":4128,"Channel":"Microsoft-Windows-Sysmon/Operational","Domain":"NT AUTHORITY","AccountName":"SYSTEM","UserID":"S-1-5-18","AccountType":"User","Message":"Image loaded:\r\nRuleName: technique_id=T1047,technique_name=Windows Management Instrumentation\r\nUtcTime: 2022-07-08 13:41:05.974\r\nProcessGuid: {3be6fa21-33f1-62c8-fe00-000000001100}\r\nProcessId: 5732\r\nImage: C:\\Windows\\System32\\wbem\\WmiPrvSE.exe\r\nImageLoaded: C:\\Windows\\System32\\wbem\\wmiutils.dll\r\nFileVersion: 10.0.17763.1 (WinBuild.160101.0800)\r\nDescription: WMI\r\nProduct: Microsoft® Windows® Operating System\r\nCompany: Microsoft Corporation\r\nOriginalFileName: wmiutils.dll\r\nHashes: SHA1=2E6A63BC5189CA5DF3E85CDF58593F3DF3935DE6,MD5=A081AAD3A296EB414CB6839B744C67C9,SHA256=3D77E7769CFC8B4A1098E9A1F2BDE4432A6A70253EA6C2A58C8F8403A9038288,IMPHASH=0D31E6D27B954AD879CB4DF742982F1A\r\nSigned: true\r\nSignature: Microsoft Windows\r\nSignatureStatus: Valid\r\nUser: NT AUTHORITY\\SYSTEM","Category":"Image loaded (rule: ImageLoad)","Opcode":"Info","RuleName":"technique_id=T1047,technique_name=Windows Management Instrumentation","UtcTime":"2022-07-08 13:41:05.974","ProcessGuid":"{3be6fa21-33f1-62c8-fe00-000000001100}","Image":"C:\\Windows\\System32\\wbem\\WmiPrvSE.exe","ImageLoaded":"C:\\Windows\\System32\\wbem\\wmiutils.dll","FileVersion":"10.0.17763.1 (WinBuild.160101.0800)","Description":"WMI","Product":"Microsoft® Windows® Operating System","Company":"Microsoft Corporation","OriginalFileName":"wmiutils.dll","Hashes":"SHA1=2E6A63BC5189CA5DF3E85CDF58593F3DF3935DE6,MD5=A081AAD3A296EB414CB6839B744C67C9,SHA256=3D77E7769CFC8B4A1098E9A1F2BDE4432A6A70253EA6C2A58C8F8403A9038288,IMPHASH=0D31E6D27B954AD879CB4DF742982F1A","Signed":"true","Signature":"Microsoft Windows","SignatureStatus":"Valid","User":"NT AUTHORITY\\SYSTEM","EventReceivedTime":1657287666,"SourceModuleName":"in_sysmon","SourceModuleType":"im_msvistalog"}
<14>Jul  8 13:41:12 activedir.stackedpads.local Microsoft-Windows-Sysmon[3224]: {"EventTime":1657287670,"Hostname":"activedir.stackedpads.local","Keywords":-9223372036854775808,"EventType":"INFO","SeverityValue":2,"Severity":"INFO","EventID":1,"SourceName":"Microsoft-Windows-Sysmon","ProviderGuid":"{5770385F-C22A-43E0-BF4C-06F5698FFBD9}","Version":5,"Task":1,"OpcodeValue":0,"RecordNumber":278330,"ProcessID":3224,"ThreadID":4128,"Channel":"Microsoft-Windows-Sysmon/Operational","Domain":"NT AUTHORITY","AccountName":"SYSTEM","UserID":"S-1-5-18","AccountType":"User","Message":"Process Create:\r\nRuleName: technique_id=T1204,technique_name=User Execution\r\nUtcTime: 2022-07-08 13:41:10.012\r\nProcessGuid: {3be6fa21-33f6-62c8-0001-000000001100}\r\nProcessId: 2988\r\nImage: C:\\Windows\\System32\\SecurityHealthSystray.exe\r\nFileVersion: 10.0.17763.1 (WinBuild.160101.0800)\r\nDescription: Windows Security notification icon\r\nProduct: Microsoft® Windows® Operating System\r\nCompany: Microsoft Corporation\r\nOriginalFileName: SecurityHealthSystray.exe\r\nCommandLine: \"C:\\Windows\\System32\\SecurityHealthSystray.exe\" \r\nCurrentDirectory: C:\\Windows\\system32\\\r\nUser: STACKEDPADS\\frank.kolzig\r\nLogonGuid: {3be6fa21-33e5-62c8-7a30-160000000000}\r\nLogonId: 0x16307A\r\nTerminalSessionId: 3\r\nIntegrityLevel: Medium\r\nHashes: SHA1=D7FC50DC0A08C9EC089E428A03606EE4A2E8C759,MD5=09F3F2298DDA6EBB57B12C530D35C52C,SHA256=48F852164EF4747FCDDFF463034CAD33167E341D241536B122AE74FC8841C941,IMPHASH=44315EF1FEB6193B3AB5492033CEFAAE\r\nParentProcessGuid: {3be6fa21-33e8-62c8-ec00-000000001100}\r\nParentProcessId: 3528\r\nParentImage: C:\\Windows\\explorer.exe\r\nParentCommandLine: C:\\Windows\\Explorer.EXE\r\nParentUser: STACKEDPADS\\frank.kolzig","Category":"Process Create (rule: ProcessCreate)","Opcode":"Info","RuleName":"technique_id=T1204,technique_name=User Execution","UtcTime":"2022-07-08 13:41:10.012","ProcessGuid":"{3be6fa21-33f6-62c8-0001-000000001100}","Image":"C:\\Windows\\System32\\SecurityHealthSystray.exe","FileVersion":"10.0.17763.1 (WinBuild.160101.0800)","Description":"Windows Security notification icon","Product":"Microsoft® Windows® Operating System","Company":"Microsoft Corporation","OriginalFileName":"SecurityHealthSystray.exe","CommandLine":"\"C:\\Windows\\System32\\SecurityHealthSystray.exe\" ","CurrentDirectory":"C:\\Windows\\system32\\","User":"STACKEDPADS\\frank.kolzig","LogonGuid":"{3be6fa21-33e5-62c8-7a30-160000000000}","LogonId":"0x16307a","TerminalSessionId":"3","IntegrityLevel":"Medium","Hashes":"SHA1=D7FC50DC0A08C9EC089E428A03606EE4A2E8C759,MD5=09F3F2298DDA6EBB57B12C530D35C52C,SHA256=48F852164EF4747FCDDFF463034CAD33167E341D241536B122AE74FC8841C941,IMPHASH=44315EF1FEB6193B3AB5492033CEFAAE","ParentProcessGuid":"{3be6fa21-33e8-62c8-ec00-000000001100}","ParentProcessId":"3528","ParentImage":"C:\\Windows\\explorer.exe","ParentCommandLine":"C:\\Windows\\Explorer.EXE","ParentUser":"STACKEDPADS\\frank.kolzig","EventReceivedTime":1657287672,"SourceModuleName":"in_sysmon","SourceModuleType":"im_msvistalog"}
<14>Jul  8 13:41:12 activedir.stackedpads.local Microsoft-Windows-Sysmon[3224]: {"EventTime":1657287670,"Hostname":"activedir.stackedpads.local","Keywords":-9223372036854775808,"EventType":"INFO","SeverityValue":2,"Severity":"INFO","EventID":1,"SourceName":"Microsoft-Windows-Sysmon","ProviderGuid":"{5770385F-C22A-43E0-BF4C-06F5698FFBD9}","Version":5,"Task":1,"OpcodeValue":0,"RecordNumber":278333,"ProcessID":3224,"ThreadID":4128,"Channel":"Microsoft-Windows-Sysmon/Operational","Domain":"NT AUTHORITY","AccountName":"SYSTEM","UserID":"S-1-5-18","AccountType":"User","Message":"Process Create:\r\nRuleName: technique_id=T1204,technique_name=User Execution\r\nUtcTime: 2022-07-08 13:41:10.120\r\nProcessGuid: {3be6fa21-33f6-62c8-0101-000000001100}\r\nProcessId: 6172\r\nImage: C:\\Windows\\System32\\cmd.exe\r\nFileVersion: 10.0.17763.1697 (WinBuild.160101.0800)\r\nDescription: Windows Command Processor\r\nProduct: Microsoft® Windows® Operating System\r\nCompany: Microsoft Corporation\r\nOriginalFileName: Cmd.Exe\r\nCommandLine: C:\\Windows\\system32\\cmd.exe /c \"\"C:\\temp\\backup.bat\" \"\r\nCurrentDirectory: C:\\Windows\\\r\nUser: STACKEDPADS\\frank.kolzig\r\nLogonGuid: {3be6fa21-33e5-62c8-7a30-160000000000}\r\nLogonId: 0x16307A\r\nTerminalSessionId: 3\r\nIntegrityLevel: Medium\r\nHashes: SHA1=DED8FD7F36417F66EB6ADA10E0C0D7C0022986E9,MD5=911D039E71583A07320B32BDE22F8E22,SHA256=BC866CFCDDA37E24DC2634DC282C7A0E6F55209DA17A8FA105B07414C0E7C527,IMPHASH=272245E2988E1E430500B852C4FB5E18\r\nParentProcessGuid: {3be6fa21-33e8-62c8-ec00-000000001100}\r\nParentProcessId: 3528\r\nParentImage: C:\\Windows\\explorer.exe\r\nParentCommandLine: C:\\Windows\\Explorer.EXE\r\nParentUser: STACKEDPADS\\frank.kolzig","Category":"Process Create (rule: ProcessCreate)","Opcode":"Info","RuleName":"technique_id=T1204,technique_name=User Execution","UtcTime":"2022-07-08 13:41:10.120","ProcessGuid":"{3be6fa21-33f6-62c8-0101-000000001100}","Image":"C:\\Windows\\System32\\cmd.exe","FileVersion":"10.0.17763.1697 (WinBuild.160101.0800)","Description":"Windows Command Processor","Product":"Microsoft® Windows® Operating System","Company":"Microsoft Corporation","OriginalFileName":"Cmd.Exe","CommandLine":"C:\\Windows\\system32\\cmd.exe /c \"\"C:\\temp\\backup.bat\" \"","CurrentDirectory":"C:\\Windows\\","User":"STACKEDPADS\\frank.kolzig","LogonGuid":"{3be6fa21-33e5-62c8-7a30-160000000000}","LogonId":"0x16307a","TerminalSessionId":"3","IntegrityLevel":"Medium","Hashes":"SHA1=DED8FD7F36417F66EB6ADA10E0C0D7C0022986E9,MD5=911D039E71583A07320B32BDE22F8E22,SHA256=BC866CFCDDA37E24DC2634DC282C7A0E6F55209DA17A8FA105B07414C0E7C527,IMPHASH=272245E2988E1E430500B852C4FB5E18","ParentProcessGuid":"{3be6fa21-33e8-62c8-ec00-000000001100}","ParentProcessId":"3528","ParentImage":"C:\\Windows\\explorer.exe","ParentCommandLine":"C:\\Windows\\Explorer.EXE","ParentUser":"STACKEDPADS\\frank.kolzig","EventReceivedTime":1657287672,"SourceModuleName":"in_sysmon","SourceModuleType":"im_msvistalog"}
<14>Jul  8 13:41:12 activedir.stackedpads.local Microsoft-Windows-Sysmon[3224]: {"EventTime":1657287670,"Hostname":"activedir.stackedpads.local","Keywords":-9223372036854775808,"EventType":"INFO","SeverityValue":2,"Severity":"INFO","EventID":7,"SourceName":"Microsoft-Windows-Sysmon","ProviderGuid":"{5770385F-C22A-43E0-BF4C-06F5698FFBD9}","Version":3,"Task":7,"OpcodeValue":0,"RecordNumber":278331,"ProcessID":3224,"ThreadID":4128,"Channel":"Microsoft-Windows-Sysmon/Operational","Domain":"NT AUTHORITY","AccountName":"SYSTEM","UserID":"S-1-5-18","AccountType":"User","Message":"Image loaded:\r\nRuleName: -\r\nUtcTime: 2022-07-08 13:41:10.018\r\nProcessGuid: {3be6fa21-33f5-62c8-ff00-000000001100}\r\nProcessId: 6380\r\nImage: C:\\Windows\\System32\\smartscreen.exe\r\nImageLoaded: C:\\Windows\\System32\\urlmon.dll\r\nFileVersion: 11.00.17763.2989 (WinBuild.160101.0800)\r\nDescription: OLE32 Extensions for Win32\r\nProduct: Internet Explorer\r\nCompany: Microsoft Corporation\r\nOriginalFileName: UrlMon.dll\r\nHashes: SHA1=3405711CBD9F95E52D169FFDC291D9241AC26EE6,MD5=A8B176D8B94D7B36B6DE11B888BC2FFB,SHA256=7E2D45F13D79F2DC5FFFA2FE9A111AF51EC5FC45B7FCC3E56B9B5B75170B8B5D,IMPHASH=1A25F56E88192012CEA344CDE7EF7FF2\r\nSigned: true\r\nSignature: Microsoft Windows\r\nSignatureStatus: Valid\r\nUser: STACKEDPADS\\frank.kolzig","Category":"Image loaded (rule: ImageLoad)","Opcode":"Info","RuleName":"-","UtcTime":"2022-07-08 13:41:10.018","ProcessGuid":"{3be6fa21-33f5-62c8-ff00-000000001100}","Image":"C:\\Windows\\System32\\smartscreen.exe","ImageLoaded":"C:\\Windows\\System32\\urlmon.dll","FileVersion":"11.00.17763.2989 (WinBuild.160101.0800)","Description":"OLE32 Extensions for Win32","Product":"Internet Explorer","Company":"Microsoft Corporation","OriginalFileName":"UrlMon.dll","Hashes":"SHA1=3405711CBD9F95E52D169FFDC291D9241AC26EE6,MD5=A8B176D8B94D7B36B6DE11B888BC2FFB,SHA256=7E2D45F13D79F2DC5FFFA2FE9A111AF51EC5FC45B7FCC3E56B9B5B75170B8B5D,IMPHASH=1A25F56E88192012CEA344CDE7EF7FF2","Signed":"true","Signature":"Microsoft Windows","SignatureStatus":"Valid","User":"STACKEDPADS\\frank.kolzig","EventReceivedTime":1657287672,"SourceModuleName":"in_sysmon","SourceModuleType":"im_msvistalog"}
