<14>Jul  8 13:42:26 wrk-shasek.stackedpads.local Microsoft-Windows-Sysmon[2568]: {"EventTime":1657287744,"Hostname":"wrk-shasek.stackedpads.local","Keywords":-9223372036854775808,"EventType":"INFO","SeverityValue":2,"Severity":"INFO","EventID":7,"SourceName":"Microsoft-Windows-Sysmon","ProviderGuid":"{5770385F-C22A-43E0-BF4C-06F5698FFBD9}","Version":3,"Task":7,"OpcodeValue":0,"RecordNumber":72896,"ProcessID":2568,"ThreadID":3316,"Channel":"Microsoft-Windows-Sysmon/Operational","Domain":"NT AUTHORITY","AccountName":"SYSTEM","UserID":"S-1-5-18","AccountType":"User","Message":"Image loaded:\r\nRuleName: technique_id=T1055,technique_name=Process Injection\r\nUtcTime: 2022-07-08 13:42:24.850\r\nProcessGuid: {6b7cbb53-343f-62c8-f300-000000000e00}\r\nProcessId: 2744\r\nImage: C:\\Windows\\System32\\WindowsPowerShell\\v1.0\\powershell.exe\r\nImageLoaded: C:\\Windows\\Microsoft.NET\\Framework64\\v4.0.30319\\mscoreei.dll\r\nFileVersion: 4.8.4180.0 built by: NET48REL1LAST_B\r\nDescription: Microsoft .NET Runtime Execution Engine\r\nProduct: Microsoft® .NET Framework\r\nCompany: Microsoft Corporation\r\nOriginalFileName: mscoreei.dll\r\nHashes: SHA1=1283EF637FA53D571118F269F9B8C0A5CCA2BF01,MD5=899A8B655E52A061B33571D97C5C06ED,SHA256=DE05B03E37FB9BA5D74CF8FA36A6F0B15AB61705285B738BC90D14FDE580A45E,IMPHASH=005299FA213F652A596AC31760C5340B\r\nSigned: true\r\nSignature: Microsoft Corporation\r\nSignatureStatus: Valid\r\nUser: STACKEDPADS\\tim.smith","Category":"Image loaded (rule: ImageLoad)","Opcode":"Info","RuleName":"technique_id=T1055,technique_name=Process Injection","UtcTime":"2022-07-08 13:42:24.850","ProcessGuid":"{6b7cbb53-343f-62c8-f300-000000000e00}","Image":"C:\\Windows\\System32\\WindowsPowerShell\\v1.0\\powershell.exe","ImageLoaded":"C:\\Windows\\Microsoft.NET\\Framework64\\v4.0.30319\\mscoreei.dll","FileVersion":"4.8.4180.0 built by: NET48REL1LAST_B","Description":"Microsoft .NET Runtime Execution Engine","Product":"Microsoft® .NET Framework","Company":"Microsoft Corporation","OriginalFileName":"mscoreei.dll","Hashes":"SHA1=1283EF637FA53D571118F269F9B8C0A5CCA2BF01,MD5=899A8B655E52A061B33571D97C5C06ED,SHA256=DE05B03E37FB9BA5D74CF8FA36A6F0B15AB61705285B738BC90D14FDE580A45E,IMPHASH=005299FA213F652A596AC31760C5340B","Signed":"true","Signature":"Microsoft Corporation","SignatureStatus":"Valid","User":"STACKEDPADS\\tim.smith","EventReceivedTime":1657287746,"SourceModuleName":"in_sysmon","SourceModuleType":"im_msvistalog"}
<14>Jul  8 13:42:26 wrk-shasek.stackedpads.local Microsoft-Windows-Sysmon[2568]: {"EventTime":1657287745,"Hostname":"wrk-shasek.stackedpads.local","Keywords":-9223372036854775808,"EventType":"INFO","SeverityValue":2,"Severity":"INFO","EventID":7,"SourceName":"Microsoft-Windows-Sysmon","ProviderGuid":"{5770385F-C22A-43E0-BF4C-06F5698FFBD9}","Version":3,"Task":7,"OpcodeValue":0,"RecordNumber":72898,"ProcessID":2568,"ThreadID":3316,"Channel":"Microsoft-Windows-Sysmon/Operational","Domain":"NT AUTHORITY","AccountName":"SYSTEM","UserID":"S-1-5-18","AccountType":"User","Message":"Image loaded:\r\nRuleName: technique_id=T1055,technique_name=Process Injection\r\nUtcTime: 2022-07-08 13:42:25.014\r\nProcessGuid: {6b7cbb53-343f-62c8-f300-000000000e00}\r\nProcessId: 2744\r\nImage: C:\\Windows\\System32\\WindowsPowerShell\\v1.0\\powershell.exe\r\nImageLoaded: C:\\Windows\\Microsoft.NET\\Framework64\\v4.0.30319\\clr.dll\r\nFileVersion: 4.8.4515.0 built by: NET48REL1LAST_C\r\nDescription: Microsoft .NET Runtime Common Language Runtime - WorkStation\r\nProduct: Microsoft® .NET Framework\r\nCompany: Microsoft Corporation\r\nOriginalFileName: clr.dll\r\nHashes: SHA1=61CBD7957B853E180D77DCB02EB48DE5E4269CDC,MD5=2B0E5597FF51A3A4D5BB2DDAB0214531,SHA256=8D09CE35C987EADCF01686BB559920951B0116985FE4FEB5A488A6A8F7C4BDB9,IMPHASH=259C196C67C4E02F941CAD54D9D9BB8A\r\nSigned: true\r\nSignature: Microsoft Corporation\r\nSignatureStatus: Valid\r\nUser: STACKEDPADS\\tim.smith","Category":"Image loaded (rule: ImageLoad)","Opcode":"Info","RuleName":"technique_id=T1055,technique_name=Process Injection","UtcTime":"2022-07-08 13:42:25.014","ProcessGuid":"{6b7cbb53-343f-62c8-f300-000000000e00}","Image":"C:\\Windows\\System32\\WindowsPowerShell\\v1.0\\powershell.exe","ImageLoaded":"C:\\Windows\\Microsoft.NET\\Framework64\\v4.0.30319\\clr.dll","FileVersion":"4.8.4515.0 built by: NET48REL1LAST_C","Description":"Microsoft .NET Runtime Common Language Runtime - WorkStation","Product":"Microsoft® .NET Framework","Company":"Microsoft Corporation","OriginalFileName":"clr.dll","Hashes":"SHA1=61CBD7957B853E180D77DCB02EB48DE5E4269CDC,MD5=2B0E5597FF51A3A4D5BB2DDAB0214531,SHA256=8D09CE35C987EADCF01686BB559920951B0116985FE4FEB5A488A6A8F7C4BDB9,IMPHASH=259C196C67C4E02F941CAD54D9D9BB8A","Signed":"true","Signature":"Microsoft Corporation","SignatureStatus":"Valid","User":"STACKEDPADS\\tim.smith","EventReceivedTime":1657287746,"SourceModuleName":"in_sysmon","SourceModuleType":"im_msvistalog"}
<14>Jul  8 13:42:27 wrk-shasek.stackedpads.local Microsoft-Windows-Sysmon[2568]: {"EventTime":1657287745,"Hostname":"wrk-shasek.stackedpads.local","Keywords":-9223372036854775808,"EventType":"INFO","SeverityValue":2,"Severity":"INFO","EventID":7,"SourceName":"Microsoft-Windows-Sysmon","ProviderGuid":"{5770385F-C22A-43E0-BF4C-06F5698FFBD9}","Version":3,"Task":7,"OpcodeValue":0,"RecordNumber":72901,"ProcessID":2568,"ThreadID":3316,"Channel":"Microsoft-Windows-Sysmon/Operational","Domain":"NT AUTHORITY","AccountName":"SYSTEM","UserID":"S-1-5-18","AccountType":"User","Message":"Image loaded:\r\nRuleName: technique_id=T1055,technique_name=Process Injection\r\nUtcTime: 2022-07-08 13:42:25.371\r\nProcessGuid: {6b7cbb53-343f-62c8-f300-000000000e00}\r\nProcessId: 2744\r\nImage: C:\\Windows\\System32\\WindowsPowerShell\\v1.0\\powershell.exe\r\nImageLoaded: C:\\Windows\\assembly\\NativeImages_v4.0.30319_64\\mscorlib\\b8493bec853ac702d2188091d76ccffa\\mscorlib.ni.dll\r\nFileVersion: 4.8.4515.0 built by: NET48REL1LAST_C\r\nDescription: Microsoft Common Language Runtime Class Library\r\nProduct: Microsoft® .NET Framework\r\nCompany: Microsoft Corporation\r\nOriginalFileName: mscorlib.dll\r\nHashes: SHA1=E427979206921D4FDD5A0621540DC133FBD34A57,MD5=4D9E5CCCDA6B1397A94DE4AABC3FDF3E,SHA256=94687549554CD1915C41AF49DF0DFEC8A0C04F1D2E26907329A60ACB287414AA,IMPHASH=00000000000000000000000000000000\r\nSigned: true\r\nSignature: Microsoft Corporation\r\nSignatureStatus: Valid\r\nUser: STACKEDPADS\\tim.smith","Category":"Image loaded (rule: ImageLoad)","Opcode":"Info","RuleName":"technique_id=T1055,technique_name=Process Injection","UtcTime":"2022-07-08 13:42:25.371","ProcessGuid":"{6b7cbb53-343f-62c8-f300-000000000e00}","Image":"C:\\Windows\\System32\\WindowsPowerShell\\v1.0\\powershell.exe","ImageLoaded":"C:\\Windows\\assembly\\NativeImages_v4.0.30319_64\\mscorlib\\b8493bec853ac702d2188091d76ccffa\\mscorlib.ni.dll","FileVersion":"4.8.4515.0 built by: NET48REL1LAST_C","Description":"Microsoft Common Language Runtime Class Library","Product":"Microsoft® .NET Framework","Company":"Microsoft Corporation","OriginalFileName":"mscorlib.dll","Hashes":"SHA1=E427979206921D4FDD5A0621540DC133FBD34A57,MD5=4D9E5CCCDA6B1397A94DE4AABC3FDF3E,SHA256=94687549554CD1915C41AF49DF0DFEC8A0C04F1D2E26907329A60ACB287414AA,IMPHASH=00000000000000000000000000000000","Signed":"true","Signature":"Microsoft Corporation","SignatureStatus":"Valid","User":"STACKEDPADS\\tim.smith","EventReceivedTime":1657287747,"SourceModuleName":"in_sysmon","SourceModuleType":"im_msvistalog"}
<14>Jul  8 13:42:27 wrk-shasek.stackedpads.local Microsoft-Windows-Sysmon[2568]: {"EventTime":1657287745,"Hostname":"wrk-shasek.stackedpads.local","Keywords":-9223372036854775808,"EventType":"INFO","SeverityValue":2,"Severity":"INFO","EventID":11,"SourceName":"Microsoft-Windows-Sysmon","ProviderGuid":"{5770385F-C22A-43E0-BF4C-06F5698FFBD9}","Version":2,"Task":11,"OpcodeValue":0,"RecordNumber":72902,"ProcessID":2568,"ThreadID":3284,"Channel":"Microsoft-Windows-Sysmon/Operational","Domain":"NT AUTHORITY","AccountName":"SYSTEM","UserID":"S-1-5-18","AccountType":"User","Message":"File created:\r\nRuleName: -\r\nUtcTime: 2022-07-08 13:42:25.933\r\nProcessGuid: {6b7cbb53-316d-62c8-1500-000000000e00}\r\nProcessId: 712\r\nImage: C:\\Windows\\System32\\svchost.exe\r\nTargetFilename: C:\\Windows\\Prefetch\\RUNTIMEBROKER.EXE-4551A062.pf\r\nCreationUtcTime: 2022-06-22 16:12:21.698\r\nUser: NT AUTHORITY\\SYSTEM","Category":"File created (rule: FileCreate)","Opcode":"Info","RuleName":"-","UtcTime":"2022-07-08 13:42:25.933","ProcessGuid":"{6b7cbb53-316d-62c8-1500-000000000e00}","Image":"C:\\Windows\\System32\\svchost.exe","TargetFilename":"C:\\Windows\\Prefetch\\RUNTIMEBROKER.EXE-4551A062.pf","CreationUtcTime":"2022-06-22 16:12:21.698","User":"NT AUTHORITY\\SYSTEM","EventReceivedTime":1657287747,"SourceModuleName":"in_sysmon","SourceModuleType":"im_msvistalog"}
<14>Jul  8 13:42:27 wrk-shasek.stackedpads.local Microsoft-Windows-Sysmon[2568]: {"EventTime":1657287746,"Hostname":"wrk-shasek.stackedpads.local","Keywords":-9223372036854775808,"EventType":"INFO","SeverityValue":2,"Severity":"INFO","EventID":11,"SourceName":"Microsoft-Windows-Sysmon","ProviderGuid":"{5770385F-C22A-43E0-BF4C-06F5698FFBD9}","Version":2,"Task":11,"OpcodeValue":0,"RecordNumber":72911,"ProcessID":2568,"ThreadID":3284,"Channel":"Microsoft-Windows-Sysmon/Operational","Domain":"NT AUTHORITY","AccountName":"SYSTEM","UserID":"S-1-5-18","AccountType":"User","Message":"File created:\r\nRuleName: -\r\nUtcTime: 2022-07-08 13:42:26.090\r\nProcessGuid: {6b7cbb53-343f-62c8-f300-000000000e00}\r\nProcessId: 2744\r\nImage: C:\\Windows\\System32\\WindowsPowerShell\\v1.0\\powershell.exe\r\nTargetFilename: C:\\Users\\tim.smith\\AppData\\Local\\Temp\\__PSScriptPolicyTest_vf4borop.bvh.psm1\r\nCreationUtcTime: 2022-07-08 13:42:26.090\r\nUser: STACKEDPADS\\tim.smith","Category":"File created (rule: FileCreate)","Opcode":"Info","RuleName":"-","UtcTime":"2022-07-08 13:42:26.090","ProcessGuid":"{6b7cbb53-343f-62c8-f300-000000000e00}","Image":"C:\\Windows\\System32\\WindowsPowerShell\\v1.0\\powershell.exe","TargetFilename":"C:\\Users\\tim.smith\\AppData\\Local\\Temp\\__PSScriptPolicyTest_vf4borop.bvh.psm1","CreationUtcTime":"2022-07-08 13:42:26.090","User":"STACKEDPADS\\tim.smith","EventReceivedTime":1657287747,"SourceModuleName":"in_sysmon","SourceModuleType":"im_msvistalog"}
<14>Jul  8 13:42:27 wrk-shasek.stackedpads.local Microsoft-Windows-Sysmon[2568]: {"EventTime":1657287746,"Hostname":"wrk-shasek.stackedpads.local","Keywords":-9223372036854775808,"EventType":"INFO","SeverityValue":2,"Severity":"INFO","EventID":11,"SourceName":"Microsoft-Windows-Sysmon","ProviderGuid":"{5770385F-C22A-43E0-BF4C-06F5698FFBD9}","Version":2,"Task":11,"OpcodeValue":0,"RecordNumber":72910,"ProcessID":2568,"ThreadID":3284,"Channel":"Microsoft-Windows-Sysmon/Operational","Domain":"NT AUTHORITY","AccountName":"SYSTEM","UserID":"S-1-5-18","AccountType":"User","Message":"File created:\r\nRuleName: -\r\nUtcTime: 2022-07-08 13:42:26.090\r\nProcessGuid: {6b7cbb53-343f-62c8-f300-000000000e00}\r\nProcessId: 2744\r\nImage: C:\\Windows\\System32\\WindowsPowerShell\\v1.0\\powershell.exe\r\nTargetFilename: C:\\Users\\tim.smith\\AppData\\Local\\Temp\\__PSScriptPolicyTest_ecqf24zj.0uw.ps1\r\nCreationUtcTime: 2022-07-08 13:42:26.090\r\nUser: STACKEDPADS\\tim.smith","Category":"File created (rule: FileCreate)","Opcode":"Info","RuleName":"-","UtcTime":"2022-07-08 13:42:26.090","ProcessGuid":"{6b7cbb53-343f-62c8-f300-000000000e00}","Image":"C:\\Windows\\System32\\WindowsPowerShell\\v1.0\\powershell.exe","TargetFilename":"C:\\Users\\tim.smith\\AppData\\Local\\Temp\\__PSScriptPolicyTest_ecqf24zj.0uw.ps1","CreationUtcTime":"2022-07-08 13:42:26.090","User":"STACKEDPADS\\tim.smith","EventReceivedTime":1657287747,"SourceModuleName":"in_sysmon","SourceModuleType":"im_msvistalog"}
<14>Jul  8 13:42:28 wrk-shasek.stackedpads.local Microsoft-Windows-Sysmon[2568]: {"EventTime":1657287746,"Hostname":"wrk-shasek.stackedpads.local","Keywords":-9223372036854775808,"EventType":"INFO","SeverityValue":2,"Severity":"INFO","EventID":11,"SourceName":"Microsoft-Windows-Sysmon","ProviderGuid":"{5770385F-C22A-43E0-BF4C-06F5698FFBD9}","Version":2,"Task":11,"OpcodeValue":0,"RecordNumber":72918,"ProcessID":2568,"ThreadID":3284,"Channel":"Microsoft-Windows-Sysmon/Operational","Domain":"NT AUTHORITY","AccountName":"SYSTEM","UserID":"S-1-5-18","AccountType":"User","Message":"File created:\r\nRuleName: -\r\nUtcTime: 2022-07-08 13:42:26.746\r\nProcessGuid: {6b7cbb53-343f-62c8-f300-000000000e00}\r\nProcessId: 2744\r\nImage: C:\\Windows\\System32\\WindowsPowerShell\\v1.0\\powershell.exe\r\nTargetFilename: C:\\temp\\20220708\\PowerShell_transcript.WRK-SHASEK.JgXmmE_r.20220708134226.txt\r\nCreationUtcTime: 2022-07-08 13:42:26.746\r\nUser: STACKEDPADS\\tim.smith","Category":"File created (rule: FileCreate)","Opcode":"Info","RuleName":"-","UtcTime":"2022-07-08 13:42:26.746","ProcessGuid":"{6b7cbb53-343f-62c8-f300-000000000e00}","Image":"C:\\Windows\\System32\\WindowsPowerShell\\v1.0\\powershell.exe","TargetFilename":"C:\\temp\\20220708\\PowerShell_transcript.WRK-SHASEK.JgXmmE_r.20220708134226.txt","CreationUtcTime":"2022-07-08 13:42:26.746","User":"STACKEDPADS\\tim.smith","EventReceivedTime":1657287748,"SourceModuleName":"in_sysmon","SourceModuleType":"im_msvistalog"}
<14>Jul  8 13:42:27 wrk-shasek.stackedpads.local Microsoft-Windows-Sysmon[2568]: {"EventTime":1657287746,"Hostname":"wrk-shasek.stackedpads.local","Keywords":-9223372036854775808,"EventType":"INFO","SeverityValue":2,"Severity":"INFO","EventID":7,"SourceName":"Microsoft-Windows-Sysmon","ProviderGuid":"{5770385F-C22A-43E0-BF4C-06F5698FFBD9}","Version":3,"Task":7,"OpcodeValue":0,"RecordNumber":72912,"ProcessID":2568,"ThreadID":3316,"Channel":"Microsoft-Windows-Sysmon/Operational","Domain":"NT AUTHORITY","AccountName":"SYSTEM","UserID":"S-1-5-18","AccountType":"User","Message":"Image loaded:\r\nRuleName: technique_id=T1059.001,technique_name=PowerShell\r\nUtcTime: 2022-07-08 13:42:25.980\r\nProcessGuid: {6b7cbb53-343f-62c8-f300-000000000e00}\r\nProcessId: 2744\r\nImage: C:\\Windows\\System32\\WindowsPowerShell\\v1.0\\powershell.exe\r\nImageLoaded: C:\\Windows\\assembly\\NativeImages_v4.0.30319_64\\System.Manaa57fc8cc#\\d0b59903ecdf5fafd2f575aa99051d7d\\System.Management.Automation.ni.dll\r\nFileVersion: 10.0.19041.1682\r\nDescription: System.Management.Automation\r\nProduct: Microsoft (R) Windows (R) Operating System\r\nCompany: Microsoft Corporation\r\nOriginalFileName: System.Management.Automation.dll\r\nHashes: SHA1=4E17D6073DBD703493918802A09E452B4B7EB41A,MD5=364B2A70E90A4DD2AA2B5C39B79FA4C4,SHA256=C7FA8C72EA6930742CA63840949F248BC88AC12F5BFFA1B257CC3FD883F89F88,IMPHASH=00000000000000000000000000000000\r\nSigned: false\r\nSignature: -\r\nSignatureStatus: Unavailable\r\nUser: STACKEDPADS\\tim.smith","Category":"Image loaded (rule: ImageLoad)","Opcode":"Info","RuleName":"technique_id=T1059.001,technique_name=PowerShell","UtcTime":"2022-07-08 13:42:25.980","ProcessGuid":"{6b7cbb53-343f-62c8-f300-000000000e00}","Image":"C:\\Windows\\System32\\WindowsPowerShell\\v1.0\\powershell.exe","ImageLoaded":"C:\\Windows\\assembly\\NativeImages_v4.0.30319_64\\System.Manaa57fc8cc#\\d0b59903ecdf5fafd2f575aa99051d7d\\System.Management.Automation.ni.dll","FileVersion":"10.0.19041.1682","Description":"System.Management.Automation","Product":"Microsoft (R) Windows (R) Operating System","Company":"Microsoft Corporation","OriginalFileName":"System.Management.Automation.dll","Hashes":"SHA1=4E17D6073DBD703493918802A09E452B4B7EB41A,MD5=364B2A70E90A4DD2AA2B5C39B79FA4C4,SHA256=C7FA8C72EA6930742CA63840949F248BC88AC12F5BFFA1B257CC3FD883F89F88,IMPHASH=00000000000000000000000000000000","Signed":"false","Signature":"-","SignatureStatus":"Unavailable","User":"STACKEDPADS\\tim.smith","EventReceivedTime":1657287747,"SourceModuleName":"in_sysmon","SourceModuleType":"im_msvistalog"}
<14>Jul  8 13:42:27 wrk-shasek.stackedpads.local Microsoft-Windows-Sysmon[2568]: {"EventTime":1657287746,"Hostname":"wrk-shasek.stackedpads.local","Keywords":-9223372036854775808,"EventType":"INFO","SeverityValue":2,"Severity":"INFO","EventID":7,"SourceName":"Microsoft-Windows-Sysmon","ProviderGuid":"{5770385F-C22A-43E0-BF4C-06F5698FFBD9}","Version":3,"Task":7,"OpcodeValue":0,"RecordNumber":72913,"ProcessID":2568,"ThreadID":3316,"Channel":"Microsoft-Windows-Sysmon/Operational","Domain":"NT AUTHORITY","AccountName":"SYSTEM","UserID":"S-1-5-18","AccountType":"User","Message":"Image loaded:\r\nRuleName: technique_id=T1073,technique_name=DLL Side-Loading\r\nUtcTime: 2022-07-08 13:42:26.027\r\nProcessGuid: {6b7cbb53-343f-62c8-f300-000000000e00}\r\nProcessId: 2744\r\nImage: C:\\Windows\\System32\\WindowsPowerShell\\v1.0\\powershell.exe\r\nImageLoaded: C:\\ProgramData\\Microsoft\\Windows Defender\\Platform\\4.18.2205.7-0\\MpOAV.dll\r\nFileVersion: 4.18.2205.7 (WinBuild.160101.0800)\r\nDescription: IOfficeAntiVirus Module\r\nProduct: Microsoft® Windows® Operating System\r\nCompany: Microsoft Corporation\r\nOriginalFileName: MpOAV.dll\r\nHashes: SHA1=2AE5F739D255935B880C2B536F2AA9AB0893E62D,MD5=665207D3D4C3297E074DA28FDE66297F,SHA256=2F068AC6A132FEAEDE88143048F94BCC7BE568ED00994B067FB36D32BD08FB0C,IMPHASH=EF2C7BDC1822900E42CCF89812C0F96B\r\nSigned: true\r\nSignature: Microsoft Windows\r\nSignatureStatus: Valid\r\nUser: STACKEDPADS\\tim.smith","Category":"Image loaded (rule: ImageLoad)","Opcode":"Info","RuleName":"technique_id=T1073,technique_name=DLL Side-Loading","UtcTime":"2022-07-08 13:42:26.027","ProcessGuid":"{6b7cbb53-343f-62c8-f300-000000000e00}","Image":"C:\\Windows\\System32\\WindowsPowerShell\\v1.0\\powershell.exe","ImageLoaded":"C:\\ProgramData\\Microsoft\\Windows Defender\\Platform\\4.18.2205.7-0\\MpOAV.dll","FileVersion":"4.18.2205.7 (WinBuild.160101.0800)","Description":"IOfficeAntiVirus Module","Product":"Microsoft® Windows® Operating System","Company":"Microsoft Corporation","OriginalFileName":"MpOAV.dll","Hashes":"SHA1=2AE5F739D255935B880C2B536F2AA9AB0893E62D,MD5=665207D3D4C3297E074DA28FDE66297F,SHA256=2F068AC6A132FEAEDE88143048F94BCC7BE568ED00994B067FB36D32BD08FB0C,IMPHASH=EF2C7BDC1822900E42CCF89812C0F96B","Signed":"true","Signature":"Microsoft Windows","SignatureStatus":"Valid","User":"STACKEDPADS\\tim.smith","EventReceivedTime":1657287747,"SourceModuleName":"in_sysmon","SourceModuleType":"im_msvistalog"}
<14>Jul  8 13:42:28 wrk-shasek.stackedpads.local Microsoft-Windows-Sysmon[2568]: {"EventTime":1657287746,"Hostname":"wrk-shasek.stackedpads.local","Keywords":-9223372036854775808,"EventType":"INFO","SeverityValue":2,"Severity":"INFO","EventID":7,"SourceName":"Microsoft-Windows-Sysmon","ProviderGuid":"{5770385F-C22A-43E0-BF4C-06F5698FFBD9}","Version":3,"Task":7,"OpcodeValue":0,"RecordNumber":72919,"ProcessID":2568,"ThreadID":3316,"Channel":"Microsoft-Windows-Sysmon/Operational","Domain":"NT AUTHORITY","AccountName":"SYSTEM","UserID":"S-1-5-18","AccountType":"User","Message":"Image loaded:\r\nRuleName: technique_id=T1073,technique_name=DLL Side-Loading\r\nUtcTime: 2022-07-08 13:42:26.761\r\nProcessGuid: {6b7cbb53-343f-62c8-f300-000000000e00}\r\nProcessId: 2744\r\nImage: C:\\Windows\\System32\\WindowsPowerShell\\v1.0\\powershell.exe\r\nImageLoaded: C:\\ProgramData\\Microsoft\\Windows Defender\\Platform\\4.18.2205.7-0\\MpClient.dll\r\nFileVersion: 4.18.2205.7 (WinBuild.160101.0800)\r\nDescription: Client Interface\r\nProduct: Microsoft® Windows® Operating System\r\nCompany: Microsoft Corporation\r\nOriginalFileName: mpclient.dll\r\nHashes: SHA1=929D847CD11F88A8B486D190D185CF947B46A059,MD5=1F43411C65F3B2C5CF65B1DF2B3B5FBC,SHA256=65C7B00FBFAFB0090B1BF571661D0A52A17EE102720DED9C513BD5841593CD18,IMPHASH=DA934D67E5B299B61D05B3AABF6964EA\r\nSigned: true\r\nSignature: Microsoft Windows\r\nSignatureStatus: Valid\r\nUser: STACKEDPADS\\tim.smith","Category":"Image loaded (rule: ImageLoad)","Opcode":"Info","RuleName":"technique_id=T1073,technique_name=DLL Side-Loading","UtcTime":"2022-07-08 13:42:26.761","ProcessGuid":"{6b7cbb53-343f-62c8-f300-000000000e00}","Image":"C:\\Windows\\System32\\WindowsPowerShell\\v1.0\\powershell.exe","ImageLoaded":"C:\\ProgramData\\Microsoft\\Windows Defender\\Platform\\4.18.2205.7-0\\MpClient.dll","FileVersion":"4.18.2205.7 (WinBuild.160101.0800)","Description":"Client Interface","Product":"Microsoft® Windows® Operating System","Company":"Microsoft Corporation","OriginalFileName":"mpclient.dll","Hashes":"SHA1=929D847CD11F88A8B486D190D185CF947B46A059,MD5=1F43411C65F3B2C5CF65B1DF2B3B5FBC,SHA256=65C7B00FBFAFB0090B1BF571661D0A52A17EE102720DED9C513BD5841593CD18,IMPHASH=DA934D67E5B299B61D05B3AABF6964EA","Signed":"true","Signature":"Microsoft Windows","SignatureStatus":"Valid","User":"STACKEDPADS\\tim.smith","EventReceivedTime":1657287748,"SourceModuleName":"in_sysmon","SourceModuleType":"im_msvistalog"}
<14>Jul  8 13:42:27 wrk-shasek.stackedpads.local Microsoft-Windows-Sysmon[2568]: {"EventTime":1657287746,"Hostname":"wrk-shasek.stackedpads.local","Keywords":-9223372036854775808,"EventType":"INFO","SeverityValue":2,"Severity":"INFO","EventID":12,"SourceName":"Microsoft-Windows-Sysmon","ProviderGuid":"{5770385F-C22A-43E0-BF4C-06F5698FFBD9}","Version":2,"Task":12,"OpcodeValue":0,"RecordNumber":72905,"ProcessID":2568,"ThreadID":3284,"Channel":"Microsoft-Windows-Sysmon/Operational","Domain":"NT AUTHORITY","AccountName":"SYSTEM","UserID":"S-1-5-18","AccountType":"User","Message":"Registry object added or deleted:\r\nRuleName: technique_id=T1130,technique_name=Install Root Certificate\r\nEventType: CreateKey\r\nUtcTime: 2022-07-08 13:42:26.043\r\nProcessGuid: {6b7cbb53-343f-62c8-f300-000000000e00}\r\nProcessId: 2744\r\nImage: C:\\Windows\\System32\\WindowsPowerShell\\v1.0\\powershell.exe\r\nTargetObject: HKLM\\SOFTWARE\\Microsoft\\SystemCertificates\\CA\\Certificates\r\nUser: STACKEDPADS\\tim.smith","Category":"Registry object added or deleted (rule: RegistryEvent)","Opcode":"Info","RuleName":"technique_id=T1130,technique_name=Install Root Certificate","UtcTime":"2022-07-08 13:42:26.043","ProcessGuid":"{6b7cbb53-343f-62c8-f300-000000000e00}","Image":"C:\\Windows\\System32\\WindowsPowerShell\\v1.0\\powershell.exe","TargetObject":"HKLM\\SOFTWARE\\Microsoft\\SystemCertificates\\CA\\Certificates","User":"STACKEDPADS\\tim.smith","EventReceivedTime":1657287747,"SourceModuleName":"in_sysmon","SourceModuleType":"im_msvistalog"}
<14>Jul  8 13:42:27 wrk-shasek.stackedpads.local Microsoft-Windows-Sysmon[2568]: {"EventTime":1657287746,"Hostname":"wrk-shasek.stackedpads.local","Keywords":-9223372036854775808,"EventType":"INFO","SeverityValue":2,"Severity":"INFO","EventID":12,"SourceName":"Microsoft-Windows-Sysmon","ProviderGuid":"{5770385F-C22A-43E0-BF4C-06F5698FFBD9}","Version":2,"Task":12,"OpcodeValue":0,"RecordNumber":72903,"ProcessID":2568,"ThreadID":3284,"Channel":"Microsoft-Windows-Sysmon/Operational","Domain":"NT AUTHORITY","AccountName":"SYSTEM","UserID":"S-1-5-18","AccountType":"User","Message":"Registry object added or deleted:\r\nRuleName: technique_id=T1130,technique_name=Install Root Certificate\r\nEventType: CreateKey\r\nUtcTime: 2022-07-08 13:42:26.043\r\nProcessGuid: {6b7cbb53-343f-62c8-f300-000000000e00}\r\nProcessId: 2744\r\nImage: C:\\Windows\\System32\\WindowsPowerShell\\v1.0\\powershell.exe\r\nTargetObject: HKU\\S-1-5-21-2264196694-1469429678-912427992-1107\\SOFTWARE\\Microsoft\\SystemCertificates\\CA\\Certificates\r\nUser: STACKEDPADS\\tim.smith","Category":"Registry object added or deleted (rule: RegistryEvent)","Opcode":"Info","RuleName":"technique_id=T1130,technique_name=Install Root Certificate","UtcTime":"2022-07-08 13:42:26.043","ProcessGuid":"{6b7cbb53-343f-62c8-f300-000000000e00}","Image":"C:\\Windows\\System32\\WindowsPowerShell\\v1.0\\powershell.exe","TargetObject":"HKU\\S-1-5-21-2264196694-1469429678-912427992-1107\\SOFTWARE\\Microsoft\\SystemCertificates\\CA\\Certificates","User":"STACKEDPADS\\tim.smith","EventReceivedTime":1657287747,"SourceModuleName":"in_sysmon","SourceModuleType":"im_msvistalog"}
<14>Jul  8 13:42:27 wrk-shasek.stackedpads.local Microsoft-Windows-Sysmon[2568]: {"EventTime":1657287746,"Hostname":"wrk-shasek.stackedpads.local","Keywords":-9223372036854775808,"EventType":"INFO","SeverityValue":2,"Severity":"INFO","EventID":12,"SourceName":"Microsoft-Windows-Sysmon","ProviderGuid":"{5770385F-C22A-43E0-BF4C-06F5698FFBD9}","Version":2,"Task":12,"OpcodeValue":0,"RecordNumber":72904,"ProcessID":2568,"ThreadID":3284,"Channel":"Microsoft-Windows-Sysmon/Operational","Domain":"NT AUTHORITY","AccountName":"SYSTEM","UserID":"S-1-5-18","AccountType":"User","Message":"Registry object added or deleted:\r\nRuleName: technique_id=T1130,technique_name=Install Root Certificate\r\nEventType: CreateKey\r\nUtcTime: 2022-07-08 13:42:26.043\r\nProcessGuid: {6b7cbb53-343f-62c8-f300-000000000e00}\r\nProcessId: 2744\r\nImage: C:\\Windows\\System32\\WindowsPowerShell\\v1.0\\powershell.exe\r\nTargetObject: HKU\\S-1-5-21-2264196694-1469429678-912427992-1107\\SOFTWARE\\Policies\\Microsoft\\SystemCertificates\\CA\\Certificates\r\nUser: STACKEDPADS\\tim.smith","Category":"Registry object added or deleted (rule: RegistryEvent)","Opcode":"Info","RuleName":"technique_id=T1130,technique_name=Install Root Certificate","UtcTime":"2022-07-08 13:42:26.043","ProcessGuid":"{6b7cbb53-343f-62c8-f300-000000000e00}","Image":"C:\\Windows\\System32\\WindowsPowerShell\\v1.0\\powershell.exe","TargetObject":"HKU\\S-1-5-21-2264196694-1469429678-912427992-1107\\SOFTWARE\\Policies\\Microsoft\\SystemCertificates\\CA\\Certificates","User":"STACKEDPADS\\tim.smith","EventReceivedTime":1657287747,"SourceModuleName":"in_sysmon","SourceModuleType":"im_msvistalog"}
<14>Jul  8 13:42:27 wrk-shasek.stackedpads.local Microsoft-Windows-Sysmon[2568]: {"EventTime":1657287746,"Hostname":"wrk-shasek.stackedpads.local","Keywords":-9223372036854775808,"EventType":"INFO","SeverityValue":2,"Severity":"INFO","EventID":12,"SourceName":"Microsoft-Windows-Sysmon","ProviderGuid":"{5770385F-C22A-43E0-BF4C-06F5698FFBD9}","Version":2,"Task":12,"OpcodeValue":0,"RecordNumber":72908,"ProcessID":2568,"ThreadID":3284,"Channel":"Microsoft-Windows-Sysmon/Operational","Domain":"NT AUTHORITY","AccountName":"SYSTEM","UserID":"S-1-5-18","AccountType":"User","Message":"Registry object added or deleted:\r\nRuleName: technique_id=T1130,technique_name=Install Root Certificate\r\nEventType: CreateKey\r\nUtcTime: 2022-07-08 13:42:26.043\r\nProcessGuid: {6b7cbb53-343f-62c8-f300-000000000e00}\r\nProcessId: 2744\r\nImage: C:\\Windows\\System32\\WindowsPowerShell\\v1.0\\powershell.exe\r\nTargetObject: HKLM\\SOFTWARE\\Microsoft\\SystemCertificates\\ROOT\\Certificates\r\nUser: STACKEDPADS\\tim.smith","Category":"Registry object added or deleted (rule: RegistryEvent)","Opcode":"Info","RuleName":"technique_id=T1130,technique_name=Install Root Certificate","UtcTime":"2022-07-08 13:42:26.043","ProcessGuid":"{6b7cbb53-343f-62c8-f300-000000000e00}","Image":"C:\\Windows\\System32\\WindowsPowerShell\\v1.0\\powershell.exe","TargetObject":"HKLM\\SOFTWARE\\Microsoft\\SystemCertificates\\ROOT\\Certificates","User":"STACKEDPADS\\tim.smith","EventReceivedTime":1657287747,"SourceModuleName":"in_sysmon","SourceModuleType":"im_msvistalog"}
<14>Jul  8 13:42:27 wrk-shasek.stackedpads.local Microsoft-Windows-Sysmon[2568]: {"EventTime":1657287746,"Hostname":"wrk-shasek.stackedpads.local","Keywords":-9223372036854775808,"EventType":"INFO","SeverityValue":2,"Severity":"INFO","EventID":12,"SourceName":"Microsoft-Windows-Sysmon","ProviderGuid":"{5770385F-C22A-43E0-BF4C-06F5698FFBD9}","Version":2,"Task":12,"OpcodeValue":0,"RecordNumber":72907,"ProcessID":2568,"ThreadID":3284,"Channel":"Microsoft-Windows-Sysmon/Operational","Domain":"NT AUTHORITY","AccountName":"SYSTEM","UserID":"S-1-5-18","AccountType":"User","Message":"Registry object added or deleted:\r\nRuleName: technique_id=T1130,technique_name=Install Root Certificate\r\nEventType: CreateKey\r\nUtcTime: 2022-07-08 13:42:26.043\r\nProcessGuid: {6b7cbb53-343f-62c8-f300-000000000e00}\r\nProcessId: 2744\r\nImage: C:\\Windows\\System32\\WindowsPowerShell\\v1.0\\powershell.exe\r\nTargetObject: HKU\\S-1-5-21-2264196694-1469429678-912427992-1107\\SOFTWARE\\Microsoft\\SystemCertificates\\Root\\Certificates\r\nUser: STACKEDPADS\\tim.smith","Category":"Registry object added or deleted (rule: RegistryEvent)","Opcode":"Info","RuleName":"technique_id=T1130,technique_name=Install Root Certificate","UtcTime":"2022-07-08 13:42:26.043","ProcessGuid":"{6b7cbb53-343f-62c8-f300-000000000e00}","Image":"C:\\Windows\\System32\\WindowsPowerShell\\v1.0\\powershell.exe","TargetObject":"HKU\\S-1-5-21-2264196694-1469429678-912427992-1107\\SOFTWARE\\Microsoft\\SystemCertificates\\Root\\Certificates","User":"STACKEDPADS\\tim.smith","EventReceivedTime":1657287747,"SourceModuleName":"in_sysmon","SourceModuleType":"im_msvistalog"}
<14>Jul  8 13:42:27 wrk-shasek.stackedpads.local Microsoft-Windows-Sysmon[2568]: {"EventTime":1657287746,"Hostname":"wrk-shasek.stackedpads.local","Keywords":-9223372036854775808,"EventType":"INFO","SeverityValue":2,"Severity":"INFO","EventID":12,"SourceName":"Microsoft-Windows-Sysmon","ProviderGuid":"{5770385F-C22A-43E0-BF4C-06F5698FFBD9}","Version":2,"Task":12,"OpcodeValue":0,"RecordNumber":72909,"ProcessID":2568,"ThreadID":3284,"Channel":"Microsoft-Windows-Sysmon/Operational","Domain":"NT AUTHORITY","AccountName":"SYSTEM","UserID":"S-1-5-18","AccountType":"User","Message":"Registry object added or deleted:\r\nRuleName: technique_id=T1130,technique_name=Install Root Certificate\r\nEventType: CreateKey\r\nUtcTime: 2022-07-08 13:42:26.043\r\nProcessGuid: {6b7cbb53-343f-62c8-f300-000000000e00}\r\nProcessId: 2744\r\nImage: C:\\Windows\\System32\\WindowsPowerShell\\v1.0\\powershell.exe\r\nTargetObject: HKLM\\SOFTWARE\\Microsoft\\EnterpriseCertificates\\Root\\Certificates\r\nUser: STACKEDPADS\\tim.smith","Category":"Registry object added or deleted (rule: RegistryEvent)","Opcode":"Info","RuleName":"technique_id=T1130,technique_name=Install Root Certificate","UtcTime":"2022-07-08 13:42:26.043","ProcessGuid":"{6b7cbb53-343f-62c8-f300-000000000e00}","Image":"C:\\Windows\\System32\\WindowsPowerShell\\v1.0\\powershell.exe","TargetObject":"HKLM\\SOFTWARE\\Microsoft\\EnterpriseCertificates\\Root\\Certificates","User":"STACKEDPADS\\tim.smith","EventReceivedTime":1657287747,"SourceModuleName":"in_sysmon","SourceModuleType":"im_msvistalog"}
<14>Jul  8 13:42:27 wrk-shasek.stackedpads.local Microsoft-Windows-Sysmon[2568]: {"EventTime":1657287746,"Hostname":"wrk-shasek.stackedpads.local","Keywords":-9223372036854775808,"EventType":"INFO","SeverityValue":2,"Severity":"INFO","EventID":12,"SourceName":"Microsoft-Windows-Sysmon","ProviderGuid":"{5770385F-C22A-43E0-BF4C-06F5698FFBD9}","Version":2,"Task":12,"OpcodeValue":0,"RecordNumber":72906,"ProcessID":2568,"ThreadID":3284,"Channel":"Microsoft-Windows-Sysmon/Operational","Domain":"NT AUTHORITY","AccountName":"SYSTEM","UserID":"S-1-5-18","AccountType":"User","Message":"Registry object added or deleted:\r\nRuleName: technique_id=T1130,technique_name=Install Root Certificate\r\nEventType: CreateKey\r\nUtcTime: 2022-07-08 13:42:26.043\r\nProcessGuid: {6b7cbb53-343f-62c8-f300-000000000e00}\r\nProcessId: 2744\r\nImage: C:\\Windows\\System32\\WindowsPowerShell\\v1.0\\powershell.exe\r\nTargetObject: HKLM\\SOFTWARE\\Policies\\Microsoft\\SystemCertificates\\CA\\Certificates\r\nUser: STACKEDPADS\\tim.smith","Category":"Registry object added or deleted (rule: RegistryEvent)","Opcode":"Info","RuleName":"technique_id=T1130,technique_name=Install Root Certificate","UtcTime":"2022-07-08 13:42:26.043","ProcessGuid":"{6b7cbb53-343f-62c8-f300-000000000e00}","Image":"C:\\Windows\\System32\\WindowsPowerShell\\v1.0\\powershell.exe","TargetObject":"HKLM\\SOFTWARE\\Policies\\Microsoft\\SystemCertificates\\CA\\Certificates","User":"STACKEDPADS\\tim.smith","EventReceivedTime":1657287747,"SourceModuleName":"in_sysmon","SourceModuleType":"im_msvistalog"}
<14>Jul  8 13:42:27 wrk-shasek.stackedpads.local Microsoft-Windows-Sysmon[2568]: {"EventTime":1657287746,"Hostname":"wrk-shasek.stackedpads.local","Keywords":-9223372036854775808,"EventType":"INFO","SeverityValue":2,"Severity":"INFO","EventID":7,"SourceName":"Microsoft-Windows-Sysmon","ProviderGuid":"{5770385F-C22A-43E0-BF4C-06F5698FFBD9}","Version":3,"Task":7,"OpcodeValue":0,"RecordNumber":72914,"ProcessID":2568,"ThreadID":3284,"Channel":"Microsoft-Windows-Sysmon/Operational","Domain":"NT AUTHORITY","AccountName":"SYSTEM","UserID":"S-1-5-18","AccountType":"User","Message":"Image loaded:\r\nRuleName: -\r\nUtcTime: 2022-07-08 13:42:26.293\r\nProcessGuid: {6b7cbb53-343f-62c8-f300-000000000e00}\r\nProcessId: 2744\r\nImage: C:\\Windows\\System32\\WindowsPowerShell\\v1.0\\powershell.exe\r\nImageLoaded: C:\\Windows\\System32\\urlmon.dll\r\nFileVersion: 11.00.19041.1741 (WinBuild.160101.0800)\r\nDescription: OLE32 Extensions for Win32\r\nProduct: Internet Explorer\r\nCompany: Microsoft Corporation\r\nOriginalFileName: UrlMon.dll\r\nHashes: SHA1=5E1037110EB5C33288F8EA24EBDD3BD0532A279E,MD5=E76C30B53C58F02694CAC858089709D1,SHA256=72498FBEEA86C2E5B5DC15775D41AC607EF63E2B41B8A91CF6B602024B313FE3,IMPHASH=F1542B5592621C50A426D247782724CB\r\nSigned: true\r\nSignature: Microsoft Windows\r\nSignatureStatus: Valid\r\nUser: STACKEDPADS\\tim.smith","Category":"Image loaded (rule: ImageLoad)","Opcode":"Info","RuleName":"-","UtcTime":"2022-07-08 13:42:26.293","ProcessGuid":"{6b7cbb53-343f-62c8-f300-000000000e00}","Image":"C:\\Windows\\System32\\WindowsPowerShell\\v1.0\\powershell.exe","ImageLoaded":"C:\\Windows\\System32\\urlmon.dll","FileVersion":"11.00.19041.1741 (WinBuild.160101.0800)","Description":"OLE32 Extensions for Win32","Product":"Internet Explorer","Company":"Microsoft Corporation","OriginalFileName":"UrlMon.dll","Hashes":"SHA1=5E1037110EB5C33288F8EA24EBDD3BD0532A279E,MD5=E76C30B53C58F02694CAC858089709D1,SHA256=72498FBEEA86C2E5B5DC15775D41AC607EF63E2B41B8A91CF6B602024B313FE3,IMPHASH=F1542B5592621C50A426D247782724CB","Signed":"true","Signature":"Microsoft Windows","SignatureStatus":"Valid","User":"STACKEDPADS\\tim.smith","EventReceivedTime":1657287747,"SourceModuleName":"in_sysmon","SourceModuleType":"im_msvistalog"}
<14>Jul  8 13:42:27 wrk-shasek.stackedpads.local Microsoft-Windows-Sysmon[2568]: {"EventTime":1657287746,"Hostname":"wrk-shasek.stackedpads.local","Keywords":-9223372036854775808,"EventType":"INFO","SeverityValue":2,"Severity":"INFO","EventID":26,"SourceName":"Microsoft-Windows-Sysmon","ProviderGuid":"{5770385F-C22A-43E0-BF4C-06F5698FFBD9}","Version":5,"Task":26,"OpcodeValue":0,"RecordNumber":72915,"ProcessID":2568,"ThreadID":3284,"Channel":"Microsoft-Windows-Sysmon/Operational","Domain":"NT AUTHORITY","AccountName":"SYSTEM","UserID":"S-1-5-18","AccountType":"User","Message":"File Delete logged:\r\nRuleName: -\r\nUtcTime: 2022-07-08 13:42:26.324\r\nProcessGuid: {6b7cbb53-343f-62c8-f300-000000000e00}\r\nProcessId: 2744\r\nUser: STACKEDPADS\\tim.smith\r\nImage: C:\\Windows\\System32\\WindowsPowerShell\\v1.0\\powershell.exe\r\nTargetFilename: C:\\Users\\tim.smith\\AppData\\Local\\Temp\\__PSScriptPolicyTest_ecqf24zj.0uw.ps1\r\nHashes: SHA1=6AB83620379FC69F80C0242105DDFFD7D98D5D9D,MD5=D17FE0A3F47BE24A6453E9EF58C94641,SHA256=96AD1146EB96877EAB5942AE0736B82D8B5E2039A80D3D6932665C1A4C87DCF7,IMPHASH=00000000000000000000000000000000\r\nIsExecutable: false","Category":"File Delete logged (rule: FileDeleteDetected)","Opcode":"Info","RuleName":"-","UtcTime":"2022-07-08 13:42:26.324","ProcessGuid":"{6b7cbb53-343f-62c8-f300-000000000e00}","User":"STACKEDPADS\\tim.smith","Image":"C:\\Windows\\System32\\WindowsPowerShell\\v1.0\\powershell.exe","TargetFilename":"C:\\Users\\tim.smith\\AppData\\Local\\Temp\\__PSScriptPolicyTest_ecqf24zj.0uw.ps1","Hashes":"SHA1=6AB83620379FC69F80C0242105DDFFD7D98D5D9D,MD5=D17FE0A3F47BE24A6453E9EF58C94641,SHA256=96AD1146EB96877EAB5942AE0736B82D8B5E2039A80D3D6932665C1A4C87DCF7,IMPHASH=00000000000000000000000000000000","IsExecutable":"false","EventReceivedTime":1657287747,"SourceModuleName":"in_sysmon","SourceModuleType":"im_msvistalog"}
<14>Jul  8 13:42:28 wrk-shasek.stackedpads.local Microsoft-Windows-Sysmon[2568]: {"EventTime":1657287746,"Hostname":"wrk-shasek.stackedpads.local","Keywords":-9223372036854775808,"EventType":"INFO","SeverityValue":2,"Severity":"INFO","EventID":17,"SourceName":"Microsoft-Windows-Sysmon","ProviderGuid":"{5770385F-C22A-43E0-BF4C-06F5698FFBD9}","Version":1,"Task":17,"OpcodeValue":0,"RecordNumber":72916,"ProcessID":2568,"ThreadID":3284,"Channel":"Microsoft-Windows-Sysmon/Operational","Domain":"NT AUTHORITY","AccountName":"SYSTEM","UserID":"S-1-5-18","AccountType":"User","Message":"Pipe Created:\r\nRuleName: -\r\nEventType: CreatePipe\r\nUtcTime: 2022-07-08 13:42:26.590\r\nProcessGuid: {6b7cbb53-343f-62c8-f300-000000000e00}\r\nProcessId: 2744\r\nPipeName: \\PSHost.133017613437604058.2744.DefaultAppDomain.powershell\r\nImage: C:\\Windows\\System32\\WindowsPowerShell\\v1.0\\powershell.exe\r\nUser: STACKEDPADS\\tim.smith","Category":"Pipe Created (rule: PipeEvent)","Opcode":"Info","RuleName":"-","UtcTime":"2022-07-08 13:42:26.590","ProcessGuid":"{6b7cbb53-343f-62c8-f300-000000000e00}","PipeName":"\\PSHost.133017613437604058.2744.DefaultAppDomain.powershell","Image":"C:\\Windows\\System32\\WindowsPowerShell\\v1.0\\powershell.exe","User":"STACKEDPADS\\tim.smith","EventReceivedTime":1657287748,"SourceModuleName":"in_sysmon","SourceModuleType":"im_msvistalog"}
<14>Jul  8 13:42:28 wrk-shasek.stackedpads.local Microsoft-Windows-Sysmon[2568]: {"EventTime":1657287746,"Hostname":"wrk-shasek.stackedpads.local","Keywords":-9223372036854775808,"EventType":"INFO","SeverityValue":2,"Severity":"INFO","EventID":7,"SourceName":"Microsoft-Windows-Sysmon","ProviderGuid":"{5770385F-C22A-43E0-BF4C-06F5698FFBD9}","Version":3,"Task":7,"OpcodeValue":0,"RecordNumber":72917,"ProcessID":2568,"ThreadID":3316,"Channel":"Microsoft-Windows-Sysmon/Operational","Domain":"NT AUTHORITY","AccountName":"SYSTEM","UserID":"S-1-5-18","AccountType":"User","Message":"Image loaded:\r\nRuleName: technique_id=T1055,technique_name=Process Injection\r\nUtcTime: 2022-07-08 13:42:26.637\r\nProcessGuid: {6b7cbb53-343f-62c8-f300-000000000e00}\r\nProcessId: 2744\r\nImage: C:\\Windows\\System32\\WindowsPowerShell\\v1.0\\powershell.exe\r\nImageLoaded: C:\\Windows\\Microsoft.NET\\Framework64\\v4.0.30319\\clrjit.dll\r\nFileVersion: 4.8.4515.0 built by: NET48REL1LAST_C\r\nDescription: Microsoft .NET Runtime Just-In-Time Compiler\r\nProduct: Microsoft® .NET Framework\r\nCompany: Microsoft Corporation\r\nOriginalFileName: clrjit.dll\r\nHashes: SHA1=C3E3D29C6A448F47B2D463DC0D974D939B773C6C,MD5=C5D469C303E0AA87A2C9DF1730B7C4C4,SHA256=8A3CD3CF2249E9971806B15C75A892E6A44CCA5FF5EA5CA89FDA951CD2C09AA9,IMPHASH=9F2B44B648DE13A18C1ABC07250B85C2\r\nSigned: true\r\nSignature: Microsoft Corporation\r\nSignatureStatus: Valid\r\nUser: STACKEDPADS\\tim.smith","Category":"Image loaded (rule: ImageLoad)","Opcode":"Info","RuleName":"technique_id=T1055,technique_name=Process Injection","UtcTime":"2022-07-08 13:42:26.637","ProcessGuid":"{6b7cbb53-343f-62c8-f300-000000000e00}","Image":"C:\\Windows\\System32\\WindowsPowerShell\\v1.0\\powershell.exe","ImageLoaded":"C:\\Windows\\Microsoft.NET\\Framework64\\v4.0.30319\\clrjit.dll","FileVersion":"4.8.4515.0 built by: NET48REL1LAST_C","Description":"Microsoft .NET Runtime Just-In-Time Compiler","Product":"Microsoft® .NET Framework","Company":"Microsoft Corporation","OriginalFileName":"clrjit.dll","Hashes":"SHA1=C3E3D29C6A448F47B2D463DC0D974D939B773C6C,MD5=C5D469C303E0AA87A2C9DF1730B7C4C4,SHA256=8A3CD3CF2249E9971806B15C75A892E6A44CCA5FF5EA5CA89FDA951CD2C09AA9,IMPHASH=9F2B44B648DE13A18C1ABC07250B85C2","Signed":"true","Signature":"Microsoft Corporation","SignatureStatus":"Valid","User":"STACKEDPADS\\tim.smith","EventReceivedTime":1657287748,"SourceModuleName":"in_sysmon","SourceModuleType":"im_msvistalog"}
<14>Jul  8 13:42:29 activedir.stackedpads.local Microsoft-Windows-Sysmon[3224]: {"EventTime":1657287747,"Hostname":"activedir.stackedpads.local","Keywords":-9223372036854775808,"EventType":"INFO","SeverityValue":2,"Severity":"INFO","EventID":12,"SourceName":"Microsoft-Windows-Sysmon","ProviderGuid":"{5770385F-C22A-43E0-BF4C-06F5698FFBD9}","Version":2,"Task":12,"OpcodeValue":0,"RecordNumber":278380,"ProcessID":3224,"ThreadID":4128,"Channel":"Microsoft-Windows-Sysmon/Operational","Domain":"NT AUTHORITY","AccountName":"SYSTEM","UserID":"S-1-5-18","AccountType":"User","Message":"Registry object added or deleted:\r\nRuleName: technique_id=T1543,technique_name=Service Creation\r\nEventType: CreateKey\r\nUtcTime: 2022-07-08 13:42:27.703\r\nProcessGuid: {3be6fa21-31d0-62c8-4a00-000000001100}\r\nProcessId: 812\r\nImage: C:\\Windows\\system32\\DFSRs.exe\r\nTargetObject: HKLM\\System\\CurrentControlSet\\Services\\DFSR\\Access Checks\\Replication Groups\\A9602E73-B222-4385-BF91-B9AA652956A4\r\nUser: NT AUTHORITY\\SYSTEM","Category":"Registry object added or deleted (rule: RegistryEvent)","Opcode":"Info","RuleName":"technique_id=T1543,technique_name=Service Creation","UtcTime":"2022-07-08 13:42:27.703","ProcessGuid":"{3be6fa21-31d0-62c8-4a00-000000001100}","Image":"C:\\Windows\\system32\\DFSRs.exe","TargetObject":"HKLM\\System\\CurrentControlSet\\Services\\DFSR\\Access Checks\\Replication Groups\\A9602E73-B222-4385-BF91-B9AA652956A4","User":"NT AUTHORITY\\SYSTEM","EventReceivedTime":1657287749,"SourceModuleName":"in_sysmon","SourceModuleType":"im_msvistalog"}
<14>Jul  8 13:42:29 activedir.stackedpads.local Microsoft-Windows-Sysmon[3224]: {"EventTime":1657287747,"Hostname":"activedir.stackedpads.local","Keywords":-9223372036854775808,"EventType":"INFO","SeverityValue":2,"Severity":"INFO","EventID":13,"SourceName":"Microsoft-Windows-Sysmon","ProviderGuid":"{5770385F-C22A-43E0-BF4C-06F5698FFBD9}","Version":2,"Task":13,"OpcodeValue":0,"RecordNumber":278378,"ProcessID":3224,"ThreadID":4128,"Channel":"Microsoft-Windows-Sysmon/Operational","Domain":"NT AUTHORITY","AccountName":"SYSTEM","UserID":"S-1-5-18","AccountType":"User","Message":"Registry value set:\r\nRuleName: technique_id=T1543,technique_name=Service Creation\r\nEventType: SetValue\r\nUtcTime: 2022-07-08 13:42:27.703\r\nProcessGuid: {3be6fa21-31d0-62c8-4a00-000000001100}\r\nProcessId: 812\r\nImage: C:\\Windows\\system32\\DFSRs.exe\r\nTargetObject: HKLM\\System\\CurrentControlSet\\Services\\DFSR\\Parameters\\Replication Groups\\A9602E73-B222-4385-BF91-B9AA652956A4\\Replica Set Configuration File\r\nDetails: \\\\?\\C:\\System Volume Information\\DFSR\\Config\\Replica_A9602E73-B222-4385-BF91-B9AA652956A4.XML\r\nUser: NT AUTHORITY\\SYSTEM","Category":"Registry value set (rule: RegistryEvent)","Opcode":"Info","RuleName":"technique_id=T1543,technique_name=Service Creation","UtcTime":"2022-07-08 13:42:27.703","ProcessGuid":"{3be6fa21-31d0-62c8-4a00-000000001100}","Image":"C:\\Windows\\system32\\DFSRs.exe","TargetObject":"HKLM\\System\\CurrentControlSet\\Services\\DFSR\\Parameters\\Replication Groups\\A9602E73-B222-4385-BF91-B9AA652956A4\\Replica Set Configuration File","Details":"\\\\?\\C:\\System Volume Information\\DFSR\\Config\\Replica_A9602E73-B222-4385-BF91-B9AA652956A4.XML","User":"NT AUTHORITY\\SYSTEM","EventReceivedTime":1657287749,"SourceModuleName":"in_sysmon","SourceModuleType":"im_msvistalog"}
<14>Jul  8 13:42:29 activedir.stackedpads.local Microsoft-Windows-Sysmon[3224]: {"EventTime":1657287747,"Hostname":"activedir.stackedpads.local","Keywords":-9223372036854775808,"EventType":"INFO","SeverityValue":2,"Severity":"INFO","EventID":13,"SourceName":"Microsoft-Windows-Sysmon","ProviderGuid":"{5770385F-C22A-43E0-BF4C-06F5698FFBD9}","Version":2,"Task":13,"OpcodeValue":0,"RecordNumber":278383,"ProcessID":3224,"ThreadID":4128,"Channel":"Microsoft-Windows-Sysmon/Operational","Domain":"NT AUTHORITY","AccountName":"SYSTEM","UserID":"S-1-5-18","AccountType":"User","Message":"Registry value set:\r\nRuleName: technique_id=T1543,technique_name=Service Creation\r\nEventType: SetValue\r\nUtcTime: 2022-07-08 13:42:27.703\r\nProcessGuid: {3be6fa21-31d0-62c8-4a00-000000001100}\r\nProcessId: 812\r\nImage: C:\\Windows\\system32\\DFSRs.exe\r\nTargetObject: HKLM\\System\\CurrentControlSet\\Services\\DFSR\\Parameters\\Volumes\\31F91E61-3D12-4512-996A-A18A5DC0DBEC\\Volume Configuration File\r\nDetails: \\\\.\\C:\\System Volume Information\\DFSR\\Config\\Volume_31F91E61-3D12-4512-996A-A18A5DC0DBEC.XML\r\nUser: NT AUTHORITY\\SYSTEM","Category":"Registry value set (rule: RegistryEvent)","Opcode":"Info","RuleName":"technique_id=T1543,technique_name=Service Creation","UtcTime":"2022-07-08 13:42:27.703","ProcessGuid":"{3be6fa21-31d0-62c8-4a00-000000001100}","Image":"C:\\Windows\\system32\\DFSRs.exe","TargetObject":"HKLM\\System\\CurrentControlSet\\Services\\DFSR\\Parameters\\Volumes\\31F91E61-3D12-4512-996A-A18A5DC0DBEC\\Volume Configuration File","Details":"\\\\.\\C:\\System Volume Information\\DFSR\\Config\\Volume_31F91E61-3D12-4512-996A-A18A5DC0DBEC.XML","User":"NT AUTHORITY\\SYSTEM","EventReceivedTime":1657287749,"SourceModuleName":"in_sysmon","SourceModuleType":"im_msvistalog"}
<14>Jul  8 13:42:29 activedir.stackedpads.local Microsoft-Windows-Sysmon[3224]: {"EventTime":1657287747,"Hostname":"activedir.stackedpads.local","Keywords":-9223372036854775808,"EventType":"INFO","SeverityValue":2,"Severity":"INFO","EventID":12,"SourceName":"Microsoft-Windows-Sysmon","ProviderGuid":"{5770385F-C22A-43E0-BF4C-06F5698FFBD9}","Version":2,"Task":12,"OpcodeValue":0,"RecordNumber":278382,"ProcessID":3224,"ThreadID":4128,"Channel":"Microsoft-Windows-Sysmon/Operational","Domain":"NT AUTHORITY","AccountName":"SYSTEM","UserID":"S-1-5-18","AccountType":"User","Message":"Registry object added or deleted:\r\nRuleName: technique_id=T1543,technique_name=Service Creation\r\nEventType: CreateKey\r\nUtcTime: 2022-07-08 13:42:27.703\r\nProcessGuid: {3be6fa21-31d0-62c8-4a00-000000001100}\r\nProcessId: 812\r\nImage: C:\\Windows\\system32\\DFSRs.exe\r\nTargetObject: HKLM\\System\\CurrentControlSet\\Services\\DFSR\\Parameters\\Volumes\\31F91E61-3D12-4512-996A-A18A5DC0DBEC\r\nUser: NT AUTHORITY\\SYSTEM","Category":"Registry object added or deleted (rule: RegistryEvent)","Opcode":"Info","RuleName":"technique_id=T1543,technique_name=Service Creation","UtcTime":"2022-07-08 13:42:27.703","ProcessGuid":"{3be6fa21-31d0-62c8-4a00-000000001100}","Image":"C:\\Windows\\system32\\DFSRs.exe","TargetObject":"HKLM\\System\\CurrentControlSet\\Services\\DFSR\\Parameters\\Volumes\\31F91E61-3D12-4512-996A-A18A5DC0DBEC","User":"NT AUTHORITY\\SYSTEM","EventReceivedTime":1657287749,"SourceModuleName":"in_sysmon","SourceModuleType":"im_msvistalog"}
<14>Jul  8 13:42:29 activedir.stackedpads.local Microsoft-Windows-Sysmon[3224]: {"EventTime":1657287747,"Hostname":"activedir.stackedpads.local","Keywords":-9223372036854775808,"EventType":"INFO","SeverityValue":2,"Severity":"INFO","EventID":12,"SourceName":"Microsoft-Windows-Sysmon","ProviderGuid":"{5770385F-C22A-43E0-BF4C-06F5698FFBD9}","Version":2,"Task":12,"OpcodeValue":0,"RecordNumber":278377,"ProcessID":3224,"ThreadID":4128,"Channel":"Microsoft-Windows-Sysmon/Operational","Domain":"NT AUTHORITY","AccountName":"SYSTEM","UserID":"S-1-5-18","AccountType":"User","Message":"Registry object added or deleted:\r\nRuleName: technique_id=T1543,technique_name=Service Creation\r\nEventType: CreateKey\r\nUtcTime: 2022-07-08 13:42:27.703\r\nProcessGuid: {3be6fa21-31d0-62c8-4a00-000000001100}\r\nProcessId: 812\r\nImage: C:\\Windows\\system32\\DFSRs.exe\r\nTargetObject: HKLM\\System\\CurrentControlSet\\Services\\DFSR\\Parameters\\Replication Groups\\A9602E73-B222-4385-BF91-B9AA652956A4\r\nUser: NT AUTHORITY\\SYSTEM","Category":"Registry object added or deleted (rule: RegistryEvent)","Opcode":"Info","RuleName":"technique_id=T1543,technique_name=Service Creation","UtcTime":"2022-07-08 13:42:27.703","ProcessGuid":"{3be6fa21-31d0-62c8-4a00-000000001100}","Image":"C:\\Windows\\system32\\DFSRs.exe","TargetObject":"HKLM\\System\\CurrentControlSet\\Services\\DFSR\\Parameters\\Replication Groups\\A9602E73-B222-4385-BF91-B9AA652956A4","User":"NT AUTHORITY\\SYSTEM","EventReceivedTime":1657287749,"SourceModuleName":"in_sysmon","SourceModuleType":"im_msvistalog"}
<14>Jul  8 13:42:29 activedir.stackedpads.local Microsoft-Windows-Sysmon[3224]: {"EventTime":1657287747,"Hostname":"activedir.stackedpads.local","Keywords":-9223372036854775808,"EventType":"INFO","SeverityValue":2,"Severity":"INFO","EventID":13,"SourceName":"Microsoft-Windows-Sysmon","ProviderGuid":"{5770385F-C22A-43E0-BF4C-06F5698FFBD9}","Version":2,"Task":13,"OpcodeValue":0,"RecordNumber":278379,"ProcessID":3224,"ThreadID":4128,"Channel":"Microsoft-Windows-Sysmon/Operational","Domain":"NT AUTHORITY","AccountName":"SYSTEM","UserID":"S-1-5-18","AccountType":"User","Message":"Registry value set:\r\nRuleName: technique_id=T1543,technique_name=Service Creation\r\nEventType: SetValue\r\nUtcTime: 2022-07-08 13:42:27.703\r\nProcessGuid: {3be6fa21-31d0-62c8-4a00-000000001100}\r\nProcessId: 812\r\nImage: C:\\Windows\\system32\\DFSRs.exe\r\nTargetObject: HKLM\\System\\CurrentControlSet\\Services\\DFSR\\Parameters\\Replication Groups\\A9602E73-B222-4385-BF91-B9AA652956A4\\Config Source\r\nDetails: DWORD (0x00000001)\r\nUser: NT AUTHORITY\\SYSTEM","Category":"Registry value set (rule: RegistryEvent)","Opcode":"Info","RuleName":"technique_id=T1543,technique_name=Service Creation","UtcTime":"2022-07-08 13:42:27.703","ProcessGuid":"{3be6fa21-31d0-62c8-4a00-000000001100}","Image":"C:\\Windows\\system32\\DFSRs.exe","TargetObject":"HKLM\\System\\CurrentControlSet\\Services\\DFSR\\Parameters\\Replication Groups\\A9602E73-B222-4385-BF91-B9AA652956A4\\Config Source","Details":"DWORD (0x00000001)","User":"NT AUTHORITY\\SYSTEM","EventReceivedTime":1657287749,"SourceModuleName":"in_sysmon","SourceModuleType":"im_msvistalog"}
