<14>Jul  8 13:45:21 wrk-shasek.stackedpads.local Microsoft-Windows-Sysmon[2568]: {"EventTime":1657287920,"Hostname":"wrk-shasek.stackedpads.local","Keywords":-9223372036854775808,"EventType":"INFO","SeverityValue":2,"Severity":"INFO","EventID":11,"SourceName":"Microsoft-Windows-Sysmon","ProviderGuid":"{5770385F-C22A-43E0-BF4C-06F5698FFBD9}","Version":2,"Task":11,"OpcodeValue":0,"RecordNumber":73028,"ProcessID":2568,"ThreadID":3284,"Channel":"Microsoft-Windows-Sysmon/Operational","Domain":"NT AUTHORITY","AccountName":"SYSTEM","UserID":"S-1-5-18","AccountType":"User","Message":"File created:\r\nRuleName: -\r\nUtcTime: 2022-07-08 13:45:20.105\r\nProcessGuid: {6b7cbb53-316d-62c8-1500-000000000e00}\r\nProcessId: 712\r\nImage: C:\\Windows\\System32\\svchost.exe\r\nTargetFilename: C:\\Windows\\Prefetch\\NOTEPAD.EXE-C5670914.pf\r\nCreationUtcTime: 2022-07-07 19:34:17.343\r\nUser: NT AUTHORITY\\SYSTEM","Category":"File created (rule: FileCreate)","Opcode":"Info","RuleName":"-","UtcTime":"2022-07-08 13:45:20.105","ProcessGuid":"{6b7cbb53-316d-62c8-1500-000000000e00}","Image":"C:\\Windows\\System32\\svchost.exe","TargetFilename":"C:\\Windows\\Prefetch\\NOTEPAD.EXE-C5670914.pf","CreationUtcTime":"2022-07-07 19:34:17.343","User":"NT AUTHORITY\\SYSTEM","EventReceivedTime":1657287921,"SourceModuleName":"in_sysmon","SourceModuleType":"im_msvistalog"}
<14>Jul  8 13:45:28 wrk-shasek.stackedpads.local Microsoft-Windows-Sysmon[2568]: {"EventTime":1657287927,"Hostname":"wrk-shasek.stackedpads.local","Keywords":-9223372036854775808,"EventType":"INFO","SeverityValue":2,"Severity":"INFO","EventID":7,"SourceName":"Microsoft-Windows-Sysmon","ProviderGuid":"{5770385F-C22A-43E0-BF4C-06F5698FFBD9}","Version":3,"Task":7,"OpcodeValue":0,"RecordNumber":73029,"ProcessID":2568,"ThreadID":3284,"Channel":"Microsoft-Windows-Sysmon/Operational","Domain":"NT AUTHORITY","AccountName":"SYSTEM","UserID":"S-1-5-18","AccountType":"User","Message":"Image loaded:\r\nRuleName: technique_id=T1053,technique_name=Scheduled Task\r\nUtcTime: 2022-07-08 13:45:27.230\r\nProcessGuid: {6b7cbb53-34f7-62c8-1101-000000000e00}\r\nProcessId: 4908\r\nImage: C:\\Windows\\System32\\taskhostw.exe\r\nImageLoaded: C:\\Windows\\System32\\taskschd.dll\r\nFileVersion: 10.0.19041.1266 (WinBuild.160101.0800)\r\nDescription: Task Scheduler COM API\r\nProduct: Microsoft® Windows® Operating System\r\nCompany: Microsoft Corporation\r\nOriginalFileName: taskschd.dll\r\nHashes: SHA1=27EFA81247501EBA6603842F476C899B5DAAB8C7,MD5=49E93FA14D4E09AAFD418AB616AD1BB1,SHA256=35E3F44C587DE8BFF62095E768C77E12E2C522FB7EFD038FFFCC0DD2AE960A57,IMPHASH=B7A4477FA36E2E5287EE76AC4AFCB05B\r\nSigned: true\r\nSignature: Microsoft Windows\r\nSignatureStatus: Valid\r\nUser: NT AUTHORITY\\SYSTEM","Category":"Image loaded (rule: ImageLoad)","Opcode":"Info","RuleName":"technique_id=T1053,technique_name=Scheduled Task","UtcTime":"2022-07-08 13:45:27.230","ProcessGuid":"{6b7cbb53-34f7-62c8-1101-000000000e00}","Image":"C:\\Windows\\System32\\taskhostw.exe","ImageLoaded":"C:\\Windows\\System32\\taskschd.dll","FileVersion":"10.0.19041.1266 (WinBuild.160101.0800)","Description":"Task Scheduler COM API","Product":"Microsoft® Windows® Operating System","Company":"Microsoft Corporation","OriginalFileName":"taskschd.dll","Hashes":"SHA1=27EFA81247501EBA6603842F476C899B5DAAB8C7,MD5=49E93FA14D4E09AAFD418AB616AD1BB1,SHA256=35E3F44C587DE8BFF62095E768C77E12E2C522FB7EFD038FFFCC0DD2AE960A57,IMPHASH=B7A4477FA36E2E5287EE76AC4AFCB05B","Signed":"true","Signature":"Microsoft Windows","SignatureStatus":"Valid","User":"NT AUTHORITY\\SYSTEM","EventReceivedTime":1657287928,"SourceModuleName":"in_sysmon","SourceModuleType":"im_msvistalog"}
<14>Jul  8 13:45:39 wrk-shasek.stackedpads.local Microsoft-Windows-Sysmon[2568]: {"EventTime":1657287938,"Hostname":"wrk-shasek.stackedpads.local","Keywords":-9223372036854775808,"EventType":"INFO","SeverityValue":2,"Severity":"INFO","EventID":1,"SourceName":"Microsoft-Windows-Sysmon","ProviderGuid":"{5770385F-C22A-43E0-BF4C-06F5698FFBD9}","Version":5,"Task":1,"OpcodeValue":0,"RecordNumber":73030,"ProcessID":2568,"ThreadID":3284,"Channel":"Microsoft-Windows-Sysmon/Operational","Domain":"NT AUTHORITY","AccountName":"SYSTEM","UserID":"S-1-5-18","AccountType":"User","Message":"Process Create:\r\nRuleName: technique_id=T1031,technique_name=Modify Existing Service\r\nUtcTime: 2022-07-08 13:45:38.111\r\nProcessGuid: {6b7cbb53-3502-62c8-1201-000000000e00}\r\nProcessId: 6732\r\nImage: C:\\Windows\\System32\\sc.exe\r\nFileVersion: 10.0.19041.1 (WinBuild.160101.0800)\r\nDescription: Service Control Manager Configuration Tool\r\nProduct: Microsoft® Windows® Operating System\r\nCompany: Microsoft Corporation\r\nOriginalFileName: sc.exe\r\nCommandLine: C:\\Windows\\system32\\sc.exe start wuauserv\r\nCurrentDirectory: C:\\Windows\\system32\\\r\nUser: NT AUTHORITY\\SYSTEM\r\nLogonGuid: {6b7cbb53-316c-62c8-e703-000000000000}\r\nLogonId: 0x3E7\r\nTerminalSessionId: 0\r\nIntegrityLevel: System\r\nHashes: SHA1=B4979A9F970029889713D756C3F123643DDE73DA,MD5=3FB5CF71F7E7EB49790CB0E663434D80,SHA256=41F067C3A11B02FE39947F9EBA68AE5C7CB5BD1872A6009A4CD1506554A9ABA9,IMPHASH=803254E010814E69947095A2725B2AFD\r\nParentProcessGuid: {6b7cbb53-316d-62c8-1300-000000000e00}\r\nParentProcessId: 396\r\nParentImage: C:\\Windows\\System32\\svchost.exe\r\nParentCommandLine: C:\\Windows\\system32\\svchost.exe -k netsvcs -p\r\nParentUser: NT AUTHORITY\\SYSTEM","Category":"Process Create (rule: ProcessCreate)","Opcode":"Info","RuleName":"technique_id=T1031,technique_name=Modify Existing Service","UtcTime":"2022-07-08 13:45:38.111","ProcessGuid":"{6b7cbb53-3502-62c8-1201-000000000e00}","Image":"C:\\Windows\\System32\\sc.exe","FileVersion":"10.0.19041.1 (WinBuild.160101.0800)","Description":"Service Control Manager Configuration Tool","Product":"Microsoft® Windows® Operating System","Company":"Microsoft Corporation","OriginalFileName":"sc.exe","CommandLine":"C:\\Windows\\system32\\sc.exe start wuauserv","CurrentDirectory":"C:\\Windows\\system32\\","User":"NT AUTHORITY\\SYSTEM","LogonGuid":"{6b7cbb53-316c-62c8-e703-000000000000}","LogonId":"0x3e7","TerminalSessionId":"0","IntegrityLevel":"System","Hashes":"SHA1=B4979A9F970029889713D756C3F123643DDE73DA,MD5=3FB5CF71F7E7EB49790CB0E663434D80,SHA256=41F067C3A11B02FE39947F9EBA68AE5C7CB5BD1872A6009A4CD1506554A9ABA9,IMPHASH=803254E010814E69947095A2725B2AFD","ParentProcessGuid":"{6b7cbb53-316d-62c8-1300-000000000e00}","ParentProcessId":"396","ParentImage":"C:\\Windows\\System32\\svchost.exe","ParentCommandLine":"C:\\Windows\\system32\\svchost.exe -k netsvcs -p","ParentUser":"NT AUTHORITY\\SYSTEM","EventReceivedTime":1657287939,"SourceModuleName":"in_sysmon","SourceModuleType":"im_msvistalog"}
<14>Jul  8 13:45:53 activedir.stackedpads.local Microsoft-Windows-Sysmon[3224]: {"EventTime":1657287951,"Hostname":"activedir.stackedpads.local","Keywords":-9223372036854775808,"EventType":"INFO","SeverityValue":2,"Severity":"INFO","EventID":11,"SourceName":"Microsoft-Windows-Sysmon","ProviderGuid":"{5770385F-C22A-43E0-BF4C-06F5698FFBD9}","Version":2,"Task":11,"OpcodeValue":0,"RecordNumber":278406,"ProcessID":3224,"ThreadID":4128,"Channel":"Microsoft-Windows-Sysmon/Operational","Domain":"NT AUTHORITY","AccountName":"SYSTEM","UserID":"S-1-5-18","AccountType":"User","Message":"File created:\r\nRuleName: -\r\nUtcTime: 2022-07-08 13:45:51.268\r\nProcessGuid: {3be6fa21-31c6-62c8-1c00-000000001100}\r\nProcessId: 1292\r\nImage: C:\\Windows\\System32\\svchost.exe\r\nTargetFilename: C:\\Windows\\ServiceState\\EventLog\\Data\\lastalive0.dat\r\nCreationUtcTime: 2022-07-08 13:31:50.928\r\nUser: NT AUTHORITY\\LOCAL SERVICE","Category":"File created (rule: FileCreate)","Opcode":"Info","RuleName":"-","UtcTime":"2022-07-08 13:45:51.268","ProcessGuid":"{3be6fa21-31c6-62c8-1c00-000000001100}","Image":"C:\\Windows\\System32\\svchost.exe","TargetFilename":"C:\\Windows\\ServiceState\\EventLog\\Data\\lastalive0.dat","CreationUtcTime":"2022-07-08 13:31:50.928","User":"NT AUTHORITY\\LOCAL SERVICE","EventReceivedTime":1657287953,"SourceModuleName":"in_sysmon","SourceModuleType":"im_msvistalog"}
<14>Jul  8 13:46:04 wrk-shasek.stackedpads.local Microsoft-Windows-Sysmon[2568]: {"EventTime":1657287963,"Hostname":"wrk-shasek.stackedpads.local","Keywords":-9223372036854775808,"EventType":"INFO","SeverityValue":2,"Severity":"INFO","EventID":11,"SourceName":"Microsoft-Windows-Sysmon","ProviderGuid":"{5770385F-C22A-43E0-BF4C-06F5698FFBD9}","Version":2,"Task":11,"OpcodeValue":0,"RecordNumber":73031,"ProcessID":2568,"ThreadID":3284,"Channel":"Microsoft-Windows-Sysmon/Operational","Domain":"NT AUTHORITY","AccountName":"SYSTEM","UserID":"S-1-5-18","AccountType":"User","Message":"File created:\r\nRuleName: -\r\nUtcTime: 2022-07-08 13:46:03.027\r\nProcessGuid: {6b7cbb53-342d-62c8-e300-000000000e00}\r\nProcessId: 2528\r\nImage: C:\\Windows\\SystemApps\\Microsoft.Windows.Search_cw5n1h2txyewy\\SearchApp.exe\r\nTargetFilename: C:\\Users\\tim.smith\\AppData\\Local\\Packages\\Microsoft.Windows.Search_cw5n1h2txyewy\\AC\\Microsoft\\Internet Explorer\\DOMStore\\STV51JGU\\www.bing[1].xml\r\nCreationUtcTime: 2022-07-07 19:18:29.937\r\nUser: STACKEDPADS\\tim.smith","Category":"File created (rule: FileCreate)","Opcode":"Info","RuleName":"-","UtcTime":"2022-07-08 13:46:03.027","ProcessGuid":"{6b7cbb53-342d-62c8-e300-000000000e00}","Image":"C:\\Windows\\SystemApps\\Microsoft.Windows.Search_cw5n1h2txyewy\\SearchApp.exe","TargetFilename":"C:\\Users\\tim.smith\\AppData\\Local\\Packages\\Microsoft.Windows.Search_cw5n1h2txyewy\\AC\\Microsoft\\Internet Explorer\\DOMStore\\STV51JGU\\www.bing[1].xml","CreationUtcTime":"2022-07-07 19:18:29.937","User":"STACKEDPADS\\tim.smith","EventReceivedTime":1657287964,"SourceModuleName":"in_sysmon","SourceModuleType":"im_msvistalog"}
<14>Jul  8 13:46:05 wrk-shasek.stackedpads.local Microsoft-Windows-Sysmon[2568]: {"EventTime":1657287964,"Hostname":"wrk-shasek.stackedpads.local","Keywords":-9223372036854775808,"EventType":"INFO","SeverityValue":2,"Severity":"INFO","EventID":11,"SourceName":"Microsoft-Windows-Sysmon","ProviderGuid":"{5770385F-C22A-43E0-BF4C-06F5698FFBD9}","Version":2,"Task":11,"OpcodeValue":0,"RecordNumber":73032,"ProcessID":2568,"ThreadID":3284,"Channel":"Microsoft-Windows-Sysmon/Operational","Domain":"NT AUTHORITY","AccountName":"SYSTEM","UserID":"S-1-5-18","AccountType":"User","Message":"File created:\r\nRuleName: -\r\nUtcTime: 2022-07-08 13:46:04.199\r\nProcessGuid: {6b7cbb53-342d-62c8-e300-000000000e00}\r\nProcessId: 2528\r\nImage: C:\\Windows\\SystemApps\\Microsoft.Windows.Search_cw5n1h2txyewy\\SearchApp.exe\r\nTargetFilename: C:\\Users\\tim.smith\\AppData\\Local\\Packages\\Microsoft.Windows.Search_cw5n1h2txyewy\\AC\\Microsoft\\Internet Explorer\\DOMStore\\STV51JGU\\www.bing[1].xml\r\nCreationUtcTime: 2022-07-07 19:18:29.937\r\nUser: STACKEDPADS\\tim.smith","Category":"File created (rule: FileCreate)","Opcode":"Info","RuleName":"-","UtcTime":"2022-07-08 13:46:04.199","ProcessGuid":"{6b7cbb53-342d-62c8-e300-000000000e00}","Image":"C:\\Windows\\SystemApps\\Microsoft.Windows.Search_cw5n1h2txyewy\\SearchApp.exe","TargetFilename":"C:\\Users\\tim.smith\\AppData\\Local\\Packages\\Microsoft.Windows.Search_cw5n1h2txyewy\\AC\\Microsoft\\Internet Explorer\\DOMStore\\STV51JGU\\www.bing[1].xml","CreationUtcTime":"2022-07-07 19:18:29.937","User":"STACKEDPADS\\tim.smith","EventReceivedTime":1657287965,"SourceModuleName":"in_sysmon","SourceModuleType":"im_msvistalog"}
<14>Jul  8 13:46:06 wrk-shasek.stackedpads.local Microsoft-Windows-Sysmon[2568]: {"EventTime":1657287965,"Hostname":"wrk-shasek.stackedpads.local","Keywords":-9223372036854775808,"EventType":"INFO","SeverityValue":2,"Severity":"INFO","EventID":11,"SourceName":"Microsoft-Windows-Sysmon","ProviderGuid":"{5770385F-C22A-43E0-BF4C-06F5698FFBD9}","Version":2,"Task":11,"OpcodeValue":0,"RecordNumber":73033,"ProcessID":2568,"ThreadID":3284,"Channel":"Microsoft-Windows-Sysmon/Operational","Domain":"NT AUTHORITY","AccountName":"SYSTEM","UserID":"S-1-5-18","AccountType":"User","Message":"File created:\r\nRuleName: -\r\nUtcTime: 2022-07-08 13:46:05.887\r\nProcessGuid: {6b7cbb53-342d-62c8-e300-000000000e00}\r\nProcessId: 2528\r\nImage: C:\\Windows\\SystemApps\\Microsoft.Windows.Search_cw5n1h2txyewy\\SearchApp.exe\r\nTargetFilename: C:\\Users\\tim.smith\\AppData\\Local\\Packages\\Microsoft.Windows.Search_cw5n1h2txyewy\\AC\\INetCache\\4O3E1HX1\\trans[8].gif\r\nCreationUtcTime: 2022-07-08 13:46:05.887\r\nUser: STACKEDPADS\\tim.smith","Category":"File created (rule: FileCreate)","Opcode":"Info","RuleName":"-","UtcTime":"2022-07-08 13:46:05.887","ProcessGuid":"{6b7cbb53-342d-62c8-e300-000000000e00}","Image":"C:\\Windows\\SystemApps\\Microsoft.Windows.Search_cw5n1h2txyewy\\SearchApp.exe","TargetFilename":"C:\\Users\\tim.smith\\AppData\\Local\\Packages\\Microsoft.Windows.Search_cw5n1h2txyewy\\AC\\INetCache\\4O3E1HX1\\trans[8].gif","CreationUtcTime":"2022-07-08 13:46:05.887","User":"STACKEDPADS\\tim.smith","EventReceivedTime":1657287966,"SourceModuleName":"in_sysmon","SourceModuleType":"im_msvistalog"}
<14>Jul  8 13:46:06 wrk-shasek.stackedpads.local Microsoft-Windows-Sysmon[2568]: {"EventTime":1657287965,"Hostname":"wrk-shasek.stackedpads.local","Keywords":-9223372036854775808,"EventType":"INFO","SeverityValue":2,"Severity":"INFO","EventID":11,"SourceName":"Microsoft-Windows-Sysmon","ProviderGuid":"{5770385F-C22A-43E0-BF4C-06F5698FFBD9}","Version":2,"Task":11,"OpcodeValue":0,"RecordNumber":73034,"ProcessID":2568,"ThreadID":3284,"Channel":"Microsoft-Windows-Sysmon/Operational","Domain":"NT AUTHORITY","AccountName":"SYSTEM","UserID":"S-1-5-18","AccountType":"User","Message":"File created:\r\nRuleName: -\r\nUtcTime: 2022-07-08 13:46:05.902\r\nProcessGuid: {6b7cbb53-342d-62c8-e300-000000000e00}\r\nProcessId: 2528\r\nImage: C:\\Windows\\SystemApps\\Microsoft.Windows.Search_cw5n1h2txyewy\\SearchApp.exe\r\nTargetFilename: C:\\Users\\tim.smith\\AppData\\Local\\Packages\\Microsoft.Windows.Search_cw5n1h2txyewy\\AC\\INetCache\\DMRNIG85\\trans[10].gif\r\nCreationUtcTime: 2022-07-08 13:46:05.902\r\nUser: STACKEDPADS\\tim.smith","Category":"File created (rule: FileCreate)","Opcode":"Info","RuleName":"-","UtcTime":"2022-07-08 13:46:05.902","ProcessGuid":"{6b7cbb53-342d-62c8-e300-000000000e00}","Image":"C:\\Windows\\SystemApps\\Microsoft.Windows.Search_cw5n1h2txyewy\\SearchApp.exe","TargetFilename":"C:\\Users\\tim.smith\\AppData\\Local\\Packages\\Microsoft.Windows.Search_cw5n1h2txyewy\\AC\\INetCache\\DMRNIG85\\trans[10].gif","CreationUtcTime":"2022-07-08 13:46:05.902","User":"STACKEDPADS\\tim.smith","EventReceivedTime":1657287966,"SourceModuleName":"in_sysmon","SourceModuleType":"im_msvistalog"}
<14>Jul  8 13:46:09 wrk-shasek.stackedpads.local Microsoft-Windows-Sysmon[2568]: {"EventTime":1657287968,"Hostname":"wrk-shasek.stackedpads.local","Keywords":-9223372036854775808,"EventType":"INFO","SeverityValue":2,"Severity":"INFO","EventID":11,"SourceName":"Microsoft-Windows-Sysmon","ProviderGuid":"{5770385F-C22A-43E0-BF4C-06F5698FFBD9}","Version":2,"Task":11,"OpcodeValue":0,"RecordNumber":73035,"ProcessID":2568,"ThreadID":3284,"Channel":"Microsoft-Windows-Sysmon/Operational","Domain":"NT AUTHORITY","AccountName":"SYSTEM","UserID":"S-1-5-18","AccountType":"User","Message":"File created:\r\nRuleName: -\r\nUtcTime: 2022-07-08 13:46:08.075\r\nProcessGuid: {6b7cbb53-342d-62c8-e300-000000000e00}\r\nProcessId: 2528\r\nImage: C:\\Windows\\SystemApps\\Microsoft.Windows.Search_cw5n1h2txyewy\\SearchApp.exe\r\nTargetFilename: C:\\Users\\tim.smith\\AppData\\Local\\Packages\\Microsoft.Windows.Search_cw5n1h2txyewy\\AC\\Microsoft\\Internet Explorer\\DOMStore\\STV51JGU\\www.bing[1].xml\r\nCreationUtcTime: 2022-07-07 19:18:29.937\r\nUser: STACKEDPADS\\tim.smith","Category":"File created (rule: FileCreate)","Opcode":"Info","RuleName":"-","UtcTime":"2022-07-08 13:46:08.075","ProcessGuid":"{6b7cbb53-342d-62c8-e300-000000000e00}","Image":"C:\\Windows\\SystemApps\\Microsoft.Windows.Search_cw5n1h2txyewy\\SearchApp.exe","TargetFilename":"C:\\Users\\tim.smith\\AppData\\Local\\Packages\\Microsoft.Windows.Search_cw5n1h2txyewy\\AC\\Microsoft\\Internet Explorer\\DOMStore\\STV51JGU\\www.bing[1].xml","CreationUtcTime":"2022-07-07 19:18:29.937","User":"STACKEDPADS\\tim.smith","EventReceivedTime":1657287969,"SourceModuleName":"in_sysmon","SourceModuleType":"im_msvistalog"}
<14>Jul  8 13:46:28 wrk-shasek.stackedpads.local Microsoft-Windows-Sysmon[2568]: {"EventTime":1657287986,"Hostname":"wrk-shasek.stackedpads.local","Keywords":-9223372036854775808,"EventType":"INFO","SeverityValue":2,"Severity":"INFO","EventID":22,"SourceName":"Microsoft-Windows-Sysmon","ProviderGuid":"{5770385F-C22A-43E0-BF4C-06F5698FFBD9}","Version":5,"Task":22,"OpcodeValue":0,"RecordNumber":73036,"ProcessID":2568,"ThreadID":3360,"Channel":"Microsoft-Windows-Sysmon/Operational","Domain":"NT AUTHORITY","AccountName":"SYSTEM","UserID":"S-1-5-18","AccountType":"User","Message":"Dns query:\r\nRuleName: -\r\nUtcTime: 2022-07-08 13:46:25.067\r\nProcessGuid: {6b7cbb53-316e-62c8-1c00-000000000e00}\r\nProcessId: 1392\r\nQueryName: logging.googleapis.com\r\nQueryStatus: 0\r\nQueryResults: ::ffff:64.233.191.95;\r\nImage: C:\\Program Files\\Google\\Compute Engine\\agent\\GCEWindowsAgent.exe\r\nUser: NT AUTHORITY\\SYSTEM","Category":"Dns query (rule: DnsQuery)","Opcode":"Info","RuleName":"-","UtcTime":"2022-07-08 13:46:25.067","ProcessGuid":"{6b7cbb53-316e-62c8-1c00-000000000e00}","QueryName":"logging.googleapis.com","QueryStatus":"0","QueryResults":"::ffff:64.233.191.95;","Image":"C:\\Program Files\\Google\\Compute Engine\\agent\\GCEWindowsAgent.exe","User":"NT AUTHORITY\\SYSTEM","EventReceivedTime":1657287988,"SourceModuleName":"in_sysmon","SourceModuleType":"im_msvistalog"}
<14>Jul  8 13:46:29 wrk-shasek.stackedpads.local Microsoft-Windows-Sysmon[2568]: {"EventTime":1657287987,"Hostname":"wrk-shasek.stackedpads.local","Keywords":-9223372036854775808,"EventType":"INFO","SeverityValue":2,"Severity":"INFO","EventID":22,"SourceName":"Microsoft-Windows-Sysmon","ProviderGuid":"{5770385F-C22A-43E0-BF4C-06F5698FFBD9}","Version":5,"Task":22,"OpcodeValue":0,"RecordNumber":73037,"ProcessID":2568,"ThreadID":3360,"Channel":"Microsoft-Windows-Sysmon/Operational","Domain":"NT AUTHORITY","AccountName":"SYSTEM","UserID":"S-1-5-18","AccountType":"User","Message":"Dns query:\r\nRuleName: -\r\nUtcTime: 2022-07-08 13:46:25.127\r\nProcessGuid: {6b7cbb53-316e-62c8-1d00-000000000e00}\r\nProcessId: 1408\r\nQueryName: logging.googleapis.com\r\nQueryStatus: 0\r\nQueryResults: ::ffff:64.233.191.95;\r\nImage: C:\\Program Files\\Google\\OSConfig\\google_osconfig_agent.exe\r\nUser: NT AUTHORITY\\SYSTEM","Category":"Dns query (rule: DnsQuery)","Opcode":"Info","RuleName":"-","UtcTime":"2022-07-08 13:46:25.127","ProcessGuid":"{6b7cbb53-316e-62c8-1d00-000000000e00}","QueryName":"logging.googleapis.com","QueryStatus":"0","QueryResults":"::ffff:64.233.191.95;","Image":"C:\\Program Files\\Google\\OSConfig\\google_osconfig_agent.exe","User":"NT AUTHORITY\\SYSTEM","EventReceivedTime":1657287989,"SourceModuleName":"in_sysmon","SourceModuleType":"im_msvistalog"}
<14>Jul  8 13:46:52 activedir.stackedpads.local Microsoft-Windows-Sysmon[3224]: {"EventTime":1657288011,"Hostname":"activedir.stackedpads.local","Keywords":-9223372036854775808,"EventType":"INFO","SeverityValue":2,"Severity":"INFO","EventID":11,"SourceName":"Microsoft-Windows-Sysmon","ProviderGuid":"{5770385F-C22A-43E0-BF4C-06F5698FFBD9}","Version":2,"Task":11,"OpcodeValue":0,"RecordNumber":278407,"ProcessID":3224,"ThreadID":4128,"Channel":"Microsoft-Windows-Sysmon/Operational","Domain":"NT AUTHORITY","AccountName":"SYSTEM","UserID":"S-1-5-18","AccountType":"User","Message":"File created:\r\nRuleName: -\r\nUtcTime: 2022-07-08 13:46:51.272\r\nProcessGuid: {3be6fa21-31c6-62c8-1c00-000000001100}\r\nProcessId: 1292\r\nImage: C:\\Windows\\System32\\svchost.exe\r\nTargetFilename: C:\\Windows\\ServiceState\\EventLog\\Data\\lastalive1.dat\r\nCreationUtcTime: 2022-07-08 13:32:50.943\r\nUser: NT AUTHORITY\\LOCAL SERVICE","Category":"File created (rule: FileCreate)","Opcode":"Info","RuleName":"-","UtcTime":"2022-07-08 13:46:51.272","ProcessGuid":"{3be6fa21-31c6-62c8-1c00-000000001100}","Image":"C:\\Windows\\System32\\svchost.exe","TargetFilename":"C:\\Windows\\ServiceState\\EventLog\\Data\\lastalive1.dat","CreationUtcTime":"2022-07-08 13:32:50.943","User":"NT AUTHORITY\\LOCAL SERVICE","EventReceivedTime":1657288012,"SourceModuleName":"in_sysmon","SourceModuleType":"im_msvistalog"}
<14>Jul  8 13:46:52 activedir.stackedpads.local Microsoft-Windows-Sysmon[3224]: {"EventTime":1657288012,"Hostname":"activedir.stackedpads.local","Keywords":-9223372036854775808,"EventType":"INFO","SeverityValue":2,"Severity":"INFO","EventID":12,"SourceName":"Microsoft-Windows-Sysmon","ProviderGuid":"{5770385F-C22A-43E0-BF4C-06F5698FFBD9}","Version":2,"Task":12,"OpcodeValue":0,"RecordNumber":278409,"ProcessID":3224,"ThreadID":4128,"Channel":"Microsoft-Windows-Sysmon/Operational","Domain":"NT AUTHORITY","AccountName":"SYSTEM","UserID":"S-1-5-18","AccountType":"User","Message":"Registry object added or deleted:\r\nRuleName: technique_id=T1543,technique_name=Service Creation\r\nEventType: CreateKey\r\nUtcTime: 2022-07-08 13:46:52.202\r\nProcessGuid: {3be6fa21-31c8-62c8-3900-000000001100}\r\nProcessId: 2568\r\nImage: C:\\Windows\\system32\\svchost.exe\r\nTargetObject: HKLM\\System\\CurrentControlSet\\Services\\SharedAccess\\Epoch2\r\nUser: NT AUTHORITY\\LOCAL SERVICE","Category":"Registry object added or deleted (rule: RegistryEvent)","Opcode":"Info","RuleName":"technique_id=T1543,technique_name=Service Creation","UtcTime":"2022-07-08 13:46:52.202","ProcessGuid":"{3be6fa21-31c8-62c8-3900-000000001100}","Image":"C:\\Windows\\system32\\svchost.exe","TargetObject":"HKLM\\System\\CurrentControlSet\\Services\\SharedAccess\\Epoch2","User":"NT AUTHORITY\\LOCAL SERVICE","EventReceivedTime":1657288012,"SourceModuleName":"in_sysmon","SourceModuleType":"im_msvistalog"}
<14>Jul  8 13:46:52 activedir.stackedpads.local Microsoft-Windows-Sysmon[3224]: {"EventTime":1657288012,"Hostname":"activedir.stackedpads.local","Keywords":-9223372036854775808,"EventType":"INFO","SeverityValue":2,"Severity":"INFO","EventID":13,"SourceName":"Microsoft-Windows-Sysmon","ProviderGuid":"{5770385F-C22A-43E0-BF4C-06F5698FFBD9}","Version":2,"Task":13,"OpcodeValue":0,"RecordNumber":278408,"ProcessID":3224,"ThreadID":4128,"Channel":"Microsoft-Windows-Sysmon/Operational","Domain":"NT AUTHORITY","AccountName":"SYSTEM","UserID":"S-1-5-18","AccountType":"User","Message":"Registry value set:\r\nRuleName: technique_id=T1543,technique_name=Service Creation\r\nEventType: SetValue\r\nUtcTime: 2022-07-08 13:46:52.202\r\nProcessGuid: {3be6fa21-31c6-62c8-1f00-000000001100}\r\nProcessId: 1344\r\nImage: C:\\Windows\\system32\\svchost.exe\r\nTargetObject: HKLM\\System\\CurrentControlSet\\Services\\SharedAccess\\Epoch2\\Epoch\r\nDetails: DWORD (0x0000001a)\r\nUser: NT AUTHORITY\\LOCAL SERVICE","Category":"Registry value set (rule: RegistryEvent)","Opcode":"Info","RuleName":"technique_id=T1543,technique_name=Service Creation","UtcTime":"2022-07-08 13:46:52.202","ProcessGuid":"{3be6fa21-31c6-62c8-1f00-000000001100}","Image":"C:\\Windows\\system32\\svchost.exe","TargetObject":"HKLM\\System\\CurrentControlSet\\Services\\SharedAccess\\Epoch2\\Epoch","Details":"DWORD (0x0000001a)","User":"NT AUTHORITY\\LOCAL SERVICE","EventReceivedTime":1657288012,"SourceModuleName":"in_sysmon","SourceModuleType":"im_msvistalog"}
<14>Jul  8 13:46:56 activedir.stackedpads.local Microsoft-Windows-Sysmon[3224]: {"EventTime":1657288015,"Hostname":"activedir.stackedpads.local","Keywords":-9223372036854775808,"EventType":"INFO","SeverityValue":2,"Severity":"INFO","EventID":3,"SourceName":"Microsoft-Windows-Sysmon","ProviderGuid":"{5770385F-C22A-43E0-BF4C-06F5698FFBD9}","Version":5,"Task":3,"OpcodeValue":0,"RecordNumber":278411,"ProcessID":3224,"ThreadID":3188,"Channel":"Microsoft-Windows-Sysmon/Operational","Domain":"NT AUTHORITY","AccountName":"SYSTEM","UserID":"S-1-5-18","AccountType":"User","Message":"Network connection detected:\r\nRuleName: technique_id=T1036,technique_name=Masquerading\r\nUtcTime: 2022-07-08 13:46:54.512\r\nProcessGuid: {3be6fa21-31d0-62c8-5500-000000001100}\r\nProcessId: 3312\r\nImage: C:\\ProgramData\\Microsoft\\Windows Defender\\Platform\\4.18.2205.7-0\\MsMpEng.exe\r\nUser: NT AUTHORITY\\SYSTEM\r\nProtocol: tcp\r\nInitiated: true\r\nSourceIsIpv6: false\r\nSourceIp: 10.1.0.4\r\nSourceHostname: -\r\nSourcePort: 49820\r\nSourcePortName: -\r\nDestinationIsIpv6: false\r\nDestinationIp: 13.91.129.128\r\nDestinationHostname: -\r\nDestinationPort: 443\r\nDestinationPortName: -","Category":"Network connection detected (rule: NetworkConnect)","Opcode":"Info","RuleName":"technique_id=T1036,technique_name=Masquerading","UtcTime":"2022-07-08 13:46:54.512","ProcessGuid":"{3be6fa21-31d0-62c8-5500-000000001100}","Image":"C:\\ProgramData\\Microsoft\\Windows Defender\\Platform\\4.18.2205.7-0\\MsMpEng.exe","User":"NT AUTHORITY\\SYSTEM","Protocol":"tcp","Initiated":"true","SourceIsIpv6":"false","SourceIp":"10.1.0.4","SourceHostname":"-","SourcePort":"49820","SourcePortName":"-","DestinationIsIpv6":"false","DestinationIp":"13.91.129.128","DestinationHostname":"-","DestinationPort":"443","DestinationPortName":"-","EventReceivedTime":1657288016,"SourceModuleName":"in_sysmon","SourceModuleType":"im_msvistalog"}
<14>Jul  8 13:46:56 activedir.stackedpads.local Microsoft-Windows-Sysmon[3224]: {"EventTime":1657288015,"Hostname":"activedir.stackedpads.local","Keywords":-9223372036854775808,"EventType":"INFO","SeverityValue":2,"Severity":"INFO","EventID":11,"SourceName":"Microsoft-Windows-Sysmon","ProviderGuid":"{5770385F-C22A-43E0-BF4C-06F5698FFBD9}","Version":2,"Task":11,"OpcodeValue":0,"RecordNumber":278410,"ProcessID":3224,"ThreadID":4128,"Channel":"Microsoft-Windows-Sysmon/Operational","Domain":"NT AUTHORITY","AccountName":"SYSTEM","UserID":"S-1-5-18","AccountType":"User","Message":"File created:\r\nRuleName: -\r\nUtcTime: 2022-07-08 13:46:55.187\r\nProcessGuid: {3be6fa21-31d0-62c8-5500-000000001100}\r\nProcessId: 3312\r\nImage: C:\\ProgramData\\Microsoft\\Windows Defender\\Platform\\4.18.2205.7-0\\MsMpEng.exe\r\nTargetFilename: C:\\ProgramData\\Microsoft\\Windows Defender\\Scans\\RtSigs\\Data\\5a7f0d99de3940b5fad4598f22d70c1020feb386\r\nCreationUtcTime: 2022-07-08 13:46:55.187\r\nUser: NT AUTHORITY\\SYSTEM","Category":"File created (rule: FileCreate)","Opcode":"Info","RuleName":"-","UtcTime":"2022-07-08 13:46:55.187","ProcessGuid":"{3be6fa21-31d0-62c8-5500-000000001100}","Image":"C:\\ProgramData\\Microsoft\\Windows Defender\\Platform\\4.18.2205.7-0\\MsMpEng.exe","TargetFilename":"C:\\ProgramData\\Microsoft\\Windows Defender\\Scans\\RtSigs\\Data\\5a7f0d99de3940b5fad4598f22d70c1020feb386","CreationUtcTime":"2022-07-08 13:46:55.187","User":"NT AUTHORITY\\SYSTEM","EventReceivedTime":1657288016,"SourceModuleName":"in_sysmon","SourceModuleType":"im_msvistalog"}
<14>Jul  8 13:47:03 activedir.stackedpads.local Microsoft-Windows-Sysmon[3224]: {"EventTime":1657288022,"Hostname":"activedir.stackedpads.local","Keywords":-9223372036854775808,"EventType":"INFO","SeverityValue":2,"Severity":"INFO","EventID":22,"SourceName":"Microsoft-Windows-Sysmon","ProviderGuid":"{5770385F-C22A-43E0-BF4C-06F5698FFBD9}","Version":5,"Task":22,"OpcodeValue":0,"RecordNumber":278413,"ProcessID":3224,"ThreadID":4252,"Channel":"Microsoft-Windows-Sysmon/Operational","Domain":"NT AUTHORITY","AccountName":"SYSTEM","UserID":"S-1-5-18","AccountType":"User","Message":"Dns query:\r\nRuleName: -\r\nUtcTime: 2022-07-08 13:46:59.828\r\nProcessGuid: {3be6fa21-31c3-62c8-0c00-000000001100}\r\nProcessId: 652\r\nQueryName: activedir.stackedpads.local\r\nQueryStatus: 0\r\nQueryResults: 10.1.0.4;\r\nImage: C:\\Windows\\System32\\lsass.exe\r\nUser: NT AUTHORITY\\SYSTEM","Category":"Dns query (rule: DnsQuery)","Opcode":"Info","RuleName":"-","UtcTime":"2022-07-08 13:46:59.828","ProcessGuid":"{3be6fa21-31c3-62c8-0c00-000000001100}","QueryName":"activedir.stackedpads.local","QueryStatus":"0","QueryResults":"10.1.0.4;","Image":"C:\\Windows\\System32\\lsass.exe","User":"NT AUTHORITY\\SYSTEM","EventReceivedTime":1657288023,"SourceModuleName":"in_sysmon","SourceModuleType":"im_msvistalog"}
<14>Jul  8 13:47:03 activedir.stackedpads.local Microsoft-Windows-Sysmon[3224]: {"EventTime":1657288022,"Hostname":"activedir.stackedpads.local","Keywords":-9223372036854775808,"EventType":"INFO","SeverityValue":2,"Severity":"INFO","EventID":22,"SourceName":"Microsoft-Windows-Sysmon","ProviderGuid":"{5770385F-C22A-43E0-BF4C-06F5698FFBD9}","Version":5,"Task":22,"OpcodeValue":0,"RecordNumber":278412,"ProcessID":3224,"ThreadID":4252,"Channel":"Microsoft-Windows-Sysmon/Operational","Domain":"NT AUTHORITY","AccountName":"SYSTEM","UserID":"S-1-5-18","AccountType":"User","Message":"Dns query:\r\nRuleName: -\r\nUtcTime: 2022-07-08 13:46:59.828\r\nProcessGuid: {3be6fa21-31c3-62c8-0c00-000000001100}\r\nProcessId: 652\r\nQueryName: activedir.stackedpads.local\r\nQueryStatus: 0\r\nQueryResults: fe80::5489:1501:58fa:5feb;\r\nImage: C:\\Windows\\System32\\lsass.exe\r\nUser: NT AUTHORITY\\SYSTEM","Category":"Dns query (rule: DnsQuery)","Opcode":"Info","RuleName":"-","UtcTime":"2022-07-08 13:46:59.828","ProcessGuid":"{3be6fa21-31c3-62c8-0c00-000000001100}","QueryName":"activedir.stackedpads.local","QueryStatus":"0","QueryResults":"fe80::5489:1501:58fa:5feb;","Image":"C:\\Windows\\System32\\lsass.exe","User":"NT AUTHORITY\\SYSTEM","EventReceivedTime":1657288023,"SourceModuleName":"in_sysmon","SourceModuleType":"im_msvistalog"}
<14>Jul  8 13:47:02 wrk-shasek.stackedpads.local Microsoft-Windows-Sysmon[2568]: {"EventTime":1657288020,"Hostname":"wrk-shasek.stackedpads.local","Keywords":-9223372036854775808,"EventType":"INFO","SeverityValue":2,"Severity":"INFO","EventID":13,"SourceName":"Microsoft-Windows-Sysmon","ProviderGuid":"{5770385F-C22A-43E0-BF4C-06F5698FFBD9}","Version":2,"Task":13,"OpcodeValue":0,"RecordNumber":73038,"ProcessID":2568,"ThreadID":3284,"Channel":"Microsoft-Windows-Sysmon/Operational","Domain":"NT AUTHORITY","AccountName":"SYSTEM","UserID":"S-1-5-18","AccountType":"User","Message":"Registry value set:\r\nRuleName: technique_id=T1543,technique_name=Service Creation\r\nEventType: SetValue\r\nUtcTime: 2022-07-08 13:47:00.762\r\nProcessGuid: {6b7cbb53-34e6-62c8-1001-000000000e00}\r\nProcessId: 5876\r\nImage: C:\\Windows\\system32\\notepad.exe\r\nTargetObject: HKLM\\System\\CurrentControlSet\\Services\\bam\\State\\UserSettings\\S-1-5-21-2264196694-1469429678-912427992-1107\\\\Device\\HarddiskVolume3\\Windows\\System32\\notepad.exe\r\nDetails: Binary Data\r\nUser: STACKEDPADS\\tim.smith","Category":"Registry value set (rule: RegistryEvent)","Opcode":"Info","RuleName":"technique_id=T1543,technique_name=Service Creation","UtcTime":"2022-07-08 13:47:00.762","ProcessGuid":"{6b7cbb53-34e6-62c8-1001-000000000e00}","Image":"C:\\Windows\\system32\\notepad.exe","TargetObject":"HKLM\\System\\CurrentControlSet\\Services\\bam\\State\\UserSettings\\S-1-5-21-2264196694-1469429678-912427992-1107\\\\Device\\HarddiskVolume3\\Windows\\System32\\notepad.exe","Details":"Binary Data","User":"STACKEDPADS\\tim.smith","EventReceivedTime":1657288022,"SourceModuleName":"in_sysmon","SourceModuleType":"im_msvistalog"}
<14>Jul  8 13:47:07 activedir.stackedpads.local Microsoft-Windows-Sysmon[3224]: {"EventTime":1657288026,"Hostname":"activedir.stackedpads.local","Keywords":-9223372036854775808,"EventType":"INFO","SeverityValue":2,"Severity":"INFO","EventID":22,"SourceName":"Microsoft-Windows-Sysmon","ProviderGuid":"{5770385F-C22A-43E0-BF4C-06F5698FFBD9}","Version":5,"Task":22,"OpcodeValue":0,"RecordNumber":278415,"ProcessID":3224,"ThreadID":4252,"Channel":"Microsoft-Windows-Sysmon/Operational","Domain":"NT AUTHORITY","AccountName":"SYSTEM","UserID":"S-1-5-18","AccountType":"User","Message":"Dns query:\r\nRuleName: -\r\nUtcTime: 2022-07-08 13:47:03.842\r\nProcessGuid: {3be6fa21-31c6-62c8-1700-000000001100}\r\nProcessId: 976\r\nQueryName: metadata.google.internal\r\nQueryStatus: 0\r\nQueryResults: ::ffff:169.254.169.254;\r\nImage: C:\\Windows\\System32\\svchost.exe\r\nUser: NT AUTHORITY\\LOCAL SERVICE","Category":"Dns query (rule: DnsQuery)","Opcode":"Info","RuleName":"-","UtcTime":"2022-07-08 13:47:03.842","ProcessGuid":"{3be6fa21-31c6-62c8-1700-000000001100}","QueryName":"metadata.google.internal","QueryStatus":"0","QueryResults":"::ffff:169.254.169.254;","Image":"C:\\Windows\\System32\\svchost.exe","User":"NT AUTHORITY\\LOCAL SERVICE","EventReceivedTime":1657288027,"SourceModuleName":"in_sysmon","SourceModuleType":"im_msvistalog"}
<14>Jul  8 13:47:05 activedir.stackedpads.local Microsoft-Windows-Sysmon[3224]: {"EventTime":1657288024,"Hostname":"activedir.stackedpads.local","Keywords":-9223372036854775808,"EventType":"INFO","SeverityValue":2,"Severity":"INFO","EventID":13,"SourceName":"Microsoft-Windows-Sysmon","ProviderGuid":"{5770385F-C22A-43E0-BF4C-06F5698FFBD9}","Version":2,"Task":13,"OpcodeValue":0,"RecordNumber":278414,"ProcessID":3224,"ThreadID":4128,"Channel":"Microsoft-Windows-Sysmon/Operational","Domain":"NT AUTHORITY","AccountName":"SYSTEM","UserID":"S-1-5-18","AccountType":"User","Message":"Registry value set:\r\nRuleName: technique_id=T1543,technique_name=Service Creation\r\nEventType: SetValue\r\nUtcTime: 2022-07-08 13:47:04.131\r\nProcessGuid: {3be6fa21-31c6-62c8-1700-000000001100}\r\nProcessId: 976\r\nImage: C:\\Windows\\system32\\svchost.exe\r\nTargetObject: HKLM\\System\\CurrentControlSet\\Services\\w32time\\Config\\LastKnownGoodTime\r\nDetails: QWORD (0x01d892d1-0x34eecae6)\r\nUser: NT AUTHORITY\\LOCAL SERVICE","Category":"Registry value set (rule: RegistryEvent)","Opcode":"Info","RuleName":"technique_id=T1543,technique_name=Service Creation","UtcTime":"2022-07-08 13:47:04.131","ProcessGuid":"{3be6fa21-31c6-62c8-1700-000000001100}","Image":"C:\\Windows\\system32\\svchost.exe","TargetObject":"HKLM\\System\\CurrentControlSet\\Services\\w32time\\Config\\LastKnownGoodTime","Details":"QWORD (0x01d892d1-0x34eecae6)","User":"NT AUTHORITY\\LOCAL SERVICE","EventReceivedTime":1657288025,"SourceModuleName":"in_sysmon","SourceModuleType":"im_msvistalog"}
<14>Jul  8 13:47:29 activedir.stackedpads.local Microsoft-Windows-Sysmon[3224]: {"EventTime":1657288048,"Hostname":"activedir.stackedpads.local","Keywords":-9223372036854775808,"EventType":"INFO","SeverityValue":2,"Severity":"INFO","EventID":13,"SourceName":"Microsoft-Windows-Sysmon","ProviderGuid":"{5770385F-C22A-43E0-BF4C-06F5698FFBD9}","Version":2,"Task":13,"OpcodeValue":0,"RecordNumber":278416,"ProcessID":3224,"ThreadID":4128,"Channel":"Microsoft-Windows-Sysmon/Operational","Domain":"NT AUTHORITY","AccountName":"SYSTEM","UserID":"S-1-5-18","AccountType":"User","Message":"Registry value set:\r\nRuleName: technique_id=T1543,technique_name=Service Creation\r\nEventType: SetValue\r\nUtcTime: 2022-07-08 13:47:28.033\r\nProcessGuid: {3be6fa21-31c6-62c8-1700-000000001100}\r\nProcessId: 976\r\nImage: C:\\Windows\\system32\\svchost.exe\r\nTargetObject: HKLM\\System\\CurrentControlSet\\Services\\w32time\\Config\\LastKnownGoodTime\r\nDetails: QWORD (0x01d892d1-0x432df0c0)\r\nUser: NT AUTHORITY\\LOCAL SERVICE","Category":"Registry value set (rule: RegistryEvent)","Opcode":"Info","RuleName":"technique_id=T1543,technique_name=Service Creation","UtcTime":"2022-07-08 13:47:28.033","ProcessGuid":"{3be6fa21-31c6-62c8-1700-000000001100}","Image":"C:\\Windows\\system32\\svchost.exe","TargetObject":"HKLM\\System\\CurrentControlSet\\Services\\w32time\\Config\\LastKnownGoodTime","Details":"QWORD (0x01d892d1-0x432df0c0)","User":"NT AUTHORITY\\LOCAL SERVICE","EventReceivedTime":1657288049,"SourceModuleName":"in_sysmon","SourceModuleType":"im_msvistalog"}
<14>Jul  8 13:47:29 activedir.stackedpads.local Microsoft-Windows-Sysmon[3224]: {"EventTime":1657288048,"Hostname":"activedir.stackedpads.local","Keywords":-9223372036854775808,"EventType":"INFO","SeverityValue":2,"Severity":"INFO","EventID":11,"SourceName":"Microsoft-Windows-Sysmon","ProviderGuid":"{5770385F-C22A-43E0-BF4C-06F5698FFBD9}","Version":2,"Task":11,"OpcodeValue":0,"RecordNumber":278417,"ProcessID":3224,"ThreadID":4128,"Channel":"Microsoft-Windows-Sysmon/Operational","Domain":"NT AUTHORITY","AccountName":"SYSTEM","UserID":"S-1-5-18","AccountType":"User","Message":"File created:\r\nRuleName: -\r\nUtcTime: 2022-07-08 13:47:28.378\r\nProcessGuid: {3be6fa21-31d0-62c8-4a00-000000001100}\r\nProcessId: 812\r\nImage: C:\\Windows\\system32\\DFSRs.exe\r\nTargetFilename: C:\\System Volume Information\\DFSR\\Config\\Replica_A9602E73-B222-4385-BF91-B9AA652956A4.XML.TMP\r\nCreationUtcTime: 2022-07-08 13:47:28.378\r\nUser: NT AUTHORITY\\SYSTEM","Category":"File created (rule: FileCreate)","Opcode":"Info","RuleName":"-","UtcTime":"2022-07-08 13:47:28.378","ProcessGuid":"{3be6fa21-31d0-62c8-4a00-000000001100}","Image":"C:\\Windows\\system32\\DFSRs.exe","TargetFilename":"C:\\System Volume Information\\DFSR\\Config\\Replica_A9602E73-B222-4385-BF91-B9AA652956A4.XML.TMP","CreationUtcTime":"2022-07-08 13:47:28.378","User":"NT AUTHORITY\\SYSTEM","EventReceivedTime":1657288049,"SourceModuleName":"in_sysmon","SourceModuleType":"im_msvistalog"}
<14>Jul  8 13:47:29 activedir.stackedpads.local Microsoft-Windows-Sysmon[3224]: {"EventTime":1657288048,"Hostname":"activedir.stackedpads.local","Keywords":-9223372036854775808,"EventType":"INFO","SeverityValue":2,"Severity":"INFO","EventID":11,"SourceName":"Microsoft-Windows-Sysmon","ProviderGuid":"{5770385F-C22A-43E0-BF4C-06F5698FFBD9}","Version":2,"Task":11,"OpcodeValue":0,"RecordNumber":278422,"ProcessID":3224,"ThreadID":4128,"Channel":"Microsoft-Windows-Sysmon/Operational","Domain":"NT AUTHORITY","AccountName":"SYSTEM","UserID":"S-1-5-18","AccountType":"User","Message":"File created:\r\nRuleName: -\r\nUtcTime: 2022-07-08 13:47:28.394\r\nProcessGuid: {3be6fa21-31d0-62c8-4a00-000000001100}\r\nProcessId: 812\r\nImage: C:\\Windows\\system32\\DFSRs.exe\r\nTargetFilename: C:\\System Volume Information\\DFSR\\Config\\Volume_31F91E61-3D12-4512-996A-A18A5DC0DBEC.XML.TMP\r\nCreationUtcTime: 2022-07-08 13:47:28.394\r\nUser: NT AUTHORITY\\SYSTEM","Category":"File created (rule: FileCreate)","Opcode":"Info","RuleName":"-","UtcTime":"2022-07-08 13:47:28.394","ProcessGuid":"{3be6fa21-31d0-62c8-4a00-000000001100}","Image":"C:\\Windows\\system32\\DFSRs.exe","TargetFilename":"C:\\System Volume Information\\DFSR\\Config\\Volume_31F91E61-3D12-4512-996A-A18A5DC0DBEC.XML.TMP","CreationUtcTime":"2022-07-08 13:47:28.394","User":"NT AUTHORITY\\SYSTEM","EventReceivedTime":1657288049,"SourceModuleName":"in_sysmon","SourceModuleType":"im_msvistalog"}
<14>Jul  8 13:47:29 activedir.stackedpads.local Microsoft-Windows-Sysmon[3224]: {"EventTime":1657288048,"Hostname":"activedir.stackedpads.local","Keywords":-9223372036854775808,"EventType":"INFO","SeverityValue":2,"Severity":"INFO","EventID":13,"SourceName":"Microsoft-Windows-Sysmon","ProviderGuid":"{5770385F-C22A-43E0-BF4C-06F5698FFBD9}","Version":2,"Task":13,"OpcodeValue":0,"RecordNumber":278419,"ProcessID":3224,"ThreadID":4128,"Channel":"Microsoft-Windows-Sysmon/Operational","Domain":"NT AUTHORITY","AccountName":"SYSTEM","UserID":"S-1-5-18","AccountType":"User","Message":"Registry value set:\r\nRuleName: technique_id=T1543,technique_name=Service Creation\r\nEventType: SetValue\r\nUtcTime: 2022-07-08 13:47:28.394\r\nProcessGuid: {3be6fa21-31d0-62c8-4a00-000000001100}\r\nProcessId: 812\r\nImage: C:\\Windows\\system32\\DFSRs.exe\r\nTargetObject: HKLM\\System\\CurrentControlSet\\Services\\DFSR\\Parameters\\Replication Groups\\A9602E73-B222-4385-BF91-B9AA652956A4\\Replica Set Configuration File\r\nDetails: \\\\?\\C:\\System Volume Information\\DFSR\\Config\\Replica_A9602E73-B222-4385-BF91-B9AA652956A4.XML\r\nUser: NT AUTHORITY\\SYSTEM","Category":"Registry value set (rule: RegistryEvent)","Opcode":"Info","RuleName":"technique_id=T1543,technique_name=Service Creation","UtcTime":"2022-07-08 13:47:28.394","ProcessGuid":"{3be6fa21-31d0-62c8-4a00-000000001100}","Image":"C:\\Windows\\system32\\DFSRs.exe","TargetObject":"HKLM\\System\\CurrentControlSet\\Services\\DFSR\\Parameters\\Replication Groups\\A9602E73-B222-4385-BF91-B9AA652956A4\\Replica Set Configuration File","Details":"\\\\?\\C:\\System Volume Information\\DFSR\\Config\\Replica_A9602E73-B222-4385-BF91-B9AA652956A4.XML","User":"NT AUTHORITY\\SYSTEM","EventReceivedTime":1657288049,"SourceModuleName":"in_sysmon","SourceModuleType":"im_msvistalog"}
<14>Jul  8 13:47:29 activedir.stackedpads.local Microsoft-Windows-Sysmon[3224]: {"EventTime":1657288048,"Hostname":"activedir.stackedpads.local","Keywords":-9223372036854775808,"EventType":"INFO","SeverityValue":2,"Severity":"INFO","EventID":13,"SourceName":"Microsoft-Windows-Sysmon","ProviderGuid":"{5770385F-C22A-43E0-BF4C-06F5698FFBD9}","Version":2,"Task":13,"OpcodeValue":0,"RecordNumber":278420,"ProcessID":3224,"ThreadID":4128,"Channel":"Microsoft-Windows-Sysmon/Operational","Domain":"NT AUTHORITY","AccountName":"SYSTEM","UserID":"S-1-5-18","AccountType":"User","Message":"Registry value set:\r\nRuleName: technique_id=T1543,technique_name=Service Creation\r\nEventType: SetValue\r\nUtcTime: 2022-07-08 13:47:28.394\r\nProcessGuid: {3be6fa21-31d0-62c8-4a00-000000001100}\r\nProcessId: 812\r\nImage: C:\\Windows\\system32\\DFSRs.exe\r\nTargetObject: HKLM\\System\\CurrentControlSet\\Services\\DFSR\\Parameters\\Replication Groups\\A9602E73-B222-4385-BF91-B9AA652956A4\\Config Source\r\nDetails: DWORD (0x00000001)\r\nUser: NT AUTHORITY\\SYSTEM","Category":"Registry value set (rule: RegistryEvent)","Opcode":"Info","RuleName":"technique_id=T1543,technique_name=Service Creation","UtcTime":"2022-07-08 13:47:28.394","ProcessGuid":"{3be6fa21-31d0-62c8-4a00-000000001100}","Image":"C:\\Windows\\system32\\DFSRs.exe","TargetObject":"HKLM\\System\\CurrentControlSet\\Services\\DFSR\\Parameters\\Replication Groups\\A9602E73-B222-4385-BF91-B9AA652956A4\\Config Source","Details":"DWORD (0x00000001)","User":"NT AUTHORITY\\SYSTEM","EventReceivedTime":1657288049,"SourceModuleName":"in_sysmon","SourceModuleType":"im_msvistalog"}
<14>Jul  8 13:47:29 activedir.stackedpads.local Microsoft-Windows-Sysmon[3224]: {"EventTime":1657288048,"Hostname":"activedir.stackedpads.local","Keywords":-9223372036854775808,"EventType":"INFO","SeverityValue":2,"Severity":"INFO","EventID":13,"SourceName":"Microsoft-Windows-Sysmon","ProviderGuid":"{5770385F-C22A-43E0-BF4C-06F5698FFBD9}","Version":2,"Task":13,"OpcodeValue":0,"RecordNumber":278424,"ProcessID":3224,"ThreadID":4128,"Channel":"Microsoft-Windows-Sysmon/Operational","Domain":"NT AUTHORITY","AccountName":"SYSTEM","UserID":"S-1-5-18","AccountType":"User","Message":"Registry value set:\r\nRuleName: technique_id=T1543,technique_name=Service Creation\r\nEventType: SetValue\r\nUtcTime: 2022-07-08 13:47:28.394\r\nProcessGuid: {3be6fa21-31d0-62c8-4a00-000000001100}\r\nProcessId: 812\r\nImage: C:\\Windows\\system32\\DFSRs.exe\r\nTargetObject: HKLM\\System\\CurrentControlSet\\Services\\DFSR\\Parameters\\Volumes\\31F91E61-3D12-4512-996A-A18A5DC0DBEC\\Volume Configuration File\r\nDetails: \\\\.\\C:\\System Volume Information\\DFSR\\Config\\Volume_31F91E61-3D12-4512-996A-A18A5DC0DBEC.XML\r\nUser: NT AUTHORITY\\SYSTEM","Category":"Registry value set (rule: RegistryEvent)","Opcode":"Info","RuleName":"technique_id=T1543,technique_name=Service Creation","UtcTime":"2022-07-08 13:47:28.394","ProcessGuid":"{3be6fa21-31d0-62c8-4a00-000000001100}","Image":"C:\\Windows\\system32\\DFSRs.exe","TargetObject":"HKLM\\System\\CurrentControlSet\\Services\\DFSR\\Parameters\\Volumes\\31F91E61-3D12-4512-996A-A18A5DC0DBEC\\Volume Configuration File","Details":"\\\\.\\C:\\System Volume Information\\DFSR\\Config\\Volume_31F91E61-3D12-4512-996A-A18A5DC0DBEC.XML","User":"NT AUTHORITY\\SYSTEM","EventReceivedTime":1657288049,"SourceModuleName":"in_sysmon","SourceModuleType":"im_msvistalog"}
<14>Jul  8 13:47:29 activedir.stackedpads.local Microsoft-Windows-Sysmon[3224]: {"EventTime":1657288048,"Hostname":"activedir.stackedpads.local","Keywords":-9223372036854775808,"EventType":"INFO","SeverityValue":2,"Severity":"INFO","EventID":12,"SourceName":"Microsoft-Windows-Sysmon","ProviderGuid":"{5770385F-C22A-43E0-BF4C-06F5698FFBD9}","Version":2,"Task":12,"OpcodeValue":0,"RecordNumber":278418,"ProcessID":3224,"ThreadID":4128,"Channel":"Microsoft-Windows-Sysmon/Operational","Domain":"NT AUTHORITY","AccountName":"SYSTEM","UserID":"S-1-5-18","AccountType":"User","Message":"Registry object added or deleted:\r\nRuleName: technique_id=T1543,technique_name=Service Creation\r\nEventType: CreateKey\r\nUtcTime: 2022-07-08 13:47:28.394\r\nProcessGuid: {3be6fa21-31d0-62c8-4a00-000000001100}\r\nProcessId: 812\r\nImage: C:\\Windows\\system32\\DFSRs.exe\r\nTargetObject: HKLM\\System\\CurrentControlSet\\Services\\DFSR\\Parameters\\Replication Groups\\A9602E73-B222-4385-BF91-B9AA652956A4\r\nUser: NT AUTHORITY\\SYSTEM","Category":"Registry object added or deleted (rule: RegistryEvent)","Opcode":"Info","RuleName":"technique_id=T1543,technique_name=Service Creation","UtcTime":"2022-07-08 13:47:28.394","ProcessGuid":"{3be6fa21-31d0-62c8-4a00-000000001100}","Image":"C:\\Windows\\system32\\DFSRs.exe","TargetObject":"HKLM\\System\\CurrentControlSet\\Services\\DFSR\\Parameters\\Replication Groups\\A9602E73-B222-4385-BF91-B9AA652956A4","User":"NT AUTHORITY\\SYSTEM","EventReceivedTime":1657288049,"SourceModuleName":"in_sysmon","SourceModuleType":"im_msvistalog"}
<14>Jul  8 13:47:29 activedir.stackedpads.local Microsoft-Windows-Sysmon[3224]: {"EventTime":1657288048,"Hostname":"activedir.stackedpads.local","Keywords":-9223372036854775808,"EventType":"INFO","SeverityValue":2,"Severity":"INFO","EventID":12,"SourceName":"Microsoft-Windows-Sysmon","ProviderGuid":"{5770385F-C22A-43E0-BF4C-06F5698FFBD9}","Version":2,"Task":12,"OpcodeValue":0,"RecordNumber":278421,"ProcessID":3224,"ThreadID":4128,"Channel":"Microsoft-Windows-Sysmon/Operational","Domain":"NT AUTHORITY","AccountName":"SYSTEM","UserID":"S-1-5-18","AccountType":"User","Message":"Registry object added or deleted:\r\nRuleName: technique_id=T1543,technique_name=Service Creation\r\nEventType: CreateKey\r\nUtcTime: 2022-07-08 13:47:28.394\r\nProcessGuid: {3be6fa21-31d0-62c8-4a00-000000001100}\r\nProcessId: 812\r\nImage: C:\\Windows\\system32\\DFSRs.exe\r\nTargetObject: HKLM\\System\\CurrentControlSet\\Services\\DFSR\\Access Checks\\Replication Groups\\A9602E73-B222-4385-BF91-B9AA652956A4\r\nUser: NT AUTHORITY\\SYSTEM","Category":"Registry object added or deleted (rule: RegistryEvent)","Opcode":"Info","RuleName":"technique_id=T1543,technique_name=Service Creation","UtcTime":"2022-07-08 13:47:28.394","ProcessGuid":"{3be6fa21-31d0-62c8-4a00-000000001100}","Image":"C:\\Windows\\system32\\DFSRs.exe","TargetObject":"HKLM\\System\\CurrentControlSet\\Services\\DFSR\\Access Checks\\Replication Groups\\A9602E73-B222-4385-BF91-B9AA652956A4","User":"NT AUTHORITY\\SYSTEM","EventReceivedTime":1657288049,"SourceModuleName":"in_sysmon","SourceModuleType":"im_msvistalog"}
<14>Jul  8 13:47:29 activedir.stackedpads.local Microsoft-Windows-Sysmon[3224]: {"EventTime":1657288048,"Hostname":"activedir.stackedpads.local","Keywords":-9223372036854775808,"EventType":"INFO","SeverityValue":2,"Severity":"INFO","EventID":12,"SourceName":"Microsoft-Windows-Sysmon","ProviderGuid":"{5770385F-C22A-43E0-BF4C-06F5698FFBD9}","Version":2,"Task":12,"OpcodeValue":0,"RecordNumber":278423,"ProcessID":3224,"ThreadID":4128,"Channel":"Microsoft-Windows-Sysmon/Operational","Domain":"NT AUTHORITY","AccountName":"SYSTEM","UserID":"S-1-5-18","AccountType":"User","Message":"Registry object added or deleted:\r\nRuleName: technique_id=T1543,technique_name=Service Creation\r\nEventType: CreateKey\r\nUtcTime: 2022-07-08 13:47:28.394\r\nProcessGuid: {3be6fa21-31d0-62c8-4a00-000000001100}\r\nProcessId: 812\r\nImage: C:\\Windows\\system32\\DFSRs.exe\r\nTargetObject: HKLM\\System\\CurrentControlSet\\Services\\DFSR\\Parameters\\Volumes\\31F91E61-3D12-4512-996A-A18A5DC0DBEC\r\nUser: NT AUTHORITY\\SYSTEM","Category":"Registry object added or deleted (rule: RegistryEvent)","Opcode":"Info","RuleName":"technique_id=T1543,technique_name=Service Creation","UtcTime":"2022-07-08 13:47:28.394","ProcessGuid":"{3be6fa21-31d0-62c8-4a00-000000001100}","Image":"C:\\Windows\\system32\\DFSRs.exe","TargetObject":"HKLM\\System\\CurrentControlSet\\Services\\DFSR\\Parameters\\Volumes\\31F91E61-3D12-4512-996A-A18A5DC0DBEC","User":"NT AUTHORITY\\SYSTEM","EventReceivedTime":1657288049,"SourceModuleName":"in_sysmon","SourceModuleType":"im_msvistalog"}
