<14>Jul  8 13:41:03 activedir.stackedpads.local Microsoft-Windows-Sysmon[3224]: {"EventTime":1657287663,"Hostname":"activedir.stackedpads.local","Keywords":-9223372036854775808,"EventType":"INFO","SeverityValue":2,"Severity":"INFO","EventID":7,"SourceName":"Microsoft-Windows-Sysmon","ProviderGuid":"{5770385F-C22A-43E0-BF4C-06F5698FFBD9}","Version":3,"Task":7,"OpcodeValue":0,"RecordNumber":278321,"ProcessID":3224,"ThreadID":4132,"Channel":"Microsoft-Windows-Sysmon/Operational","Domain":"NT AUTHORITY","AccountName":"SYSTEM","UserID":"S-1-5-18","AccountType":"User","Message":"Image loaded:\r\nRuleName: technique_id=T1047,technique_name=Windows Management Instrumentation\r\nUtcTime: 2022-07-08 13:41:02.995\r\nProcessGuid: {3be6fa21-33ee-62c8-fa00-000000001100}\r\nProcessId: 7148\r\nImage: C:\\Windows\\System32\\wbem\\WmiPrvSE.exe\r\nImageLoaded: C:\\Windows\\System32\\wbem\\wmiutils.dll\r\nFileVersion: 10.0.17763.1 (WinBuild.160101.0800)\r\nDescription: WMI\r\nProduct: Microsoft® Windows® Operating System\r\nCompany: Microsoft Corporation\r\nOriginalFileName: wmiutils.dll\r\nHashes: SHA1=2E6A63BC5189CA5DF3E85CDF58593F3DF3935DE6,MD5=A081AAD3A296EB414CB6839B744C67C9,SHA256=3D77E7769CFC8B4A1098E9A1F2BDE4432A6A70253EA6C2A58C8F8403A9038288,IMPHASH=0D31E6D27B954AD879CB4DF742982F1A\r\nSigned: true\r\nSignature: Microsoft Windows\r\nSignatureStatus: Valid\r\nUser: NT AUTHORITY\\NETWORK SERVICE","Category":"Image loaded (rule: ImageLoad)","Opcode":"Info","RuleName":"technique_id=T1047,technique_name=Windows Management Instrumentation","UtcTime":"2022-07-08 13:41:02.995","ProcessGuid":"{3be6fa21-33ee-62c8-fa00-000000001100}","Image":"C:\\Windows\\System32\\wbem\\WmiPrvSE.exe","ImageLoaded":"C:\\Windows\\System32\\wbem\\wmiutils.dll","FileVersion":"10.0.17763.1 (WinBuild.160101.0800)","Description":"WMI","Product":"Microsoft® Windows® Operating System","Company":"Microsoft Corporation","OriginalFileName":"wmiutils.dll","Hashes":"SHA1=2E6A63BC5189CA5DF3E85CDF58593F3DF3935DE6,MD5=A081AAD3A296EB414CB6839B744C67C9,SHA256=3D77E7769CFC8B4A1098E9A1F2BDE4432A6A70253EA6C2A58C8F8403A9038288,IMPHASH=0D31E6D27B954AD879CB4DF742982F1A","Signed":"true","Signature":"Microsoft Windows","SignatureStatus":"Valid","User":"NT AUTHORITY\\NETWORK SERVICE","EventReceivedTime":1657287663,"SourceModuleName":"in_sysmon","SourceModuleType":"im_msvistalog"}
<14>Jul  8 13:41:03 activedir.stackedpads.local Microsoft-Windows-Sysmon[3224]: {"EventTime":1657287663,"Hostname":"activedir.stackedpads.local","Keywords":-9223372036854775808,"EventType":"INFO","SeverityValue":2,"Severity":"INFO","EventID":7,"SourceName":"Microsoft-Windows-Sysmon","ProviderGuid":"{5770385F-C22A-43E0-BF4C-06F5698FFBD9}","Version":3,"Task":7,"OpcodeValue":0,"RecordNumber":278323,"ProcessID":3224,"ThreadID":4128,"Channel":"Microsoft-Windows-Sysmon/Operational","Domain":"NT AUTHORITY","AccountName":"SYSTEM","UserID":"S-1-5-18","AccountType":"User","Message":"Image loaded:\r\nRuleName: technique_id=T1047,technique_name=Windows Management Instrumentation\r\nUtcTime: 2022-07-08 13:41:03.358\r\nProcessGuid: {3be6fa21-33ef-62c8-fb00-000000001100}\r\nProcessId: 5792\r\nImage: C:\\Windows\\System32\\wbem\\WmiPrvSE.exe\r\nImageLoaded: C:\\Windows\\System32\\wbem\\wmiutils.dll\r\nFileVersion: 10.0.17763.1 (WinBuild.160101.0800)\r\nDescription: WMI\r\nProduct: Microsoft® Windows® Operating System\r\nCompany: Microsoft Corporation\r\nOriginalFileName: wmiutils.dll\r\nHashes: SHA1=2E6A63BC5189CA5DF3E85CDF58593F3DF3935DE6,MD5=A081AAD3A296EB414CB6839B744C67C9,SHA256=3D77E7769CFC8B4A1098E9A1F2BDE4432A6A70253EA6C2A58C8F8403A9038288,IMPHASH=0D31E6D27B954AD879CB4DF742982F1A\r\nSigned: true\r\nSignature: Microsoft Windows\r\nSignatureStatus: Valid\r\nUser: NT AUTHORITY\\LOCAL SERVICE","Category":"Image loaded (rule: ImageLoad)","Opcode":"Info","RuleName":"technique_id=T1047,technique_name=Windows Management Instrumentation","UtcTime":"2022-07-08 13:41:03.358","ProcessGuid":"{3be6fa21-33ef-62c8-fb00-000000001100}","Image":"C:\\Windows\\System32\\wbem\\WmiPrvSE.exe","ImageLoaded":"C:\\Windows\\System32\\wbem\\wmiutils.dll","FileVersion":"10.0.17763.1 (WinBuild.160101.0800)","Description":"WMI","Product":"Microsoft® Windows® Operating System","Company":"Microsoft Corporation","OriginalFileName":"wmiutils.dll","Hashes":"SHA1=2E6A63BC5189CA5DF3E85CDF58593F3DF3935DE6,MD5=A081AAD3A296EB414CB6839B744C67C9,SHA256=3D77E7769CFC8B4A1098E9A1F2BDE4432A6A70253EA6C2A58C8F8403A9038288,IMPHASH=0D31E6D27B954AD879CB4DF742982F1A","Signed":"true","Signature":"Microsoft Windows","SignatureStatus":"Valid","User":"NT AUTHORITY\\LOCAL SERVICE","EventReceivedTime":1657287663,"SourceModuleName":"in_sysmon","SourceModuleType":"im_msvistalog"}
<14>Jul  8 13:41:04 wrk-shasek.stackedpads.local Microsoft-Windows-Sysmon[2568]: {"EventTime":1657287663,"Hostname":"wrk-shasek.stackedpads.local","Keywords":-9223372036854775808,"EventType":"INFO","SeverityValue":2,"Severity":"INFO","EventID":11,"SourceName":"Microsoft-Windows-Sysmon","ProviderGuid":"{5770385F-C22A-43E0-BF4C-06F5698FFBD9}","Version":2,"Task":11,"OpcodeValue":0,"RecordNumber":72377,"ProcessID":2568,"ThreadID":3284,"Channel":"Microsoft-Windows-Sysmon/Operational","Domain":"NT AUTHORITY","AccountName":"SYSTEM","UserID":"S-1-5-18","AccountType":"User","Message":"File created:\r\nRuleName: -\r\nUtcTime: 2022-07-08 13:41:03.769\r\nProcessGuid: {6b7cbb53-316d-62c8-1500-000000000e00}\r\nProcessId: 712\r\nImage: C:\\Windows\\System32\\svchost.exe\r\nTargetFilename: C:\\Windows\\Prefetch\\Layout.ini\r\nCreationUtcTime: 2022-07-08 13:41:03.769\r\nUser: NT AUTHORITY\\SYSTEM","Category":"File created (rule: FileCreate)","Opcode":"Info","RuleName":"-","UtcTime":"2022-07-08 13:41:03.769","ProcessGuid":"{6b7cbb53-316d-62c8-1500-000000000e00}","Image":"C:\\Windows\\System32\\svchost.exe","TargetFilename":"C:\\Windows\\Prefetch\\Layout.ini","CreationUtcTime":"2022-07-08 13:41:03.769","User":"NT AUTHORITY\\SYSTEM","EventReceivedTime":1657287664,"SourceModuleName":"in_sysmon","SourceModuleType":"im_msvistalog"}
<14>Jul  8 13:41:04 wrk-shasek.stackedpads.local Microsoft-Windows-Sysmon[2568]: {"EventTime":1657287664,"Hostname":"wrk-shasek.stackedpads.local","Keywords":-9223372036854775808,"EventType":"INFO","SeverityValue":2,"Severity":"INFO","EventID":11,"SourceName":"Microsoft-Windows-Sysmon","ProviderGuid":"{5770385F-C22A-43E0-BF4C-06F5698FFBD9}","Version":2,"Task":11,"OpcodeValue":0,"RecordNumber":72403,"ProcessID":2568,"ThreadID":3284,"Channel":"Microsoft-Windows-Sysmon/Operational","Domain":"NT AUTHORITY","AccountName":"SYSTEM","UserID":"S-1-5-18","AccountType":"User","Message":"File created:\r\nRuleName: -\r\nUtcTime: 2022-07-08 13:41:04.034\r\nProcessGuid: {6b7cbb53-316d-62c8-1500-000000000e00}\r\nProcessId: 712\r\nImage: C:\\Windows\\System32\\svchost.exe\r\nTargetFilename: C:\\Windows\\Prefetch\\DEFRAG.EXE-3D9E8D72.pf\r\nCreationUtcTime: 2022-07-06 18:52:25.364\r\nUser: NT AUTHORITY\\SYSTEM","Category":"File created (rule: FileCreate)","Opcode":"Info","RuleName":"-","UtcTime":"2022-07-08 13:41:04.034","ProcessGuid":"{6b7cbb53-316d-62c8-1500-000000000e00}","Image":"C:\\Windows\\System32\\svchost.exe","TargetFilename":"C:\\Windows\\Prefetch\\DEFRAG.EXE-3D9E8D72.pf","CreationUtcTime":"2022-07-06 18:52:25.364","User":"NT AUTHORITY\\SYSTEM","EventReceivedTime":1657287664,"SourceModuleName":"in_sysmon","SourceModuleType":"im_msvistalog"}
<14>Jul  8 13:41:04 wrk-shasek.stackedpads.local Microsoft-Windows-Sysmon[2568]: {"EventTime":1657287663,"Hostname":"wrk-shasek.stackedpads.local","Keywords":-9223372036854775808,"EventType":"INFO","SeverityValue":2,"Severity":"INFO","EventID":12,"SourceName":"Microsoft-Windows-Sysmon","ProviderGuid":"{5770385F-C22A-43E0-BF4C-06F5698FFBD9}","Version":2,"Task":12,"OpcodeValue":0,"RecordNumber":72378,"ProcessID":2568,"ThreadID":3284,"Channel":"Microsoft-Windows-Sysmon/Operational","Domain":"NT AUTHORITY","AccountName":"SYSTEM","UserID":"S-1-5-18","AccountType":"User","Message":"Registry object added or deleted:\r\nRuleName: technique_id=T1543,technique_name=Service Creation\r\nEventType: CreateKey\r\nUtcTime: 2022-07-08 13:41:03.956\r\nProcessGuid: {6b7cbb53-316d-62c8-1600-000000000e00}\r\nProcessId: 608\r\nImage: C:\\Windows\\system32\\svchost.exe\r\nTargetObject: HKLM\\System\\CurrentControlSet\\Services\\SmsRouter\\State\r\nUser: NT AUTHORITY\\LOCAL SERVICE","Category":"Registry object added or deleted (rule: RegistryEvent)","Opcode":"Info","RuleName":"technique_id=T1543,technique_name=Service Creation","UtcTime":"2022-07-08 13:41:03.956","ProcessGuid":"{6b7cbb53-316d-62c8-1600-000000000e00}","Image":"C:\\Windows\\system32\\svchost.exe","TargetObject":"HKLM\\System\\CurrentControlSet\\Services\\SmsRouter\\State","User":"NT AUTHORITY\\LOCAL SERVICE","EventReceivedTime":1657287664,"SourceModuleName":"in_sysmon","SourceModuleType":"im_msvistalog"}
<14>Jul  8 13:41:04 activedir.stackedpads.local Microsoft-Windows-Sysmon[3224]: {"EventTime":1657287663,"Hostname":"activedir.stackedpads.local","Keywords":-9223372036854775808,"EventType":"INFO","SeverityValue":2,"Severity":"INFO","EventID":13,"SourceName":"Microsoft-Windows-Sysmon","ProviderGuid":"{5770385F-C22A-43E0-BF4C-06F5698FFBD9}","Version":2,"Task":13,"OpcodeValue":0,"RecordNumber":278325,"ProcessID":3224,"ThreadID":4128,"Channel":"Microsoft-Windows-Sysmon/Operational","Domain":"NT AUTHORITY","AccountName":"SYSTEM","UserID":"S-1-5-18","AccountType":"User","Message":"Registry value set:\r\nRuleName: technique_id=T1543,technique_name=Service Creation\r\nEventType: SetValue\r\nUtcTime: 2022-07-08 13:41:03.969\r\nProcessGuid: {3be6fa21-31c6-62c8-1700-000000001100}\r\nProcessId: 976\r\nImage: C:\\Windows\\system32\\svchost.exe\r\nTargetObject: HKLM\\System\\CurrentControlSet\\Services\\w32time\\Config\\LastKnownGoodTime\r\nDetails: QWORD (0x01d892d0-0x5e42768c)\r\nUser: NT AUTHORITY\\LOCAL SERVICE","Category":"Registry value set (rule: RegistryEvent)","Opcode":"Info","RuleName":"technique_id=T1543,technique_name=Service Creation","UtcTime":"2022-07-08 13:41:03.969","ProcessGuid":"{3be6fa21-31c6-62c8-1700-000000001100}","Image":"C:\\Windows\\system32\\svchost.exe","TargetObject":"HKLM\\System\\CurrentControlSet\\Services\\w32time\\Config\\LastKnownGoodTime","Details":"QWORD (0x01d892d0-0x5e42768c)","User":"NT AUTHORITY\\LOCAL SERVICE","EventReceivedTime":1657287664,"SourceModuleName":"in_sysmon","SourceModuleType":"im_msvistalog"}
<14>Jul  8 13:41:04 wrk-shasek.stackedpads.local Microsoft-Windows-Sysmon[2568]: {"EventTime":1657287664,"Hostname":"wrk-shasek.stackedpads.local","Keywords":-9223372036854775808,"EventType":"INFO","SeverityValue":2,"Severity":"INFO","EventID":12,"SourceName":"Microsoft-Windows-Sysmon","ProviderGuid":"{5770385F-C22A-43E0-BF4C-06F5698FFBD9}","Version":2,"Task":12,"OpcodeValue":0,"RecordNumber":72383,"ProcessID":2568,"ThreadID":3284,"Channel":"Microsoft-Windows-Sysmon/Operational","Domain":"NT AUTHORITY","AccountName":"SYSTEM","UserID":"S-1-5-18","AccountType":"User","Message":"Registry object added or deleted:\r\nRuleName: technique_id=T1543,technique_name=Service Creation\r\nEventType: CreateKey\r\nUtcTime: 2022-07-08 13:41:04.019\r\nProcessGuid: {6b7cbb53-316d-62c8-1600-000000000e00}\r\nProcessId: 608\r\nImage: C:\\Windows\\system32\\svchost.exe\r\nTargetObject: HKLM\\System\\CurrentControlSet\\Services\\SmsRouter\\State\\Registration\\Ids\\{C6350395-58B2-480A-A61A-DEEF6C540085}\r\nUser: NT AUTHORITY\\LOCAL SERVICE","Category":"Registry object added or deleted (rule: RegistryEvent)","Opcode":"Info","RuleName":"technique_id=T1543,technique_name=Service Creation","UtcTime":"2022-07-08 13:41:04.019","ProcessGuid":"{6b7cbb53-316d-62c8-1600-000000000e00}","Image":"C:\\Windows\\system32\\svchost.exe","TargetObject":"HKLM\\System\\CurrentControlSet\\Services\\SmsRouter\\State\\Registration\\Ids\\{C6350395-58B2-480A-A61A-DEEF6C540085}","User":"NT AUTHORITY\\LOCAL SERVICE","EventReceivedTime":1657287664,"SourceModuleName":"in_sysmon","SourceModuleType":"im_msvistalog"}
<14>Jul  8 13:41:04 wrk-shasek.stackedpads.local Microsoft-Windows-Sysmon[2568]: {"EventTime":1657287664,"Hostname":"wrk-shasek.stackedpads.local","Keywords":-9223372036854775808,"EventType":"INFO","SeverityValue":2,"Severity":"INFO","EventID":12,"SourceName":"Microsoft-Windows-Sysmon","ProviderGuid":"{5770385F-C22A-43E0-BF4C-06F5698FFBD9}","Version":2,"Task":12,"OpcodeValue":0,"RecordNumber":72405,"ProcessID":2568,"ThreadID":3284,"Channel":"Microsoft-Windows-Sysmon/Operational","Domain":"NT AUTHORITY","AccountName":"SYSTEM","UserID":"S-1-5-18","AccountType":"User","Message":"Registry object added or deleted:\r\nRuleName: technique_id=T1543,technique_name=Service Creation\r\nEventType: CreateKey\r\nUtcTime: 2022-07-08 13:41:04.050\r\nProcessGuid: {6b7cbb53-316d-62c8-1600-000000000e00}\r\nProcessId: 608\r\nImage: C:\\Windows\\system32\\svchost.exe\r\nTargetObject: HKLM\\System\\CurrentControlSet\\Services\\SmsRouter\\State\\Registration\\Ids\\{C6350395-58B2-480A-A61A-DEEF6C540085}\r\nUser: NT AUTHORITY\\LOCAL SERVICE","Category":"Registry object added or deleted (rule: RegistryEvent)","Opcode":"Info","RuleName":"technique_id=T1543,technique_name=Service Creation","UtcTime":"2022-07-08 13:41:04.050","ProcessGuid":"{6b7cbb53-316d-62c8-1600-000000000e00}","Image":"C:\\Windows\\system32\\svchost.exe","TargetObject":"HKLM\\System\\CurrentControlSet\\Services\\SmsRouter\\State\\Registration\\Ids\\{C6350395-58B2-480A-A61A-DEEF6C540085}","User":"NT AUTHORITY\\LOCAL SERVICE","EventReceivedTime":1657287664,"SourceModuleName":"in_sysmon","SourceModuleType":"im_msvistalog"}
<14>Jul  8 13:41:04 wrk-shasek.stackedpads.local Microsoft-Windows-Sysmon[2568]: {"EventTime":1657287664,"Hostname":"wrk-shasek.stackedpads.local","Keywords":-9223372036854775808,"EventType":"INFO","SeverityValue":2,"Severity":"INFO","EventID":12,"SourceName":"Microsoft-Windows-Sysmon","ProviderGuid":"{5770385F-C22A-43E0-BF4C-06F5698FFBD9}","Version":2,"Task":12,"OpcodeValue":0,"RecordNumber":72379,"ProcessID":2568,"ThreadID":3284,"Channel":"Microsoft-Windows-Sysmon/Operational","Domain":"NT AUTHORITY","AccountName":"SYSTEM","UserID":"S-1-5-18","AccountType":"User","Message":"Registry object added or deleted:\r\nRuleName: technique_id=T1543,technique_name=Service Creation\r\nEventType: CreateKey\r\nUtcTime: 2022-07-08 13:41:04.019\r\nProcessGuid: {6b7cbb53-316d-62c8-1600-000000000e00}\r\nProcessId: 608\r\nImage: C:\\Windows\\system32\\svchost.exe\r\nTargetObject: HKLM\\System\\CurrentControlSet\\Services\\SmsRouter\\State\\Registration\\Ids\r\nUser: NT AUTHORITY\\LOCAL SERVICE","Category":"Registry object added or deleted (rule: RegistryEvent)","Opcode":"Info","RuleName":"technique_id=T1543,technique_name=Service Creation","UtcTime":"2022-07-08 13:41:04.019","ProcessGuid":"{6b7cbb53-316d-62c8-1600-000000000e00}","Image":"C:\\Windows\\system32\\svchost.exe","TargetObject":"HKLM\\System\\CurrentControlSet\\Services\\SmsRouter\\State\\Registration\\Ids","User":"NT AUTHORITY\\LOCAL SERVICE","EventReceivedTime":1657287664,"SourceModuleName":"in_sysmon","SourceModuleType":"im_msvistalog"}
<14>Jul  8 13:41:04 wrk-shasek.stackedpads.local Microsoft-Windows-Sysmon[2568]: {"EventTime":1657287664,"Hostname":"wrk-shasek.stackedpads.local","Keywords":-9223372036854775808,"EventType":"INFO","SeverityValue":2,"Severity":"INFO","EventID":12,"SourceName":"Microsoft-Windows-Sysmon","ProviderGuid":"{5770385F-C22A-43E0-BF4C-06F5698FFBD9}","Version":2,"Task":12,"OpcodeValue":0,"RecordNumber":72384,"ProcessID":2568,"ThreadID":3284,"Channel":"Microsoft-Windows-Sysmon/Operational","Domain":"NT AUTHORITY","AccountName":"SYSTEM","UserID":"S-1-5-18","AccountType":"User","Message":"Registry object added or deleted:\r\nRuleName: technique_id=T1543,technique_name=Service Creation\r\nEventType: CreateKey\r\nUtcTime: 2022-07-08 13:41:04.019\r\nProcessGuid: {6b7cbb53-316d-62c8-1600-000000000e00}\r\nProcessId: 608\r\nImage: C:\\Windows\\system32\\svchost.exe\r\nTargetObject: HKLM\\System\\CurrentControlSet\\Services\\SmsRouter\\State\\Registration\\Ids\r\nUser: NT AUTHORITY\\LOCAL SERVICE","Category":"Registry object added or deleted (rule: RegistryEvent)","Opcode":"Info","RuleName":"technique_id=T1543,technique_name=Service Creation","UtcTime":"2022-07-08 13:41:04.019","ProcessGuid":"{6b7cbb53-316d-62c8-1600-000000000e00}","Image":"C:\\Windows\\system32\\svchost.exe","TargetObject":"HKLM\\System\\CurrentControlSet\\Services\\SmsRouter\\State\\Registration\\Ids","User":"NT AUTHORITY\\LOCAL SERVICE","EventReceivedTime":1657287664,"SourceModuleName":"in_sysmon","SourceModuleType":"im_msvistalog"}
<14>Jul  8 13:41:04 wrk-shasek.stackedpads.local Microsoft-Windows-Sysmon[2568]: {"EventTime":1657287664,"Hostname":"wrk-shasek.stackedpads.local","Keywords":-9223372036854775808,"EventType":"INFO","SeverityValue":2,"Severity":"INFO","EventID":12,"SourceName":"Microsoft-Windows-Sysmon","ProviderGuid":"{5770385F-C22A-43E0-BF4C-06F5698FFBD9}","Version":2,"Task":12,"OpcodeValue":0,"RecordNumber":72380,"ProcessID":2568,"ThreadID":3284,"Channel":"Microsoft-Windows-Sysmon/Operational","Domain":"NT AUTHORITY","AccountName":"SYSTEM","UserID":"S-1-5-18","AccountType":"User","Message":"Registry object added or deleted:\r\nRuleName: technique_id=T1543,technique_name=Service Creation\r\nEventType: CreateKey\r\nUtcTime: 2022-07-08 13:41:04.019\r\nProcessGuid: {6b7cbb53-316d-62c8-1600-000000000e00}\r\nProcessId: 608\r\nImage: C:\\Windows\\system32\\svchost.exe\r\nTargetObject: HKLM\\System\\CurrentControlSet\\Services\\SmsRouter\\State\\Registration\\Ids\r\nUser: NT AUTHORITY\\LOCAL SERVICE","Category":"Registry object added or deleted (rule: RegistryEvent)","Opcode":"Info","RuleName":"technique_id=T1543,technique_name=Service Creation","UtcTime":"2022-07-08 13:41:04.019","ProcessGuid":"{6b7cbb53-316d-62c8-1600-000000000e00}","Image":"C:\\Windows\\system32\\svchost.exe","TargetObject":"HKLM\\System\\CurrentControlSet\\Services\\SmsRouter\\State\\Registration\\Ids","User":"NT AUTHORITY\\LOCAL SERVICE","EventReceivedTime":1657287664,"SourceModuleName":"in_sysmon","SourceModuleType":"im_msvistalog"}
<14>Jul  8 13:41:04 wrk-shasek.stackedpads.local Microsoft-Windows-Sysmon[2568]: {"EventTime":1657287664,"Hostname":"wrk-shasek.stackedpads.local","Keywords":-9223372036854775808,"EventType":"INFO","SeverityValue":2,"Severity":"INFO","EventID":12,"SourceName":"Microsoft-Windows-Sysmon","ProviderGuid":"{5770385F-C22A-43E0-BF4C-06F5698FFBD9}","Version":2,"Task":12,"OpcodeValue":0,"RecordNumber":72382,"ProcessID":2568,"ThreadID":3284,"Channel":"Microsoft-Windows-Sysmon/Operational","Domain":"NT AUTHORITY","AccountName":"SYSTEM","UserID":"S-1-5-18","AccountType":"User","Message":"Registry object added or deleted:\r\nRuleName: technique_id=T1543,technique_name=Service Creation\r\nEventType: CreateKey\r\nUtcTime: 2022-07-08 13:41:04.019\r\nProcessGuid: {6b7cbb53-316d-62c8-1600-000000000e00}\r\nProcessId: 608\r\nImage: C:\\Windows\\system32\\svchost.exe\r\nTargetObject: HKLM\\System\\CurrentControlSet\\Services\\SmsRouter\\State\\Registration\\Ids\r\nUser: NT AUTHORITY\\LOCAL SERVICE","Category":"Registry object added or deleted (rule: RegistryEvent)","Opcode":"Info","RuleName":"technique_id=T1543,technique_name=Service Creation","UtcTime":"2022-07-08 13:41:04.019","ProcessGuid":"{6b7cbb53-316d-62c8-1600-000000000e00}","Image":"C:\\Windows\\system32\\svchost.exe","TargetObject":"HKLM\\System\\CurrentControlSet\\Services\\SmsRouter\\State\\Registration\\Ids","User":"NT AUTHORITY\\LOCAL SERVICE","EventReceivedTime":1657287664,"SourceModuleName":"in_sysmon","SourceModuleType":"im_msvistalog"}
<14>Jul  8 13:41:04 wrk-shasek.stackedpads.local Microsoft-Windows-Sysmon[2568]: {"EventTime":1657287664,"Hostname":"wrk-shasek.stackedpads.local","Keywords":-9223372036854775808,"EventType":"INFO","SeverityValue":2,"Severity":"INFO","EventID":12,"SourceName":"Microsoft-Windows-Sysmon","ProviderGuid":"{5770385F-C22A-43E0-BF4C-06F5698FFBD9}","Version":2,"Task":12,"OpcodeValue":0,"RecordNumber":72389,"ProcessID":2568,"ThreadID":3284,"Channel":"Microsoft-Windows-Sysmon/Operational","Domain":"NT AUTHORITY","AccountName":"SYSTEM","UserID":"S-1-5-18","AccountType":"User","Message":"Registry object added or deleted:\r\nRuleName: technique_id=T1543,technique_name=Service Creation\r\nEventType: CreateKey\r\nUtcTime: 2022-07-08 13:41:04.034\r\nProcessGuid: {6b7cbb53-316d-62c8-1600-000000000e00}\r\nProcessId: 608\r\nImage: C:\\Windows\\system32\\svchost.exe\r\nTargetObject: HKLM\\System\\CurrentControlSet\\Services\\SmsRouter\\State\\Registration\\Ids\r\nUser: NT AUTHORITY\\LOCAL SERVICE","Category":"Registry object added or deleted (rule: RegistryEvent)","Opcode":"Info","RuleName":"technique_id=T1543,technique_name=Service Creation","UtcTime":"2022-07-08 13:41:04.034","ProcessGuid":"{6b7cbb53-316d-62c8-1600-000000000e00}","Image":"C:\\Windows\\system32\\svchost.exe","TargetObject":"HKLM\\System\\CurrentControlSet\\Services\\SmsRouter\\State\\Registration\\Ids","User":"NT AUTHORITY\\LOCAL SERVICE","EventReceivedTime":1657287664,"SourceModuleName":"in_sysmon","SourceModuleType":"im_msvistalog"}
<14>Jul  8 13:41:04 wrk-shasek.stackedpads.local Microsoft-Windows-Sysmon[2568]: {"EventTime":1657287664,"Hostname":"wrk-shasek.stackedpads.local","Keywords":-9223372036854775808,"EventType":"INFO","SeverityValue":2,"Severity":"INFO","EventID":12,"SourceName":"Microsoft-Windows-Sysmon","ProviderGuid":"{5770385F-C22A-43E0-BF4C-06F5698FFBD9}","Version":2,"Task":12,"OpcodeValue":0,"RecordNumber":72404,"ProcessID":2568,"ThreadID":3284,"Channel":"Microsoft-Windows-Sysmon/Operational","Domain":"NT AUTHORITY","AccountName":"SYSTEM","UserID":"S-1-5-18","AccountType":"User","Message":"Registry object added or deleted:\r\nRuleName: technique_id=T1543,technique_name=Service Creation\r\nEventType: CreateKey\r\nUtcTime: 2022-07-08 13:41:04.050\r\nProcessGuid: {6b7cbb53-316d-62c8-1600-000000000e00}\r\nProcessId: 608\r\nImage: C:\\Windows\\system32\\svchost.exe\r\nTargetObject: HKLM\\System\\CurrentControlSet\\Services\\SmsRouter\\State\\Registration\\Ids\r\nUser: NT AUTHORITY\\LOCAL SERVICE","Category":"Registry object added or deleted (rule: RegistryEvent)","Opcode":"Info","RuleName":"technique_id=T1543,technique_name=Service Creation","UtcTime":"2022-07-08 13:41:04.050","ProcessGuid":"{6b7cbb53-316d-62c8-1600-000000000e00}","Image":"C:\\Windows\\system32\\svchost.exe","TargetObject":"HKLM\\System\\CurrentControlSet\\Services\\SmsRouter\\State\\Registration\\Ids","User":"NT AUTHORITY\\LOCAL SERVICE","EventReceivedTime":1657287664,"SourceModuleName":"in_sysmon","SourceModuleType":"im_msvistalog"}
<14>Jul  8 13:41:04 wrk-shasek.stackedpads.local Microsoft-Windows-Sysmon[2568]: {"EventTime":1657287664,"Hostname":"wrk-shasek.stackedpads.local","Keywords":-9223372036854775808,"EventType":"INFO","SeverityValue":2,"Severity":"INFO","EventID":12,"SourceName":"Microsoft-Windows-Sysmon","ProviderGuid":"{5770385F-C22A-43E0-BF4C-06F5698FFBD9}","Version":2,"Task":12,"OpcodeValue":0,"RecordNumber":72381,"ProcessID":2568,"ThreadID":3284,"Channel":"Microsoft-Windows-Sysmon/Operational","Domain":"NT AUTHORITY","AccountName":"SYSTEM","UserID":"S-1-5-18","AccountType":"User","Message":"Registry object added or deleted:\r\nRuleName: technique_id=T1543,technique_name=Service Creation\r\nEventType: CreateKey\r\nUtcTime: 2022-07-08 13:41:04.019\r\nProcessGuid: {6b7cbb53-316d-62c8-1600-000000000e00}\r\nProcessId: 608\r\nImage: C:\\Windows\\system32\\svchost.exe\r\nTargetObject: HKLM\\System\\CurrentControlSet\\Services\\SmsRouter\\State\\Registration\\Ids\\{057F013F-8E4A-4941-B459-66ABC96AFC63}\r\nUser: NT AUTHORITY\\LOCAL SERVICE","Category":"Registry object added or deleted (rule: RegistryEvent)","Opcode":"Info","RuleName":"technique_id=T1543,technique_name=Service Creation","UtcTime":"2022-07-08 13:41:04.019","ProcessGuid":"{6b7cbb53-316d-62c8-1600-000000000e00}","Image":"C:\\Windows\\system32\\svchost.exe","TargetObject":"HKLM\\System\\CurrentControlSet\\Services\\SmsRouter\\State\\Registration\\Ids\\{057F013F-8E4A-4941-B459-66ABC96AFC63}","User":"NT AUTHORITY\\LOCAL SERVICE","EventReceivedTime":1657287664,"SourceModuleName":"in_sysmon","SourceModuleType":"im_msvistalog"}
<14>Jul  8 13:41:04 wrk-shasek.stackedpads.local Microsoft-Windows-Sysmon[2568]: {"EventTime":1657287664,"Hostname":"wrk-shasek.stackedpads.local","Keywords":-9223372036854775808,"EventType":"INFO","SeverityValue":2,"Severity":"INFO","EventID":12,"SourceName":"Microsoft-Windows-Sysmon","ProviderGuid":"{5770385F-C22A-43E0-BF4C-06F5698FFBD9}","Version":2,"Task":12,"OpcodeValue":0,"RecordNumber":72385,"ProcessID":2568,"ThreadID":3284,"Channel":"Microsoft-Windows-Sysmon/Operational","Domain":"NT AUTHORITY","AccountName":"SYSTEM","UserID":"S-1-5-18","AccountType":"User","Message":"Registry object added or deleted:\r\nRuleName: technique_id=T1543,technique_name=Service Creation\r\nEventType: DeleteKey\r\nUtcTime: 2022-07-08 13:41:04.034\r\nProcessGuid: {6b7cbb53-316d-62c8-1600-000000000e00}\r\nProcessId: 608\r\nImage: C:\\Windows\\system32\\svchost.exe\r\nTargetObject: HKLM\\System\\CurrentControlSet\\Services\\SmsRouter\\State\\Registration\\Ids\\{057F013F-8E4A-4941-B459-66ABC96AFC63}\r\nUser: NT AUTHORITY\\LOCAL SERVICE","Category":"Registry object added or deleted (rule: RegistryEvent)","Opcode":"Info","RuleName":"technique_id=T1543,technique_name=Service Creation","UtcTime":"2022-07-08 13:41:04.034","ProcessGuid":"{6b7cbb53-316d-62c8-1600-000000000e00}","Image":"C:\\Windows\\system32\\svchost.exe","TargetObject":"HKLM\\System\\CurrentControlSet\\Services\\SmsRouter\\State\\Registration\\Ids\\{057F013F-8E4A-4941-B459-66ABC96AFC63}","User":"NT AUTHORITY\\LOCAL SERVICE","EventReceivedTime":1657287664,"SourceModuleName":"in_sysmon","SourceModuleType":"im_msvistalog"}
<14>Jul  8 13:41:04 wrk-shasek.stackedpads.local Microsoft-Windows-Sysmon[2568]: {"EventTime":1657287664,"Hostname":"wrk-shasek.stackedpads.local","Keywords":-9223372036854775808,"EventType":"INFO","SeverityValue":2,"Severity":"INFO","EventID":13,"SourceName":"Microsoft-Windows-Sysmon","ProviderGuid":"{5770385F-C22A-43E0-BF4C-06F5698FFBD9}","Version":2,"Task":13,"OpcodeValue":0,"RecordNumber":72398,"ProcessID":2568,"ThreadID":3284,"Channel":"Microsoft-Windows-Sysmon/Operational","Domain":"NT AUTHORITY","AccountName":"SYSTEM","UserID":"S-1-5-18","AccountType":"User","Message":"Registry value set:\r\nRuleName: technique_id=T1543,technique_name=Service Creation\r\nEventType: SetValue\r\nUtcTime: 2022-07-08 13:41:04.034\r\nProcessGuid: {6b7cbb53-316d-62c8-1600-000000000e00}\r\nProcessId: 608\r\nImage: C:\\Windows\\system32\\svchost.exe\r\nTargetObject: HKLM\\System\\CurrentControlSet\\Services\\SmsRouter\\State\\Registration\\Ids\\{E1153868-667E-4715-B654-B589CC9631F5}\\ApplicationName\r\nDetails: SmsRouter\r\nUser: NT AUTHORITY\\LOCAL SERVICE","Category":"Registry value set (rule: RegistryEvent)","Opcode":"Info","RuleName":"technique_id=T1543,technique_name=Service Creation","UtcTime":"2022-07-08 13:41:04.034","ProcessGuid":"{6b7cbb53-316d-62c8-1600-000000000e00}","Image":"C:\\Windows\\system32\\svchost.exe","TargetObject":"HKLM\\System\\CurrentControlSet\\Services\\SmsRouter\\State\\Registration\\Ids\\{E1153868-667E-4715-B654-B589CC9631F5}\\ApplicationName","Details":"SmsRouter","User":"NT AUTHORITY\\LOCAL SERVICE","EventReceivedTime":1657287664,"SourceModuleName":"in_sysmon","SourceModuleType":"im_msvistalog"}
<14>Jul  8 13:41:04 wrk-shasek.stackedpads.local Microsoft-Windows-Sysmon[2568]: {"EventTime":1657287664,"Hostname":"wrk-shasek.stackedpads.local","Keywords":-9223372036854775808,"EventType":"INFO","SeverityValue":2,"Severity":"INFO","EventID":13,"SourceName":"Microsoft-Windows-Sysmon","ProviderGuid":"{5770385F-C22A-43E0-BF4C-06F5698FFBD9}","Version":2,"Task":13,"OpcodeValue":0,"RecordNumber":72393,"ProcessID":2568,"ThreadID":3284,"Channel":"Microsoft-Windows-Sysmon/Operational","Domain":"NT AUTHORITY","AccountName":"SYSTEM","UserID":"S-1-5-18","AccountType":"User","Message":"Registry value set:\r\nRuleName: technique_id=T1543,technique_name=Service Creation\r\nEventType: SetValue\r\nUtcTime: 2022-07-08 13:41:04.034\r\nProcessGuid: {6b7cbb53-316d-62c8-1600-000000000e00}\r\nProcessId: 608\r\nImage: C:\\Windows\\system32\\svchost.exe\r\nTargetObject: HKLM\\System\\CurrentControlSet\\Services\\SmsRouter\\State\\Registration\\Ids\\{E1153868-667E-4715-B654-B589CC9631F5}\\Transient\r\nDetails: DWORD (0x00000001)\r\nUser: NT AUTHORITY\\LOCAL SERVICE","Category":"Registry value set (rule: RegistryEvent)","Opcode":"Info","RuleName":"technique_id=T1543,technique_name=Service Creation","UtcTime":"2022-07-08 13:41:04.034","ProcessGuid":"{6b7cbb53-316d-62c8-1600-000000000e00}","Image":"C:\\Windows\\system32\\svchost.exe","TargetObject":"HKLM\\System\\CurrentControlSet\\Services\\SmsRouter\\State\\Registration\\Ids\\{E1153868-667E-4715-B654-B589CC9631F5}\\Transient","Details":"DWORD (0x00000001)","User":"NT AUTHORITY\\LOCAL SERVICE","EventReceivedTime":1657287664,"SourceModuleName":"in_sysmon","SourceModuleType":"im_msvistalog"}
<14>Jul  8 13:41:04 wrk-shasek.stackedpads.local Microsoft-Windows-Sysmon[2568]: {"EventTime":1657287664,"Hostname":"wrk-shasek.stackedpads.local","Keywords":-9223372036854775808,"EventType":"INFO","SeverityValue":2,"Severity":"INFO","EventID":13,"SourceName":"Microsoft-Windows-Sysmon","ProviderGuid":"{5770385F-C22A-43E0-BF4C-06F5698FFBD9}","Version":2,"Task":13,"OpcodeValue":0,"RecordNumber":72395,"ProcessID":2568,"ThreadID":3284,"Channel":"Microsoft-Windows-Sysmon/Operational","Domain":"NT AUTHORITY","AccountName":"SYSTEM","UserID":"S-1-5-18","AccountType":"User","Message":"Registry value set:\r\nRuleName: technique_id=T1543,technique_name=Service Creation\r\nEventType: SetValue\r\nUtcTime: 2022-07-08 13:41:04.034\r\nProcessGuid: {6b7cbb53-316d-62c8-1600-000000000e00}\r\nProcessId: 608\r\nImage: C:\\Windows\\system32\\svchost.exe\r\nTargetObject: HKLM\\System\\CurrentControlSet\\Services\\SmsRouter\\State\\Registration\\Ids\\{E1153868-667E-4715-B654-B589CC9631F5}\\DeliveryType\r\nDetails: DWORD (0x00000002)\r\nUser: NT AUTHORITY\\LOCAL SERVICE","Category":"Registry value set (rule: RegistryEvent)","Opcode":"Info","RuleName":"technique_id=T1543,technique_name=Service Creation","UtcTime":"2022-07-08 13:41:04.034","ProcessGuid":"{6b7cbb53-316d-62c8-1600-000000000e00}","Image":"C:\\Windows\\system32\\svchost.exe","TargetObject":"HKLM\\System\\CurrentControlSet\\Services\\SmsRouter\\State\\Registration\\Ids\\{E1153868-667E-4715-B654-B589CC9631F5}\\DeliveryType","Details":"DWORD (0x00000002)","User":"NT AUTHORITY\\LOCAL SERVICE","EventReceivedTime":1657287664,"SourceModuleName":"in_sysmon","SourceModuleType":"im_msvistalog"}
<14>Jul  8 13:41:04 wrk-shasek.stackedpads.local Microsoft-Windows-Sysmon[2568]: {"EventTime":1657287664,"Hostname":"wrk-shasek.stackedpads.local","Keywords":-9223372036854775808,"EventType":"INFO","SeverityValue":2,"Severity":"INFO","EventID":13,"SourceName":"Microsoft-Windows-Sysmon","ProviderGuid":"{5770385F-C22A-43E0-BF4C-06F5698FFBD9}","Version":2,"Task":13,"OpcodeValue":0,"RecordNumber":72388,"ProcessID":2568,"ThreadID":3284,"Channel":"Microsoft-Windows-Sysmon/Operational","Domain":"NT AUTHORITY","AccountName":"SYSTEM","UserID":"S-1-5-18","AccountType":"User","Message":"Registry value set:\r\nRuleName: technique_id=T1543,technique_name=Service Creation\r\nEventType: SetValue\r\nUtcTime: 2022-07-08 13:41:04.034\r\nProcessGuid: {6b7cbb53-316d-62c8-1600-000000000e00}\r\nProcessId: 608\r\nImage: C:\\Windows\\system32\\svchost.exe\r\nTargetObject: HKLM\\System\\CurrentControlSet\\Services\\SmsRouter\\State\\Registration\\Map\\S-1-5-19#SmsRouter#SmsDropAcceptImmediate\r\nDetails: {E1153868-667E-4715-B654-B589CC9631F5}\r\nUser: NT AUTHORITY\\LOCAL SERVICE","Category":"Registry value set (rule: RegistryEvent)","Opcode":"Info","RuleName":"technique_id=T1543,technique_name=Service Creation","UtcTime":"2022-07-08 13:41:04.034","ProcessGuid":"{6b7cbb53-316d-62c8-1600-000000000e00}","Image":"C:\\Windows\\system32\\svchost.exe","TargetObject":"HKLM\\System\\CurrentControlSet\\Services\\SmsRouter\\State\\Registration\\Map\\S-1-5-19#SmsRouter#SmsDropAcceptImmediate","Details":"{E1153868-667E-4715-B654-B589CC9631F5}","User":"NT AUTHORITY\\LOCAL SERVICE","EventReceivedTime":1657287664,"SourceModuleName":"in_sysmon","SourceModuleType":"im_msvistalog"}
<14>Jul  8 13:41:04 wrk-shasek.stackedpads.local Microsoft-Windows-Sysmon[2568]: {"EventTime":1657287664,"Hostname":"wrk-shasek.stackedpads.local","Keywords":-9223372036854775808,"EventType":"INFO","SeverityValue":2,"Severity":"INFO","EventID":13,"SourceName":"Microsoft-Windows-Sysmon","ProviderGuid":"{5770385F-C22A-43E0-BF4C-06F5698FFBD9}","Version":2,"Task":13,"OpcodeValue":0,"RecordNumber":72394,"ProcessID":2568,"ThreadID":3284,"Channel":"Microsoft-Windows-Sysmon/Operational","Domain":"NT AUTHORITY","AccountName":"SYSTEM","UserID":"S-1-5-18","AccountType":"User","Message":"Registry value set:\r\nRuleName: technique_id=T1543,technique_name=Service Creation\r\nEventType: SetValue\r\nUtcTime: 2022-07-08 13:41:04.034\r\nProcessGuid: {6b7cbb53-316d-62c8-1600-000000000e00}\r\nProcessId: 608\r\nImage: C:\\Windows\\system32\\svchost.exe\r\nTargetObject: HKLM\\System\\CurrentControlSet\\Services\\SmsRouter\\State\\Registration\\Ids\\{E1153868-667E-4715-B654-B589CC9631F5}\\IsPackaged\r\nDetails: DWORD (0x00000000)\r\nUser: NT AUTHORITY\\LOCAL SERVICE","Category":"Registry value set (rule: RegistryEvent)","Opcode":"Info","RuleName":"technique_id=T1543,technique_name=Service Creation","UtcTime":"2022-07-08 13:41:04.034","ProcessGuid":"{6b7cbb53-316d-62c8-1600-000000000e00}","Image":"C:\\Windows\\system32\\svchost.exe","TargetObject":"HKLM\\System\\CurrentControlSet\\Services\\SmsRouter\\State\\Registration\\Ids\\{E1153868-667E-4715-B654-B589CC9631F5}\\IsPackaged","Details":"DWORD (0x00000000)","User":"NT AUTHORITY\\LOCAL SERVICE","EventReceivedTime":1657287664,"SourceModuleName":"in_sysmon","SourceModuleType":"im_msvistalog"}
<14>Jul  8 13:41:04 wrk-shasek.stackedpads.local Microsoft-Windows-Sysmon[2568]: {"EventTime":1657287664,"Hostname":"wrk-shasek.stackedpads.local","Keywords":-9223372036854775808,"EventType":"INFO","SeverityValue":2,"Severity":"INFO","EventID":13,"SourceName":"Microsoft-Windows-Sysmon","ProviderGuid":"{5770385F-C22A-43E0-BF4C-06F5698FFBD9}","Version":2,"Task":13,"OpcodeValue":0,"RecordNumber":72402,"ProcessID":2568,"ThreadID":3284,"Channel":"Microsoft-Windows-Sysmon/Operational","Domain":"NT AUTHORITY","AccountName":"SYSTEM","UserID":"S-1-5-18","AccountType":"User","Message":"Registry value set:\r\nRuleName: technique_id=T1543,technique_name=Service Creation\r\nEventType: SetValue\r\nUtcTime: 2022-07-08 13:41:04.034\r\nProcessGuid: {6b7cbb53-316d-62c8-1600-000000000e00}\r\nProcessId: 608\r\nImage: C:\\Windows\\system32\\svchost.exe\r\nTargetObject: HKLM\\System\\CurrentControlSet\\Services\\SmsRouter\\State\\Registration\\Ids\\{E1153868-667E-4715-B654-B589CC9631F5}\\NotifyCount\r\nDetails: DWORD (0x00000000)\r\nUser: NT AUTHORITY\\LOCAL SERVICE","Category":"Registry value set (rule: RegistryEvent)","Opcode":"Info","RuleName":"technique_id=T1543,technique_name=Service Creation","UtcTime":"2022-07-08 13:41:04.034","ProcessGuid":"{6b7cbb53-316d-62c8-1600-000000000e00}","Image":"C:\\Windows\\system32\\svchost.exe","TargetObject":"HKLM\\System\\CurrentControlSet\\Services\\SmsRouter\\State\\Registration\\Ids\\{E1153868-667E-4715-B654-B589CC9631F5}\\NotifyCount","Details":"DWORD (0x00000000)","User":"NT AUTHORITY\\LOCAL SERVICE","EventReceivedTime":1657287664,"SourceModuleName":"in_sysmon","SourceModuleType":"im_msvistalog"}
<14>Jul  8 13:41:04 wrk-shasek.stackedpads.local Microsoft-Windows-Sysmon[2568]: {"EventTime":1657287664,"Hostname":"wrk-shasek.stackedpads.local","Keywords":-9223372036854775808,"EventType":"INFO","SeverityValue":2,"Severity":"INFO","EventID":13,"SourceName":"Microsoft-Windows-Sysmon","ProviderGuid":"{5770385F-C22A-43E0-BF4C-06F5698FFBD9}","Version":2,"Task":13,"OpcodeValue":0,"RecordNumber":72401,"ProcessID":2568,"ThreadID":3284,"Channel":"Microsoft-Windows-Sysmon/Operational","Domain":"NT AUTHORITY","AccountName":"SYSTEM","UserID":"S-1-5-18","AccountType":"User","Message":"Registry value set:\r\nRuleName: technique_id=T1543,technique_name=Service Creation\r\nEventType: SetValue\r\nUtcTime: 2022-07-08 13:41:04.034\r\nProcessGuid: {6b7cbb53-316d-62c8-1600-000000000e00}\r\nProcessId: 608\r\nImage: C:\\Windows\\system32\\svchost.exe\r\nTargetObject: HKLM\\System\\CurrentControlSet\\Services\\SmsRouter\\State\\Registration\\Ids\\{E1153868-667E-4715-B654-B589CC9631F5}\\LastAccessedMessageId\r\nDetails: QWORD (0xffffffff-0xffffffff)\r\nUser: NT AUTHORITY\\LOCAL SERVICE","Category":"Registry value set (rule: RegistryEvent)","Opcode":"Info","RuleName":"technique_id=T1543,technique_name=Service Creation","UtcTime":"2022-07-08 13:41:04.034","ProcessGuid":"{6b7cbb53-316d-62c8-1600-000000000e00}","Image":"C:\\Windows\\system32\\svchost.exe","TargetObject":"HKLM\\System\\CurrentControlSet\\Services\\SmsRouter\\State\\Registration\\Ids\\{E1153868-667E-4715-B654-B589CC9631F5}\\LastAccessedMessageId","Details":"QWORD (0xffffffff-0xffffffff)","User":"NT AUTHORITY\\LOCAL SERVICE","EventReceivedTime":1657287664,"SourceModuleName":"in_sysmon","SourceModuleType":"im_msvistalog"}
<14>Jul  8 13:41:04 wrk-shasek.stackedpads.local Microsoft-Windows-Sysmon[2568]: {"EventTime":1657287664,"Hostname":"wrk-shasek.stackedpads.local","Keywords":-9223372036854775808,"EventType":"INFO","SeverityValue":2,"Severity":"INFO","EventID":13,"SourceName":"Microsoft-Windows-Sysmon","ProviderGuid":"{5770385F-C22A-43E0-BF4C-06F5698FFBD9}","Version":2,"Task":13,"OpcodeValue":0,"RecordNumber":72400,"ProcessID":2568,"ThreadID":3284,"Channel":"Microsoft-Windows-Sysmon/Operational","Domain":"NT AUTHORITY","AccountName":"SYSTEM","UserID":"S-1-5-18","AccountType":"User","Message":"Registry value set:\r\nRuleName: technique_id=T1543,technique_name=Service Creation\r\nEventType: SetValue\r\nUtcTime: 2022-07-08 13:41:04.034\r\nProcessGuid: {6b7cbb53-316d-62c8-1600-000000000e00}\r\nProcessId: 608\r\nImage: C:\\Windows\\system32\\svchost.exe\r\nTargetObject: HKLM\\System\\CurrentControlSet\\Services\\SmsRouter\\State\\Registration\\Ids\\{E1153868-667E-4715-B654-B589CC9631F5}\\LastNotifiedMessageId\r\nDetails: QWORD (0xffffffff-0xffffffff)\r\nUser: NT AUTHORITY\\LOCAL SERVICE","Category":"Registry value set (rule: RegistryEvent)","Opcode":"Info","RuleName":"technique_id=T1543,technique_name=Service Creation","UtcTime":"2022-07-08 13:41:04.034","ProcessGuid":"{6b7cbb53-316d-62c8-1600-000000000e00}","Image":"C:\\Windows\\system32\\svchost.exe","TargetObject":"HKLM\\System\\CurrentControlSet\\Services\\SmsRouter\\State\\Registration\\Ids\\{E1153868-667E-4715-B654-B589CC9631F5}\\LastNotifiedMessageId","Details":"QWORD (0xffffffff-0xffffffff)","User":"NT AUTHORITY\\LOCAL SERVICE","EventReceivedTime":1657287664,"SourceModuleName":"in_sysmon","SourceModuleType":"im_msvistalog"}
<14>Jul  8 13:41:04 wrk-shasek.stackedpads.local Microsoft-Windows-Sysmon[2568]: {"EventTime":1657287664,"Hostname":"wrk-shasek.stackedpads.local","Keywords":-9223372036854775808,"EventType":"INFO","SeverityValue":2,"Severity":"INFO","EventID":13,"SourceName":"Microsoft-Windows-Sysmon","ProviderGuid":"{5770385F-C22A-43E0-BF4C-06F5698FFBD9}","Version":2,"Task":13,"OpcodeValue":0,"RecordNumber":72399,"ProcessID":2568,"ThreadID":3284,"Channel":"Microsoft-Windows-Sysmon/Operational","Domain":"NT AUTHORITY","AccountName":"SYSTEM","UserID":"S-1-5-18","AccountType":"User","Message":"Registry value set:\r\nRuleName: technique_id=T1543,technique_name=Service Creation\r\nEventType: SetValue\r\nUtcTime: 2022-07-08 13:41:04.034\r\nProcessGuid: {6b7cbb53-316d-62c8-1600-000000000e00}\r\nProcessId: 608\r\nImage: C:\\Windows\\system32\\svchost.exe\r\nTargetObject: HKLM\\System\\CurrentControlSet\\Services\\SmsRouter\\State\\Registration\\Ids\\{E1153868-667E-4715-B654-B589CC9631F5}\\UserSid\r\nDetails: S-1-5-19\r\nUser: NT AUTHORITY\\LOCAL SERVICE","Category":"Registry value set (rule: RegistryEvent)","Opcode":"Info","RuleName":"technique_id=T1543,technique_name=Service Creation","UtcTime":"2022-07-08 13:41:04.034","ProcessGuid":"{6b7cbb53-316d-62c8-1600-000000000e00}","Image":"C:\\Windows\\system32\\svchost.exe","TargetObject":"HKLM\\System\\CurrentControlSet\\Services\\SmsRouter\\State\\Registration\\Ids\\{E1153868-667E-4715-B654-B589CC9631F5}\\UserSid","Details":"S-1-5-19","User":"NT AUTHORITY\\LOCAL SERVICE","EventReceivedTime":1657287664,"SourceModuleName":"in_sysmon","SourceModuleType":"im_msvistalog"}
<14>Jul  8 13:41:04 wrk-shasek.stackedpads.local Microsoft-Windows-Sysmon[2568]: {"EventTime":1657287664,"Hostname":"wrk-shasek.stackedpads.local","Keywords":-9223372036854775808,"EventType":"INFO","SeverityValue":2,"Severity":"INFO","EventID":13,"SourceName":"Microsoft-Windows-Sysmon","ProviderGuid":"{5770385F-C22A-43E0-BF4C-06F5698FFBD9}","Version":2,"Task":13,"OpcodeValue":0,"RecordNumber":72396,"ProcessID":2568,"ThreadID":3284,"Channel":"Microsoft-Windows-Sysmon/Operational","Domain":"NT AUTHORITY","AccountName":"SYSTEM","UserID":"S-1-5-18","AccountType":"User","Message":"Registry value set:\r\nRuleName: technique_id=T1543,technique_name=Service Creation\r\nEventType: SetValue\r\nUtcTime: 2022-07-08 13:41:04.034\r\nProcessGuid: {6b7cbb53-316d-62c8-1600-000000000e00}\r\nProcessId: 608\r\nImage: C:\\Windows\\system32\\svchost.exe\r\nTargetObject: HKLM\\System\\CurrentControlSet\\Services\\SmsRouter\\State\\Registration\\Ids\\{E1153868-667E-4715-B654-B589CC9631F5}\\FilterXML\r\nDetails: <SmsMessageFilter Action=\"Drop\" Flags=\"1\"><FilterRule></FilterRule></SmsMessageFilter>\r\nUser: NT AUTHORITY\\LOCAL SERVICE","Category":"Registry value set (rule: RegistryEvent)","Opcode":"Info","RuleName":"technique_id=T1543,technique_name=Service Creation","UtcTime":"2022-07-08 13:41:04.034","ProcessGuid":"{6b7cbb53-316d-62c8-1600-000000000e00}","Image":"C:\\Windows\\system32\\svchost.exe","TargetObject":"HKLM\\System\\CurrentControlSet\\Services\\SmsRouter\\State\\Registration\\Ids\\{E1153868-667E-4715-B654-B589CC9631F5}\\FilterXML","Details":"&lt;SmsMessageFilter Action=\"Drop\" Flags=\"1\"&gt;&lt;FilterRule&gt;&lt;/FilterRule&gt;&lt;/SmsMessageFilter&gt;","User":"NT AUTHORITY\\LOCAL SERVICE","EventReceivedTime":1657287664,"SourceModuleName":"in_sysmon","SourceModuleType":"im_msvistalog"}
<14>Jul  8 13:41:04 wrk-shasek.stackedpads.local Microsoft-Windows-Sysmon[2568]: {"EventTime":1657287664,"Hostname":"wrk-shasek.stackedpads.local","Keywords":-9223372036854775808,"EventType":"INFO","SeverityValue":2,"Severity":"INFO","EventID":13,"SourceName":"Microsoft-Windows-Sysmon","ProviderGuid":"{5770385F-C22A-43E0-BF4C-06F5698FFBD9}","Version":2,"Task":13,"OpcodeValue":0,"RecordNumber":72397,"ProcessID":2568,"ThreadID":3284,"Channel":"Microsoft-Windows-Sysmon/Operational","Domain":"NT AUTHORITY","AccountName":"SYSTEM","UserID":"S-1-5-18","AccountType":"User","Message":"Registry value set:\r\nRuleName: technique_id=T1543,technique_name=Service Creation\r\nEventType: SetValue\r\nUtcTime: 2022-07-08 13:41:04.034\r\nProcessGuid: {6b7cbb53-316d-62c8-1600-000000000e00}\r\nProcessId: 608\r\nImage: C:\\Windows\\system32\\svchost.exe\r\nTargetObject: HKLM\\System\\CurrentControlSet\\Services\\SmsRouter\\State\\Registration\\Ids\\{E1153868-667E-4715-B654-B589CC9631F5}\\RegistrationName\r\nDetails: SmsDropAcceptImmediate\r\nUser: NT AUTHORITY\\LOCAL SERVICE","Category":"Registry value set (rule: RegistryEvent)","Opcode":"Info","RuleName":"technique_id=T1543,technique_name=Service Creation","UtcTime":"2022-07-08 13:41:04.034","ProcessGuid":"{6b7cbb53-316d-62c8-1600-000000000e00}","Image":"C:\\Windows\\system32\\svchost.exe","TargetObject":"HKLM\\System\\CurrentControlSet\\Services\\SmsRouter\\State\\Registration\\Ids\\{E1153868-667E-4715-B654-B589CC9631F5}\\RegistrationName","Details":"SmsDropAcceptImmediate","User":"NT AUTHORITY\\LOCAL SERVICE","EventReceivedTime":1657287664,"SourceModuleName":"in_sysmon","SourceModuleType":"im_msvistalog"}
<14>Jul  8 13:41:04 wrk-shasek.stackedpads.local Microsoft-Windows-Sysmon[2568]: {"EventTime":1657287664,"Hostname":"wrk-shasek.stackedpads.local","Keywords":-9223372036854775808,"EventType":"INFO","SeverityValue":2,"Severity":"INFO","EventID":12,"SourceName":"Microsoft-Windows-Sysmon","ProviderGuid":"{5770385F-C22A-43E0-BF4C-06F5698FFBD9}","Version":2,"Task":12,"OpcodeValue":0,"RecordNumber":72387,"ProcessID":2568,"ThreadID":3284,"Channel":"Microsoft-Windows-Sysmon/Operational","Domain":"NT AUTHORITY","AccountName":"SYSTEM","UserID":"S-1-5-18","AccountType":"User","Message":"Registry object added or deleted:\r\nRuleName: technique_id=T1543,technique_name=Service Creation\r\nEventType: CreateKey\r\nUtcTime: 2022-07-08 13:41:04.034\r\nProcessGuid: {6b7cbb53-316d-62c8-1600-000000000e00}\r\nProcessId: 608\r\nImage: C:\\Windows\\system32\\svchost.exe\r\nTargetObject: HKLM\\System\\CurrentControlSet\\Services\\SmsRouter\\State\\Registration\\Map\r\nUser: NT AUTHORITY\\LOCAL SERVICE","Category":"Registry object added or deleted (rule: RegistryEvent)","Opcode":"Info","RuleName":"technique_id=T1543,technique_name=Service Creation","UtcTime":"2022-07-08 13:41:04.034","ProcessGuid":"{6b7cbb53-316d-62c8-1600-000000000e00}","Image":"C:\\Windows\\system32\\svchost.exe","TargetObject":"HKLM\\System\\CurrentControlSet\\Services\\SmsRouter\\State\\Registration\\Map","User":"NT AUTHORITY\\LOCAL SERVICE","EventReceivedTime":1657287664,"SourceModuleName":"in_sysmon","SourceModuleType":"im_msvistalog"}
<14>Jul  8 13:41:04 wrk-shasek.stackedpads.local Microsoft-Windows-Sysmon[2568]: {"EventTime":1657287664,"Hostname":"wrk-shasek.stackedpads.local","Keywords":-9223372036854775808,"EventType":"INFO","SeverityValue":2,"Severity":"INFO","EventID":13,"SourceName":"Microsoft-Windows-Sysmon","ProviderGuid":"{5770385F-C22A-43E0-BF4C-06F5698FFBD9}","Version":2,"Task":13,"OpcodeValue":0,"RecordNumber":72391,"ProcessID":2568,"ThreadID":3284,"Channel":"Microsoft-Windows-Sysmon/Operational","Domain":"NT AUTHORITY","AccountName":"SYSTEM","UserID":"S-1-5-18","AccountType":"User","Message":"Registry value set:\r\nRuleName: technique_id=T1543,technique_name=Service Creation\r\nEventType: SetValue\r\nUtcTime: 2022-07-08 13:41:04.034\r\nProcessGuid: {6b7cbb53-316d-62c8-1600-000000000e00}\r\nProcessId: 608\r\nImage: C:\\Windows\\system32\\svchost.exe\r\nTargetObject: HKLM\\System\\CurrentControlSet\\Services\\SmsRouter\\State\\Registration\\Ids\\{E1153868-667E-4715-B654-B589CC9631F5}\\Priority\r\nDetails: DWORD (0x01000000)\r\nUser: NT AUTHORITY\\LOCAL SERVICE","Category":"Registry value set (rule: RegistryEvent)","Opcode":"Info","RuleName":"technique_id=T1543,technique_name=Service Creation","UtcTime":"2022-07-08 13:41:04.034","ProcessGuid":"{6b7cbb53-316d-62c8-1600-000000000e00}","Image":"C:\\Windows\\system32\\svchost.exe","TargetObject":"HKLM\\System\\CurrentControlSet\\Services\\SmsRouter\\State\\Registration\\Ids\\{E1153868-667E-4715-B654-B589CC9631F5}\\Priority","Details":"DWORD (0x01000000)","User":"NT AUTHORITY\\LOCAL SERVICE","EventReceivedTime":1657287664,"SourceModuleName":"in_sysmon","SourceModuleType":"im_msvistalog"}
<14>Jul  8 13:41:04 wrk-shasek.stackedpads.local Microsoft-Windows-Sysmon[2568]: {"EventTime":1657287664,"Hostname":"wrk-shasek.stackedpads.local","Keywords":-9223372036854775808,"EventType":"INFO","SeverityValue":2,"Severity":"INFO","EventID":13,"SourceName":"Microsoft-Windows-Sysmon","ProviderGuid":"{5770385F-C22A-43E0-BF4C-06F5698FFBD9}","Version":2,"Task":13,"OpcodeValue":0,"RecordNumber":72392,"ProcessID":2568,"ThreadID":3284,"Channel":"Microsoft-Windows-Sysmon/Operational","Domain":"NT AUTHORITY","AccountName":"SYSTEM","UserID":"S-1-5-18","AccountType":"User","Message":"Registry value set:\r\nRuleName: technique_id=T1543,technique_name=Service Creation\r\nEventType: SetValue\r\nUtcTime: 2022-07-08 13:41:04.034\r\nProcessGuid: {6b7cbb53-316d-62c8-1600-000000000e00}\r\nProcessId: 608\r\nImage: C:\\Windows\\system32\\svchost.exe\r\nTargetObject: HKLM\\System\\CurrentControlSet\\Services\\SmsRouter\\State\\Registration\\Ids\\{E1153868-667E-4715-B654-B589CC9631F5}\\CreationTime\r\nDetails: QWORD (0x00000000-0x62c833f0)\r\nUser: NT AUTHORITY\\LOCAL SERVICE","Category":"Registry value set (rule: RegistryEvent)","Opcode":"Info","RuleName":"technique_id=T1543,technique_name=Service Creation","UtcTime":"2022-07-08 13:41:04.034","ProcessGuid":"{6b7cbb53-316d-62c8-1600-000000000e00}","Image":"C:\\Windows\\system32\\svchost.exe","TargetObject":"HKLM\\System\\CurrentControlSet\\Services\\SmsRouter\\State\\Registration\\Ids\\{E1153868-667E-4715-B654-B589CC9631F5}\\CreationTime","Details":"QWORD (0x00000000-0x62c833f0)","User":"NT AUTHORITY\\LOCAL SERVICE","EventReceivedTime":1657287664,"SourceModuleName":"in_sysmon","SourceModuleType":"im_msvistalog"}
