<14>Jul  8 13:40:10 activedir.stackedpads.local Microsoft-Windows-Sysmon[3224]: {"EventTime":1657287608,"Hostname":"activedir.stackedpads.local","Keywords":-9223372036854775808,"EventType":"INFO","SeverityValue":2,"Severity":"INFO","EventID":7,"SourceName":"Microsoft-Windows-Sysmon","ProviderGuid":"{5770385F-C22A-43E0-BF4C-06F5698FFBD9}","Version":3,"Task":7,"OpcodeValue":0,"RecordNumber":278076,"ProcessID":3224,"ThreadID":4128,"Channel":"Microsoft-Windows-Sysmon/Operational","Domain":"NT AUTHORITY","AccountName":"SYSTEM","UserID":"S-1-5-18","AccountType":"User","Message":"Image loaded:\r\nRuleName: -\r\nUtcTime: 2022-07-08 13:40:08.887\r\nProcessGuid: {3be6fa21-33b8-62c8-d400-000000001100}\r\nProcessId: 2452\r\nImage: C:\\Windows\\System32\\LogonUI.exe\r\nImageLoaded: C:\\Windows\\System32\\urlmon.dll\r\nFileVersion: 11.00.17763.2989 (WinBuild.160101.0800)\r\nDescription: OLE32 Extensions for Win32\r\nProduct: Internet Explorer\r\nCompany: Microsoft Corporation\r\nOriginalFileName: UrlMon.dll\r\nHashes: SHA1=3405711CBD9F95E52D169FFDC291D9241AC26EE6,MD5=A8B176D8B94D7B36B6DE11B888BC2FFB,SHA256=7E2D45F13D79F2DC5FFFA2FE9A111AF51EC5FC45B7FCC3E56B9B5B75170B8B5D,IMPHASH=1A25F56E88192012CEA344CDE7EF7FF2\r\nSigned: true\r\nSignature: Microsoft Windows\r\nSignatureStatus: Valid\r\nUser: NT AUTHORITY\\SYSTEM","Category":"Image loaded (rule: ImageLoad)","Opcode":"Info","RuleName":"-","UtcTime":"2022-07-08 13:40:08.887","ProcessGuid":"{3be6fa21-33b8-62c8-d400-000000001100}","Image":"C:\\Windows\\System32\\LogonUI.exe","ImageLoaded":"C:\\Windows\\System32\\urlmon.dll","FileVersion":"11.00.17763.2989 (WinBuild.160101.0800)","Description":"OLE32 Extensions for Win32","Product":"Internet Explorer","Company":"Microsoft Corporation","OriginalFileName":"UrlMon.dll","Hashes":"SHA1=3405711CBD9F95E52D169FFDC291D9241AC26EE6,MD5=A8B176D8B94D7B36B6DE11B888BC2FFB,SHA256=7E2D45F13D79F2DC5FFFA2FE9A111AF51EC5FC45B7FCC3E56B9B5B75170B8B5D,IMPHASH=1A25F56E88192012CEA344CDE7EF7FF2","Signed":"true","Signature":"Microsoft Windows","SignatureStatus":"Valid","User":"NT AUTHORITY\\SYSTEM","EventReceivedTime":1657287610,"SourceModuleName":"in_sysmon","SourceModuleType":"im_msvistalog"}
<14>Jul  8 13:40:10 activedir.stackedpads.local Microsoft-Windows-Sysmon[3224]: {"EventTime":1657287609,"Hostname":"activedir.stackedpads.local","Keywords":-9223372036854775808,"EventType":"INFO","SeverityValue":2,"Severity":"INFO","EventID":11,"SourceName":"Microsoft-Windows-Sysmon","ProviderGuid":"{5770385F-C22A-43E0-BF4C-06F5698FFBD9}","Version":2,"Task":11,"OpcodeValue":0,"RecordNumber":278077,"ProcessID":3224,"ThreadID":4128,"Channel":"Microsoft-Windows-Sysmon/Operational","Domain":"NT AUTHORITY","AccountName":"SYSTEM","UserID":"S-1-5-18","AccountType":"User","Message":"File created:\r\nRuleName: -\r\nUtcTime: 2022-07-08 13:40:09.168\r\nProcessGuid: {3be6fa21-321d-62c8-ac00-000000001100}\r\nProcessId: 1588\r\nImage: C:\\Windows\\system32\\ServerManager.exe\r\nTargetFilename: C:\\Users\\fkolzig\\AppData\\Local\\Microsoft_Corporation\\ServerManager.exe_StrongName_m3xk0k0ucj0oj3ai2hibnhnv4xobnimj\\10.0.0.0\\5mzjtmr4.tmp\r\nCreationUtcTime: 2022-07-08 13:40:09.168\r\nUser: STACKEDPADS\\frank.kolzig","Category":"File created (rule: FileCreate)","Opcode":"Info","RuleName":"-","UtcTime":"2022-07-08 13:40:09.168","ProcessGuid":"{3be6fa21-321d-62c8-ac00-000000001100}","Image":"C:\\Windows\\system32\\ServerManager.exe","TargetFilename":"C:\\Users\\fkolzig\\AppData\\Local\\Microsoft_Corporation\\ServerManager.exe_StrongName_m3xk0k0ucj0oj3ai2hibnhnv4xobnimj\\10.0.0.0\\5mzjtmr4.tmp","CreationUtcTime":"2022-07-08 13:40:09.168","User":"STACKEDPADS\\frank.kolzig","EventReceivedTime":1657287610,"SourceModuleName":"in_sysmon","SourceModuleType":"im_msvistalog"}
<14>Jul  8 13:40:10 activedir.stackedpads.local Microsoft-Windows-Sysmon[3224]: {"EventTime":1657287609,"Hostname":"activedir.stackedpads.local","Keywords":-9223372036854775808,"EventType":"INFO","SeverityValue":2,"Severity":"INFO","EventID":11,"SourceName":"Microsoft-Windows-Sysmon","ProviderGuid":"{5770385F-C22A-43E0-BF4C-06F5698FFBD9}","Version":2,"Task":11,"OpcodeValue":0,"RecordNumber":278078,"ProcessID":3224,"ThreadID":4128,"Channel":"Microsoft-Windows-Sysmon/Operational","Domain":"NT AUTHORITY","AccountName":"SYSTEM","UserID":"S-1-5-18","AccountType":"User","Message":"File created:\r\nRuleName: -\r\nUtcTime: 2022-07-08 13:40:09.168\r\nProcessGuid: {3be6fa21-321d-62c8-ac00-000000001100}\r\nProcessId: 1588\r\nImage: C:\\Windows\\system32\\ServerManager.exe\r\nTargetFilename: C:\\Users\\fkolzig\\AppData\\Local\\Microsoft_Corporation\\ServerManager.exe_StrongName_m3xk0k0ucj0oj3ai2hibnhnv4xobnimj\\10.0.0.0\\5mzjtmr4.newcfg\r\nCreationUtcTime: 2022-07-08 13:40:09.168\r\nUser: STACKEDPADS\\frank.kolzig","Category":"File created (rule: FileCreate)","Opcode":"Info","RuleName":"-","UtcTime":"2022-07-08 13:40:09.168","ProcessGuid":"{3be6fa21-321d-62c8-ac00-000000001100}","Image":"C:\\Windows\\system32\\ServerManager.exe","TargetFilename":"C:\\Users\\fkolzig\\AppData\\Local\\Microsoft_Corporation\\ServerManager.exe_StrongName_m3xk0k0ucj0oj3ai2hibnhnv4xobnimj\\10.0.0.0\\5mzjtmr4.newcfg","CreationUtcTime":"2022-07-08 13:40:09.168","User":"STACKEDPADS\\frank.kolzig","EventReceivedTime":1657287610,"SourceModuleName":"in_sysmon","SourceModuleType":"im_msvistalog"}
<14>Jul  8 13:40:10 activedir.stackedpads.local Microsoft-Windows-Sysmon[3224]: {"EventTime":1657287609,"Hostname":"activedir.stackedpads.local","Keywords":-9223372036854775808,"EventType":"INFO","SeverityValue":2,"Severity":"INFO","EventID":11,"SourceName":"Microsoft-Windows-Sysmon","ProviderGuid":"{5770385F-C22A-43E0-BF4C-06F5698FFBD9}","Version":2,"Task":11,"OpcodeValue":0,"RecordNumber":278080,"ProcessID":3224,"ThreadID":4128,"Channel":"Microsoft-Windows-Sysmon/Operational","Domain":"NT AUTHORITY","AccountName":"SYSTEM","UserID":"S-1-5-18","AccountType":"User","Message":"File created:\r\nRuleName: -\r\nUtcTime: 2022-07-08 13:40:09.199\r\nProcessGuid: {3be6fa21-321d-62c8-ac00-000000001100}\r\nProcessId: 1588\r\nImage: C:\\Windows\\system32\\ServerManager.exe\r\nTargetFilename: C:\\Users\\fkolzig\\AppData\\Local\\Microsoft_Corporation\\ServerManager.exe_StrongName_m3xk0k0ucj0oj3ai2hibnhnv4xobnimj\\10.0.0.0\\rpyhm4cj.newcfg\r\nCreationUtcTime: 2022-07-08 13:40:09.199\r\nUser: STACKEDPADS\\frank.kolzig","Category":"File created (rule: FileCreate)","Opcode":"Info","RuleName":"-","UtcTime":"2022-07-08 13:40:09.199","ProcessGuid":"{3be6fa21-321d-62c8-ac00-000000001100}","Image":"C:\\Windows\\system32\\ServerManager.exe","TargetFilename":"C:\\Users\\fkolzig\\AppData\\Local\\Microsoft_Corporation\\ServerManager.exe_StrongName_m3xk0k0ucj0oj3ai2hibnhnv4xobnimj\\10.0.0.0\\rpyhm4cj.newcfg","CreationUtcTime":"2022-07-08 13:40:09.199","User":"STACKEDPADS\\frank.kolzig","EventReceivedTime":1657287610,"SourceModuleName":"in_sysmon","SourceModuleType":"im_msvistalog"}
<14>Jul  8 13:40:10 activedir.stackedpads.local Microsoft-Windows-Sysmon[3224]: {"EventTime":1657287609,"Hostname":"activedir.stackedpads.local","Keywords":-9223372036854775808,"EventType":"INFO","SeverityValue":2,"Severity":"INFO","EventID":11,"SourceName":"Microsoft-Windows-Sysmon","ProviderGuid":"{5770385F-C22A-43E0-BF4C-06F5698FFBD9}","Version":2,"Task":11,"OpcodeValue":0,"RecordNumber":278079,"ProcessID":3224,"ThreadID":4128,"Channel":"Microsoft-Windows-Sysmon/Operational","Domain":"NT AUTHORITY","AccountName":"SYSTEM","UserID":"S-1-5-18","AccountType":"User","Message":"File created:\r\nRuleName: -\r\nUtcTime: 2022-07-08 13:40:09.199\r\nProcessGuid: {3be6fa21-321d-62c8-ac00-000000001100}\r\nProcessId: 1588\r\nImage: C:\\Windows\\system32\\ServerManager.exe\r\nTargetFilename: C:\\Users\\fkolzig\\AppData\\Local\\Microsoft_Corporation\\ServerManager.exe_StrongName_m3xk0k0ucj0oj3ai2hibnhnv4xobnimj\\10.0.0.0\\rpyhm4cj.tmp\r\nCreationUtcTime: 2022-07-08 13:40:09.199\r\nUser: STACKEDPADS\\frank.kolzig","Category":"File created (rule: FileCreate)","Opcode":"Info","RuleName":"-","UtcTime":"2022-07-08 13:40:09.199","ProcessGuid":"{3be6fa21-321d-62c8-ac00-000000001100}","Image":"C:\\Windows\\system32\\ServerManager.exe","TargetFilename":"C:\\Users\\fkolzig\\AppData\\Local\\Microsoft_Corporation\\ServerManager.exe_StrongName_m3xk0k0ucj0oj3ai2hibnhnv4xobnimj\\10.0.0.0\\rpyhm4cj.tmp","CreationUtcTime":"2022-07-08 13:40:09.199","User":"STACKEDPADS\\frank.kolzig","EventReceivedTime":1657287610,"SourceModuleName":"in_sysmon","SourceModuleType":"im_msvistalog"}
<14>Jul  8 13:40:10 activedir.stackedpads.local Microsoft-Windows-Sysmon[3224]: {"EventTime":1657287609,"Hostname":"activedir.stackedpads.local","Keywords":-9223372036854775808,"EventType":"INFO","SeverityValue":2,"Severity":"INFO","EventID":11,"SourceName":"Microsoft-Windows-Sysmon","ProviderGuid":"{5770385F-C22A-43E0-BF4C-06F5698FFBD9}","Version":2,"Task":11,"OpcodeValue":0,"RecordNumber":278082,"ProcessID":3224,"ThreadID":4128,"Channel":"Microsoft-Windows-Sysmon/Operational","Domain":"NT AUTHORITY","AccountName":"SYSTEM","UserID":"S-1-5-18","AccountType":"User","Message":"File created:\r\nRuleName: -\r\nUtcTime: 2022-07-08 13:40:09.262\r\nProcessGuid: {3be6fa21-321d-62c8-ac00-000000001100}\r\nProcessId: 1588\r\nImage: C:\\Windows\\system32\\ServerManager.exe\r\nTargetFilename: C:\\Users\\fkolzig\\AppData\\Local\\Temp\\tmpB786.tmp\r\nCreationUtcTime: 2022-07-08 13:40:09.262\r\nUser: STACKEDPADS\\frank.kolzig","Category":"File created (rule: FileCreate)","Opcode":"Info","RuleName":"-","UtcTime":"2022-07-08 13:40:09.262","ProcessGuid":"{3be6fa21-321d-62c8-ac00-000000001100}","Image":"C:\\Windows\\system32\\ServerManager.exe","TargetFilename":"C:\\Users\\fkolzig\\AppData\\Local\\Temp\\tmpB786.tmp","CreationUtcTime":"2022-07-08 13:40:09.262","User":"STACKEDPADS\\frank.kolzig","EventReceivedTime":1657287610,"SourceModuleName":"in_sysmon","SourceModuleType":"im_msvistalog"}
<14>Jul  8 13:40:10 activedir.stackedpads.local Microsoft-Windows-Sysmon[3224]: {"EventTime":1657287609,"Hostname":"activedir.stackedpads.local","Keywords":-9223372036854775808,"EventType":"INFO","SeverityValue":2,"Severity":"INFO","EventID":11,"SourceName":"Microsoft-Windows-Sysmon","ProviderGuid":"{5770385F-C22A-43E0-BF4C-06F5698FFBD9}","Version":2,"Task":11,"OpcodeValue":0,"RecordNumber":278083,"ProcessID":3224,"ThreadID":4128,"Channel":"Microsoft-Windows-Sysmon/Operational","Domain":"NT AUTHORITY","AccountName":"SYSTEM","UserID":"S-1-5-18","AccountType":"User","Message":"File created:\r\nRuleName: -\r\nUtcTime: 2022-07-08 13:40:09.278\r\nProcessGuid: {3be6fa21-321d-62c8-ac00-000000001100}\r\nProcessId: 1588\r\nImage: C:\\Windows\\system32\\ServerManager.exe\r\nTargetFilename: C:\\Users\\fkolzig\\AppData\\Local\\Temp\\tmpB786.tmp\r\nCreationUtcTime: 2022-07-08 13:40:09.262\r\nUser: STACKEDPADS\\frank.kolzig","Category":"File created (rule: FileCreate)","Opcode":"Info","RuleName":"-","UtcTime":"2022-07-08 13:40:09.278","ProcessGuid":"{3be6fa21-321d-62c8-ac00-000000001100}","Image":"C:\\Windows\\system32\\ServerManager.exe","TargetFilename":"C:\\Users\\fkolzig\\AppData\\Local\\Temp\\tmpB786.tmp","CreationUtcTime":"2022-07-08 13:40:09.262","User":"STACKEDPADS\\frank.kolzig","EventReceivedTime":1657287610,"SourceModuleName":"in_sysmon","SourceModuleType":"im_msvistalog"}
<14>Jul  8 13:40:10 activedir.stackedpads.local Microsoft-Windows-Sysmon[3224]: {"EventTime":1657287609,"Hostname":"activedir.stackedpads.local","Keywords":-9223372036854775808,"EventType":"INFO","SeverityValue":2,"Severity":"INFO","EventID":11,"SourceName":"Microsoft-Windows-Sysmon","ProviderGuid":"{5770385F-C22A-43E0-BF4C-06F5698FFBD9}","Version":2,"Task":11,"OpcodeValue":0,"RecordNumber":278085,"ProcessID":3224,"ThreadID":4128,"Channel":"Microsoft-Windows-Sysmon/Operational","Domain":"NT AUTHORITY","AccountName":"SYSTEM","UserID":"S-1-5-18","AccountType":"User","Message":"File created:\r\nRuleName: -\r\nUtcTime: 2022-07-08 13:40:09.293\r\nProcessGuid: {3be6fa21-321d-62c8-ac00-000000001100}\r\nProcessId: 1588\r\nImage: C:\\Windows\\system32\\ServerManager.exe\r\nTargetFilename: C:\\Users\\fkolzig\\AppData\\Local\\Microsoft_Corporation\\ServerManager.exe_StrongName_m3xk0k0ucj0oj3ai2hibnhnv4xobnimj\\10.0.0.0\\itad0dx5.newcfg\r\nCreationUtcTime: 2022-07-08 13:40:09.293\r\nUser: STACKEDPADS\\frank.kolzig","Category":"File created (rule: FileCreate)","Opcode":"Info","RuleName":"-","UtcTime":"2022-07-08 13:40:09.293","ProcessGuid":"{3be6fa21-321d-62c8-ac00-000000001100}","Image":"C:\\Windows\\system32\\ServerManager.exe","TargetFilename":"C:\\Users\\fkolzig\\AppData\\Local\\Microsoft_Corporation\\ServerManager.exe_StrongName_m3xk0k0ucj0oj3ai2hibnhnv4xobnimj\\10.0.0.0\\itad0dx5.newcfg","CreationUtcTime":"2022-07-08 13:40:09.293","User":"STACKEDPADS\\frank.kolzig","EventReceivedTime":1657287610,"SourceModuleName":"in_sysmon","SourceModuleType":"im_msvistalog"}
<14>Jul  8 13:40:10 activedir.stackedpads.local Microsoft-Windows-Sysmon[3224]: {"EventTime":1657287609,"Hostname":"activedir.stackedpads.local","Keywords":-9223372036854775808,"EventType":"INFO","SeverityValue":2,"Severity":"INFO","EventID":11,"SourceName":"Microsoft-Windows-Sysmon","ProviderGuid":"{5770385F-C22A-43E0-BF4C-06F5698FFBD9}","Version":2,"Task":11,"OpcodeValue":0,"RecordNumber":278084,"ProcessID":3224,"ThreadID":4128,"Channel":"Microsoft-Windows-Sysmon/Operational","Domain":"NT AUTHORITY","AccountName":"SYSTEM","UserID":"S-1-5-18","AccountType":"User","Message":"File created:\r\nRuleName: -\r\nUtcTime: 2022-07-08 13:40:09.293\r\nProcessGuid: {3be6fa21-321d-62c8-ac00-000000001100}\r\nProcessId: 1588\r\nImage: C:\\Windows\\system32\\ServerManager.exe\r\nTargetFilename: C:\\Users\\fkolzig\\AppData\\Local\\Microsoft_Corporation\\ServerManager.exe_StrongName_m3xk0k0ucj0oj3ai2hibnhnv4xobnimj\\10.0.0.0\\itad0dx5.tmp\r\nCreationUtcTime: 2022-07-08 13:40:09.293\r\nUser: STACKEDPADS\\frank.kolzig","Category":"File created (rule: FileCreate)","Opcode":"Info","RuleName":"-","UtcTime":"2022-07-08 13:40:09.293","ProcessGuid":"{3be6fa21-321d-62c8-ac00-000000001100}","Image":"C:\\Windows\\system32\\ServerManager.exe","TargetFilename":"C:\\Users\\fkolzig\\AppData\\Local\\Microsoft_Corporation\\ServerManager.exe_StrongName_m3xk0k0ucj0oj3ai2hibnhnv4xobnimj\\10.0.0.0\\itad0dx5.tmp","CreationUtcTime":"2022-07-08 13:40:09.293","User":"STACKEDPADS\\frank.kolzig","EventReceivedTime":1657287610,"SourceModuleName":"in_sysmon","SourceModuleType":"im_msvistalog"}
<14>Jul  8 13:40:10 activedir.stackedpads.local Microsoft-Windows-Sysmon[3224]: {"EventTime":1657287609,"Hostname":"activedir.stackedpads.local","Keywords":-9223372036854775808,"EventType":"INFO","SeverityValue":2,"Severity":"INFO","EventID":11,"SourceName":"Microsoft-Windows-Sysmon","ProviderGuid":"{5770385F-C22A-43E0-BF4C-06F5698FFBD9}","Version":2,"Task":11,"OpcodeValue":0,"RecordNumber":278089,"ProcessID":3224,"ThreadID":4128,"Channel":"Microsoft-Windows-Sysmon/Operational","Domain":"NT AUTHORITY","AccountName":"SYSTEM","UserID":"S-1-5-18","AccountType":"User","Message":"File created:\r\nRuleName: -\r\nUtcTime: 2022-07-08 13:40:09.574\r\nProcessGuid: {3be6fa21-3218-62c8-a300-000000001100}\r\nProcessId: 5596\r\nImage: C:\\Windows\\Explorer.EXE\r\nTargetFilename: C:\\Users\\fkolzig\\AppData\\Local\\Microsoft\\PenWorkspace\\DiscoverCacheData.dat\r\nCreationUtcTime: 2022-06-08 17:26:24.121\r\nUser: STACKEDPADS\\frank.kolzig","Category":"File created (rule: FileCreate)","Opcode":"Info","RuleName":"-","UtcTime":"2022-07-08 13:40:09.574","ProcessGuid":"{3be6fa21-3218-62c8-a300-000000001100}","Image":"C:\\Windows\\Explorer.EXE","TargetFilename":"C:\\Users\\fkolzig\\AppData\\Local\\Microsoft\\PenWorkspace\\DiscoverCacheData.dat","CreationUtcTime":"2022-06-08 17:26:24.121","User":"STACKEDPADS\\frank.kolzig","EventReceivedTime":1657287610,"SourceModuleName":"in_sysmon","SourceModuleType":"im_msvistalog"}
<14>Jul  8 13:40:10 activedir.stackedpads.local Microsoft-Windows-Sysmon[3224]: {"EventTime":1657287609,"Hostname":"activedir.stackedpads.local","Keywords":-9223372036854775808,"EventType":"INFO","SeverityValue":2,"Severity":"INFO","EventID":17,"SourceName":"Microsoft-Windows-Sysmon","ProviderGuid":"{5770385F-C22A-43E0-BF4C-06F5698FFBD9}","Version":1,"Task":17,"OpcodeValue":0,"RecordNumber":278081,"ProcessID":3224,"ThreadID":4128,"Channel":"Microsoft-Windows-Sysmon/Operational","Domain":"NT AUTHORITY","AccountName":"SYSTEM","UserID":"S-1-5-18","AccountType":"User","Message":"Pipe Created:\r\nRuleName: -\r\nEventType: CreatePipe\r\nUtcTime: 2022-07-08 13:40:09.262\r\nProcessGuid: {3be6fa21-31c6-62c8-1300-000000001100}\r\nProcessId: 388\r\nPipeName: \\TSVCPIPE-d4367192-cacc-4d21-b89e-a855e36538db\r\nImage: C:\\Windows\\System32\\svchost.exe\r\nUser: NT AUTHORITY\\NETWORK SERVICE","Category":"Pipe Created (rule: PipeEvent)","Opcode":"Info","RuleName":"-","UtcTime":"2022-07-08 13:40:09.262","ProcessGuid":"{3be6fa21-31c6-62c8-1300-000000001100}","PipeName":"\\TSVCPIPE-d4367192-cacc-4d21-b89e-a855e36538db","Image":"C:\\Windows\\System32\\svchost.exe","User":"NT AUTHORITY\\NETWORK SERVICE","EventReceivedTime":1657287610,"SourceModuleName":"in_sysmon","SourceModuleType":"im_msvistalog"}
<14>Jul  8 13:40:10 activedir.stackedpads.local Microsoft-Windows-Sysmon[3224]: {"EventTime":1657287609,"Hostname":"activedir.stackedpads.local","Keywords":-9223372036854775808,"EventType":"INFO","SeverityValue":2,"Severity":"INFO","EventID":13,"SourceName":"Microsoft-Windows-Sysmon","ProviderGuid":"{5770385F-C22A-43E0-BF4C-06F5698FFBD9}","Version":2,"Task":13,"OpcodeValue":0,"RecordNumber":278086,"ProcessID":3224,"ThreadID":4128,"Channel":"Microsoft-Windows-Sysmon/Operational","Domain":"NT AUTHORITY","AccountName":"SYSTEM","UserID":"S-1-5-18","AccountType":"User","Message":"Registry value set:\r\nRuleName: technique_id=T1543,technique_name=Service Creation\r\nEventType: SetValue\r\nUtcTime: 2022-07-08 13:40:09.324\r\nProcessGuid: {3be6fa21-321d-62c8-ac00-000000001100}\r\nProcessId: 1588\r\nImage: C:\\Windows\\system32\\ServerManager.exe\r\nTargetObject: HKLM\\System\\CurrentControlSet\\Services\\bam\\State\\UserSettings\\S-1-5-21-2264196694-1469429678-912427992-1104\\\\Device\\HarddiskVolume3\\Windows\\System32\\ServerManager.exe\r\nDetails: Binary Data\r\nUser: STACKEDPADS\\frank.kolzig","Category":"Registry value set (rule: RegistryEvent)","Opcode":"Info","RuleName":"technique_id=T1543,technique_name=Service Creation","UtcTime":"2022-07-08 13:40:09.324","ProcessGuid":"{3be6fa21-321d-62c8-ac00-000000001100}","Image":"C:\\Windows\\system32\\ServerManager.exe","TargetObject":"HKLM\\System\\CurrentControlSet\\Services\\bam\\State\\UserSettings\\S-1-5-21-2264196694-1469429678-912427992-1104\\\\Device\\HarddiskVolume3\\Windows\\System32\\ServerManager.exe","Details":"Binary Data","User":"STACKEDPADS\\frank.kolzig","EventReceivedTime":1657287610,"SourceModuleName":"in_sysmon","SourceModuleType":"im_msvistalog"}
<14>Jul  8 13:40:10 activedir.stackedpads.local Microsoft-Windows-Sysmon[3224]: {"EventTime":1657287609,"Hostname":"activedir.stackedpads.local","Keywords":-9223372036854775808,"EventType":"INFO","SeverityValue":2,"Severity":"INFO","EventID":12,"SourceName":"Microsoft-Windows-Sysmon","ProviderGuid":"{5770385F-C22A-43E0-BF4C-06F5698FFBD9}","Version":2,"Task":12,"OpcodeValue":0,"RecordNumber":278087,"ProcessID":3224,"ThreadID":4128,"Channel":"Microsoft-Windows-Sysmon/Operational","Domain":"NT AUTHORITY","AccountName":"SYSTEM","UserID":"S-1-5-18","AccountType":"User","Message":"Registry object added or deleted:\r\nRuleName: -\r\nEventType: CreateKey\r\nUtcTime: 2022-07-08 13:40:09.387\r\nProcessGuid: {3be6fa21-3218-62c8-a300-000000001100}\r\nProcessId: 5596\r\nImage: C:\\Windows\\Explorer.EXE\r\nTargetObject: HKU\\S-1-5-21-2264196694-1469429678-912427992-1104\\Software\\Microsoft\\Internet Explorer\\Toolbar\r\nUser: STACKEDPADS\\frank.kolzig","Category":"Registry object added or deleted (rule: RegistryEvent)","Opcode":"Info","RuleName":"-","UtcTime":"2022-07-08 13:40:09.387","ProcessGuid":"{3be6fa21-3218-62c8-a300-000000001100}","Image":"C:\\Windows\\Explorer.EXE","TargetObject":"HKU\\S-1-5-21-2264196694-1469429678-912427992-1104\\Software\\Microsoft\\Internet Explorer\\Toolbar","User":"STACKEDPADS\\frank.kolzig","EventReceivedTime":1657287610,"SourceModuleName":"in_sysmon","SourceModuleType":"im_msvistalog"}
<14>Jul  8 13:40:10 activedir.stackedpads.local Microsoft-Windows-Sysmon[3224]: {"EventTime":1657287609,"Hostname":"activedir.stackedpads.local","Keywords":-9223372036854775808,"EventType":"INFO","SeverityValue":2,"Severity":"INFO","EventID":13,"SourceName":"Microsoft-Windows-Sysmon","ProviderGuid":"{5770385F-C22A-43E0-BF4C-06F5698FFBD9}","Version":2,"Task":13,"OpcodeValue":0,"RecordNumber":278088,"ProcessID":3224,"ThreadID":4128,"Channel":"Microsoft-Windows-Sysmon/Operational","Domain":"NT AUTHORITY","AccountName":"SYSTEM","UserID":"S-1-5-18","AccountType":"User","Message":"Registry value set:\r\nRuleName: technique_id=T1543,technique_name=Service Creation\r\nEventType: SetValue\r\nUtcTime: 2022-07-08 13:40:09.496\r\nProcessGuid: {3be6fa21-321b-62c8-a400-000000001100}\r\nProcessId: 5940\r\nImage: C:\\Windows\\SystemApps\\ShellExperienceHost_cw5n1h2txyewy\\ShellExperienceHost.exe\r\nTargetObject: HKLM\\System\\CurrentControlSet\\Services\\bam\\State\\UserSettings\\S-1-5-21-2264196694-1469429678-912427992-1104\\Microsoft.Windows.ShellExperienceHost_cw5n1h2txyewy\r\nDetails: Binary Data\r\nUser: STACKEDPADS\\frank.kolzig","Category":"Registry value set (rule: RegistryEvent)","Opcode":"Info","RuleName":"technique_id=T1543,technique_name=Service Creation","UtcTime":"2022-07-08 13:40:09.496","ProcessGuid":"{3be6fa21-321b-62c8-a400-000000001100}","Image":"C:\\Windows\\SystemApps\\ShellExperienceHost_cw5n1h2txyewy\\ShellExperienceHost.exe","TargetObject":"HKLM\\System\\CurrentControlSet\\Services\\bam\\State\\UserSettings\\S-1-5-21-2264196694-1469429678-912427992-1104\\Microsoft.Windows.ShellExperienceHost_cw5n1h2txyewy","Details":"Binary Data","User":"STACKEDPADS\\frank.kolzig","EventReceivedTime":1657287610,"SourceModuleName":"in_sysmon","SourceModuleType":"im_msvistalog"}
<14>Jul  8 13:40:10 activedir.stackedpads.local Microsoft-Windows-Sysmon[3224]: {"EventTime":1657287609,"Hostname":"activedir.stackedpads.local","Keywords":-9223372036854775808,"EventType":"INFO","SeverityValue":2,"Severity":"INFO","EventID":13,"SourceName":"Microsoft-Windows-Sysmon","ProviderGuid":"{5770385F-C22A-43E0-BF4C-06F5698FFBD9}","Version":2,"Task":13,"OpcodeValue":0,"RecordNumber":278091,"ProcessID":3224,"ThreadID":4128,"Channel":"Microsoft-Windows-Sysmon/Operational","Domain":"NT AUTHORITY","AccountName":"SYSTEM","UserID":"S-1-5-18","AccountType":"User","Message":"Registry value set:\r\nRuleName: technique_id=T1543,technique_name=Service Creation\r\nEventType: SetValue\r\nUtcTime: 2022-07-08 13:40:09.871\r\nProcessGuid: {3be6fa21-321c-62c8-aa00-000000001100}\r\nProcessId: 5840\r\nImage: C:\\Windows\\System32\\RuntimeBroker.exe\r\nTargetObject: HKLM\\System\\CurrentControlSet\\Services\\bam\\State\\UserSettings\\S-1-5-21-2264196694-1469429678-912427992-1104\\Microsoft.Windows.ShellExperienceHost_cw5n1h2txyewy\r\nDetails: Binary Data\r\nUser: STACKEDPADS\\frank.kolzig","Category":"Registry value set (rule: RegistryEvent)","Opcode":"Info","RuleName":"technique_id=T1543,technique_name=Service Creation","UtcTime":"2022-07-08 13:40:09.871","ProcessGuid":"{3be6fa21-321c-62c8-aa00-000000001100}","Image":"C:\\Windows\\System32\\RuntimeBroker.exe","TargetObject":"HKLM\\System\\CurrentControlSet\\Services\\bam\\State\\UserSettings\\S-1-5-21-2264196694-1469429678-912427992-1104\\Microsoft.Windows.ShellExperienceHost_cw5n1h2txyewy","Details":"Binary Data","User":"STACKEDPADS\\frank.kolzig","EventReceivedTime":1657287610,"SourceModuleName":"in_sysmon","SourceModuleType":"im_msvistalog"}
<14>Jul  8 13:40:10 activedir.stackedpads.local Microsoft-Windows-Sysmon[3224]: {"EventTime":1657287609,"Hostname":"activedir.stackedpads.local","Keywords":-9223372036854775808,"EventType":"INFO","SeverityValue":2,"Severity":"INFO","EventID":13,"SourceName":"Microsoft-Windows-Sysmon","ProviderGuid":"{5770385F-C22A-43E0-BF4C-06F5698FFBD9}","Version":2,"Task":13,"OpcodeValue":0,"RecordNumber":278090,"ProcessID":3224,"ThreadID":4128,"Channel":"Microsoft-Windows-Sysmon/Operational","Domain":"NT AUTHORITY","AccountName":"SYSTEM","UserID":"S-1-5-18","AccountType":"User","Message":"Registry value set:\r\nRuleName: technique_id=T1543,technique_name=Service Creation\r\nEventType: SetValue\r\nUtcTime: 2022-07-08 13:40:09.653\r\nProcessGuid: {3be6fa21-3218-62c8-a300-000000001100}\r\nProcessId: 5596\r\nImage: C:\\Windows\\Explorer.EXE\r\nTargetObject: HKLM\\System\\CurrentControlSet\\Services\\bam\\State\\UserSettings\\S-1-5-21-2264196694-1469429678-912427992-1104\\\\Device\\HarddiskVolume3\\Windows\\explorer.exe\r\nDetails: Binary Data\r\nUser: STACKEDPADS\\frank.kolzig","Category":"Registry value set (rule: RegistryEvent)","Opcode":"Info","RuleName":"technique_id=T1543,technique_name=Service Creation","UtcTime":"2022-07-08 13:40:09.653","ProcessGuid":"{3be6fa21-3218-62c8-a300-000000001100}","Image":"C:\\Windows\\Explorer.EXE","TargetObject":"HKLM\\System\\CurrentControlSet\\Services\\bam\\State\\UserSettings\\S-1-5-21-2264196694-1469429678-912427992-1104\\\\Device\\HarddiskVolume3\\Windows\\explorer.exe","Details":"Binary Data","User":"STACKEDPADS\\frank.kolzig","EventReceivedTime":1657287610,"SourceModuleName":"in_sysmon","SourceModuleType":"im_msvistalog"}
<14>Jul  8 13:40:10 activedir.stackedpads.local Microsoft-Windows-Sysmon[3224]: {"EventTime":1657287609,"Hostname":"activedir.stackedpads.local","Keywords":-9223372036854775808,"EventType":"INFO","SeverityValue":2,"Severity":"INFO","EventID":13,"SourceName":"Microsoft-Windows-Sysmon","ProviderGuid":"{5770385F-C22A-43E0-BF4C-06F5698FFBD9}","Version":2,"Task":13,"OpcodeValue":0,"RecordNumber":278092,"ProcessID":3224,"ThreadID":4128,"Channel":"Microsoft-Windows-Sysmon/Operational","Domain":"NT AUTHORITY","AccountName":"SYSTEM","UserID":"S-1-5-18","AccountType":"User","Message":"Registry value set:\r\nRuleName: technique_id=T1543,technique_name=Service Creation\r\nEventType: SetValue\r\nUtcTime: 2022-07-08 13:40:09.871\r\nProcessGuid: {3be6fa21-321d-62c8-ad00-000000001100}\r\nProcessId: 6032\r\nImage: C:\\Windows\\System32\\RuntimeBroker.exe\r\nTargetObject: HKLM\\System\\CurrentControlSet\\Services\\bam\\State\\UserSettings\\S-1-5-21-2264196694-1469429678-912427992-1104\\Microsoft.Windows.Cortana_cw5n1h2txyewy\r\nDetails: Binary Data\r\nUser: STACKEDPADS\\frank.kolzig","Category":"Registry value set (rule: RegistryEvent)","Opcode":"Info","RuleName":"technique_id=T1543,technique_name=Service Creation","UtcTime":"2022-07-08 13:40:09.871","ProcessGuid":"{3be6fa21-321d-62c8-ad00-000000001100}","Image":"C:\\Windows\\System32\\RuntimeBroker.exe","TargetObject":"HKLM\\System\\CurrentControlSet\\Services\\bam\\State\\UserSettings\\S-1-5-21-2264196694-1469429678-912427992-1104\\Microsoft.Windows.Cortana_cw5n1h2txyewy","Details":"Binary Data","User":"STACKEDPADS\\frank.kolzig","EventReceivedTime":1657287610,"SourceModuleName":"in_sysmon","SourceModuleType":"im_msvistalog"}
<14>Jul  8 13:40:11 activedir.stackedpads.local Microsoft-Windows-Sysmon[3224]: {"EventTime":1657287609,"Hostname":"activedir.stackedpads.local","Keywords":-9223372036854775808,"EventType":"INFO","SeverityValue":2,"Severity":"INFO","EventID":12,"SourceName":"Microsoft-Windows-Sysmon","ProviderGuid":"{5770385F-C22A-43E0-BF4C-06F5698FFBD9}","Version":2,"Task":12,"OpcodeValue":0,"RecordNumber":278094,"ProcessID":3224,"ThreadID":4128,"Channel":"Microsoft-Windows-Sysmon/Operational","Domain":"NT AUTHORITY","AccountName":"SYSTEM","UserID":"S-1-5-18","AccountType":"User","Message":"Registry object added or deleted:\r\nRuleName: technique_id=T1543,technique_name=Service Creation\r\nEventType: DeleteKey\r\nUtcTime: 2022-07-08 13:40:09.934\r\nProcessGuid: {3be6fa21-31c3-62c8-0b00-000000001100}\r\nProcessId: 636\r\nImage: C:\\Windows\\system32\\services.exe\r\nTargetObject: HKLM\\System\\CurrentControlSet\\Services\\CDPUserSvc_a8a80\r\nUser: NT AUTHORITY\\SYSTEM","Category":"Registry object added or deleted (rule: RegistryEvent)","Opcode":"Info","RuleName":"technique_id=T1543,technique_name=Service Creation","UtcTime":"2022-07-08 13:40:09.934","ProcessGuid":"{3be6fa21-31c3-62c8-0b00-000000001100}","Image":"C:\\Windows\\system32\\services.exe","TargetObject":"HKLM\\System\\CurrentControlSet\\Services\\CDPUserSvc_a8a80","User":"NT AUTHORITY\\SYSTEM","EventReceivedTime":1657287611,"SourceModuleName":"in_sysmon","SourceModuleType":"im_msvistalog"}
<14>Jul  8 13:40:11 activedir.stackedpads.local Microsoft-Windows-Sysmon[3224]: {"EventTime":1657287609,"Hostname":"activedir.stackedpads.local","Keywords":-9223372036854775808,"EventType":"INFO","SeverityValue":2,"Severity":"INFO","EventID":12,"SourceName":"Microsoft-Windows-Sysmon","ProviderGuid":"{5770385F-C22A-43E0-BF4C-06F5698FFBD9}","Version":2,"Task":12,"OpcodeValue":0,"RecordNumber":278093,"ProcessID":3224,"ThreadID":4128,"Channel":"Microsoft-Windows-Sysmon/Operational","Domain":"NT AUTHORITY","AccountName":"SYSTEM","UserID":"S-1-5-18","AccountType":"User","Message":"Registry object added or deleted:\r\nRuleName: technique_id=T1543,technique_name=Service Creation\r\nEventType: DeleteKey\r\nUtcTime: 2022-07-08 13:40:09.934\r\nProcessGuid: {3be6fa21-31c3-62c8-0b00-000000001100}\r\nProcessId: 636\r\nImage: C:\\Windows\\system32\\services.exe\r\nTargetObject: HKLM\\System\\CurrentControlSet\\Services\\CDPUserSvc_a8a80\\Security\r\nUser: NT AUTHORITY\\SYSTEM","Category":"Registry object added or deleted (rule: RegistryEvent)","Opcode":"Info","RuleName":"technique_id=T1543,technique_name=Service Creation","UtcTime":"2022-07-08 13:40:09.934","ProcessGuid":"{3be6fa21-31c3-62c8-0b00-000000001100}","Image":"C:\\Windows\\system32\\services.exe","TargetObject":"HKLM\\System\\CurrentControlSet\\Services\\CDPUserSvc_a8a80\\Security","User":"NT AUTHORITY\\SYSTEM","EventReceivedTime":1657287611,"SourceModuleName":"in_sysmon","SourceModuleType":"im_msvistalog"}
<14>Jul  8 13:40:11 activedir.stackedpads.local Microsoft-Windows-Sysmon[3224]: {"EventTime":1657287609,"Hostname":"activedir.stackedpads.local","Keywords":-9223372036854775808,"EventType":"INFO","SeverityValue":2,"Severity":"INFO","EventID":12,"SourceName":"Microsoft-Windows-Sysmon","ProviderGuid":"{5770385F-C22A-43E0-BF4C-06F5698FFBD9}","Version":2,"Task":12,"OpcodeValue":0,"RecordNumber":278095,"ProcessID":3224,"ThreadID":4128,"Channel":"Microsoft-Windows-Sysmon/Operational","Domain":"NT AUTHORITY","AccountName":"SYSTEM","UserID":"S-1-5-18","AccountType":"User","Message":"Registry object added or deleted:\r\nRuleName: technique_id=T1543,technique_name=Service Creation\r\nEventType: DeleteKey\r\nUtcTime: 2022-07-08 13:40:09.934\r\nProcessGuid: {3be6fa21-31c3-62c8-0b00-000000001100}\r\nProcessId: 636\r\nImage: C:\\Windows\\system32\\services.exe\r\nTargetObject: HKLM\\System\\CurrentControlSet\\Services\\WpnUserService_a8a80\\Security\r\nUser: NT AUTHORITY\\SYSTEM","Category":"Registry object added or deleted (rule: RegistryEvent)","Opcode":"Info","RuleName":"technique_id=T1543,technique_name=Service Creation","UtcTime":"2022-07-08 13:40:09.934","ProcessGuid":"{3be6fa21-31c3-62c8-0b00-000000001100}","Image":"C:\\Windows\\system32\\services.exe","TargetObject":"HKLM\\System\\CurrentControlSet\\Services\\WpnUserService_a8a80\\Security","User":"NT AUTHORITY\\SYSTEM","EventReceivedTime":1657287611,"SourceModuleName":"in_sysmon","SourceModuleType":"im_msvistalog"}
<14>Jul  8 13:40:11 activedir.stackedpads.local Microsoft-Windows-Sysmon[3224]: {"EventTime":1657287609,"Hostname":"activedir.stackedpads.local","Keywords":-9223372036854775808,"EventType":"INFO","SeverityValue":2,"Severity":"INFO","EventID":12,"SourceName":"Microsoft-Windows-Sysmon","ProviderGuid":"{5770385F-C22A-43E0-BF4C-06F5698FFBD9}","Version":2,"Task":12,"OpcodeValue":0,"RecordNumber":278096,"ProcessID":3224,"ThreadID":4128,"Channel":"Microsoft-Windows-Sysmon/Operational","Domain":"NT AUTHORITY","AccountName":"SYSTEM","UserID":"S-1-5-18","AccountType":"User","Message":"Registry object added or deleted:\r\nRuleName: technique_id=T1543,technique_name=Service Creation\r\nEventType: DeleteKey\r\nUtcTime: 2022-07-08 13:40:09.934\r\nProcessGuid: {3be6fa21-31c3-62c8-0b00-000000001100}\r\nProcessId: 636\r\nImage: C:\\Windows\\system32\\services.exe\r\nTargetObject: HKLM\\System\\CurrentControlSet\\Services\\WpnUserService_a8a80\r\nUser: NT AUTHORITY\\SYSTEM","Category":"Registry object added or deleted (rule: RegistryEvent)","Opcode":"Info","RuleName":"technique_id=T1543,technique_name=Service Creation","UtcTime":"2022-07-08 13:40:09.934","ProcessGuid":"{3be6fa21-31c3-62c8-0b00-000000001100}","Image":"C:\\Windows\\system32\\services.exe","TargetObject":"HKLM\\System\\CurrentControlSet\\Services\\WpnUserService_a8a80","User":"NT AUTHORITY\\SYSTEM","EventReceivedTime":1657287611,"SourceModuleName":"in_sysmon","SourceModuleType":"im_msvistalog"}
<14>Jul  8 13:40:11 activedir.stackedpads.local Microsoft-Windows-Sysmon[3224]: {"EventTime":1657287609,"Hostname":"activedir.stackedpads.local","Keywords":-9223372036854775808,"EventType":"INFO","SeverityValue":2,"Severity":"INFO","EventID":12,"SourceName":"Microsoft-Windows-Sysmon","ProviderGuid":"{5770385F-C22A-43E0-BF4C-06F5698FFBD9}","Version":2,"Task":12,"OpcodeValue":0,"RecordNumber":278097,"ProcessID":3224,"ThreadID":4128,"Channel":"Microsoft-Windows-Sysmon/Operational","Domain":"NT AUTHORITY","AccountName":"SYSTEM","UserID":"S-1-5-18","AccountType":"User","Message":"Registry object added or deleted:\r\nRuleName: UACMe Dir Prep\r\nEventType: DeleteKey\r\nUtcTime: 2022-07-08 13:40:09.965\r\nProcessGuid: {3be6fa21-31c6-62c8-1000-000000001100}\r\nProcessId: 960\r\nImage: C:\\Windows\\system32\\svchost.exe\r\nTargetObject: HKU\\S-1-5-21-2264196694-1469429678-912427992-1104\\Volatile Environment\\2\r\nUser: NT AUTHORITY\\SYSTEM","Category":"Registry object added or deleted (rule: RegistryEvent)","Opcode":"Info","RuleName":"UACMe Dir Prep","UtcTime":"2022-07-08 13:40:09.965","ProcessGuid":"{3be6fa21-31c6-62c8-1000-000000001100}","Image":"C:\\Windows\\system32\\svchost.exe","TargetObject":"HKU\\S-1-5-21-2264196694-1469429678-912427992-1104\\Volatile Environment\\2","User":"NT AUTHORITY\\SYSTEM","EventReceivedTime":1657287611,"SourceModuleName":"in_sysmon","SourceModuleType":"im_msvistalog"}
<14>Jul  8 13:40:11 activedir.stackedpads.local Microsoft-Windows-Sysmon[3224]: {"EventTime":1657287610,"Hostname":"activedir.stackedpads.local","Keywords":-9223372036854775808,"EventType":"INFO","SeverityValue":2,"Severity":"INFO","EventID":13,"SourceName":"Microsoft-Windows-Sysmon","ProviderGuid":"{5770385F-C22A-43E0-BF4C-06F5698FFBD9}","Version":2,"Task":13,"OpcodeValue":0,"RecordNumber":278098,"ProcessID":3224,"ThreadID":4128,"Channel":"Microsoft-Windows-Sysmon/Operational","Domain":"NT AUTHORITY","AccountName":"SYSTEM","UserID":"S-1-5-18","AccountType":"User","Message":"Registry value set:\r\nRuleName: technique_id=T1543,technique_name=Service Creation\r\nEventType: SetValue\r\nUtcTime: 2022-07-08 13:40:09.996\r\nProcessGuid: {3be6fa21-31c6-62c8-2000-000000001100}\r\nProcessId: 1428\r\nImage: C:\\Windows\\System32\\svchost.exe\r\nTargetObject: HKLM\\System\\CurrentControlSet\\Services\\NlaSvc\\Parameters\\Cache\\OpportunisticInternetGatewaysV4\r\nDetails: Binary Data\r\nUser: NT AUTHORITY\\NETWORK SERVICE","Category":"Registry value set (rule: RegistryEvent)","Opcode":"Info","RuleName":"technique_id=T1543,technique_name=Service Creation","UtcTime":"2022-07-08 13:40:09.996","ProcessGuid":"{3be6fa21-31c6-62c8-2000-000000001100}","Image":"C:\\Windows\\System32\\svchost.exe","TargetObject":"HKLM\\System\\CurrentControlSet\\Services\\NlaSvc\\Parameters\\Cache\\OpportunisticInternetGatewaysV4","Details":"Binary Data","User":"NT AUTHORITY\\NETWORK SERVICE","EventReceivedTime":1657287611,"SourceModuleName":"in_sysmon","SourceModuleType":"im_msvistalog"}
<14>Jul  8 13:40:11 activedir.stackedpads.local Microsoft-Windows-Sysmon[3224]: {"EventTime":1657287610,"Hostname":"activedir.stackedpads.local","Keywords":-9223372036854775808,"EventType":"INFO","SeverityValue":2,"Severity":"INFO","EventID":12,"SourceName":"Microsoft-Windows-Sysmon","ProviderGuid":"{5770385F-C22A-43E0-BF4C-06F5698FFBD9}","Version":2,"Task":12,"OpcodeValue":0,"RecordNumber":278099,"ProcessID":3224,"ThreadID":4128,"Channel":"Microsoft-Windows-Sysmon/Operational","Domain":"NT AUTHORITY","AccountName":"SYSTEM","UserID":"S-1-5-18","AccountType":"User","Message":"Registry object added or deleted:\r\nRuleName: technique_id=T1543,technique_name=Service Creation\r\nEventType: DeleteKey\r\nUtcTime: 2022-07-08 13:40:10.012\r\nProcessGuid: {3be6fa21-31c3-62c8-0b00-000000001100}\r\nProcessId: 636\r\nImage: C:\\Windows\\system32\\services.exe\r\nTargetObject: HKLM\\System\\CurrentControlSet\\Services\\PimIndexMaintenanceSvc_a8a80\\Security\r\nUser: NT AUTHORITY\\SYSTEM","Category":"Registry object added or deleted (rule: RegistryEvent)","Opcode":"Info","RuleName":"technique_id=T1543,technique_name=Service Creation","UtcTime":"2022-07-08 13:40:10.012","ProcessGuid":"{3be6fa21-31c3-62c8-0b00-000000001100}","Image":"C:\\Windows\\system32\\services.exe","TargetObject":"HKLM\\System\\CurrentControlSet\\Services\\PimIndexMaintenanceSvc_a8a80\\Security","User":"NT AUTHORITY\\SYSTEM","EventReceivedTime":1657287611,"SourceModuleName":"in_sysmon","SourceModuleType":"im_msvistalog"}
<14>Jul  8 13:40:11 activedir.stackedpads.local Microsoft-Windows-Sysmon[3224]: {"EventTime":1657287610,"Hostname":"activedir.stackedpads.local","Keywords":-9223372036854775808,"EventType":"INFO","SeverityValue":2,"Severity":"INFO","EventID":12,"SourceName":"Microsoft-Windows-Sysmon","ProviderGuid":"{5770385F-C22A-43E0-BF4C-06F5698FFBD9}","Version":2,"Task":12,"OpcodeValue":0,"RecordNumber":278100,"ProcessID":3224,"ThreadID":4128,"Channel":"Microsoft-Windows-Sysmon/Operational","Domain":"NT AUTHORITY","AccountName":"SYSTEM","UserID":"S-1-5-18","AccountType":"User","Message":"Registry object added or deleted:\r\nRuleName: technique_id=T1543,technique_name=Service Creation\r\nEventType: DeleteKey\r\nUtcTime: 2022-07-08 13:40:10.012\r\nProcessGuid: {3be6fa21-31c3-62c8-0b00-000000001100}\r\nProcessId: 636\r\nImage: C:\\Windows\\system32\\services.exe\r\nTargetObject: HKLM\\System\\CurrentControlSet\\Services\\PimIndexMaintenanceSvc_a8a80\r\nUser: NT AUTHORITY\\SYSTEM","Category":"Registry object added or deleted (rule: RegistryEvent)","Opcode":"Info","RuleName":"technique_id=T1543,technique_name=Service Creation","UtcTime":"2022-07-08 13:40:10.012","ProcessGuid":"{3be6fa21-31c3-62c8-0b00-000000001100}","Image":"C:\\Windows\\system32\\services.exe","TargetObject":"HKLM\\System\\CurrentControlSet\\Services\\PimIndexMaintenanceSvc_a8a80","User":"NT AUTHORITY\\SYSTEM","EventReceivedTime":1657287611,"SourceModuleName":"in_sysmon","SourceModuleType":"im_msvistalog"}
<14>Jul  8 13:40:11 activedir.stackedpads.local Microsoft-Windows-Sysmon[3224]: {"EventTime":1657287610,"Hostname":"activedir.stackedpads.local","Keywords":-9223372036854775808,"EventType":"INFO","SeverityValue":2,"Severity":"INFO","EventID":12,"SourceName":"Microsoft-Windows-Sysmon","ProviderGuid":"{5770385F-C22A-43E0-BF4C-06F5698FFBD9}","Version":2,"Task":12,"OpcodeValue":0,"RecordNumber":278112,"ProcessID":3224,"ThreadID":4128,"Channel":"Microsoft-Windows-Sysmon/Operational","Domain":"NT AUTHORITY","AccountName":"SYSTEM","UserID":"S-1-5-18","AccountType":"User","Message":"Registry object added or deleted:\r\nRuleName: technique_id=T1543,technique_name=Service Creation\r\nEventType: DeleteKey\r\nUtcTime: 2022-07-08 13:40:10.012\r\nProcessGuid: {3be6fa21-31c3-62c8-0b00-000000001100}\r\nProcessId: 636\r\nImage: C:\\Windows\\system32\\services.exe\r\nTargetObject: HKLM\\System\\CurrentControlSet\\Services\\DevicesFlowUserSvc_a8a80\r\nUser: NT AUTHORITY\\SYSTEM","Category":"Registry object added or deleted (rule: RegistryEvent)","Opcode":"Info","RuleName":"technique_id=T1543,technique_name=Service Creation","UtcTime":"2022-07-08 13:40:10.012","ProcessGuid":"{3be6fa21-31c3-62c8-0b00-000000001100}","Image":"C:\\Windows\\system32\\services.exe","TargetObject":"HKLM\\System\\CurrentControlSet\\Services\\DevicesFlowUserSvc_a8a80","User":"NT AUTHORITY\\SYSTEM","EventReceivedTime":1657287611,"SourceModuleName":"in_sysmon","SourceModuleType":"im_msvistalog"}
<14>Jul  8 13:40:11 activedir.stackedpads.local Microsoft-Windows-Sysmon[3224]: {"EventTime":1657287610,"Hostname":"activedir.stackedpads.local","Keywords":-9223372036854775808,"EventType":"INFO","SeverityValue":2,"Severity":"INFO","EventID":12,"SourceName":"Microsoft-Windows-Sysmon","ProviderGuid":"{5770385F-C22A-43E0-BF4C-06F5698FFBD9}","Version":2,"Task":12,"OpcodeValue":0,"RecordNumber":278109,"ProcessID":3224,"ThreadID":4128,"Channel":"Microsoft-Windows-Sysmon/Operational","Domain":"NT AUTHORITY","AccountName":"SYSTEM","UserID":"S-1-5-18","AccountType":"User","Message":"Registry object added or deleted:\r\nRuleName: technique_id=T1543,technique_name=Service Creation\r\nEventType: DeleteKey\r\nUtcTime: 2022-07-08 13:40:10.012\r\nProcessGuid: {3be6fa21-31c3-62c8-0b00-000000001100}\r\nProcessId: 636\r\nImage: C:\\Windows\\system32\\services.exe\r\nTargetObject: HKLM\\System\\CurrentControlSet\\Services\\ConsentUxUserSvc_a8a80\\Security\r\nUser: NT AUTHORITY\\SYSTEM","Category":"Registry object added or deleted (rule: RegistryEvent)","Opcode":"Info","RuleName":"technique_id=T1543,technique_name=Service Creation","UtcTime":"2022-07-08 13:40:10.012","ProcessGuid":"{3be6fa21-31c3-62c8-0b00-000000001100}","Image":"C:\\Windows\\system32\\services.exe","TargetObject":"HKLM\\System\\CurrentControlSet\\Services\\ConsentUxUserSvc_a8a80\\Security","User":"NT AUTHORITY\\SYSTEM","EventReceivedTime":1657287611,"SourceModuleName":"in_sysmon","SourceModuleType":"im_msvistalog"}
<14>Jul  8 13:40:11 activedir.stackedpads.local Microsoft-Windows-Sysmon[3224]: {"EventTime":1657287610,"Hostname":"activedir.stackedpads.local","Keywords":-9223372036854775808,"EventType":"INFO","SeverityValue":2,"Severity":"INFO","EventID":12,"SourceName":"Microsoft-Windows-Sysmon","ProviderGuid":"{5770385F-C22A-43E0-BF4C-06F5698FFBD9}","Version":2,"Task":12,"OpcodeValue":0,"RecordNumber":278115,"ProcessID":3224,"ThreadID":4128,"Channel":"Microsoft-Windows-Sysmon/Operational","Domain":"NT AUTHORITY","AccountName":"SYSTEM","UserID":"S-1-5-18","AccountType":"User","Message":"Registry object added or deleted:\r\nRuleName: technique_id=T1543,technique_name=Service Creation\r\nEventType: DeleteKey\r\nUtcTime: 2022-07-08 13:40:10.012\r\nProcessGuid: {3be6fa21-31c3-62c8-0b00-000000001100}\r\nProcessId: 636\r\nImage: C:\\Windows\\system32\\services.exe\r\nTargetObject: HKLM\\System\\CurrentControlSet\\Services\\UserDataSvc_a8a80\\Security\r\nUser: NT AUTHORITY\\SYSTEM","Category":"Registry object added or deleted (rule: RegistryEvent)","Opcode":"Info","RuleName":"technique_id=T1543,technique_name=Service Creation","UtcTime":"2022-07-08 13:40:10.012","ProcessGuid":"{3be6fa21-31c3-62c8-0b00-000000001100}","Image":"C:\\Windows\\system32\\services.exe","TargetObject":"HKLM\\System\\CurrentControlSet\\Services\\UserDataSvc_a8a80\\Security","User":"NT AUTHORITY\\SYSTEM","EventReceivedTime":1657287611,"SourceModuleName":"in_sysmon","SourceModuleType":"im_msvistalog"}
<14>Jul  8 13:40:11 activedir.stackedpads.local Microsoft-Windows-Sysmon[3224]: {"EventTime":1657287610,"Hostname":"activedir.stackedpads.local","Keywords":-9223372036854775808,"EventType":"INFO","SeverityValue":2,"Severity":"INFO","EventID":12,"SourceName":"Microsoft-Windows-Sysmon","ProviderGuid":"{5770385F-C22A-43E0-BF4C-06F5698FFBD9}","Version":2,"Task":12,"OpcodeValue":0,"RecordNumber":278113,"ProcessID":3224,"ThreadID":4128,"Channel":"Microsoft-Windows-Sysmon/Operational","Domain":"NT AUTHORITY","AccountName":"SYSTEM","UserID":"S-1-5-18","AccountType":"User","Message":"Registry object added or deleted:\r\nRuleName: technique_id=T1543,technique_name=Service Creation\r\nEventType: DeleteKey\r\nUtcTime: 2022-07-08 13:40:10.012\r\nProcessGuid: {3be6fa21-31c3-62c8-0b00-000000001100}\r\nProcessId: 636\r\nImage: C:\\Windows\\system32\\services.exe\r\nTargetObject: HKLM\\System\\CurrentControlSet\\Services\\UnistoreSvc_a8a80\\Security\r\nUser: NT AUTHORITY\\SYSTEM","Category":"Registry object added or deleted (rule: RegistryEvent)","Opcode":"Info","RuleName":"technique_id=T1543,technique_name=Service Creation","UtcTime":"2022-07-08 13:40:10.012","ProcessGuid":"{3be6fa21-31c3-62c8-0b00-000000001100}","Image":"C:\\Windows\\system32\\services.exe","TargetObject":"HKLM\\System\\CurrentControlSet\\Services\\UnistoreSvc_a8a80\\Security","User":"NT AUTHORITY\\SYSTEM","EventReceivedTime":1657287611,"SourceModuleName":"in_sysmon","SourceModuleType":"im_msvistalog"}
<14>Jul  8 13:40:11 activedir.stackedpads.local Microsoft-Windows-Sysmon[3224]: {"EventTime":1657287610,"Hostname":"activedir.stackedpads.local","Keywords":-9223372036854775808,"EventType":"INFO","SeverityValue":2,"Severity":"INFO","EventID":12,"SourceName":"Microsoft-Windows-Sysmon","ProviderGuid":"{5770385F-C22A-43E0-BF4C-06F5698FFBD9}","Version":2,"Task":12,"OpcodeValue":0,"RecordNumber":278106,"ProcessID":3224,"ThreadID":4128,"Channel":"Microsoft-Windows-Sysmon/Operational","Domain":"NT AUTHORITY","AccountName":"SYSTEM","UserID":"S-1-5-18","AccountType":"User","Message":"Registry object added or deleted:\r\nRuleName: technique_id=T1543,technique_name=Service Creation\r\nEventType: DeleteKey\r\nUtcTime: 2022-07-08 13:40:10.012\r\nProcessGuid: {3be6fa21-31c3-62c8-0b00-000000001100}\r\nProcessId: 636\r\nImage: C:\\Windows\\system32\\services.exe\r\nTargetObject: HKLM\\System\\CurrentControlSet\\Services\\cbdhsvc_a8a80\r\nUser: NT AUTHORITY\\SYSTEM","Category":"Registry object added or deleted (rule: RegistryEvent)","Opcode":"Info","RuleName":"technique_id=T1543,technique_name=Service Creation","UtcTime":"2022-07-08 13:40:10.012","ProcessGuid":"{3be6fa21-31c3-62c8-0b00-000000001100}","Image":"C:\\Windows\\system32\\services.exe","TargetObject":"HKLM\\System\\CurrentControlSet\\Services\\cbdhsvc_a8a80","User":"NT AUTHORITY\\SYSTEM","EventReceivedTime":1657287611,"SourceModuleName":"in_sysmon","SourceModuleType":"im_msvistalog"}
<14>Jul  8 13:40:11 activedir.stackedpads.local Microsoft-Windows-Sysmon[3224]: {"EventTime":1657287610,"Hostname":"activedir.stackedpads.local","Keywords":-9223372036854775808,"EventType":"INFO","SeverityValue":2,"Severity":"INFO","EventID":12,"SourceName":"Microsoft-Windows-Sysmon","ProviderGuid":"{5770385F-C22A-43E0-BF4C-06F5698FFBD9}","Version":2,"Task":12,"OpcodeValue":0,"RecordNumber":278102,"ProcessID":3224,"ThreadID":4128,"Channel":"Microsoft-Windows-Sysmon/Operational","Domain":"NT AUTHORITY","AccountName":"SYSTEM","UserID":"S-1-5-18","AccountType":"User","Message":"Registry object added or deleted:\r\nRuleName: technique_id=T1543,technique_name=Service Creation\r\nEventType: DeleteKey\r\nUtcTime: 2022-07-08 13:40:10.012\r\nProcessGuid: {3be6fa21-31c3-62c8-0b00-000000001100}\r\nProcessId: 636\r\nImage: C:\\Windows\\system32\\services.exe\r\nTargetObject: HKLM\\System\\CurrentControlSet\\Services\\CaptureService_a8a80\r\nUser: NT AUTHORITY\\SYSTEM","Category":"Registry object added or deleted (rule: RegistryEvent)","Opcode":"Info","RuleName":"technique_id=T1543,technique_name=Service Creation","UtcTime":"2022-07-08 13:40:10.012","ProcessGuid":"{3be6fa21-31c3-62c8-0b00-000000001100}","Image":"C:\\Windows\\system32\\services.exe","TargetObject":"HKLM\\System\\CurrentControlSet\\Services\\CaptureService_a8a80","User":"NT AUTHORITY\\SYSTEM","EventReceivedTime":1657287611,"SourceModuleName":"in_sysmon","SourceModuleType":"im_msvistalog"}
<14>Jul  8 13:40:11 activedir.stackedpads.local Microsoft-Windows-Sysmon[3224]: {"EventTime":1657287610,"Hostname":"activedir.stackedpads.local","Keywords":-9223372036854775808,"EventType":"INFO","SeverityValue":2,"Severity":"INFO","EventID":12,"SourceName":"Microsoft-Windows-Sysmon","ProviderGuid":"{5770385F-C22A-43E0-BF4C-06F5698FFBD9}","Version":2,"Task":12,"OpcodeValue":0,"RecordNumber":278110,"ProcessID":3224,"ThreadID":4128,"Channel":"Microsoft-Windows-Sysmon/Operational","Domain":"NT AUTHORITY","AccountName":"SYSTEM","UserID":"S-1-5-18","AccountType":"User","Message":"Registry object added or deleted:\r\nRuleName: technique_id=T1543,technique_name=Service Creation\r\nEventType: DeleteKey\r\nUtcTime: 2022-07-08 13:40:10.012\r\nProcessGuid: {3be6fa21-31c3-62c8-0b00-000000001100}\r\nProcessId: 636\r\nImage: C:\\Windows\\system32\\services.exe\r\nTargetObject: HKLM\\System\\CurrentControlSet\\Services\\ConsentUxUserSvc_a8a80\r\nUser: NT AUTHORITY\\SYSTEM","Category":"Registry object added or deleted (rule: RegistryEvent)","Opcode":"Info","RuleName":"technique_id=T1543,technique_name=Service Creation","UtcTime":"2022-07-08 13:40:10.012","ProcessGuid":"{3be6fa21-31c3-62c8-0b00-000000001100}","Image":"C:\\Windows\\system32\\services.exe","TargetObject":"HKLM\\System\\CurrentControlSet\\Services\\ConsentUxUserSvc_a8a80","User":"NT AUTHORITY\\SYSTEM","EventReceivedTime":1657287611,"SourceModuleName":"in_sysmon","SourceModuleType":"im_msvistalog"}
