<14>Jul  8 13:47:32 activedir.stackedpads.local Microsoft-Windows-Sysmon[3224]: {"EventTime":1657288051,"Hostname":"activedir.stackedpads.local","Keywords":-9223372036854775808,"EventType":"INFO","SeverityValue":2,"Severity":"INFO","EventID":12,"SourceName":"Microsoft-Windows-Sysmon","ProviderGuid":"{5770385F-C22A-43E0-BF4C-06F5698FFBD9}","Version":2,"Task":12,"OpcodeValue":0,"RecordNumber":278429,"ProcessID":3224,"ThreadID":4128,"Channel":"Microsoft-Windows-Sysmon/Operational","Domain":"NT AUTHORITY","AccountName":"SYSTEM","UserID":"S-1-5-18","AccountType":"User","Message":"Registry object added or deleted:\r\nRuleName: -\r\nEventType: CreateKey\r\nUtcTime: 2022-07-08 13:47:31.164\r\nProcessGuid: {3be6fa21-31c6-62c8-2200-000000001100}\r\nProcessId: 1480\r\nImage: C:\\Windows\\system32\\svchost.exe\r\nTargetObject: HKLM\\SOFTWARE\\Microsoft\\Windows\\CurrentVersion\\Group Policy\\Scripts\r\nUser: NT AUTHORITY\\SYSTEM","Category":"Registry object added or deleted (rule: RegistryEvent)","Opcode":"Info","RuleName":"-","UtcTime":"2022-07-08 13:47:31.164","ProcessGuid":"{3be6fa21-31c6-62c8-2200-000000001100}","Image":"C:\\Windows\\system32\\svchost.exe","TargetObject":"HKLM\\SOFTWARE\\Microsoft\\Windows\\CurrentVersion\\Group Policy\\Scripts","User":"NT AUTHORITY\\SYSTEM","EventReceivedTime":1657288052,"SourceModuleName":"in_sysmon","SourceModuleType":"im_msvistalog"}
<14>Jul  8 13:47:32 activedir.stackedpads.local Microsoft-Windows-Sysmon[3224]: {"EventTime":1657288051,"Hostname":"activedir.stackedpads.local","Keywords":-9223372036854775808,"EventType":"INFO","SeverityValue":2,"Severity":"INFO","EventID":12,"SourceName":"Microsoft-Windows-Sysmon","ProviderGuid":"{5770385F-C22A-43E0-BF4C-06F5698FFBD9}","Version":2,"Task":12,"OpcodeValue":0,"RecordNumber":278433,"ProcessID":3224,"ThreadID":4128,"Channel":"Microsoft-Windows-Sysmon/Operational","Domain":"NT AUTHORITY","AccountName":"SYSTEM","UserID":"S-1-5-18","AccountType":"User","Message":"Registry object added or deleted:\r\nRuleName: -\r\nEventType: CreateKey\r\nUtcTime: 2022-07-08 13:47:31.164\r\nProcessGuid: {3be6fa21-31c6-62c8-2200-000000001100}\r\nProcessId: 1480\r\nImage: C:\\Windows\\system32\\svchost.exe\r\nTargetObject: HKLM\\SOFTWARE\\Microsoft\\Windows\\CurrentVersion\\Group Policy\\Scripts\r\nUser: NT AUTHORITY\\SYSTEM","Category":"Registry object added or deleted (rule: RegistryEvent)","Opcode":"Info","RuleName":"-","UtcTime":"2022-07-08 13:47:31.164","ProcessGuid":"{3be6fa21-31c6-62c8-2200-000000001100}","Image":"C:\\Windows\\system32\\svchost.exe","TargetObject":"HKLM\\SOFTWARE\\Microsoft\\Windows\\CurrentVersion\\Group Policy\\Scripts","User":"NT AUTHORITY\\SYSTEM","EventReceivedTime":1657288052,"SourceModuleName":"in_sysmon","SourceModuleType":"im_msvistalog"}
<14>Jul  8 13:47:32 activedir.stackedpads.local Microsoft-Windows-Sysmon[3224]: {"EventTime":1657288051,"Hostname":"activedir.stackedpads.local","Keywords":-9223372036854775808,"EventType":"INFO","SeverityValue":2,"Severity":"INFO","EventID":12,"SourceName":"Microsoft-Windows-Sysmon","ProviderGuid":"{5770385F-C22A-43E0-BF4C-06F5698FFBD9}","Version":2,"Task":12,"OpcodeValue":0,"RecordNumber":278434,"ProcessID":3224,"ThreadID":4128,"Channel":"Microsoft-Windows-Sysmon/Operational","Domain":"NT AUTHORITY","AccountName":"SYSTEM","UserID":"S-1-5-18","AccountType":"User","Message":"Registry object added or deleted:\r\nRuleName: -\r\nEventType: CreateKey\r\nUtcTime: 2022-07-08 13:47:31.164\r\nProcessGuid: {3be6fa21-31c6-62c8-2200-000000001100}\r\nProcessId: 1480\r\nImage: C:\\Windows\\system32\\svchost.exe\r\nTargetObject: HKLM\\SOFTWARE\\Microsoft\\Windows\\CurrentVersion\\Group Policy\\Scripts\\Shutdown\r\nUser: NT AUTHORITY\\SYSTEM","Category":"Registry object added or deleted (rule: RegistryEvent)","Opcode":"Info","RuleName":"-","UtcTime":"2022-07-08 13:47:31.164","ProcessGuid":"{3be6fa21-31c6-62c8-2200-000000001100}","Image":"C:\\Windows\\system32\\svchost.exe","TargetObject":"HKLM\\SOFTWARE\\Microsoft\\Windows\\CurrentVersion\\Group Policy\\Scripts\\Shutdown","User":"NT AUTHORITY\\SYSTEM","EventReceivedTime":1657288052,"SourceModuleName":"in_sysmon","SourceModuleType":"im_msvistalog"}
<14>Jul  8 13:47:32 activedir.stackedpads.local Microsoft-Windows-Sysmon[3224]: {"EventTime":1657288051,"Hostname":"activedir.stackedpads.local","Keywords":-9223372036854775808,"EventType":"INFO","SeverityValue":2,"Severity":"INFO","EventID":12,"SourceName":"Microsoft-Windows-Sysmon","ProviderGuid":"{5770385F-C22A-43E0-BF4C-06F5698FFBD9}","Version":2,"Task":12,"OpcodeValue":0,"RecordNumber":278428,"ProcessID":3224,"ThreadID":4128,"Channel":"Microsoft-Windows-Sysmon/Operational","Domain":"NT AUTHORITY","AccountName":"SYSTEM","UserID":"S-1-5-18","AccountType":"User","Message":"Registry object added or deleted:\r\nRuleName: -\r\nEventType: DeleteKey\r\nUtcTime: 2022-07-08 13:47:31.164\r\nProcessGuid: {3be6fa21-31c6-62c8-2200-000000001100}\r\nProcessId: 1480\r\nImage: C:\\Windows\\system32\\svchost.exe\r\nTargetObject: HKLM\\SOFTWARE\\Microsoft\\Windows\\CurrentVersion\\Group Policy\\Scripts\\Shutdown\r\nUser: NT AUTHORITY\\SYSTEM","Category":"Registry object added or deleted (rule: RegistryEvent)","Opcode":"Info","RuleName":"-","UtcTime":"2022-07-08 13:47:31.164","ProcessGuid":"{3be6fa21-31c6-62c8-2200-000000001100}","Image":"C:\\Windows\\system32\\svchost.exe","TargetObject":"HKLM\\SOFTWARE\\Microsoft\\Windows\\CurrentVersion\\Group Policy\\Scripts\\Shutdown","User":"NT AUTHORITY\\SYSTEM","EventReceivedTime":1657288052,"SourceModuleName":"in_sysmon","SourceModuleType":"im_msvistalog"}
<14>Jul  8 13:47:32 activedir.stackedpads.local Microsoft-Windows-Sysmon[3224]: {"EventTime":1657288051,"Hostname":"activedir.stackedpads.local","Keywords":-9223372036854775808,"EventType":"INFO","SeverityValue":2,"Severity":"INFO","EventID":12,"SourceName":"Microsoft-Windows-Sysmon","ProviderGuid":"{5770385F-C22A-43E0-BF4C-06F5698FFBD9}","Version":2,"Task":12,"OpcodeValue":0,"RecordNumber":278427,"ProcessID":3224,"ThreadID":4128,"Channel":"Microsoft-Windows-Sysmon/Operational","Domain":"NT AUTHORITY","AccountName":"SYSTEM","UserID":"S-1-5-18","AccountType":"User","Message":"Registry object added or deleted:\r\nRuleName: -\r\nEventType: DeleteKey\r\nUtcTime: 2022-07-08 13:47:31.164\r\nProcessGuid: {3be6fa21-31c6-62c8-2200-000000001100}\r\nProcessId: 1480\r\nImage: C:\\Windows\\system32\\svchost.exe\r\nTargetObject: HKLM\\SOFTWARE\\Microsoft\\Windows\\CurrentVersion\\Group Policy\\Scripts\\Shutdown\\0\r\nUser: NT AUTHORITY\\SYSTEM","Category":"Registry object added or deleted (rule: RegistryEvent)","Opcode":"Info","RuleName":"-","UtcTime":"2022-07-08 13:47:31.164","ProcessGuid":"{3be6fa21-31c6-62c8-2200-000000001100}","Image":"C:\\Windows\\system32\\svchost.exe","TargetObject":"HKLM\\SOFTWARE\\Microsoft\\Windows\\CurrentVersion\\Group Policy\\Scripts\\Shutdown\\0","User":"NT AUTHORITY\\SYSTEM","EventReceivedTime":1657288052,"SourceModuleName":"in_sysmon","SourceModuleType":"im_msvistalog"}
<14>Jul  8 13:47:32 activedir.stackedpads.local Microsoft-Windows-Sysmon[3224]: {"EventTime":1657288051,"Hostname":"activedir.stackedpads.local","Keywords":-9223372036854775808,"EventType":"INFO","SeverityValue":2,"Severity":"INFO","EventID":12,"SourceName":"Microsoft-Windows-Sysmon","ProviderGuid":"{5770385F-C22A-43E0-BF4C-06F5698FFBD9}","Version":2,"Task":12,"OpcodeValue":0,"RecordNumber":278435,"ProcessID":3224,"ThreadID":4128,"Channel":"Microsoft-Windows-Sysmon/Operational","Domain":"NT AUTHORITY","AccountName":"SYSTEM","UserID":"S-1-5-18","AccountType":"User","Message":"Registry object added or deleted:\r\nRuleName: -\r\nEventType: CreateKey\r\nUtcTime: 2022-07-08 13:47:31.164\r\nProcessGuid: {3be6fa21-31c6-62c8-2200-000000001100}\r\nProcessId: 1480\r\nImage: C:\\Windows\\system32\\svchost.exe\r\nTargetObject: HKLM\\SOFTWARE\\Microsoft\\Windows\\CurrentVersion\\Group Policy\\Scripts\\Shutdown\\0\r\nUser: NT AUTHORITY\\SYSTEM","Category":"Registry object added or deleted (rule: RegistryEvent)","Opcode":"Info","RuleName":"-","UtcTime":"2022-07-08 13:47:31.164","ProcessGuid":"{3be6fa21-31c6-62c8-2200-000000001100}","Image":"C:\\Windows\\system32\\svchost.exe","TargetObject":"HKLM\\SOFTWARE\\Microsoft\\Windows\\CurrentVersion\\Group Policy\\Scripts\\Shutdown\\0","User":"NT AUTHORITY\\SYSTEM","EventReceivedTime":1657288052,"SourceModuleName":"in_sysmon","SourceModuleType":"im_msvistalog"}
<14>Jul  8 13:47:32 activedir.stackedpads.local Microsoft-Windows-Sysmon[3224]: {"EventTime":1657288051,"Hostname":"activedir.stackedpads.local","Keywords":-9223372036854775808,"EventType":"INFO","SeverityValue":2,"Severity":"INFO","EventID":12,"SourceName":"Microsoft-Windows-Sysmon","ProviderGuid":"{5770385F-C22A-43E0-BF4C-06F5698FFBD9}","Version":2,"Task":12,"OpcodeValue":0,"RecordNumber":278432,"ProcessID":3224,"ThreadID":4128,"Channel":"Microsoft-Windows-Sysmon/Operational","Domain":"NT AUTHORITY","AccountName":"SYSTEM","UserID":"S-1-5-18","AccountType":"User","Message":"Registry object added or deleted:\r\nRuleName: -\r\nEventType: DeleteKey\r\nUtcTime: 2022-07-08 13:47:31.164\r\nProcessGuid: {3be6fa21-31c6-62c8-2200-000000001100}\r\nProcessId: 1480\r\nImage: C:\\Windows\\system32\\svchost.exe\r\nTargetObject: HKLM\\SOFTWARE\\Microsoft\\Windows\\CurrentVersion\\Group Policy\\Scripts\\Startup\\0\r\nUser: NT AUTHORITY\\SYSTEM","Category":"Registry object added or deleted (rule: RegistryEvent)","Opcode":"Info","RuleName":"-","UtcTime":"2022-07-08 13:47:31.164","ProcessGuid":"{3be6fa21-31c6-62c8-2200-000000001100}","Image":"C:\\Windows\\system32\\svchost.exe","TargetObject":"HKLM\\SOFTWARE\\Microsoft\\Windows\\CurrentVersion\\Group Policy\\Scripts\\Startup\\0","User":"NT AUTHORITY\\SYSTEM","EventReceivedTime":1657288052,"SourceModuleName":"in_sysmon","SourceModuleType":"im_msvistalog"}
<14>Jul  8 13:47:32 activedir.stackedpads.local Microsoft-Windows-Sysmon[3224]: {"EventTime":1657288051,"Hostname":"activedir.stackedpads.local","Keywords":-9223372036854775808,"EventType":"INFO","SeverityValue":2,"Severity":"INFO","EventID":12,"SourceName":"Microsoft-Windows-Sysmon","ProviderGuid":"{5770385F-C22A-43E0-BF4C-06F5698FFBD9}","Version":2,"Task":12,"OpcodeValue":0,"RecordNumber":278431,"ProcessID":3224,"ThreadID":4128,"Channel":"Microsoft-Windows-Sysmon/Operational","Domain":"NT AUTHORITY","AccountName":"SYSTEM","UserID":"S-1-5-18","AccountType":"User","Message":"Registry object added or deleted:\r\nRuleName: -\r\nEventType: CreateKey\r\nUtcTime: 2022-07-08 13:47:31.164\r\nProcessGuid: {3be6fa21-31c6-62c8-2200-000000001100}\r\nProcessId: 1480\r\nImage: C:\\Windows\\system32\\svchost.exe\r\nTargetObject: HKLM\\SOFTWARE\\Microsoft\\Windows\\CurrentVersion\\Group Policy\\Scripts\\Startup\\0\r\nUser: NT AUTHORITY\\SYSTEM","Category":"Registry object added or deleted (rule: RegistryEvent)","Opcode":"Info","RuleName":"-","UtcTime":"2022-07-08 13:47:31.164","ProcessGuid":"{3be6fa21-31c6-62c8-2200-000000001100}","Image":"C:\\Windows\\system32\\svchost.exe","TargetObject":"HKLM\\SOFTWARE\\Microsoft\\Windows\\CurrentVersion\\Group Policy\\Scripts\\Startup\\0","User":"NT AUTHORITY\\SYSTEM","EventReceivedTime":1657288052,"SourceModuleName":"in_sysmon","SourceModuleType":"im_msvistalog"}
<14>Jul  8 13:47:32 activedir.stackedpads.local Microsoft-Windows-Sysmon[3224]: {"EventTime":1657288051,"Hostname":"activedir.stackedpads.local","Keywords":-9223372036854775808,"EventType":"INFO","SeverityValue":2,"Severity":"INFO","EventID":12,"SourceName":"Microsoft-Windows-Sysmon","ProviderGuid":"{5770385F-C22A-43E0-BF4C-06F5698FFBD9}","Version":2,"Task":12,"OpcodeValue":0,"RecordNumber":278426,"ProcessID":3224,"ThreadID":4128,"Channel":"Microsoft-Windows-Sysmon/Operational","Domain":"NT AUTHORITY","AccountName":"SYSTEM","UserID":"S-1-5-18","AccountType":"User","Message":"Registry object added or deleted:\r\nRuleName: -\r\nEventType: DeleteKey\r\nUtcTime: 2022-07-08 13:47:31.164\r\nProcessGuid: {3be6fa21-31c6-62c8-2200-000000001100}\r\nProcessId: 1480\r\nImage: C:\\Windows\\system32\\svchost.exe\r\nTargetObject: HKLM\\SOFTWARE\\Microsoft\\Windows\\CurrentVersion\\Group Policy\\Scripts\\Shutdown\\0\\0\r\nUser: NT AUTHORITY\\SYSTEM","Category":"Registry object added or deleted (rule: RegistryEvent)","Opcode":"Info","RuleName":"-","UtcTime":"2022-07-08 13:47:31.164","ProcessGuid":"{3be6fa21-31c6-62c8-2200-000000001100}","Image":"C:\\Windows\\system32\\svchost.exe","TargetObject":"HKLM\\SOFTWARE\\Microsoft\\Windows\\CurrentVersion\\Group Policy\\Scripts\\Shutdown\\0\\0","User":"NT AUTHORITY\\SYSTEM","EventReceivedTime":1657288052,"SourceModuleName":"in_sysmon","SourceModuleType":"im_msvistalog"}
<14>Jul  8 13:47:32 activedir.stackedpads.local Microsoft-Windows-Sysmon[3224]: {"EventTime":1657288051,"Hostname":"activedir.stackedpads.local","Keywords":-9223372036854775808,"EventType":"INFO","SeverityValue":2,"Severity":"INFO","EventID":12,"SourceName":"Microsoft-Windows-Sysmon","ProviderGuid":"{5770385F-C22A-43E0-BF4C-06F5698FFBD9}","Version":2,"Task":12,"OpcodeValue":0,"RecordNumber":278436,"ProcessID":3224,"ThreadID":4128,"Channel":"Microsoft-Windows-Sysmon/Operational","Domain":"NT AUTHORITY","AccountName":"SYSTEM","UserID":"S-1-5-18","AccountType":"User","Message":"Registry object added or deleted:\r\nRuleName: -\r\nEventType: CreateKey\r\nUtcTime: 2022-07-08 13:47:31.180\r\nProcessGuid: {3be6fa21-31c6-62c8-2200-000000001100}\r\nProcessId: 1480\r\nImage: C:\\Windows\\system32\\svchost.exe\r\nTargetObject: HKLM\\SOFTWARE\\Microsoft\\Windows\\CurrentVersion\\Group Policy\\Scripts\\Shutdown\\0\\0\r\nUser: NT AUTHORITY\\SYSTEM","Category":"Registry object added or deleted (rule: RegistryEvent)","Opcode":"Info","RuleName":"-","UtcTime":"2022-07-08 13:47:31.180","ProcessGuid":"{3be6fa21-31c6-62c8-2200-000000001100}","Image":"C:\\Windows\\system32\\svchost.exe","TargetObject":"HKLM\\SOFTWARE\\Microsoft\\Windows\\CurrentVersion\\Group Policy\\Scripts\\Shutdown\\0\\0","User":"NT AUTHORITY\\SYSTEM","EventReceivedTime":1657288052,"SourceModuleName":"in_sysmon","SourceModuleType":"im_msvistalog"}
<14>Jul  8 13:47:32 activedir.stackedpads.local Microsoft-Windows-Sysmon[3224]: {"EventTime":1657288051,"Hostname":"activedir.stackedpads.local","Keywords":-9223372036854775808,"EventType":"INFO","SeverityValue":2,"Severity":"INFO","EventID":12,"SourceName":"Microsoft-Windows-Sysmon","ProviderGuid":"{5770385F-C22A-43E0-BF4C-06F5698FFBD9}","Version":2,"Task":12,"OpcodeValue":0,"RecordNumber":278430,"ProcessID":3224,"ThreadID":4128,"Channel":"Microsoft-Windows-Sysmon/Operational","Domain":"NT AUTHORITY","AccountName":"SYSTEM","UserID":"S-1-5-18","AccountType":"User","Message":"Registry object added or deleted:\r\nRuleName: -\r\nEventType: CreateKey\r\nUtcTime: 2022-07-08 13:47:31.164\r\nProcessGuid: {3be6fa21-31c6-62c8-2200-000000001100}\r\nProcessId: 1480\r\nImage: C:\\Windows\\system32\\svchost.exe\r\nTargetObject: HKLM\\SOFTWARE\\Microsoft\\Windows\\CurrentVersion\\Group Policy\\Scripts\\Startup\r\nUser: NT AUTHORITY\\SYSTEM","Category":"Registry object added or deleted (rule: RegistryEvent)","Opcode":"Info","RuleName":"-","UtcTime":"2022-07-08 13:47:31.164","ProcessGuid":"{3be6fa21-31c6-62c8-2200-000000001100}","Image":"C:\\Windows\\system32\\svchost.exe","TargetObject":"HKLM\\SOFTWARE\\Microsoft\\Windows\\CurrentVersion\\Group Policy\\Scripts\\Startup","User":"NT AUTHORITY\\SYSTEM","EventReceivedTime":1657288052,"SourceModuleName":"in_sysmon","SourceModuleType":"im_msvistalog"}
<14>Jul  8 13:47:32 activedir.stackedpads.local Microsoft-Windows-Sysmon[3224]: {"EventTime":1657288051,"Hostname":"activedir.stackedpads.local","Keywords":-9223372036854775808,"EventType":"INFO","SeverityValue":2,"Severity":"INFO","EventID":12,"SourceName":"Microsoft-Windows-Sysmon","ProviderGuid":"{5770385F-C22A-43E0-BF4C-06F5698FFBD9}","Version":2,"Task":12,"OpcodeValue":0,"RecordNumber":278425,"ProcessID":3224,"ThreadID":4128,"Channel":"Microsoft-Windows-Sysmon/Operational","Domain":"NT AUTHORITY","AccountName":"SYSTEM","UserID":"S-1-5-18","AccountType":"User","Message":"Registry object added or deleted:\r\nRuleName: -\r\nEventType: DeleteKey\r\nUtcTime: 2022-07-08 13:47:31.164\r\nProcessGuid: {3be6fa21-31c6-62c8-2200-000000001100}\r\nProcessId: 1480\r\nImage: C:\\Windows\\system32\\svchost.exe\r\nTargetObject: HKLM\\SOFTWARE\\Microsoft\\Windows\\CurrentVersion\\Group Policy\\Scripts\\Startup\r\nUser: NT AUTHORITY\\SYSTEM","Category":"Registry object added or deleted (rule: RegistryEvent)","Opcode":"Info","RuleName":"-","UtcTime":"2022-07-08 13:47:31.164","ProcessGuid":"{3be6fa21-31c6-62c8-2200-000000001100}","Image":"C:\\Windows\\system32\\svchost.exe","TargetObject":"HKLM\\SOFTWARE\\Microsoft\\Windows\\CurrentVersion\\Group Policy\\Scripts\\Startup","User":"NT AUTHORITY\\SYSTEM","EventReceivedTime":1657288052,"SourceModuleName":"in_sysmon","SourceModuleType":"im_msvistalog"}
<14>Jul  8 13:47:32 activedir.stackedpads.local Microsoft-Windows-Sysmon[3224]: {"EventTime":1657288051,"Hostname":"activedir.stackedpads.local","Keywords":-9223372036854775808,"EventType":"INFO","SeverityValue":2,"Severity":"INFO","EventID":13,"SourceName":"Microsoft-Windows-Sysmon","ProviderGuid":"{5770385F-C22A-43E0-BF4C-06F5698FFBD9}","Version":2,"Task":13,"OpcodeValue":0,"RecordNumber":278441,"ProcessID":3224,"ThreadID":4128,"Channel":"Microsoft-Windows-Sysmon/Operational","Domain":"NT AUTHORITY","AccountName":"SYSTEM","UserID":"S-1-5-18","AccountType":"User","Message":"Registry value set:\r\nRuleName: -\r\nEventType: SetValue\r\nUtcTime: 2022-07-08 13:47:31.180\r\nProcessGuid: {3be6fa21-31c6-62c8-2200-000000001100}\r\nProcessId: 1480\r\nImage: C:\\Windows\\system32\\svchost.exe\r\nTargetObject: HKLM\\SOFTWARE\\Microsoft\\Windows\\CurrentVersion\\Group Policy\\Scripts\\Shutdown\\0\\GPO-ID\r\nDetails: LocalGPO\r\nUser: NT AUTHORITY\\SYSTEM","Category":"Registry value set (rule: RegistryEvent)","Opcode":"Info","RuleName":"-","UtcTime":"2022-07-08 13:47:31.180","ProcessGuid":"{3be6fa21-31c6-62c8-2200-000000001100}","Image":"C:\\Windows\\system32\\svchost.exe","TargetObject":"HKLM\\SOFTWARE\\Microsoft\\Windows\\CurrentVersion\\Group Policy\\Scripts\\Shutdown\\0\\GPO-ID","Details":"LocalGPO","User":"NT AUTHORITY\\SYSTEM","EventReceivedTime":1657288052,"SourceModuleName":"in_sysmon","SourceModuleType":"im_msvistalog"}
<14>Jul  8 13:47:32 activedir.stackedpads.local Microsoft-Windows-Sysmon[3224]: {"EventTime":1657288051,"Hostname":"activedir.stackedpads.local","Keywords":-9223372036854775808,"EventType":"INFO","SeverityValue":2,"Severity":"INFO","EventID":13,"SourceName":"Microsoft-Windows-Sysmon","ProviderGuid":"{5770385F-C22A-43E0-BF4C-06F5698FFBD9}","Version":2,"Task":13,"OpcodeValue":0,"RecordNumber":278443,"ProcessID":3224,"ThreadID":4128,"Channel":"Microsoft-Windows-Sysmon/Operational","Domain":"NT AUTHORITY","AccountName":"SYSTEM","UserID":"S-1-5-18","AccountType":"User","Message":"Registry value set:\r\nRuleName: -\r\nEventType: SetValue\r\nUtcTime: 2022-07-08 13:47:31.180\r\nProcessGuid: {3be6fa21-31c6-62c8-2200-000000001100}\r\nProcessId: 1480\r\nImage: C:\\Windows\\system32\\svchost.exe\r\nTargetObject: HKLM\\SOFTWARE\\Microsoft\\Windows\\CurrentVersion\\Group Policy\\Scripts\\Shutdown\\0\\FileSysPath\r\nDetails: C:\\Windows\\System32\\GroupPolicy\\Machine\r\nUser: NT AUTHORITY\\SYSTEM","Category":"Registry value set (rule: RegistryEvent)","Opcode":"Info","RuleName":"-","UtcTime":"2022-07-08 13:47:31.180","ProcessGuid":"{3be6fa21-31c6-62c8-2200-000000001100}","Image":"C:\\Windows\\system32\\svchost.exe","TargetObject":"HKLM\\SOFTWARE\\Microsoft\\Windows\\CurrentVersion\\Group Policy\\Scripts\\Shutdown\\0\\FileSysPath","Details":"C:\\Windows\\System32\\GroupPolicy\\Machine","User":"NT AUTHORITY\\SYSTEM","EventReceivedTime":1657288052,"SourceModuleName":"in_sysmon","SourceModuleType":"im_msvistalog"}
<14>Jul  8 13:47:32 activedir.stackedpads.local Microsoft-Windows-Sysmon[3224]: {"EventTime":1657288051,"Hostname":"activedir.stackedpads.local","Keywords":-9223372036854775808,"EventType":"INFO","SeverityValue":2,"Severity":"INFO","EventID":13,"SourceName":"Microsoft-Windows-Sysmon","ProviderGuid":"{5770385F-C22A-43E0-BF4C-06F5698FFBD9}","Version":2,"Task":13,"OpcodeValue":0,"RecordNumber":278444,"ProcessID":3224,"ThreadID":4128,"Channel":"Microsoft-Windows-Sysmon/Operational","Domain":"NT AUTHORITY","AccountName":"SYSTEM","UserID":"S-1-5-18","AccountType":"User","Message":"Registry value set:\r\nRuleName: -\r\nEventType: SetValue\r\nUtcTime: 2022-07-08 13:47:31.180\r\nProcessGuid: {3be6fa21-31c6-62c8-2200-000000001100}\r\nProcessId: 1480\r\nImage: C:\\Windows\\system32\\svchost.exe\r\nTargetObject: HKLM\\SOFTWARE\\Microsoft\\Windows\\CurrentVersion\\Group Policy\\Scripts\\Shutdown\\0\\DisplayName\r\nDetails: Local Group Policy\r\nUser: NT AUTHORITY\\SYSTEM","Category":"Registry value set (rule: RegistryEvent)","Opcode":"Info","RuleName":"-","UtcTime":"2022-07-08 13:47:31.180","ProcessGuid":"{3be6fa21-31c6-62c8-2200-000000001100}","Image":"C:\\Windows\\system32\\svchost.exe","TargetObject":"HKLM\\SOFTWARE\\Microsoft\\Windows\\CurrentVersion\\Group Policy\\Scripts\\Shutdown\\0\\DisplayName","Details":"Local Group Policy","User":"NT AUTHORITY\\SYSTEM","EventReceivedTime":1657288052,"SourceModuleName":"in_sysmon","SourceModuleType":"im_msvistalog"}
<14>Jul  8 13:47:32 activedir.stackedpads.local Microsoft-Windows-Sysmon[3224]: {"EventTime":1657288051,"Hostname":"activedir.stackedpads.local","Keywords":-9223372036854775808,"EventType":"INFO","SeverityValue":2,"Severity":"INFO","EventID":13,"SourceName":"Microsoft-Windows-Sysmon","ProviderGuid":"{5770385F-C22A-43E0-BF4C-06F5698FFBD9}","Version":2,"Task":13,"OpcodeValue":0,"RecordNumber":278445,"ProcessID":3224,"ThreadID":4128,"Channel":"Microsoft-Windows-Sysmon/Operational","Domain":"NT AUTHORITY","AccountName":"SYSTEM","UserID":"S-1-5-18","AccountType":"User","Message":"Registry value set:\r\nRuleName: -\r\nEventType: SetValue\r\nUtcTime: 2022-07-08 13:47:31.180\r\nProcessGuid: {3be6fa21-31c6-62c8-2200-000000001100}\r\nProcessId: 1480\r\nImage: C:\\Windows\\system32\\svchost.exe\r\nTargetObject: HKLM\\SOFTWARE\\Microsoft\\Windows\\CurrentVersion\\Group Policy\\Scripts\\Shutdown\\0\\GPOName\r\nDetails: Local Group Policy\r\nUser: NT AUTHORITY\\SYSTEM","Category":"Registry value set (rule: RegistryEvent)","Opcode":"Info","RuleName":"-","UtcTime":"2022-07-08 13:47:31.180","ProcessGuid":"{3be6fa21-31c6-62c8-2200-000000001100}","Image":"C:\\Windows\\system32\\svchost.exe","TargetObject":"HKLM\\SOFTWARE\\Microsoft\\Windows\\CurrentVersion\\Group Policy\\Scripts\\Shutdown\\0\\GPOName","Details":"Local Group Policy","User":"NT AUTHORITY\\SYSTEM","EventReceivedTime":1657288052,"SourceModuleName":"in_sysmon","SourceModuleType":"im_msvistalog"}
<14>Jul  8 13:47:32 activedir.stackedpads.local Microsoft-Windows-Sysmon[3224]: {"EventTime":1657288051,"Hostname":"activedir.stackedpads.local","Keywords":-9223372036854775808,"EventType":"INFO","SeverityValue":2,"Severity":"INFO","EventID":13,"SourceName":"Microsoft-Windows-Sysmon","ProviderGuid":"{5770385F-C22A-43E0-BF4C-06F5698FFBD9}","Version":2,"Task":13,"OpcodeValue":0,"RecordNumber":278437,"ProcessID":3224,"ThreadID":4128,"Channel":"Microsoft-Windows-Sysmon/Operational","Domain":"NT AUTHORITY","AccountName":"SYSTEM","UserID":"S-1-5-18","AccountType":"User","Message":"Registry value set:\r\nRuleName: -\r\nEventType: SetValue\r\nUtcTime: 2022-07-08 13:47:31.180\r\nProcessGuid: {3be6fa21-31c6-62c8-2200-000000001100}\r\nProcessId: 1480\r\nImage: C:\\Windows\\system32\\svchost.exe\r\nTargetObject: HKLM\\SOFTWARE\\Microsoft\\Windows\\CurrentVersion\\Group Policy\\Scripts\\Shutdown\\0\\0\\Script\r\nDetails: C:\\Program Files\\Google\\Compute Engine\\metadata_scripts\\run_shutdown_scripts.cmd\r\nUser: NT AUTHORITY\\SYSTEM","Category":"Registry value set (rule: RegistryEvent)","Opcode":"Info","RuleName":"-","UtcTime":"2022-07-08 13:47:31.180","ProcessGuid":"{3be6fa21-31c6-62c8-2200-000000001100}","Image":"C:\\Windows\\system32\\svchost.exe","TargetObject":"HKLM\\SOFTWARE\\Microsoft\\Windows\\CurrentVersion\\Group Policy\\Scripts\\Shutdown\\0\\0\\Script","Details":"C:\\Program Files\\Google\\Compute Engine\\metadata_scripts\\run_shutdown_scripts.cmd","User":"NT AUTHORITY\\SYSTEM","EventReceivedTime":1657288052,"SourceModuleName":"in_sysmon","SourceModuleType":"im_msvistalog"}
<14>Jul  8 13:47:32 activedir.stackedpads.local Microsoft-Windows-Sysmon[3224]: {"EventTime":1657288051,"Hostname":"activedir.stackedpads.local","Keywords":-9223372036854775808,"EventType":"INFO","SeverityValue":2,"Severity":"INFO","EventID":13,"SourceName":"Microsoft-Windows-Sysmon","ProviderGuid":"{5770385F-C22A-43E0-BF4C-06F5698FFBD9}","Version":2,"Task":13,"OpcodeValue":0,"RecordNumber":278446,"ProcessID":3224,"ThreadID":4128,"Channel":"Microsoft-Windows-Sysmon/Operational","Domain":"NT AUTHORITY","AccountName":"SYSTEM","UserID":"S-1-5-18","AccountType":"User","Message":"Registry value set:\r\nRuleName: -\r\nEventType: SetValue\r\nUtcTime: 2022-07-08 13:47:31.180\r\nProcessGuid: {3be6fa21-31c6-62c8-2200-000000001100}\r\nProcessId: 1480\r\nImage: C:\\Windows\\system32\\svchost.exe\r\nTargetObject: HKLM\\SOFTWARE\\Microsoft\\Windows\\CurrentVersion\\Group Policy\\Scripts\\Shutdown\\0\\PSScriptOrder\r\nDetails: DWORD (0x00000001)\r\nUser: NT AUTHORITY\\SYSTEM","Category":"Registry value set (rule: RegistryEvent)","Opcode":"Info","RuleName":"-","UtcTime":"2022-07-08 13:47:31.180","ProcessGuid":"{3be6fa21-31c6-62c8-2200-000000001100}","Image":"C:\\Windows\\system32\\svchost.exe","TargetObject":"HKLM\\SOFTWARE\\Microsoft\\Windows\\CurrentVersion\\Group Policy\\Scripts\\Shutdown\\0\\PSScriptOrder","Details":"DWORD (0x00000001)","User":"NT AUTHORITY\\SYSTEM","EventReceivedTime":1657288052,"SourceModuleName":"in_sysmon","SourceModuleType":"im_msvistalog"}
<14>Jul  8 13:47:32 activedir.stackedpads.local Microsoft-Windows-Sysmon[3224]: {"EventTime":1657288051,"Hostname":"activedir.stackedpads.local","Keywords":-9223372036854775808,"EventType":"INFO","SeverityValue":2,"Severity":"INFO","EventID":13,"SourceName":"Microsoft-Windows-Sysmon","ProviderGuid":"{5770385F-C22A-43E0-BF4C-06F5698FFBD9}","Version":2,"Task":13,"OpcodeValue":0,"RecordNumber":278439,"ProcessID":3224,"ThreadID":4128,"Channel":"Microsoft-Windows-Sysmon/Operational","Domain":"NT AUTHORITY","AccountName":"SYSTEM","UserID":"S-1-5-18","AccountType":"User","Message":"Registry value set:\r\nRuleName: -\r\nEventType: SetValue\r\nUtcTime: 2022-07-08 13:47:31.180\r\nProcessGuid: {3be6fa21-31c6-62c8-2200-000000001100}\r\nProcessId: 1480\r\nImage: C:\\Windows\\system32\\svchost.exe\r\nTargetObject: HKLM\\SOFTWARE\\Microsoft\\Windows\\CurrentVersion\\Group Policy\\Scripts\\Shutdown\\0\\0\\IsPowershell\r\nDetails: DWORD (0x00000000)\r\nUser: NT AUTHORITY\\SYSTEM","Category":"Registry value set (rule: RegistryEvent)","Opcode":"Info","RuleName":"-","UtcTime":"2022-07-08 13:47:31.180","ProcessGuid":"{3be6fa21-31c6-62c8-2200-000000001100}","Image":"C:\\Windows\\system32\\svchost.exe","TargetObject":"HKLM\\SOFTWARE\\Microsoft\\Windows\\CurrentVersion\\Group Policy\\Scripts\\Shutdown\\0\\0\\IsPowershell","Details":"DWORD (0x00000000)","User":"NT AUTHORITY\\SYSTEM","EventReceivedTime":1657288052,"SourceModuleName":"in_sysmon","SourceModuleType":"im_msvistalog"}
<14>Jul  8 13:47:32 activedir.stackedpads.local Microsoft-Windows-Sysmon[3224]: {"EventTime":1657288051,"Hostname":"activedir.stackedpads.local","Keywords":-9223372036854775808,"EventType":"INFO","SeverityValue":2,"Severity":"INFO","EventID":13,"SourceName":"Microsoft-Windows-Sysmon","ProviderGuid":"{5770385F-C22A-43E0-BF4C-06F5698FFBD9}","Version":2,"Task":13,"OpcodeValue":0,"RecordNumber":278440,"ProcessID":3224,"ThreadID":4128,"Channel":"Microsoft-Windows-Sysmon/Operational","Domain":"NT AUTHORITY","AccountName":"SYSTEM","UserID":"S-1-5-18","AccountType":"User","Message":"Registry value set:\r\nRuleName: -\r\nEventType: SetValue\r\nUtcTime: 2022-07-08 13:47:31.180\r\nProcessGuid: {3be6fa21-31c6-62c8-2200-000000001100}\r\nProcessId: 1480\r\nImage: C:\\Windows\\system32\\svchost.exe\r\nTargetObject: HKLM\\SOFTWARE\\Microsoft\\Windows\\CurrentVersion\\Group Policy\\Scripts\\Shutdown\\0\\0\\ExecTime\r\nDetails: QWORD (0x00000000-0x00000000)\r\nUser: NT AUTHORITY\\SYSTEM","Category":"Registry value set (rule: RegistryEvent)","Opcode":"Info","RuleName":"-","UtcTime":"2022-07-08 13:47:31.180","ProcessGuid":"{3be6fa21-31c6-62c8-2200-000000001100}","Image":"C:\\Windows\\system32\\svchost.exe","TargetObject":"HKLM\\SOFTWARE\\Microsoft\\Windows\\CurrentVersion\\Group Policy\\Scripts\\Shutdown\\0\\0\\ExecTime","Details":"QWORD (0x00000000-0x00000000)","User":"NT AUTHORITY\\SYSTEM","EventReceivedTime":1657288052,"SourceModuleName":"in_sysmon","SourceModuleType":"im_msvistalog"}
<14>Jul  8 13:47:32 activedir.stackedpads.local Microsoft-Windows-Sysmon[3224]: {"EventTime":1657288051,"Hostname":"activedir.stackedpads.local","Keywords":-9223372036854775808,"EventType":"INFO","SeverityValue":2,"Severity":"INFO","EventID":13,"SourceName":"Microsoft-Windows-Sysmon","ProviderGuid":"{5770385F-C22A-43E0-BF4C-06F5698FFBD9}","Version":2,"Task":13,"OpcodeValue":0,"RecordNumber":278438,"ProcessID":3224,"ThreadID":4128,"Channel":"Microsoft-Windows-Sysmon/Operational","Domain":"NT AUTHORITY","AccountName":"SYSTEM","UserID":"S-1-5-18","AccountType":"User","Message":"Registry value set:\r\nRuleName: -\r\nEventType: SetValue\r\nUtcTime: 2022-07-08 13:47:31.180\r\nProcessGuid: {3be6fa21-31c6-62c8-2200-000000001100}\r\nProcessId: 1480\r\nImage: C:\\Windows\\system32\\svchost.exe\r\nTargetObject: HKLM\\SOFTWARE\\Microsoft\\Windows\\CurrentVersion\\Group Policy\\Scripts\\Shutdown\\0\\0\\Parameters\r\nDetails: (Empty)\r\nUser: NT AUTHORITY\\SYSTEM","Category":"Registry value set (rule: RegistryEvent)","Opcode":"Info","RuleName":"-","UtcTime":"2022-07-08 13:47:31.180","ProcessGuid":"{3be6fa21-31c6-62c8-2200-000000001100}","Image":"C:\\Windows\\system32\\svchost.exe","TargetObject":"HKLM\\SOFTWARE\\Microsoft\\Windows\\CurrentVersion\\Group Policy\\Scripts\\Shutdown\\0\\0\\Parameters","Details":"(Empty)","User":"NT AUTHORITY\\SYSTEM","EventReceivedTime":1657288052,"SourceModuleName":"in_sysmon","SourceModuleType":"im_msvistalog"}
<14>Jul  8 13:47:32 activedir.stackedpads.local Microsoft-Windows-Sysmon[3224]: {"EventTime":1657288051,"Hostname":"activedir.stackedpads.local","Keywords":-9223372036854775808,"EventType":"INFO","SeverityValue":2,"Severity":"INFO","EventID":13,"SourceName":"Microsoft-Windows-Sysmon","ProviderGuid":"{5770385F-C22A-43E0-BF4C-06F5698FFBD9}","Version":2,"Task":13,"OpcodeValue":0,"RecordNumber":278442,"ProcessID":3224,"ThreadID":4128,"Channel":"Microsoft-Windows-Sysmon/Operational","Domain":"NT AUTHORITY","AccountName":"SYSTEM","UserID":"S-1-5-18","AccountType":"User","Message":"Registry value set:\r\nRuleName: -\r\nEventType: SetValue\r\nUtcTime: 2022-07-08 13:47:31.180\r\nProcessGuid: {3be6fa21-31c6-62c8-2200-000000001100}\r\nProcessId: 1480\r\nImage: C:\\Windows\\system32\\svchost.exe\r\nTargetObject: HKLM\\SOFTWARE\\Microsoft\\Windows\\CurrentVersion\\Group Policy\\Scripts\\Shutdown\\0\\SOM-ID\r\nDetails: Local\r\nUser: NT AUTHORITY\\SYSTEM","Category":"Registry value set (rule: RegistryEvent)","Opcode":"Info","RuleName":"-","UtcTime":"2022-07-08 13:47:31.180","ProcessGuid":"{3be6fa21-31c6-62c8-2200-000000001100}","Image":"C:\\Windows\\system32\\svchost.exe","TargetObject":"HKLM\\SOFTWARE\\Microsoft\\Windows\\CurrentVersion\\Group Policy\\Scripts\\Shutdown\\0\\SOM-ID","Details":"Local","User":"NT AUTHORITY\\SYSTEM","EventReceivedTime":1657288052,"SourceModuleName":"in_sysmon","SourceModuleType":"im_msvistalog"}
<14>Jul  8 13:47:34 activedir.stackedpads.local Microsoft-Windows-Sysmon[3224]: {"EventTime":1657288053,"Hostname":"activedir.stackedpads.local","Keywords":-9223372036854775808,"EventType":"INFO","SeverityValue":2,"Severity":"INFO","EventID":22,"SourceName":"Microsoft-Windows-Sysmon","ProviderGuid":"{5770385F-C22A-43E0-BF4C-06F5698FFBD9}","Version":5,"Task":22,"OpcodeValue":0,"RecordNumber":278447,"ProcessID":3224,"ThreadID":4252,"Channel":"Microsoft-Windows-Sysmon/Operational","Domain":"NT AUTHORITY","AccountName":"SYSTEM","UserID":"S-1-5-18","AccountType":"User","Message":"Dns query:\r\nRuleName: -\r\nUtcTime: 2022-07-08 13:47:31.486\r\nProcessGuid: {3be6fa21-31c3-62c8-0c00-000000001100}\r\nProcessId: 652\r\nQueryName: _ldap._tcp.Default-First-Site-Name._sites.dc._msdcs.stackedpads.local.\r\nQueryStatus: 0\r\nQueryResults: type:  33 activedir.stackedpads.local;10.1.0.4;\r\nImage: C:\\Windows\\System32\\lsass.exe\r\nUser: NT AUTHORITY\\SYSTEM","Category":"Dns query (rule: DnsQuery)","Opcode":"Info","RuleName":"-","UtcTime":"2022-07-08 13:47:31.486","ProcessGuid":"{3be6fa21-31c3-62c8-0c00-000000001100}","QueryName":"_ldap._tcp.Default-First-Site-Name._sites.dc._msdcs.stackedpads.local.","QueryStatus":"0","QueryResults":"type:  33 activedir.stackedpads.local;10.1.0.4;","Image":"C:\\Windows\\System32\\lsass.exe","User":"NT AUTHORITY\\SYSTEM","EventReceivedTime":1657288054,"SourceModuleName":"in_sysmon","SourceModuleType":"im_msvistalog"}
<14>Jul  8 13:47:37 wrk-shasek.stackedpads.local Microsoft-Windows-Sysmon[2568]: {"EventTime":1657288055,"Hostname":"wrk-shasek.stackedpads.local","Keywords":-9223372036854775808,"EventType":"INFO","SeverityValue":2,"Severity":"INFO","EventID":3,"SourceName":"Microsoft-Windows-Sysmon","ProviderGuid":"{5770385F-C22A-43E0-BF4C-06F5698FFBD9}","Version":5,"Task":3,"OpcodeValue":0,"RecordNumber":73041,"ProcessID":2568,"ThreadID":3292,"Channel":"Microsoft-Windows-Sysmon/Operational","Domain":"NT AUTHORITY","AccountName":"SYSTEM","UserID":"S-1-5-18","AccountType":"User","Message":"Network connection detected:\r\nRuleName: technique_id=T1059.001,technique_name=PowerShell\r\nUtcTime: 2022-07-08 13:47:34.341\r\nProcessGuid: {6b7cbb53-343f-62c8-f300-000000000e00}\r\nProcessId: 2744\r\nImage: C:\\Windows\\System32\\WindowsPowerShell\\v1.0\\powershell.exe\r\nUser: STACKEDPADS\\tim.smith\r\nProtocol: tcp\r\nInitiated: true\r\nSourceIsIpv6: false\r\nSourceIp: 10.1.0.50\r\nSourceHostname: -\r\nSourcePort: 49890\r\nSourcePortName: -\r\nDestinationIsIpv6: false\r\nDestinationIp: 10.1.0.4\r\nDestinationHostname: -\r\nDestinationPort: 389\r\nDestinationPortName: -","Category":"Network connection detected (rule: NetworkConnect)","Opcode":"Info","RuleName":"technique_id=T1059.001,technique_name=PowerShell","UtcTime":"2022-07-08 13:47:34.341","ProcessGuid":"{6b7cbb53-343f-62c8-f300-000000000e00}","Image":"C:\\Windows\\System32\\WindowsPowerShell\\v1.0\\powershell.exe","User":"STACKEDPADS\\tim.smith","Protocol":"tcp","Initiated":"true","SourceIsIpv6":"false","SourceIp":"10.1.0.50","SourceHostname":"-","SourcePort":"49890","SourcePortName":"-","DestinationIsIpv6":"false","DestinationIp":"10.1.0.4","DestinationHostname":"-","DestinationPort":"389","DestinationPortName":"-","EventReceivedTime":1657288057,"SourceModuleName":"in_sysmon","SourceModuleType":"im_msvistalog"}
<14>Jul  8 13:47:37 wrk-shasek.stackedpads.local Microsoft-Windows-Sysmon[2568]: {"EventTime":1657288055,"Hostname":"wrk-shasek.stackedpads.local","Keywords":-9223372036854775808,"EventType":"INFO","SeverityValue":2,"Severity":"INFO","EventID":3,"SourceName":"Microsoft-Windows-Sysmon","ProviderGuid":"{5770385F-C22A-43E0-BF4C-06F5698FFBD9}","Version":5,"Task":3,"OpcodeValue":0,"RecordNumber":73042,"ProcessID":2568,"ThreadID":3292,"Channel":"Microsoft-Windows-Sysmon/Operational","Domain":"NT AUTHORITY","AccountName":"SYSTEM","UserID":"S-1-5-18","AccountType":"User","Message":"Network connection detected:\r\nRuleName: technique_id=T1059.001,technique_name=PowerShell\r\nUtcTime: 2022-07-08 13:47:34.368\r\nProcessGuid: {6b7cbb53-343f-62c8-f300-000000000e00}\r\nProcessId: 2744\r\nImage: C:\\Windows\\System32\\WindowsPowerShell\\v1.0\\powershell.exe\r\nUser: STACKEDPADS\\tim.smith\r\nProtocol: tcp\r\nInitiated: true\r\nSourceIsIpv6: false\r\nSourceIp: 10.1.0.50\r\nSourceHostname: -\r\nSourcePort: 49891\r\nSourcePortName: -\r\nDestinationIsIpv6: false\r\nDestinationIp: 10.1.0.4\r\nDestinationHostname: -\r\nDestinationPort: 389\r\nDestinationPortName: -","Category":"Network connection detected (rule: NetworkConnect)","Opcode":"Info","RuleName":"technique_id=T1059.001,technique_name=PowerShell","UtcTime":"2022-07-08 13:47:34.368","ProcessGuid":"{6b7cbb53-343f-62c8-f300-000000000e00}","Image":"C:\\Windows\\System32\\WindowsPowerShell\\v1.0\\powershell.exe","User":"STACKEDPADS\\tim.smith","Protocol":"tcp","Initiated":"true","SourceIsIpv6":"false","SourceIp":"10.1.0.50","SourceHostname":"-","SourcePort":"49891","SourcePortName":"-","DestinationIsIpv6":"false","DestinationIp":"10.1.0.4","DestinationHostname":"-","DestinationPort":"389","DestinationPortName":"-","EventReceivedTime":1657288057,"SourceModuleName":"in_sysmon","SourceModuleType":"im_msvistalog"}
<14>Jul  8 13:47:35 wrk-shasek.stackedpads.local Microsoft-Windows-Sysmon[2568]: {"EventTime":1657288055,"Hostname":"wrk-shasek.stackedpads.local","Keywords":-9223372036854775808,"EventType":"INFO","SeverityValue":2,"Severity":"INFO","EventID":22,"SourceName":"Microsoft-Windows-Sysmon","ProviderGuid":"{5770385F-C22A-43E0-BF4C-06F5698FFBD9}","Version":5,"Task":22,"OpcodeValue":0,"RecordNumber":73040,"ProcessID":2568,"ThreadID":3360,"Channel":"Microsoft-Windows-Sysmon/Operational","Domain":"NT AUTHORITY","AccountName":"SYSTEM","UserID":"S-1-5-18","AccountType":"User","Message":"Dns query:\r\nRuleName: -\r\nUtcTime: 2022-07-08 13:47:34.360\r\nProcessGuid: {6b7cbb53-343f-62c8-f300-000000000e00}\r\nProcessId: 2744\r\nQueryName: activedir.stackedpads.local\r\nQueryStatus: 0\r\nQueryResults: ::ffff:10.1.0.4;\r\nImage: C:\\Windows\\System32\\WindowsPowerShell\\v1.0\\powershell.exe\r\nUser: STACKEDPADS\\tim.smith","Category":"Dns query (rule: DnsQuery)","Opcode":"Info","RuleName":"-","UtcTime":"2022-07-08 13:47:34.360","ProcessGuid":"{6b7cbb53-343f-62c8-f300-000000000e00}","QueryName":"activedir.stackedpads.local","QueryStatus":"0","QueryResults":"::ffff:10.1.0.4;","Image":"C:\\Windows\\System32\\WindowsPowerShell\\v1.0\\powershell.exe","User":"STACKEDPADS\\tim.smith","EventReceivedTime":1657288055,"SourceModuleName":"in_sysmon","SourceModuleType":"im_msvistalog"}
<14>Jul  8 13:47:35 wrk-shasek.stackedpads.local Microsoft-Windows-Sysmon[2568]: {"EventTime":1657288054,"Hostname":"wrk-shasek.stackedpads.local","Keywords":-9223372036854775808,"EventType":"INFO","SeverityValue":2,"Severity":"INFO","EventID":11,"SourceName":"Microsoft-Windows-Sysmon","ProviderGuid":"{5770385F-C22A-43E0-BF4C-06F5698FFBD9}","Version":2,"Task":11,"OpcodeValue":0,"RecordNumber":73039,"ProcessID":2568,"ThreadID":3284,"Channel":"Microsoft-Windows-Sysmon/Operational","Domain":"NT AUTHORITY","AccountName":"SYSTEM","UserID":"S-1-5-18","AccountType":"User","Message":"File created:\r\nRuleName: -\r\nUtcTime: 2022-07-08 13:47:34.512\r\nProcessGuid: {6b7cbb53-343f-62c8-f300-000000000e00}\r\nProcessId: 2744\r\nImage: C:\\Windows\\System32\\WindowsPowerShell\\v1.0\\powershell.exe\r\nTargetFilename: C:\\Users\\tim.smith\\AppData\\Local\\Microsoft\\Windows\\SchCache\\stackedpads.local.sch\r\nCreationUtcTime: 2022-07-07 19:58:53.233\r\nUser: STACKEDPADS\\tim.smith","Category":"File created (rule: FileCreate)","Opcode":"Info","RuleName":"-","UtcTime":"2022-07-08 13:47:34.512","ProcessGuid":"{6b7cbb53-343f-62c8-f300-000000000e00}","Image":"C:\\Windows\\System32\\WindowsPowerShell\\v1.0\\powershell.exe","TargetFilename":"C:\\Users\\tim.smith\\AppData\\Local\\Microsoft\\Windows\\SchCache\\stackedpads.local.sch","CreationUtcTime":"2022-07-07 19:58:53.233","User":"STACKEDPADS\\tim.smith","EventReceivedTime":1657288055,"SourceModuleName":"in_sysmon","SourceModuleType":"im_msvistalog"}
<14>Jul  8 13:47:45 wrk-shasek.stackedpads.local Microsoft-Windows-Sysmon[2568]: {"EventTime":1657288063,"Hostname":"wrk-shasek.stackedpads.local","Keywords":-9223372036854775808,"EventType":"INFO","SeverityValue":2,"Severity":"INFO","EventID":3,"SourceName":"Microsoft-Windows-Sysmon","ProviderGuid":"{5770385F-C22A-43E0-BF4C-06F5698FFBD9}","Version":5,"Task":3,"OpcodeValue":0,"RecordNumber":73059,"ProcessID":2568,"ThreadID":3292,"Channel":"Microsoft-Windows-Sysmon/Operational","Domain":"NT AUTHORITY","AccountName":"SYSTEM","UserID":"S-1-5-18","AccountType":"User","Message":"Network connection detected:\r\nRuleName: technique_id=T1059.001,technique_name=PowerShell\r\nUtcTime: 2022-07-08 13:47:42.618\r\nProcessGuid: {6b7cbb53-343f-62c8-f300-000000000e00}\r\nProcessId: 2744\r\nImage: C:\\Windows\\System32\\WindowsPowerShell\\v1.0\\powershell.exe\r\nUser: STACKEDPADS\\tim.smith\r\nProtocol: tcp\r\nInitiated: true\r\nSourceIsIpv6: false\r\nSourceIp: 10.1.0.50\r\nSourceHostname: -\r\nSourcePort: 49892\r\nSourcePortName: -\r\nDestinationIsIpv6: false\r\nDestinationIp: 10.1.0.4\r\nDestinationHostname: -\r\nDestinationPort: 389\r\nDestinationPortName: -","Category":"Network connection detected (rule: NetworkConnect)","Opcode":"Info","RuleName":"technique_id=T1059.001,technique_name=PowerShell","UtcTime":"2022-07-08 13:47:42.618","ProcessGuid":"{6b7cbb53-343f-62c8-f300-000000000e00}","Image":"C:\\Windows\\System32\\WindowsPowerShell\\v1.0\\powershell.exe","User":"STACKEDPADS\\tim.smith","Protocol":"tcp","Initiated":"true","SourceIsIpv6":"false","SourceIp":"10.1.0.50","SourceHostname":"-","SourcePort":"49892","SourcePortName":"-","DestinationIsIpv6":"false","DestinationIp":"10.1.0.4","DestinationHostname":"-","DestinationPort":"389","DestinationPortName":"-","EventReceivedTime":1657288065,"SourceModuleName":"in_sysmon","SourceModuleType":"im_msvistalog"}
<14>Jul  8 13:47:45 wrk-shasek.stackedpads.local Microsoft-Windows-Sysmon[2568]: {"EventTime":1657288063,"Hostname":"wrk-shasek.stackedpads.local","Keywords":-9223372036854775808,"EventType":"INFO","SeverityValue":2,"Severity":"INFO","EventID":3,"SourceName":"Microsoft-Windows-Sysmon","ProviderGuid":"{5770385F-C22A-43E0-BF4C-06F5698FFBD9}","Version":5,"Task":3,"OpcodeValue":0,"RecordNumber":73060,"ProcessID":2568,"ThreadID":3292,"Channel":"Microsoft-Windows-Sysmon/Operational","Domain":"NT AUTHORITY","AccountName":"SYSTEM","UserID":"S-1-5-18","AccountType":"User","Message":"Network connection detected:\r\nRuleName: technique_id=T1059.001,technique_name=PowerShell\r\nUtcTime: 2022-07-08 13:47:42.677\r\nProcessGuid: {6b7cbb53-343f-62c8-f300-000000000e00}\r\nProcessId: 2744\r\nImage: C:\\Windows\\System32\\WindowsPowerShell\\v1.0\\powershell.exe\r\nUser: STACKEDPADS\\tim.smith\r\nProtocol: tcp\r\nInitiated: true\r\nSourceIsIpv6: false\r\nSourceIp: 10.1.0.50\r\nSourceHostname: -\r\nSourcePort: 49893\r\nSourcePortName: -\r\nDestinationIsIpv6: false\r\nDestinationIp: 10.1.0.4\r\nDestinationHostname: -\r\nDestinationPort: 389\r\nDestinationPortName: -","Category":"Network connection detected (rule: NetworkConnect)","Opcode":"Info","RuleName":"technique_id=T1059.001,technique_name=PowerShell","UtcTime":"2022-07-08 13:47:42.677","ProcessGuid":"{6b7cbb53-343f-62c8-f300-000000000e00}","Image":"C:\\Windows\\System32\\WindowsPowerShell\\v1.0\\powershell.exe","User":"STACKEDPADS\\tim.smith","Protocol":"tcp","Initiated":"true","SourceIsIpv6":"false","SourceIp":"10.1.0.50","SourceHostname":"-","SourcePort":"49893","SourcePortName":"-","DestinationIsIpv6":"false","DestinationIp":"10.1.0.4","DestinationHostname":"-","DestinationPort":"389","DestinationPortName":"-","EventReceivedTime":1657288065,"SourceModuleName":"in_sysmon","SourceModuleType":"im_msvistalog"}
<14>Jul  8 13:47:45 wrk-shasek.stackedpads.local Microsoft-Windows-Sysmon[2568]: {"EventTime":1657288063,"Hostname":"wrk-shasek.stackedpads.local","Keywords":-9223372036854775808,"EventType":"INFO","SeverityValue":2,"Severity":"INFO","EventID":3,"SourceName":"Microsoft-Windows-Sysmon","ProviderGuid":"{5770385F-C22A-43E0-BF4C-06F5698FFBD9}","Version":5,"Task":3,"OpcodeValue":0,"RecordNumber":73061,"ProcessID":2568,"ThreadID":3292,"Channel":"Microsoft-Windows-Sysmon/Operational","Domain":"NT AUTHORITY","AccountName":"SYSTEM","UserID":"S-1-5-18","AccountType":"User","Message":"Network connection detected:\r\nRuleName: technique_id=T1059.001,technique_name=PowerShell\r\nUtcTime: 2022-07-08 13:47:42.684\r\nProcessGuid: {6b7cbb53-343f-62c8-f300-000000000e00}\r\nProcessId: 2744\r\nImage: C:\\Windows\\System32\\WindowsPowerShell\\v1.0\\powershell.exe\r\nUser: STACKEDPADS\\tim.smith\r\nProtocol: tcp\r\nInitiated: true\r\nSourceIsIpv6: false\r\nSourceIp: 10.1.0.50\r\nSourceHostname: -\r\nSourcePort: 49894\r\nSourcePortName: -\r\nDestinationIsIpv6: false\r\nDestinationIp: 10.1.0.4\r\nDestinationHostname: -\r\nDestinationPort: 389\r\nDestinationPortName: -","Category":"Network connection detected (rule: NetworkConnect)","Opcode":"Info","RuleName":"technique_id=T1059.001,technique_name=PowerShell","UtcTime":"2022-07-08 13:47:42.684","ProcessGuid":"{6b7cbb53-343f-62c8-f300-000000000e00}","Image":"C:\\Windows\\System32\\WindowsPowerShell\\v1.0\\powershell.exe","User":"STACKEDPADS\\tim.smith","Protocol":"tcp","Initiated":"true","SourceIsIpv6":"false","SourceIp":"10.1.0.50","SourceHostname":"-","SourcePort":"49894","SourcePortName":"-","DestinationIsIpv6":"false","DestinationIp":"10.1.0.4","DestinationHostname":"-","DestinationPort":"389","DestinationPortName":"-","EventReceivedTime":1657288065,"SourceModuleName":"in_sysmon","SourceModuleType":"im_msvistalog"}
<14>Jul  8 13:47:45 wrk-shasek.stackedpads.local Microsoft-Windows-Sysmon[2568]: {"EventTime":1657288063,"Hostname":"wrk-shasek.stackedpads.local","Keywords":-9223372036854775808,"EventType":"INFO","SeverityValue":2,"Severity":"INFO","EventID":3,"SourceName":"Microsoft-Windows-Sysmon","ProviderGuid":"{5770385F-C22A-43E0-BF4C-06F5698FFBD9}","Version":5,"Task":3,"OpcodeValue":0,"RecordNumber":73062,"ProcessID":2568,"ThreadID":3292,"Channel":"Microsoft-Windows-Sysmon/Operational","Domain":"NT AUTHORITY","AccountName":"SYSTEM","UserID":"S-1-5-18","AccountType":"User","Message":"Network connection detected:\r\nRuleName: technique_id=T1059.001,technique_name=PowerShell\r\nUtcTime: 2022-07-08 13:47:42.690\r\nProcessGuid: {6b7cbb53-343f-62c8-f300-000000000e00}\r\nProcessId: 2744\r\nImage: C:\\Windows\\System32\\WindowsPowerShell\\v1.0\\powershell.exe\r\nUser: STACKEDPADS\\tim.smith\r\nProtocol: tcp\r\nInitiated: true\r\nSourceIsIpv6: false\r\nSourceIp: 10.1.0.50\r\nSourceHostname: -\r\nSourcePort: 49895\r\nSourcePortName: -\r\nDestinationIsIpv6: false\r\nDestinationIp: 10.1.0.4\r\nDestinationHostname: -\r\nDestinationPort: 389\r\nDestinationPortName: -","Category":"Network connection detected (rule: NetworkConnect)","Opcode":"Info","RuleName":"technique_id=T1059.001,technique_name=PowerShell","UtcTime":"2022-07-08 13:47:42.690","ProcessGuid":"{6b7cbb53-343f-62c8-f300-000000000e00}","Image":"C:\\Windows\\System32\\WindowsPowerShell\\v1.0\\powershell.exe","User":"STACKEDPADS\\tim.smith","Protocol":"tcp","Initiated":"true","SourceIsIpv6":"false","SourceIp":"10.1.0.50","SourceHostname":"-","SourcePort":"49895","SourcePortName":"-","DestinationIsIpv6":"false","DestinationIp":"10.1.0.4","DestinationHostname":"-","DestinationPort":"389","DestinationPortName":"-","EventReceivedTime":1657288065,"SourceModuleName":"in_sysmon","SourceModuleType":"im_msvistalog"}
<14>Jul  8 13:47:45 wrk-shasek.stackedpads.local Microsoft-Windows-Sysmon[2568]: {"EventTime":1657288063,"Hostname":"wrk-shasek.stackedpads.local","Keywords":-9223372036854775808,"EventType":"INFO","SeverityValue":2,"Severity":"INFO","EventID":3,"SourceName":"Microsoft-Windows-Sysmon","ProviderGuid":"{5770385F-C22A-43E0-BF4C-06F5698FFBD9}","Version":5,"Task":3,"OpcodeValue":0,"RecordNumber":73063,"ProcessID":2568,"ThreadID":3292,"Channel":"Microsoft-Windows-Sysmon/Operational","Domain":"NT AUTHORITY","AccountName":"SYSTEM","UserID":"S-1-5-18","AccountType":"User","Message":"Network connection detected:\r\nRuleName: technique_id=T1059.001,technique_name=PowerShell\r\nUtcTime: 2022-07-08 13:47:42.697\r\nProcessGuid: {6b7cbb53-343f-62c8-f300-000000000e00}\r\nProcessId: 2744\r\nImage: C:\\Windows\\System32\\WindowsPowerShell\\v1.0\\powershell.exe\r\nUser: STACKEDPADS\\tim.smith\r\nProtocol: tcp\r\nInitiated: true\r\nSourceIsIpv6: false\r\nSourceIp: 10.1.0.50\r\nSourceHostname: -\r\nSourcePort: 49896\r\nSourcePortName: -\r\nDestinationIsIpv6: false\r\nDestinationIp: 10.1.0.4\r\nDestinationHostname: -\r\nDestinationPort: 389\r\nDestinationPortName: -","Category":"Network connection detected (rule: NetworkConnect)","Opcode":"Info","RuleName":"technique_id=T1059.001,technique_name=PowerShell","UtcTime":"2022-07-08 13:47:42.697","ProcessGuid":"{6b7cbb53-343f-62c8-f300-000000000e00}","Image":"C:\\Windows\\System32\\WindowsPowerShell\\v1.0\\powershell.exe","User":"STACKEDPADS\\tim.smith","Protocol":"tcp","Initiated":"true","SourceIsIpv6":"false","SourceIp":"10.1.0.50","SourceHostname":"-","SourcePort":"49896","SourcePortName":"-","DestinationIsIpv6":"false","DestinationIp":"10.1.0.4","DestinationHostname":"-","DestinationPort":"389","DestinationPortName":"-","EventReceivedTime":1657288065,"SourceModuleName":"in_sysmon","SourceModuleType":"im_msvistalog"}
