<14>Jul  8 13:40:02 wrk-shasek.stackedpads.local Microsoft-Windows-Sysmon[2568]: {"EventTime":1657287601,"Hostname":"wrk-shasek.stackedpads.local","Keywords":-9223372036854775808,"EventType":"INFO","SeverityValue":2,"Severity":"INFO","EventID":7,"SourceName":"Microsoft-Windows-Sysmon","ProviderGuid":"{5770385F-C22A-43E0-BF4C-06F5698FFBD9}","Version":3,"Task":7,"OpcodeValue":0,"RecordNumber":72258,"ProcessID":2568,"ThreadID":3284,"Channel":"Microsoft-Windows-Sysmon/Operational","Domain":"NT AUTHORITY","AccountName":"SYSTEM","UserID":"S-1-5-18","AccountType":"User","Message":"Image loaded:\r\nRuleName: -\r\nUtcTime: 2022-07-08 13:40:01.151\r\nProcessGuid: {6b7cbb53-33b0-62c8-b800-000000000e00}\r\nProcessId: 1860\r\nImage: C:\\Windows\\System32\\LogonUI.exe\r\nImageLoaded: C:\\Windows\\System32\\urlmon.dll\r\nFileVersion: 11.00.19041.1741 (WinBuild.160101.0800)\r\nDescription: OLE32 Extensions for Win32\r\nProduct: Internet Explorer\r\nCompany: Microsoft Corporation\r\nOriginalFileName: UrlMon.dll\r\nHashes: SHA1=5E1037110EB5C33288F8EA24EBDD3BD0532A279E,MD5=E76C30B53C58F02694CAC858089709D1,SHA256=72498FBEEA86C2E5B5DC15775D41AC607EF63E2B41B8A91CF6B602024B313FE3,IMPHASH=F1542B5592621C50A426D247782724CB\r\nSigned: true\r\nSignature: Microsoft Windows\r\nSignatureStatus: Valid\r\nUser: NT AUTHORITY\\SYSTEM","Category":"Image loaded (rule: ImageLoad)","Opcode":"Info","RuleName":"-","UtcTime":"2022-07-08 13:40:01.151","ProcessGuid":"{6b7cbb53-33b0-62c8-b800-000000000e00}","Image":"C:\\Windows\\System32\\LogonUI.exe","ImageLoaded":"C:\\Windows\\System32\\urlmon.dll","FileVersion":"11.00.19041.1741 (WinBuild.160101.0800)","Description":"OLE32 Extensions for Win32","Product":"Internet Explorer","Company":"Microsoft Corporation","OriginalFileName":"UrlMon.dll","Hashes":"SHA1=5E1037110EB5C33288F8EA24EBDD3BD0532A279E,MD5=E76C30B53C58F02694CAC858089709D1,SHA256=72498FBEEA86C2E5B5DC15775D41AC607EF63E2B41B8A91CF6B602024B313FE3,IMPHASH=F1542B5592621C50A426D247782724CB","Signed":"true","Signature":"Microsoft Windows","SignatureStatus":"Valid","User":"NT AUTHORITY\\SYSTEM","EventReceivedTime":1657287602,"SourceModuleName":"in_sysmon","SourceModuleType":"im_msvistalog"}
<14>Jul  8 13:40:02 wrk-shasek.stackedpads.local Microsoft-Windows-Sysmon[2568]: {"EventTime":1657287601,"Hostname":"wrk-shasek.stackedpads.local","Keywords":-9223372036854775808,"EventType":"INFO","SeverityValue":2,"Severity":"INFO","EventID":11,"SourceName":"Microsoft-Windows-Sysmon","ProviderGuid":"{5770385F-C22A-43E0-BF4C-06F5698FFBD9}","Version":2,"Task":11,"OpcodeValue":0,"RecordNumber":72259,"ProcessID":2568,"ThreadID":3284,"Channel":"Microsoft-Windows-Sysmon/Operational","Domain":"NT AUTHORITY","AccountName":"SYSTEM","UserID":"S-1-5-18","AccountType":"User","Message":"File created:\r\nRuleName: -\r\nUtcTime: 2022-07-08 13:40:01.448\r\nProcessGuid: {6b7cbb53-3245-62c8-9600-000000000e00}\r\nProcessId: 6160\r\nImage: C:\\Users\\tim.smith\\AppData\\Local\\Microsoft\\OneDrive\\OneDrive.exe\r\nTargetFilename: C:\\Users\\tim.smith\\AppData\\Local\\Microsoft\\OneDrive\\settings\\Personal\\SurveyManagerState.json\r\nCreationUtcTime: 2022-07-07 21:47:49.202\r\nUser: STACKEDPADS\\tim.smith","Category":"File created (rule: FileCreate)","Opcode":"Info","RuleName":"-","UtcTime":"2022-07-08 13:40:01.448","ProcessGuid":"{6b7cbb53-3245-62c8-9600-000000000e00}","Image":"C:\\Users\\tim.smith\\AppData\\Local\\Microsoft\\OneDrive\\OneDrive.exe","TargetFilename":"C:\\Users\\tim.smith\\AppData\\Local\\Microsoft\\OneDrive\\settings\\Personal\\SurveyManagerState.json","CreationUtcTime":"2022-07-07 21:47:49.202","User":"STACKEDPADS\\tim.smith","EventReceivedTime":1657287602,"SourceModuleName":"in_sysmon","SourceModuleType":"im_msvistalog"}
<14>Jul  8 13:40:02 wrk-shasek.stackedpads.local Microsoft-Windows-Sysmon[2568]: {"EventTime":1657287601,"Hostname":"wrk-shasek.stackedpads.local","Keywords":-9223372036854775808,"EventType":"INFO","SeverityValue":2,"Severity":"INFO","EventID":11,"SourceName":"Microsoft-Windows-Sysmon","ProviderGuid":"{5770385F-C22A-43E0-BF4C-06F5698FFBD9}","Version":2,"Task":11,"OpcodeValue":0,"RecordNumber":72260,"ProcessID":2568,"ThreadID":3284,"Channel":"Microsoft-Windows-Sysmon/Operational","Domain":"NT AUTHORITY","AccountName":"SYSTEM","UserID":"S-1-5-18","AccountType":"User","Message":"File created:\r\nRuleName: -\r\nUtcTime: 2022-07-08 13:40:01.464\r\nProcessGuid: {6b7cbb53-3245-62c8-9600-000000000e00}\r\nProcessId: 6160\r\nImage: C:\\Users\\tim.smith\\AppData\\Local\\Microsoft\\OneDrive\\OneDrive.exe\r\nTargetFilename: C:\\Users\\tim.smith\\AppData\\Local\\Microsoft\\OneDrive\\settings\\Personal\\logUploaderSettings_temp.ini\r\nCreationUtcTime: 2022-07-07 19:19:29.015\r\nUser: STACKEDPADS\\tim.smith","Category":"File created (rule: FileCreate)","Opcode":"Info","RuleName":"-","UtcTime":"2022-07-08 13:40:01.464","ProcessGuid":"{6b7cbb53-3245-62c8-9600-000000000e00}","Image":"C:\\Users\\tim.smith\\AppData\\Local\\Microsoft\\OneDrive\\OneDrive.exe","TargetFilename":"C:\\Users\\tim.smith\\AppData\\Local\\Microsoft\\OneDrive\\settings\\Personal\\logUploaderSettings_temp.ini","CreationUtcTime":"2022-07-07 19:19:29.015","User":"STACKEDPADS\\tim.smith","EventReceivedTime":1657287602,"SourceModuleName":"in_sysmon","SourceModuleType":"im_msvistalog"}
<14>Jul  8 13:40:02 wrk-shasek.stackedpads.local Microsoft-Windows-Sysmon[2568]: {"EventTime":1657287601,"Hostname":"wrk-shasek.stackedpads.local","Keywords":-9223372036854775808,"EventType":"INFO","SeverityValue":2,"Severity":"INFO","EventID":11,"SourceName":"Microsoft-Windows-Sysmon","ProviderGuid":"{5770385F-C22A-43E0-BF4C-06F5698FFBD9}","Version":2,"Task":11,"OpcodeValue":0,"RecordNumber":72261,"ProcessID":2568,"ThreadID":3284,"Channel":"Microsoft-Windows-Sysmon/Operational","Domain":"NT AUTHORITY","AccountName":"SYSTEM","UserID":"S-1-5-18","AccountType":"User","Message":"File created:\r\nRuleName: -\r\nUtcTime: 2022-07-08 13:40:01.479\r\nProcessGuid: {6b7cbb53-3245-62c8-9600-000000000e00}\r\nProcessId: 6160\r\nImage: C:\\Users\\tim.smith\\AppData\\Local\\Microsoft\\OneDrive\\OneDrive.exe\r\nTargetFilename: C:\\Users\\tim.smith\\AppData\\Local\\Microsoft\\OneDrive\\settings\\Personal\\logUploaderSettings.ini\r\nCreationUtcTime: 2022-07-07 19:19:29.015\r\nUser: STACKEDPADS\\tim.smith","Category":"File created (rule: FileCreate)","Opcode":"Info","RuleName":"-","UtcTime":"2022-07-08 13:40:01.479","ProcessGuid":"{6b7cbb53-3245-62c8-9600-000000000e00}","Image":"C:\\Users\\tim.smith\\AppData\\Local\\Microsoft\\OneDrive\\OneDrive.exe","TargetFilename":"C:\\Users\\tim.smith\\AppData\\Local\\Microsoft\\OneDrive\\settings\\Personal\\logUploaderSettings.ini","CreationUtcTime":"2022-07-07 19:19:29.015","User":"STACKEDPADS\\tim.smith","EventReceivedTime":1657287602,"SourceModuleName":"in_sysmon","SourceModuleType":"im_msvistalog"}
<14>Jul  8 13:40:02 wrk-shasek.stackedpads.local Microsoft-Windows-Sysmon[2568]: {"EventTime":1657287601,"Hostname":"wrk-shasek.stackedpads.local","Keywords":-9223372036854775808,"EventType":"INFO","SeverityValue":2,"Severity":"INFO","EventID":11,"SourceName":"Microsoft-Windows-Sysmon","ProviderGuid":"{5770385F-C22A-43E0-BF4C-06F5698FFBD9}","Version":2,"Task":11,"OpcodeValue":0,"RecordNumber":72262,"ProcessID":2568,"ThreadID":3284,"Channel":"Microsoft-Windows-Sysmon/Operational","Domain":"NT AUTHORITY","AccountName":"SYSTEM","UserID":"S-1-5-18","AccountType":"User","Message":"File created:\r\nRuleName: -\r\nUtcTime: 2022-07-08 13:40:01.495\r\nProcessGuid: {6b7cbb53-3245-62c8-9600-000000000e00}\r\nProcessId: 6160\r\nImage: C:\\Users\\tim.smith\\AppData\\Local\\Microsoft\\OneDrive\\OneDrive.exe\r\nTargetFilename: C:\\Users\\tim.smith\\AppData\\Local\\Microsoft\\OneDrive\\settings\\Personal\\global.temp.ini\r\nCreationUtcTime: 2022-07-08 13:40:01.495\r\nUser: STACKEDPADS\\tim.smith","Category":"File created (rule: FileCreate)","Opcode":"Info","RuleName":"-","UtcTime":"2022-07-08 13:40:01.495","ProcessGuid":"{6b7cbb53-3245-62c8-9600-000000000e00}","Image":"C:\\Users\\tim.smith\\AppData\\Local\\Microsoft\\OneDrive\\OneDrive.exe","TargetFilename":"C:\\Users\\tim.smith\\AppData\\Local\\Microsoft\\OneDrive\\settings\\Personal\\global.temp.ini","CreationUtcTime":"2022-07-08 13:40:01.495","User":"STACKEDPADS\\tim.smith","EventReceivedTime":1657287602,"SourceModuleName":"in_sysmon","SourceModuleType":"im_msvistalog"}
<14>Jul  8 13:40:02 wrk-shasek.stackedpads.local Microsoft-Windows-Sysmon[2568]: {"EventTime":1657287601,"Hostname":"wrk-shasek.stackedpads.local","Keywords":-9223372036854775808,"EventType":"INFO","SeverityValue":2,"Severity":"INFO","EventID":11,"SourceName":"Microsoft-Windows-Sysmon","ProviderGuid":"{5770385F-C22A-43E0-BF4C-06F5698FFBD9}","Version":2,"Task":11,"OpcodeValue":0,"RecordNumber":72265,"ProcessID":2568,"ThreadID":3284,"Channel":"Microsoft-Windows-Sysmon/Operational","Domain":"NT AUTHORITY","AccountName":"SYSTEM","UserID":"S-1-5-18","AccountType":"User","Message":"File created:\r\nRuleName: -\r\nUtcTime: 2022-07-08 13:40:01.683\r\nProcessGuid: {6b7cbb53-3231-62c8-8300-000000000e00}\r\nProcessId: 4724\r\nImage: C:\\Windows\\Explorer.EXE\r\nTargetFilename: C:\\Users\\tim.smith\\AppData\\Local\\Microsoft\\Windows\\Caches\\{AFBF9F1A-8EE8-4C77-AF34-C647E37CA0D9}.1.ver0x0000000000000002.db\r\nCreationUtcTime: 2022-07-08 13:40:01.683\r\nUser: STACKEDPADS\\tim.smith","Category":"File created (rule: FileCreate)","Opcode":"Info","RuleName":"-","UtcTime":"2022-07-08 13:40:01.683","ProcessGuid":"{6b7cbb53-3231-62c8-8300-000000000e00}","Image":"C:\\Windows\\Explorer.EXE","TargetFilename":"C:\\Users\\tim.smith\\AppData\\Local\\Microsoft\\Windows\\Caches\\{AFBF9F1A-8EE8-4C77-AF34-C647E37CA0D9}.1.ver0x0000000000000002.db","CreationUtcTime":"2022-07-08 13:40:01.683","User":"STACKEDPADS\\tim.smith","EventReceivedTime":1657287602,"SourceModuleName":"in_sysmon","SourceModuleType":"im_msvistalog"}
<14>Jul  8 13:40:03 wrk-shasek.stackedpads.local Microsoft-Windows-Sysmon[2568]: {"EventTime":1657287602,"Hostname":"wrk-shasek.stackedpads.local","Keywords":-9223372036854775808,"EventType":"INFO","SeverityValue":2,"Severity":"INFO","EventID":11,"SourceName":"Microsoft-Windows-Sysmon","ProviderGuid":"{5770385F-C22A-43E0-BF4C-06F5698FFBD9}","Version":2,"Task":11,"OpcodeValue":0,"RecordNumber":72321,"ProcessID":2568,"ThreadID":3284,"Channel":"Microsoft-Windows-Sysmon/Operational","Domain":"NT AUTHORITY","AccountName":"SYSTEM","UserID":"S-1-5-18","AccountType":"User","Message":"File created:\r\nRuleName: -\r\nUtcTime: 2022-07-08 13:40:02.871\r\nProcessGuid: {6b7cbb53-316d-62c8-1500-000000000e00}\r\nProcessId: 712\r\nImage: C:\\Windows\\System32\\svchost.exe\r\nTargetFilename: C:\\Windows\\Prefetch\\LOGONUI.EXE-F639BD7E.pf\r\nCreationUtcTime: 2022-06-22 16:09:18.694\r\nUser: NT AUTHORITY\\SYSTEM","Category":"File created (rule: FileCreate)","Opcode":"Info","RuleName":"-","UtcTime":"2022-07-08 13:40:02.871","ProcessGuid":"{6b7cbb53-316d-62c8-1500-000000000e00}","Image":"C:\\Windows\\System32\\svchost.exe","TargetFilename":"C:\\Windows\\Prefetch\\LOGONUI.EXE-F639BD7E.pf","CreationUtcTime":"2022-06-22 16:09:18.694","User":"NT AUTHORITY\\SYSTEM","EventReceivedTime":1657287603,"SourceModuleName":"in_sysmon","SourceModuleType":"im_msvistalog"}
<14>Jul  8 13:40:04 wrk-shasek.stackedpads.local Microsoft-Windows-Sysmon[2568]: {"EventTime":1657287603,"Hostname":"wrk-shasek.stackedpads.local","Keywords":-9223372036854775808,"EventType":"INFO","SeverityValue":2,"Severity":"INFO","EventID":11,"SourceName":"Microsoft-Windows-Sysmon","ProviderGuid":"{5770385F-C22A-43E0-BF4C-06F5698FFBD9}","Version":2,"Task":11,"OpcodeValue":0,"RecordNumber":72323,"ProcessID":2568,"ThreadID":3284,"Channel":"Microsoft-Windows-Sysmon/Operational","Domain":"NT AUTHORITY","AccountName":"SYSTEM","UserID":"S-1-5-18","AccountType":"User","Message":"File created:\r\nRuleName: -\r\nUtcTime: 2022-07-08 13:40:03.277\r\nProcessGuid: {6b7cbb53-33b3-62c8-b900-000000000e00}\r\nProcessId: 3620\r\nImage: C:\\Windows\\System32\\mousocoreworker.exe\r\nTargetFilename: C:\\ProgramData\\USOShared\\Logs\\System\\MoUsoCoreWorker.f802f51b-d328-4582-8542-aae683e66b36.1.etl\r\nCreationUtcTime: 2022-07-08 13:40:03.277\r\nUser: NT AUTHORITY\\SYSTEM","Category":"File created (rule: FileCreate)","Opcode":"Info","RuleName":"-","UtcTime":"2022-07-08 13:40:03.277","ProcessGuid":"{6b7cbb53-33b3-62c8-b900-000000000e00}","Image":"C:\\Windows\\System32\\mousocoreworker.exe","TargetFilename":"C:\\ProgramData\\USOShared\\Logs\\System\\MoUsoCoreWorker.f802f51b-d328-4582-8542-aae683e66b36.1.etl","CreationUtcTime":"2022-07-08 13:40:03.277","User":"NT AUTHORITY\\SYSTEM","EventReceivedTime":1657287604,"SourceModuleName":"in_sysmon","SourceModuleType":"im_msvistalog"}
<14>Jul  8 13:40:04 wrk-shasek.stackedpads.local Microsoft-Windows-Sysmon[2568]: {"EventTime":1657287603,"Hostname":"wrk-shasek.stackedpads.local","Keywords":-9223372036854775808,"EventType":"INFO","SeverityValue":2,"Severity":"INFO","EventID":11,"SourceName":"Microsoft-Windows-Sysmon","ProviderGuid":"{5770385F-C22A-43E0-BF4C-06F5698FFBD9}","Version":2,"Task":11,"OpcodeValue":0,"RecordNumber":72324,"ProcessID":2568,"ThreadID":3284,"Channel":"Microsoft-Windows-Sysmon/Operational","Domain":"NT AUTHORITY","AccountName":"SYSTEM","UserID":"S-1-5-18","AccountType":"User","Message":"File created:\r\nRuleName: -\r\nUtcTime: 2022-07-08 13:40:03.293\r\nProcessGuid: {6b7cbb53-33b3-62c8-b900-000000000e00}\r\nProcessId: 3620\r\nImage: C:\\Windows\\System32\\mousocoreworker.exe\r\nTargetFilename: C:\\ProgramData\\USOShared\\Logs\\System\\WuProvider.cbaf05c9-3826-4d3c-9e9e-891fe64c210a.1.etl\r\nCreationUtcTime: 2022-07-08 13:40:03.293\r\nUser: NT AUTHORITY\\SYSTEM","Category":"File created (rule: FileCreate)","Opcode":"Info","RuleName":"-","UtcTime":"2022-07-08 13:40:03.293","ProcessGuid":"{6b7cbb53-33b3-62c8-b900-000000000e00}","Image":"C:\\Windows\\System32\\mousocoreworker.exe","TargetFilename":"C:\\ProgramData\\USOShared\\Logs\\System\\WuProvider.cbaf05c9-3826-4d3c-9e9e-891fe64c210a.1.etl","CreationUtcTime":"2022-07-08 13:40:03.293","User":"NT AUTHORITY\\SYSTEM","EventReceivedTime":1657287604,"SourceModuleName":"in_sysmon","SourceModuleType":"im_msvistalog"}
<14>Jul  8 13:40:02 wrk-shasek.stackedpads.local Microsoft-Windows-Sysmon[2568]: {"EventTime":1657287601,"Hostname":"wrk-shasek.stackedpads.local","Keywords":-9223372036854775808,"EventType":"INFO","SeverityValue":2,"Severity":"INFO","EventID":17,"SourceName":"Microsoft-Windows-Sysmon","ProviderGuid":"{5770385F-C22A-43E0-BF4C-06F5698FFBD9}","Version":1,"Task":17,"OpcodeValue":0,"RecordNumber":72263,"ProcessID":2568,"ThreadID":3284,"Channel":"Microsoft-Windows-Sysmon/Operational","Domain":"NT AUTHORITY","AccountName":"SYSTEM","UserID":"S-1-5-18","AccountType":"User","Message":"Pipe Created:\r\nRuleName: -\r\nEventType: CreatePipe\r\nUtcTime: 2022-07-08 13:40:01.542\r\nProcessGuid: {6b7cbb53-316d-62c8-1400-000000000e00}\r\nProcessId: 400\r\nPipeName: \\TSVCPIPE-a45f5705-f956-450b-87b5-3b6577e34972\r\nImage: C:\\Windows\\System32\\svchost.exe\r\nUser: NT AUTHORITY\\NETWORK SERVICE","Category":"Pipe Created (rule: PipeEvent)","Opcode":"Info","RuleName":"-","UtcTime":"2022-07-08 13:40:01.542","ProcessGuid":"{6b7cbb53-316d-62c8-1400-000000000e00}","PipeName":"\\TSVCPIPE-a45f5705-f956-450b-87b5-3b6577e34972","Image":"C:\\Windows\\System32\\svchost.exe","User":"NT AUTHORITY\\NETWORK SERVICE","EventReceivedTime":1657287602,"SourceModuleName":"in_sysmon","SourceModuleType":"im_msvistalog"}
<14>Jul  8 13:40:02 wrk-shasek.stackedpads.local Microsoft-Windows-Sysmon[2568]: {"EventTime":1657287601,"Hostname":"wrk-shasek.stackedpads.local","Keywords":-9223372036854775808,"EventType":"INFO","SeverityValue":2,"Severity":"INFO","EventID":5,"SourceName":"Microsoft-Windows-Sysmon","ProviderGuid":"{5770385F-C22A-43E0-BF4C-06F5698FFBD9}","Version":3,"Task":5,"OpcodeValue":0,"RecordNumber":72264,"ProcessID":2568,"ThreadID":3284,"Channel":"Microsoft-Windows-Sysmon/Operational","Domain":"NT AUTHORITY","AccountName":"SYSTEM","UserID":"S-1-5-18","AccountType":"User","Message":"Process terminated:\r\nRuleName: -\r\nUtcTime: 2022-07-08 13:40:01.636\r\nProcessGuid: {6b7cbb53-3245-62c8-9600-000000000e00}\r\nProcessId: 6160\r\nImage: C:\\Users\\tim.smith\\AppData\\Local\\Microsoft\\OneDrive\\OneDrive.exe\r\nUser: STACKEDPADS\\tim.smith","Category":"Process terminated (rule: ProcessTerminate)","Opcode":"Info","RuleName":"-","UtcTime":"2022-07-08 13:40:01.636","ProcessGuid":"{6b7cbb53-3245-62c8-9600-000000000e00}","Image":"C:\\Users\\tim.smith\\AppData\\Local\\Microsoft\\OneDrive\\OneDrive.exe","User":"STACKEDPADS\\tim.smith","EventReceivedTime":1657287602,"SourceModuleName":"in_sysmon","SourceModuleType":"im_msvistalog"}
<14>Jul  8 13:40:02 wrk-shasek.stackedpads.local Microsoft-Windows-Sysmon[2568]: {"EventTime":1657287601,"Hostname":"wrk-shasek.stackedpads.local","Keywords":-9223372036854775808,"EventType":"INFO","SeverityValue":2,"Severity":"INFO","EventID":13,"SourceName":"Microsoft-Windows-Sysmon","ProviderGuid":"{5770385F-C22A-43E0-BF4C-06F5698FFBD9}","Version":2,"Task":13,"OpcodeValue":0,"RecordNumber":72266,"ProcessID":2568,"ThreadID":3284,"Channel":"Microsoft-Windows-Sysmon/Operational","Domain":"NT AUTHORITY","AccountName":"SYSTEM","UserID":"S-1-5-18","AccountType":"User","Message":"Registry value set:\r\nRuleName: technique_id=T1543,technique_name=Service Creation\r\nEventType: SetValue\r\nUtcTime: 2022-07-08 13:40:01.792\r\nProcessGuid: {6b7cbb53-3235-62c8-8600-000000000e00}\r\nProcessId: 4284\r\nImage: C:\\Windows\\SystemApps\\Microsoft.Windows.StartMenuExperienceHost_cw5n1h2txyewy\\StartMenuExperienceHost.exe\r\nTargetObject: HKLM\\System\\CurrentControlSet\\Services\\bam\\State\\UserSettings\\S-1-5-21-2264196694-1469429678-912427992-1107\\Microsoft.Windows.StartMenuExperienceHost_cw5n1h2txyewy\r\nDetails: Binary Data\r\nUser: STACKEDPADS\\tim.smith","Category":"Registry value set (rule: RegistryEvent)","Opcode":"Info","RuleName":"technique_id=T1543,technique_name=Service Creation","UtcTime":"2022-07-08 13:40:01.792","ProcessGuid":"{6b7cbb53-3235-62c8-8600-000000000e00}","Image":"C:\\Windows\\SystemApps\\Microsoft.Windows.StartMenuExperienceHost_cw5n1h2txyewy\\StartMenuExperienceHost.exe","TargetObject":"HKLM\\System\\CurrentControlSet\\Services\\bam\\State\\UserSettings\\S-1-5-21-2264196694-1469429678-912427992-1107\\Microsoft.Windows.StartMenuExperienceHost_cw5n1h2txyewy","Details":"Binary Data","User":"STACKEDPADS\\tim.smith","EventReceivedTime":1657287602,"SourceModuleName":"in_sysmon","SourceModuleType":"im_msvistalog"}
<14>Jul  8 13:40:03 wrk-shasek.stackedpads.local Microsoft-Windows-Sysmon[2568]: {"EventTime":1657287602,"Hostname":"wrk-shasek.stackedpads.local","Keywords":-9223372036854775808,"EventType":"INFO","SeverityValue":2,"Severity":"INFO","EventID":13,"SourceName":"Microsoft-Windows-Sysmon","ProviderGuid":"{5770385F-C22A-43E0-BF4C-06F5698FFBD9}","Version":2,"Task":13,"OpcodeValue":0,"RecordNumber":72270,"ProcessID":2568,"ThreadID":3284,"Channel":"Microsoft-Windows-Sysmon/Operational","Domain":"NT AUTHORITY","AccountName":"SYSTEM","UserID":"S-1-5-18","AccountType":"User","Message":"Registry value set:\r\nRuleName: technique_id=T1543,technique_name=Service Creation\r\nEventType: SetValue\r\nUtcTime: 2022-07-08 13:40:02.402\r\nProcessGuid: {6b7cbb53-3236-62c8-8700-000000000e00}\r\nProcessId: 4100\r\nImage: C:\\Windows\\System32\\RuntimeBroker.exe\r\nTargetObject: HKLM\\System\\CurrentControlSet\\Services\\bam\\State\\UserSettings\\S-1-5-21-2264196694-1469429678-912427992-1107\\Microsoft.Windows.StartMenuExperienceHost_cw5n1h2txyewy\r\nDetails: Binary Data\r\nUser: STACKEDPADS\\tim.smith","Category":"Registry value set (rule: RegistryEvent)","Opcode":"Info","RuleName":"technique_id=T1543,technique_name=Service Creation","UtcTime":"2022-07-08 13:40:02.402","ProcessGuid":"{6b7cbb53-3236-62c8-8700-000000000e00}","Image":"C:\\Windows\\System32\\RuntimeBroker.exe","TargetObject":"HKLM\\System\\CurrentControlSet\\Services\\bam\\State\\UserSettings\\S-1-5-21-2264196694-1469429678-912427992-1107\\Microsoft.Windows.StartMenuExperienceHost_cw5n1h2txyewy","Details":"Binary Data","User":"STACKEDPADS\\tim.smith","EventReceivedTime":1657287603,"SourceModuleName":"in_sysmon","SourceModuleType":"im_msvistalog"}
<14>Jul  8 13:40:02 wrk-shasek.stackedpads.local Microsoft-Windows-Sysmon[2568]: {"EventTime":1657287601,"Hostname":"wrk-shasek.stackedpads.local","Keywords":-9223372036854775808,"EventType":"INFO","SeverityValue":2,"Severity":"INFO","EventID":13,"SourceName":"Microsoft-Windows-Sysmon","ProviderGuid":"{5770385F-C22A-43E0-BF4C-06F5698FFBD9}","Version":2,"Task":13,"OpcodeValue":0,"RecordNumber":72267,"ProcessID":2568,"ThreadID":3284,"Channel":"Microsoft-Windows-Sysmon/Operational","Domain":"NT AUTHORITY","AccountName":"SYSTEM","UserID":"S-1-5-18","AccountType":"User","Message":"Registry value set:\r\nRuleName: technique_id=T1543,technique_name=Service Creation\r\nEventType: SetValue\r\nUtcTime: 2022-07-08 13:40:01.917\r\nProcessGuid: {6b7cbb53-3236-62c8-8800-000000000e00}\r\nProcessId: 4164\r\nImage: C:\\Windows\\SystemApps\\Microsoft.Windows.Search_cw5n1h2txyewy\\SearchApp.exe\r\nTargetObject: HKLM\\System\\CurrentControlSet\\Services\\bam\\State\\UserSettings\\S-1-5-21-2264196694-1469429678-912427992-1107\\Microsoft.Windows.Search_cw5n1h2txyewy\r\nDetails: Binary Data\r\nUser: STACKEDPADS\\tim.smith","Category":"Registry value set (rule: RegistryEvent)","Opcode":"Info","RuleName":"technique_id=T1543,technique_name=Service Creation","UtcTime":"2022-07-08 13:40:01.917","ProcessGuid":"{6b7cbb53-3236-62c8-8800-000000000e00}","Image":"C:\\Windows\\SystemApps\\Microsoft.Windows.Search_cw5n1h2txyewy\\SearchApp.exe","TargetObject":"HKLM\\System\\CurrentControlSet\\Services\\bam\\State\\UserSettings\\S-1-5-21-2264196694-1469429678-912427992-1107\\Microsoft.Windows.Search_cw5n1h2txyewy","Details":"Binary Data","User":"STACKEDPADS\\tim.smith","EventReceivedTime":1657287602,"SourceModuleName":"in_sysmon","SourceModuleType":"im_msvistalog"}
<14>Jul  8 13:40:03 wrk-shasek.stackedpads.local Microsoft-Windows-Sysmon[2568]: {"EventTime":1657287602,"Hostname":"wrk-shasek.stackedpads.local","Keywords":-9223372036854775808,"EventType":"INFO","SeverityValue":2,"Severity":"INFO","EventID":13,"SourceName":"Microsoft-Windows-Sysmon","ProviderGuid":"{5770385F-C22A-43E0-BF4C-06F5698FFBD9}","Version":2,"Task":13,"OpcodeValue":0,"RecordNumber":72271,"ProcessID":2568,"ThreadID":3284,"Channel":"Microsoft-Windows-Sysmon/Operational","Domain":"NT AUTHORITY","AccountName":"SYSTEM","UserID":"S-1-5-18","AccountType":"User","Message":"Registry value set:\r\nRuleName: technique_id=T1543,technique_name=Service Creation\r\nEventType: SetValue\r\nUtcTime: 2022-07-08 13:40:02.402\r\nProcessGuid: {6b7cbb53-3237-62c8-8900-000000000e00}\r\nProcessId: 5216\r\nImage: C:\\Windows\\System32\\RuntimeBroker.exe\r\nTargetObject: HKLM\\System\\CurrentControlSet\\Services\\bam\\State\\UserSettings\\S-1-5-21-2264196694-1469429678-912427992-1107\\Microsoft.Windows.Search_cw5n1h2txyewy\r\nDetails: Binary Data\r\nUser: STACKEDPADS\\tim.smith","Category":"Registry value set (rule: RegistryEvent)","Opcode":"Info","RuleName":"technique_id=T1543,technique_name=Service Creation","UtcTime":"2022-07-08 13:40:02.402","ProcessGuid":"{6b7cbb53-3237-62c8-8900-000000000e00}","Image":"C:\\Windows\\System32\\RuntimeBroker.exe","TargetObject":"HKLM\\System\\CurrentControlSet\\Services\\bam\\State\\UserSettings\\S-1-5-21-2264196694-1469429678-912427992-1107\\Microsoft.Windows.Search_cw5n1h2txyewy","Details":"Binary Data","User":"STACKEDPADS\\tim.smith","EventReceivedTime":1657287603,"SourceModuleName":"in_sysmon","SourceModuleType":"im_msvistalog"}
<14>Jul  8 13:40:02 wrk-shasek.stackedpads.local Microsoft-Windows-Sysmon[2568]: {"EventTime":1657287602,"Hostname":"wrk-shasek.stackedpads.local","Keywords":-9223372036854775808,"EventType":"INFO","SeverityValue":2,"Severity":"INFO","EventID":13,"SourceName":"Microsoft-Windows-Sysmon","ProviderGuid":"{5770385F-C22A-43E0-BF4C-06F5698FFBD9}","Version":2,"Task":13,"OpcodeValue":0,"RecordNumber":72268,"ProcessID":2568,"ThreadID":3284,"Channel":"Microsoft-Windows-Sysmon/Operational","Domain":"NT AUTHORITY","AccountName":"SYSTEM","UserID":"S-1-5-18","AccountType":"User","Message":"Registry value set:\r\nRuleName: technique_id=T1543,technique_name=Service Creation\r\nEventType: SetValue\r\nUtcTime: 2022-07-08 13:40:02.089\r\nProcessGuid: {6b7cbb53-323e-62c8-8d00-000000000e00}\r\nProcessId: 5840\r\nImage: C:\\Windows\\SystemApps\\MicrosoftWindows.Client.CBS_cw5n1h2txyewy\\TextInputHost.exe\r\nTargetObject: HKLM\\System\\CurrentControlSet\\Services\\bam\\State\\UserSettings\\S-1-5-21-2264196694-1469429678-912427992-1107\\MicrosoftWindows.Client.CBS_cw5n1h2txyewy\r\nDetails: Binary Data\r\nUser: STACKEDPADS\\tim.smith","Category":"Registry value set (rule: RegistryEvent)","Opcode":"Info","RuleName":"technique_id=T1543,technique_name=Service Creation","UtcTime":"2022-07-08 13:40:02.089","ProcessGuid":"{6b7cbb53-323e-62c8-8d00-000000000e00}","Image":"C:\\Windows\\SystemApps\\MicrosoftWindows.Client.CBS_cw5n1h2txyewy\\TextInputHost.exe","TargetObject":"HKLM\\System\\CurrentControlSet\\Services\\bam\\State\\UserSettings\\S-1-5-21-2264196694-1469429678-912427992-1107\\MicrosoftWindows.Client.CBS_cw5n1h2txyewy","Details":"Binary Data","User":"STACKEDPADS\\tim.smith","EventReceivedTime":1657287602,"SourceModuleName":"in_sysmon","SourceModuleType":"im_msvistalog"}
<14>Jul  8 13:40:03 wrk-shasek.stackedpads.local Microsoft-Windows-Sysmon[2568]: {"EventTime":1657287602,"Hostname":"wrk-shasek.stackedpads.local","Keywords":-9223372036854775808,"EventType":"INFO","SeverityValue":2,"Severity":"INFO","EventID":13,"SourceName":"Microsoft-Windows-Sysmon","ProviderGuid":"{5770385F-C22A-43E0-BF4C-06F5698FFBD9}","Version":2,"Task":13,"OpcodeValue":0,"RecordNumber":72269,"ProcessID":2568,"ThreadID":3284,"Channel":"Microsoft-Windows-Sysmon/Operational","Domain":"NT AUTHORITY","AccountName":"SYSTEM","UserID":"S-1-5-18","AccountType":"User","Message":"Registry value set:\r\nRuleName: technique_id=T1543,technique_name=Service Creation\r\nEventType: SetValue\r\nUtcTime: 2022-07-08 13:40:02.230\r\nProcessGuid: {6b7cbb53-3231-62c8-8300-000000000e00}\r\nProcessId: 4724\r\nImage: C:\\Windows\\Explorer.EXE\r\nTargetObject: HKLM\\System\\CurrentControlSet\\Services\\bam\\State\\UserSettings\\S-1-5-21-2264196694-1469429678-912427992-1107\\\\Device\\HarddiskVolume3\\Windows\\explorer.exe\r\nDetails: Binary Data\r\nUser: STACKEDPADS\\tim.smith","Category":"Registry value set (rule: RegistryEvent)","Opcode":"Info","RuleName":"technique_id=T1543,technique_name=Service Creation","UtcTime":"2022-07-08 13:40:02.230","ProcessGuid":"{6b7cbb53-3231-62c8-8300-000000000e00}","Image":"C:\\Windows\\Explorer.EXE","TargetObject":"HKLM\\System\\CurrentControlSet\\Services\\bam\\State\\UserSettings\\S-1-5-21-2264196694-1469429678-912427992-1107\\\\Device\\HarddiskVolume3\\Windows\\explorer.exe","Details":"Binary Data","User":"STACKEDPADS\\tim.smith","EventReceivedTime":1657287603,"SourceModuleName":"in_sysmon","SourceModuleType":"im_msvistalog"}
<14>Jul  8 13:40:03 wrk-shasek.stackedpads.local Microsoft-Windows-Sysmon[2568]: {"EventTime":1657287602,"Hostname":"wrk-shasek.stackedpads.local","Keywords":-9223372036854775808,"EventType":"INFO","SeverityValue":2,"Severity":"INFO","EventID":12,"SourceName":"Microsoft-Windows-Sysmon","ProviderGuid":"{5770385F-C22A-43E0-BF4C-06F5698FFBD9}","Version":2,"Task":12,"OpcodeValue":0,"RecordNumber":72272,"ProcessID":2568,"ThreadID":3284,"Channel":"Microsoft-Windows-Sysmon/Operational","Domain":"NT AUTHORITY","AccountName":"SYSTEM","UserID":"S-1-5-18","AccountType":"User","Message":"Registry object added or deleted:\r\nRuleName: technique_id=T1543,technique_name=Service Creation\r\nEventType: DeleteKey\r\nUtcTime: 2022-07-08 13:40:02.464\r\nProcessGuid: {6b7cbb53-316c-62c8-0b00-000000000e00}\r\nProcessId: 644\r\nImage: C:\\Windows\\system32\\services.exe\r\nTargetObject: HKLM\\System\\CurrentControlSet\\Services\\cbdhsvc_f7c0f\\Security\r\nUser: NT AUTHORITY\\SYSTEM","Category":"Registry object added or deleted (rule: RegistryEvent)","Opcode":"Info","RuleName":"technique_id=T1543,technique_name=Service Creation","UtcTime":"2022-07-08 13:40:02.464","ProcessGuid":"{6b7cbb53-316c-62c8-0b00-000000000e00}","Image":"C:\\Windows\\system32\\services.exe","TargetObject":"HKLM\\System\\CurrentControlSet\\Services\\cbdhsvc_f7c0f\\Security","User":"NT AUTHORITY\\SYSTEM","EventReceivedTime":1657287603,"SourceModuleName":"in_sysmon","SourceModuleType":"im_msvistalog"}
<14>Jul  8 13:40:03 wrk-shasek.stackedpads.local Microsoft-Windows-Sysmon[2568]: {"EventTime":1657287602,"Hostname":"wrk-shasek.stackedpads.local","Keywords":-9223372036854775808,"EventType":"INFO","SeverityValue":2,"Severity":"INFO","EventID":12,"SourceName":"Microsoft-Windows-Sysmon","ProviderGuid":"{5770385F-C22A-43E0-BF4C-06F5698FFBD9}","Version":2,"Task":12,"OpcodeValue":0,"RecordNumber":72273,"ProcessID":2568,"ThreadID":3284,"Channel":"Microsoft-Windows-Sysmon/Operational","Domain":"NT AUTHORITY","AccountName":"SYSTEM","UserID":"S-1-5-18","AccountType":"User","Message":"Registry object added or deleted:\r\nRuleName: technique_id=T1543,technique_name=Service Creation\r\nEventType: DeleteKey\r\nUtcTime: 2022-07-08 13:40:02.464\r\nProcessGuid: {6b7cbb53-316c-62c8-0b00-000000000e00}\r\nProcessId: 644\r\nImage: C:\\Windows\\system32\\services.exe\r\nTargetObject: HKLM\\System\\CurrentControlSet\\Services\\cbdhsvc_f7c0f\r\nUser: NT AUTHORITY\\SYSTEM","Category":"Registry object added or deleted (rule: RegistryEvent)","Opcode":"Info","RuleName":"technique_id=T1543,technique_name=Service Creation","UtcTime":"2022-07-08 13:40:02.464","ProcessGuid":"{6b7cbb53-316c-62c8-0b00-000000000e00}","Image":"C:\\Windows\\system32\\services.exe","TargetObject":"HKLM\\System\\CurrentControlSet\\Services\\cbdhsvc_f7c0f","User":"NT AUTHORITY\\SYSTEM","EventReceivedTime":1657287603,"SourceModuleName":"in_sysmon","SourceModuleType":"im_msvistalog"}
<14>Jul  8 13:40:03 wrk-shasek.stackedpads.local Microsoft-Windows-Sysmon[2568]: {"EventTime":1657287602,"Hostname":"wrk-shasek.stackedpads.local","Keywords":-9223372036854775808,"EventType":"INFO","SeverityValue":2,"Severity":"INFO","EventID":12,"SourceName":"Microsoft-Windows-Sysmon","ProviderGuid":"{5770385F-C22A-43E0-BF4C-06F5698FFBD9}","Version":2,"Task":12,"OpcodeValue":0,"RecordNumber":72277,"ProcessID":2568,"ThreadID":3284,"Channel":"Microsoft-Windows-Sysmon/Operational","Domain":"NT AUTHORITY","AccountName":"SYSTEM","UserID":"S-1-5-18","AccountType":"User","Message":"Registry object added or deleted:\r\nRuleName: technique_id=T1543,technique_name=Service Creation\r\nEventType: DeleteKey\r\nUtcTime: 2022-07-08 13:40:02.527\r\nProcessGuid: {6b7cbb53-316c-62c8-0b00-000000000e00}\r\nProcessId: 644\r\nImage: C:\\Windows\\system32\\services.exe\r\nTargetObject: HKLM\\System\\CurrentControlSet\\Services\\CDPUserSvc_f7c0f\r\nUser: NT AUTHORITY\\SYSTEM","Category":"Registry object added or deleted (rule: RegistryEvent)","Opcode":"Info","RuleName":"technique_id=T1543,technique_name=Service Creation","UtcTime":"2022-07-08 13:40:02.527","ProcessGuid":"{6b7cbb53-316c-62c8-0b00-000000000e00}","Image":"C:\\Windows\\system32\\services.exe","TargetObject":"HKLM\\System\\CurrentControlSet\\Services\\CDPUserSvc_f7c0f","User":"NT AUTHORITY\\SYSTEM","EventReceivedTime":1657287603,"SourceModuleName":"in_sysmon","SourceModuleType":"im_msvistalog"}
<14>Jul  8 13:40:03 wrk-shasek.stackedpads.local Microsoft-Windows-Sysmon[2568]: {"EventTime":1657287602,"Hostname":"wrk-shasek.stackedpads.local","Keywords":-9223372036854775808,"EventType":"INFO","SeverityValue":2,"Severity":"INFO","EventID":12,"SourceName":"Microsoft-Windows-Sysmon","ProviderGuid":"{5770385F-C22A-43E0-BF4C-06F5698FFBD9}","Version":2,"Task":12,"OpcodeValue":0,"RecordNumber":72274,"ProcessID":2568,"ThreadID":3284,"Channel":"Microsoft-Windows-Sysmon/Operational","Domain":"NT AUTHORITY","AccountName":"SYSTEM","UserID":"S-1-5-18","AccountType":"User","Message":"Registry object added or deleted:\r\nRuleName: technique_id=T1543,technique_name=Service Creation\r\nEventType: DeleteKey\r\nUtcTime: 2022-07-08 13:40:02.527\r\nProcessGuid: {6b7cbb53-316c-62c8-0b00-000000000e00}\r\nProcessId: 644\r\nImage: C:\\Windows\\system32\\services.exe\r\nTargetObject: HKLM\\System\\CurrentControlSet\\Services\\OneSyncSvc_f7c0f\\Security\r\nUser: NT AUTHORITY\\SYSTEM","Category":"Registry object added or deleted (rule: RegistryEvent)","Opcode":"Info","RuleName":"technique_id=T1543,technique_name=Service Creation","UtcTime":"2022-07-08 13:40:02.527","ProcessGuid":"{6b7cbb53-316c-62c8-0b00-000000000e00}","Image":"C:\\Windows\\system32\\services.exe","TargetObject":"HKLM\\System\\CurrentControlSet\\Services\\OneSyncSvc_f7c0f\\Security","User":"NT AUTHORITY\\SYSTEM","EventReceivedTime":1657287603,"SourceModuleName":"in_sysmon","SourceModuleType":"im_msvistalog"}
<14>Jul  8 13:40:03 wrk-shasek.stackedpads.local Microsoft-Windows-Sysmon[2568]: {"EventTime":1657287602,"Hostname":"wrk-shasek.stackedpads.local","Keywords":-9223372036854775808,"EventType":"INFO","SeverityValue":2,"Severity":"INFO","EventID":12,"SourceName":"Microsoft-Windows-Sysmon","ProviderGuid":"{5770385F-C22A-43E0-BF4C-06F5698FFBD9}","Version":2,"Task":12,"OpcodeValue":0,"RecordNumber":72276,"ProcessID":2568,"ThreadID":3284,"Channel":"Microsoft-Windows-Sysmon/Operational","Domain":"NT AUTHORITY","AccountName":"SYSTEM","UserID":"S-1-5-18","AccountType":"User","Message":"Registry object added or deleted:\r\nRuleName: technique_id=T1543,technique_name=Service Creation\r\nEventType: DeleteKey\r\nUtcTime: 2022-07-08 13:40:02.527\r\nProcessGuid: {6b7cbb53-316c-62c8-0b00-000000000e00}\r\nProcessId: 644\r\nImage: C:\\Windows\\system32\\services.exe\r\nTargetObject: HKLM\\System\\CurrentControlSet\\Services\\CDPUserSvc_f7c0f\\Security\r\nUser: NT AUTHORITY\\SYSTEM","Category":"Registry object added or deleted (rule: RegistryEvent)","Opcode":"Info","RuleName":"technique_id=T1543,technique_name=Service Creation","UtcTime":"2022-07-08 13:40:02.527","ProcessGuid":"{6b7cbb53-316c-62c8-0b00-000000000e00}","Image":"C:\\Windows\\system32\\services.exe","TargetObject":"HKLM\\System\\CurrentControlSet\\Services\\CDPUserSvc_f7c0f\\Security","User":"NT AUTHORITY\\SYSTEM","EventReceivedTime":1657287603,"SourceModuleName":"in_sysmon","SourceModuleType":"im_msvistalog"}
<14>Jul  8 13:40:03 wrk-shasek.stackedpads.local Microsoft-Windows-Sysmon[2568]: {"EventTime":1657287602,"Hostname":"wrk-shasek.stackedpads.local","Keywords":-9223372036854775808,"EventType":"INFO","SeverityValue":2,"Severity":"INFO","EventID":12,"SourceName":"Microsoft-Windows-Sysmon","ProviderGuid":"{5770385F-C22A-43E0-BF4C-06F5698FFBD9}","Version":2,"Task":12,"OpcodeValue":0,"RecordNumber":72275,"ProcessID":2568,"ThreadID":3284,"Channel":"Microsoft-Windows-Sysmon/Operational","Domain":"NT AUTHORITY","AccountName":"SYSTEM","UserID":"S-1-5-18","AccountType":"User","Message":"Registry object added or deleted:\r\nRuleName: technique_id=T1543,technique_name=Service Creation\r\nEventType: DeleteKey\r\nUtcTime: 2022-07-08 13:40:02.527\r\nProcessGuid: {6b7cbb53-316c-62c8-0b00-000000000e00}\r\nProcessId: 644\r\nImage: C:\\Windows\\system32\\services.exe\r\nTargetObject: HKLM\\System\\CurrentControlSet\\Services\\OneSyncSvc_f7c0f\r\nUser: NT AUTHORITY\\SYSTEM","Category":"Registry object added or deleted (rule: RegistryEvent)","Opcode":"Info","RuleName":"technique_id=T1543,technique_name=Service Creation","UtcTime":"2022-07-08 13:40:02.527","ProcessGuid":"{6b7cbb53-316c-62c8-0b00-000000000e00}","Image":"C:\\Windows\\system32\\services.exe","TargetObject":"HKLM\\System\\CurrentControlSet\\Services\\OneSyncSvc_f7c0f","User":"NT AUTHORITY\\SYSTEM","EventReceivedTime":1657287603,"SourceModuleName":"in_sysmon","SourceModuleType":"im_msvistalog"}
<14>Jul  8 13:40:03 wrk-shasek.stackedpads.local Microsoft-Windows-Sysmon[2568]: {"EventTime":1657287602,"Hostname":"wrk-shasek.stackedpads.local","Keywords":-9223372036854775808,"EventType":"INFO","SeverityValue":2,"Severity":"INFO","EventID":12,"SourceName":"Microsoft-Windows-Sysmon","ProviderGuid":"{5770385F-C22A-43E0-BF4C-06F5698FFBD9}","Version":2,"Task":12,"OpcodeValue":0,"RecordNumber":72278,"ProcessID":2568,"ThreadID":3284,"Channel":"Microsoft-Windows-Sysmon/Operational","Domain":"NT AUTHORITY","AccountName":"SYSTEM","UserID":"S-1-5-18","AccountType":"User","Message":"Registry object added or deleted:\r\nRuleName: UACMe Dir Prep\r\nEventType: DeleteKey\r\nUtcTime: 2022-07-08 13:40:02.527\r\nProcessGuid: {6b7cbb53-316d-62c8-0d00-000000000e00}\r\nProcessId: 768\r\nImage: C:\\Windows\\system32\\svchost.exe\r\nTargetObject: HKU\\S-1-5-21-2264196694-1469429678-912427992-1107\\Volatile Environment\\2\r\nUser: NT AUTHORITY\\SYSTEM","Category":"Registry object added or deleted (rule: RegistryEvent)","Opcode":"Info","RuleName":"UACMe Dir Prep","UtcTime":"2022-07-08 13:40:02.527","ProcessGuid":"{6b7cbb53-316d-62c8-0d00-000000000e00}","Image":"C:\\Windows\\system32\\svchost.exe","TargetObject":"HKU\\S-1-5-21-2264196694-1469429678-912427992-1107\\Volatile Environment\\2","User":"NT AUTHORITY\\SYSTEM","EventReceivedTime":1657287603,"SourceModuleName":"in_sysmon","SourceModuleType":"im_msvistalog"}
<14>Jul  8 13:40:03 wrk-shasek.stackedpads.local Microsoft-Windows-Sysmon[2568]: {"EventTime":1657287602,"Hostname":"wrk-shasek.stackedpads.local","Keywords":-9223372036854775808,"EventType":"INFO","SeverityValue":2,"Severity":"INFO","EventID":12,"SourceName":"Microsoft-Windows-Sysmon","ProviderGuid":"{5770385F-C22A-43E0-BF4C-06F5698FFBD9}","Version":2,"Task":12,"OpcodeValue":0,"RecordNumber":72280,"ProcessID":2568,"ThreadID":3284,"Channel":"Microsoft-Windows-Sysmon/Operational","Domain":"NT AUTHORITY","AccountName":"SYSTEM","UserID":"S-1-5-18","AccountType":"User","Message":"Registry object added or deleted:\r\nRuleName: technique_id=T1543,technique_name=Service Creation\r\nEventType: DeleteKey\r\nUtcTime: 2022-07-08 13:40:02.589\r\nProcessGuid: {6b7cbb53-316c-62c8-0b00-000000000e00}\r\nProcessId: 644\r\nImage: C:\\Windows\\system32\\services.exe\r\nTargetObject: HKLM\\System\\CurrentControlSet\\Services\\WpnUserService_f7c0f\r\nUser: NT AUTHORITY\\SYSTEM","Category":"Registry object added or deleted (rule: RegistryEvent)","Opcode":"Info","RuleName":"technique_id=T1543,technique_name=Service Creation","UtcTime":"2022-07-08 13:40:02.589","ProcessGuid":"{6b7cbb53-316c-62c8-0b00-000000000e00}","Image":"C:\\Windows\\system32\\services.exe","TargetObject":"HKLM\\System\\CurrentControlSet\\Services\\WpnUserService_f7c0f","User":"NT AUTHORITY\\SYSTEM","EventReceivedTime":1657287603,"SourceModuleName":"in_sysmon","SourceModuleType":"im_msvistalog"}
<14>Jul  8 13:40:03 wrk-shasek.stackedpads.local Microsoft-Windows-Sysmon[2568]: {"EventTime":1657287602,"Hostname":"wrk-shasek.stackedpads.local","Keywords":-9223372036854775808,"EventType":"INFO","SeverityValue":2,"Severity":"INFO","EventID":12,"SourceName":"Microsoft-Windows-Sysmon","ProviderGuid":"{5770385F-C22A-43E0-BF4C-06F5698FFBD9}","Version":2,"Task":12,"OpcodeValue":0,"RecordNumber":72279,"ProcessID":2568,"ThreadID":3284,"Channel":"Microsoft-Windows-Sysmon/Operational","Domain":"NT AUTHORITY","AccountName":"SYSTEM","UserID":"S-1-5-18","AccountType":"User","Message":"Registry object added or deleted:\r\nRuleName: technique_id=T1543,technique_name=Service Creation\r\nEventType: DeleteKey\r\nUtcTime: 2022-07-08 13:40:02.589\r\nProcessGuid: {6b7cbb53-316c-62c8-0b00-000000000e00}\r\nProcessId: 644\r\nImage: C:\\Windows\\system32\\services.exe\r\nTargetObject: HKLM\\System\\CurrentControlSet\\Services\\WpnUserService_f7c0f\\Security\r\nUser: NT AUTHORITY\\SYSTEM","Category":"Registry object added or deleted (rule: RegistryEvent)","Opcode":"Info","RuleName":"technique_id=T1543,technique_name=Service Creation","UtcTime":"2022-07-08 13:40:02.589","ProcessGuid":"{6b7cbb53-316c-62c8-0b00-000000000e00}","Image":"C:\\Windows\\system32\\services.exe","TargetObject":"HKLM\\System\\CurrentControlSet\\Services\\WpnUserService_f7c0f\\Security","User":"NT AUTHORITY\\SYSTEM","EventReceivedTime":1657287603,"SourceModuleName":"in_sysmon","SourceModuleType":"im_msvistalog"}
<14>Jul  8 13:40:03 wrk-shasek.stackedpads.local Microsoft-Windows-Sysmon[2568]: {"EventTime":1657287602,"Hostname":"wrk-shasek.stackedpads.local","Keywords":-9223372036854775808,"EventType":"INFO","SeverityValue":2,"Severity":"INFO","EventID":13,"SourceName":"Microsoft-Windows-Sysmon","ProviderGuid":"{5770385F-C22A-43E0-BF4C-06F5698FFBD9}","Version":2,"Task":13,"OpcodeValue":0,"RecordNumber":72282,"ProcessID":2568,"ThreadID":3284,"Channel":"Microsoft-Windows-Sysmon/Operational","Domain":"NT AUTHORITY","AccountName":"SYSTEM","UserID":"S-1-5-18","AccountType":"User","Message":"Registry value set:\r\nRuleName: technique_id=T1543,technique_name=Service Creation\r\nEventType: SetValue\r\nUtcTime: 2022-07-08 13:40:02.605\r\nProcessGuid: {6b7cbb53-316d-62c8-1900-000000000e00}\r\nProcessId: 1172\r\nImage: C:\\Windows\\system32\\svchost.exe\r\nTargetObject: HKLM\\System\\CurrentControlSet\\Services\\NlaSvc\\Parameters\\Cache\\KnownProxylessGatewaysV4\r\nDetails: Binary Data\r\nUser: NT AUTHORITY\\NETWORK SERVICE","Category":"Registry value set (rule: RegistryEvent)","Opcode":"Info","RuleName":"technique_id=T1543,technique_name=Service Creation","UtcTime":"2022-07-08 13:40:02.605","ProcessGuid":"{6b7cbb53-316d-62c8-1900-000000000e00}","Image":"C:\\Windows\\system32\\svchost.exe","TargetObject":"HKLM\\System\\CurrentControlSet\\Services\\NlaSvc\\Parameters\\Cache\\KnownProxylessGatewaysV4","Details":"Binary Data","User":"NT AUTHORITY\\NETWORK SERVICE","EventReceivedTime":1657287603,"SourceModuleName":"in_sysmon","SourceModuleType":"im_msvistalog"}
<14>Jul  8 13:40:03 wrk-shasek.stackedpads.local Microsoft-Windows-Sysmon[2568]: {"EventTime":1657287602,"Hostname":"wrk-shasek.stackedpads.local","Keywords":-9223372036854775808,"EventType":"INFO","SeverityValue":2,"Severity":"INFO","EventID":13,"SourceName":"Microsoft-Windows-Sysmon","ProviderGuid":"{5770385F-C22A-43E0-BF4C-06F5698FFBD9}","Version":2,"Task":13,"OpcodeValue":0,"RecordNumber":72281,"ProcessID":2568,"ThreadID":3284,"Channel":"Microsoft-Windows-Sysmon/Operational","Domain":"NT AUTHORITY","AccountName":"SYSTEM","UserID":"S-1-5-18","AccountType":"User","Message":"Registry value set:\r\nRuleName: technique_id=T1543,technique_name=Service Creation\r\nEventType: SetValue\r\nUtcTime: 2022-07-08 13:40:02.605\r\nProcessGuid: {6b7cbb53-316d-62c8-1900-000000000e00}\r\nProcessId: 1172\r\nImage: C:\\Windows\\system32\\svchost.exe\r\nTargetObject: HKLM\\System\\CurrentControlSet\\Services\\NlaSvc\\Parameters\\Cache\\OpportunisticInternetGatewaysV4\r\nDetails: Binary Data\r\nUser: NT AUTHORITY\\NETWORK SERVICE","Category":"Registry value set (rule: RegistryEvent)","Opcode":"Info","RuleName":"technique_id=T1543,technique_name=Service Creation","UtcTime":"2022-07-08 13:40:02.605","ProcessGuid":"{6b7cbb53-316d-62c8-1900-000000000e00}","Image":"C:\\Windows\\system32\\svchost.exe","TargetObject":"HKLM\\System\\CurrentControlSet\\Services\\NlaSvc\\Parameters\\Cache\\OpportunisticInternetGatewaysV4","Details":"Binary Data","User":"NT AUTHORITY\\NETWORK SERVICE","EventReceivedTime":1657287603,"SourceModuleName":"in_sysmon","SourceModuleType":"im_msvistalog"}
<14>Jul  8 13:40:03 wrk-shasek.stackedpads.local Microsoft-Windows-Sysmon[2568]: {"EventTime":1657287602,"Hostname":"wrk-shasek.stackedpads.local","Keywords":-9223372036854775808,"EventType":"INFO","SeverityValue":2,"Severity":"INFO","EventID":12,"SourceName":"Microsoft-Windows-Sysmon","ProviderGuid":"{5770385F-C22A-43E0-BF4C-06F5698FFBD9}","Version":2,"Task":12,"OpcodeValue":0,"RecordNumber":72319,"ProcessID":2568,"ThreadID":3284,"Channel":"Microsoft-Windows-Sysmon/Operational","Domain":"NT AUTHORITY","AccountName":"SYSTEM","UserID":"S-1-5-18","AccountType":"User","Message":"Registry object added or deleted:\r\nRuleName: technique_id=T1543,technique_name=Service Creation\r\nEventType: DeleteKey\r\nUtcTime: 2022-07-08 13:40:02.699\r\nProcessGuid: {6b7cbb53-316c-62c8-0b00-000000000e00}\r\nProcessId: 644\r\nImage: C:\\Windows\\system32\\services.exe\r\nTargetObject: HKLM\\System\\CurrentControlSet\\Services\\UnistoreSvc_f7c0f\\Security\r\nUser: NT AUTHORITY\\SYSTEM","Category":"Registry object added or deleted (rule: RegistryEvent)","Opcode":"Info","RuleName":"technique_id=T1543,technique_name=Service Creation","UtcTime":"2022-07-08 13:40:02.699","ProcessGuid":"{6b7cbb53-316c-62c8-0b00-000000000e00}","Image":"C:\\Windows\\system32\\services.exe","TargetObject":"HKLM\\System\\CurrentControlSet\\Services\\UnistoreSvc_f7c0f\\Security","User":"NT AUTHORITY\\SYSTEM","EventReceivedTime":1657287603,"SourceModuleName":"in_sysmon","SourceModuleType":"im_msvistalog"}
<14>Jul  8 13:40:03 wrk-shasek.stackedpads.local Microsoft-Windows-Sysmon[2568]: {"EventTime":1657287602,"Hostname":"wrk-shasek.stackedpads.local","Keywords":-9223372036854775808,"EventType":"INFO","SeverityValue":2,"Severity":"INFO","EventID":12,"SourceName":"Microsoft-Windows-Sysmon","ProviderGuid":"{5770385F-C22A-43E0-BF4C-06F5698FFBD9}","Version":2,"Task":12,"OpcodeValue":0,"RecordNumber":72285,"ProcessID":2568,"ThreadID":3284,"Channel":"Microsoft-Windows-Sysmon/Operational","Domain":"NT AUTHORITY","AccountName":"SYSTEM","UserID":"S-1-5-18","AccountType":"User","Message":"Registry object added or deleted:\r\nRuleName: technique_id=T1543,technique_name=Service Creation\r\nEventType: DeleteKey\r\nUtcTime: 2022-07-08 13:40:02.699\r\nProcessGuid: {6b7cbb53-316c-62c8-0b00-000000000e00}\r\nProcessId: 644\r\nImage: C:\\Windows\\system32\\services.exe\r\nTargetObject: HKLM\\System\\CurrentControlSet\\Services\\DevicePickerUserSvc_f7c0f\\Security\r\nUser: NT AUTHORITY\\SYSTEM","Category":"Registry object added or deleted (rule: RegistryEvent)","Opcode":"Info","RuleName":"technique_id=T1543,technique_name=Service Creation","UtcTime":"2022-07-08 13:40:02.699","ProcessGuid":"{6b7cbb53-316c-62c8-0b00-000000000e00}","Image":"C:\\Windows\\system32\\services.exe","TargetObject":"HKLM\\System\\CurrentControlSet\\Services\\DevicePickerUserSvc_f7c0f\\Security","User":"NT AUTHORITY\\SYSTEM","EventReceivedTime":1657287603,"SourceModuleName":"in_sysmon","SourceModuleType":"im_msvistalog"}
<14>Jul  8 13:40:03 wrk-shasek.stackedpads.local Microsoft-Windows-Sysmon[2568]: {"EventTime":1657287602,"Hostname":"wrk-shasek.stackedpads.local","Keywords":-9223372036854775808,"EventType":"INFO","SeverityValue":2,"Severity":"INFO","EventID":12,"SourceName":"Microsoft-Windows-Sysmon","ProviderGuid":"{5770385F-C22A-43E0-BF4C-06F5698FFBD9}","Version":2,"Task":12,"OpcodeValue":0,"RecordNumber":72298,"ProcessID":2568,"ThreadID":3284,"Channel":"Microsoft-Windows-Sysmon/Operational","Domain":"NT AUTHORITY","AccountName":"SYSTEM","UserID":"S-1-5-18","AccountType":"User","Message":"Registry object added or deleted:\r\nRuleName: technique_id=T1543,technique_name=Service Creation\r\nEventType: DeleteKey\r\nUtcTime: 2022-07-08 13:40:02.699\r\nProcessGuid: {6b7cbb53-316c-62c8-0b00-000000000e00}\r\nProcessId: 644\r\nImage: C:\\Windows\\system32\\services.exe\r\nTargetObject: HKLM\\System\\CurrentControlSet\\Services\\BluetoothUserService_f7c0f\\TriggerInfo\\2\r\nUser: NT AUTHORITY\\SYSTEM","Category":"Registry object added or deleted (rule: RegistryEvent)","Opcode":"Info","RuleName":"technique_id=T1543,technique_name=Service Creation","UtcTime":"2022-07-08 13:40:02.699","ProcessGuid":"{6b7cbb53-316c-62c8-0b00-000000000e00}","Image":"C:\\Windows\\system32\\services.exe","TargetObject":"HKLM\\System\\CurrentControlSet\\Services\\BluetoothUserService_f7c0f\\TriggerInfo\\2","User":"NT AUTHORITY\\SYSTEM","EventReceivedTime":1657287603,"SourceModuleName":"in_sysmon","SourceModuleType":"im_msvistalog"}
<14>Jul  8 13:40:03 wrk-shasek.stackedpads.local Microsoft-Windows-Sysmon[2568]: {"EventTime":1657287602,"Hostname":"wrk-shasek.stackedpads.local","Keywords":-9223372036854775808,"EventType":"INFO","SeverityValue":2,"Severity":"INFO","EventID":12,"SourceName":"Microsoft-Windows-Sysmon","ProviderGuid":"{5770385F-C22A-43E0-BF4C-06F5698FFBD9}","Version":2,"Task":12,"OpcodeValue":0,"RecordNumber":72318,"ProcessID":2568,"ThreadID":3284,"Channel":"Microsoft-Windows-Sysmon/Operational","Domain":"NT AUTHORITY","AccountName":"SYSTEM","UserID":"S-1-5-18","AccountType":"User","Message":"Registry object added or deleted:\r\nRuleName: technique_id=T1543,technique_name=Service Creation\r\nEventType: DeleteKey\r\nUtcTime: 2022-07-08 13:40:02.699\r\nProcessGuid: {6b7cbb53-316c-62c8-0b00-000000000e00}\r\nProcessId: 644\r\nImage: C:\\Windows\\system32\\services.exe\r\nTargetObject: HKLM\\System\\CurrentControlSet\\Services\\UdkUserSvc_f7c0f\r\nUser: NT AUTHORITY\\SYSTEM","Category":"Registry object added or deleted (rule: RegistryEvent)","Opcode":"Info","RuleName":"technique_id=T1543,technique_name=Service Creation","UtcTime":"2022-07-08 13:40:02.699","ProcessGuid":"{6b7cbb53-316c-62c8-0b00-000000000e00}","Image":"C:\\Windows\\system32\\services.exe","TargetObject":"HKLM\\System\\CurrentControlSet\\Services\\UdkUserSvc_f7c0f","User":"NT AUTHORITY\\SYSTEM","EventReceivedTime":1657287603,"SourceModuleName":"in_sysmon","SourceModuleType":"im_msvistalog"}
