<14>Jul  8 13:40:42 wrk-shasek.stackedpads.local Microsoft-Windows-Sysmon[2568]: {"EventTime":1657287641,"Hostname":"wrk-shasek.stackedpads.local","Keywords":-9223372036854775808,"EventType":"INFO","SeverityValue":2,"Severity":"INFO","EventID":7,"SourceName":"Microsoft-Windows-Sysmon","ProviderGuid":"{5770385F-C22A-43E0-BF4C-06F5698FFBD9}","Version":3,"Task":7,"OpcodeValue":0,"RecordNumber":72363,"ProcessID":2568,"ThreadID":3316,"Channel":"Microsoft-Windows-Sysmon/Operational","Domain":"NT AUTHORITY","AccountName":"SYSTEM","UserID":"S-1-5-18","AccountType":"User","Message":"Image loaded:\r\nRuleName: technique_id=T1073,technique_name=DLL Side-Loading\r\nUtcTime: 2022-07-08 13:40:41.971\r\nProcessGuid: {6b7cbb53-33d9-62c8-be00-000000000e00}\r\nProcessId: 4960\r\nImage: C:\\ProgramData\\Microsoft\\Windows Defender\\Platform\\4.18.2205.7-0\\MpCmdRun.exe\r\nImageLoaded: C:\\ProgramData\\Microsoft\\Windows Defender\\Platform\\4.18.2205.7-0\\MpCommu.dll\r\nFileVersion: 4.18.2205.7 (WinBuild.160101.0800)\r\nDescription: Communication Module\r\nProduct: Microsoft® Windows® Operating System\r\nCompany: Microsoft Corporation\r\nOriginalFileName: MpCommu.dll\r\nHashes: SHA1=61783FE8198EE339AD6AED3CFE9C955A48CEFA57,MD5=EF9CCDF40F480427622620997F587AFE,SHA256=3E03AF89B9DBB6E590B898BCCF9EC369A2F037E08163D9672D7D0D6480E44332,IMPHASH=80005D40DC1A8EC5BAD342851D2AF83E\r\nSigned: true\r\nSignature: Microsoft Windows\r\nSignatureStatus: Valid\r\nUser: NT AUTHORITY\\SYSTEM","Category":"Image loaded (rule: ImageLoad)","Opcode":"Info","RuleName":"technique_id=T1073,technique_name=DLL Side-Loading","UtcTime":"2022-07-08 13:40:41.971","ProcessGuid":"{6b7cbb53-33d9-62c8-be00-000000000e00}","Image":"C:\\ProgramData\\Microsoft\\Windows Defender\\Platform\\4.18.2205.7-0\\MpCmdRun.exe","ImageLoaded":"C:\\ProgramData\\Microsoft\\Windows Defender\\Platform\\4.18.2205.7-0\\MpCommu.dll","FileVersion":"4.18.2205.7 (WinBuild.160101.0800)","Description":"Communication Module","Product":"Microsoft® Windows® Operating System","Company":"Microsoft Corporation","OriginalFileName":"MpCommu.dll","Hashes":"SHA1=61783FE8198EE339AD6AED3CFE9C955A48CEFA57,MD5=EF9CCDF40F480427622620997F587AFE,SHA256=3E03AF89B9DBB6E590B898BCCF9EC369A2F037E08163D9672D7D0D6480E44332,IMPHASH=80005D40DC1A8EC5BAD342851D2AF83E","Signed":"true","Signature":"Microsoft Windows","SignatureStatus":"Valid","User":"NT AUTHORITY\\SYSTEM","EventReceivedTime":1657287642,"SourceModuleName":"in_sysmon","SourceModuleType":"im_msvistalog"}
<14>Jul  8 13:40:42 wrk-shasek.stackedpads.local Microsoft-Windows-Sysmon[2568]: {"EventTime":1657287641,"Hostname":"wrk-shasek.stackedpads.local","Keywords":-9223372036854775808,"EventType":"INFO","SeverityValue":2,"Severity":"INFO","EventID":11,"SourceName":"Microsoft-Windows-Sysmon","ProviderGuid":"{5770385F-C22A-43E0-BF4C-06F5698FFBD9}","Version":2,"Task":11,"OpcodeValue":0,"RecordNumber":72359,"ProcessID":2568,"ThreadID":3284,"Channel":"Microsoft-Windows-Sysmon/Operational","Domain":"NT AUTHORITY","AccountName":"SYSTEM","UserID":"S-1-5-18","AccountType":"User","Message":"File created:\r\nRuleName: -\r\nUtcTime: 2022-07-08 13:40:41.862\r\nProcessGuid: {6b7cbb53-316d-62c8-1500-000000000e00}\r\nProcessId: 712\r\nImage: C:\\Windows\\System32\\svchost.exe\r\nTargetFilename: C:\\Windows\\Prefetch\\MPCMDRUN.EXE-85B15F73.pf\r\nCreationUtcTime: 2022-07-06 18:51:19.331\r\nUser: NT AUTHORITY\\SYSTEM","Category":"File created (rule: FileCreate)","Opcode":"Info","RuleName":"-","UtcTime":"2022-07-08 13:40:41.862","ProcessGuid":"{6b7cbb53-316d-62c8-1500-000000000e00}","Image":"C:\\Windows\\System32\\svchost.exe","TargetFilename":"C:\\Windows\\Prefetch\\MPCMDRUN.EXE-85B15F73.pf","CreationUtcTime":"2022-07-06 18:51:19.331","User":"NT AUTHORITY\\SYSTEM","EventReceivedTime":1657287642,"SourceModuleName":"in_sysmon","SourceModuleType":"im_msvistalog"}
<14>Jul  8 13:40:42 wrk-shasek.stackedpads.local Microsoft-Windows-Sysmon[2568]: {"EventTime":1657287641,"Hostname":"wrk-shasek.stackedpads.local","Keywords":-9223372036854775808,"EventType":"INFO","SeverityValue":2,"Severity":"INFO","EventID":11,"SourceName":"Microsoft-Windows-Sysmon","ProviderGuid":"{5770385F-C22A-43E0-BF4C-06F5698FFBD9}","Version":2,"Task":11,"OpcodeValue":0,"RecordNumber":72360,"ProcessID":2568,"ThreadID":3284,"Channel":"Microsoft-Windows-Sysmon/Operational","Domain":"NT AUTHORITY","AccountName":"SYSTEM","UserID":"S-1-5-18","AccountType":"User","Message":"File created:\r\nRuleName: -\r\nUtcTime: 2022-07-08 13:40:41.862\r\nProcessGuid: {6b7cbb53-33d9-62c8-bd00-000000000e00}\r\nProcessId: 760\r\nImage: C:\\ProgramData\\Microsoft\\Windows Defender\\platform\\4.18.2205.7-0\\MpCmdRun.exe\r\nTargetFilename: C:\\Windows\\SERVIC~1\\NETWOR~1\\AppData\\Local\\Temp\\MpCmdRun-61-53C9D589-6B66-4F30-9BAB-9A0193B0BAFC.lock\r\nCreationUtcTime: 2022-07-08 13:40:41.862\r\nUser: NT AUTHORITY\\NETWORK SERVICE","Category":"File created (rule: FileCreate)","Opcode":"Info","RuleName":"-","UtcTime":"2022-07-08 13:40:41.862","ProcessGuid":"{6b7cbb53-33d9-62c8-bd00-000000000e00}","Image":"C:\\ProgramData\\Microsoft\\Windows Defender\\platform\\4.18.2205.7-0\\MpCmdRun.exe","TargetFilename":"C:\\Windows\\SERVIC~1\\NETWOR~1\\AppData\\Local\\Temp\\MpCmdRun-61-53C9D589-6B66-4F30-9BAB-9A0193B0BAFC.lock","CreationUtcTime":"2022-07-08 13:40:41.862","User":"NT AUTHORITY\\NETWORK SERVICE","EventReceivedTime":1657287642,"SourceModuleName":"in_sysmon","SourceModuleType":"im_msvistalog"}
<14>Jul  8 13:40:44 wrk-shasek.stackedpads.local Microsoft-Windows-Sysmon[2568]: {"EventTime":1657287643,"Hostname":"wrk-shasek.stackedpads.local","Keywords":-9223372036854775808,"EventType":"INFO","SeverityValue":2,"Severity":"INFO","EventID":11,"SourceName":"Microsoft-Windows-Sysmon","ProviderGuid":"{5770385F-C22A-43E0-BF4C-06F5698FFBD9}","Version":2,"Task":11,"OpcodeValue":0,"RecordNumber":72373,"ProcessID":2568,"ThreadID":3284,"Channel":"Microsoft-Windows-Sysmon/Operational","Domain":"NT AUTHORITY","AccountName":"SYSTEM","UserID":"S-1-5-18","AccountType":"User","Message":"File created:\r\nRuleName: -\r\nUtcTime: 2022-07-08 13:40:43.367\r\nProcessGuid: {6b7cbb53-316d-62c8-1300-000000000e00}\r\nProcessId: 396\r\nImage: C:\\Windows\\system32\\svchost.exe\r\nTargetFilename: C:\\Windows\\SoftwareDistribution\\DataStore\\Logs\\tmp.edb\r\nCreationUtcTime: 2022-07-08 13:40:43.367\r\nUser: NT AUTHORITY\\SYSTEM","Category":"File created (rule: FileCreate)","Opcode":"Info","RuleName":"-","UtcTime":"2022-07-08 13:40:43.367","ProcessGuid":"{6b7cbb53-316d-62c8-1300-000000000e00}","Image":"C:\\Windows\\system32\\svchost.exe","TargetFilename":"C:\\Windows\\SoftwareDistribution\\DataStore\\Logs\\tmp.edb","CreationUtcTime":"2022-07-08 13:40:43.367","User":"NT AUTHORITY\\SYSTEM","EventReceivedTime":1657287644,"SourceModuleName":"in_sysmon","SourceModuleType":"im_msvistalog"}
<14>Jul  8 13:40:44 activedir.stackedpads.local Microsoft-Windows-Sysmon[3224]: {"EventTime":1657287643,"Hostname":"activedir.stackedpads.local","Keywords":-9223372036854775808,"EventType":"INFO","SeverityValue":2,"Severity":"INFO","EventID":3,"SourceName":"Microsoft-Windows-Sysmon","ProviderGuid":"{5770385F-C22A-43E0-BF4C-06F5698FFBD9}","Version":5,"Task":3,"OpcodeValue":0,"RecordNumber":278125,"ProcessID":3224,"ThreadID":3188,"Channel":"Microsoft-Windows-Sysmon/Operational","Domain":"NT AUTHORITY","AccountName":"SYSTEM","UserID":"S-1-5-18","AccountType":"User","Message":"Network connection detected:\r\nRuleName: technique_id=T1021,technique_name=Remote Services\r\nUtcTime: 2022-07-08 13:40:42.034\r\nProcessGuid: {3be6fa21-31c6-62c8-1300-000000001100}\r\nProcessId: 388\r\nImage: C:\\Windows\\System32\\svchost.exe\r\nUser: NT AUTHORITY\\NETWORK SERVICE\r\nProtocol: tcp\r\nInitiated: false\r\nSourceIsIpv6: false\r\nSourceIp: 35.235.244.34\r\nSourceHostname: -\r\nSourcePort: 40725\r\nSourcePortName: -\r\nDestinationIsIpv6: false\r\nDestinationIp: 10.1.0.4\r\nDestinationHostname: -\r\nDestinationPort: 3389\r\nDestinationPortName: -","Category":"Network connection detected (rule: NetworkConnect)","Opcode":"Info","RuleName":"technique_id=T1021,technique_name=Remote Services","UtcTime":"2022-07-08 13:40:42.034","ProcessGuid":"{3be6fa21-31c6-62c8-1300-000000001100}","Image":"C:\\Windows\\System32\\svchost.exe","User":"NT AUTHORITY\\NETWORK SERVICE","Protocol":"tcp","Initiated":"false","SourceIsIpv6":"false","SourceIp":"35.235.244.34","SourceHostname":"-","SourcePort":"40725","SourcePortName":"-","DestinationIsIpv6":"false","DestinationIp":"10.1.0.4","DestinationHostname":"-","DestinationPort":"3389","DestinationPortName":"-","EventReceivedTime":1657287644,"SourceModuleName":"in_sysmon","SourceModuleType":"im_msvistalog"}
<14>Jul  8 13:40:46 activedir.stackedpads.local Microsoft-Windows-Sysmon[3224]: {"EventTime":1657287645,"Hostname":"activedir.stackedpads.local","Keywords":-9223372036854775808,"EventType":"INFO","SeverityValue":2,"Severity":"INFO","EventID":3,"SourceName":"Microsoft-Windows-Sysmon","ProviderGuid":"{5770385F-C22A-43E0-BF4C-06F5698FFBD9}","Version":5,"Task":3,"OpcodeValue":0,"RecordNumber":278127,"ProcessID":3224,"ThreadID":3188,"Channel":"Microsoft-Windows-Sysmon/Operational","Domain":"NT AUTHORITY","AccountName":"SYSTEM","UserID":"S-1-5-18","AccountType":"User","Message":"Network connection detected:\r\nRuleName: technique_id=T1021,technique_name=Remote Services\r\nUtcTime: 2022-07-08 13:40:44.013\r\nProcessGuid: {3be6fa21-31c6-62c8-1300-000000001100}\r\nProcessId: 388\r\nImage: C:\\Windows\\System32\\svchost.exe\r\nUser: NT AUTHORITY\\NETWORK SERVICE\r\nProtocol: tcp\r\nInitiated: false\r\nSourceIsIpv6: false\r\nSourceIp: 35.235.244.34\r\nSourceHostname: -\r\nSourcePort: 46485\r\nSourcePortName: -\r\nDestinationIsIpv6: false\r\nDestinationIp: 10.1.0.4\r\nDestinationHostname: -\r\nDestinationPort: 3389\r\nDestinationPortName: -","Category":"Network connection detected (rule: NetworkConnect)","Opcode":"Info","RuleName":"technique_id=T1021,technique_name=Remote Services","UtcTime":"2022-07-08 13:40:44.013","ProcessGuid":"{3be6fa21-31c6-62c8-1300-000000001100}","Image":"C:\\Windows\\System32\\svchost.exe","User":"NT AUTHORITY\\NETWORK SERVICE","Protocol":"tcp","Initiated":"false","SourceIsIpv6":"false","SourceIp":"35.235.244.34","SourceHostname":"-","SourcePort":"46485","SourcePortName":"-","DestinationIsIpv6":"false","DestinationIp":"10.1.0.4","DestinationHostname":"-","DestinationPort":"3389","DestinationPortName":"-","EventReceivedTime":1657287646,"SourceModuleName":"in_sysmon","SourceModuleType":"im_msvistalog"}
<14>Jul  8 13:40:46 activedir.stackedpads.local Microsoft-Windows-Sysmon[3224]: {"EventTime":1657287645,"Hostname":"activedir.stackedpads.local","Keywords":-9223372036854775808,"EventType":"INFO","SeverityValue":2,"Severity":"INFO","EventID":3,"SourceName":"Microsoft-Windows-Sysmon","ProviderGuid":"{5770385F-C22A-43E0-BF4C-06F5698FFBD9}","Version":5,"Task":3,"OpcodeValue":0,"RecordNumber":278128,"ProcessID":3224,"ThreadID":3188,"Channel":"Microsoft-Windows-Sysmon/Operational","Domain":"NT AUTHORITY","AccountName":"SYSTEM","UserID":"S-1-5-18","AccountType":"User","Message":"Network connection detected:\r\nRuleName: technique_id=T1021,technique_name=Remote Services\r\nUtcTime: 2022-07-08 13:40:44.019\r\nProcessGuid: {3be6fa21-31c6-62c8-1300-000000001100}\r\nProcessId: 388\r\nImage: C:\\Windows\\System32\\svchost.exe\r\nUser: NT AUTHORITY\\NETWORK SERVICE\r\nProtocol: tcp\r\nInitiated: false\r\nSourceIsIpv6: false\r\nSourceIp: 35.235.245.129\r\nSourceHostname: -\r\nSourcePort: 38795\r\nSourcePortName: -\r\nDestinationIsIpv6: false\r\nDestinationIp: 10.1.0.4\r\nDestinationHostname: -\r\nDestinationPort: 3389\r\nDestinationPortName: -","Category":"Network connection detected (rule: NetworkConnect)","Opcode":"Info","RuleName":"technique_id=T1021,technique_name=Remote Services","UtcTime":"2022-07-08 13:40:44.019","ProcessGuid":"{3be6fa21-31c6-62c8-1300-000000001100}","Image":"C:\\Windows\\System32\\svchost.exe","User":"NT AUTHORITY\\NETWORK SERVICE","Protocol":"tcp","Initiated":"false","SourceIsIpv6":"false","SourceIp":"35.235.245.129","SourceHostname":"-","SourcePort":"38795","SourcePortName":"-","DestinationIsIpv6":"false","DestinationIp":"10.1.0.4","DestinationHostname":"-","DestinationPort":"3389","DestinationPortName":"-","EventReceivedTime":1657287646,"SourceModuleName":"in_sysmon","SourceModuleType":"im_msvistalog"}
<14>Jul  8 13:40:42 wrk-shasek.stackedpads.local Microsoft-Windows-Sysmon[2568]: {"EventTime":1657287642,"Hostname":"wrk-shasek.stackedpads.local","Keywords":-9223372036854775808,"EventType":"INFO","SeverityValue":2,"Severity":"INFO","EventID":1,"SourceName":"Microsoft-Windows-Sysmon","ProviderGuid":"{5770385F-C22A-43E0-BF4C-06F5698FFBD9}","Version":5,"Task":1,"OpcodeValue":0,"RecordNumber":72364,"ProcessID":2568,"ThreadID":3284,"Channel":"Microsoft-Windows-Sysmon/Operational","Domain":"NT AUTHORITY","AccountName":"SYSTEM","UserID":"S-1-5-18","AccountType":"User","Message":"Process Create:\r\nRuleName: technique_id=T1047,technique_name=Windows Management Instrumentation\r\nUtcTime: 2022-07-08 13:40:42.091\r\nProcessGuid: {6b7cbb53-33da-62c8-c000-000000000e00}\r\nProcessId: 1008\r\nImage: C:\\Windows\\System32\\wbem\\WmiPrvSE.exe\r\nFileVersion: 10.0.19041.546 (WinBuild.160101.0800)\r\nDescription: WMI Provider Host\r\nProduct: Microsoft® Windows® Operating System\r\nCompany: Microsoft Corporation\r\nOriginalFileName: Wmiprvse.exe\r\nCommandLine: C:\\Windows\\system32\\wbem\\wmiprvse.exe -secured -Embedding\r\nCurrentDirectory: C:\\Windows\\system32\\\r\nUser: NT AUTHORITY\\NETWORK SERVICE\r\nLogonGuid: {6b7cbb53-316d-62c8-e403-000000000000}\r\nLogonId: 0x3E4\r\nTerminalSessionId: 0\r\nIntegrityLevel: System\r\nHashes: SHA1=3EA7CC066317AC45F963C2227C4C7C50AA16EB7C,MD5=60FF40CFD7FB8FE41EE4FE9AE5FE1C51,SHA256=2198A7B58BCCB758036B969DDAE6CC2ECE07565E2659A7C541A313A0492231A3,IMPHASH=B71CB3AC5C352BEC857C940CBC95F0F3\r\nParentProcessGuid: {6b7cbb53-316d-62c8-0d00-000000000e00}\r\nParentProcessId: 768\r\nParentImage: C:\\Windows\\System32\\svchost.exe\r\nParentCommandLine: C:\\Windows\\system32\\svchost.exe -k DcomLaunch -p\r\nParentUser: NT AUTHORITY\\SYSTEM","Category":"Process Create (rule: ProcessCreate)","Opcode":"Info","RuleName":"technique_id=T1047,technique_name=Windows Management Instrumentation","UtcTime":"2022-07-08 13:40:42.091","ProcessGuid":"{6b7cbb53-33da-62c8-c000-000000000e00}","Image":"C:\\Windows\\System32\\wbem\\WmiPrvSE.exe","FileVersion":"10.0.19041.546 (WinBuild.160101.0800)","Description":"WMI Provider Host","Product":"Microsoft® Windows® Operating System","Company":"Microsoft Corporation","OriginalFileName":"Wmiprvse.exe","CommandLine":"C:\\Windows\\system32\\wbem\\wmiprvse.exe -secured -Embedding","CurrentDirectory":"C:\\Windows\\system32\\","User":"NT AUTHORITY\\NETWORK SERVICE","LogonGuid":"{6b7cbb53-316d-62c8-e403-000000000000}","LogonId":"0x3e4","TerminalSessionId":"0","IntegrityLevel":"System","Hashes":"SHA1=3EA7CC066317AC45F963C2227C4C7C50AA16EB7C,MD5=60FF40CFD7FB8FE41EE4FE9AE5FE1C51,SHA256=2198A7B58BCCB758036B969DDAE6CC2ECE07565E2659A7C541A313A0492231A3,IMPHASH=B71CB3AC5C352BEC857C940CBC95F0F3","ParentProcessGuid":"{6b7cbb53-316d-62c8-0d00-000000000e00}","ParentProcessId":"768","ParentImage":"C:\\Windows\\System32\\svchost.exe","ParentCommandLine":"C:\\Windows\\system32\\svchost.exe -k DcomLaunch -p","ParentUser":"NT AUTHORITY\\SYSTEM","EventReceivedTime":1657287642,"SourceModuleName":"in_sysmon","SourceModuleType":"im_msvistalog"}
<14>Jul  8 13:40:42 wrk-shasek.stackedpads.local Microsoft-Windows-Sysmon[2568]: {"EventTime":1657287642,"Hostname":"wrk-shasek.stackedpads.local","Keywords":-9223372036854775808,"EventType":"INFO","SeverityValue":2,"Severity":"INFO","EventID":7,"SourceName":"Microsoft-Windows-Sysmon","ProviderGuid":"{5770385F-C22A-43E0-BF4C-06F5698FFBD9}","Version":3,"Task":7,"OpcodeValue":0,"RecordNumber":72365,"ProcessID":2568,"ThreadID":3316,"Channel":"Microsoft-Windows-Sysmon/Operational","Domain":"NT AUTHORITY","AccountName":"SYSTEM","UserID":"S-1-5-18","AccountType":"User","Message":"Image loaded:\r\nRuleName: technique_id=T1047,technique_name=Windows Management Instrumentation\r\nUtcTime: 2022-07-08 13:40:42.159\r\nProcessGuid: {6b7cbb53-33da-62c8-c000-000000000e00}\r\nProcessId: 1008\r\nImage: C:\\Windows\\System32\\wbem\\WmiPrvSE.exe\r\nImageLoaded: C:\\Windows\\System32\\wbem\\wmiutils.dll\r\nFileVersion: 10.0.19041.1320 (WinBuild.160101.0800)\r\nDescription: WMI\r\nProduct: Microsoft® Windows® Operating System\r\nCompany: Microsoft Corporation\r\nOriginalFileName: wmiutils.dll\r\nHashes: SHA1=58270A4D3629EE9CAAFD55F0A361F44E8D0BFD13,MD5=6F53470E6B7650ADE20C51AFBE044390,SHA256=D707BC4490D373BB2E02BF65C294E4EE9123293080EE81771A6A32EB0A720FC4,IMPHASH=0D31E6D27B954AD879CB4DF742982F1A\r\nSigned: true\r\nSignature: Microsoft Windows\r\nSignatureStatus: Valid\r\nUser: NT AUTHORITY\\NETWORK SERVICE","Category":"Image loaded (rule: ImageLoad)","Opcode":"Info","RuleName":"technique_id=T1047,technique_name=Windows Management Instrumentation","UtcTime":"2022-07-08 13:40:42.159","ProcessGuid":"{6b7cbb53-33da-62c8-c000-000000000e00}","Image":"C:\\Windows\\System32\\wbem\\WmiPrvSE.exe","ImageLoaded":"C:\\Windows\\System32\\wbem\\wmiutils.dll","FileVersion":"10.0.19041.1320 (WinBuild.160101.0800)","Description":"WMI","Product":"Microsoft® Windows® Operating System","Company":"Microsoft Corporation","OriginalFileName":"wmiutils.dll","Hashes":"SHA1=58270A4D3629EE9CAAFD55F0A361F44E8D0BFD13,MD5=6F53470E6B7650ADE20C51AFBE044390,SHA256=D707BC4490D373BB2E02BF65C294E4EE9123293080EE81771A6A32EB0A720FC4,IMPHASH=0D31E6D27B954AD879CB4DF742982F1A","Signed":"true","Signature":"Microsoft Windows","SignatureStatus":"Valid","User":"NT AUTHORITY\\NETWORK SERVICE","EventReceivedTime":1657287642,"SourceModuleName":"in_sysmon","SourceModuleType":"im_msvistalog"}
<14>Jul  8 13:40:44 wrk-shasek.stackedpads.local Microsoft-Windows-Sysmon[2568]: {"EventTime":1657287643,"Hostname":"wrk-shasek.stackedpads.local","Keywords":-9223372036854775808,"EventType":"INFO","SeverityValue":2,"Severity":"INFO","EventID":12,"SourceName":"Microsoft-Windows-Sysmon","ProviderGuid":"{5770385F-C22A-43E0-BF4C-06F5698FFBD9}","Version":2,"Task":12,"OpcodeValue":0,"RecordNumber":72367,"ProcessID":2568,"ThreadID":3284,"Channel":"Microsoft-Windows-Sysmon/Operational","Domain":"NT AUTHORITY","AccountName":"SYSTEM","UserID":"S-1-5-18","AccountType":"User","Message":"Registry object added or deleted:\r\nRuleName: technique_id=T1130,technique_name=Install Root Certificate\r\nEventType: CreateKey\r\nUtcTime: 2022-07-08 13:40:43.304\r\nProcessGuid: {6b7cbb53-316d-62c8-1300-000000000e00}\r\nProcessId: 396\r\nImage: C:\\Windows\\system32\\svchost.exe\r\nTargetObject: HKU\\.DEFAULT\\Software\\Policies\\Microsoft\\SystemCertificates\\CA\\Certificates\r\nUser: NT AUTHORITY\\SYSTEM","Category":"Registry object added or deleted (rule: RegistryEvent)","Opcode":"Info","RuleName":"technique_id=T1130,technique_name=Install Root Certificate","UtcTime":"2022-07-08 13:40:43.304","ProcessGuid":"{6b7cbb53-316d-62c8-1300-000000000e00}","Image":"C:\\Windows\\system32\\svchost.exe","TargetObject":"HKU\\.DEFAULT\\Software\\Policies\\Microsoft\\SystemCertificates\\CA\\Certificates","User":"NT AUTHORITY\\SYSTEM","EventReceivedTime":1657287644,"SourceModuleName":"in_sysmon","SourceModuleType":"im_msvistalog"}
<14>Jul  8 13:40:44 wrk-shasek.stackedpads.local Microsoft-Windows-Sysmon[2568]: {"EventTime":1657287643,"Hostname":"wrk-shasek.stackedpads.local","Keywords":-9223372036854775808,"EventType":"INFO","SeverityValue":2,"Severity":"INFO","EventID":12,"SourceName":"Microsoft-Windows-Sysmon","ProviderGuid":"{5770385F-C22A-43E0-BF4C-06F5698FFBD9}","Version":2,"Task":12,"OpcodeValue":0,"RecordNumber":72370,"ProcessID":2568,"ThreadID":3284,"Channel":"Microsoft-Windows-Sysmon/Operational","Domain":"NT AUTHORITY","AccountName":"SYSTEM","UserID":"S-1-5-18","AccountType":"User","Message":"Registry object added or deleted:\r\nRuleName: technique_id=T1130,technique_name=Install Root Certificate\r\nEventType: CreateKey\r\nUtcTime: 2022-07-08 13:40:43.304\r\nProcessGuid: {6b7cbb53-316d-62c8-1300-000000000e00}\r\nProcessId: 396\r\nImage: C:\\Windows\\system32\\svchost.exe\r\nTargetObject: HKU\\.DEFAULT\\Software\\Microsoft\\SystemCertificates\\Root\\Certificates\r\nUser: NT AUTHORITY\\SYSTEM","Category":"Registry object added or deleted (rule: RegistryEvent)","Opcode":"Info","RuleName":"technique_id=T1130,technique_name=Install Root Certificate","UtcTime":"2022-07-08 13:40:43.304","ProcessGuid":"{6b7cbb53-316d-62c8-1300-000000000e00}","Image":"C:\\Windows\\system32\\svchost.exe","TargetObject":"HKU\\.DEFAULT\\Software\\Microsoft\\SystemCertificates\\Root\\Certificates","User":"NT AUTHORITY\\SYSTEM","EventReceivedTime":1657287644,"SourceModuleName":"in_sysmon","SourceModuleType":"im_msvistalog"}
<14>Jul  8 13:40:44 wrk-shasek.stackedpads.local Microsoft-Windows-Sysmon[2568]: {"EventTime":1657287643,"Hostname":"wrk-shasek.stackedpads.local","Keywords":-9223372036854775808,"EventType":"INFO","SeverityValue":2,"Severity":"INFO","EventID":12,"SourceName":"Microsoft-Windows-Sysmon","ProviderGuid":"{5770385F-C22A-43E0-BF4C-06F5698FFBD9}","Version":2,"Task":12,"OpcodeValue":0,"RecordNumber":72369,"ProcessID":2568,"ThreadID":3284,"Channel":"Microsoft-Windows-Sysmon/Operational","Domain":"NT AUTHORITY","AccountName":"SYSTEM","UserID":"S-1-5-18","AccountType":"User","Message":"Registry object added or deleted:\r\nRuleName: technique_id=T1130,technique_name=Install Root Certificate\r\nEventType: CreateKey\r\nUtcTime: 2022-07-08 13:40:43.304\r\nProcessGuid: {6b7cbb53-316d-62c8-1300-000000000e00}\r\nProcessId: 396\r\nImage: C:\\Windows\\system32\\svchost.exe\r\nTargetObject: HKLM\\SOFTWARE\\Policies\\Microsoft\\SystemCertificates\\CA\\Certificates\r\nUser: NT AUTHORITY\\SYSTEM","Category":"Registry object added or deleted (rule: RegistryEvent)","Opcode":"Info","RuleName":"technique_id=T1130,technique_name=Install Root Certificate","UtcTime":"2022-07-08 13:40:43.304","ProcessGuid":"{6b7cbb53-316d-62c8-1300-000000000e00}","Image":"C:\\Windows\\system32\\svchost.exe","TargetObject":"HKLM\\SOFTWARE\\Policies\\Microsoft\\SystemCertificates\\CA\\Certificates","User":"NT AUTHORITY\\SYSTEM","EventReceivedTime":1657287644,"SourceModuleName":"in_sysmon","SourceModuleType":"im_msvistalog"}
<14>Jul  8 13:40:44 wrk-shasek.stackedpads.local Microsoft-Windows-Sysmon[2568]: {"EventTime":1657287643,"Hostname":"wrk-shasek.stackedpads.local","Keywords":-9223372036854775808,"EventType":"INFO","SeverityValue":2,"Severity":"INFO","EventID":12,"SourceName":"Microsoft-Windows-Sysmon","ProviderGuid":"{5770385F-C22A-43E0-BF4C-06F5698FFBD9}","Version":2,"Task":12,"OpcodeValue":0,"RecordNumber":72371,"ProcessID":2568,"ThreadID":3284,"Channel":"Microsoft-Windows-Sysmon/Operational","Domain":"NT AUTHORITY","AccountName":"SYSTEM","UserID":"S-1-5-18","AccountType":"User","Message":"Registry object added or deleted:\r\nRuleName: technique_id=T1130,technique_name=Install Root Certificate\r\nEventType: CreateKey\r\nUtcTime: 2022-07-08 13:40:43.304\r\nProcessGuid: {6b7cbb53-316d-62c8-1300-000000000e00}\r\nProcessId: 396\r\nImage: C:\\Windows\\system32\\svchost.exe\r\nTargetObject: HKLM\\SOFTWARE\\Microsoft\\SystemCertificates\\ROOT\\Certificates\r\nUser: NT AUTHORITY\\SYSTEM","Category":"Registry object added or deleted (rule: RegistryEvent)","Opcode":"Info","RuleName":"technique_id=T1130,technique_name=Install Root Certificate","UtcTime":"2022-07-08 13:40:43.304","ProcessGuid":"{6b7cbb53-316d-62c8-1300-000000000e00}","Image":"C:\\Windows\\system32\\svchost.exe","TargetObject":"HKLM\\SOFTWARE\\Microsoft\\SystemCertificates\\ROOT\\Certificates","User":"NT AUTHORITY\\SYSTEM","EventReceivedTime":1657287644,"SourceModuleName":"in_sysmon","SourceModuleType":"im_msvistalog"}
<14>Jul  8 13:40:44 wrk-shasek.stackedpads.local Microsoft-Windows-Sysmon[2568]: {"EventTime":1657287643,"Hostname":"wrk-shasek.stackedpads.local","Keywords":-9223372036854775808,"EventType":"INFO","SeverityValue":2,"Severity":"INFO","EventID":12,"SourceName":"Microsoft-Windows-Sysmon","ProviderGuid":"{5770385F-C22A-43E0-BF4C-06F5698FFBD9}","Version":2,"Task":12,"OpcodeValue":0,"RecordNumber":72366,"ProcessID":2568,"ThreadID":3284,"Channel":"Microsoft-Windows-Sysmon/Operational","Domain":"NT AUTHORITY","AccountName":"SYSTEM","UserID":"S-1-5-18","AccountType":"User","Message":"Registry object added or deleted:\r\nRuleName: technique_id=T1130,technique_name=Install Root Certificate\r\nEventType: CreateKey\r\nUtcTime: 2022-07-08 13:40:43.304\r\nProcessGuid: {6b7cbb53-316d-62c8-1300-000000000e00}\r\nProcessId: 396\r\nImage: C:\\Windows\\system32\\svchost.exe\r\nTargetObject: HKU\\.DEFAULT\\Software\\Microsoft\\SystemCertificates\\CA\\Certificates\r\nUser: NT AUTHORITY\\SYSTEM","Category":"Registry object added or deleted (rule: RegistryEvent)","Opcode":"Info","RuleName":"technique_id=T1130,technique_name=Install Root Certificate","UtcTime":"2022-07-08 13:40:43.304","ProcessGuid":"{6b7cbb53-316d-62c8-1300-000000000e00}","Image":"C:\\Windows\\system32\\svchost.exe","TargetObject":"HKU\\.DEFAULT\\Software\\Microsoft\\SystemCertificates\\CA\\Certificates","User":"NT AUTHORITY\\SYSTEM","EventReceivedTime":1657287644,"SourceModuleName":"in_sysmon","SourceModuleType":"im_msvistalog"}
<14>Jul  8 13:40:44 wrk-shasek.stackedpads.local Microsoft-Windows-Sysmon[2568]: {"EventTime":1657287643,"Hostname":"wrk-shasek.stackedpads.local","Keywords":-9223372036854775808,"EventType":"INFO","SeverityValue":2,"Severity":"INFO","EventID":12,"SourceName":"Microsoft-Windows-Sysmon","ProviderGuid":"{5770385F-C22A-43E0-BF4C-06F5698FFBD9}","Version":2,"Task":12,"OpcodeValue":0,"RecordNumber":72368,"ProcessID":2568,"ThreadID":3284,"Channel":"Microsoft-Windows-Sysmon/Operational","Domain":"NT AUTHORITY","AccountName":"SYSTEM","UserID":"S-1-5-18","AccountType":"User","Message":"Registry object added or deleted:\r\nRuleName: technique_id=T1130,technique_name=Install Root Certificate\r\nEventType: CreateKey\r\nUtcTime: 2022-07-08 13:40:43.304\r\nProcessGuid: {6b7cbb53-316d-62c8-1300-000000000e00}\r\nProcessId: 396\r\nImage: C:\\Windows\\system32\\svchost.exe\r\nTargetObject: HKLM\\SOFTWARE\\Microsoft\\SystemCertificates\\CA\\Certificates\r\nUser: NT AUTHORITY\\SYSTEM","Category":"Registry object added or deleted (rule: RegistryEvent)","Opcode":"Info","RuleName":"technique_id=T1130,technique_name=Install Root Certificate","UtcTime":"2022-07-08 13:40:43.304","ProcessGuid":"{6b7cbb53-316d-62c8-1300-000000000e00}","Image":"C:\\Windows\\system32\\svchost.exe","TargetObject":"HKLM\\SOFTWARE\\Microsoft\\SystemCertificates\\CA\\Certificates","User":"NT AUTHORITY\\SYSTEM","EventReceivedTime":1657287644,"SourceModuleName":"in_sysmon","SourceModuleType":"im_msvistalog"}
<14>Jul  8 13:40:44 wrk-shasek.stackedpads.local Microsoft-Windows-Sysmon[2568]: {"EventTime":1657287643,"Hostname":"wrk-shasek.stackedpads.local","Keywords":-9223372036854775808,"EventType":"INFO","SeverityValue":2,"Severity":"INFO","EventID":12,"SourceName":"Microsoft-Windows-Sysmon","ProviderGuid":"{5770385F-C22A-43E0-BF4C-06F5698FFBD9}","Version":2,"Task":12,"OpcodeValue":0,"RecordNumber":72372,"ProcessID":2568,"ThreadID":3284,"Channel":"Microsoft-Windows-Sysmon/Operational","Domain":"NT AUTHORITY","AccountName":"SYSTEM","UserID":"S-1-5-18","AccountType":"User","Message":"Registry object added or deleted:\r\nRuleName: technique_id=T1130,technique_name=Install Root Certificate\r\nEventType: CreateKey\r\nUtcTime: 2022-07-08 13:40:43.320\r\nProcessGuid: {6b7cbb53-316d-62c8-1300-000000000e00}\r\nProcessId: 396\r\nImage: C:\\Windows\\system32\\svchost.exe\r\nTargetObject: HKLM\\SOFTWARE\\Microsoft\\EnterpriseCertificates\\Root\\Certificates\r\nUser: NT AUTHORITY\\SYSTEM","Category":"Registry object added or deleted (rule: RegistryEvent)","Opcode":"Info","RuleName":"technique_id=T1130,technique_name=Install Root Certificate","UtcTime":"2022-07-08 13:40:43.320","ProcessGuid":"{6b7cbb53-316d-62c8-1300-000000000e00}","Image":"C:\\Windows\\system32\\svchost.exe","TargetObject":"HKLM\\SOFTWARE\\Microsoft\\EnterpriseCertificates\\Root\\Certificates","User":"NT AUTHORITY\\SYSTEM","EventReceivedTime":1657287644,"SourceModuleName":"in_sysmon","SourceModuleType":"im_msvistalog"}
<14>Jul  8 13:40:49 activedir.stackedpads.local Microsoft-Windows-Sysmon[3224]: {"EventTime":1657287648,"Hostname":"activedir.stackedpads.local","Keywords":-9223372036854775808,"EventType":"INFO","SeverityValue":2,"Severity":"INFO","EventID":3,"SourceName":"Microsoft-Windows-Sysmon","ProviderGuid":"{5770385F-C22A-43E0-BF4C-06F5698FFBD9}","Version":5,"Task":3,"OpcodeValue":0,"RecordNumber":278129,"ProcessID":3224,"ThreadID":3188,"Channel":"Microsoft-Windows-Sysmon/Operational","Domain":"NT AUTHORITY","AccountName":"SYSTEM","UserID":"S-1-5-18","AccountType":"User","Message":"Network connection detected:\r\nRuleName: technique_id=T1021,technique_name=Remote Services\r\nUtcTime: 2022-07-08 13:40:46.631\r\nProcessGuid: {3be6fa21-31c6-62c8-1300-000000001100}\r\nProcessId: 388\r\nImage: C:\\Windows\\System32\\svchost.exe\r\nUser: NT AUTHORITY\\NETWORK SERVICE\r\nProtocol: tcp\r\nInitiated: false\r\nSourceIsIpv6: false\r\nSourceIp: 35.235.244.33\r\nSourceHostname: -\r\nSourcePort: 33995\r\nSourcePortName: -\r\nDestinationIsIpv6: false\r\nDestinationIp: 10.1.0.4\r\nDestinationHostname: -\r\nDestinationPort: 3389\r\nDestinationPortName: -","Category":"Network connection detected (rule: NetworkConnect)","Opcode":"Info","RuleName":"technique_id=T1021,technique_name=Remote Services","UtcTime":"2022-07-08 13:40:46.631","ProcessGuid":"{3be6fa21-31c6-62c8-1300-000000001100}","Image":"C:\\Windows\\System32\\svchost.exe","User":"NT AUTHORITY\\NETWORK SERVICE","Protocol":"tcp","Initiated":"false","SourceIsIpv6":"false","SourceIp":"35.235.244.33","SourceHostname":"-","SourcePort":"33995","SourcePortName":"-","DestinationIsIpv6":"false","DestinationIp":"10.1.0.4","DestinationHostname":"-","DestinationPort":"3389","DestinationPortName":"-","EventReceivedTime":1657287649,"SourceModuleName":"in_sysmon","SourceModuleType":"im_msvistalog"}
<14>Jul  8 13:40:49 activedir.stackedpads.local Microsoft-Windows-Sysmon[3224]: {"EventTime":1657287648,"Hostname":"activedir.stackedpads.local","Keywords":-9223372036854775808,"EventType":"INFO","SeverityValue":2,"Severity":"INFO","EventID":3,"SourceName":"Microsoft-Windows-Sysmon","ProviderGuid":"{5770385F-C22A-43E0-BF4C-06F5698FFBD9}","Version":5,"Task":3,"OpcodeValue":0,"RecordNumber":278130,"ProcessID":3224,"ThreadID":3188,"Channel":"Microsoft-Windows-Sysmon/Operational","Domain":"NT AUTHORITY","AccountName":"SYSTEM","UserID":"S-1-5-18","AccountType":"User","Message":"Network connection detected:\r\nRuleName: technique_id=T1021,technique_name=Remote Services\r\nUtcTime: 2022-07-08 13:40:46.643\r\nProcessGuid: {3be6fa21-31c6-62c8-1300-000000001100}\r\nProcessId: 388\r\nImage: C:\\Windows\\System32\\svchost.exe\r\nUser: NT AUTHORITY\\NETWORK SERVICE\r\nProtocol: tcp\r\nInitiated: false\r\nSourceIsIpv6: false\r\nSourceIp: 35.235.244.34\r\nSourceHostname: -\r\nSourcePort: 33763\r\nSourcePortName: -\r\nDestinationIsIpv6: false\r\nDestinationIp: 10.1.0.4\r\nDestinationHostname: -\r\nDestinationPort: 3389\r\nDestinationPortName: -","Category":"Network connection detected (rule: NetworkConnect)","Opcode":"Info","RuleName":"technique_id=T1021,technique_name=Remote Services","UtcTime":"2022-07-08 13:40:46.643","ProcessGuid":"{3be6fa21-31c6-62c8-1300-000000001100}","Image":"C:\\Windows\\System32\\svchost.exe","User":"NT AUTHORITY\\NETWORK SERVICE","Protocol":"tcp","Initiated":"false","SourceIsIpv6":"false","SourceIp":"35.235.244.34","SourceHostname":"-","SourcePort":"33763","SourcePortName":"-","DestinationIsIpv6":"false","DestinationIp":"10.1.0.4","DestinationHostname":"-","DestinationPort":"3389","DestinationPortName":"-","EventReceivedTime":1657287649,"SourceModuleName":"in_sysmon","SourceModuleType":"im_msvistalog"}
<14>Jul  8 13:40:48 wrk-shasek.stackedpads.local Microsoft-Windows-Sysmon[2568]: {"EventTime":1657287647,"Hostname":"wrk-shasek.stackedpads.local","Keywords":-9223372036854775808,"EventType":"INFO","SeverityValue":2,"Severity":"INFO","EventID":11,"SourceName":"Microsoft-Windows-Sysmon","ProviderGuid":"{5770385F-C22A-43E0-BF4C-06F5698FFBD9}","Version":2,"Task":11,"OpcodeValue":0,"RecordNumber":72374,"ProcessID":2568,"ThreadID":3284,"Channel":"Microsoft-Windows-Sysmon/Operational","Domain":"NT AUTHORITY","AccountName":"SYSTEM","UserID":"S-1-5-18","AccountType":"User","Message":"File created:\r\nRuleName: -\r\nUtcTime: 2022-07-08 13:40:46.998\r\nProcessGuid: {6b7cbb53-316d-62c8-1500-000000000e00}\r\nProcessId: 712\r\nImage: C:\\Windows\\System32\\svchost.exe\r\nTargetFilename: C:\\Windows\\Prefetch\\MPCMDRUN.EXE-85B15F73.pf\r\nCreationUtcTime: 2022-07-06 18:51:19.331\r\nUser: NT AUTHORITY\\SYSTEM","Category":"File created (rule: FileCreate)","Opcode":"Info","RuleName":"-","UtcTime":"2022-07-08 13:40:46.998","ProcessGuid":"{6b7cbb53-316d-62c8-1500-000000000e00}","Image":"C:\\Windows\\System32\\svchost.exe","TargetFilename":"C:\\Windows\\Prefetch\\MPCMDRUN.EXE-85B15F73.pf","CreationUtcTime":"2022-07-06 18:51:19.331","User":"NT AUTHORITY\\SYSTEM","EventReceivedTime":1657287648,"SourceModuleName":"in_sysmon","SourceModuleType":"im_msvistalog"}
<14>Jul  8 13:40:52 activedir.stackedpads.local Microsoft-Windows-Sysmon[3224]: {"EventTime":1657287651,"Hostname":"activedir.stackedpads.local","Keywords":-9223372036854775808,"EventType":"INFO","SeverityValue":2,"Severity":"INFO","EventID":11,"SourceName":"Microsoft-Windows-Sysmon","ProviderGuid":"{5770385F-C22A-43E0-BF4C-06F5698FFBD9}","Version":2,"Task":11,"OpcodeValue":0,"RecordNumber":278131,"ProcessID":3224,"ThreadID":4128,"Channel":"Microsoft-Windows-Sysmon/Operational","Domain":"NT AUTHORITY","AccountName":"SYSTEM","UserID":"S-1-5-18","AccountType":"User","Message":"File created:\r\nRuleName: -\r\nUtcTime: 2022-07-08 13:40:51.221\r\nProcessGuid: {3be6fa21-31c6-62c8-1c00-000000001100}\r\nProcessId: 1292\r\nImage: C:\\Windows\\System32\\svchost.exe\r\nTargetFilename: C:\\Windows\\ServiceState\\EventLog\\Data\\lastalive1.dat\r\nCreationUtcTime: 2022-07-08 13:32:50.943\r\nUser: NT AUTHORITY\\LOCAL SERVICE","Category":"File created (rule: FileCreate)","Opcode":"Info","RuleName":"-","UtcTime":"2022-07-08 13:40:51.221","ProcessGuid":"{3be6fa21-31c6-62c8-1c00-000000001100}","Image":"C:\\Windows\\System32\\svchost.exe","TargetFilename":"C:\\Windows\\ServiceState\\EventLog\\Data\\lastalive1.dat","CreationUtcTime":"2022-07-08 13:32:50.943","User":"NT AUTHORITY\\LOCAL SERVICE","EventReceivedTime":1657287652,"SourceModuleName":"in_sysmon","SourceModuleType":"im_msvistalog"}
<14>Jul  8 13:40:54 activedir.stackedpads.local Microsoft-Windows-Sysmon[3224]: {"EventTime":1657287653,"Hostname":"activedir.stackedpads.local","Keywords":-9223372036854775808,"EventType":"INFO","SeverityValue":2,"Severity":"INFO","EventID":3,"SourceName":"Microsoft-Windows-Sysmon","ProviderGuid":"{5770385F-C22A-43E0-BF4C-06F5698FFBD9}","Version":5,"Task":3,"OpcodeValue":0,"RecordNumber":278151,"ProcessID":3224,"ThreadID":3188,"Channel":"Microsoft-Windows-Sysmon/Operational","Domain":"NT AUTHORITY","AccountName":"SYSTEM","UserID":"S-1-5-18","AccountType":"User","Message":"Network connection detected:\r\nRuleName: technique_id=T1021,technique_name=Remote Services\r\nUtcTime: 2022-07-08 13:40:51.505\r\nProcessGuid: {3be6fa21-31c6-62c8-1300-000000001100}\r\nProcessId: 388\r\nImage: C:\\Windows\\System32\\svchost.exe\r\nUser: NT AUTHORITY\\NETWORK SERVICE\r\nProtocol: tcp\r\nInitiated: false\r\nSourceIsIpv6: false\r\nSourceIp: 35.235.245.129\r\nSourceHostname: -\r\nSourcePort: 35499\r\nSourcePortName: -\r\nDestinationIsIpv6: false\r\nDestinationIp: 10.1.0.4\r\nDestinationHostname: -\r\nDestinationPort: 3389\r\nDestinationPortName: -","Category":"Network connection detected (rule: NetworkConnect)","Opcode":"Info","RuleName":"technique_id=T1021,technique_name=Remote Services","UtcTime":"2022-07-08 13:40:51.505","ProcessGuid":"{3be6fa21-31c6-62c8-1300-000000001100}","Image":"C:\\Windows\\System32\\svchost.exe","User":"NT AUTHORITY\\NETWORK SERVICE","Protocol":"tcp","Initiated":"false","SourceIsIpv6":"false","SourceIp":"35.235.245.129","SourceHostname":"-","SourcePort":"35499","SourcePortName":"-","DestinationIsIpv6":"false","DestinationIp":"10.1.0.4","DestinationHostname":"-","DestinationPort":"3389","DestinationPortName":"-","EventReceivedTime":1657287654,"SourceModuleName":"in_sysmon","SourceModuleType":"im_msvistalog"}
<14>Jul  8 13:40:54 activedir.stackedpads.local Microsoft-Windows-Sysmon[3224]: {"EventTime":1657287653,"Hostname":"activedir.stackedpads.local","Keywords":-9223372036854775808,"EventType":"INFO","SeverityValue":2,"Severity":"INFO","EventID":3,"SourceName":"Microsoft-Windows-Sysmon","ProviderGuid":"{5770385F-C22A-43E0-BF4C-06F5698FFBD9}","Version":5,"Task":3,"OpcodeValue":0,"RecordNumber":278152,"ProcessID":3224,"ThreadID":3188,"Channel":"Microsoft-Windows-Sysmon/Operational","Domain":"NT AUTHORITY","AccountName":"SYSTEM","UserID":"S-1-5-18","AccountType":"User","Message":"Network connection detected:\r\nRuleName: technique_id=T1021,technique_name=Remote Services\r\nUtcTime: 2022-07-08 13:40:51.630\r\nProcessGuid: {3be6fa21-31c6-62c8-1300-000000001100}\r\nProcessId: 388\r\nImage: C:\\Windows\\System32\\svchost.exe\r\nUser: NT AUTHORITY\\NETWORK SERVICE\r\nProtocol: tcp\r\nInitiated: false\r\nSourceIsIpv6: false\r\nSourceIp: 35.235.245.129\r\nSourceHostname: -\r\nSourcePort: 47239\r\nSourcePortName: -\r\nDestinationIsIpv6: false\r\nDestinationIp: 10.1.0.4\r\nDestinationHostname: -\r\nDestinationPort: 3389\r\nDestinationPortName: -","Category":"Network connection detected (rule: NetworkConnect)","Opcode":"Info","RuleName":"technique_id=T1021,technique_name=Remote Services","UtcTime":"2022-07-08 13:40:51.630","ProcessGuid":"{3be6fa21-31c6-62c8-1300-000000001100}","Image":"C:\\Windows\\System32\\svchost.exe","User":"NT AUTHORITY\\NETWORK SERVICE","Protocol":"tcp","Initiated":"false","SourceIsIpv6":"false","SourceIp":"35.235.245.129","SourceHostname":"-","SourcePort":"47239","SourcePortName":"-","DestinationIsIpv6":"false","DestinationIp":"10.1.0.4","DestinationHostname":"-","DestinationPort":"3389","DestinationPortName":"-","EventReceivedTime":1657287654,"SourceModuleName":"in_sysmon","SourceModuleType":"im_msvistalog"}
<14>Jul  8 13:40:53 wrk-shasek.stackedpads.local Microsoft-Windows-Sysmon[2568]: {"EventTime":1657287652,"Hostname":"wrk-shasek.stackedpads.local","Keywords":-9223372036854775808,"EventType":"INFO","SeverityValue":2,"Severity":"INFO","EventID":11,"SourceName":"Microsoft-Windows-Sysmon","ProviderGuid":"{5770385F-C22A-43E0-BF4C-06F5698FFBD9}","Version":2,"Task":11,"OpcodeValue":0,"RecordNumber":72375,"ProcessID":2568,"ThreadID":3284,"Channel":"Microsoft-Windows-Sysmon/Operational","Domain":"NT AUTHORITY","AccountName":"SYSTEM","UserID":"S-1-5-18","AccountType":"User","Message":"File created:\r\nRuleName: -\r\nUtcTime: 2022-07-08 13:40:52.175\r\nProcessGuid: {6b7cbb53-316d-62c8-1500-000000000e00}\r\nProcessId: 712\r\nImage: C:\\Windows\\System32\\svchost.exe\r\nTargetFilename: C:\\Windows\\Prefetch\\WMIPRVSE.EXE-E8B8DD29.pf\r\nCreationUtcTime: 2022-06-22 15:59:41.620\r\nUser: NT AUTHORITY\\SYSTEM","Category":"File created (rule: FileCreate)","Opcode":"Info","RuleName":"-","UtcTime":"2022-07-08 13:40:52.175","ProcessGuid":"{6b7cbb53-316d-62c8-1500-000000000e00}","Image":"C:\\Windows\\System32\\svchost.exe","TargetFilename":"C:\\Windows\\Prefetch\\WMIPRVSE.EXE-E8B8DD29.pf","CreationUtcTime":"2022-06-22 15:59:41.620","User":"NT AUTHORITY\\SYSTEM","EventReceivedTime":1657287653,"SourceModuleName":"in_sysmon","SourceModuleType":"im_msvistalog"}
<14>Jul  8 13:40:53 wrk-shasek.stackedpads.local Microsoft-Windows-Sysmon[2568]: {"EventTime":1657287652,"Hostname":"wrk-shasek.stackedpads.local","Keywords":-9223372036854775808,"EventType":"INFO","SeverityValue":2,"Severity":"INFO","EventID":11,"SourceName":"Microsoft-Windows-Sysmon","ProviderGuid":"{5770385F-C22A-43E0-BF4C-06F5698FFBD9}","Version":2,"Task":11,"OpcodeValue":0,"RecordNumber":72376,"ProcessID":2568,"ThreadID":3284,"Channel":"Microsoft-Windows-Sysmon/Operational","Domain":"NT AUTHORITY","AccountName":"SYSTEM","UserID":"S-1-5-18","AccountType":"User","Message":"File created:\r\nRuleName: -\r\nUtcTime: 2022-07-08 13:40:52.724\r\nProcessGuid: {6b7cbb53-316d-62c8-1500-000000000e00}\r\nProcessId: 712\r\nImage: C:\\Windows\\System32\\svchost.exe\r\nTargetFilename: C:\\Windows\\Prefetch\\SPPSVC.EXE-96070FE0.pf\r\nCreationUtcTime: 2022-06-22 15:59:43.173\r\nUser: NT AUTHORITY\\SYSTEM","Category":"File created (rule: FileCreate)","Opcode":"Info","RuleName":"-","UtcTime":"2022-07-08 13:40:52.724","ProcessGuid":"{6b7cbb53-316d-62c8-1500-000000000e00}","Image":"C:\\Windows\\System32\\svchost.exe","TargetFilename":"C:\\Windows\\Prefetch\\SPPSVC.EXE-96070FE0.pf","CreationUtcTime":"2022-06-22 15:59:43.173","User":"NT AUTHORITY\\SYSTEM","EventReceivedTime":1657287653,"SourceModuleName":"in_sysmon","SourceModuleType":"im_msvistalog"}
<14>Jul  8 13:40:54 activedir.stackedpads.local Microsoft-Windows-Sysmon[3224]: {"EventTime":1657287652,"Hostname":"activedir.stackedpads.local","Keywords":-9223372036854775808,"EventType":"INFO","SeverityValue":2,"Severity":"INFO","EventID":12,"SourceName":"Microsoft-Windows-Sysmon","ProviderGuid":"{5770385F-C22A-43E0-BF4C-06F5698FFBD9}","Version":2,"Task":12,"OpcodeValue":0,"RecordNumber":278134,"ProcessID":3224,"ThreadID":4128,"Channel":"Microsoft-Windows-Sysmon/Operational","Domain":"NT AUTHORITY","AccountName":"SYSTEM","UserID":"S-1-5-18","AccountType":"User","Message":"Registry object added or deleted:\r\nRuleName: technique_id=T1543,technique_name=Service Creation\r\nEventType: DeleteValue\r\nUtcTime: 2022-07-08 13:40:52.815\r\nProcessGuid: {3be6fa21-31c6-62c8-1f00-000000001100}\r\nProcessId: 1344\r\nImage: C:\\Windows\\system32\\svchost.exe\r\nTargetObject: HKLM\\System\\CurrentControlSet\\Services\\SharedAccess\\Parameters\\FirewallPolicy\\RestrictedServices\\AppIso\\FirewallRules\\{D12479FF-4847-472E-9D00-CE02ED0FDEE3}\r\nUser: NT AUTHORITY\\LOCAL SERVICE","Category":"Registry object added or deleted (rule: RegistryEvent)","Opcode":"Info","RuleName":"technique_id=T1543,technique_name=Service Creation","UtcTime":"2022-07-08 13:40:52.815","ProcessGuid":"{3be6fa21-31c6-62c8-1f00-000000001100}","Image":"C:\\Windows\\system32\\svchost.exe","TargetObject":"HKLM\\System\\CurrentControlSet\\Services\\SharedAccess\\Parameters\\FirewallPolicy\\RestrictedServices\\AppIso\\FirewallRules\\{D12479FF-4847-472E-9D00-CE02ED0FDEE3}","User":"NT AUTHORITY\\LOCAL SERVICE","EventReceivedTime":1657287654,"SourceModuleName":"in_sysmon","SourceModuleType":"im_msvistalog"}
<14>Jul  8 13:40:54 activedir.stackedpads.local Microsoft-Windows-Sysmon[3224]: {"EventTime":1657287652,"Hostname":"activedir.stackedpads.local","Keywords":-9223372036854775808,"EventType":"INFO","SeverityValue":2,"Severity":"INFO","EventID":13,"SourceName":"Microsoft-Windows-Sysmon","ProviderGuid":"{5770385F-C22A-43E0-BF4C-06F5698FFBD9}","Version":2,"Task":13,"OpcodeValue":0,"RecordNumber":278138,"ProcessID":3224,"ThreadID":4128,"Channel":"Microsoft-Windows-Sysmon/Operational","Domain":"NT AUTHORITY","AccountName":"SYSTEM","UserID":"S-1-5-18","AccountType":"User","Message":"Registry value set:\r\nRuleName: technique_id=T1543,technique_name=Service Creation\r\nEventType: SetValue\r\nUtcTime: 2022-07-08 13:40:52.815\r\nProcessGuid: {3be6fa21-31c6-62c8-1f00-000000001100}\r\nProcessId: 1344\r\nImage: C:\\Windows\\system32\\svchost.exe\r\nTargetObject: HKLM\\System\\CurrentControlSet\\Services\\SharedAccess\\Parameters\\FirewallPolicy\\RestrictedServices\\AppIso\\FirewallRules\\{29E4C711-1A57-4196-A8B1-271E373A7DD0}\r\nDetails: v2.29|Action=Block|Active=TRUE|Dir=In|Name=Usermode Font Driver Host|Desc=Usermode Font Driver Host|LUOwn=S-1-5-18|AppPkgId=S-1-15-2-95739096-486727260-2033287795-3853587803-1685597119-444378811-2746676523|EmbedCtxt=Usermode Font Driver Host|\r\nUser: NT AUTHORITY\\LOCAL SERVICE","Category":"Registry value set (rule: RegistryEvent)","Opcode":"Info","RuleName":"technique_id=T1543,technique_name=Service Creation","UtcTime":"2022-07-08 13:40:52.815","ProcessGuid":"{3be6fa21-31c6-62c8-1f00-000000001100}","Image":"C:\\Windows\\system32\\svchost.exe","TargetObject":"HKLM\\System\\CurrentControlSet\\Services\\SharedAccess\\Parameters\\FirewallPolicy\\RestrictedServices\\AppIso\\FirewallRules\\{29E4C711-1A57-4196-A8B1-271E373A7DD0}","Details":"v2.29|Action=Block|Active=TRUE|Dir=In|Name=Usermode Font Driver Host|Desc=Usermode Font Driver Host|LUOwn=S-1-5-18|AppPkgId=S-1-15-2-95739096-486727260-2033287795-3853587803-1685597119-444378811-2746676523|EmbedCtxt=Usermode Font Driver Host|","User":"NT AUTHORITY\\LOCAL SERVICE","EventReceivedTime":1657287654,"SourceModuleName":"in_sysmon","SourceModuleType":"im_msvistalog"}
<14>Jul  8 13:40:54 activedir.stackedpads.local Microsoft-Windows-Sysmon[3224]: {"EventTime":1657287652,"Hostname":"activedir.stackedpads.local","Keywords":-9223372036854775808,"EventType":"INFO","SeverityValue":2,"Severity":"INFO","EventID":12,"SourceName":"Microsoft-Windows-Sysmon","ProviderGuid":"{5770385F-C22A-43E0-BF4C-06F5698FFBD9}","Version":2,"Task":12,"OpcodeValue":0,"RecordNumber":278142,"ProcessID":3224,"ThreadID":4128,"Channel":"Microsoft-Windows-Sysmon/Operational","Domain":"NT AUTHORITY","AccountName":"SYSTEM","UserID":"S-1-5-18","AccountType":"User","Message":"Registry object added or deleted:\r\nRuleName: technique_id=T1543,technique_name=Service Creation\r\nEventType: CreateKey\r\nUtcTime: 2022-07-08 13:40:52.815\r\nProcessGuid: {3be6fa21-31c6-62c8-1f00-000000001100}\r\nProcessId: 1344\r\nImage: C:\\Windows\\system32\\svchost.exe\r\nTargetObject: HKLM\\System\\CurrentControlSet\\Services\\mpssvc\\Parameters\\AppCs\\AppCs\r\nUser: NT AUTHORITY\\LOCAL SERVICE","Category":"Registry object added or deleted (rule: RegistryEvent)","Opcode":"Info","RuleName":"technique_id=T1543,technique_name=Service Creation","UtcTime":"2022-07-08 13:40:52.815","ProcessGuid":"{3be6fa21-31c6-62c8-1f00-000000001100}","Image":"C:\\Windows\\system32\\svchost.exe","TargetObject":"HKLM\\System\\CurrentControlSet\\Services\\mpssvc\\Parameters\\AppCs\\AppCs","User":"NT AUTHORITY\\LOCAL SERVICE","EventReceivedTime":1657287654,"SourceModuleName":"in_sysmon","SourceModuleType":"im_msvistalog"}
<14>Jul  8 13:40:54 activedir.stackedpads.local Microsoft-Windows-Sysmon[3224]: {"EventTime":1657287652,"Hostname":"activedir.stackedpads.local","Keywords":-9223372036854775808,"EventType":"INFO","SeverityValue":2,"Severity":"INFO","EventID":13,"SourceName":"Microsoft-Windows-Sysmon","ProviderGuid":"{5770385F-C22A-43E0-BF4C-06F5698FFBD9}","Version":2,"Task":13,"OpcodeValue":0,"RecordNumber":278143,"ProcessID":3224,"ThreadID":4128,"Channel":"Microsoft-Windows-Sysmon/Operational","Domain":"NT AUTHORITY","AccountName":"SYSTEM","UserID":"S-1-5-18","AccountType":"User","Message":"Registry value set:\r\nRuleName: technique_id=T1543,technique_name=Service Creation\r\nEventType: SetValue\r\nUtcTime: 2022-07-08 13:40:52.815\r\nProcessGuid: {3be6fa21-31c6-62c8-1f00-000000001100}\r\nProcessId: 1344\r\nImage: C:\\Windows\\system32\\svchost.exe\r\nTargetObject: HKLM\\System\\CurrentControlSet\\Services\\mpssvc\\Parameters\\AppCs\\AppCs\\S-1-15-2-95739096-486727260-2033287795-3853587803-1685597119-444378811-2746676523S-1-5-18\r\nDetails: v2.29|AppPkgId=S-1-15-2-95739096-486727260-2033287795-3853587803-1685597119-444378811-2746676523|LUOwn=S-1-5-18|M=microsoft.windows.fontdrvhost|Name=Usermode Font Driver Host|Desc=Usermode Font Driver Host|\r\nUser: NT AUTHORITY\\LOCAL SERVICE","Category":"Registry value set (rule: RegistryEvent)","Opcode":"Info","RuleName":"technique_id=T1543,technique_name=Service Creation","UtcTime":"2022-07-08 13:40:52.815","ProcessGuid":"{3be6fa21-31c6-62c8-1f00-000000001100}","Image":"C:\\Windows\\system32\\svchost.exe","TargetObject":"HKLM\\System\\CurrentControlSet\\Services\\mpssvc\\Parameters\\AppCs\\AppCs\\S-1-15-2-95739096-486727260-2033287795-3853587803-1685597119-444378811-2746676523S-1-5-18","Details":"v2.29|AppPkgId=S-1-15-2-95739096-486727260-2033287795-3853587803-1685597119-444378811-2746676523|LUOwn=S-1-5-18|M=microsoft.windows.fontdrvhost|Name=Usermode Font Driver Host|Desc=Usermode Font Driver Host|","User":"NT AUTHORITY\\LOCAL SERVICE","EventReceivedTime":1657287654,"SourceModuleName":"in_sysmon","SourceModuleType":"im_msvistalog"}
