<14>Jul  8 13:42:21 wrk-shasek.stackedpads.local Microsoft-Windows-Sysmon[2568]: {"EventTime":1657287740,"Hostname":"wrk-shasek.stackedpads.local","Keywords":-9223372036854775808,"EventType":"INFO","SeverityValue":2,"Severity":"INFO","EventID":7,"SourceName":"Microsoft-Windows-Sysmon","ProviderGuid":"{5770385F-C22A-43E0-BF4C-06F5698FFBD9}","Version":3,"Task":7,"OpcodeValue":0,"RecordNumber":72797,"ProcessID":2568,"ThreadID":3316,"Channel":"Microsoft-Windows-Sysmon/Operational","Domain":"NT AUTHORITY","AccountName":"SYSTEM","UserID":"S-1-5-18","AccountType":"User","Message":"Image loaded:\r\nRuleName: technique_id=T1073,technique_name=DLL Side-Loading\r\nUtcTime: 2022-07-08 13:42:20.261\r\nProcessGuid: {6b7cbb53-343b-62c8-f100-000000000e00}\r\nProcessId: 6516\r\nImage: C:\\Users\\tim.smith\\AppData\\Local\\Microsoft\\OneDrive\\OneDrive.exe\r\nImageLoaded: C:\\Users\\tim.smith\\AppData\\Local\\Microsoft\\OneDrive\\21.220.1024.0005\\SyncEngine.dll\r\nFileVersion: 21.220.1024.0005\r\nDescription: Microsoft OneDrive Sync Engine\r\nProduct: Microsoft OneDrive\r\nCompany: Microsoft Corporation\r\nOriginalFileName: SyncEngine.dll\r\nHashes: SHA1=7895BFD4D7DDCED3C731BDC210FB25F0F7C6E27E,MD5=0E57C5BC0D93729F40E8BEA5F3BE6349,SHA256=51B13DD5D598367FE202681DCE761544EE3F7EC4F36D0C7C3C8A3FCA32582F07,IMPHASH=735B6C2632F43FC62FF18C671DA5F4E0\r\nSigned: true\r\nSignature: Microsoft Corporation\r\nSignatureStatus: Valid\r\nUser: STACKEDPADS\\tim.smith","Category":"Image loaded (rule: ImageLoad)","Opcode":"Info","RuleName":"technique_id=T1073,technique_name=DLL Side-Loading","UtcTime":"2022-07-08 13:42:20.261","ProcessGuid":"{6b7cbb53-343b-62c8-f100-000000000e00}","Image":"C:\\Users\\tim.smith\\AppData\\Local\\Microsoft\\OneDrive\\OneDrive.exe","ImageLoaded":"C:\\Users\\tim.smith\\AppData\\Local\\Microsoft\\OneDrive\\21.220.1024.0005\\SyncEngine.dll","FileVersion":"21.220.1024.0005","Description":"Microsoft OneDrive Sync Engine","Product":"Microsoft OneDrive","Company":"Microsoft Corporation","OriginalFileName":"SyncEngine.dll","Hashes":"SHA1=7895BFD4D7DDCED3C731BDC210FB25F0F7C6E27E,MD5=0E57C5BC0D93729F40E8BEA5F3BE6349,SHA256=51B13DD5D598367FE202681DCE761544EE3F7EC4F36D0C7C3C8A3FCA32582F07,IMPHASH=735B6C2632F43FC62FF18C671DA5F4E0","Signed":"true","Signature":"Microsoft Corporation","SignatureStatus":"Valid","User":"STACKEDPADS\\tim.smith","EventReceivedTime":1657287741,"SourceModuleName":"in_sysmon","SourceModuleType":"im_msvistalog"}
<14>Jul  8 13:42:21 wrk-shasek.stackedpads.local Microsoft-Windows-Sysmon[2568]: {"EventTime":1657287740,"Hostname":"wrk-shasek.stackedpads.local","Keywords":-9223372036854775808,"EventType":"INFO","SeverityValue":2,"Severity":"INFO","EventID":7,"SourceName":"Microsoft-Windows-Sysmon","ProviderGuid":"{5770385F-C22A-43E0-BF4C-06F5698FFBD9}","Version":3,"Task":7,"OpcodeValue":0,"RecordNumber":72799,"ProcessID":2568,"ThreadID":3316,"Channel":"Microsoft-Windows-Sysmon/Operational","Domain":"NT AUTHORITY","AccountName":"SYSTEM","UserID":"S-1-5-18","AccountType":"User","Message":"Image loaded:\r\nRuleName: technique_id=T1073,technique_name=DLL Side-Loading\r\nUtcTime: 2022-07-08 13:42:20.340\r\nProcessGuid: {6b7cbb53-343b-62c8-f100-000000000e00}\r\nProcessId: 6516\r\nImage: C:\\Users\\tim.smith\\AppData\\Local\\Microsoft\\OneDrive\\OneDrive.exe\r\nImageLoaded: C:\\Users\\tim.smith\\AppData\\Local\\Microsoft\\OneDrive\\21.220.1024.0005\\adal.dll\r\nFileVersion: 2.3.2.18301\r\nDescription: ADAL.Native\r\nProduct: Microsoft© ADAL\r\nCompany: Microsoft\r\nOriginalFileName: adal.dll\r\nHashes: SHA1=B1AD96BCB627565DD02D823B1DF3316BBA3DAC42,MD5=FE837E65648BF84A3B19C08BBC79351F,SHA256=55234DF27DEB004B09C18DC15CA46327E48B26B36DFB43A92741F86300BD8E9E,IMPHASH=516A644A07559B297EC9504C3CB8A0EF\r\nSigned: true\r\nSignature: Microsoft Corporation\r\nSignatureStatus: Valid\r\nUser: STACKEDPADS\\tim.smith","Category":"Image loaded (rule: ImageLoad)","Opcode":"Info","RuleName":"technique_id=T1073,technique_name=DLL Side-Loading","UtcTime":"2022-07-08 13:42:20.340","ProcessGuid":"{6b7cbb53-343b-62c8-f100-000000000e00}","Image":"C:\\Users\\tim.smith\\AppData\\Local\\Microsoft\\OneDrive\\OneDrive.exe","ImageLoaded":"C:\\Users\\tim.smith\\AppData\\Local\\Microsoft\\OneDrive\\21.220.1024.0005\\adal.dll","FileVersion":"2.3.2.18301","Description":"ADAL.Native","Product":"Microsoft© ADAL","Company":"Microsoft","OriginalFileName":"adal.dll","Hashes":"SHA1=B1AD96BCB627565DD02D823B1DF3316BBA3DAC42,MD5=FE837E65648BF84A3B19C08BBC79351F,SHA256=55234DF27DEB004B09C18DC15CA46327E48B26B36DFB43A92741F86300BD8E9E,IMPHASH=516A644A07559B297EC9504C3CB8A0EF","Signed":"true","Signature":"Microsoft Corporation","SignatureStatus":"Valid","User":"STACKEDPADS\\tim.smith","EventReceivedTime":1657287741,"SourceModuleName":"in_sysmon","SourceModuleType":"im_msvistalog"}
<14>Jul  8 13:42:21 wrk-shasek.stackedpads.local Microsoft-Windows-Sysmon[2568]: {"EventTime":1657287740,"Hostname":"wrk-shasek.stackedpads.local","Keywords":-9223372036854775808,"EventType":"INFO","SeverityValue":2,"Severity":"INFO","EventID":7,"SourceName":"Microsoft-Windows-Sysmon","ProviderGuid":"{5770385F-C22A-43E0-BF4C-06F5698FFBD9}","Version":3,"Task":7,"OpcodeValue":0,"RecordNumber":72800,"ProcessID":2568,"ThreadID":3316,"Channel":"Microsoft-Windows-Sysmon/Operational","Domain":"NT AUTHORITY","AccountName":"SYSTEM","UserID":"S-1-5-18","AccountType":"User","Message":"Image loaded:\r\nRuleName: technique_id=T1073,technique_name=DLL Side-Loading\r\nUtcTime: 2022-07-08 13:42:20.371\r\nProcessGuid: {6b7cbb53-343b-62c8-f100-000000000e00}\r\nProcessId: 6516\r\nImage: C:\\Users\\tim.smith\\AppData\\Local\\Microsoft\\OneDrive\\OneDrive.exe\r\nImageLoaded: C:\\Users\\tim.smith\\AppData\\Local\\Microsoft\\OneDrive\\21.220.1024.0005\\Qt5Qml.dll\r\nFileVersion: 5.14.1.0\r\nDescription: C++ Application Development Framework\r\nProduct: Qt5\r\nCompany: The Qt Company Ltd.\r\nOriginalFileName: Qt5Qml.dll\r\nHashes: SHA1=23F4FD2D8C07A476FCB765E9D6011ECE57B71569,MD5=1E5F98F97212FDBA3F96ADC40493B082,SHA256=BDADC298FDA94A9AD1268128863276C7F898BEF3AE79A3E6782CECF22F1294A2,IMPHASH=EADAAB356A429ED1101CB1F3DDC3B71A\r\nSigned: true\r\nSignature: Microsoft Corporation\r\nSignatureStatus: Valid\r\nUser: STACKEDPADS\\tim.smith","Category":"Image loaded (rule: ImageLoad)","Opcode":"Info","RuleName":"technique_id=T1073,technique_name=DLL Side-Loading","UtcTime":"2022-07-08 13:42:20.371","ProcessGuid":"{6b7cbb53-343b-62c8-f100-000000000e00}","Image":"C:\\Users\\tim.smith\\AppData\\Local\\Microsoft\\OneDrive\\OneDrive.exe","ImageLoaded":"C:\\Users\\tim.smith\\AppData\\Local\\Microsoft\\OneDrive\\21.220.1024.0005\\Qt5Qml.dll","FileVersion":"5.14.1.0","Description":"C++ Application Development Framework","Product":"Qt5","Company":"The Qt Company Ltd.","OriginalFileName":"Qt5Qml.dll","Hashes":"SHA1=23F4FD2D8C07A476FCB765E9D6011ECE57B71569,MD5=1E5F98F97212FDBA3F96ADC40493B082,SHA256=BDADC298FDA94A9AD1268128863276C7F898BEF3AE79A3E6782CECF22F1294A2,IMPHASH=EADAAB356A429ED1101CB1F3DDC3B71A","Signed":"true","Signature":"Microsoft Corporation","SignatureStatus":"Valid","User":"STACKEDPADS\\tim.smith","EventReceivedTime":1657287741,"SourceModuleName":"in_sysmon","SourceModuleType":"im_msvistalog"}
<14>Jul  8 13:42:21 wrk-shasek.stackedpads.local Microsoft-Windows-Sysmon[2568]: {"EventTime":1657287740,"Hostname":"wrk-shasek.stackedpads.local","Keywords":-9223372036854775808,"EventType":"INFO","SeverityValue":2,"Severity":"INFO","EventID":7,"SourceName":"Microsoft-Windows-Sysmon","ProviderGuid":"{5770385F-C22A-43E0-BF4C-06F5698FFBD9}","Version":3,"Task":7,"OpcodeValue":0,"RecordNumber":72801,"ProcessID":2568,"ThreadID":3316,"Channel":"Microsoft-Windows-Sysmon/Operational","Domain":"NT AUTHORITY","AccountName":"SYSTEM","UserID":"S-1-5-18","AccountType":"User","Message":"Image loaded:\r\nRuleName: technique_id=T1073,technique_name=DLL Side-Loading\r\nUtcTime: 2022-07-08 13:42:20.386\r\nProcessGuid: {6b7cbb53-343b-62c8-f100-000000000e00}\r\nProcessId: 6516\r\nImage: C:\\Users\\tim.smith\\AppData\\Local\\Microsoft\\OneDrive\\OneDrive.exe\r\nImageLoaded: C:\\Users\\tim.smith\\AppData\\Local\\Microsoft\\OneDrive\\21.220.1024.0005\\Qt5Core.dll\r\nFileVersion: 5.14.1.0\r\nDescription: C++ Application Development Framework\r\nProduct: Qt5\r\nCompany: The Qt Company Ltd.\r\nOriginalFileName: Qt5Core.dll\r\nHashes: SHA1=9105067DBD726AB9798E9EEC61CE49366B586376,MD5=3F7E824274680AA09589D590285132A5,SHA256=AD44DBB30520D85F055595F0BC734B16B9F2FB659F17198310C0557B55A76D70,IMPHASH=A6DE6BAD85003C31FDAE92010852CCD1\r\nSigned: true\r\nSignature: Microsoft Corporation\r\nSignatureStatus: Valid\r\nUser: STACKEDPADS\\tim.smith","Category":"Image loaded (rule: ImageLoad)","Opcode":"Info","RuleName":"technique_id=T1073,technique_name=DLL Side-Loading","UtcTime":"2022-07-08 13:42:20.386","ProcessGuid":"{6b7cbb53-343b-62c8-f100-000000000e00}","Image":"C:\\Users\\tim.smith\\AppData\\Local\\Microsoft\\OneDrive\\OneDrive.exe","ImageLoaded":"C:\\Users\\tim.smith\\AppData\\Local\\Microsoft\\OneDrive\\21.220.1024.0005\\Qt5Core.dll","FileVersion":"5.14.1.0","Description":"C++ Application Development Framework","Product":"Qt5","Company":"The Qt Company Ltd.","OriginalFileName":"Qt5Core.dll","Hashes":"SHA1=9105067DBD726AB9798E9EEC61CE49366B586376,MD5=3F7E824274680AA09589D590285132A5,SHA256=AD44DBB30520D85F055595F0BC734B16B9F2FB659F17198310C0557B55A76D70,IMPHASH=A6DE6BAD85003C31FDAE92010852CCD1","Signed":"true","Signature":"Microsoft Corporation","SignatureStatus":"Valid","User":"STACKEDPADS\\tim.smith","EventReceivedTime":1657287741,"SourceModuleName":"in_sysmon","SourceModuleType":"im_msvistalog"}
<14>Jul  8 13:42:21 wrk-shasek.stackedpads.local Microsoft-Windows-Sysmon[2568]: {"EventTime":1657287740,"Hostname":"wrk-shasek.stackedpads.local","Keywords":-9223372036854775808,"EventType":"INFO","SeverityValue":2,"Severity":"INFO","EventID":7,"SourceName":"Microsoft-Windows-Sysmon","ProviderGuid":"{5770385F-C22A-43E0-BF4C-06F5698FFBD9}","Version":3,"Task":7,"OpcodeValue":0,"RecordNumber":72802,"ProcessID":2568,"ThreadID":3316,"Channel":"Microsoft-Windows-Sysmon/Operational","Domain":"NT AUTHORITY","AccountName":"SYSTEM","UserID":"S-1-5-18","AccountType":"User","Message":"Image loaded:\r\nRuleName: technique_id=T1073,technique_name=DLL Side-Loading\r\nUtcTime: 2022-07-08 13:42:20.402\r\nProcessGuid: {6b7cbb53-343b-62c8-f100-000000000e00}\r\nProcessId: 6516\r\nImage: C:\\Users\\tim.smith\\AppData\\Local\\Microsoft\\OneDrive\\OneDrive.exe\r\nImageLoaded: C:\\Users\\tim.smith\\AppData\\Local\\Microsoft\\OneDrive\\21.220.1024.0005\\Qt5Quick.dll\r\nFileVersion: 5.14.1.0\r\nDescription: C++ Application Development Framework\r\nProduct: Qt5\r\nCompany: The Qt Company Ltd.\r\nOriginalFileName: Qt5Quick.dll\r\nHashes: SHA1=055E62D259641815EE3037221B096093D3AE85F1,MD5=042BAEF2AAE45ACFD4D6018CBF95728C,SHA256=C0D9B9ECB002635F24DCAF53EB34F46C22BACF02AFAE768F2D0834656A5D581D,IMPHASH=EB170583AE820FFB283FC073391A3EE6\r\nSigned: true\r\nSignature: Microsoft Corporation\r\nSignatureStatus: Valid\r\nUser: STACKEDPADS\\tim.smith","Category":"Image loaded (rule: ImageLoad)","Opcode":"Info","RuleName":"technique_id=T1073,technique_name=DLL Side-Loading","UtcTime":"2022-07-08 13:42:20.402","ProcessGuid":"{6b7cbb53-343b-62c8-f100-000000000e00}","Image":"C:\\Users\\tim.smith\\AppData\\Local\\Microsoft\\OneDrive\\OneDrive.exe","ImageLoaded":"C:\\Users\\tim.smith\\AppData\\Local\\Microsoft\\OneDrive\\21.220.1024.0005\\Qt5Quick.dll","FileVersion":"5.14.1.0","Description":"C++ Application Development Framework","Product":"Qt5","Company":"The Qt Company Ltd.","OriginalFileName":"Qt5Quick.dll","Hashes":"SHA1=055E62D259641815EE3037221B096093D3AE85F1,MD5=042BAEF2AAE45ACFD4D6018CBF95728C,SHA256=C0D9B9ECB002635F24DCAF53EB34F46C22BACF02AFAE768F2D0834656A5D581D,IMPHASH=EB170583AE820FFB283FC073391A3EE6","Signed":"true","Signature":"Microsoft Corporation","SignatureStatus":"Valid","User":"STACKEDPADS\\tim.smith","EventReceivedTime":1657287741,"SourceModuleName":"in_sysmon","SourceModuleType":"im_msvistalog"}
<14>Jul  8 13:42:21 wrk-shasek.stackedpads.local Microsoft-Windows-Sysmon[2568]: {"EventTime":1657287740,"Hostname":"wrk-shasek.stackedpads.local","Keywords":-9223372036854775808,"EventType":"INFO","SeverityValue":2,"Severity":"INFO","EventID":7,"SourceName":"Microsoft-Windows-Sysmon","ProviderGuid":"{5770385F-C22A-43E0-BF4C-06F5698FFBD9}","Version":3,"Task":7,"OpcodeValue":0,"RecordNumber":72803,"ProcessID":2568,"ThreadID":3316,"Channel":"Microsoft-Windows-Sysmon/Operational","Domain":"NT AUTHORITY","AccountName":"SYSTEM","UserID":"S-1-5-18","AccountType":"User","Message":"Image loaded:\r\nRuleName: technique_id=T1073,technique_name=DLL Side-Loading\r\nUtcTime: 2022-07-08 13:42:20.418\r\nProcessGuid: {6b7cbb53-343b-62c8-f100-000000000e00}\r\nProcessId: 6516\r\nImage: C:\\Users\\tim.smith\\AppData\\Local\\Microsoft\\OneDrive\\OneDrive.exe\r\nImageLoaded: C:\\Users\\tim.smith\\AppData\\Local\\Microsoft\\OneDrive\\21.220.1024.0005\\Qt5WinExtras.dll\r\nFileVersion: 5.14.1.0\r\nDescription: C++ Application Development Framework\r\nProduct: Qt5\r\nCompany: The Qt Company Ltd.\r\nOriginalFileName: Qt5WinExtras.dll\r\nHashes: SHA1=4D6C31556DBDBEE561805557C25747F012392B65,MD5=E94C89DF4AAB6ECC5C4BE4D670245C0A,SHA256=8BC10AB2B66A07632121DEB93B3B8045B5029E918BABC2EE2908A29DECDAB333,IMPHASH=3E7FC7EA183E74A8E8472C5870AB1698\r\nSigned: true\r\nSignature: Microsoft Corporation\r\nSignatureStatus: Valid\r\nUser: STACKEDPADS\\tim.smith","Category":"Image loaded (rule: ImageLoad)","Opcode":"Info","RuleName":"technique_id=T1073,technique_name=DLL Side-Loading","UtcTime":"2022-07-08 13:42:20.418","ProcessGuid":"{6b7cbb53-343b-62c8-f100-000000000e00}","Image":"C:\\Users\\tim.smith\\AppData\\Local\\Microsoft\\OneDrive\\OneDrive.exe","ImageLoaded":"C:\\Users\\tim.smith\\AppData\\Local\\Microsoft\\OneDrive\\21.220.1024.0005\\Qt5WinExtras.dll","FileVersion":"5.14.1.0","Description":"C++ Application Development Framework","Product":"Qt5","Company":"The Qt Company Ltd.","OriginalFileName":"Qt5WinExtras.dll","Hashes":"SHA1=4D6C31556DBDBEE561805557C25747F012392B65,MD5=E94C89DF4AAB6ECC5C4BE4D670245C0A,SHA256=8BC10AB2B66A07632121DEB93B3B8045B5029E918BABC2EE2908A29DECDAB333,IMPHASH=3E7FC7EA183E74A8E8472C5870AB1698","Signed":"true","Signature":"Microsoft Corporation","SignatureStatus":"Valid","User":"STACKEDPADS\\tim.smith","EventReceivedTime":1657287741,"SourceModuleName":"in_sysmon","SourceModuleType":"im_msvistalog"}
<14>Jul  8 13:42:21 wrk-shasek.stackedpads.local Microsoft-Windows-Sysmon[2568]: {"EventTime":1657287740,"Hostname":"wrk-shasek.stackedpads.local","Keywords":-9223372036854775808,"EventType":"INFO","SeverityValue":2,"Severity":"INFO","EventID":7,"SourceName":"Microsoft-Windows-Sysmon","ProviderGuid":"{5770385F-C22A-43E0-BF4C-06F5698FFBD9}","Version":3,"Task":7,"OpcodeValue":0,"RecordNumber":72804,"ProcessID":2568,"ThreadID":3316,"Channel":"Microsoft-Windows-Sysmon/Operational","Domain":"NT AUTHORITY","AccountName":"SYSTEM","UserID":"S-1-5-18","AccountType":"User","Message":"Image loaded:\r\nRuleName: technique_id=T1073,technique_name=DLL Side-Loading\r\nUtcTime: 2022-07-08 13:42:20.433\r\nProcessGuid: {6b7cbb53-343b-62c8-f100-000000000e00}\r\nProcessId: 6516\r\nImage: C:\\Users\\tim.smith\\AppData\\Local\\Microsoft\\OneDrive\\OneDrive.exe\r\nImageLoaded: C:\\Users\\tim.smith\\AppData\\Local\\Microsoft\\OneDrive\\21.220.1024.0005\\WnsClientApi.dll\r\nFileVersion: 21.220.1024.0005\r\nDescription: OneDrive WNS Client Library\r\nProduct: Microsoft OneDrive\r\nCompany: Microsoft Corporation\r\nOriginalFileName: WnsClientApi.dll\r\nHashes: SHA1=AAD64FCE1DFF01BB6FB41A5354DD81706E09669C,MD5=1957CC4169C0B29A354FD31765B2FC1B,SHA256=114EA2A7872A991A00F2FFD907248CAFE1F7475CD399982FD383488F6D7F4839,IMPHASH=6C6A4DF49617FB82D6014ADDD205A163\r\nSigned: true\r\nSignature: Microsoft Corporation\r\nSignatureStatus: Valid\r\nUser: STACKEDPADS\\tim.smith","Category":"Image loaded (rule: ImageLoad)","Opcode":"Info","RuleName":"technique_id=T1073,technique_name=DLL Side-Loading","UtcTime":"2022-07-08 13:42:20.433","ProcessGuid":"{6b7cbb53-343b-62c8-f100-000000000e00}","Image":"C:\\Users\\tim.smith\\AppData\\Local\\Microsoft\\OneDrive\\OneDrive.exe","ImageLoaded":"C:\\Users\\tim.smith\\AppData\\Local\\Microsoft\\OneDrive\\21.220.1024.0005\\WnsClientApi.dll","FileVersion":"21.220.1024.0005","Description":"OneDrive WNS Client Library","Product":"Microsoft OneDrive","Company":"Microsoft Corporation","OriginalFileName":"WnsClientApi.dll","Hashes":"SHA1=AAD64FCE1DFF01BB6FB41A5354DD81706E09669C,MD5=1957CC4169C0B29A354FD31765B2FC1B,SHA256=114EA2A7872A991A00F2FFD907248CAFE1F7475CD399982FD383488F6D7F4839,IMPHASH=6C6A4DF49617FB82D6014ADDD205A163","Signed":"true","Signature":"Microsoft Corporation","SignatureStatus":"Valid","User":"STACKEDPADS\\tim.smith","EventReceivedTime":1657287741,"SourceModuleName":"in_sysmon","SourceModuleType":"im_msvistalog"}
<14>Jul  8 13:42:21 wrk-shasek.stackedpads.local Microsoft-Windows-Sysmon[2568]: {"EventTime":1657287740,"Hostname":"wrk-shasek.stackedpads.local","Keywords":-9223372036854775808,"EventType":"INFO","SeverityValue":2,"Severity":"INFO","EventID":7,"SourceName":"Microsoft-Windows-Sysmon","ProviderGuid":"{5770385F-C22A-43E0-BF4C-06F5698FFBD9}","Version":3,"Task":7,"OpcodeValue":0,"RecordNumber":72805,"ProcessID":2568,"ThreadID":3316,"Channel":"Microsoft-Windows-Sysmon/Operational","Domain":"NT AUTHORITY","AccountName":"SYSTEM","UserID":"S-1-5-18","AccountType":"User","Message":"Image loaded:\r\nRuleName: technique_id=T1073,technique_name=DLL Side-Loading\r\nUtcTime: 2022-07-08 13:42:20.449\r\nProcessGuid: {6b7cbb53-343b-62c8-f100-000000000e00}\r\nProcessId: 6516\r\nImage: C:\\Users\\tim.smith\\AppData\\Local\\Microsoft\\OneDrive\\OneDrive.exe\r\nImageLoaded: C:\\Users\\tim.smith\\AppData\\Local\\Microsoft\\OneDrive\\21.220.1024.0005\\libcrypto-1_1.dll\r\nFileVersion: 1.1.1l\r\nDescription: OpenSSL library\r\nProduct: The OpenSSL Toolkit\r\nCompany: The OpenSSL Project, https://www.openssl.org/\r\nOriginalFileName: libcrypto\r\nHashes: SHA1=28F8A5A1919472CDFE911B8902F171ECC3C514A9,MD5=91C172041AB69AA9BB4D50A2557BC05D,SHA256=14C291C907296098C9D7859063333AFF0A344471DDC69497BD1F8004641C11B7,IMPHASH=5DA1C33E631513C0052C0A74552CB4E6\r\nSigned: true\r\nSignature: Microsoft Corporation\r\nSignatureStatus: Valid\r\nUser: STACKEDPADS\\tim.smith","Category":"Image loaded (rule: ImageLoad)","Opcode":"Info","RuleName":"technique_id=T1073,technique_name=DLL Side-Loading","UtcTime":"2022-07-08 13:42:20.449","ProcessGuid":"{6b7cbb53-343b-62c8-f100-000000000e00}","Image":"C:\\Users\\tim.smith\\AppData\\Local\\Microsoft\\OneDrive\\OneDrive.exe","ImageLoaded":"C:\\Users\\tim.smith\\AppData\\Local\\Microsoft\\OneDrive\\21.220.1024.0005\\libcrypto-1_1.dll","FileVersion":"1.1.1l","Description":"OpenSSL library","Product":"The OpenSSL Toolkit","Company":"The OpenSSL Project, https://www.openssl.org/","OriginalFileName":"libcrypto","Hashes":"SHA1=28F8A5A1919472CDFE911B8902F171ECC3C514A9,MD5=91C172041AB69AA9BB4D50A2557BC05D,SHA256=14C291C907296098C9D7859063333AFF0A344471DDC69497BD1F8004641C11B7,IMPHASH=5DA1C33E631513C0052C0A74552CB4E6","Signed":"true","Signature":"Microsoft Corporation","SignatureStatus":"Valid","User":"STACKEDPADS\\tim.smith","EventReceivedTime":1657287741,"SourceModuleName":"in_sysmon","SourceModuleType":"im_msvistalog"}
<14>Jul  8 13:42:21 wrk-shasek.stackedpads.local Microsoft-Windows-Sysmon[2568]: {"EventTime":1657287740,"Hostname":"wrk-shasek.stackedpads.local","Keywords":-9223372036854775808,"EventType":"INFO","SeverityValue":2,"Severity":"INFO","EventID":7,"SourceName":"Microsoft-Windows-Sysmon","ProviderGuid":"{5770385F-C22A-43E0-BF4C-06F5698FFBD9}","Version":3,"Task":7,"OpcodeValue":0,"RecordNumber":72806,"ProcessID":2568,"ThreadID":3316,"Channel":"Microsoft-Windows-Sysmon/Operational","Domain":"NT AUTHORITY","AccountName":"SYSTEM","UserID":"S-1-5-18","AccountType":"User","Message":"Image loaded:\r\nRuleName: technique_id=T1073,technique_name=DLL Side-Loading\r\nUtcTime: 2022-07-08 13:42:20.496\r\nProcessGuid: {6b7cbb53-343b-62c8-f100-000000000e00}\r\nProcessId: 6516\r\nImage: C:\\Users\\tim.smith\\AppData\\Local\\Microsoft\\OneDrive\\OneDrive.exe\r\nImageLoaded: C:\\Users\\tim.smith\\AppData\\Local\\Microsoft\\OneDrive\\21.220.1024.0005\\Qt5Widgets.dll\r\nFileVersion: 5.14.1.0\r\nDescription: C++ Application Development Framework\r\nProduct: Qt5\r\nCompany: The Qt Company Ltd.\r\nOriginalFileName: Qt5Widgets.dll\r\nHashes: SHA1=DE0A4E53CE02F1D64400E808C1352FDB092D0A42,MD5=284D1847D183EC943D7ABE6C1B437BDC,SHA256=3705C8A18DD69F23F02A8A29B792E684A0DFCD360B8E7D71C2AFE7E448044074,IMPHASH=446A855A344855352BCD3B299DE876B6\r\nSigned: true\r\nSignature: Microsoft Corporation\r\nSignatureStatus: Valid\r\nUser: STACKEDPADS\\tim.smith","Category":"Image loaded (rule: ImageLoad)","Opcode":"Info","RuleName":"technique_id=T1073,technique_name=DLL Side-Loading","UtcTime":"2022-07-08 13:42:20.496","ProcessGuid":"{6b7cbb53-343b-62c8-f100-000000000e00}","Image":"C:\\Users\\tim.smith\\AppData\\Local\\Microsoft\\OneDrive\\OneDrive.exe","ImageLoaded":"C:\\Users\\tim.smith\\AppData\\Local\\Microsoft\\OneDrive\\21.220.1024.0005\\Qt5Widgets.dll","FileVersion":"5.14.1.0","Description":"C++ Application Development Framework","Product":"Qt5","Company":"The Qt Company Ltd.","OriginalFileName":"Qt5Widgets.dll","Hashes":"SHA1=DE0A4E53CE02F1D64400E808C1352FDB092D0A42,MD5=284D1847D183EC943D7ABE6C1B437BDC,SHA256=3705C8A18DD69F23F02A8A29B792E684A0DFCD360B8E7D71C2AFE7E448044074,IMPHASH=446A855A344855352BCD3B299DE876B6","Signed":"true","Signature":"Microsoft Corporation","SignatureStatus":"Valid","User":"STACKEDPADS\\tim.smith","EventReceivedTime":1657287741,"SourceModuleName":"in_sysmon","SourceModuleType":"im_msvistalog"}
<14>Jul  8 13:42:21 wrk-shasek.stackedpads.local Microsoft-Windows-Sysmon[2568]: {"EventTime":1657287740,"Hostname":"wrk-shasek.stackedpads.local","Keywords":-9223372036854775808,"EventType":"INFO","SeverityValue":2,"Severity":"INFO","EventID":7,"SourceName":"Microsoft-Windows-Sysmon","ProviderGuid":"{5770385F-C22A-43E0-BF4C-06F5698FFBD9}","Version":3,"Task":7,"OpcodeValue":0,"RecordNumber":72807,"ProcessID":2568,"ThreadID":3316,"Channel":"Microsoft-Windows-Sysmon/Operational","Domain":"NT AUTHORITY","AccountName":"SYSTEM","UserID":"S-1-5-18","AccountType":"User","Message":"Image loaded:\r\nRuleName: technique_id=T1073,technique_name=DLL Side-Loading\r\nUtcTime: 2022-07-08 13:42:20.496\r\nProcessGuid: {6b7cbb53-343b-62c8-f100-000000000e00}\r\nProcessId: 6516\r\nImage: C:\\Users\\tim.smith\\AppData\\Local\\Microsoft\\OneDrive\\OneDrive.exe\r\nImageLoaded: C:\\Users\\tim.smith\\AppData\\Local\\Microsoft\\OneDrive\\21.220.1024.0005\\Qt5Gui.dll\r\nFileVersion: 5.14.1.0\r\nDescription: C++ Application Development Framework\r\nProduct: Qt5\r\nCompany: The Qt Company Ltd.\r\nOriginalFileName: Qt5Gui.dll\r\nHashes: SHA1=CBA292C199C035F5CD036F72481360ED01EE552A,MD5=D059F2C0C4E09B319479190485E917DA,SHA256=BCFE906135D759CCA8C2C7E32679C85404A288D99F3D4DA13D929E98F6E607D5,IMPHASH=4A36F2384DF16E42FDD7CF910B9BCD85\r\nSigned: true\r\nSignature: Microsoft Corporation\r\nSignatureStatus: Valid\r\nUser: STACKEDPADS\\tim.smith","Category":"Image loaded (rule: ImageLoad)","Opcode":"Info","RuleName":"technique_id=T1073,technique_name=DLL Side-Loading","UtcTime":"2022-07-08 13:42:20.496","ProcessGuid":"{6b7cbb53-343b-62c8-f100-000000000e00}","Image":"C:\\Users\\tim.smith\\AppData\\Local\\Microsoft\\OneDrive\\OneDrive.exe","ImageLoaded":"C:\\Users\\tim.smith\\AppData\\Local\\Microsoft\\OneDrive\\21.220.1024.0005\\Qt5Gui.dll","FileVersion":"5.14.1.0","Description":"C++ Application Development Framework","Product":"Qt5","Company":"The Qt Company Ltd.","OriginalFileName":"Qt5Gui.dll","Hashes":"SHA1=CBA292C199C035F5CD036F72481360ED01EE552A,MD5=D059F2C0C4E09B319479190485E917DA,SHA256=BCFE906135D759CCA8C2C7E32679C85404A288D99F3D4DA13D929E98F6E607D5,IMPHASH=4A36F2384DF16E42FDD7CF910B9BCD85","Signed":"true","Signature":"Microsoft Corporation","SignatureStatus":"Valid","User":"STACKEDPADS\\tim.smith","EventReceivedTime":1657287741,"SourceModuleName":"in_sysmon","SourceModuleType":"im_msvistalog"}
<14>Jul  8 13:42:21 wrk-shasek.stackedpads.local Microsoft-Windows-Sysmon[2568]: {"EventTime":1657287740,"Hostname":"wrk-shasek.stackedpads.local","Keywords":-9223372036854775808,"EventType":"INFO","SeverityValue":2,"Severity":"INFO","EventID":7,"SourceName":"Microsoft-Windows-Sysmon","ProviderGuid":"{5770385F-C22A-43E0-BF4C-06F5698FFBD9}","Version":3,"Task":7,"OpcodeValue":0,"RecordNumber":72808,"ProcessID":2568,"ThreadID":3316,"Channel":"Microsoft-Windows-Sysmon/Operational","Domain":"NT AUTHORITY","AccountName":"SYSTEM","UserID":"S-1-5-18","AccountType":"User","Message":"Image loaded:\r\nRuleName: technique_id=T1073,technique_name=DLL Side-Loading\r\nUtcTime: 2022-07-08 13:42:20.527\r\nProcessGuid: {6b7cbb53-343b-62c8-f100-000000000e00}\r\nProcessId: 6516\r\nImage: C:\\Users\\tim.smith\\AppData\\Local\\Microsoft\\OneDrive\\OneDrive.exe\r\nImageLoaded: C:\\Users\\tim.smith\\AppData\\Local\\Microsoft\\OneDrive\\21.220.1024.0005\\Qt5Network.dll\r\nFileVersion: 5.14.1.0\r\nDescription: C++ Application Development Framework\r\nProduct: Qt5\r\nCompany: The Qt Company Ltd.\r\nOriginalFileName: Qt5Network.dll\r\nHashes: SHA1=897A621D27DB3F8A65493B9EA43EB73BE38E3AD5,MD5=09D40E36108EB7BFE05E315170D60758,SHA256=3D23EADCB60D469E974591E16D6E73F18E33939BBEE1D27953E63DF00E629C8F,IMPHASH=04B99C568F07A4C7801F35D1C886B6B3\r\nSigned: true\r\nSignature: Microsoft Corporation\r\nSignatureStatus: Valid\r\nUser: STACKEDPADS\\tim.smith","Category":"Image loaded (rule: ImageLoad)","Opcode":"Info","RuleName":"technique_id=T1073,technique_name=DLL Side-Loading","UtcTime":"2022-07-08 13:42:20.527","ProcessGuid":"{6b7cbb53-343b-62c8-f100-000000000e00}","Image":"C:\\Users\\tim.smith\\AppData\\Local\\Microsoft\\OneDrive\\OneDrive.exe","ImageLoaded":"C:\\Users\\tim.smith\\AppData\\Local\\Microsoft\\OneDrive\\21.220.1024.0005\\Qt5Network.dll","FileVersion":"5.14.1.0","Description":"C++ Application Development Framework","Product":"Qt5","Company":"The Qt Company Ltd.","OriginalFileName":"Qt5Network.dll","Hashes":"SHA1=897A621D27DB3F8A65493B9EA43EB73BE38E3AD5,MD5=09D40E36108EB7BFE05E315170D60758,SHA256=3D23EADCB60D469E974591E16D6E73F18E33939BBEE1D27953E63DF00E629C8F,IMPHASH=04B99C568F07A4C7801F35D1C886B6B3","Signed":"true","Signature":"Microsoft Corporation","SignatureStatus":"Valid","User":"STACKEDPADS\\tim.smith","EventReceivedTime":1657287741,"SourceModuleName":"in_sysmon","SourceModuleType":"im_msvistalog"}
<14>Jul  8 13:42:21 wrk-shasek.stackedpads.local Microsoft-Windows-Sysmon[2568]: {"EventTime":1657287740,"Hostname":"wrk-shasek.stackedpads.local","Keywords":-9223372036854775808,"EventType":"INFO","SeverityValue":2,"Severity":"INFO","EventID":7,"SourceName":"Microsoft-Windows-Sysmon","ProviderGuid":"{5770385F-C22A-43E0-BF4C-06F5698FFBD9}","Version":3,"Task":7,"OpcodeValue":0,"RecordNumber":72810,"ProcessID":2568,"ThreadID":3316,"Channel":"Microsoft-Windows-Sysmon/Operational","Domain":"NT AUTHORITY","AccountName":"SYSTEM","UserID":"S-1-5-18","AccountType":"User","Message":"Image loaded:\r\nRuleName: technique_id=T1073,technique_name=DLL Side-Loading\r\nUtcTime: 2022-07-08 13:42:20.527\r\nProcessGuid: {6b7cbb53-343b-62c8-f100-000000000e00}\r\nProcessId: 6516\r\nImage: C:\\Users\\tim.smith\\AppData\\Local\\Microsoft\\OneDrive\\OneDrive.exe\r\nImageLoaded: C:\\Users\\tim.smith\\AppData\\Local\\Microsoft\\OneDrive\\21.220.1024.0005\\Qt5QmlModels.dll\r\nFileVersion: 5.14.1.0\r\nDescription: C++ Application Development Framework\r\nProduct: Qt5\r\nCompany: The Qt Company Ltd.\r\nOriginalFileName: Qt5QmlModels.dll\r\nHashes: SHA1=19CB20DC55CC91877B1638AE105E6CCCA65C59AE,MD5=41A54CF6150F71A40517DB6F9A8E12D2,SHA256=4129B5228CD324103E2F35A07E718D03DFA814186126D7F4ED5A7E9D92306A56,IMPHASH=151A0AD5FE975402282A633B5DCDE63F\r\nSigned: true\r\nSignature: Microsoft Corporation\r\nSignatureStatus: Valid\r\nUser: STACKEDPADS\\tim.smith","Category":"Image loaded (rule: ImageLoad)","Opcode":"Info","RuleName":"technique_id=T1073,technique_name=DLL Side-Loading","UtcTime":"2022-07-08 13:42:20.527","ProcessGuid":"{6b7cbb53-343b-62c8-f100-000000000e00}","Image":"C:\\Users\\tim.smith\\AppData\\Local\\Microsoft\\OneDrive\\OneDrive.exe","ImageLoaded":"C:\\Users\\tim.smith\\AppData\\Local\\Microsoft\\OneDrive\\21.220.1024.0005\\Qt5QmlModels.dll","FileVersion":"5.14.1.0","Description":"C++ Application Development Framework","Product":"Qt5","Company":"The Qt Company Ltd.","OriginalFileName":"Qt5QmlModels.dll","Hashes":"SHA1=19CB20DC55CC91877B1638AE105E6CCCA65C59AE,MD5=41A54CF6150F71A40517DB6F9A8E12D2,SHA256=4129B5228CD324103E2F35A07E718D03DFA814186126D7F4ED5A7E9D92306A56,IMPHASH=151A0AD5FE975402282A633B5DCDE63F","Signed":"true","Signature":"Microsoft Corporation","SignatureStatus":"Valid","User":"STACKEDPADS\\tim.smith","EventReceivedTime":1657287741,"SourceModuleName":"in_sysmon","SourceModuleType":"im_msvistalog"}
<14>Jul  8 13:42:21 wrk-shasek.stackedpads.local Microsoft-Windows-Sysmon[2568]: {"EventTime":1657287740,"Hostname":"wrk-shasek.stackedpads.local","Keywords":-9223372036854775808,"EventType":"INFO","SeverityValue":2,"Severity":"INFO","EventID":7,"SourceName":"Microsoft-Windows-Sysmon","ProviderGuid":"{5770385F-C22A-43E0-BF4C-06F5698FFBD9}","Version":3,"Task":7,"OpcodeValue":0,"RecordNumber":72809,"ProcessID":2568,"ThreadID":3316,"Channel":"Microsoft-Windows-Sysmon/Operational","Domain":"NT AUTHORITY","AccountName":"SYSTEM","UserID":"S-1-5-18","AccountType":"User","Message":"Image loaded:\r\nRuleName: technique_id=T1073,technique_name=DLL Side-Loading\r\nUtcTime: 2022-07-08 13:42:20.527\r\nProcessGuid: {6b7cbb53-343b-62c8-f100-000000000e00}\r\nProcessId: 6516\r\nImage: C:\\Users\\tim.smith\\AppData\\Local\\Microsoft\\OneDrive\\OneDrive.exe\r\nImageLoaded: C:\\Users\\tim.smith\\AppData\\Local\\Microsoft\\OneDrive\\21.220.1024.0005\\Qt5Network.dll\r\nFileVersion: 5.14.1.0\r\nDescription: C++ Application Development Framework\r\nProduct: Qt5\r\nCompany: The Qt Company Ltd.\r\nOriginalFileName: Qt5Network.dll\r\nHashes: SHA1=897A621D27DB3F8A65493B9EA43EB73BE38E3AD5,MD5=09D40E36108EB7BFE05E315170D60758,SHA256=3D23EADCB60D469E974591E16D6E73F18E33939BBEE1D27953E63DF00E629C8F,IMPHASH=04B99C568F07A4C7801F35D1C886B6B3\r\nSigned: true\r\nSignature: Microsoft Corporation\r\nSignatureStatus: Valid\r\nUser: STACKEDPADS\\tim.smith","Category":"Image loaded (rule: ImageLoad)","Opcode":"Info","RuleName":"technique_id=T1073,technique_name=DLL Side-Loading","UtcTime":"2022-07-08 13:42:20.527","ProcessGuid":"{6b7cbb53-343b-62c8-f100-000000000e00}","Image":"C:\\Users\\tim.smith\\AppData\\Local\\Microsoft\\OneDrive\\OneDrive.exe","ImageLoaded":"C:\\Users\\tim.smith\\AppData\\Local\\Microsoft\\OneDrive\\21.220.1024.0005\\Qt5Network.dll","FileVersion":"5.14.1.0","Description":"C++ Application Development Framework","Product":"Qt5","Company":"The Qt Company Ltd.","OriginalFileName":"Qt5Network.dll","Hashes":"SHA1=897A621D27DB3F8A65493B9EA43EB73BE38E3AD5,MD5=09D40E36108EB7BFE05E315170D60758,SHA256=3D23EADCB60D469E974591E16D6E73F18E33939BBEE1D27953E63DF00E629C8F,IMPHASH=04B99C568F07A4C7801F35D1C886B6B3","Signed":"true","Signature":"Microsoft Corporation","SignatureStatus":"Valid","User":"STACKEDPADS\\tim.smith","EventReceivedTime":1657287741,"SourceModuleName":"in_sysmon","SourceModuleType":"im_msvistalog"}
<14>Jul  8 13:42:21 wrk-shasek.stackedpads.local Microsoft-Windows-Sysmon[2568]: {"EventTime":1657287740,"Hostname":"wrk-shasek.stackedpads.local","Keywords":-9223372036854775808,"EventType":"INFO","SeverityValue":2,"Severity":"INFO","EventID":7,"SourceName":"Microsoft-Windows-Sysmon","ProviderGuid":"{5770385F-C22A-43E0-BF4C-06F5698FFBD9}","Version":3,"Task":7,"OpcodeValue":0,"RecordNumber":72811,"ProcessID":2568,"ThreadID":3316,"Channel":"Microsoft-Windows-Sysmon/Operational","Domain":"NT AUTHORITY","AccountName":"SYSTEM","UserID":"S-1-5-18","AccountType":"User","Message":"Image loaded:\r\nRuleName: technique_id=T1073,technique_name=DLL Side-Loading\r\nUtcTime: 2022-07-08 13:42:20.543\r\nProcessGuid: {6b7cbb53-343b-62c8-f100-000000000e00}\r\nProcessId: 6516\r\nImage: C:\\Users\\tim.smith\\AppData\\Local\\Microsoft\\OneDrive\\OneDrive.exe\r\nImageLoaded: C:\\Users\\tim.smith\\AppData\\Local\\Microsoft\\OneDrive\\21.220.1024.0005\\libssl-1_1.dll\r\nFileVersion: 1.1.1l\r\nDescription: OpenSSL library\r\nProduct: The OpenSSL Toolkit\r\nCompany: The OpenSSL Project, https://www.openssl.org/\r\nOriginalFileName: libssl\r\nHashes: SHA1=01D1C040F561F6156EA6F91D785AC03D8F162D02,MD5=3BD4CAA7ABC491D79768F2A9982E23D3,SHA256=82F4E59CC33375C7DF0F68DAFF8ACFBEDFB1001A554FEDC976BF4285CB04A0FB,IMPHASH=23114121CB2448780F6B5C1B7AF9E8DF\r\nSigned: true\r\nSignature: Microsoft Corporation\r\nSignatureStatus: Valid\r\nUser: STACKEDPADS\\tim.smith","Category":"Image loaded (rule: ImageLoad)","Opcode":"Info","RuleName":"technique_id=T1073,technique_name=DLL Side-Loading","UtcTime":"2022-07-08 13:42:20.543","ProcessGuid":"{6b7cbb53-343b-62c8-f100-000000000e00}","Image":"C:\\Users\\tim.smith\\AppData\\Local\\Microsoft\\OneDrive\\OneDrive.exe","ImageLoaded":"C:\\Users\\tim.smith\\AppData\\Local\\Microsoft\\OneDrive\\21.220.1024.0005\\libssl-1_1.dll","FileVersion":"1.1.1l","Description":"OpenSSL library","Product":"The OpenSSL Toolkit","Company":"The OpenSSL Project, https://www.openssl.org/","OriginalFileName":"libssl","Hashes":"SHA1=01D1C040F561F6156EA6F91D785AC03D8F162D02,MD5=3BD4CAA7ABC491D79768F2A9982E23D3,SHA256=82F4E59CC33375C7DF0F68DAFF8ACFBEDFB1001A554FEDC976BF4285CB04A0FB,IMPHASH=23114121CB2448780F6B5C1B7AF9E8DF","Signed":"true","Signature":"Microsoft Corporation","SignatureStatus":"Valid","User":"STACKEDPADS\\tim.smith","EventReceivedTime":1657287741,"SourceModuleName":"in_sysmon","SourceModuleType":"im_msvistalog"}
<14>Jul  8 13:42:21 wrk-shasek.stackedpads.local Microsoft-Windows-Sysmon[2568]: {"EventTime":1657287740,"Hostname":"wrk-shasek.stackedpads.local","Keywords":-9223372036854775808,"EventType":"INFO","SeverityValue":2,"Severity":"INFO","EventID":7,"SourceName":"Microsoft-Windows-Sysmon","ProviderGuid":"{5770385F-C22A-43E0-BF4C-06F5698FFBD9}","Version":3,"Task":7,"OpcodeValue":0,"RecordNumber":72812,"ProcessID":2568,"ThreadID":3316,"Channel":"Microsoft-Windows-Sysmon/Operational","Domain":"NT AUTHORITY","AccountName":"SYSTEM","UserID":"S-1-5-18","AccountType":"User","Message":"Image loaded:\r\nRuleName: technique_id=T1073,technique_name=DLL Side-Loading\r\nUtcTime: 2022-07-08 13:42:20.683\r\nProcessGuid: {6b7cbb53-343b-62c8-f100-000000000e00}\r\nProcessId: 6516\r\nImage: C:\\Users\\tim.smith\\AppData\\Local\\Microsoft\\OneDrive\\OneDrive.exe\r\nImageLoaded: C:\\Users\\tim.smith\\AppData\\Local\\Microsoft\\OneDrive\\21.220.1024.0005\\FileSyncFALWB.dll\r\nFileVersion: 21.220.1024.0005\r\nDescription: Microsoft OneDriveFile Sync FAL WB\r\nProduct: Microsoft OneDrive\r\nCompany: Microsoft Corporation\r\nOriginalFileName: FileSyncFALWB.dll\r\nHashes: SHA1=55F216DBD19801A9FD20FA33B070F593BD6DC45C,MD5=CB348647ADE3EB8F4DC2615BF2BC156A,SHA256=577F0DAB8A7FB74693AC7F9174B215CEDE7779894630FB4AF04411968A8A1F4B,IMPHASH=673E692F3ACD774C4C69C4F8C08DC80B\r\nSigned: true\r\nSignature: Microsoft Corporation\r\nSignatureStatus: Valid\r\nUser: STACKEDPADS\\tim.smith","Category":"Image loaded (rule: ImageLoad)","Opcode":"Info","RuleName":"technique_id=T1073,technique_name=DLL Side-Loading","UtcTime":"2022-07-08 13:42:20.683","ProcessGuid":"{6b7cbb53-343b-62c8-f100-000000000e00}","Image":"C:\\Users\\tim.smith\\AppData\\Local\\Microsoft\\OneDrive\\OneDrive.exe","ImageLoaded":"C:\\Users\\tim.smith\\AppData\\Local\\Microsoft\\OneDrive\\21.220.1024.0005\\FileSyncFALWB.dll","FileVersion":"21.220.1024.0005","Description":"Microsoft OneDriveFile Sync FAL WB","Product":"Microsoft OneDrive","Company":"Microsoft Corporation","OriginalFileName":"FileSyncFALWB.dll","Hashes":"SHA1=55F216DBD19801A9FD20FA33B070F593BD6DC45C,MD5=CB348647ADE3EB8F4DC2615BF2BC156A,SHA256=577F0DAB8A7FB74693AC7F9174B215CEDE7779894630FB4AF04411968A8A1F4B,IMPHASH=673E692F3ACD774C4C69C4F8C08DC80B","Signed":"true","Signature":"Microsoft Corporation","SignatureStatus":"Valid","User":"STACKEDPADS\\tim.smith","EventReceivedTime":1657287741,"SourceModuleName":"in_sysmon","SourceModuleType":"im_msvistalog"}
<14>Jul  8 13:42:22 wrk-shasek.stackedpads.local Microsoft-Windows-Sysmon[2568]: {"EventTime":1657287741,"Hostname":"wrk-shasek.stackedpads.local","Keywords":-9223372036854775808,"EventType":"INFO","SeverityValue":2,"Severity":"INFO","EventID":7,"SourceName":"Microsoft-Windows-Sysmon","ProviderGuid":"{5770385F-C22A-43E0-BF4C-06F5698FFBD9}","Version":3,"Task":7,"OpcodeValue":0,"RecordNumber":72842,"ProcessID":2568,"ThreadID":3316,"Channel":"Microsoft-Windows-Sysmon/Operational","Domain":"NT AUTHORITY","AccountName":"SYSTEM","UserID":"S-1-5-18","AccountType":"User","Message":"Image loaded:\r\nRuleName: technique_id=T1073,technique_name=DLL Side-Loading\r\nUtcTime: 2022-07-08 13:42:20.808\r\nProcessGuid: {6b7cbb53-343b-62c8-f100-000000000e00}\r\nProcessId: 6516\r\nImage: C:\\Users\\tim.smith\\AppData\\Local\\Microsoft\\OneDrive\\OneDrive.exe\r\nImageLoaded: C:\\Users\\tim.smith\\AppData\\Local\\Microsoft\\OneDrive\\21.220.1024.0005\\FileSync.Resources.dll\r\nFileVersion: 21.220.1024.0005\r\nDescription: Microsoft OneDrive\r\nProduct: Microsoft OneDrive\r\nCompany: Microsoft Corporation\r\nOriginalFileName: FileSync.Resources.dll\r\nHashes: SHA1=A0C0A02436289E3E798539FD463AE60FA375BA8E,MD5=68C3DEB1FF80F872F297FCE6B2447B96,SHA256=E8A679C11F867AC6C69966E0A5AC2C4B0C9A063246D0C0F88F0193C2BDD6D9D7,IMPHASH=00000000000000000000000000000000\r\nSigned: true\r\nSignature: Microsoft Corporation\r\nSignatureStatus: Valid\r\nUser: STACKEDPADS\\tim.smith","Category":"Image loaded (rule: ImageLoad)","Opcode":"Info","RuleName":"technique_id=T1073,technique_name=DLL Side-Loading","UtcTime":"2022-07-08 13:42:20.808","ProcessGuid":"{6b7cbb53-343b-62c8-f100-000000000e00}","Image":"C:\\Users\\tim.smith\\AppData\\Local\\Microsoft\\OneDrive\\OneDrive.exe","ImageLoaded":"C:\\Users\\tim.smith\\AppData\\Local\\Microsoft\\OneDrive\\21.220.1024.0005\\FileSync.Resources.dll","FileVersion":"21.220.1024.0005","Description":"Microsoft OneDrive","Product":"Microsoft OneDrive","Company":"Microsoft Corporation","OriginalFileName":"FileSync.Resources.dll","Hashes":"SHA1=A0C0A02436289E3E798539FD463AE60FA375BA8E,MD5=68C3DEB1FF80F872F297FCE6B2447B96,SHA256=E8A679C11F867AC6C69966E0A5AC2C4B0C9A063246D0C0F88F0193C2BDD6D9D7,IMPHASH=00000000000000000000000000000000","Signed":"true","Signature":"Microsoft Corporation","SignatureStatus":"Valid","User":"STACKEDPADS\\tim.smith","EventReceivedTime":1657287742,"SourceModuleName":"in_sysmon","SourceModuleType":"im_msvistalog"}
<14>Jul  8 13:42:22 wrk-shasek.stackedpads.local Microsoft-Windows-Sysmon[2568]: {"EventTime":1657287741,"Hostname":"wrk-shasek.stackedpads.local","Keywords":-9223372036854775808,"EventType":"INFO","SeverityValue":2,"Severity":"INFO","EventID":7,"SourceName":"Microsoft-Windows-Sysmon","ProviderGuid":"{5770385F-C22A-43E0-BF4C-06F5698FFBD9}","Version":3,"Task":7,"OpcodeValue":0,"RecordNumber":72843,"ProcessID":2568,"ThreadID":3316,"Channel":"Microsoft-Windows-Sysmon/Operational","Domain":"NT AUTHORITY","AccountName":"SYSTEM","UserID":"S-1-5-18","AccountType":"User","Message":"Image loaded:\r\nRuleName: technique_id=T1073,technique_name=DLL Side-Loading\r\nUtcTime: 2022-07-08 13:42:20.824\r\nProcessGuid: {6b7cbb53-343b-62c8-f100-000000000e00}\r\nProcessId: 6516\r\nImage: C:\\Users\\tim.smith\\AppData\\Local\\Microsoft\\OneDrive\\OneDrive.exe\r\nImageLoaded: C:\\Users\\tim.smith\\AppData\\Local\\Microsoft\\OneDrive\\21.220.1024.0005\\FileSync.Resources.dll\r\nFileVersion: 21.220.1024.0005\r\nDescription: Microsoft OneDrive\r\nProduct: Microsoft OneDrive\r\nCompany: Microsoft Corporation\r\nOriginalFileName: FileSync.Resources.dll\r\nHashes: SHA1=A0C0A02436289E3E798539FD463AE60FA375BA8E,MD5=68C3DEB1FF80F872F297FCE6B2447B96,SHA256=E8A679C11F867AC6C69966E0A5AC2C4B0C9A063246D0C0F88F0193C2BDD6D9D7,IMPHASH=00000000000000000000000000000000\r\nSigned: true\r\nSignature: Microsoft Corporation\r\nSignatureStatus: Valid\r\nUser: STACKEDPADS\\tim.smith","Category":"Image loaded (rule: ImageLoad)","Opcode":"Info","RuleName":"technique_id=T1073,technique_name=DLL Side-Loading","UtcTime":"2022-07-08 13:42:20.824","ProcessGuid":"{6b7cbb53-343b-62c8-f100-000000000e00}","Image":"C:\\Users\\tim.smith\\AppData\\Local\\Microsoft\\OneDrive\\OneDrive.exe","ImageLoaded":"C:\\Users\\tim.smith\\AppData\\Local\\Microsoft\\OneDrive\\21.220.1024.0005\\FileSync.Resources.dll","FileVersion":"21.220.1024.0005","Description":"Microsoft OneDrive","Product":"Microsoft OneDrive","Company":"Microsoft Corporation","OriginalFileName":"FileSync.Resources.dll","Hashes":"SHA1=A0C0A02436289E3E798539FD463AE60FA375BA8E,MD5=68C3DEB1FF80F872F297FCE6B2447B96,SHA256=E8A679C11F867AC6C69966E0A5AC2C4B0C9A063246D0C0F88F0193C2BDD6D9D7,IMPHASH=00000000000000000000000000000000","Signed":"true","Signature":"Microsoft Corporation","SignatureStatus":"Valid","User":"STACKEDPADS\\tim.smith","EventReceivedTime":1657287742,"SourceModuleName":"in_sysmon","SourceModuleType":"im_msvistalog"}
<14>Jul  8 13:42:22 wrk-shasek.stackedpads.local Microsoft-Windows-Sysmon[2568]: {"EventTime":1657287741,"Hostname":"wrk-shasek.stackedpads.local","Keywords":-9223372036854775808,"EventType":"INFO","SeverityValue":2,"Severity":"INFO","EventID":7,"SourceName":"Microsoft-Windows-Sysmon","ProviderGuid":"{5770385F-C22A-43E0-BF4C-06F5698FFBD9}","Version":3,"Task":7,"OpcodeValue":0,"RecordNumber":72844,"ProcessID":2568,"ThreadID":3316,"Channel":"Microsoft-Windows-Sysmon/Operational","Domain":"NT AUTHORITY","AccountName":"SYSTEM","UserID":"S-1-5-18","AccountType":"User","Message":"Image loaded:\r\nRuleName: technique_id=T1073,technique_name=DLL Side-Loading\r\nUtcTime: 2022-07-08 13:42:20.840\r\nProcessGuid: {6b7cbb53-343b-62c8-f100-000000000e00}\r\nProcessId: 6516\r\nImage: C:\\Users\\tim.smith\\AppData\\Local\\Microsoft\\OneDrive\\OneDrive.exe\r\nImageLoaded: C:\\Users\\tim.smith\\AppData\\Local\\Microsoft\\OneDrive\\21.220.1024.0005\\FileSync.LocalizedResources.dll\r\nFileVersion: 21.220.1024.0005\r\nDescription: Microsoft OneDrive\r\nProduct: Microsoft OneDrive\r\nCompany: Microsoft Corporation\r\nOriginalFileName: FileSync.LocalizedResources.dll.mui\r\nHashes: SHA1=DB348E1137C1C431CB25E56638850F513275224A,MD5=37E9780E7618A097317726DF02CDB860,SHA256=7DC6628CE19EDC229CD941038D1C4F5829E679FBDC3CF187687879B105448255,IMPHASH=00000000000000000000000000000000\r\nSigned: true\r\nSignature: Microsoft Corporation\r\nSignatureStatus: Valid\r\nUser: STACKEDPADS\\tim.smith","Category":"Image loaded (rule: ImageLoad)","Opcode":"Info","RuleName":"technique_id=T1073,technique_name=DLL Side-Loading","UtcTime":"2022-07-08 13:42:20.840","ProcessGuid":"{6b7cbb53-343b-62c8-f100-000000000e00}","Image":"C:\\Users\\tim.smith\\AppData\\Local\\Microsoft\\OneDrive\\OneDrive.exe","ImageLoaded":"C:\\Users\\tim.smith\\AppData\\Local\\Microsoft\\OneDrive\\21.220.1024.0005\\FileSync.LocalizedResources.dll","FileVersion":"21.220.1024.0005","Description":"Microsoft OneDrive","Product":"Microsoft OneDrive","Company":"Microsoft Corporation","OriginalFileName":"FileSync.LocalizedResources.dll.mui","Hashes":"SHA1=DB348E1137C1C431CB25E56638850F513275224A,MD5=37E9780E7618A097317726DF02CDB860,SHA256=7DC6628CE19EDC229CD941038D1C4F5829E679FBDC3CF187687879B105448255,IMPHASH=00000000000000000000000000000000","Signed":"true","Signature":"Microsoft Corporation","SignatureStatus":"Valid","User":"STACKEDPADS\\tim.smith","EventReceivedTime":1657287742,"SourceModuleName":"in_sysmon","SourceModuleType":"im_msvistalog"}
<14>Jul  8 13:42:22 wrk-shasek.stackedpads.local Microsoft-Windows-Sysmon[2568]: {"EventTime":1657287741,"Hostname":"wrk-shasek.stackedpads.local","Keywords":-9223372036854775808,"EventType":"INFO","SeverityValue":2,"Severity":"INFO","EventID":7,"SourceName":"Microsoft-Windows-Sysmon","ProviderGuid":"{5770385F-C22A-43E0-BF4C-06F5698FFBD9}","Version":3,"Task":7,"OpcodeValue":0,"RecordNumber":72845,"ProcessID":2568,"ThreadID":3316,"Channel":"Microsoft-Windows-Sysmon/Operational","Domain":"NT AUTHORITY","AccountName":"SYSTEM","UserID":"S-1-5-18","AccountType":"User","Message":"Image loaded:\r\nRuleName: technique_id=T1073,technique_name=DLL Side-Loading\r\nUtcTime: 2022-07-08 13:42:20.840\r\nProcessGuid: {6b7cbb53-343b-62c8-f100-000000000e00}\r\nProcessId: 6516\r\nImage: C:\\Users\\tim.smith\\AppData\\Local\\Microsoft\\OneDrive\\OneDrive.exe\r\nImageLoaded: C:\\Users\\tim.smith\\AppData\\Local\\Microsoft\\OneDrive\\21.220.1024.0005\\FileSync.LocalizedResources.dll\r\nFileVersion: 21.220.1024.0005\r\nDescription: Microsoft OneDrive\r\nProduct: Microsoft OneDrive\r\nCompany: Microsoft Corporation\r\nOriginalFileName: FileSync.LocalizedResources.dll.mui\r\nHashes: SHA1=DB348E1137C1C431CB25E56638850F513275224A,MD5=37E9780E7618A097317726DF02CDB860,SHA256=7DC6628CE19EDC229CD941038D1C4F5829E679FBDC3CF187687879B105448255,IMPHASH=00000000000000000000000000000000\r\nSigned: true\r\nSignature: Microsoft Corporation\r\nSignatureStatus: Valid\r\nUser: STACKEDPADS\\tim.smith","Category":"Image loaded (rule: ImageLoad)","Opcode":"Info","RuleName":"technique_id=T1073,technique_name=DLL Side-Loading","UtcTime":"2022-07-08 13:42:20.840","ProcessGuid":"{6b7cbb53-343b-62c8-f100-000000000e00}","Image":"C:\\Users\\tim.smith\\AppData\\Local\\Microsoft\\OneDrive\\OneDrive.exe","ImageLoaded":"C:\\Users\\tim.smith\\AppData\\Local\\Microsoft\\OneDrive\\21.220.1024.0005\\FileSync.LocalizedResources.dll","FileVersion":"21.220.1024.0005","Description":"Microsoft OneDrive","Product":"Microsoft OneDrive","Company":"Microsoft Corporation","OriginalFileName":"FileSync.LocalizedResources.dll.mui","Hashes":"SHA1=DB348E1137C1C431CB25E56638850F513275224A,MD5=37E9780E7618A097317726DF02CDB860,SHA256=7DC6628CE19EDC229CD941038D1C4F5829E679FBDC3CF187687879B105448255,IMPHASH=00000000000000000000000000000000","Signed":"true","Signature":"Microsoft Corporation","SignatureStatus":"Valid","User":"STACKEDPADS\\tim.smith","EventReceivedTime":1657287742,"SourceModuleName":"in_sysmon","SourceModuleType":"im_msvistalog"}
<14>Jul  8 13:42:22 wrk-shasek.stackedpads.local Microsoft-Windows-Sysmon[2568]: {"EventTime":1657287741,"Hostname":"wrk-shasek.stackedpads.local","Keywords":-9223372036854775808,"EventType":"INFO","SeverityValue":2,"Severity":"INFO","EventID":7,"SourceName":"Microsoft-Windows-Sysmon","ProviderGuid":"{5770385F-C22A-43E0-BF4C-06F5698FFBD9}","Version":3,"Task":7,"OpcodeValue":0,"RecordNumber":72847,"ProcessID":2568,"ThreadID":3316,"Channel":"Microsoft-Windows-Sysmon/Operational","Domain":"NT AUTHORITY","AccountName":"SYSTEM","UserID":"S-1-5-18","AccountType":"User","Message":"Image loaded:\r\nRuleName: technique_id=T1073,technique_name=DLL Side-Loading\r\nUtcTime: 2022-07-08 13:42:21.027\r\nProcessGuid: {6b7cbb53-343b-62c8-f100-000000000e00}\r\nProcessId: 6516\r\nImage: C:\\Users\\tim.smith\\AppData\\Local\\Microsoft\\OneDrive\\OneDrive.exe\r\nImageLoaded: C:\\Users\\tim.smith\\AppData\\Local\\Microsoft\\OneDrive\\21.220.1024.0005\\platforms\\qwindows.dll\r\nFileVersion: 5.14.1.0\r\nDescription: C++ Application Development Framework\r\nProduct: Qt5\r\nCompany: The Qt Company Ltd.\r\nOriginalFileName: qwindows.dll\r\nHashes: SHA1=BFA0809B9E2F72B2B5428CB536F2476A995D6C9F,MD5=F23B8096698C992BD15DCED971751CAB,SHA256=0D7277D79AF7C2960364F6F3B67EBF32940E8A12A3B643B455C27316A1A1B3AB,IMPHASH=8C02A1DCEBCFA490B6B3BE2D2246547E\r\nSigned: true\r\nSignature: Microsoft Corporation\r\nSignatureStatus: Valid\r\nUser: STACKEDPADS\\tim.smith","Category":"Image loaded (rule: ImageLoad)","Opcode":"Info","RuleName":"technique_id=T1073,technique_name=DLL Side-Loading","UtcTime":"2022-07-08 13:42:21.027","ProcessGuid":"{6b7cbb53-343b-62c8-f100-000000000e00}","Image":"C:\\Users\\tim.smith\\AppData\\Local\\Microsoft\\OneDrive\\OneDrive.exe","ImageLoaded":"C:\\Users\\tim.smith\\AppData\\Local\\Microsoft\\OneDrive\\21.220.1024.0005\\platforms\\qwindows.dll","FileVersion":"5.14.1.0","Description":"C++ Application Development Framework","Product":"Qt5","Company":"The Qt Company Ltd.","OriginalFileName":"qwindows.dll","Hashes":"SHA1=BFA0809B9E2F72B2B5428CB536F2476A995D6C9F,MD5=F23B8096698C992BD15DCED971751CAB,SHA256=0D7277D79AF7C2960364F6F3B67EBF32940E8A12A3B643B455C27316A1A1B3AB,IMPHASH=8C02A1DCEBCFA490B6B3BE2D2246547E","Signed":"true","Signature":"Microsoft Corporation","SignatureStatus":"Valid","User":"STACKEDPADS\\tim.smith","EventReceivedTime":1657287742,"SourceModuleName":"in_sysmon","SourceModuleType":"im_msvistalog"}
