<14>Jul  8 13:41:12 activedir.stackedpads.local Microsoft-Windows-Sysmon[3224]: {"EventTime":1657287670,"Hostname":"activedir.stackedpads.local","Keywords":-9223372036854775808,"EventType":"INFO","SeverityValue":2,"Severity":"INFO","EventID":13,"SourceName":"Microsoft-Windows-Sysmon","ProviderGuid":"{5770385F-C22A-43E0-BF4C-06F5698FFBD9}","Version":2,"Task":13,"OpcodeValue":0,"RecordNumber":278332,"ProcessID":3224,"ThreadID":4128,"Channel":"Microsoft-Windows-Sysmon/Operational","Domain":"NT AUTHORITY","AccountName":"SYSTEM","UserID":"S-1-5-18","AccountType":"User","Message":"Registry value set:\r\nRuleName: technique_id=T1543,technique_name=Service Creation\r\nEventType: SetValue\r\nUtcTime: 2022-07-08 13:41:10.112\r\nProcessGuid: {3be6fa21-33e8-62c8-ec00-000000001100}\r\nProcessId: 3528\r\nImage: C:\\Windows\\Explorer.EXE\r\nTargetObject: HKLM\\System\\CurrentControlSet\\Services\\bam\\State\\UserSettings\\S-1-5-21-2264196694-1469429678-912427992-1104\\\\Device\\HarddiskVolume3\\Windows\\System32\\cmd.exe\r\nDetails: Binary Data\r\nUser: STACKEDPADS\\frank.kolzig","Category":"Registry value set (rule: RegistryEvent)","Opcode":"Info","RuleName":"technique_id=T1543,technique_name=Service Creation","UtcTime":"2022-07-08 13:41:10.112","ProcessGuid":"{3be6fa21-33e8-62c8-ec00-000000001100}","Image":"C:\\Windows\\Explorer.EXE","TargetObject":"HKLM\\System\\CurrentControlSet\\Services\\bam\\State\\UserSettings\\S-1-5-21-2264196694-1469429678-912427992-1104\\\\Device\\HarddiskVolume3\\Windows\\System32\\cmd.exe","Details":"Binary Data","User":"STACKEDPADS\\frank.kolzig","EventReceivedTime":1657287672,"SourceModuleName":"in_sysmon","SourceModuleType":"im_msvistalog"}
<14>Jul  8 13:41:12 activedir.stackedpads.local Microsoft-Windows-Sysmon[3224]: {"EventTime":1657287670,"Hostname":"activedir.stackedpads.local","Keywords":-9223372036854775808,"EventType":"INFO","SeverityValue":2,"Severity":"INFO","EventID":13,"SourceName":"Microsoft-Windows-Sysmon","ProviderGuid":"{5770385F-C22A-43E0-BF4C-06F5698FFBD9}","Version":2,"Task":13,"OpcodeValue":0,"RecordNumber":278336,"ProcessID":3224,"ThreadID":4128,"Channel":"Microsoft-Windows-Sysmon/Operational","Domain":"NT AUTHORITY","AccountName":"SYSTEM","UserID":"S-1-5-18","AccountType":"User","Message":"Registry value set:\r\nRuleName: technique_id=T1543,technique_name=Service Creation\r\nEventType: SetValue\r\nUtcTime: 2022-07-08 13:41:10.351\r\nProcessGuid: {3be6fa21-33f6-62c8-0101-000000001100}\r\nProcessId: 6172\r\nImage: C:\\Windows\\system32\\cmd.exe\r\nTargetObject: HKLM\\System\\CurrentControlSet\\Services\\bam\\State\\UserSettings\\S-1-5-21-2264196694-1469429678-912427992-1104\\\\Device\\HarddiskVolume3\\Windows\\System32\\cmd.exe\r\nDetails: Binary Data\r\nUser: STACKEDPADS\\frank.kolzig","Category":"Registry value set (rule: RegistryEvent)","Opcode":"Info","RuleName":"technique_id=T1543,technique_name=Service Creation","UtcTime":"2022-07-08 13:41:10.351","ProcessGuid":"{3be6fa21-33f6-62c8-0101-000000001100}","Image":"C:\\Windows\\system32\\cmd.exe","TargetObject":"HKLM\\System\\CurrentControlSet\\Services\\bam\\State\\UserSettings\\S-1-5-21-2264196694-1469429678-912427992-1104\\\\Device\\HarddiskVolume3\\Windows\\System32\\cmd.exe","Details":"Binary Data","User":"STACKEDPADS\\frank.kolzig","EventReceivedTime":1657287672,"SourceModuleName":"in_sysmon","SourceModuleType":"im_msvistalog"}
<14>Jul  8 13:41:12 activedir.stackedpads.local Microsoft-Windows-Sysmon[3224]: {"EventTime":1657287670,"Hostname":"activedir.stackedpads.local","Keywords":-9223372036854775808,"EventType":"INFO","SeverityValue":2,"Severity":"INFO","EventID":13,"SourceName":"Microsoft-Windows-Sysmon","ProviderGuid":"{5770385F-C22A-43E0-BF4C-06F5698FFBD9}","Version":2,"Task":13,"OpcodeValue":0,"RecordNumber":278334,"ProcessID":3224,"ThreadID":4128,"Channel":"Microsoft-Windows-Sysmon/Operational","Domain":"NT AUTHORITY","AccountName":"SYSTEM","UserID":"S-1-5-18","AccountType":"User","Message":"Registry value set:\r\nRuleName: technique_id=T1543,technique_name=Service Creation\r\nEventType: SetValue\r\nUtcTime: 2022-07-08 13:41:10.144\r\nProcessGuid: {3be6fa21-33f6-62c8-0101-000000001100}\r\nProcessId: 6172\r\nImage: C:\\Windows\\system32\\cmd.exe\r\nTargetObject: HKLM\\System\\CurrentControlSet\\Services\\bam\\State\\UserSettings\\S-1-5-21-2264196694-1469429678-912427992-1104\\\\Device\\HarddiskVolume3\\Windows\\System32\\conhost.exe\r\nDetails: Binary Data\r\nUser: STACKEDPADS\\frank.kolzig","Category":"Registry value set (rule: RegistryEvent)","Opcode":"Info","RuleName":"technique_id=T1543,technique_name=Service Creation","UtcTime":"2022-07-08 13:41:10.144","ProcessGuid":"{3be6fa21-33f6-62c8-0101-000000001100}","Image":"C:\\Windows\\system32\\cmd.exe","TargetObject":"HKLM\\System\\CurrentControlSet\\Services\\bam\\State\\UserSettings\\S-1-5-21-2264196694-1469429678-912427992-1104\\\\Device\\HarddiskVolume3\\Windows\\System32\\conhost.exe","Details":"Binary Data","User":"STACKEDPADS\\frank.kolzig","EventReceivedTime":1657287672,"SourceModuleName":"in_sysmon","SourceModuleType":"im_msvistalog"}
<14>Jul  8 13:41:12 activedir.stackedpads.local Microsoft-Windows-Sysmon[3224]: {"EventTime":1657287670,"Hostname":"activedir.stackedpads.local","Keywords":-9223372036854775808,"EventType":"INFO","SeverityValue":2,"Severity":"INFO","EventID":13,"SourceName":"Microsoft-Windows-Sysmon","ProviderGuid":"{5770385F-C22A-43E0-BF4C-06F5698FFBD9}","Version":2,"Task":13,"OpcodeValue":0,"RecordNumber":278337,"ProcessID":3224,"ThreadID":4128,"Channel":"Microsoft-Windows-Sysmon/Operational","Domain":"NT AUTHORITY","AccountName":"SYSTEM","UserID":"S-1-5-18","AccountType":"User","Message":"Registry value set:\r\nRuleName: technique_id=T1543,technique_name=Service Creation\r\nEventType: SetValue\r\nUtcTime: 2022-07-08 13:41:10.351\r\nProcessGuid: {3be6fa21-33f6-62c8-0201-000000001100}\r\nProcessId: 5840\r\nImage: C:\\Windows\\system32\\conhost.exe\r\nTargetObject: HKLM\\System\\CurrentControlSet\\Services\\bam\\State\\UserSettings\\S-1-5-21-2264196694-1469429678-912427992-1104\\\\Device\\HarddiskVolume3\\Windows\\System32\\conhost.exe\r\nDetails: Binary Data\r\nUser: STACKEDPADS\\frank.kolzig","Category":"Registry value set (rule: RegistryEvent)","Opcode":"Info","RuleName":"technique_id=T1543,technique_name=Service Creation","UtcTime":"2022-07-08 13:41:10.351","ProcessGuid":"{3be6fa21-33f6-62c8-0201-000000001100}","Image":"C:\\Windows\\system32\\conhost.exe","TargetObject":"HKLM\\System\\CurrentControlSet\\Services\\bam\\State\\UserSettings\\S-1-5-21-2264196694-1469429678-912427992-1104\\\\Device\\HarddiskVolume3\\Windows\\System32\\conhost.exe","Details":"Binary Data","User":"STACKEDPADS\\frank.kolzig","EventReceivedTime":1657287672,"SourceModuleName":"in_sysmon","SourceModuleType":"im_msvistalog"}
<14>Jul  8 13:41:12 activedir.stackedpads.local Microsoft-Windows-Sysmon[3224]: {"EventTime":1657287670,"Hostname":"activedir.stackedpads.local","Keywords":-9223372036854775808,"EventType":"INFO","SeverityValue":2,"Severity":"INFO","EventID":12,"SourceName":"Microsoft-Windows-Sysmon","ProviderGuid":"{5770385F-C22A-43E0-BF4C-06F5698FFBD9}","Version":2,"Task":12,"OpcodeValue":0,"RecordNumber":278335,"ProcessID":3224,"ThreadID":4128,"Channel":"Microsoft-Windows-Sysmon/Operational","Domain":"NT AUTHORITY","AccountName":"SYSTEM","UserID":"S-1-5-18","AccountType":"User","Message":"Registry object added or deleted:\r\nRuleName: technique_id=T1003,technique_name=Credential Dumping\r\nEventType: CreateKey\r\nUtcTime: 2022-07-08 13:41:10.320\r\nProcessGuid: {3be6fa21-33f5-62c8-ff00-000000001100}\r\nProcessId: 6380\r\nImage: C:\\Windows\\System32\\smartscreen.exe\r\nTargetObject: HKLM\\System\\CurrentControlSet\\Control\\SecurityProviders\\SCHANNEL\r\nUser: STACKEDPADS\\frank.kolzig","Category":"Registry object added or deleted (rule: RegistryEvent)","Opcode":"Info","RuleName":"technique_id=T1003,technique_name=Credential Dumping","UtcTime":"2022-07-08 13:41:10.320","ProcessGuid":"{3be6fa21-33f5-62c8-ff00-000000001100}","Image":"C:\\Windows\\System32\\smartscreen.exe","TargetObject":"HKLM\\System\\CurrentControlSet\\Control\\SecurityProviders\\SCHANNEL","User":"STACKEDPADS\\frank.kolzig","EventReceivedTime":1657287672,"SourceModuleName":"in_sysmon","SourceModuleType":"im_msvistalog"}
<14>Jul  8 13:41:15 wrk-shasek.stackedpads.local Microsoft-Windows-Sysmon[2568]: {"EventTime":1657287673,"Hostname":"wrk-shasek.stackedpads.local","Keywords":-9223372036854775808,"EventType":"INFO","SeverityValue":2,"Severity":"INFO","EventID":11,"SourceName":"Microsoft-Windows-Sysmon","ProviderGuid":"{5770385F-C22A-43E0-BF4C-06F5698FFBD9}","Version":2,"Task":11,"OpcodeValue":0,"RecordNumber":72422,"ProcessID":2568,"ThreadID":3284,"Channel":"Microsoft-Windows-Sysmon/Operational","Domain":"NT AUTHORITY","AccountName":"SYSTEM","UserID":"S-1-5-18","AccountType":"User","Message":"File created:\r\nRuleName: -\r\nUtcTime: 2022-07-08 13:41:13.987\r\nProcessGuid: {6b7cbb53-316d-62c8-1500-000000000e00}\r\nProcessId: 712\r\nImage: C:\\Windows\\System32\\svchost.exe\r\nTargetFilename: C:\\Windows\\Prefetch\\SVCHOST.EXE-67EC2DA7.pf\r\nCreationUtcTime: 2022-07-06 21:32:02.146\r\nUser: NT AUTHORITY\\SYSTEM","Category":"File created (rule: FileCreate)","Opcode":"Info","RuleName":"-","UtcTime":"2022-07-08 13:41:13.987","ProcessGuid":"{6b7cbb53-316d-62c8-1500-000000000e00}","Image":"C:\\Windows\\System32\\svchost.exe","TargetFilename":"C:\\Windows\\Prefetch\\SVCHOST.EXE-67EC2DA7.pf","CreationUtcTime":"2022-07-06 21:32:02.146","User":"NT AUTHORITY\\SYSTEM","EventReceivedTime":1657287675,"SourceModuleName":"in_sysmon","SourceModuleType":"im_msvistalog"}
<14>Jul  8 13:41:17 wrk-shasek.stackedpads.local Microsoft-Windows-Sysmon[2568]: {"EventTime":1657287675,"Hostname":"wrk-shasek.stackedpads.local","Keywords":-9223372036854775808,"EventType":"INFO","SeverityValue":2,"Severity":"INFO","EventID":13,"SourceName":"Microsoft-Windows-Sysmon","ProviderGuid":"{5770385F-C22A-43E0-BF4C-06F5698FFBD9}","Version":2,"Task":13,"OpcodeValue":0,"RecordNumber":72424,"ProcessID":2568,"ThreadID":3284,"Channel":"Microsoft-Windows-Sysmon/Operational","Domain":"NT AUTHORITY","AccountName":"SYSTEM","UserID":"S-1-5-18","AccountType":"User","Message":"Registry value set:\r\nRuleName: technique_id=T1053,technique_name=Scheduled Task\r\nEventType: SetValue\r\nUtcTime: 2022-07-08 13:41:15.411\r\nProcessGuid: {6b7cbb53-316d-62c8-1300-000000000e00}\r\nProcessId: 396\r\nImage: C:\\Windows\\system32\\svchost.exe\r\nTargetObject: HKLM\\SOFTWARE\\Microsoft\\Windows NT\\CurrentVersion\\Schedule\\TaskCache\\Tree\\Microsoft\\Windows\\SoftwareProtectionPlatform\\SvcRestartTask\\Index\r\nDetails: DWORD (0x00000003)\r\nUser: NT AUTHORITY\\SYSTEM","Category":"Registry value set (rule: RegistryEvent)","Opcode":"Info","RuleName":"technique_id=T1053,technique_name=Scheduled Task","UtcTime":"2022-07-08 13:41:15.411","ProcessGuid":"{6b7cbb53-316d-62c8-1300-000000000e00}","Image":"C:\\Windows\\system32\\svchost.exe","TargetObject":"HKLM\\SOFTWARE\\Microsoft\\Windows NT\\CurrentVersion\\Schedule\\TaskCache\\Tree\\Microsoft\\Windows\\SoftwareProtectionPlatform\\SvcRestartTask\\Index","Details":"DWORD (0x00000003)","User":"NT AUTHORITY\\SYSTEM","EventReceivedTime":1657287677,"SourceModuleName":"in_sysmon","SourceModuleType":"im_msvistalog"}
<14>Jul  8 13:41:17 wrk-shasek.stackedpads.local Microsoft-Windows-Sysmon[2568]: {"EventTime":1657287675,"Hostname":"wrk-shasek.stackedpads.local","Keywords":-9223372036854775808,"EventType":"INFO","SeverityValue":2,"Severity":"INFO","EventID":7,"SourceName":"Microsoft-Windows-Sysmon","ProviderGuid":"{5770385F-C22A-43E0-BF4C-06F5698FFBD9}","Version":3,"Task":7,"OpcodeValue":0,"RecordNumber":72423,"ProcessID":2568,"ThreadID":3284,"Channel":"Microsoft-Windows-Sysmon/Operational","Domain":"NT AUTHORITY","AccountName":"SYSTEM","UserID":"S-1-5-18","AccountType":"User","Message":"Image loaded:\r\nRuleName: technique_id=T1053,technique_name=Scheduled Task\r\nUtcTime: 2022-07-08 13:41:15.411\r\nProcessGuid: {6b7cbb53-33da-62c8-c100-000000000e00}\r\nProcessId: 7084\r\nImage: C:\\Windows\\System32\\sppsvc.exe\r\nImageLoaded: C:\\Windows\\System32\\taskschd.dll\r\nFileVersion: 10.0.19041.1266 (WinBuild.160101.0800)\r\nDescription: Task Scheduler COM API\r\nProduct: Microsoft® Windows® Operating System\r\nCompany: Microsoft Corporation\r\nOriginalFileName: taskschd.dll\r\nHashes: SHA1=27EFA81247501EBA6603842F476C899B5DAAB8C7,MD5=49E93FA14D4E09AAFD418AB616AD1BB1,SHA256=35E3F44C587DE8BFF62095E768C77E12E2C522FB7EFD038FFFCC0DD2AE960A57,IMPHASH=B7A4477FA36E2E5287EE76AC4AFCB05B\r\nSigned: true\r\nSignature: Microsoft Windows\r\nSignatureStatus: Valid\r\nUser: NT AUTHORITY\\NETWORK SERVICE","Category":"Image loaded (rule: ImageLoad)","Opcode":"Info","RuleName":"technique_id=T1053,technique_name=Scheduled Task","UtcTime":"2022-07-08 13:41:15.411","ProcessGuid":"{6b7cbb53-33da-62c8-c100-000000000e00}","Image":"C:\\Windows\\System32\\sppsvc.exe","ImageLoaded":"C:\\Windows\\System32\\taskschd.dll","FileVersion":"10.0.19041.1266 (WinBuild.160101.0800)","Description":"Task Scheduler COM API","Product":"Microsoft® Windows® Operating System","Company":"Microsoft Corporation","OriginalFileName":"taskschd.dll","Hashes":"SHA1=27EFA81247501EBA6603842F476C899B5DAAB8C7,MD5=49E93FA14D4E09AAFD418AB616AD1BB1,SHA256=35E3F44C587DE8BFF62095E768C77E12E2C522FB7EFD038FFFCC0DD2AE960A57,IMPHASH=B7A4477FA36E2E5287EE76AC4AFCB05B","Signed":"true","Signature":"Microsoft Windows","SignatureStatus":"Valid","User":"NT AUTHORITY\\NETWORK SERVICE","EventReceivedTime":1657287677,"SourceModuleName":"in_sysmon","SourceModuleType":"im_msvistalog"}
<14>Jul  8 13:41:28 activedir.stackedpads.local Microsoft-Windows-Sysmon[3224]: {"EventTime":1657287686,"Hostname":"activedir.stackedpads.local","Keywords":-9223372036854775808,"EventType":"INFO","SeverityValue":2,"Severity":"INFO","EventID":11,"SourceName":"Microsoft-Windows-Sysmon","ProviderGuid":"{5770385F-C22A-43E0-BF4C-06F5698FFBD9}","Version":2,"Task":11,"OpcodeValue":0,"RecordNumber":278338,"ProcessID":3224,"ThreadID":4128,"Channel":"Microsoft-Windows-Sysmon/Operational","Domain":"NT AUTHORITY","AccountName":"SYSTEM","UserID":"S-1-5-18","AccountType":"User","Message":"File created:\r\nRuleName: -\r\nUtcTime: 2022-07-08 13:41:26.686\r\nProcessGuid: {3be6fa21-33ea-62c8-ee00-000000001100}\r\nProcessId: 5652\r\nImage: C:\\Windows\\SystemApps\\Microsoft.Windows.Cortana_cw5n1h2txyewy\\SearchUI.exe\r\nTargetFilename: C:\\Users\\fkolzig\\AppData\\Local\\Packages\\Microsoft.Windows.Cortana_cw5n1h2txyewy\\AC\\Microsoft\\Internet Explorer\\DOMStore\\NLIY1M82\\microsoft.windows[1].xml\r\nCreationUtcTime: 2022-06-06 19:53:00.999\r\nUser: STACKEDPADS\\frank.kolzig","Category":"File created (rule: FileCreate)","Opcode":"Info","RuleName":"-","UtcTime":"2022-07-08 13:41:26.686","ProcessGuid":"{3be6fa21-33ea-62c8-ee00-000000001100}","Image":"C:\\Windows\\SystemApps\\Microsoft.Windows.Cortana_cw5n1h2txyewy\\SearchUI.exe","TargetFilename":"C:\\Users\\fkolzig\\AppData\\Local\\Packages\\Microsoft.Windows.Cortana_cw5n1h2txyewy\\AC\\Microsoft\\Internet Explorer\\DOMStore\\NLIY1M82\\microsoft.windows[1].xml","CreationUtcTime":"2022-06-06 19:53:00.999","User":"STACKEDPADS\\frank.kolzig","EventReceivedTime":1657287688,"SourceModuleName":"in_sysmon","SourceModuleType":"im_msvistalog"}
<14>Jul  8 13:41:28 activedir.stackedpads.local Microsoft-Windows-Sysmon[3224]: {"EventTime":1657287686,"Hostname":"activedir.stackedpads.local","Keywords":-9223372036854775808,"EventType":"INFO","SeverityValue":2,"Severity":"INFO","EventID":11,"SourceName":"Microsoft-Windows-Sysmon","ProviderGuid":"{5770385F-C22A-43E0-BF4C-06F5698FFBD9}","Version":2,"Task":11,"OpcodeValue":0,"RecordNumber":278339,"ProcessID":3224,"ThreadID":4128,"Channel":"Microsoft-Windows-Sysmon/Operational","Domain":"NT AUTHORITY","AccountName":"SYSTEM","UserID":"S-1-5-18","AccountType":"User","Message":"File created:\r\nRuleName: -\r\nUtcTime: 2022-07-08 13:41:26.702\r\nProcessGuid: {3be6fa21-33ea-62c8-ee00-000000001100}\r\nProcessId: 5652\r\nImage: C:\\Windows\\SystemApps\\Microsoft.Windows.Cortana_cw5n1h2txyewy\\SearchUI.exe\r\nTargetFilename: C:\\Users\\fkolzig\\AppData\\Local\\Packages\\Microsoft.Windows.Cortana_cw5n1h2txyewy\\AC\\Microsoft\\Internet Explorer\\DOMStore\\NLIY1M82\\microsoft.windows[1].xml\r\nCreationUtcTime: 2022-06-06 19:53:00.999\r\nUser: STACKEDPADS\\frank.kolzig","Category":"File created (rule: FileCreate)","Opcode":"Info","RuleName":"-","UtcTime":"2022-07-08 13:41:26.702","ProcessGuid":"{3be6fa21-33ea-62c8-ee00-000000001100}","Image":"C:\\Windows\\SystemApps\\Microsoft.Windows.Cortana_cw5n1h2txyewy\\SearchUI.exe","TargetFilename":"C:\\Users\\fkolzig\\AppData\\Local\\Packages\\Microsoft.Windows.Cortana_cw5n1h2txyewy\\AC\\Microsoft\\Internet Explorer\\DOMStore\\NLIY1M82\\microsoft.windows[1].xml","CreationUtcTime":"2022-06-06 19:53:00.999","User":"STACKEDPADS\\frank.kolzig","EventReceivedTime":1657287688,"SourceModuleName":"in_sysmon","SourceModuleType":"im_msvistalog"}
<14>Jul  8 13:41:28 activedir.stackedpads.local Microsoft-Windows-Sysmon[3224]: {"EventTime":1657287687,"Hostname":"activedir.stackedpads.local","Keywords":-9223372036854775808,"EventType":"INFO","SeverityValue":2,"Severity":"INFO","EventID":11,"SourceName":"Microsoft-Windows-Sysmon","ProviderGuid":"{5770385F-C22A-43E0-BF4C-06F5698FFBD9}","Version":2,"Task":11,"OpcodeValue":0,"RecordNumber":278342,"ProcessID":3224,"ThreadID":4128,"Channel":"Microsoft-Windows-Sysmon/Operational","Domain":"NT AUTHORITY","AccountName":"SYSTEM","UserID":"S-1-5-18","AccountType":"User","Message":"File created:\r\nRuleName: -\r\nUtcTime: 2022-07-08 13:41:27.567\r\nProcessGuid: {3be6fa21-3407-62c8-0401-000000001100}\r\nProcessId: 7032\r\nImage: C:\\Windows\\system32\\DllHost.exe\r\nTargetFilename: C:\\Users\\fkolzig\\AppData\\Local\\Microsoft\\Internet Explorer\\CacheStorage\\.inUse\r\nCreationUtcTime: 2022-06-06 19:53:01.810\r\nUser: STACKEDPADS\\frank.kolzig","Category":"File created (rule: FileCreate)","Opcode":"Info","RuleName":"-","UtcTime":"2022-07-08 13:41:27.567","ProcessGuid":"{3be6fa21-3407-62c8-0401-000000001100}","Image":"C:\\Windows\\system32\\DllHost.exe","TargetFilename":"C:\\Users\\fkolzig\\AppData\\Local\\Microsoft\\Internet Explorer\\CacheStorage\\.inUse","CreationUtcTime":"2022-06-06 19:53:01.810","User":"STACKEDPADS\\frank.kolzig","EventReceivedTime":1657287688,"SourceModuleName":"in_sysmon","SourceModuleType":"im_msvistalog"}
<14>Jul  8 13:41:28 activedir.stackedpads.local Microsoft-Windows-Sysmon[3224]: {"EventTime":1657287686,"Hostname":"activedir.stackedpads.local","Keywords":-9223372036854775808,"EventType":"INFO","SeverityValue":2,"Severity":"INFO","EventID":13,"SourceName":"Microsoft-Windows-Sysmon","ProviderGuid":"{5770385F-C22A-43E0-BF4C-06F5698FFBD9}","Version":2,"Task":13,"OpcodeValue":0,"RecordNumber":278340,"ProcessID":3224,"ThreadID":4128,"Channel":"Microsoft-Windows-Sysmon/Operational","Domain":"NT AUTHORITY","AccountName":"SYSTEM","UserID":"S-1-5-18","AccountType":"User","Message":"Registry value set:\r\nRuleName: technique_id=T1543,technique_name=Service Creation\r\nEventType: SetValue\r\nUtcTime: 2022-07-08 13:41:26.749\r\nProcessGuid: {3be6fa21-31c6-62c8-0e00-000000001100}\r\nProcessId: 872\r\nImage: C:\\Windows\\system32\\svchost.exe\r\nTargetObject: HKLM\\System\\CurrentControlSet\\Services\\bam\\State\\UserSettings\\S-1-5-21-2264196694-1469429678-912427992-1104\\\\Device\\HarddiskVolume3\\Windows\\System32\\dllhost.exe\r\nDetails: Binary Data\r\nUser: NT AUTHORITY\\SYSTEM","Category":"Registry value set (rule: RegistryEvent)","Opcode":"Info","RuleName":"technique_id=T1543,technique_name=Service Creation","UtcTime":"2022-07-08 13:41:26.749","ProcessGuid":"{3be6fa21-31c6-62c8-0e00-000000001100}","Image":"C:\\Windows\\system32\\svchost.exe","TargetObject":"HKLM\\System\\CurrentControlSet\\Services\\bam\\State\\UserSettings\\S-1-5-21-2264196694-1469429678-912427992-1104\\\\Device\\HarddiskVolume3\\Windows\\System32\\dllhost.exe","Details":"Binary Data","User":"NT AUTHORITY\\SYSTEM","EventReceivedTime":1657287688,"SourceModuleName":"in_sysmon","SourceModuleType":"im_msvistalog"}
<14>Jul  8 13:41:28 activedir.stackedpads.local Microsoft-Windows-Sysmon[3224]: {"EventTime":1657287687,"Hostname":"activedir.stackedpads.local","Keywords":-9223372036854775808,"EventType":"INFO","SeverityValue":2,"Severity":"INFO","EventID":13,"SourceName":"Microsoft-Windows-Sysmon","ProviderGuid":"{5770385F-C22A-43E0-BF4C-06F5698FFBD9}","Version":2,"Task":13,"OpcodeValue":0,"RecordNumber":278341,"ProcessID":3224,"ThreadID":4128,"Channel":"Microsoft-Windows-Sysmon/Operational","Domain":"NT AUTHORITY","AccountName":"SYSTEM","UserID":"S-1-5-18","AccountType":"User","Message":"Registry value set:\r\nRuleName: technique_id=T1543,technique_name=Service Creation\r\nEventType: SetValue\r\nUtcTime: 2022-07-08 13:41:27.012\r\nProcessGuid: {3be6fa21-31c6-62c8-0e00-000000001100}\r\nProcessId: 872\r\nImage: C:\\Windows\\system32\\svchost.exe\r\nTargetObject: HKLM\\System\\CurrentControlSet\\Services\\bam\\State\\UserSettings\\S-1-5-21-2264196694-1469429678-912427992-1104\\\\Device\\HarddiskVolume3\\Windows\\System32\\dllhost.exe\r\nDetails: Binary Data\r\nUser: NT AUTHORITY\\SYSTEM","Category":"Registry value set (rule: RegistryEvent)","Opcode":"Info","RuleName":"technique_id=T1543,technique_name=Service Creation","UtcTime":"2022-07-08 13:41:27.012","ProcessGuid":"{3be6fa21-31c6-62c8-0e00-000000001100}","Image":"C:\\Windows\\system32\\svchost.exe","TargetObject":"HKLM\\System\\CurrentControlSet\\Services\\bam\\State\\UserSettings\\S-1-5-21-2264196694-1469429678-912427992-1104\\\\Device\\HarddiskVolume3\\Windows\\System32\\dllhost.exe","Details":"Binary Data","User":"NT AUTHORITY\\SYSTEM","EventReceivedTime":1657287688,"SourceModuleName":"in_sysmon","SourceModuleType":"im_msvistalog"}
<14>Jul  8 13:41:29 activedir.stackedpads.local Microsoft-Windows-Sysmon[3224]: {"EventTime":1657287687,"Hostname":"activedir.stackedpads.local","Keywords":-9223372036854775808,"EventType":"INFO","SeverityValue":2,"Severity":"INFO","EventID":1,"SourceName":"Microsoft-Windows-Sysmon","ProviderGuid":"{5770385F-C22A-43E0-BF4C-06F5698FFBD9}","Version":5,"Task":1,"OpcodeValue":0,"RecordNumber":278344,"ProcessID":3224,"ThreadID":4128,"Channel":"Microsoft-Windows-Sysmon/Operational","Domain":"NT AUTHORITY","AccountName":"SYSTEM","UserID":"S-1-5-18","AccountType":"User","Message":"Process Create:\r\nRuleName: technique_id=T1204,technique_name=User Execution\r\nUtcTime: 2022-07-08 13:41:27.689\r\nProcessGuid: {3be6fa21-3407-62c8-0501-000000001100}\r\nProcessId: 1888\r\nImage: C:\\Windows\\System32\\cmd.exe\r\nFileVersion: 10.0.17763.1697 (WinBuild.160101.0800)\r\nDescription: Windows Command Processor\r\nProduct: Microsoft® Windows® Operating System\r\nCompany: Microsoft Corporation\r\nOriginalFileName: Cmd.Exe\r\nCommandLine: \"C:\\Windows\\system32\\cmd.exe\" \r\nCurrentDirectory: C:\\Users\\fkolzig\\\r\nUser: STACKEDPADS\\frank.kolzig\r\nLogonGuid: {3be6fa21-33e5-62c8-7a30-160000000000}\r\nLogonId: 0x16307A\r\nTerminalSessionId: 3\r\nIntegrityLevel: Medium\r\nHashes: SHA1=DED8FD7F36417F66EB6ADA10E0C0D7C0022986E9,MD5=911D039E71583A07320B32BDE22F8E22,SHA256=BC866CFCDDA37E24DC2634DC282C7A0E6F55209DA17A8FA105B07414C0E7C527,IMPHASH=272245E2988E1E430500B852C4FB5E18\r\nParentProcessGuid: {3be6fa21-33e8-62c8-ec00-000000001100}\r\nParentProcessId: 3528\r\nParentImage: C:\\Windows\\explorer.exe\r\nParentCommandLine: C:\\Windows\\Explorer.EXE\r\nParentUser: STACKEDPADS\\frank.kolzig","Category":"Process Create (rule: ProcessCreate)","Opcode":"Info","RuleName":"technique_id=T1204,technique_name=User Execution","UtcTime":"2022-07-08 13:41:27.689","ProcessGuid":"{3be6fa21-3407-62c8-0501-000000001100}","Image":"C:\\Windows\\System32\\cmd.exe","FileVersion":"10.0.17763.1697 (WinBuild.160101.0800)","Description":"Windows Command Processor","Product":"Microsoft® Windows® Operating System","Company":"Microsoft Corporation","OriginalFileName":"Cmd.Exe","CommandLine":"\"C:\\Windows\\system32\\cmd.exe\" ","CurrentDirectory":"C:\\Users\\fkolzig\\","User":"STACKEDPADS\\frank.kolzig","LogonGuid":"{3be6fa21-33e5-62c8-7a30-160000000000}","LogonId":"0x16307a","TerminalSessionId":"3","IntegrityLevel":"Medium","Hashes":"SHA1=DED8FD7F36417F66EB6ADA10E0C0D7C0022986E9,MD5=911D039E71583A07320B32BDE22F8E22,SHA256=BC866CFCDDA37E24DC2634DC282C7A0E6F55209DA17A8FA105B07414C0E7C527,IMPHASH=272245E2988E1E430500B852C4FB5E18","ParentProcessGuid":"{3be6fa21-33e8-62c8-ec00-000000001100}","ParentProcessId":"3528","ParentImage":"C:\\Windows\\explorer.exe","ParentCommandLine":"C:\\Windows\\Explorer.EXE","ParentUser":"STACKEDPADS\\frank.kolzig","EventReceivedTime":1657287689,"SourceModuleName":"in_sysmon","SourceModuleType":"im_msvistalog"}
<14>Jul  8 13:41:29 activedir.stackedpads.local Microsoft-Windows-Sysmon[3224]: {"EventTime":1657287687,"Hostname":"activedir.stackedpads.local","Keywords":-9223372036854775808,"EventType":"INFO","SeverityValue":2,"Severity":"INFO","EventID":13,"SourceName":"Microsoft-Windows-Sysmon","ProviderGuid":"{5770385F-C22A-43E0-BF4C-06F5698FFBD9}","Version":2,"Task":13,"OpcodeValue":0,"RecordNumber":278343,"ProcessID":3224,"ThreadID":4128,"Channel":"Microsoft-Windows-Sysmon/Operational","Domain":"NT AUTHORITY","AccountName":"SYSTEM","UserID":"S-1-5-18","AccountType":"User","Message":"Registry value set:\r\nRuleName: technique_id=T1543,technique_name=Service Creation\r\nEventType: SetValue\r\nUtcTime: 2022-07-08 13:41:27.694\r\nProcessGuid: {3be6fa21-33e8-62c8-ec00-000000001100}\r\nProcessId: 3528\r\nImage: C:\\Windows\\Explorer.EXE\r\nTargetObject: HKLM\\System\\CurrentControlSet\\Services\\bam\\State\\UserSettings\\S-1-5-21-2264196694-1469429678-912427992-1104\\\\Device\\HarddiskVolume3\\Windows\\System32\\cmd.exe\r\nDetails: Binary Data\r\nUser: STACKEDPADS\\frank.kolzig","Category":"Registry value set (rule: RegistryEvent)","Opcode":"Info","RuleName":"technique_id=T1543,technique_name=Service Creation","UtcTime":"2022-07-08 13:41:27.694","ProcessGuid":"{3be6fa21-33e8-62c8-ec00-000000001100}","Image":"C:\\Windows\\Explorer.EXE","TargetObject":"HKLM\\System\\CurrentControlSet\\Services\\bam\\State\\UserSettings\\S-1-5-21-2264196694-1469429678-912427992-1104\\\\Device\\HarddiskVolume3\\Windows\\System32\\cmd.exe","Details":"Binary Data","User":"STACKEDPADS\\frank.kolzig","EventReceivedTime":1657287689,"SourceModuleName":"in_sysmon","SourceModuleType":"im_msvistalog"}
<14>Jul  8 13:41:29 activedir.stackedpads.local Microsoft-Windows-Sysmon[3224]: {"EventTime":1657287687,"Hostname":"activedir.stackedpads.local","Keywords":-9223372036854775808,"EventType":"INFO","SeverityValue":2,"Severity":"INFO","EventID":13,"SourceName":"Microsoft-Windows-Sysmon","ProviderGuid":"{5770385F-C22A-43E0-BF4C-06F5698FFBD9}","Version":2,"Task":13,"OpcodeValue":0,"RecordNumber":278345,"ProcessID":3224,"ThreadID":4128,"Channel":"Microsoft-Windows-Sysmon/Operational","Domain":"NT AUTHORITY","AccountName":"SYSTEM","UserID":"S-1-5-18","AccountType":"User","Message":"Registry value set:\r\nRuleName: technique_id=T1543,technique_name=Service Creation\r\nEventType: SetValue\r\nUtcTime: 2022-07-08 13:41:27.788\r\nProcessGuid: {3be6fa21-3407-62c8-0501-000000001100}\r\nProcessId: 1888\r\nImage: C:\\Windows\\system32\\cmd.exe\r\nTargetObject: HKLM\\System\\CurrentControlSet\\Services\\bam\\State\\UserSettings\\S-1-5-21-2264196694-1469429678-912427992-1104\\\\Device\\HarddiskVolume3\\Windows\\System32\\conhost.exe\r\nDetails: Binary Data\r\nUser: STACKEDPADS\\frank.kolzig","Category":"Registry value set (rule: RegistryEvent)","Opcode":"Info","RuleName":"technique_id=T1543,technique_name=Service Creation","UtcTime":"2022-07-08 13:41:27.788","ProcessGuid":"{3be6fa21-3407-62c8-0501-000000001100}","Image":"C:\\Windows\\system32\\cmd.exe","TargetObject":"HKLM\\System\\CurrentControlSet\\Services\\bam\\State\\UserSettings\\S-1-5-21-2264196694-1469429678-912427992-1104\\\\Device\\HarddiskVolume3\\Windows\\System32\\conhost.exe","Details":"Binary Data","User":"STACKEDPADS\\frank.kolzig","EventReceivedTime":1657287689,"SourceModuleName":"in_sysmon","SourceModuleType":"im_msvistalog"}
<14>Jul  8 13:41:34 activedir.stackedpads.local Microsoft-Windows-Sysmon[3224]: {"EventTime":1657287692,"Hostname":"activedir.stackedpads.local","Keywords":-9223372036854775808,"EventType":"INFO","SeverityValue":2,"Severity":"INFO","EventID":13,"SourceName":"Microsoft-Windows-Sysmon","ProviderGuid":"{5770385F-C22A-43E0-BF4C-06F5698FFBD9}","Version":2,"Task":13,"OpcodeValue":0,"RecordNumber":278346,"ProcessID":3224,"ThreadID":4128,"Channel":"Microsoft-Windows-Sysmon/Operational","Domain":"NT AUTHORITY","AccountName":"SYSTEM","UserID":"S-1-5-18","AccountType":"User","Message":"Registry value set:\r\nRuleName: technique_id=T1543,technique_name=Service Creation\r\nEventType: SetValue\r\nUtcTime: 2022-07-08 13:41:32.140\r\nProcessGuid: {3be6fa21-3406-62c8-0301-000000001100}\r\nProcessId: 1256\r\nImage: C:\\Windows\\system32\\DllHost.exe\r\nTargetObject: HKLM\\System\\CurrentControlSet\\Services\\bam\\State\\UserSettings\\S-1-5-21-2264196694-1469429678-912427992-1104\\\\Device\\HarddiskVolume3\\Windows\\System32\\dllhost.exe\r\nDetails: Binary Data\r\nUser: STACKEDPADS\\frank.kolzig","Category":"Registry value set (rule: RegistryEvent)","Opcode":"Info","RuleName":"technique_id=T1543,technique_name=Service Creation","UtcTime":"2022-07-08 13:41:32.140","ProcessGuid":"{3be6fa21-3406-62c8-0301-000000001100}","Image":"C:\\Windows\\system32\\DllHost.exe","TargetObject":"HKLM\\System\\CurrentControlSet\\Services\\bam\\State\\UserSettings\\S-1-5-21-2264196694-1469429678-912427992-1104\\\\Device\\HarddiskVolume3\\Windows\\System32\\dllhost.exe","Details":"Binary Data","User":"STACKEDPADS\\frank.kolzig","EventReceivedTime":1657287694,"SourceModuleName":"in_sysmon","SourceModuleType":"im_msvistalog"}
<14>Jul  8 13:41:35 activedir.stackedpads.local Microsoft-Windows-Sysmon[3224]: {"EventTime":1657287694,"Hostname":"activedir.stackedpads.local","Keywords":-9223372036854775808,"EventType":"INFO","SeverityValue":2,"Severity":"INFO","EventID":1,"SourceName":"Microsoft-Windows-Sysmon","ProviderGuid":"{5770385F-C22A-43E0-BF4C-06F5698FFBD9}","Version":5,"Task":1,"OpcodeValue":0,"RecordNumber":278347,"ProcessID":3224,"ThreadID":4128,"Channel":"Microsoft-Windows-Sysmon/Operational","Domain":"NT AUTHORITY","AccountName":"SYSTEM","UserID":"S-1-5-18","AccountType":"User","Message":"Process Create:\r\nRuleName: technique_id=T1033,technique_name=System Owner/User Discovery\r\nUtcTime: 2022-07-08 13:41:34.005\r\nProcessGuid: {3be6fa21-340e-62c8-0701-000000001100}\r\nProcessId: 4436\r\nImage: C:\\Windows\\System32\\whoami.exe\r\nFileVersion: 10.0.17763.1 (WinBuild.160101.0800)\r\nDescription: whoami - displays logged on user information\r\nProduct: Microsoft® Windows® Operating System\r\nCompany: Microsoft Corporation\r\nOriginalFileName: whoami.exe\r\nCommandLine: whoami\r\nCurrentDirectory: C:\\Users\\fkolzig\\\r\nUser: STACKEDPADS\\frank.kolzig\r\nLogonGuid: {3be6fa21-33e5-62c8-7a30-160000000000}\r\nLogonId: 0x16307A\r\nTerminalSessionId: 3\r\nIntegrityLevel: Medium\r\nHashes: SHA1=47D7864D26FC67E0D60391CBF170D33DA518C322,MD5=43C2D3293AD939241DF61B3630A9D3B6,SHA256=1D5491E3C468EE4B4EF6EDFF4BBC7D06EE83180F6F0B1576763EA2EFE049493A,IMPHASH=7FF0758B766F747CE57DFAC70743FB88\r\nParentProcessGuid: {3be6fa21-3407-62c8-0501-000000001100}\r\nParentProcessId: 1888\r\nParentImage: C:\\Windows\\System32\\cmd.exe\r\nParentCommandLine: \"C:\\Windows\\system32\\cmd.exe\" \r\nParentUser: STACKEDPADS\\frank.kolzig","Category":"Process Create (rule: ProcessCreate)","Opcode":"Info","RuleName":"technique_id=T1033,technique_name=System Owner/User Discovery","UtcTime":"2022-07-08 13:41:34.005","ProcessGuid":"{3be6fa21-340e-62c8-0701-000000001100}","Image":"C:\\Windows\\System32\\whoami.exe","FileVersion":"10.0.17763.1 (WinBuild.160101.0800)","Description":"whoami - displays logged on user information","Product":"Microsoft® Windows® Operating System","Company":"Microsoft Corporation","OriginalFileName":"whoami.exe","CommandLine":"whoami","CurrentDirectory":"C:\\Users\\fkolzig\\","User":"STACKEDPADS\\frank.kolzig","LogonGuid":"{3be6fa21-33e5-62c8-7a30-160000000000}","LogonId":"0x16307a","TerminalSessionId":"3","IntegrityLevel":"Medium","Hashes":"SHA1=47D7864D26FC67E0D60391CBF170D33DA518C322,MD5=43C2D3293AD939241DF61B3630A9D3B6,SHA256=1D5491E3C468EE4B4EF6EDFF4BBC7D06EE83180F6F0B1576763EA2EFE049493A,IMPHASH=7FF0758B766F747CE57DFAC70743FB88","ParentProcessGuid":"{3be6fa21-3407-62c8-0501-000000001100}","ParentProcessId":"1888","ParentImage":"C:\\Windows\\System32\\cmd.exe","ParentCommandLine":"\"C:\\Windows\\system32\\cmd.exe\" ","ParentUser":"STACKEDPADS\\frank.kolzig","EventReceivedTime":1657287695,"SourceModuleName":"in_sysmon","SourceModuleType":"im_msvistalog"}
<14>Jul  8 13:41:50 wrk-shasek.stackedpads.local Microsoft-Windows-Sysmon[2568]: {"EventTime":1657287708,"Hostname":"wrk-shasek.stackedpads.local","Keywords":-9223372036854775808,"EventType":"INFO","SeverityValue":2,"Severity":"INFO","EventID":3,"SourceName":"Microsoft-Windows-Sysmon","ProviderGuid":"{5770385F-C22A-43E0-BF4C-06F5698FFBD9}","Version":5,"Task":3,"OpcodeValue":0,"RecordNumber":72426,"ProcessID":2568,"ThreadID":3292,"Channel":"Microsoft-Windows-Sysmon/Operational","Domain":"NT AUTHORITY","AccountName":"SYSTEM","UserID":"S-1-5-18","AccountType":"User","Message":"Network connection detected:\r\nRuleName: technique_id=T1021,technique_name=Remote Services\r\nUtcTime: 2022-07-08 13:41:45.951\r\nProcessGuid: {6b7cbb53-316d-62c8-1400-000000000e00}\r\nProcessId: 400\r\nImage: C:\\Windows\\System32\\svchost.exe\r\nUser: NT AUTHORITY\\NETWORK SERVICE\r\nProtocol: tcp\r\nInitiated: false\r\nSourceIsIpv6: false\r\nSourceIp: 35.235.245.128\r\nSourceHostname: -\r\nSourcePort: 39601\r\nSourcePortName: -\r\nDestinationIsIpv6: false\r\nDestinationIp: 10.1.0.50\r\nDestinationHostname: -\r\nDestinationPort: 3389\r\nDestinationPortName: -","Category":"Network connection detected (rule: NetworkConnect)","Opcode":"Info","RuleName":"technique_id=T1021,technique_name=Remote Services","UtcTime":"2022-07-08 13:41:45.951","ProcessGuid":"{6b7cbb53-316d-62c8-1400-000000000e00}","Image":"C:\\Windows\\System32\\svchost.exe","User":"NT AUTHORITY\\NETWORK SERVICE","Protocol":"tcp","Initiated":"false","SourceIsIpv6":"false","SourceIp":"35.235.245.128","SourceHostname":"-","SourcePort":"39601","SourcePortName":"-","DestinationIsIpv6":"false","DestinationIp":"10.1.0.50","DestinationHostname":"-","DestinationPort":"3389","DestinationPortName":"-","EventReceivedTime":1657287710,"SourceModuleName":"in_sysmon","SourceModuleType":"im_msvistalog"}
<14>Jul  8 13:41:50 wrk-shasek.stackedpads.local Microsoft-Windows-Sysmon[2568]: {"EventTime":1657287708,"Hostname":"wrk-shasek.stackedpads.local","Keywords":-9223372036854775808,"EventType":"INFO","SeverityValue":2,"Severity":"INFO","EventID":3,"SourceName":"Microsoft-Windows-Sysmon","ProviderGuid":"{5770385F-C22A-43E0-BF4C-06F5698FFBD9}","Version":5,"Task":3,"OpcodeValue":0,"RecordNumber":72425,"ProcessID":2568,"ThreadID":3292,"Channel":"Microsoft-Windows-Sysmon/Operational","Domain":"NT AUTHORITY","AccountName":"SYSTEM","UserID":"S-1-5-18","AccountType":"User","Message":"Network connection detected:\r\nRuleName: technique_id=T1021,technique_name=Remote Services\r\nUtcTime: 2022-07-08 13:41:45.951\r\nProcessGuid: {6b7cbb53-316d-62c8-1400-000000000e00}\r\nProcessId: 400\r\nImage: C:\\Windows\\System32\\svchost.exe\r\nUser: NT AUTHORITY\\NETWORK SERVICE\r\nProtocol: tcp\r\nInitiated: false\r\nSourceIsIpv6: false\r\nSourceIp: 35.235.245.130\r\nSourceHostname: -\r\nSourcePort: 46387\r\nSourcePortName: -\r\nDestinationIsIpv6: false\r\nDestinationIp: 10.1.0.50\r\nDestinationHostname: -\r\nDestinationPort: 3389\r\nDestinationPortName: -","Category":"Network connection detected (rule: NetworkConnect)","Opcode":"Info","RuleName":"technique_id=T1021,technique_name=Remote Services","UtcTime":"2022-07-08 13:41:45.951","ProcessGuid":"{6b7cbb53-316d-62c8-1400-000000000e00}","Image":"C:\\Windows\\System32\\svchost.exe","User":"NT AUTHORITY\\NETWORK SERVICE","Protocol":"tcp","Initiated":"false","SourceIsIpv6":"false","SourceIp":"35.235.245.130","SourceHostname":"-","SourcePort":"46387","SourcePortName":"-","DestinationIsIpv6":"false","DestinationIp":"10.1.0.50","DestinationHostname":"-","DestinationPort":"3389","DestinationPortName":"-","EventReceivedTime":1657287710,"SourceModuleName":"in_sysmon","SourceModuleType":"im_msvistalog"}
<14>Jul  8 13:41:52 activedir.stackedpads.local Microsoft-Windows-Sysmon[3224]: {"EventTime":1657287710,"Hostname":"activedir.stackedpads.local","Keywords":-9223372036854775808,"EventType":"INFO","SeverityValue":2,"Severity":"INFO","EventID":22,"SourceName":"Microsoft-Windows-Sysmon","ProviderGuid":"{5770385F-C22A-43E0-BF4C-06F5698FFBD9}","Version":5,"Task":22,"OpcodeValue":0,"RecordNumber":278348,"ProcessID":3224,"ThreadID":4252,"Channel":"Microsoft-Windows-Sysmon/Operational","Domain":"NT AUTHORITY","AccountName":"SYSTEM","UserID":"S-1-5-18","AccountType":"User","Message":"Dns query:\r\nRuleName: -\r\nUtcTime: 2022-07-08 13:41:48.173\r\nProcessGuid: {3be6fa21-31c6-62c8-1500-000000001100}\r\nProcessId: 8\r\nQueryName: ACTIVEDIR\r\nQueryStatus: 0\r\nQueryResults: fe80::5489:1501:58fa:5feb;::ffff:10.1.0.4;\r\nImage: C:\\Windows\\System32\\svchost.exe\r\nUser: NT AUTHORITY\\LOCAL SERVICE","Category":"Dns query (rule: DnsQuery)","Opcode":"Info","RuleName":"-","UtcTime":"2022-07-08 13:41:48.173","ProcessGuid":"{3be6fa21-31c6-62c8-1500-000000001100}","QueryName":"ACTIVEDIR","QueryStatus":"0","QueryResults":"fe80::5489:1501:58fa:5feb;::ffff:10.1.0.4;","Image":"C:\\Windows\\System32\\svchost.exe","User":"NT AUTHORITY\\LOCAL SERVICE","EventReceivedTime":1657287712,"SourceModuleName":"in_sysmon","SourceModuleType":"im_msvistalog"}
<14>Jul  8 13:41:52 activedir.stackedpads.local Microsoft-Windows-Sysmon[3224]: {"EventTime":1657287711,"Hostname":"activedir.stackedpads.local","Keywords":-9223372036854775808,"EventType":"INFO","SeverityValue":2,"Severity":"INFO","EventID":11,"SourceName":"Microsoft-Windows-Sysmon","ProviderGuid":"{5770385F-C22A-43E0-BF4C-06F5698FFBD9}","Version":2,"Task":11,"OpcodeValue":0,"RecordNumber":278349,"ProcessID":3224,"ThreadID":4128,"Channel":"Microsoft-Windows-Sysmon/Operational","Domain":"NT AUTHORITY","AccountName":"SYSTEM","UserID":"S-1-5-18","AccountType":"User","Message":"File created:\r\nRuleName: -\r\nUtcTime: 2022-07-08 13:41:51.225\r\nProcessGuid: {3be6fa21-31c6-62c8-1c00-000000001100}\r\nProcessId: 1292\r\nImage: C:\\Windows\\System32\\svchost.exe\r\nTargetFilename: C:\\Windows\\ServiceState\\EventLog\\Data\\lastalive0.dat\r\nCreationUtcTime: 2022-07-08 13:31:50.928\r\nUser: NT AUTHORITY\\LOCAL SERVICE","Category":"File created (rule: FileCreate)","Opcode":"Info","RuleName":"-","UtcTime":"2022-07-08 13:41:51.225","ProcessGuid":"{3be6fa21-31c6-62c8-1c00-000000001100}","Image":"C:\\Windows\\System32\\svchost.exe","TargetFilename":"C:\\Windows\\ServiceState\\EventLog\\Data\\lastalive0.dat","CreationUtcTime":"2022-07-08 13:31:50.928","User":"NT AUTHORITY\\LOCAL SERVICE","EventReceivedTime":1657287712,"SourceModuleName":"in_sysmon","SourceModuleType":"im_msvistalog"}
<14>Jul  8 13:41:58 wrk-shasek.stackedpads.local Microsoft-Windows-Sysmon[2568]: {"EventTime":1657287716,"Hostname":"wrk-shasek.stackedpads.local","Keywords":-9223372036854775808,"EventType":"INFO","SeverityValue":2,"Severity":"INFO","EventID":22,"SourceName":"Microsoft-Windows-Sysmon","ProviderGuid":"{5770385F-C22A-43E0-BF4C-06F5698FFBD9}","Version":5,"Task":22,"OpcodeValue":0,"RecordNumber":72428,"ProcessID":2568,"ThreadID":3360,"Channel":"Microsoft-Windows-Sysmon/Operational","Domain":"NT AUTHORITY","AccountName":"SYSTEM","UserID":"S-1-5-18","AccountType":"User","Message":"Dns query:\r\nRuleName: -\r\nUtcTime: 2022-07-08 13:41:54.308\r\nProcessGuid: {6b7cbb53-316d-62c8-1600-000000000e00}\r\nProcessId: 608\r\nQueryName: wpad\r\nQueryStatus: 9003\r\nQueryResults: -\r\nImage: C:\\Windows\\System32\\svchost.exe\r\nUser: NT AUTHORITY\\LOCAL SERVICE","Category":"Dns query (rule: DnsQuery)","Opcode":"Info","RuleName":"-","UtcTime":"2022-07-08 13:41:54.308","ProcessGuid":"{6b7cbb53-316d-62c8-1600-000000000e00}","QueryName":"wpad","QueryStatus":"9003","QueryResults":"-","Image":"C:\\Windows\\System32\\svchost.exe","User":"NT AUTHORITY\\LOCAL SERVICE","EventReceivedTime":1657287718,"SourceModuleName":"in_sysmon","SourceModuleType":"im_msvistalog"}
<14>Jul  8 13:41:58 activedir.stackedpads.local Microsoft-Windows-Sysmon[3224]: {"EventTime":1657287716,"Hostname":"activedir.stackedpads.local","Keywords":-9223372036854775808,"EventType":"INFO","SeverityValue":2,"Severity":"INFO","EventID":22,"SourceName":"Microsoft-Windows-Sysmon","ProviderGuid":"{5770385F-C22A-43E0-BF4C-06F5698FFBD9}","Version":5,"Task":22,"OpcodeValue":0,"RecordNumber":278350,"ProcessID":3224,"ThreadID":4252,"Channel":"Microsoft-Windows-Sysmon/Operational","Domain":"NT AUTHORITY","AccountName":"SYSTEM","UserID":"S-1-5-18","AccountType":"User","Message":"Dns query:\r\nRuleName: -\r\nUtcTime: 2022-07-08 13:41:55.163\r\nProcessGuid: {00000000-0000-0000-0000-000000000000}\r\nProcessId: 4376\r\nQueryName: activedir.stackedpads.local\r\nQueryStatus: 0\r\nQueryResults: fe80::5489:1501:58fa:5feb;::ffff:10.1.0.4;\r\nImage: <unknown process>\r\nUser: NT AUTHORITY\\SYSTEM","Category":"Dns query (rule: DnsQuery)","Opcode":"Info","RuleName":"-","UtcTime":"2022-07-08 13:41:55.163","ProcessGuid":"{00000000-0000-0000-0000-000000000000}","QueryName":"activedir.stackedpads.local","QueryStatus":"0","QueryResults":"fe80::5489:1501:58fa:5feb;::ffff:10.1.0.4;","Image":"&lt;unknown process&gt;","User":"NT AUTHORITY\\SYSTEM","EventReceivedTime":1657287718,"SourceModuleName":"in_sysmon","SourceModuleType":"im_msvistalog"}
<14>Jul  8 13:41:58 wrk-shasek.stackedpads.local Microsoft-Windows-Sysmon[2568]: {"EventTime":1657287716,"Hostname":"wrk-shasek.stackedpads.local","Keywords":-9223372036854775808,"EventType":"INFO","SeverityValue":2,"Severity":"INFO","EventID":11,"SourceName":"Microsoft-Windows-Sysmon","ProviderGuid":"{5770385F-C22A-43E0-BF4C-06F5698FFBD9}","Version":2,"Task":11,"OpcodeValue":0,"RecordNumber":72427,"ProcessID":2568,"ThreadID":3284,"Channel":"Microsoft-Windows-Sysmon/Operational","Domain":"NT AUTHORITY","AccountName":"SYSTEM","UserID":"S-1-5-18","AccountType":"User","Message":"File created:\r\nRuleName: -\r\nUtcTime: 2022-07-08 13:41:56.314\r\nProcessGuid: {6b7cbb53-316d-62c8-1500-000000000e00}\r\nProcessId: 712\r\nImage: C:\\Windows\\System32\\svchost.exe\r\nTargetFilename: C:\\Windows\\Prefetch\\SMSS.EXE-B5B810DB.pf\r\nCreationUtcTime: 2022-06-22 16:09:07.975\r\nUser: NT AUTHORITY\\SYSTEM","Category":"File created (rule: FileCreate)","Opcode":"Info","RuleName":"-","UtcTime":"2022-07-08 13:41:56.314","ProcessGuid":"{6b7cbb53-316d-62c8-1500-000000000e00}","Image":"C:\\Windows\\System32\\svchost.exe","TargetFilename":"C:\\Windows\\Prefetch\\SMSS.EXE-B5B810DB.pf","CreationUtcTime":"2022-06-22 16:09:07.975","User":"NT AUTHORITY\\SYSTEM","EventReceivedTime":1657287718,"SourceModuleName":"in_sysmon","SourceModuleType":"im_msvistalog"}
<14>Jul  8 13:41:58 wrk-shasek.stackedpads.local Microsoft-Windows-Sysmon[2568]: {"EventTime":1657287716,"Hostname":"wrk-shasek.stackedpads.local","Keywords":-9223372036854775808,"EventType":"INFO","SeverityValue":2,"Severity":"INFO","EventID":13,"SourceName":"Microsoft-Windows-Sysmon","ProviderGuid":"{5770385F-C22A-43E0-BF4C-06F5698FFBD9}","Version":2,"Task":13,"OpcodeValue":0,"RecordNumber":72429,"ProcessID":2568,"ThreadID":3284,"Channel":"Microsoft-Windows-Sysmon/Operational","Domain":"NT AUTHORITY","AccountName":"SYSTEM","UserID":"S-1-5-18","AccountType":"User","Message":"Registry value set:\r\nRuleName: technique_id=T1543,technique_name=Service Creation\r\nEventType: SetValue\r\nUtcTime: 2022-07-08 13:41:56.799\r\nProcessGuid: {6b7cbb53-3424-62c8-ca00-000000000e00}\r\nProcessId: 6428\r\nImage: C:\\Windows\\system32\\winlogon.exe\r\nTargetObject: HKLM\\System\\CurrentControlSet\\Services\\bam\\State\\UserSettings\\S-1-5-90-0-3\\\\Device\\HarddiskVolume3\\Windows\\System32\\dwm.exe\r\nDetails: Binary Data\r\nUser: NT AUTHORITY\\SYSTEM","Category":"Registry value set (rule: RegistryEvent)","Opcode":"Info","RuleName":"technique_id=T1543,technique_name=Service Creation","UtcTime":"2022-07-08 13:41:56.799","ProcessGuid":"{6b7cbb53-3424-62c8-ca00-000000000e00}","Image":"C:\\Windows\\system32\\winlogon.exe","TargetObject":"HKLM\\System\\CurrentControlSet\\Services\\bam\\State\\UserSettings\\S-1-5-90-0-3\\\\Device\\HarddiskVolume3\\Windows\\System32\\dwm.exe","Details":"Binary Data","User":"NT AUTHORITY\\SYSTEM","EventReceivedTime":1657287718,"SourceModuleName":"in_sysmon","SourceModuleType":"im_msvistalog"}
<14>Jul  8 13:41:58 wrk-shasek.stackedpads.local Microsoft-Windows-Sysmon[2568]: {"EventTime":1657287716,"Hostname":"wrk-shasek.stackedpads.local","Keywords":-9223372036854775808,"EventType":"INFO","SeverityValue":2,"Severity":"INFO","EventID":17,"SourceName":"Microsoft-Windows-Sysmon","ProviderGuid":"{5770385F-C22A-43E0-BF4C-06F5698FFBD9}","Version":1,"Task":17,"OpcodeValue":0,"RecordNumber":72430,"ProcessID":2568,"ThreadID":3284,"Channel":"Microsoft-Windows-Sysmon/Operational","Domain":"NT AUTHORITY","AccountName":"SYSTEM","UserID":"S-1-5-18","AccountType":"User","Message":"Pipe Created:\r\nRuleName: -\r\nEventType: CreatePipe\r\nUtcTime: 2022-07-08 13:41:56.892\r\nProcessGuid: {6b7cbb53-316d-62c8-1400-000000000e00}\r\nProcessId: 400\r\nPipeName: \\TSVCPIPE-55705221-15a4-46ec-b8a8-ad60ab72c275\r\nImage: C:\\Windows\\System32\\svchost.exe\r\nUser: NT AUTHORITY\\NETWORK SERVICE","Category":"Pipe Created (rule: PipeEvent)","Opcode":"Info","RuleName":"-","UtcTime":"2022-07-08 13:41:56.892","ProcessGuid":"{6b7cbb53-316d-62c8-1400-000000000e00}","PipeName":"\\TSVCPIPE-55705221-15a4-46ec-b8a8-ad60ab72c275","Image":"C:\\Windows\\System32\\svchost.exe","User":"NT AUTHORITY\\NETWORK SERVICE","EventReceivedTime":1657287718,"SourceModuleName":"in_sysmon","SourceModuleType":"im_msvistalog"}
<14>Jul  8 13:41:58 wrk-shasek.stackedpads.local Microsoft-Windows-Sysmon[2568]: {"EventTime":1657287716,"Hostname":"wrk-shasek.stackedpads.local","Keywords":-9223372036854775808,"EventType":"INFO","SeverityValue":2,"Severity":"INFO","EventID":17,"SourceName":"Microsoft-Windows-Sysmon","ProviderGuid":"{5770385F-C22A-43E0-BF4C-06F5698FFBD9}","Version":1,"Task":17,"OpcodeValue":0,"RecordNumber":72431,"ProcessID":2568,"ThreadID":3284,"Channel":"Microsoft-Windows-Sysmon/Operational","Domain":"NT AUTHORITY","AccountName":"SYSTEM","UserID":"S-1-5-18","AccountType":"User","Message":"Pipe Created:\r\nRuleName: -\r\nEventType: CreatePipe\r\nUtcTime: 2022-07-08 13:41:56.908\r\nProcessGuid: {6b7cbb53-316d-62c8-1400-000000000e00}\r\nProcessId: 400\r\nPipeName: \\TSVCPIPE-360c2da5-4c7e-4736-8b42-fb100036e303\r\nImage: C:\\Windows\\System32\\svchost.exe\r\nUser: NT AUTHORITY\\NETWORK SERVICE","Category":"Pipe Created (rule: PipeEvent)","Opcode":"Info","RuleName":"-","UtcTime":"2022-07-08 13:41:56.908","ProcessGuid":"{6b7cbb53-316d-62c8-1400-000000000e00}","PipeName":"\\TSVCPIPE-360c2da5-4c7e-4736-8b42-fb100036e303","Image":"C:\\Windows\\System32\\svchost.exe","User":"NT AUTHORITY\\NETWORK SERVICE","EventReceivedTime":1657287718,"SourceModuleName":"in_sysmon","SourceModuleType":"im_msvistalog"}
<14>Jul  8 13:41:58 wrk-shasek.stackedpads.local Microsoft-Windows-Sysmon[2568]: {"EventTime":1657287717,"Hostname":"wrk-shasek.stackedpads.local","Keywords":-9223372036854775808,"EventType":"INFO","SeverityValue":2,"Severity":"INFO","EventID":17,"SourceName":"Microsoft-Windows-Sysmon","ProviderGuid":"{5770385F-C22A-43E0-BF4C-06F5698FFBD9}","Version":1,"Task":17,"OpcodeValue":0,"RecordNumber":72446,"ProcessID":2568,"ThreadID":3284,"Channel":"Microsoft-Windows-Sysmon/Operational","Domain":"NT AUTHORITY","AccountName":"SYSTEM","UserID":"S-1-5-18","AccountType":"User","Message":"Pipe Created:\r\nRuleName: -\r\nEventType: CreatePipe\r\nUtcTime: 2022-07-08 13:41:57.064\r\nProcessGuid: {6b7cbb53-316d-62c8-1400-000000000e00}\r\nProcessId: 400\r\nPipeName: \\TSVCPIPE-b086119d-fe99-4ce4-b0e1-b8b42f14587f\r\nImage: C:\\Windows\\System32\\svchost.exe\r\nUser: NT AUTHORITY\\NETWORK SERVICE","Category":"Pipe Created (rule: PipeEvent)","Opcode":"Info","RuleName":"-","UtcTime":"2022-07-08 13:41:57.064","ProcessGuid":"{6b7cbb53-316d-62c8-1400-000000000e00}","PipeName":"\\TSVCPIPE-b086119d-fe99-4ce4-b0e1-b8b42f14587f","Image":"C:\\Windows\\System32\\svchost.exe","User":"NT AUTHORITY\\NETWORK SERVICE","EventReceivedTime":1657287718,"SourceModuleName":"in_sysmon","SourceModuleType":"im_msvistalog"}
