<14>Jul  8 13:42:19 wrk-shasek.stackedpads.local Microsoft-Windows-Sysmon[2568]: {"EventTime":1657287738,"Hostname":"wrk-shasek.stackedpads.local","Keywords":-9223372036854775808,"EventType":"INFO","SeverityValue":2,"Severity":"INFO","EventID":12,"SourceName":"Microsoft-Windows-Sysmon","ProviderGuid":"{5770385F-C22A-43E0-BF4C-06F5698FFBD9}","Version":2,"Task":12,"OpcodeValue":0,"RecordNumber":72773,"ProcessID":2568,"ThreadID":3284,"Channel":"Microsoft-Windows-Sysmon/Operational","Domain":"NT AUTHORITY","AccountName":"SYSTEM","UserID":"S-1-5-18","AccountType":"User","Message":"Registry object added or deleted:\r\nRuleName: technique_id=T1130,technique_name=Install Root Certificate\r\nEventType: CreateKey\r\nUtcTime: 2022-07-08 13:42:18.824\r\nProcessGuid: {6b7cbb53-343a-62c8-ef00-000000000e00}\r\nProcessId: 7068\r\nImage: C:\\Windows\\system32\\consent.exe\r\nTargetObject: HKU\\S-1-5-21-2264196694-1469429678-912427992-1107\\SOFTWARE\\Microsoft\\SystemCertificates\\Root\\Certificates\r\nUser: NT AUTHORITY\\SYSTEM","Category":"Registry object added or deleted (rule: RegistryEvent)","Opcode":"Info","RuleName":"technique_id=T1130,technique_name=Install Root Certificate","UtcTime":"2022-07-08 13:42:18.824","ProcessGuid":"{6b7cbb53-343a-62c8-ef00-000000000e00}","Image":"C:\\Windows\\system32\\consent.exe","TargetObject":"HKU\\S-1-5-21-2264196694-1469429678-912427992-1107\\SOFTWARE\\Microsoft\\SystemCertificates\\Root\\Certificates","User":"NT AUTHORITY\\SYSTEM","EventReceivedTime":1657287739,"SourceModuleName":"in_sysmon","SourceModuleType":"im_msvistalog"}
<14>Jul  8 13:42:19 wrk-shasek.stackedpads.local Microsoft-Windows-Sysmon[2568]: {"EventTime":1657287738,"Hostname":"wrk-shasek.stackedpads.local","Keywords":-9223372036854775808,"EventType":"INFO","SeverityValue":2,"Severity":"INFO","EventID":7,"SourceName":"Microsoft-Windows-Sysmon","ProviderGuid":"{5770385F-C22A-43E0-BF4C-06F5698FFBD9}","Version":3,"Task":7,"OpcodeValue":0,"RecordNumber":72774,"ProcessID":2568,"ThreadID":3284,"Channel":"Microsoft-Windows-Sysmon/Operational","Domain":"NT AUTHORITY","AccountName":"SYSTEM","UserID":"S-1-5-18","AccountType":"User","Message":"Image loaded:\r\nRuleName: -\r\nUtcTime: 2022-07-08 13:42:18.918\r\nProcessGuid: {6b7cbb53-343a-62c8-ee00-000000000e00}\r\nProcessId: 7148\r\nImage: C:\\Windows\\System32\\smartscreen.exe\r\nImageLoaded: C:\\Windows\\System32\\urlmon.dll\r\nFileVersion: 11.00.19041.1741 (WinBuild.160101.0800)\r\nDescription: OLE32 Extensions for Win32\r\nProduct: Internet Explorer\r\nCompany: Microsoft Corporation\r\nOriginalFileName: UrlMon.dll\r\nHashes: SHA1=5E1037110EB5C33288F8EA24EBDD3BD0532A279E,MD5=E76C30B53C58F02694CAC858089709D1,SHA256=72498FBEEA86C2E5B5DC15775D41AC607EF63E2B41B8A91CF6B602024B313FE3,IMPHASH=F1542B5592621C50A426D247782724CB\r\nSigned: true\r\nSignature: Microsoft Windows\r\nSignatureStatus: Valid\r\nUser: STACKEDPADS\\tim.smith","Category":"Image loaded (rule: ImageLoad)","Opcode":"Info","RuleName":"-","UtcTime":"2022-07-08 13:42:18.918","ProcessGuid":"{6b7cbb53-343a-62c8-ee00-000000000e00}","Image":"C:\\Windows\\System32\\smartscreen.exe","ImageLoaded":"C:\\Windows\\System32\\urlmon.dll","FileVersion":"11.00.19041.1741 (WinBuild.160101.0800)","Description":"OLE32 Extensions for Win32","Product":"Internet Explorer","Company":"Microsoft Corporation","OriginalFileName":"UrlMon.dll","Hashes":"SHA1=5E1037110EB5C33288F8EA24EBDD3BD0532A279E,MD5=E76C30B53C58F02694CAC858089709D1,SHA256=72498FBEEA86C2E5B5DC15775D41AC607EF63E2B41B8A91CF6B602024B313FE3,IMPHASH=F1542B5592621C50A426D247782724CB","Signed":"true","Signature":"Microsoft Windows","SignatureStatus":"Valid","User":"STACKEDPADS\\tim.smith","EventReceivedTime":1657287739,"SourceModuleName":"in_sysmon","SourceModuleType":"im_msvistalog"}
<14>Jul  8 13:42:19 wrk-shasek.stackedpads.local Microsoft-Windows-Sysmon[2568]: {"EventTime":1657287738,"Hostname":"wrk-shasek.stackedpads.local","Keywords":-9223372036854775808,"EventType":"INFO","SeverityValue":2,"Severity":"INFO","EventID":7,"SourceName":"Microsoft-Windows-Sysmon","ProviderGuid":"{5770385F-C22A-43E0-BF4C-06F5698FFBD9}","Version":3,"Task":7,"OpcodeValue":0,"RecordNumber":72775,"ProcessID":2568,"ThreadID":3284,"Channel":"Microsoft-Windows-Sysmon/Operational","Domain":"NT AUTHORITY","AccountName":"SYSTEM","UserID":"S-1-5-18","AccountType":"User","Message":"Image loaded:\r\nRuleName: -\r\nUtcTime: 2022-07-08 13:42:18.933\r\nProcessGuid: {6b7cbb53-343a-62c8-ef00-000000000e00}\r\nProcessId: 7068\r\nImage: C:\\Windows\\System32\\consent.exe\r\nImageLoaded: C:\\Windows\\System32\\urlmon.dll\r\nFileVersion: 11.00.19041.1741 (WinBuild.160101.0800)\r\nDescription: OLE32 Extensions for Win32\r\nProduct: Internet Explorer\r\nCompany: Microsoft Corporation\r\nOriginalFileName: UrlMon.dll\r\nHashes: SHA1=5E1037110EB5C33288F8EA24EBDD3BD0532A279E,MD5=E76C30B53C58F02694CAC858089709D1,SHA256=72498FBEEA86C2E5B5DC15775D41AC607EF63E2B41B8A91CF6B602024B313FE3,IMPHASH=F1542B5592621C50A426D247782724CB\r\nSigned: true\r\nSignature: Microsoft Windows\r\nSignatureStatus: Valid\r\nUser: NT AUTHORITY\\SYSTEM","Category":"Image loaded (rule: ImageLoad)","Opcode":"Info","RuleName":"-","UtcTime":"2022-07-08 13:42:18.933","ProcessGuid":"{6b7cbb53-343a-62c8-ef00-000000000e00}","Image":"C:\\Windows\\System32\\consent.exe","ImageLoaded":"C:\\Windows\\System32\\urlmon.dll","FileVersion":"11.00.19041.1741 (WinBuild.160101.0800)","Description":"OLE32 Extensions for Win32","Product":"Internet Explorer","Company":"Microsoft Corporation","OriginalFileName":"UrlMon.dll","Hashes":"SHA1=5E1037110EB5C33288F8EA24EBDD3BD0532A279E,MD5=E76C30B53C58F02694CAC858089709D1,SHA256=72498FBEEA86C2E5B5DC15775D41AC607EF63E2B41B8A91CF6B602024B313FE3,IMPHASH=F1542B5592621C50A426D247782724CB","Signed":"true","Signature":"Microsoft Windows","SignatureStatus":"Valid","User":"NT AUTHORITY\\SYSTEM","EventReceivedTime":1657287739,"SourceModuleName":"in_sysmon","SourceModuleType":"im_msvistalog"}
<14>Jul  8 13:42:21 wrk-shasek.stackedpads.local Microsoft-Windows-Sysmon[2568]: {"EventTime":1657287740,"Hostname":"wrk-shasek.stackedpads.local","Keywords":-9223372036854775808,"EventType":"INFO","SeverityValue":2,"Severity":"INFO","EventID":7,"SourceName":"Microsoft-Windows-Sysmon","ProviderGuid":"{5770385F-C22A-43E0-BF4C-06F5698FFBD9}","Version":3,"Task":7,"OpcodeValue":0,"RecordNumber":72798,"ProcessID":2568,"ThreadID":3316,"Channel":"Microsoft-Windows-Sysmon/Operational","Domain":"NT AUTHORITY","AccountName":"SYSTEM","UserID":"S-1-5-18","AccountType":"User","Message":"Image loaded:\r\nRuleName: -\r\nUtcTime: 2022-07-08 13:42:20.293\r\nProcessGuid: {6b7cbb53-343b-62c8-f100-000000000e00}\r\nProcessId: 6516\r\nImage: C:\\Users\\tim.smith\\AppData\\Local\\Microsoft\\OneDrive\\OneDrive.exe\r\nImageLoaded: C:\\Windows\\SysWOW64\\urlmon.dll\r\nFileVersion: 11.00.19041.1741 (WinBuild.160101.0800)\r\nDescription: OLE32 Extensions for Win32\r\nProduct: Internet Explorer\r\nCompany: Microsoft Corporation\r\nOriginalFileName: UrlMon.dll\r\nHashes: SHA1=0DA660994B7561F524EACD27061FD535B7627C09,MD5=89005FF4FB3F410CBDBFDCAF2677CC94,SHA256=2F0CB02DCA91459F11A494D7A021E690A61AF849529340345AA856E1C94661FF,IMPHASH=BF4C1AF91B25D0CEB16065880336E04C\r\nSigned: true\r\nSignature: Microsoft Windows\r\nSignatureStatus: Valid\r\nUser: STACKEDPADS\\tim.smith","Category":"Image loaded (rule: ImageLoad)","Opcode":"Info","RuleName":"-","UtcTime":"2022-07-08 13:42:20.293","ProcessGuid":"{6b7cbb53-343b-62c8-f100-000000000e00}","Image":"C:\\Users\\tim.smith\\AppData\\Local\\Microsoft\\OneDrive\\OneDrive.exe","ImageLoaded":"C:\\Windows\\SysWOW64\\urlmon.dll","FileVersion":"11.00.19041.1741 (WinBuild.160101.0800)","Description":"OLE32 Extensions for Win32","Product":"Internet Explorer","Company":"Microsoft Corporation","OriginalFileName":"UrlMon.dll","Hashes":"SHA1=0DA660994B7561F524EACD27061FD535B7627C09,MD5=89005FF4FB3F410CBDBFDCAF2677CC94,SHA256=2F0CB02DCA91459F11A494D7A021E690A61AF849529340345AA856E1C94661FF,IMPHASH=BF4C1AF91B25D0CEB16065880336E04C","Signed":"true","Signature":"Microsoft Windows","SignatureStatus":"Valid","User":"STACKEDPADS\\tim.smith","EventReceivedTime":1657287741,"SourceModuleName":"in_sysmon","SourceModuleType":"im_msvistalog"}
<14>Jul  8 13:42:19 wrk-shasek.stackedpads.local Microsoft-Windows-Sysmon[2568]: {"EventTime":1657287738,"Hostname":"wrk-shasek.stackedpads.local","Keywords":-9223372036854775808,"EventType":"INFO","SeverityValue":2,"Severity":"INFO","EventID":10,"SourceName":"Microsoft-Windows-Sysmon","ProviderGuid":"{5770385F-C22A-43E0-BF4C-06F5698FFBD9}","Version":3,"Task":10,"OpcodeValue":0,"RecordNumber":72776,"ProcessID":2568,"ThreadID":3284,"Channel":"Microsoft-Windows-Sysmon/Operational","Domain":"NT AUTHORITY","AccountName":"SYSTEM","UserID":"S-1-5-18","AccountType":"User","Message":"Process accessed:\r\nRuleName: technique_id=T1055.001,technique_name=Dynamic-link Library Injection\r\nUtcTime: 2022-07-08 13:42:18.949\r\nSourceProcessGUID: {6b7cbb53-3429-62c8-db00-000000000e00}\r\nSourceProcessId: 5636\r\nSourceThreadId: 1356\r\nSourceImage: C:\\Windows\\Explorer.EXE\r\nTargetProcessGUID: {6b7cbb53-343a-62c8-f000-000000000e00}\r\nTargetProcessId: 5048\r\nTargetImage: C:\\Windows\\System32\\SecurityHealthSystray.exe\r\nGrantedAccess: 0x1410\r\nCallTrace: C:\\Windows\\SYSTEM32\\ntdll.dll+9d204|C:\\Windows\\System32\\KERNELBASE.dll+2c13e|C:\\Windows\\System32\\appresolver.dll+24d21|C:\\Windows\\System32\\appresolver.dll+21ce7|C:\\Windows\\System32\\appresolver.dll+21a26|C:\\Windows\\Explorer.EXE+56c6d|C:\\Windows\\Explorer.EXE+486ff|C:\\Windows\\Explorer.EXE+5f52b|C:\\Windows\\Explorer.EXE+53d8e|C:\\Windows\\Explorer.EXE+44d0c|C:\\Windows\\Explorer.EXE+44364|C:\\Windows\\Explorer.EXE+26710|C:\\Windows\\Explorer.EXE+78ad8|C:\\Windows\\System32\\user32.dll+e858|C:\\Windows\\System32\\user32.dll+e3dc|C:\\Windows\\System32\\user32.dll+22760|C:\\Windows\\SYSTEM32\\ntdll.dll+a0b74|UNKNOWN(FFFFF805449F34C5)|UNKNOWN(FFFFD20CA7D00290)|UNKNOWN(FFFFD20CA7D7A2A3)|UNKNOWN(FFFFD20CA7D79304)|UNKNOWN(FFFFD20CA7D76D48)|UNKNOWN(FFFFD20CA7D75F88)|UNKNOWN(FFFFD20CA89D71AD)\r\nSourceUser: STACKEDPADS\\tim.smith\r\nTargetUser: STACKEDPADS\\tim.smith","Category":"Process accessed (rule: ProcessAccess)","Opcode":"Info","RuleName":"technique_id=T1055.001,technique_name=Dynamic-link Library Injection","UtcTime":"2022-07-08 13:42:18.949","SourceProcessGUID":"{6b7cbb53-3429-62c8-db00-000000000e00}","SourceProcessId":"5636","SourceThreadId":"1356","SourceImage":"C:\\Windows\\Explorer.EXE","TargetProcessGUID":"{6b7cbb53-343a-62c8-f000-000000000e00}","TargetProcessId":"5048","TargetImage":"C:\\Windows\\System32\\SecurityHealthSystray.exe","GrantedAccess":"0x1410","CallTrace":"C:\\Windows\\SYSTEM32\\ntdll.dll+9d204|C:\\Windows\\System32\\KERNELBASE.dll+2c13e|C:\\Windows\\System32\\appresolver.dll+24d21|C:\\Windows\\System32\\appresolver.dll+21ce7|C:\\Windows\\System32\\appresolver.dll+21a26|C:\\Windows\\Explorer.EXE+56c6d|C:\\Windows\\Explorer.EXE+486ff|C:\\Windows\\Explorer.EXE+5f52b|C:\\Windows\\Explorer.EXE+53d8e|C:\\Windows\\Explorer.EXE+44d0c|C:\\Windows\\Explorer.EXE+44364|C:\\Windows\\Explorer.EXE+26710|C:\\Windows\\Explorer.EXE+78ad8|C:\\Windows\\System32\\user32.dll+e858|C:\\Windows\\System32\\user32.dll+e3dc|C:\\Windows\\System32\\user32.dll+22760|C:\\Windows\\SYSTEM32\\ntdll.dll+a0b74|UNKNOWN(FFFFF805449F34C5)|UNKNOWN(FFFFD20CA7D00290)|UNKNOWN(FFFFD20CA7D7A2A3)|UNKNOWN(FFFFD20CA7D79304)|UNKNOWN(FFFFD20CA7D76D48)|UNKNOWN(FFFFD20CA7D75F88)|UNKNOWN(FFFFD20CA89D71AD)","SourceUser":"STACKEDPADS\\tim.smith","TargetUser":"STACKEDPADS\\tim.smith","EventReceivedTime":1657287739,"SourceModuleName":"in_sysmon","SourceModuleType":"im_msvistalog"}
<14>Jul  8 13:42:20 wrk-shasek.stackedpads.local Microsoft-Windows-Sysmon[2568]: {"EventTime":1657287739,"Hostname":"wrk-shasek.stackedpads.local","Keywords":-9223372036854775808,"EventType":"INFO","SeverityValue":2,"Severity":"INFO","EventID":12,"SourceName":"Microsoft-Windows-Sysmon","ProviderGuid":"{5770385F-C22A-43E0-BF4C-06F5698FFBD9}","Version":2,"Task":12,"OpcodeValue":0,"RecordNumber":72778,"ProcessID":2568,"ThreadID":3284,"Channel":"Microsoft-Windows-Sysmon/Operational","Domain":"NT AUTHORITY","AccountName":"SYSTEM","UserID":"S-1-5-18","AccountType":"User","Message":"Registry object added or deleted:\r\nRuleName: technique_id=T1003,technique_name=Credential Dumping\r\nEventType: CreateKey\r\nUtcTime: 2022-07-08 13:42:19.027\r\nProcessGuid: {6b7cbb53-343a-62c8-ee00-000000000e00}\r\nProcessId: 7148\r\nImage: C:\\Windows\\System32\\smartscreen.exe\r\nTargetObject: HKLM\\System\\CurrentControlSet\\Control\\SecurityProviders\\SCHANNEL\r\nUser: STACKEDPADS\\tim.smith","Category":"Registry object added or deleted (rule: RegistryEvent)","Opcode":"Info","RuleName":"technique_id=T1003,technique_name=Credential Dumping","UtcTime":"2022-07-08 13:42:19.027","ProcessGuid":"{6b7cbb53-343a-62c8-ee00-000000000e00}","Image":"C:\\Windows\\System32\\smartscreen.exe","TargetObject":"HKLM\\System\\CurrentControlSet\\Control\\SecurityProviders\\SCHANNEL","User":"STACKEDPADS\\tim.smith","EventReceivedTime":1657287740,"SourceModuleName":"in_sysmon","SourceModuleType":"im_msvistalog"}
<14>Jul  8 13:42:20 wrk-shasek.stackedpads.local Microsoft-Windows-Sysmon[2568]: {"EventTime":1657287739,"Hostname":"wrk-shasek.stackedpads.local","Keywords":-9223372036854775808,"EventType":"INFO","SeverityValue":2,"Severity":"INFO","EventID":7,"SourceName":"Microsoft-Windows-Sysmon","ProviderGuid":"{5770385F-C22A-43E0-BF4C-06F5698FFBD9}","Version":3,"Task":7,"OpcodeValue":0,"RecordNumber":72781,"ProcessID":2568,"ThreadID":3316,"Channel":"Microsoft-Windows-Sysmon/Operational","Domain":"NT AUTHORITY","AccountName":"SYSTEM","UserID":"S-1-5-18","AccountType":"User","Message":"Image loaded:\r\nRuleName: technique_id=T1073,technique_name=DLL Side-Loading\r\nUtcTime: 2022-07-08 13:42:19.652\r\nProcessGuid: {6b7cbb53-343b-62c8-f100-000000000e00}\r\nProcessId: 6516\r\nImage: C:\\Users\\tim.smith\\AppData\\Local\\Microsoft\\OneDrive\\OneDrive.exe\r\nImageLoaded: C:\\Users\\tim.smith\\AppData\\Local\\Microsoft\\OneDrive\\OneDrive.exe\r\nFileVersion: 21.220.1024.0005\r\nDescription: Microsoft OneDrive\r\nProduct: Microsoft OneDrive\r\nCompany: Microsoft Corporation\r\nOriginalFileName: OneDrive.exe\r\nHashes: SHA1=2D7DA1C3BFA4755BA0EFEC5317260D239CBB51C3,MD5=C2938EB5FF932C2540A1514CC82C197C,SHA256=5D8273BF98397E4C5053F8F154E5F838C7E8A798B125FCAD33CAB16E2515B665,IMPHASH=23F95F4561FF7B0F5E78BCFF2C87F2A2\r\nSigned: true\r\nSignature: Microsoft Corporation\r\nSignatureStatus: Valid\r\nUser: STACKEDPADS\\tim.smith","Category":"Image loaded (rule: ImageLoad)","Opcode":"Info","RuleName":"technique_id=T1073,technique_name=DLL Side-Loading","UtcTime":"2022-07-08 13:42:19.652","ProcessGuid":"{6b7cbb53-343b-62c8-f100-000000000e00}","Image":"C:\\Users\\tim.smith\\AppData\\Local\\Microsoft\\OneDrive\\OneDrive.exe","ImageLoaded":"C:\\Users\\tim.smith\\AppData\\Local\\Microsoft\\OneDrive\\OneDrive.exe","FileVersion":"21.220.1024.0005","Description":"Microsoft OneDrive","Product":"Microsoft OneDrive","Company":"Microsoft Corporation","OriginalFileName":"OneDrive.exe","Hashes":"SHA1=2D7DA1C3BFA4755BA0EFEC5317260D239CBB51C3,MD5=C2938EB5FF932C2540A1514CC82C197C,SHA256=5D8273BF98397E4C5053F8F154E5F838C7E8A798B125FCAD33CAB16E2515B665,IMPHASH=23F95F4561FF7B0F5E78BCFF2C87F2A2","Signed":"true","Signature":"Microsoft Corporation","SignatureStatus":"Valid","User":"STACKEDPADS\\tim.smith","EventReceivedTime":1657287740,"SourceModuleName":"in_sysmon","SourceModuleType":"im_msvistalog"}
<14>Jul  8 13:42:20 wrk-shasek.stackedpads.local Microsoft-Windows-Sysmon[2568]: {"EventTime":1657287739,"Hostname":"wrk-shasek.stackedpads.local","Keywords":-9223372036854775808,"EventType":"INFO","SeverityValue":2,"Severity":"INFO","EventID":7,"SourceName":"Microsoft-Windows-Sysmon","ProviderGuid":"{5770385F-C22A-43E0-BF4C-06F5698FFBD9}","Version":3,"Task":7,"OpcodeValue":0,"RecordNumber":72782,"ProcessID":2568,"ThreadID":3316,"Channel":"Microsoft-Windows-Sysmon/Operational","Domain":"NT AUTHORITY","AccountName":"SYSTEM","UserID":"S-1-5-18","AccountType":"User","Message":"Image loaded:\r\nRuleName: technique_id=T1073,technique_name=DLL Side-Loading\r\nUtcTime: 2022-07-08 13:42:19.824\r\nProcessGuid: {6b7cbb53-343b-62c8-f100-000000000e00}\r\nProcessId: 6516\r\nImage: C:\\Users\\tim.smith\\AppData\\Local\\Microsoft\\OneDrive\\OneDrive.exe\r\nImageLoaded: C:\\Users\\tim.smith\\AppData\\Local\\Microsoft\\OneDrive\\21.220.1024.0005\\ucrtbase.dll\r\nFileVersion: 10.0.22000.194 (WinBuild.160101.0800)\r\nDescription: Microsoft® C Runtime Library\r\nProduct: Microsoft® Windows® Operating System\r\nCompany: Microsoft Corporation\r\nOriginalFileName: ucrtbase.dll\r\nHashes: SHA1=9BD49C3B960B707EB5FC3ED4DB1E2041062C59C7,MD5=7A333D415ADEAD06A1E1CE5F9B2D5877,SHA256=5ADE748445D8DA8F22D46AD46F277E1E160F6E946FC51E5AC51B9401CE5DAF46,IMPHASH=8A6120401F74C9F2E7C910EBB127A61F\r\nSigned: true\r\nSignature: Microsoft Corporation\r\nSignatureStatus: Valid\r\nUser: STACKEDPADS\\tim.smith","Category":"Image loaded (rule: ImageLoad)","Opcode":"Info","RuleName":"technique_id=T1073,technique_name=DLL Side-Loading","UtcTime":"2022-07-08 13:42:19.824","ProcessGuid":"{6b7cbb53-343b-62c8-f100-000000000e00}","Image":"C:\\Users\\tim.smith\\AppData\\Local\\Microsoft\\OneDrive\\OneDrive.exe","ImageLoaded":"C:\\Users\\tim.smith\\AppData\\Local\\Microsoft\\OneDrive\\21.220.1024.0005\\ucrtbase.dll","FileVersion":"10.0.22000.194 (WinBuild.160101.0800)","Description":"Microsoft® C Runtime Library","Product":"Microsoft® Windows® Operating System","Company":"Microsoft Corporation","OriginalFileName":"ucrtbase.dll","Hashes":"SHA1=9BD49C3B960B707EB5FC3ED4DB1E2041062C59C7,MD5=7A333D415ADEAD06A1E1CE5F9B2D5877,SHA256=5ADE748445D8DA8F22D46AD46F277E1E160F6E946FC51E5AC51B9401CE5DAF46,IMPHASH=8A6120401F74C9F2E7C910EBB127A61F","Signed":"true","Signature":"Microsoft Corporation","SignatureStatus":"Valid","User":"STACKEDPADS\\tim.smith","EventReceivedTime":1657287740,"SourceModuleName":"in_sysmon","SourceModuleType":"im_msvistalog"}
<14>Jul  8 13:42:20 wrk-shasek.stackedpads.local Microsoft-Windows-Sysmon[2568]: {"EventTime":1657287739,"Hostname":"wrk-shasek.stackedpads.local","Keywords":-9223372036854775808,"EventType":"INFO","SeverityValue":2,"Severity":"INFO","EventID":7,"SourceName":"Microsoft-Windows-Sysmon","ProviderGuid":"{5770385F-C22A-43E0-BF4C-06F5698FFBD9}","Version":3,"Task":7,"OpcodeValue":0,"RecordNumber":72783,"ProcessID":2568,"ThreadID":3316,"Channel":"Microsoft-Windows-Sysmon/Operational","Domain":"NT AUTHORITY","AccountName":"SYSTEM","UserID":"S-1-5-18","AccountType":"User","Message":"Image loaded:\r\nRuleName: technique_id=T1073,technique_name=DLL Side-Loading\r\nUtcTime: 2022-07-08 13:42:19.840\r\nProcessGuid: {6b7cbb53-343b-62c8-f100-000000000e00}\r\nProcessId: 6516\r\nImage: C:\\Users\\tim.smith\\AppData\\Local\\Microsoft\\OneDrive\\OneDrive.exe\r\nImageLoaded: C:\\Users\\tim.smith\\AppData\\Local\\Microsoft\\OneDrive\\21.220.1024.0005\\LoggingPlatform.dll\r\nFileVersion: 21.220.1024.0005\r\nDescription: Logging Platform\r\nProduct: Microsoft OneDrive\r\nCompany: Microsoft Corporation\r\nOriginalFileName: LoggingPlatform.dll\r\nHashes: SHA1=E5DA93B4E0CF14300701A0EFBD7CAF80B86621C3,MD5=4FFEF06099812F4F86D1280D69151A3F,SHA256=D5A538A0A036C602492F9B2B6F85DE59924DA9EC3ED7A7BBF6ECD0979BEE54D3,IMPHASH=4B2174D72B7A6C6E8D5E2986A14DA6C1\r\nSigned: true\r\nSignature: Microsoft Corporation\r\nSignatureStatus: Valid\r\nUser: STACKEDPADS\\tim.smith","Category":"Image loaded (rule: ImageLoad)","Opcode":"Info","RuleName":"technique_id=T1073,technique_name=DLL Side-Loading","UtcTime":"2022-07-08 13:42:19.840","ProcessGuid":"{6b7cbb53-343b-62c8-f100-000000000e00}","Image":"C:\\Users\\tim.smith\\AppData\\Local\\Microsoft\\OneDrive\\OneDrive.exe","ImageLoaded":"C:\\Users\\tim.smith\\AppData\\Local\\Microsoft\\OneDrive\\21.220.1024.0005\\LoggingPlatform.dll","FileVersion":"21.220.1024.0005","Description":"Logging Platform","Product":"Microsoft OneDrive","Company":"Microsoft Corporation","OriginalFileName":"LoggingPlatform.dll","Hashes":"SHA1=E5DA93B4E0CF14300701A0EFBD7CAF80B86621C3,MD5=4FFEF06099812F4F86D1280D69151A3F,SHA256=D5A538A0A036C602492F9B2B6F85DE59924DA9EC3ED7A7BBF6ECD0979BEE54D3,IMPHASH=4B2174D72B7A6C6E8D5E2986A14DA6C1","Signed":"true","Signature":"Microsoft Corporation","SignatureStatus":"Valid","User":"STACKEDPADS\\tim.smith","EventReceivedTime":1657287740,"SourceModuleName":"in_sysmon","SourceModuleType":"im_msvistalog"}
<14>Jul  8 13:42:20 wrk-shasek.stackedpads.local Microsoft-Windows-Sysmon[2568]: {"EventTime":1657287739,"Hostname":"wrk-shasek.stackedpads.local","Keywords":-9223372036854775808,"EventType":"INFO","SeverityValue":2,"Severity":"INFO","EventID":7,"SourceName":"Microsoft-Windows-Sysmon","ProviderGuid":"{5770385F-C22A-43E0-BF4C-06F5698FFBD9}","Version":3,"Task":7,"OpcodeValue":0,"RecordNumber":72784,"ProcessID":2568,"ThreadID":3316,"Channel":"Microsoft-Windows-Sysmon/Operational","Domain":"NT AUTHORITY","AccountName":"SYSTEM","UserID":"S-1-5-18","AccountType":"User","Message":"Image loaded:\r\nRuleName: technique_id=T1073,technique_name=DLL Side-Loading\r\nUtcTime: 2022-07-08 13:42:19.856\r\nProcessGuid: {6b7cbb53-343b-62c8-f100-000000000e00}\r\nProcessId: 6516\r\nImage: C:\\Users\\tim.smith\\AppData\\Local\\Microsoft\\OneDrive\\OneDrive.exe\r\nImageLoaded: C:\\Users\\tim.smith\\AppData\\Local\\Microsoft\\OneDrive\\21.220.1024.0005\\vcruntime140.dll\r\nFileVersion: 14.29.30135.0 built by: vcwrkspc\r\nDescription: Microsoft® C Runtime Library\r\nProduct: Microsoft® Visual Studio®\r\nCompany: Microsoft Corporation\r\nOriginalFileName: vcruntime140.dll\r\nHashes: SHA1=4D874D6D6FA19E0476A229917C01E7C1DD5CEACD,MD5=CEFCD5D1F068C4265C3976A4621543D4,SHA256=C79241AEC5E35CBA91563C3B33ED413CE42309F5145F25DC92CAF9C82A753817,IMPHASH=B06D4116DA69A513992D529F84731E6F\r\nSigned: true\r\nSignature: Microsoft Corporation\r\nSignatureStatus: Valid\r\nUser: STACKEDPADS\\tim.smith","Category":"Image loaded (rule: ImageLoad)","Opcode":"Info","RuleName":"technique_id=T1073,technique_name=DLL Side-Loading","UtcTime":"2022-07-08 13:42:19.856","ProcessGuid":"{6b7cbb53-343b-62c8-f100-000000000e00}","Image":"C:\\Users\\tim.smith\\AppData\\Local\\Microsoft\\OneDrive\\OneDrive.exe","ImageLoaded":"C:\\Users\\tim.smith\\AppData\\Local\\Microsoft\\OneDrive\\21.220.1024.0005\\vcruntime140.dll","FileVersion":"14.29.30135.0 built by: vcwrkspc","Description":"Microsoft® C Runtime Library","Product":"Microsoft® Visual Studio®","Company":"Microsoft Corporation","OriginalFileName":"vcruntime140.dll","Hashes":"SHA1=4D874D6D6FA19E0476A229917C01E7C1DD5CEACD,MD5=CEFCD5D1F068C4265C3976A4621543D4,SHA256=C79241AEC5E35CBA91563C3B33ED413CE42309F5145F25DC92CAF9C82A753817,IMPHASH=B06D4116DA69A513992D529F84731E6F","Signed":"true","Signature":"Microsoft Corporation","SignatureStatus":"Valid","User":"STACKEDPADS\\tim.smith","EventReceivedTime":1657287740,"SourceModuleName":"in_sysmon","SourceModuleType":"im_msvistalog"}
<14>Jul  8 13:42:20 wrk-shasek.stackedpads.local Microsoft-Windows-Sysmon[2568]: {"EventTime":1657287739,"Hostname":"wrk-shasek.stackedpads.local","Keywords":-9223372036854775808,"EventType":"INFO","SeverityValue":2,"Severity":"INFO","EventID":7,"SourceName":"Microsoft-Windows-Sysmon","ProviderGuid":"{5770385F-C22A-43E0-BF4C-06F5698FFBD9}","Version":3,"Task":7,"OpcodeValue":0,"RecordNumber":72785,"ProcessID":2568,"ThreadID":3316,"Channel":"Microsoft-Windows-Sysmon/Operational","Domain":"NT AUTHORITY","AccountName":"SYSTEM","UserID":"S-1-5-18","AccountType":"User","Message":"Image loaded:\r\nRuleName: technique_id=T1073,technique_name=DLL Side-Loading\r\nUtcTime: 2022-07-08 13:42:19.871\r\nProcessGuid: {6b7cbb53-343b-62c8-f100-000000000e00}\r\nProcessId: 6516\r\nImage: C:\\Users\\tim.smith\\AppData\\Local\\Microsoft\\OneDrive\\OneDrive.exe\r\nImageLoaded: C:\\Users\\tim.smith\\AppData\\Local\\Microsoft\\OneDrive\\21.220.1024.0005\\msvcp140.dll\r\nFileVersion: 14.29.30135.0 built by: vcwrkspc\r\nDescription: Microsoft® C Runtime Library\r\nProduct: Microsoft® Visual Studio®\r\nCompany: Microsoft Corporation\r\nOriginalFileName: msvcp140.dll\r\nHashes: SHA1=B5F26F17DDD08E1BA73C57635C20C56AAA46B435,MD5=CE8A66D40621F89C5A639691DB3B96B4,SHA256=545BB4A00B29B4B5D25E16E1D0969E99B4011033CE3D1D7E827ABEF09DD317E7,IMPHASH=6042F1676A7711E459589EF169A5B501\r\nSigned: true\r\nSignature: Microsoft Corporation\r\nSignatureStatus: Valid\r\nUser: STACKEDPADS\\tim.smith","Category":"Image loaded (rule: ImageLoad)","Opcode":"Info","RuleName":"technique_id=T1073,technique_name=DLL Side-Loading","UtcTime":"2022-07-08 13:42:19.871","ProcessGuid":"{6b7cbb53-343b-62c8-f100-000000000e00}","Image":"C:\\Users\\tim.smith\\AppData\\Local\\Microsoft\\OneDrive\\OneDrive.exe","ImageLoaded":"C:\\Users\\tim.smith\\AppData\\Local\\Microsoft\\OneDrive\\21.220.1024.0005\\msvcp140.dll","FileVersion":"14.29.30135.0 built by: vcwrkspc","Description":"Microsoft® C Runtime Library","Product":"Microsoft® Visual Studio®","Company":"Microsoft Corporation","OriginalFileName":"msvcp140.dll","Hashes":"SHA1=B5F26F17DDD08E1BA73C57635C20C56AAA46B435,MD5=CE8A66D40621F89C5A639691DB3B96B4,SHA256=545BB4A00B29B4B5D25E16E1D0969E99B4011033CE3D1D7E827ABEF09DD317E7,IMPHASH=6042F1676A7711E459589EF169A5B501","Signed":"true","Signature":"Microsoft Corporation","SignatureStatus":"Valid","User":"STACKEDPADS\\tim.smith","EventReceivedTime":1657287740,"SourceModuleName":"in_sysmon","SourceModuleType":"im_msvistalog"}
<14>Jul  8 13:42:20 wrk-shasek.stackedpads.local Microsoft-Windows-Sysmon[2568]: {"EventTime":1657287739,"Hostname":"wrk-shasek.stackedpads.local","Keywords":-9223372036854775808,"EventType":"INFO","SeverityValue":2,"Severity":"INFO","EventID":7,"SourceName":"Microsoft-Windows-Sysmon","ProviderGuid":"{5770385F-C22A-43E0-BF4C-06F5698FFBD9}","Version":3,"Task":7,"OpcodeValue":0,"RecordNumber":72787,"ProcessID":2568,"ThreadID":3316,"Channel":"Microsoft-Windows-Sysmon/Operational","Domain":"NT AUTHORITY","AccountName":"SYSTEM","UserID":"S-1-5-18","AccountType":"User","Message":"Image loaded:\r\nRuleName: technique_id=T1073,technique_name=DLL Side-Loading\r\nUtcTime: 2022-07-08 13:42:19.933\r\nProcessGuid: {6b7cbb53-343b-62c8-f100-000000000e00}\r\nProcessId: 6516\r\nImage: C:\\Users\\tim.smith\\AppData\\Local\\Microsoft\\OneDrive\\OneDrive.exe\r\nImageLoaded: C:\\Users\\tim.smith\\AppData\\Local\\Microsoft\\OneDrive\\21.220.1024.0005\\OneDriveTelemetryStable.dll\r\nFileVersion: 21.220.1024.0005\r\nDescription: OneDriveTelemetry Stable DLL\r\nProduct: Microsoft OneDrive\r\nCompany: Microsoft Corporation\r\nOriginalFileName: OneDriveTelemetryStable.dll\r\nHashes: SHA1=CA0668DDB59E5AA98D9A90ECEBA90A0EE2FB7869,MD5=6E8AE346E8E0E35C32B6FA7AE1FC48C3,SHA256=146811735589450058048408F05644A93786A293C09CCB8D74420FB87C0A4D56,IMPHASH=BD1AFD77A732EF7B830F7095B7B79769\r\nSigned: true\r\nSignature: Microsoft Corporation\r\nSignatureStatus: Valid\r\nUser: STACKEDPADS\\tim.smith","Category":"Image loaded (rule: ImageLoad)","Opcode":"Info","RuleName":"technique_id=T1073,technique_name=DLL Side-Loading","UtcTime":"2022-07-08 13:42:19.933","ProcessGuid":"{6b7cbb53-343b-62c8-f100-000000000e00}","Image":"C:\\Users\\tim.smith\\AppData\\Local\\Microsoft\\OneDrive\\OneDrive.exe","ImageLoaded":"C:\\Users\\tim.smith\\AppData\\Local\\Microsoft\\OneDrive\\21.220.1024.0005\\OneDriveTelemetryStable.dll","FileVersion":"21.220.1024.0005","Description":"OneDriveTelemetry Stable DLL","Product":"Microsoft OneDrive","Company":"Microsoft Corporation","OriginalFileName":"OneDriveTelemetryStable.dll","Hashes":"SHA1=CA0668DDB59E5AA98D9A90ECEBA90A0EE2FB7869,MD5=6E8AE346E8E0E35C32B6FA7AE1FC48C3,SHA256=146811735589450058048408F05644A93786A293C09CCB8D74420FB87C0A4D56,IMPHASH=BD1AFD77A732EF7B830F7095B7B79769","Signed":"true","Signature":"Microsoft Corporation","SignatureStatus":"Valid","User":"STACKEDPADS\\tim.smith","EventReceivedTime":1657287740,"SourceModuleName":"in_sysmon","SourceModuleType":"im_msvistalog"}
<14>Jul  8 13:42:20 wrk-shasek.stackedpads.local Microsoft-Windows-Sysmon[2568]: {"EventTime":1657287739,"Hostname":"wrk-shasek.stackedpads.local","Keywords":-9223372036854775808,"EventType":"INFO","SeverityValue":2,"Severity":"INFO","EventID":7,"SourceName":"Microsoft-Windows-Sysmon","ProviderGuid":"{5770385F-C22A-43E0-BF4C-06F5698FFBD9}","Version":3,"Task":7,"OpcodeValue":0,"RecordNumber":72788,"ProcessID":2568,"ThreadID":3316,"Channel":"Microsoft-Windows-Sysmon/Operational","Domain":"NT AUTHORITY","AccountName":"SYSTEM","UserID":"S-1-5-18","AccountType":"User","Message":"Image loaded:\r\nRuleName: technique_id=T1073,technique_name=DLL Side-Loading\r\nUtcTime: 2022-07-08 13:42:19.949\r\nProcessGuid: {6b7cbb53-343b-62c8-f100-000000000e00}\r\nProcessId: 6516\r\nImage: C:\\Users\\tim.smith\\AppData\\Local\\Microsoft\\OneDrive\\OneDrive.exe\r\nImageLoaded: C:\\Users\\tim.smith\\AppData\\Local\\Microsoft\\OneDrive\\21.220.1024.0005\\FileSyncTelemetryExtensions.dll\r\nFileVersion: 21.220.1024.0005\r\nDescription: TelemetryExtensions Library\r\nProduct: Microsoft OneDrive\r\nCompany: Microsoft Corporation\r\nOriginalFileName: FileSyncTelemetryExtensions.dll\r\nHashes: SHA1=93BF452A6A750B52653812201A909C6BC1F19FA3,MD5=51B6038293549C2858B4395CA5C0376E,SHA256=A742C9E35D824B592B3D9DAF15EFB3D4A28B420533DDF35A1669A5B77A00BB75,IMPHASH=A6A2DBC669659B0331EA6C1C3F4FB415\r\nSigned: true\r\nSignature: Microsoft Corporation\r\nSignatureStatus: Valid\r\nUser: STACKEDPADS\\tim.smith","Category":"Image loaded (rule: ImageLoad)","Opcode":"Info","RuleName":"technique_id=T1073,technique_name=DLL Side-Loading","UtcTime":"2022-07-08 13:42:19.949","ProcessGuid":"{6b7cbb53-343b-62c8-f100-000000000e00}","Image":"C:\\Users\\tim.smith\\AppData\\Local\\Microsoft\\OneDrive\\OneDrive.exe","ImageLoaded":"C:\\Users\\tim.smith\\AppData\\Local\\Microsoft\\OneDrive\\21.220.1024.0005\\FileSyncTelemetryExtensions.dll","FileVersion":"21.220.1024.0005","Description":"TelemetryExtensions Library","Product":"Microsoft OneDrive","Company":"Microsoft Corporation","OriginalFileName":"FileSyncTelemetryExtensions.dll","Hashes":"SHA1=93BF452A6A750B52653812201A909C6BC1F19FA3,MD5=51B6038293549C2858B4395CA5C0376E,SHA256=A742C9E35D824B592B3D9DAF15EFB3D4A28B420533DDF35A1669A5B77A00BB75,IMPHASH=A6A2DBC669659B0331EA6C1C3F4FB415","Signed":"true","Signature":"Microsoft Corporation","SignatureStatus":"Valid","User":"STACKEDPADS\\tim.smith","EventReceivedTime":1657287740,"SourceModuleName":"in_sysmon","SourceModuleType":"im_msvistalog"}
<14>Jul  8 13:42:21 wrk-shasek.stackedpads.local Microsoft-Windows-Sysmon[2568]: {"EventTime":1657287740,"Hostname":"wrk-shasek.stackedpads.local","Keywords":-9223372036854775808,"EventType":"INFO","SeverityValue":2,"Severity":"INFO","EventID":7,"SourceName":"Microsoft-Windows-Sysmon","ProviderGuid":"{5770385F-C22A-43E0-BF4C-06F5698FFBD9}","Version":3,"Task":7,"OpcodeValue":0,"RecordNumber":72790,"ProcessID":2568,"ThreadID":3316,"Channel":"Microsoft-Windows-Sysmon/Operational","Domain":"NT AUTHORITY","AccountName":"SYSTEM","UserID":"S-1-5-18","AccountType":"User","Message":"Image loaded:\r\nRuleName: technique_id=T1073,technique_name=DLL Side-Loading\r\nUtcTime: 2022-07-08 13:42:20.121\r\nProcessGuid: {6b7cbb53-343b-62c8-f100-000000000e00}\r\nProcessId: 6516\r\nImage: C:\\Users\\tim.smith\\AppData\\Local\\Microsoft\\OneDrive\\OneDrive.exe\r\nImageLoaded: C:\\Users\\tim.smith\\AppData\\Local\\Microsoft\\OneDrive\\21.220.1024.0005\\FileSyncClient.dll\r\nFileVersion: 21.220.1024.0005\r\nDescription: Microsoft OneDrive Client\r\nProduct: Microsoft OneDrive\r\nCompany: Microsoft Corporation\r\nOriginalFileName: FileSyncClient.dll\r\nHashes: SHA1=4B46B34EE0741C52B438D5B9F97E6AF14804AE6E,MD5=2DF24CD5C96FB3FADF49E04C159D05F3,SHA256=3D0250F856970FF36862C99F3329A82BE87B0DE47923DEBEFE21443C76CDDF88,IMPHASH=7353B24B9F15DCAA8140A08A597BF6E4\r\nSigned: true\r\nSignature: Microsoft Corporation\r\nSignatureStatus: Valid\r\nUser: STACKEDPADS\\tim.smith","Category":"Image loaded (rule: ImageLoad)","Opcode":"Info","RuleName":"technique_id=T1073,technique_name=DLL Side-Loading","UtcTime":"2022-07-08 13:42:20.121","ProcessGuid":"{6b7cbb53-343b-62c8-f100-000000000e00}","Image":"C:\\Users\\tim.smith\\AppData\\Local\\Microsoft\\OneDrive\\OneDrive.exe","ImageLoaded":"C:\\Users\\tim.smith\\AppData\\Local\\Microsoft\\OneDrive\\21.220.1024.0005\\FileSyncClient.dll","FileVersion":"21.220.1024.0005","Description":"Microsoft OneDrive Client","Product":"Microsoft OneDrive","Company":"Microsoft Corporation","OriginalFileName":"FileSyncClient.dll","Hashes":"SHA1=4B46B34EE0741C52B438D5B9F97E6AF14804AE6E,MD5=2DF24CD5C96FB3FADF49E04C159D05F3,SHA256=3D0250F856970FF36862C99F3329A82BE87B0DE47923DEBEFE21443C76CDDF88,IMPHASH=7353B24B9F15DCAA8140A08A597BF6E4","Signed":"true","Signature":"Microsoft Corporation","SignatureStatus":"Valid","User":"STACKEDPADS\\tim.smith","EventReceivedTime":1657287741,"SourceModuleName":"in_sysmon","SourceModuleType":"im_msvistalog"}
<14>Jul  8 13:42:21 wrk-shasek.stackedpads.local Microsoft-Windows-Sysmon[2568]: {"EventTime":1657287740,"Hostname":"wrk-shasek.stackedpads.local","Keywords":-9223372036854775808,"EventType":"INFO","SeverityValue":2,"Severity":"INFO","EventID":7,"SourceName":"Microsoft-Windows-Sysmon","ProviderGuid":"{5770385F-C22A-43E0-BF4C-06F5698FFBD9}","Version":3,"Task":7,"OpcodeValue":0,"RecordNumber":72791,"ProcessID":2568,"ThreadID":3316,"Channel":"Microsoft-Windows-Sysmon/Operational","Domain":"NT AUTHORITY","AccountName":"SYSTEM","UserID":"S-1-5-18","AccountType":"User","Message":"Image loaded:\r\nRuleName: technique_id=T1073,technique_name=DLL Side-Loading\r\nUtcTime: 2022-07-08 13:42:20.136\r\nProcessGuid: {6b7cbb53-343b-62c8-f100-000000000e00}\r\nProcessId: 6516\r\nImage: C:\\Users\\tim.smith\\AppData\\Local\\Microsoft\\OneDrive\\OneDrive.exe\r\nImageLoaded: C:\\Users\\tim.smith\\AppData\\Local\\Microsoft\\OneDrive\\21.220.1024.0005\\Telemetry.dll\r\nFileVersion: 21.220.1024.0005\r\nDescription: Telemetry Library\r\nProduct: Microsoft OneDrive\r\nCompany: Microsoft Corporation\r\nOriginalFileName: Telemetry.dll\r\nHashes: SHA1=C4515F089A4615D920971B28833EC739E3C329F3,MD5=50EA1CD5E09E3E2002FADB02D67D8CE6,SHA256=414F6F64D463B3EB1E9EB21D9455837C99C7D9097F6BB61BD12C71E8DCE62902,IMPHASH=5B309E3AA636B6EE7C1B899B65C2DB69\r\nSigned: true\r\nSignature: Microsoft Corporation\r\nSignatureStatus: Valid\r\nUser: STACKEDPADS\\tim.smith","Category":"Image loaded (rule: ImageLoad)","Opcode":"Info","RuleName":"technique_id=T1073,technique_name=DLL Side-Loading","UtcTime":"2022-07-08 13:42:20.136","ProcessGuid":"{6b7cbb53-343b-62c8-f100-000000000e00}","Image":"C:\\Users\\tim.smith\\AppData\\Local\\Microsoft\\OneDrive\\OneDrive.exe","ImageLoaded":"C:\\Users\\tim.smith\\AppData\\Local\\Microsoft\\OneDrive\\21.220.1024.0005\\Telemetry.dll","FileVersion":"21.220.1024.0005","Description":"Telemetry Library","Product":"Microsoft OneDrive","Company":"Microsoft Corporation","OriginalFileName":"Telemetry.dll","Hashes":"SHA1=C4515F089A4615D920971B28833EC739E3C329F3,MD5=50EA1CD5E09E3E2002FADB02D67D8CE6,SHA256=414F6F64D463B3EB1E9EB21D9455837C99C7D9097F6BB61BD12C71E8DCE62902,IMPHASH=5B309E3AA636B6EE7C1B899B65C2DB69","Signed":"true","Signature":"Microsoft Corporation","SignatureStatus":"Valid","User":"STACKEDPADS\\tim.smith","EventReceivedTime":1657287741,"SourceModuleName":"in_sysmon","SourceModuleType":"im_msvistalog"}
<14>Jul  8 13:42:21 wrk-shasek.stackedpads.local Microsoft-Windows-Sysmon[2568]: {"EventTime":1657287740,"Hostname":"wrk-shasek.stackedpads.local","Keywords":-9223372036854775808,"EventType":"INFO","SeverityValue":2,"Severity":"INFO","EventID":7,"SourceName":"Microsoft-Windows-Sysmon","ProviderGuid":"{5770385F-C22A-43E0-BF4C-06F5698FFBD9}","Version":3,"Task":7,"OpcodeValue":0,"RecordNumber":72792,"ProcessID":2568,"ThreadID":3316,"Channel":"Microsoft-Windows-Sysmon/Operational","Domain":"NT AUTHORITY","AccountName":"SYSTEM","UserID":"S-1-5-18","AccountType":"User","Message":"Image loaded:\r\nRuleName: technique_id=T1073,technique_name=DLL Side-Loading\r\nUtcTime: 2022-07-08 13:42:20.136\r\nProcessGuid: {6b7cbb53-343b-62c8-f100-000000000e00}\r\nProcessId: 6516\r\nImage: C:\\Users\\tim.smith\\AppData\\Local\\Microsoft\\OneDrive\\OneDrive.exe\r\nImageLoaded: C:\\Users\\tim.smith\\AppData\\Local\\Microsoft\\OneDrive\\21.220.1024.0005\\UpdateRingSettings.dll\r\nFileVersion: 21.220.1024.0005\r\nDescription: Update Ring Settings\r\nProduct: Microsoft OneDrive\r\nCompany: Microsoft Corporation\r\nOriginalFileName: UpdateRingSettings.dll\r\nHashes: SHA1=D5541DFA2454A5D05C835EC5303C84628F48E7B2,MD5=037DF27BE847EF8AB259BE13E98CDD59,SHA256=9FB3ABCAFD8E8B1DEB13EC0F46C87B759A1CB610B2488052BA70E3363F1935EC,IMPHASH=DA746E09F303FCEB63822F2362ED8066\r\nSigned: true\r\nSignature: Microsoft Corporation\r\nSignatureStatus: Valid\r\nUser: STACKEDPADS\\tim.smith","Category":"Image loaded (rule: ImageLoad)","Opcode":"Info","RuleName":"technique_id=T1073,technique_name=DLL Side-Loading","UtcTime":"2022-07-08 13:42:20.136","ProcessGuid":"{6b7cbb53-343b-62c8-f100-000000000e00}","Image":"C:\\Users\\tim.smith\\AppData\\Local\\Microsoft\\OneDrive\\OneDrive.exe","ImageLoaded":"C:\\Users\\tim.smith\\AppData\\Local\\Microsoft\\OneDrive\\21.220.1024.0005\\UpdateRingSettings.dll","FileVersion":"21.220.1024.0005","Description":"Update Ring Settings","Product":"Microsoft OneDrive","Company":"Microsoft Corporation","OriginalFileName":"UpdateRingSettings.dll","Hashes":"SHA1=D5541DFA2454A5D05C835EC5303C84628F48E7B2,MD5=037DF27BE847EF8AB259BE13E98CDD59,SHA256=9FB3ABCAFD8E8B1DEB13EC0F46C87B759A1CB610B2488052BA70E3363F1935EC,IMPHASH=DA746E09F303FCEB63822F2362ED8066","Signed":"true","Signature":"Microsoft Corporation","SignatureStatus":"Valid","User":"STACKEDPADS\\tim.smith","EventReceivedTime":1657287741,"SourceModuleName":"in_sysmon","SourceModuleType":"im_msvistalog"}
<14>Jul  8 13:42:21 wrk-shasek.stackedpads.local Microsoft-Windows-Sysmon[2568]: {"EventTime":1657287740,"Hostname":"wrk-shasek.stackedpads.local","Keywords":-9223372036854775808,"EventType":"INFO","SeverityValue":2,"Severity":"INFO","EventID":7,"SourceName":"Microsoft-Windows-Sysmon","ProviderGuid":"{5770385F-C22A-43E0-BF4C-06F5698FFBD9}","Version":3,"Task":7,"OpcodeValue":0,"RecordNumber":72793,"ProcessID":2568,"ThreadID":3316,"Channel":"Microsoft-Windows-Sysmon/Operational","Domain":"NT AUTHORITY","AccountName":"SYSTEM","UserID":"S-1-5-18","AccountType":"User","Message":"Image loaded:\r\nRuleName: technique_id=T1073,technique_name=DLL Side-Loading\r\nUtcTime: 2022-07-08 13:42:20.152\r\nProcessGuid: {6b7cbb53-343b-62c8-f100-000000000e00}\r\nProcessId: 6516\r\nImage: C:\\Users\\tim.smith\\AppData\\Local\\Microsoft\\OneDrive\\OneDrive.exe\r\nImageLoaded: C:\\Users\\tim.smith\\AppData\\Local\\Microsoft\\OneDrive\\21.220.1024.0005\\LogUploader.dll\r\nFileVersion: 21.220.1024.0005\r\nDescription: OneDrive Sync LogUploader Library\r\nProduct: Microsoft OneDrive\r\nCompany: Microsoft Corporation\r\nOriginalFileName: LogUploader.dll\r\nHashes: SHA1=B23C1C6F23E401DC09BFBF6CE009CE4281216D7E,MD5=03F13C5EC1922F3A0EC641AD4DF4A261,SHA256=FE49F22BB132FEDF1412E99169D307FA715DBDD84FE71C3E3FF12300D30D4987,IMPHASH=A67E9DDEF8FF0B065AB47266571C630B\r\nSigned: true\r\nSignature: Microsoft Corporation\r\nSignatureStatus: Valid\r\nUser: STACKEDPADS\\tim.smith","Category":"Image loaded (rule: ImageLoad)","Opcode":"Info","RuleName":"technique_id=T1073,technique_name=DLL Side-Loading","UtcTime":"2022-07-08 13:42:20.152","ProcessGuid":"{6b7cbb53-343b-62c8-f100-000000000e00}","Image":"C:\\Users\\tim.smith\\AppData\\Local\\Microsoft\\OneDrive\\OneDrive.exe","ImageLoaded":"C:\\Users\\tim.smith\\AppData\\Local\\Microsoft\\OneDrive\\21.220.1024.0005\\LogUploader.dll","FileVersion":"21.220.1024.0005","Description":"OneDrive Sync LogUploader Library","Product":"Microsoft OneDrive","Company":"Microsoft Corporation","OriginalFileName":"LogUploader.dll","Hashes":"SHA1=B23C1C6F23E401DC09BFBF6CE009CE4281216D7E,MD5=03F13C5EC1922F3A0EC641AD4DF4A261,SHA256=FE49F22BB132FEDF1412E99169D307FA715DBDD84FE71C3E3FF12300D30D4987,IMPHASH=A67E9DDEF8FF0B065AB47266571C630B","Signed":"true","Signature":"Microsoft Corporation","SignatureStatus":"Valid","User":"STACKEDPADS\\tim.smith","EventReceivedTime":1657287741,"SourceModuleName":"in_sysmon","SourceModuleType":"im_msvistalog"}
<14>Jul  8 13:42:21 wrk-shasek.stackedpads.local Microsoft-Windows-Sysmon[2568]: {"EventTime":1657287740,"Hostname":"wrk-shasek.stackedpads.local","Keywords":-9223372036854775808,"EventType":"INFO","SeverityValue":2,"Severity":"INFO","EventID":7,"SourceName":"Microsoft-Windows-Sysmon","ProviderGuid":"{5770385F-C22A-43E0-BF4C-06F5698FFBD9}","Version":3,"Task":7,"OpcodeValue":0,"RecordNumber":72794,"ProcessID":2568,"ThreadID":3316,"Channel":"Microsoft-Windows-Sysmon/Operational","Domain":"NT AUTHORITY","AccountName":"SYSTEM","UserID":"S-1-5-18","AccountType":"User","Message":"Image loaded:\r\nRuleName: technique_id=T1073,technique_name=DLL Side-Loading\r\nUtcTime: 2022-07-08 13:42:20.168\r\nProcessGuid: {6b7cbb53-343b-62c8-f100-000000000e00}\r\nProcessId: 6516\r\nImage: C:\\Users\\tim.smith\\AppData\\Local\\Microsoft\\OneDrive\\OneDrive.exe\r\nImageLoaded: C:\\Users\\tim.smith\\AppData\\Local\\Microsoft\\OneDrive\\21.220.1024.0005\\WebView2Loader.dll\r\nFileVersion: 1.0.818.41\r\nDescription: Microsoft Edge Embedded Browser WebView Loader\r\nProduct: Microsoft Edge Embedded Browser WebView Loader\r\nCompany: Microsoft Corporation\r\nOriginalFileName: WebView2Loader.dll\r\nHashes: SHA1=26CA3EE178A50D23A09754ADF362E02739BC1C39,MD5=925531F12A2F4A687598E7A4643D2FAA,SHA256=41A13BA97534C7F321F3F29EF1650BD445BD3490153A2BB2D57E0FBC70D339C1,IMPHASH=A64B009FF2C9503726050A45E231F4C9\r\nSigned: true\r\nSignature: Microsoft Corporation\r\nSignatureStatus: Valid\r\nUser: STACKEDPADS\\tim.smith","Category":"Image loaded (rule: ImageLoad)","Opcode":"Info","RuleName":"technique_id=T1073,technique_name=DLL Side-Loading","UtcTime":"2022-07-08 13:42:20.168","ProcessGuid":"{6b7cbb53-343b-62c8-f100-000000000e00}","Image":"C:\\Users\\tim.smith\\AppData\\Local\\Microsoft\\OneDrive\\OneDrive.exe","ImageLoaded":"C:\\Users\\tim.smith\\AppData\\Local\\Microsoft\\OneDrive\\21.220.1024.0005\\WebView2Loader.dll","FileVersion":"1.0.818.41","Description":"Microsoft Edge Embedded Browser WebView Loader","Product":"Microsoft Edge Embedded Browser WebView Loader","Company":"Microsoft Corporation","OriginalFileName":"WebView2Loader.dll","Hashes":"SHA1=26CA3EE178A50D23A09754ADF362E02739BC1C39,MD5=925531F12A2F4A687598E7A4643D2FAA,SHA256=41A13BA97534C7F321F3F29EF1650BD445BD3490153A2BB2D57E0FBC70D339C1,IMPHASH=A64B009FF2C9503726050A45E231F4C9","Signed":"true","Signature":"Microsoft Corporation","SignatureStatus":"Valid","User":"STACKEDPADS\\tim.smith","EventReceivedTime":1657287741,"SourceModuleName":"in_sysmon","SourceModuleType":"im_msvistalog"}
<14>Jul  8 13:42:21 wrk-shasek.stackedpads.local Microsoft-Windows-Sysmon[2568]: {"EventTime":1657287740,"Hostname":"wrk-shasek.stackedpads.local","Keywords":-9223372036854775808,"EventType":"INFO","SeverityValue":2,"Severity":"INFO","EventID":7,"SourceName":"Microsoft-Windows-Sysmon","ProviderGuid":"{5770385F-C22A-43E0-BF4C-06F5698FFBD9}","Version":3,"Task":7,"OpcodeValue":0,"RecordNumber":72795,"ProcessID":2568,"ThreadID":3316,"Channel":"Microsoft-Windows-Sysmon/Operational","Domain":"NT AUTHORITY","AccountName":"SYSTEM","UserID":"S-1-5-18","AccountType":"User","Message":"Image loaded:\r\nRuleName: technique_id=T1073,technique_name=DLL Side-Loading\r\nUtcTime: 2022-07-08 13:42:20.199\r\nProcessGuid: {6b7cbb53-343b-62c8-f100-000000000e00}\r\nProcessId: 6516\r\nImage: C:\\Users\\tim.smith\\AppData\\Local\\Microsoft\\OneDrive\\OneDrive.exe\r\nImageLoaded: C:\\Users\\tim.smith\\AppData\\Local\\Microsoft\\OneDrive\\21.220.1024.0005\\FileSyncSessions.dll\r\nFileVersion: 21.220.1024.0005\r\nDescription: P2P Session Library\r\nProduct: Microsoft OneDrive\r\nCompany: Microsoft Corporation\r\nOriginalFileName: FileSyncSessions.dll\r\nHashes: SHA1=75218C3016F76E6542C61D21FE6B372237C64F4D,MD5=AE97076D64CDC42A9249C9DE5F2F8D76,SHA256=1E0C26CEECEE602B5B4A25FB9B0433C26BAC05BD1EEE4A43B9AA75AE46CCF115,IMPHASH=E6E1B35DED3AD365844020B128657BE5\r\nSigned: true\r\nSignature: Microsoft Corporation\r\nSignatureStatus: Valid\r\nUser: STACKEDPADS\\tim.smith","Category":"Image loaded (rule: ImageLoad)","Opcode":"Info","RuleName":"technique_id=T1073,technique_name=DLL Side-Loading","UtcTime":"2022-07-08 13:42:20.199","ProcessGuid":"{6b7cbb53-343b-62c8-f100-000000000e00}","Image":"C:\\Users\\tim.smith\\AppData\\Local\\Microsoft\\OneDrive\\OneDrive.exe","ImageLoaded":"C:\\Users\\tim.smith\\AppData\\Local\\Microsoft\\OneDrive\\21.220.1024.0005\\FileSyncSessions.dll","FileVersion":"21.220.1024.0005","Description":"P2P Session Library","Product":"Microsoft OneDrive","Company":"Microsoft Corporation","OriginalFileName":"FileSyncSessions.dll","Hashes":"SHA1=75218C3016F76E6542C61D21FE6B372237C64F4D,MD5=AE97076D64CDC42A9249C9DE5F2F8D76,SHA256=1E0C26CEECEE602B5B4A25FB9B0433C26BAC05BD1EEE4A43B9AA75AE46CCF115,IMPHASH=E6E1B35DED3AD365844020B128657BE5","Signed":"true","Signature":"Microsoft Corporation","SignatureStatus":"Valid","User":"STACKEDPADS\\tim.smith","EventReceivedTime":1657287741,"SourceModuleName":"in_sysmon","SourceModuleType":"im_msvistalog"}
<14>Jul  8 13:42:21 wrk-shasek.stackedpads.local Microsoft-Windows-Sysmon[2568]: {"EventTime":1657287740,"Hostname":"wrk-shasek.stackedpads.local","Keywords":-9223372036854775808,"EventType":"INFO","SeverityValue":2,"Severity":"INFO","EventID":7,"SourceName":"Microsoft-Windows-Sysmon","ProviderGuid":"{5770385F-C22A-43E0-BF4C-06F5698FFBD9}","Version":3,"Task":7,"OpcodeValue":0,"RecordNumber":72796,"ProcessID":2568,"ThreadID":3316,"Channel":"Microsoft-Windows-Sysmon/Operational","Domain":"NT AUTHORITY","AccountName":"SYSTEM","UserID":"S-1-5-18","AccountType":"User","Message":"Image loaded:\r\nRuleName: technique_id=T1073,technique_name=DLL Side-Loading\r\nUtcTime: 2022-07-08 13:42:20.215\r\nProcessGuid: {6b7cbb53-343b-62c8-f100-000000000e00}\r\nProcessId: 6516\r\nImage: C:\\Users\\tim.smith\\AppData\\Local\\Microsoft\\OneDrive\\OneDrive.exe\r\nImageLoaded: C:\\Users\\tim.smith\\AppData\\Local\\Microsoft\\OneDrive\\21.220.1024.0005\\FileSyncViews.dll\r\nFileVersion: 21.220.1024.0005\r\nDescription: Microsoft OneDrive Qt Components\r\nProduct: Microsoft OneDrive\r\nCompany: Microsoft Corporation\r\nOriginalFileName: FileSyncViews.dll\r\nHashes: SHA1=80D5372E58ABFE0D06EA225F48281351411B997C,MD5=8E9EF192850F858F60DD0CC588BBB691,SHA256=146740EDDCB439B1222D545B4D32A1A905641D02B14E1DA61832772CE32E76BA,IMPHASH=3F1B665367BB54BC9BC37174128FA121\r\nSigned: true\r\nSignature: Microsoft Corporation\r\nSignatureStatus: Valid\r\nUser: STACKEDPADS\\tim.smith","Category":"Image loaded (rule: ImageLoad)","Opcode":"Info","RuleName":"technique_id=T1073,technique_name=DLL Side-Loading","UtcTime":"2022-07-08 13:42:20.215","ProcessGuid":"{6b7cbb53-343b-62c8-f100-000000000e00}","Image":"C:\\Users\\tim.smith\\AppData\\Local\\Microsoft\\OneDrive\\OneDrive.exe","ImageLoaded":"C:\\Users\\tim.smith\\AppData\\Local\\Microsoft\\OneDrive\\21.220.1024.0005\\FileSyncViews.dll","FileVersion":"21.220.1024.0005","Description":"Microsoft OneDrive Qt Components","Product":"Microsoft OneDrive","Company":"Microsoft Corporation","OriginalFileName":"FileSyncViews.dll","Hashes":"SHA1=80D5372E58ABFE0D06EA225F48281351411B997C,MD5=8E9EF192850F858F60DD0CC588BBB691,SHA256=146740EDDCB439B1222D545B4D32A1A905641D02B14E1DA61832772CE32E76BA,IMPHASH=3F1B665367BB54BC9BC37174128FA121","Signed":"true","Signature":"Microsoft Corporation","SignatureStatus":"Valid","User":"STACKEDPADS\\tim.smith","EventReceivedTime":1657287741,"SourceModuleName":"in_sysmon","SourceModuleType":"im_msvistalog"}
