<14>Jul  8 13:40:55 activedir.stackedpads.local Microsoft-Windows-Sysmon[3224]: {"EventTime":1657287654,"Hostname":"activedir.stackedpads.local","Keywords":-9223372036854775808,"EventType":"INFO","SeverityValue":2,"Severity":"INFO","EventID":13,"SourceName":"Microsoft-Windows-Sysmon","ProviderGuid":"{5770385F-C22A-43E0-BF4C-06F5698FFBD9}","Version":2,"Task":13,"OpcodeValue":0,"RecordNumber":278275,"ProcessID":3224,"ThreadID":4128,"Channel":"Microsoft-Windows-Sysmon/Operational","Domain":"NT AUTHORITY","AccountName":"SYSTEM","UserID":"S-1-5-18","AccountType":"User","Message":"Registry value set:\r\nRuleName: -\r\nEventType: SetValue\r\nUtcTime: 2022-07-08 13:40:54.503\r\nProcessGuid: {3be6fa21-31c3-62c8-0b00-000000001100}\r\nProcessId: 636\r\nImage: C:\\Windows\\system32\\services.exe\r\nTargetObject: HKLM\\System\\CurrentControlSet\\Services\\WpnUserService_16637d\\Start\r\nDetails: DWORD (0x00000002)\r\nUser: NT AUTHORITY\\SYSTEM","Category":"Registry value set (rule: RegistryEvent)","Opcode":"Info","RuleName":"-","UtcTime":"2022-07-08 13:40:54.503","ProcessGuid":"{3be6fa21-31c3-62c8-0b00-000000001100}","Image":"C:\\Windows\\system32\\services.exe","TargetObject":"HKLM\\System\\CurrentControlSet\\Services\\WpnUserService_16637d\\Start","Details":"DWORD (0x00000002)","User":"NT AUTHORITY\\SYSTEM","EventReceivedTime":1657287655,"SourceModuleName":"in_sysmon","SourceModuleType":"im_msvistalog"}
<14>Jul  8 13:40:55 activedir.stackedpads.local Microsoft-Windows-Sysmon[3224]: {"EventTime":1657287654,"Hostname":"activedir.stackedpads.local","Keywords":-9223372036854775808,"EventType":"INFO","SeverityValue":2,"Severity":"INFO","EventID":13,"SourceName":"Microsoft-Windows-Sysmon","ProviderGuid":"{5770385F-C22A-43E0-BF4C-06F5698FFBD9}","Version":2,"Task":13,"OpcodeValue":0,"RecordNumber":278264,"ProcessID":3224,"ThreadID":4128,"Channel":"Microsoft-Windows-Sysmon/Operational","Domain":"NT AUTHORITY","AccountName":"SYSTEM","UserID":"S-1-5-18","AccountType":"User","Message":"Registry value set:\r\nRuleName: technique_id=T1543,technique_name=Service Creation\r\nEventType: SetValue\r\nUtcTime: 2022-07-08 13:40:54.503\r\nProcessGuid: {3be6fa21-31c3-62c8-0b00-000000001100}\r\nProcessId: 636\r\nImage: C:\\Windows\\system32\\services.exe\r\nTargetObject: HKLM\\System\\CurrentControlSet\\Services\\UserDataSvc_16637d\\Type\r\nDetails: DWORD (0x000000e0)\r\nUser: NT AUTHORITY\\SYSTEM","Category":"Registry value set (rule: RegistryEvent)","Opcode":"Info","RuleName":"technique_id=T1543,technique_name=Service Creation","UtcTime":"2022-07-08 13:40:54.503","ProcessGuid":"{3be6fa21-31c3-62c8-0b00-000000001100}","Image":"C:\\Windows\\system32\\services.exe","TargetObject":"HKLM\\System\\CurrentControlSet\\Services\\UserDataSvc_16637d\\Type","Details":"DWORD (0x000000e0)","User":"NT AUTHORITY\\SYSTEM","EventReceivedTime":1657287655,"SourceModuleName":"in_sysmon","SourceModuleType":"im_msvistalog"}
<14>Jul  8 13:40:55 activedir.stackedpads.local Microsoft-Windows-Sysmon[3224]: {"EventTime":1657287654,"Hostname":"activedir.stackedpads.local","Keywords":-9223372036854775808,"EventType":"INFO","SeverityValue":2,"Severity":"INFO","EventID":13,"SourceName":"Microsoft-Windows-Sysmon","ProviderGuid":"{5770385F-C22A-43E0-BF4C-06F5698FFBD9}","Version":2,"Task":13,"OpcodeValue":0,"RecordNumber":278256,"ProcessID":3224,"ThreadID":4128,"Channel":"Microsoft-Windows-Sysmon/Operational","Domain":"NT AUTHORITY","AccountName":"SYSTEM","UserID":"S-1-5-18","AccountType":"User","Message":"Registry value set:\r\nRuleName: technique_id=T1543,technique_name=Service Creation\r\nEventType: SetValue\r\nUtcTime: 2022-07-08 13:40:54.503\r\nProcessGuid: {3be6fa21-31c3-62c8-0b00-000000001100}\r\nProcessId: 636\r\nImage: C:\\Windows\\system32\\services.exe\r\nTargetObject: HKLM\\System\\CurrentControlSet\\Services\\UnistoreSvc_16637d\\ErrorControl\r\nDetails: DWORD (0x00000000)\r\nUser: NT AUTHORITY\\SYSTEM","Category":"Registry value set (rule: RegistryEvent)","Opcode":"Info","RuleName":"technique_id=T1543,technique_name=Service Creation","UtcTime":"2022-07-08 13:40:54.503","ProcessGuid":"{3be6fa21-31c3-62c8-0b00-000000001100}","Image":"C:\\Windows\\system32\\services.exe","TargetObject":"HKLM\\System\\CurrentControlSet\\Services\\UnistoreSvc_16637d\\ErrorControl","Details":"DWORD (0x00000000)","User":"NT AUTHORITY\\SYSTEM","EventReceivedTime":1657287655,"SourceModuleName":"in_sysmon","SourceModuleType":"im_msvistalog"}
<14>Jul  8 13:40:55 activedir.stackedpads.local Microsoft-Windows-Sysmon[3224]: {"EventTime":1657287654,"Hostname":"activedir.stackedpads.local","Keywords":-9223372036854775808,"EventType":"INFO","SeverityValue":2,"Severity":"INFO","EventID":13,"SourceName":"Microsoft-Windows-Sysmon","ProviderGuid":"{5770385F-C22A-43E0-BF4C-06F5698FFBD9}","Version":2,"Task":13,"OpcodeValue":0,"RecordNumber":278245,"ProcessID":3224,"ThreadID":4128,"Channel":"Microsoft-Windows-Sysmon/Operational","Domain":"NT AUTHORITY","AccountName":"SYSTEM","UserID":"S-1-5-18","AccountType":"User","Message":"Registry value set:\r\nRuleName: -\r\nEventType: SetValue\r\nUtcTime: 2022-07-08 13:40:54.503\r\nProcessGuid: {3be6fa21-31c3-62c8-0b00-000000001100}\r\nProcessId: 636\r\nImage: C:\\Windows\\system32\\services.exe\r\nTargetObject: HKLM\\System\\CurrentControlSet\\Services\\PrintWorkflowUserSvc_16637d\\Start\r\nDetails: DWORD (0x00000003)\r\nUser: NT AUTHORITY\\SYSTEM","Category":"Registry value set (rule: RegistryEvent)","Opcode":"Info","RuleName":"-","UtcTime":"2022-07-08 13:40:54.503","ProcessGuid":"{3be6fa21-31c3-62c8-0b00-000000001100}","Image":"C:\\Windows\\system32\\services.exe","TargetObject":"HKLM\\System\\CurrentControlSet\\Services\\PrintWorkflowUserSvc_16637d\\Start","Details":"DWORD (0x00000003)","User":"NT AUTHORITY\\SYSTEM","EventReceivedTime":1657287655,"SourceModuleName":"in_sysmon","SourceModuleType":"im_msvistalog"}
<14>Jul  8 13:40:54 activedir.stackedpads.local Microsoft-Windows-Sysmon[3224]: {"EventTime":1657287654,"Hostname":"activedir.stackedpads.local","Keywords":-9223372036854775808,"EventType":"INFO","SeverityValue":2,"Severity":"INFO","EventID":13,"SourceName":"Microsoft-Windows-Sysmon","ProviderGuid":"{5770385F-C22A-43E0-BF4C-06F5698FFBD9}","Version":2,"Task":13,"OpcodeValue":0,"RecordNumber":278180,"ProcessID":3224,"ThreadID":4128,"Channel":"Microsoft-Windows-Sysmon/Operational","Domain":"NT AUTHORITY","AccountName":"SYSTEM","UserID":"S-1-5-18","AccountType":"User","Message":"Registry value set:\r\nRuleName: technique_id=T1543,technique_name=Service Creation\r\nEventType: SetValue\r\nUtcTime: 2022-07-08 13:40:54.503\r\nProcessGuid: {3be6fa21-31c3-62c8-0b00-000000001100}\r\nProcessId: 636\r\nImage: C:\\Windows\\system32\\services.exe\r\nTargetObject: HKLM\\System\\CurrentControlSet\\Services\\CaptureService_16637d\\Security\\Security\r\nDetails: Binary Data\r\nUser: NT AUTHORITY\\SYSTEM","Category":"Registry value set (rule: RegistryEvent)","Opcode":"Info","RuleName":"technique_id=T1543,technique_name=Service Creation","UtcTime":"2022-07-08 13:40:54.503","ProcessGuid":"{3be6fa21-31c3-62c8-0b00-000000001100}","Image":"C:\\Windows\\system32\\services.exe","TargetObject":"HKLM\\System\\CurrentControlSet\\Services\\CaptureService_16637d\\Security\\Security","Details":"Binary Data","User":"NT AUTHORITY\\SYSTEM","EventReceivedTime":1657287654,"SourceModuleName":"in_sysmon","SourceModuleType":"im_msvistalog"}
<14>Jul  8 13:40:55 activedir.stackedpads.local Microsoft-Windows-Sysmon[3224]: {"EventTime":1657287654,"Hostname":"activedir.stackedpads.local","Keywords":-9223372036854775808,"EventType":"INFO","SeverityValue":2,"Severity":"INFO","EventID":13,"SourceName":"Microsoft-Windows-Sysmon","ProviderGuid":"{5770385F-C22A-43E0-BF4C-06F5698FFBD9}","Version":2,"Task":13,"OpcodeValue":0,"RecordNumber":278258,"ProcessID":3224,"ThreadID":4128,"Channel":"Microsoft-Windows-Sysmon/Operational","Domain":"NT AUTHORITY","AccountName":"SYSTEM","UserID":"S-1-5-18","AccountType":"User","Message":"Registry value set:\r\nRuleName: technique_id=T1543,technique_name=Service Creation\r\nEventType: SetValue\r\nUtcTime: 2022-07-08 13:40:54.503\r\nProcessGuid: {3be6fa21-31c3-62c8-0b00-000000001100}\r\nProcessId: 636\r\nImage: C:\\Windows\\system32\\services.exe\r\nTargetObject: HKLM\\System\\CurrentControlSet\\Services\\UnistoreSvc_16637d\\DisplayName\r\nDetails: User Data Storage_16637d\r\nUser: NT AUTHORITY\\SYSTEM","Category":"Registry value set (rule: RegistryEvent)","Opcode":"Info","RuleName":"technique_id=T1543,technique_name=Service Creation","UtcTime":"2022-07-08 13:40:54.503","ProcessGuid":"{3be6fa21-31c3-62c8-0b00-000000001100}","Image":"C:\\Windows\\system32\\services.exe","TargetObject":"HKLM\\System\\CurrentControlSet\\Services\\UnistoreSvc_16637d\\DisplayName","Details":"User Data Storage_16637d","User":"NT AUTHORITY\\SYSTEM","EventReceivedTime":1657287655,"SourceModuleName":"in_sysmon","SourceModuleType":"im_msvistalog"}
<14>Jul  8 13:40:54 activedir.stackedpads.local Microsoft-Windows-Sysmon[3224]: {"EventTime":1657287654,"Hostname":"activedir.stackedpads.local","Keywords":-9223372036854775808,"EventType":"INFO","SeverityValue":2,"Severity":"INFO","EventID":12,"SourceName":"Microsoft-Windows-Sysmon","ProviderGuid":"{5770385F-C22A-43E0-BF4C-06F5698FFBD9}","Version":2,"Task":12,"OpcodeValue":0,"RecordNumber":278173,"ProcessID":3224,"ThreadID":4128,"Channel":"Microsoft-Windows-Sysmon/Operational","Domain":"NT AUTHORITY","AccountName":"SYSTEM","UserID":"S-1-5-18","AccountType":"User","Message":"Registry object added or deleted:\r\nRuleName: technique_id=T1543,technique_name=Service Creation\r\nEventType: CreateKey\r\nUtcTime: 2022-07-08 13:40:54.503\r\nProcessGuid: {3be6fa21-31c3-62c8-0b00-000000001100}\r\nProcessId: 636\r\nImage: C:\\Windows\\system32\\services.exe\r\nTargetObject: HKLM\\System\\CurrentControlSet\\Services\\CaptureService_16637d\r\nUser: NT AUTHORITY\\SYSTEM","Category":"Registry object added or deleted (rule: RegistryEvent)","Opcode":"Info","RuleName":"technique_id=T1543,technique_name=Service Creation","UtcTime":"2022-07-08 13:40:54.503","ProcessGuid":"{3be6fa21-31c3-62c8-0b00-000000001100}","Image":"C:\\Windows\\system32\\services.exe","TargetObject":"HKLM\\System\\CurrentControlSet\\Services\\CaptureService_16637d","User":"NT AUTHORITY\\SYSTEM","EventReceivedTime":1657287654,"SourceModuleName":"in_sysmon","SourceModuleType":"im_msvistalog"}
<14>Jul  8 13:40:55 activedir.stackedpads.local Microsoft-Windows-Sysmon[3224]: {"EventTime":1657287654,"Hostname":"activedir.stackedpads.local","Keywords":-9223372036854775808,"EventType":"INFO","SeverityValue":2,"Severity":"INFO","EventID":13,"SourceName":"Microsoft-Windows-Sysmon","ProviderGuid":"{5770385F-C22A-43E0-BF4C-06F5698FFBD9}","Version":2,"Task":13,"OpcodeValue":0,"RecordNumber":278261,"ProcessID":3224,"ThreadID":4128,"Channel":"Microsoft-Windows-Sysmon/Operational","Domain":"NT AUTHORITY","AccountName":"SYSTEM","UserID":"S-1-5-18","AccountType":"User","Message":"Registry value set:\r\nRuleName: technique_id=T1543,technique_name=Service Creation\r\nEventType: SetValue\r\nUtcTime: 2022-07-08 13:40:54.503\r\nProcessGuid: {3be6fa21-31c3-62c8-0b00-000000001100}\r\nProcessId: 636\r\nImage: C:\\Windows\\system32\\services.exe\r\nTargetObject: HKLM\\System\\CurrentControlSet\\Services\\UnistoreSvc_16637d\\FailureActions\r\nDetails: Binary Data\r\nUser: NT AUTHORITY\\SYSTEM","Category":"Registry value set (rule: RegistryEvent)","Opcode":"Info","RuleName":"technique_id=T1543,technique_name=Service Creation","UtcTime":"2022-07-08 13:40:54.503","ProcessGuid":"{3be6fa21-31c3-62c8-0b00-000000001100}","Image":"C:\\Windows\\system32\\services.exe","TargetObject":"HKLM\\System\\CurrentControlSet\\Services\\UnistoreSvc_16637d\\FailureActions","Details":"Binary Data","User":"NT AUTHORITY\\SYSTEM","EventReceivedTime":1657287655,"SourceModuleName":"in_sysmon","SourceModuleType":"im_msvistalog"}
<14>Jul  8 13:40:55 activedir.stackedpads.local Microsoft-Windows-Sysmon[3224]: {"EventTime":1657287654,"Hostname":"activedir.stackedpads.local","Keywords":-9223372036854775808,"EventType":"INFO","SeverityValue":2,"Severity":"INFO","EventID":13,"SourceName":"Microsoft-Windows-Sysmon","ProviderGuid":"{5770385F-C22A-43E0-BF4C-06F5698FFBD9}","Version":2,"Task":13,"OpcodeValue":0,"RecordNumber":278224,"ProcessID":3224,"ThreadID":4128,"Channel":"Microsoft-Windows-Sysmon/Operational","Domain":"NT AUTHORITY","AccountName":"SYSTEM","UserID":"S-1-5-18","AccountType":"User","Message":"Registry value set:\r\nRuleName: technique_id=T1543,technique_name=Service Creation\r\nEventType: SetValue\r\nUtcTime: 2022-07-08 13:40:54.503\r\nProcessGuid: {3be6fa21-31c3-62c8-0b00-000000001100}\r\nProcessId: 636\r\nImage: C:\\Windows\\system32\\services.exe\r\nTargetObject: HKLM\\System\\CurrentControlSet\\Services\\DevicesFlowUserSvc_16637d\\Type\r\nDetails: DWORD (0x000000e0)\r\nUser: NT AUTHORITY\\SYSTEM","Category":"Registry value set (rule: RegistryEvent)","Opcode":"Info","RuleName":"technique_id=T1543,technique_name=Service Creation","UtcTime":"2022-07-08 13:40:54.503","ProcessGuid":"{3be6fa21-31c3-62c8-0b00-000000001100}","Image":"C:\\Windows\\system32\\services.exe","TargetObject":"HKLM\\System\\CurrentControlSet\\Services\\DevicesFlowUserSvc_16637d\\Type","Details":"DWORD (0x000000e0)","User":"NT AUTHORITY\\SYSTEM","EventReceivedTime":1657287655,"SourceModuleName":"in_sysmon","SourceModuleType":"im_msvistalog"}
<14>Jul  8 13:40:55 activedir.stackedpads.local Microsoft-Windows-Sysmon[3224]: {"EventTime":1657287654,"Hostname":"activedir.stackedpads.local","Keywords":-9223372036854775808,"EventType":"INFO","SeverityValue":2,"Severity":"INFO","EventID":13,"SourceName":"Microsoft-Windows-Sysmon","ProviderGuid":"{5770385F-C22A-43E0-BF4C-06F5698FFBD9}","Version":2,"Task":13,"OpcodeValue":0,"RecordNumber":278227,"ProcessID":3224,"ThreadID":4128,"Channel":"Microsoft-Windows-Sysmon/Operational","Domain":"NT AUTHORITY","AccountName":"SYSTEM","UserID":"S-1-5-18","AccountType":"User","Message":"Registry value set:\r\nRuleName: -\r\nEventType: SetValue\r\nUtcTime: 2022-07-08 13:40:54.503\r\nProcessGuid: {3be6fa21-31c3-62c8-0b00-000000001100}\r\nProcessId: 636\r\nImage: C:\\Windows\\system32\\services.exe\r\nTargetObject: HKLM\\System\\CurrentControlSet\\Services\\DevicesFlowUserSvc_16637d\\ImagePath\r\nDetails: C:\\Windows\\system32\\svchost.exe -k DevicesFlow\r\nUser: NT AUTHORITY\\SYSTEM","Category":"Registry value set (rule: RegistryEvent)","Opcode":"Info","RuleName":"-","UtcTime":"2022-07-08 13:40:54.503","ProcessGuid":"{3be6fa21-31c3-62c8-0b00-000000001100}","Image":"C:\\Windows\\system32\\services.exe","TargetObject":"HKLM\\System\\CurrentControlSet\\Services\\DevicesFlowUserSvc_16637d\\ImagePath","Details":"C:\\Windows\\system32\\svchost.exe -k DevicesFlow","User":"NT AUTHORITY\\SYSTEM","EventReceivedTime":1657287655,"SourceModuleName":"in_sysmon","SourceModuleType":"im_msvistalog"}
<14>Jul  8 13:40:55 activedir.stackedpads.local Microsoft-Windows-Sysmon[3224]: {"EventTime":1657287654,"Hostname":"activedir.stackedpads.local","Keywords":-9223372036854775808,"EventType":"INFO","SeverityValue":2,"Severity":"INFO","EventID":13,"SourceName":"Microsoft-Windows-Sysmon","ProviderGuid":"{5770385F-C22A-43E0-BF4C-06F5698FFBD9}","Version":2,"Task":13,"OpcodeValue":0,"RecordNumber":278205,"ProcessID":3224,"ThreadID":4128,"Channel":"Microsoft-Windows-Sysmon/Operational","Domain":"NT AUTHORITY","AccountName":"SYSTEM","UserID":"S-1-5-18","AccountType":"User","Message":"Registry value set:\r\nRuleName: -\r\nEventType: SetValue\r\nUtcTime: 2022-07-08 13:40:54.503\r\nProcessGuid: {3be6fa21-31c3-62c8-0b00-000000001100}\r\nProcessId: 636\r\nImage: C:\\Windows\\system32\\services.exe\r\nTargetObject: HKLM\\System\\CurrentControlSet\\Services\\ConsentUxUserSvc_16637d\\Start\r\nDetails: DWORD (0x00000003)\r\nUser: NT AUTHORITY\\SYSTEM","Category":"Registry value set (rule: RegistryEvent)","Opcode":"Info","RuleName":"-","UtcTime":"2022-07-08 13:40:54.503","ProcessGuid":"{3be6fa21-31c3-62c8-0b00-000000001100}","Image":"C:\\Windows\\system32\\services.exe","TargetObject":"HKLM\\System\\CurrentControlSet\\Services\\ConsentUxUserSvc_16637d\\Start","Details":"DWORD (0x00000003)","User":"NT AUTHORITY\\SYSTEM","EventReceivedTime":1657287655,"SourceModuleName":"in_sysmon","SourceModuleType":"im_msvistalog"}
<14>Jul  8 13:40:55 activedir.stackedpads.local Microsoft-Windows-Sysmon[3224]: {"EventTime":1657287654,"Hostname":"activedir.stackedpads.local","Keywords":-9223372036854775808,"EventType":"INFO","SeverityValue":2,"Severity":"INFO","EventID":13,"SourceName":"Microsoft-Windows-Sysmon","ProviderGuid":"{5770385F-C22A-43E0-BF4C-06F5698FFBD9}","Version":2,"Task":13,"OpcodeValue":0,"RecordNumber":278201,"ProcessID":3224,"ThreadID":4128,"Channel":"Microsoft-Windows-Sysmon/Operational","Domain":"NT AUTHORITY","AccountName":"SYSTEM","UserID":"S-1-5-18","AccountType":"User","Message":"Registry value set:\r\nRuleName: technique_id=T1543,technique_name=Service Creation\r\nEventType: SetValue\r\nUtcTime: 2022-07-08 13:40:54.503\r\nProcessGuid: {3be6fa21-31c3-62c8-0b00-000000001100}\r\nProcessId: 636\r\nImage: C:\\Windows\\system32\\services.exe\r\nTargetObject: HKLM\\System\\CurrentControlSet\\Services\\CDPUserSvc_16637d\\FailureActions\r\nDetails: Binary Data\r\nUser: NT AUTHORITY\\SYSTEM","Category":"Registry value set (rule: RegistryEvent)","Opcode":"Info","RuleName":"technique_id=T1543,technique_name=Service Creation","UtcTime":"2022-07-08 13:40:54.503","ProcessGuid":"{3be6fa21-31c3-62c8-0b00-000000001100}","Image":"C:\\Windows\\system32\\services.exe","TargetObject":"HKLM\\System\\CurrentControlSet\\Services\\CDPUserSvc_16637d\\FailureActions","Details":"Binary Data","User":"NT AUTHORITY\\SYSTEM","EventReceivedTime":1657287655,"SourceModuleName":"in_sysmon","SourceModuleType":"im_msvistalog"}
<14>Jul  8 13:40:55 activedir.stackedpads.local Microsoft-Windows-Sysmon[3224]: {"EventTime":1657287654,"Hostname":"activedir.stackedpads.local","Keywords":-9223372036854775808,"EventType":"INFO","SeverityValue":2,"Severity":"INFO","EventID":12,"SourceName":"Microsoft-Windows-Sysmon","ProviderGuid":"{5770385F-C22A-43E0-BF4C-06F5698FFBD9}","Version":2,"Task":12,"OpcodeValue":0,"RecordNumber":278253,"ProcessID":3224,"ThreadID":4128,"Channel":"Microsoft-Windows-Sysmon/Operational","Domain":"NT AUTHORITY","AccountName":"SYSTEM","UserID":"S-1-5-18","AccountType":"User","Message":"Registry object added or deleted:\r\nRuleName: technique_id=T1543,technique_name=Service Creation\r\nEventType: CreateKey\r\nUtcTime: 2022-07-08 13:40:54.503\r\nProcessGuid: {3be6fa21-31c3-62c8-0b00-000000001100}\r\nProcessId: 636\r\nImage: C:\\Windows\\system32\\services.exe\r\nTargetObject: HKLM\\System\\CurrentControlSet\\Services\\UnistoreSvc_16637d\r\nUser: NT AUTHORITY\\SYSTEM","Category":"Registry object added or deleted (rule: RegistryEvent)","Opcode":"Info","RuleName":"technique_id=T1543,technique_name=Service Creation","UtcTime":"2022-07-08 13:40:54.503","ProcessGuid":"{3be6fa21-31c3-62c8-0b00-000000001100}","Image":"C:\\Windows\\system32\\services.exe","TargetObject":"HKLM\\System\\CurrentControlSet\\Services\\UnistoreSvc_16637d","User":"NT AUTHORITY\\SYSTEM","EventReceivedTime":1657287655,"SourceModuleName":"in_sysmon","SourceModuleType":"im_msvistalog"}
<14>Jul  8 13:40:55 activedir.stackedpads.local Microsoft-Windows-Sysmon[3224]: {"EventTime":1657287654,"Hostname":"activedir.stackedpads.local","Keywords":-9223372036854775808,"EventType":"INFO","SeverityValue":2,"Severity":"INFO","EventID":13,"SourceName":"Microsoft-Windows-Sysmon","ProviderGuid":"{5770385F-C22A-43E0-BF4C-06F5698FFBD9}","Version":2,"Task":13,"OpcodeValue":0,"RecordNumber":278194,"ProcessID":3224,"ThreadID":4128,"Channel":"Microsoft-Windows-Sysmon/Operational","Domain":"NT AUTHORITY","AccountName":"SYSTEM","UserID":"S-1-5-18","AccountType":"User","Message":"Registry value set:\r\nRuleName: technique_id=T1543,technique_name=Service Creation\r\nEventType: SetValue\r\nUtcTime: 2022-07-08 13:40:54.503\r\nProcessGuid: {3be6fa21-31c3-62c8-0b00-000000001100}\r\nProcessId: 636\r\nImage: C:\\Windows\\system32\\services.exe\r\nTargetObject: HKLM\\System\\CurrentControlSet\\Services\\CDPUserSvc_16637d\\Type\r\nDetails: DWORD (0x000000e0)\r\nUser: NT AUTHORITY\\SYSTEM","Category":"Registry value set (rule: RegistryEvent)","Opcode":"Info","RuleName":"technique_id=T1543,technique_name=Service Creation","UtcTime":"2022-07-08 13:40:54.503","ProcessGuid":"{3be6fa21-31c3-62c8-0b00-000000001100}","Image":"C:\\Windows\\system32\\services.exe","TargetObject":"HKLM\\System\\CurrentControlSet\\Services\\CDPUserSvc_16637d\\Type","Details":"DWORD (0x000000e0)","User":"NT AUTHORITY\\SYSTEM","EventReceivedTime":1657287655,"SourceModuleName":"in_sysmon","SourceModuleType":"im_msvistalog"}
<14>Jul  8 13:40:55 activedir.stackedpads.local Microsoft-Windows-Sysmon[3224]: {"EventTime":1657287654,"Hostname":"activedir.stackedpads.local","Keywords":-9223372036854775808,"EventType":"INFO","SeverityValue":2,"Severity":"INFO","EventID":12,"SourceName":"Microsoft-Windows-Sysmon","ProviderGuid":"{5770385F-C22A-43E0-BF4C-06F5698FFBD9}","Version":2,"Task":12,"OpcodeValue":0,"RecordNumber":278233,"ProcessID":3224,"ThreadID":4128,"Channel":"Microsoft-Windows-Sysmon/Operational","Domain":"NT AUTHORITY","AccountName":"SYSTEM","UserID":"S-1-5-18","AccountType":"User","Message":"Registry object added or deleted:\r\nRuleName: technique_id=T1543,technique_name=Service Creation\r\nEventType: CreateKey\r\nUtcTime: 2022-07-08 13:40:54.503\r\nProcessGuid: {3be6fa21-31c3-62c8-0b00-000000001100}\r\nProcessId: 636\r\nImage: C:\\Windows\\system32\\services.exe\r\nTargetObject: HKLM\\System\\CurrentControlSet\\Services\\PimIndexMaintenanceSvc_16637d\r\nUser: NT AUTHORITY\\SYSTEM","Category":"Registry object added or deleted (rule: RegistryEvent)","Opcode":"Info","RuleName":"technique_id=T1543,technique_name=Service Creation","UtcTime":"2022-07-08 13:40:54.503","ProcessGuid":"{3be6fa21-31c3-62c8-0b00-000000001100}","Image":"C:\\Windows\\system32\\services.exe","TargetObject":"HKLM\\System\\CurrentControlSet\\Services\\PimIndexMaintenanceSvc_16637d","User":"NT AUTHORITY\\SYSTEM","EventReceivedTime":1657287655,"SourceModuleName":"in_sysmon","SourceModuleType":"im_msvistalog"}
<14>Jul  8 13:40:55 activedir.stackedpads.local Microsoft-Windows-Sysmon[3224]: {"EventTime":1657287654,"Hostname":"activedir.stackedpads.local","Keywords":-9223372036854775808,"EventType":"INFO","SeverityValue":2,"Severity":"INFO","EventID":13,"SourceName":"Microsoft-Windows-Sysmon","ProviderGuid":"{5770385F-C22A-43E0-BF4C-06F5698FFBD9}","Version":2,"Task":13,"OpcodeValue":0,"RecordNumber":278240,"ProcessID":3224,"ThreadID":4128,"Channel":"Microsoft-Windows-Sysmon/Operational","Domain":"NT AUTHORITY","AccountName":"SYSTEM","UserID":"S-1-5-18","AccountType":"User","Message":"Registry value set:\r\nRuleName: technique_id=T1543,technique_name=Service Creation\r\nEventType: SetValue\r\nUtcTime: 2022-07-08 13:40:54.503\r\nProcessGuid: {3be6fa21-31c3-62c8-0b00-000000001100}\r\nProcessId: 636\r\nImage: C:\\Windows\\system32\\services.exe\r\nTargetObject: HKLM\\System\\CurrentControlSet\\Services\\PimIndexMaintenanceSvc_16637d\\Security\\Security\r\nDetails: Binary Data\r\nUser: NT AUTHORITY\\SYSTEM","Category":"Registry value set (rule: RegistryEvent)","Opcode":"Info","RuleName":"technique_id=T1543,technique_name=Service Creation","UtcTime":"2022-07-08 13:40:54.503","ProcessGuid":"{3be6fa21-31c3-62c8-0b00-000000001100}","Image":"C:\\Windows\\system32\\services.exe","TargetObject":"HKLM\\System\\CurrentControlSet\\Services\\PimIndexMaintenanceSvc_16637d\\Security\\Security","Details":"Binary Data","User":"NT AUTHORITY\\SYSTEM","EventReceivedTime":1657287655,"SourceModuleName":"in_sysmon","SourceModuleType":"im_msvistalog"}
<14>Jul  8 13:40:55 activedir.stackedpads.local Microsoft-Windows-Sysmon[3224]: {"EventTime":1657287654,"Hostname":"activedir.stackedpads.local","Keywords":-9223372036854775808,"EventType":"INFO","SeverityValue":2,"Severity":"INFO","EventID":12,"SourceName":"Microsoft-Windows-Sysmon","ProviderGuid":"{5770385F-C22A-43E0-BF4C-06F5698FFBD9}","Version":2,"Task":12,"OpcodeValue":0,"RecordNumber":278213,"ProcessID":3224,"ThreadID":4128,"Channel":"Microsoft-Windows-Sysmon/Operational","Domain":"NT AUTHORITY","AccountName":"SYSTEM","UserID":"S-1-5-18","AccountType":"User","Message":"Registry object added or deleted:\r\nRuleName: technique_id=T1543,technique_name=Service Creation\r\nEventType: CreateKey\r\nUtcTime: 2022-07-08 13:40:54.503\r\nProcessGuid: {3be6fa21-31c3-62c8-0b00-000000001100}\r\nProcessId: 636\r\nImage: C:\\Windows\\system32\\services.exe\r\nTargetObject: HKLM\\System\\CurrentControlSet\\Services\\DevicePickerUserSvc_16637d\r\nUser: NT AUTHORITY\\SYSTEM","Category":"Registry object added or deleted (rule: RegistryEvent)","Opcode":"Info","RuleName":"technique_id=T1543,technique_name=Service Creation","UtcTime":"2022-07-08 13:40:54.503","ProcessGuid":"{3be6fa21-31c3-62c8-0b00-000000001100}","Image":"C:\\Windows\\system32\\services.exe","TargetObject":"HKLM\\System\\CurrentControlSet\\Services\\DevicePickerUserSvc_16637d","User":"NT AUTHORITY\\SYSTEM","EventReceivedTime":1657287655,"SourceModuleName":"in_sysmon","SourceModuleType":"im_msvistalog"}
<14>Jul  8 13:40:55 activedir.stackedpads.local Microsoft-Windows-Sysmon[3224]: {"EventTime":1657287654,"Hostname":"activedir.stackedpads.local","Keywords":-9223372036854775808,"EventType":"INFO","SeverityValue":2,"Severity":"INFO","EventID":13,"SourceName":"Microsoft-Windows-Sysmon","ProviderGuid":"{5770385F-C22A-43E0-BF4C-06F5698FFBD9}","Version":2,"Task":13,"OpcodeValue":0,"RecordNumber":278278,"ProcessID":3224,"ThreadID":4128,"Channel":"Microsoft-Windows-Sysmon/Operational","Domain":"NT AUTHORITY","AccountName":"SYSTEM","UserID":"S-1-5-18","AccountType":"User","Message":"Registry value set:\r\nRuleName: technique_id=T1543,technique_name=Service Creation\r\nEventType: SetValue\r\nUtcTime: 2022-07-08 13:40:54.503\r\nProcessGuid: {3be6fa21-31c3-62c8-0b00-000000001100}\r\nProcessId: 636\r\nImage: C:\\Windows\\system32\\services.exe\r\nTargetObject: HKLM\\System\\CurrentControlSet\\Services\\WpnUserService_16637d\\DisplayName\r\nDetails: Windows Push Notifications User Service_16637d\r\nUser: NT AUTHORITY\\SYSTEM","Category":"Registry value set (rule: RegistryEvent)","Opcode":"Info","RuleName":"technique_id=T1543,technique_name=Service Creation","UtcTime":"2022-07-08 13:40:54.503","ProcessGuid":"{3be6fa21-31c3-62c8-0b00-000000001100}","Image":"C:\\Windows\\system32\\services.exe","TargetObject":"HKLM\\System\\CurrentControlSet\\Services\\WpnUserService_16637d\\DisplayName","Details":"Windows Push Notifications User Service_16637d","User":"NT AUTHORITY\\SYSTEM","EventReceivedTime":1657287655,"SourceModuleName":"in_sysmon","SourceModuleType":"im_msvistalog"}
<14>Jul  8 13:40:54 activedir.stackedpads.local Microsoft-Windows-Sysmon[3224]: {"EventTime":1657287654,"Hostname":"activedir.stackedpads.local","Keywords":-9223372036854775808,"EventType":"INFO","SeverityValue":2,"Severity":"INFO","EventID":12,"SourceName":"Microsoft-Windows-Sysmon","ProviderGuid":"{5770385F-C22A-43E0-BF4C-06F5698FFBD9}","Version":2,"Task":12,"OpcodeValue":0,"RecordNumber":278183,"ProcessID":3224,"ThreadID":4128,"Channel":"Microsoft-Windows-Sysmon/Operational","Domain":"NT AUTHORITY","AccountName":"SYSTEM","UserID":"S-1-5-18","AccountType":"User","Message":"Registry object added or deleted:\r\nRuleName: technique_id=T1543,technique_name=Service Creation\r\nEventType: CreateKey\r\nUtcTime: 2022-07-08 13:40:54.503\r\nProcessGuid: {3be6fa21-31c3-62c8-0b00-000000001100}\r\nProcessId: 636\r\nImage: C:\\Windows\\system32\\services.exe\r\nTargetObject: HKLM\\System\\CurrentControlSet\\Services\\cbdhsvc_16637d\r\nUser: NT AUTHORITY\\SYSTEM","Category":"Registry object added or deleted (rule: RegistryEvent)","Opcode":"Info","RuleName":"technique_id=T1543,technique_name=Service Creation","UtcTime":"2022-07-08 13:40:54.503","ProcessGuid":"{3be6fa21-31c3-62c8-0b00-000000001100}","Image":"C:\\Windows\\system32\\services.exe","TargetObject":"HKLM\\System\\CurrentControlSet\\Services\\cbdhsvc_16637d","User":"NT AUTHORITY\\SYSTEM","EventReceivedTime":1657287654,"SourceModuleName":"in_sysmon","SourceModuleType":"im_msvistalog"}
<14>Jul  8 13:40:55 activedir.stackedpads.local Microsoft-Windows-Sysmon[3224]: {"EventTime":1657287654,"Hostname":"activedir.stackedpads.local","Keywords":-9223372036854775808,"EventType":"INFO","SeverityValue":2,"Severity":"INFO","EventID":13,"SourceName":"Microsoft-Windows-Sysmon","ProviderGuid":"{5770385F-C22A-43E0-BF4C-06F5698FFBD9}","Version":2,"Task":13,"OpcodeValue":0,"RecordNumber":278235,"ProcessID":3224,"ThreadID":4128,"Channel":"Microsoft-Windows-Sysmon/Operational","Domain":"NT AUTHORITY","AccountName":"SYSTEM","UserID":"S-1-5-18","AccountType":"User","Message":"Registry value set:\r\nRuleName: -\r\nEventType: SetValue\r\nUtcTime: 2022-07-08 13:40:54.503\r\nProcessGuid: {3be6fa21-31c3-62c8-0b00-000000001100}\r\nProcessId: 636\r\nImage: C:\\Windows\\system32\\services.exe\r\nTargetObject: HKLM\\System\\CurrentControlSet\\Services\\PimIndexMaintenanceSvc_16637d\\Start\r\nDetails: DWORD (0x00000003)\r\nUser: NT AUTHORITY\\SYSTEM","Category":"Registry value set (rule: RegistryEvent)","Opcode":"Info","RuleName":"-","UtcTime":"2022-07-08 13:40:54.503","ProcessGuid":"{3be6fa21-31c3-62c8-0b00-000000001100}","Image":"C:\\Windows\\system32\\services.exe","TargetObject":"HKLM\\System\\CurrentControlSet\\Services\\PimIndexMaintenanceSvc_16637d\\Start","Details":"DWORD (0x00000003)","User":"NT AUTHORITY\\SYSTEM","EventReceivedTime":1657287655,"SourceModuleName":"in_sysmon","SourceModuleType":"im_msvistalog"}
<14>Jul  8 13:40:55 activedir.stackedpads.local Microsoft-Windows-Sysmon[3224]: {"EventTime":1657287654,"Hostname":"activedir.stackedpads.local","Keywords":-9223372036854775808,"EventType":"INFO","SeverityValue":2,"Severity":"INFO","EventID":12,"SourceName":"Microsoft-Windows-Sysmon","ProviderGuid":"{5770385F-C22A-43E0-BF4C-06F5698FFBD9}","Version":2,"Task":12,"OpcodeValue":0,"RecordNumber":278259,"ProcessID":3224,"ThreadID":4128,"Channel":"Microsoft-Windows-Sysmon/Operational","Domain":"NT AUTHORITY","AccountName":"SYSTEM","UserID":"S-1-5-18","AccountType":"User","Message":"Registry object added or deleted:\r\nRuleName: technique_id=T1543,technique_name=Service Creation\r\nEventType: CreateKey\r\nUtcTime: 2022-07-08 13:40:54.503\r\nProcessGuid: {3be6fa21-31c3-62c8-0b00-000000001100}\r\nProcessId: 636\r\nImage: C:\\Windows\\system32\\services.exe\r\nTargetObject: HKLM\\System\\CurrentControlSet\\Services\\UnistoreSvc_16637d\\Security\r\nUser: NT AUTHORITY\\SYSTEM","Category":"Registry object added or deleted (rule: RegistryEvent)","Opcode":"Info","RuleName":"technique_id=T1543,technique_name=Service Creation","UtcTime":"2022-07-08 13:40:54.503","ProcessGuid":"{3be6fa21-31c3-62c8-0b00-000000001100}","Image":"C:\\Windows\\system32\\services.exe","TargetObject":"HKLM\\System\\CurrentControlSet\\Services\\UnistoreSvc_16637d\\Security","User":"NT AUTHORITY\\SYSTEM","EventReceivedTime":1657287655,"SourceModuleName":"in_sysmon","SourceModuleType":"im_msvistalog"}
<14>Jul  8 13:40:55 activedir.stackedpads.local Microsoft-Windows-Sysmon[3224]: {"EventTime":1657287654,"Hostname":"activedir.stackedpads.local","Keywords":-9223372036854775808,"EventType":"INFO","SeverityValue":2,"Severity":"INFO","EventID":13,"SourceName":"Microsoft-Windows-Sysmon","ProviderGuid":"{5770385F-C22A-43E0-BF4C-06F5698FFBD9}","Version":2,"Task":13,"OpcodeValue":0,"RecordNumber":278272,"ProcessID":3224,"ThreadID":4128,"Channel":"Microsoft-Windows-Sysmon/Operational","Domain":"NT AUTHORITY","AccountName":"SYSTEM","UserID":"S-1-5-18","AccountType":"User","Message":"Registry value set:\r\nRuleName: technique_id=T1543,technique_name=Service Creation\r\nEventType: SetValue\r\nUtcTime: 2022-07-08 13:40:54.503\r\nProcessGuid: {3be6fa21-31c3-62c8-0b00-000000001100}\r\nProcessId: 636\r\nImage: C:\\Windows\\system32\\services.exe\r\nTargetObject: HKLM\\System\\CurrentControlSet\\Services\\UserDataSvc_16637d\\Description\r\nDetails: @%%SystemRoot%%\\system32\\UserDataAccessRes.dll,-14000\r\nUser: NT AUTHORITY\\SYSTEM","Category":"Registry value set (rule: RegistryEvent)","Opcode":"Info","RuleName":"technique_id=T1543,technique_name=Service Creation","UtcTime":"2022-07-08 13:40:54.503","ProcessGuid":"{3be6fa21-31c3-62c8-0b00-000000001100}","Image":"C:\\Windows\\system32\\services.exe","TargetObject":"HKLM\\System\\CurrentControlSet\\Services\\UserDataSvc_16637d\\Description","Details":"@%%SystemRoot%%\\system32\\UserDataAccessRes.dll,-14000","User":"NT AUTHORITY\\SYSTEM","EventReceivedTime":1657287655,"SourceModuleName":"in_sysmon","SourceModuleType":"im_msvistalog"}
<14>Jul  8 13:40:55 activedir.stackedpads.local Microsoft-Windows-Sysmon[3224]: {"EventTime":1657287654,"Hostname":"activedir.stackedpads.local","Keywords":-9223372036854775808,"EventType":"INFO","SeverityValue":2,"Severity":"INFO","EventID":13,"SourceName":"Microsoft-Windows-Sysmon","ProviderGuid":"{5770385F-C22A-43E0-BF4C-06F5698FFBD9}","Version":2,"Task":13,"OpcodeValue":0,"RecordNumber":278238,"ProcessID":3224,"ThreadID":4128,"Channel":"Microsoft-Windows-Sysmon/Operational","Domain":"NT AUTHORITY","AccountName":"SYSTEM","UserID":"S-1-5-18","AccountType":"User","Message":"Registry value set:\r\nRuleName: technique_id=T1543,technique_name=Service Creation\r\nEventType: SetValue\r\nUtcTime: 2022-07-08 13:40:54.503\r\nProcessGuid: {3be6fa21-31c3-62c8-0b00-000000001100}\r\nProcessId: 636\r\nImage: C:\\Windows\\system32\\services.exe\r\nTargetObject: HKLM\\System\\CurrentControlSet\\Services\\PimIndexMaintenanceSvc_16637d\\DisplayName\r\nDetails: Contact Data_16637d\r\nUser: NT AUTHORITY\\SYSTEM","Category":"Registry value set (rule: RegistryEvent)","Opcode":"Info","RuleName":"technique_id=T1543,technique_name=Service Creation","UtcTime":"2022-07-08 13:40:54.503","ProcessGuid":"{3be6fa21-31c3-62c8-0b00-000000001100}","Image":"C:\\Windows\\system32\\services.exe","TargetObject":"HKLM\\System\\CurrentControlSet\\Services\\PimIndexMaintenanceSvc_16637d\\DisplayName","Details":"Contact Data_16637d","User":"NT AUTHORITY\\SYSTEM","EventReceivedTime":1657287655,"SourceModuleName":"in_sysmon","SourceModuleType":"im_msvistalog"}
<14>Jul  8 13:40:55 activedir.stackedpads.local Microsoft-Windows-Sysmon[3224]: {"EventTime":1657287654,"Hostname":"activedir.stackedpads.local","Keywords":-9223372036854775808,"EventType":"INFO","SeverityValue":2,"Severity":"INFO","EventID":13,"SourceName":"Microsoft-Windows-Sysmon","ProviderGuid":"{5770385F-C22A-43E0-BF4C-06F5698FFBD9}","Version":2,"Task":13,"OpcodeValue":0,"RecordNumber":278254,"ProcessID":3224,"ThreadID":4128,"Channel":"Microsoft-Windows-Sysmon/Operational","Domain":"NT AUTHORITY","AccountName":"SYSTEM","UserID":"S-1-5-18","AccountType":"User","Message":"Registry value set:\r\nRuleName: technique_id=T1543,technique_name=Service Creation\r\nEventType: SetValue\r\nUtcTime: 2022-07-08 13:40:54.503\r\nProcessGuid: {3be6fa21-31c3-62c8-0b00-000000001100}\r\nProcessId: 636\r\nImage: C:\\Windows\\system32\\services.exe\r\nTargetObject: HKLM\\System\\CurrentControlSet\\Services\\UnistoreSvc_16637d\\Type\r\nDetails: DWORD (0x000000e0)\r\nUser: NT AUTHORITY\\SYSTEM","Category":"Registry value set (rule: RegistryEvent)","Opcode":"Info","RuleName":"technique_id=T1543,technique_name=Service Creation","UtcTime":"2022-07-08 13:40:54.503","ProcessGuid":"{3be6fa21-31c3-62c8-0b00-000000001100}","Image":"C:\\Windows\\system32\\services.exe","TargetObject":"HKLM\\System\\CurrentControlSet\\Services\\UnistoreSvc_16637d\\Type","Details":"DWORD (0x000000e0)","User":"NT AUTHORITY\\SYSTEM","EventReceivedTime":1657287655,"SourceModuleName":"in_sysmon","SourceModuleType":"im_msvistalog"}
<14>Jul  8 13:40:54 activedir.stackedpads.local Microsoft-Windows-Sysmon[3224]: {"EventTime":1657287654,"Hostname":"activedir.stackedpads.local","Keywords":-9223372036854775808,"EventType":"INFO","SeverityValue":2,"Severity":"INFO","EventID":13,"SourceName":"Microsoft-Windows-Sysmon","ProviderGuid":"{5770385F-C22A-43E0-BF4C-06F5698FFBD9}","Version":2,"Task":13,"OpcodeValue":0,"RecordNumber":278187,"ProcessID":3224,"ThreadID":4128,"Channel":"Microsoft-Windows-Sysmon/Operational","Domain":"NT AUTHORITY","AccountName":"SYSTEM","UserID":"S-1-5-18","AccountType":"User","Message":"Registry value set:\r\nRuleName: -\r\nEventType: SetValue\r\nUtcTime: 2022-07-08 13:40:54.503\r\nProcessGuid: {3be6fa21-31c3-62c8-0b00-000000001100}\r\nProcessId: 636\r\nImage: C:\\Windows\\system32\\services.exe\r\nTargetObject: HKLM\\System\\CurrentControlSet\\Services\\cbdhsvc_16637d\\ImagePath\r\nDetails: C:\\Windows\\system32\\svchost.exe -k ClipboardSvcGroup -p\r\nUser: NT AUTHORITY\\SYSTEM","Category":"Registry value set (rule: RegistryEvent)","Opcode":"Info","RuleName":"-","UtcTime":"2022-07-08 13:40:54.503","ProcessGuid":"{3be6fa21-31c3-62c8-0b00-000000001100}","Image":"C:\\Windows\\system32\\services.exe","TargetObject":"HKLM\\System\\CurrentControlSet\\Services\\cbdhsvc_16637d\\ImagePath","Details":"C:\\Windows\\system32\\svchost.exe -k ClipboardSvcGroup -p","User":"NT AUTHORITY\\SYSTEM","EventReceivedTime":1657287654,"SourceModuleName":"in_sysmon","SourceModuleType":"im_msvistalog"}
<14>Jul  8 13:40:55 activedir.stackedpads.local Microsoft-Windows-Sysmon[3224]: {"EventTime":1657287654,"Hostname":"activedir.stackedpads.local","Keywords":-9223372036854775808,"EventType":"INFO","SeverityValue":2,"Severity":"INFO","EventID":13,"SourceName":"Microsoft-Windows-Sysmon","ProviderGuid":"{5770385F-C22A-43E0-BF4C-06F5698FFBD9}","Version":2,"Task":13,"OpcodeValue":0,"RecordNumber":278270,"ProcessID":3224,"ThreadID":4128,"Channel":"Microsoft-Windows-Sysmon/Operational","Domain":"NT AUTHORITY","AccountName":"SYSTEM","UserID":"S-1-5-18","AccountType":"User","Message":"Registry value set:\r\nRuleName: technique_id=T1543,technique_name=Service Creation\r\nEventType: SetValue\r\nUtcTime: 2022-07-08 13:40:54.503\r\nProcessGuid: {3be6fa21-31c3-62c8-0b00-000000001100}\r\nProcessId: 636\r\nImage: C:\\Windows\\system32\\services.exe\r\nTargetObject: HKLM\\System\\CurrentControlSet\\Services\\UserDataSvc_16637d\\Security\\Security\r\nDetails: Binary Data\r\nUser: NT AUTHORITY\\SYSTEM","Category":"Registry value set (rule: RegistryEvent)","Opcode":"Info","RuleName":"technique_id=T1543,technique_name=Service Creation","UtcTime":"2022-07-08 13:40:54.503","ProcessGuid":"{3be6fa21-31c3-62c8-0b00-000000001100}","Image":"C:\\Windows\\system32\\services.exe","TargetObject":"HKLM\\System\\CurrentControlSet\\Services\\UserDataSvc_16637d\\Security\\Security","Details":"Binary Data","User":"NT AUTHORITY\\SYSTEM","EventReceivedTime":1657287655,"SourceModuleName":"in_sysmon","SourceModuleType":"im_msvistalog"}
<14>Jul  8 13:40:55 activedir.stackedpads.local Microsoft-Windows-Sysmon[3224]: {"EventTime":1657287654,"Hostname":"activedir.stackedpads.local","Keywords":-9223372036854775808,"EventType":"INFO","SeverityValue":2,"Severity":"INFO","EventID":13,"SourceName":"Microsoft-Windows-Sysmon","ProviderGuid":"{5770385F-C22A-43E0-BF4C-06F5698FFBD9}","Version":2,"Task":13,"OpcodeValue":0,"RecordNumber":278247,"ProcessID":3224,"ThreadID":4128,"Channel":"Microsoft-Windows-Sysmon/Operational","Domain":"NT AUTHORITY","AccountName":"SYSTEM","UserID":"S-1-5-18","AccountType":"User","Message":"Registry value set:\r\nRuleName: -\r\nEventType: SetValue\r\nUtcTime: 2022-07-08 13:40:54.503\r\nProcessGuid: {3be6fa21-31c3-62c8-0b00-000000001100}\r\nProcessId: 636\r\nImage: C:\\Windows\\system32\\services.exe\r\nTargetObject: HKLM\\System\\CurrentControlSet\\Services\\PrintWorkflowUserSvc_16637d\\ImagePath\r\nDetails: C:\\Windows\\system32\\svchost.exe -k PrintWorkflow\r\nUser: NT AUTHORITY\\SYSTEM","Category":"Registry value set (rule: RegistryEvent)","Opcode":"Info","RuleName":"-","UtcTime":"2022-07-08 13:40:54.503","ProcessGuid":"{3be6fa21-31c3-62c8-0b00-000000001100}","Image":"C:\\Windows\\system32\\services.exe","TargetObject":"HKLM\\System\\CurrentControlSet\\Services\\PrintWorkflowUserSvc_16637d\\ImagePath","Details":"C:\\Windows\\system32\\svchost.exe -k PrintWorkflow","User":"NT AUTHORITY\\SYSTEM","EventReceivedTime":1657287655,"SourceModuleName":"in_sysmon","SourceModuleType":"im_msvistalog"}
<14>Jul  8 13:40:55 activedir.stackedpads.local Microsoft-Windows-Sysmon[3224]: {"EventTime":1657287654,"Hostname":"activedir.stackedpads.local","Keywords":-9223372036854775808,"EventType":"INFO","SeverityValue":2,"Severity":"INFO","EventID":13,"SourceName":"Microsoft-Windows-Sysmon","ProviderGuid":"{5770385F-C22A-43E0-BF4C-06F5698FFBD9}","Version":2,"Task":13,"OpcodeValue":0,"RecordNumber":278252,"ProcessID":3224,"ThreadID":4128,"Channel":"Microsoft-Windows-Sysmon/Operational","Domain":"NT AUTHORITY","AccountName":"SYSTEM","UserID":"S-1-5-18","AccountType":"User","Message":"Registry value set:\r\nRuleName: technique_id=T1543,technique_name=Service Creation\r\nEventType: SetValue\r\nUtcTime: 2022-07-08 13:40:54.503\r\nProcessGuid: {3be6fa21-31c3-62c8-0b00-000000001100}\r\nProcessId: 636\r\nImage: C:\\Windows\\system32\\services.exe\r\nTargetObject: HKLM\\System\\CurrentControlSet\\Services\\PrintWorkflowUserSvc_16637d\\Description\r\nDetails: @%%SystemRoot%%\\system32\\PrintWorkflowService.dll,-101\r\nUser: NT AUTHORITY\\SYSTEM","Category":"Registry value set (rule: RegistryEvent)","Opcode":"Info","RuleName":"technique_id=T1543,technique_name=Service Creation","UtcTime":"2022-07-08 13:40:54.503","ProcessGuid":"{3be6fa21-31c3-62c8-0b00-000000001100}","Image":"C:\\Windows\\system32\\services.exe","TargetObject":"HKLM\\System\\CurrentControlSet\\Services\\PrintWorkflowUserSvc_16637d\\Description","Details":"@%%SystemRoot%%\\system32\\PrintWorkflowService.dll,-101","User":"NT AUTHORITY\\SYSTEM","EventReceivedTime":1657287655,"SourceModuleName":"in_sysmon","SourceModuleType":"im_msvistalog"}
<14>Jul  8 13:40:55 activedir.stackedpads.local Microsoft-Windows-Sysmon[3224]: {"EventTime":1657287654,"Hostname":"activedir.stackedpads.local","Keywords":-9223372036854775808,"EventType":"INFO","SeverityValue":2,"Severity":"INFO","EventID":13,"SourceName":"Microsoft-Windows-Sysmon","ProviderGuid":"{5770385F-C22A-43E0-BF4C-06F5698FFBD9}","Version":2,"Task":13,"OpcodeValue":0,"RecordNumber":278228,"ProcessID":3224,"ThreadID":4128,"Channel":"Microsoft-Windows-Sysmon/Operational","Domain":"NT AUTHORITY","AccountName":"SYSTEM","UserID":"S-1-5-18","AccountType":"User","Message":"Registry value set:\r\nRuleName: technique_id=T1543,technique_name=Service Creation\r\nEventType: SetValue\r\nUtcTime: 2022-07-08 13:40:54.503\r\nProcessGuid: {3be6fa21-31c3-62c8-0b00-000000001100}\r\nProcessId: 636\r\nImage: C:\\Windows\\system32\\services.exe\r\nTargetObject: HKLM\\System\\CurrentControlSet\\Services\\DevicesFlowUserSvc_16637d\\DisplayName\r\nDetails: DevicesFlow_16637d\r\nUser: NT AUTHORITY\\SYSTEM","Category":"Registry value set (rule: RegistryEvent)","Opcode":"Info","RuleName":"technique_id=T1543,technique_name=Service Creation","UtcTime":"2022-07-08 13:40:54.503","ProcessGuid":"{3be6fa21-31c3-62c8-0b00-000000001100}","Image":"C:\\Windows\\system32\\services.exe","TargetObject":"HKLM\\System\\CurrentControlSet\\Services\\DevicesFlowUserSvc_16637d\\DisplayName","Details":"DevicesFlow_16637d","User":"NT AUTHORITY\\SYSTEM","EventReceivedTime":1657287655,"SourceModuleName":"in_sysmon","SourceModuleType":"im_msvistalog"}
<14>Jul  8 13:40:55 activedir.stackedpads.local Microsoft-Windows-Sysmon[3224]: {"EventTime":1657287654,"Hostname":"activedir.stackedpads.local","Keywords":-9223372036854775808,"EventType":"INFO","SeverityValue":2,"Severity":"INFO","EventID":13,"SourceName":"Microsoft-Windows-Sysmon","ProviderGuid":"{5770385F-C22A-43E0-BF4C-06F5698FFBD9}","Version":2,"Task":13,"OpcodeValue":0,"RecordNumber":278202,"ProcessID":3224,"ThreadID":4128,"Channel":"Microsoft-Windows-Sysmon/Operational","Domain":"NT AUTHORITY","AccountName":"SYSTEM","UserID":"S-1-5-18","AccountType":"User","Message":"Registry value set:\r\nRuleName: technique_id=T1543,technique_name=Service Creation\r\nEventType: SetValue\r\nUtcTime: 2022-07-08 13:40:54.503\r\nProcessGuid: {3be6fa21-31c3-62c8-0b00-000000001100}\r\nProcessId: 636\r\nImage: C:\\Windows\\system32\\services.exe\r\nTargetObject: HKLM\\System\\CurrentControlSet\\Services\\CDPUserSvc_16637d\\Description\r\nDetails: @%%SystemRoot%%\\system32\\cdpusersvc.dll,-101\r\nUser: NT AUTHORITY\\SYSTEM","Category":"Registry value set (rule: RegistryEvent)","Opcode":"Info","RuleName":"technique_id=T1543,technique_name=Service Creation","UtcTime":"2022-07-08 13:40:54.503","ProcessGuid":"{3be6fa21-31c3-62c8-0b00-000000001100}","Image":"C:\\Windows\\system32\\services.exe","TargetObject":"HKLM\\System\\CurrentControlSet\\Services\\CDPUserSvc_16637d\\Description","Details":"@%%SystemRoot%%\\system32\\cdpusersvc.dll,-101","User":"NT AUTHORITY\\SYSTEM","EventReceivedTime":1657287655,"SourceModuleName":"in_sysmon","SourceModuleType":"im_msvistalog"}
<14>Jul  8 13:40:55 activedir.stackedpads.local Microsoft-Windows-Sysmon[3224]: {"EventTime":1657287654,"Hostname":"activedir.stackedpads.local","Keywords":-9223372036854775808,"EventType":"INFO","SeverityValue":2,"Severity":"INFO","EventID":13,"SourceName":"Microsoft-Windows-Sysmon","ProviderGuid":"{5770385F-C22A-43E0-BF4C-06F5698FFBD9}","Version":2,"Task":13,"OpcodeValue":0,"RecordNumber":278282,"ProcessID":3224,"ThreadID":4128,"Channel":"Microsoft-Windows-Sysmon/Operational","Domain":"NT AUTHORITY","AccountName":"SYSTEM","UserID":"S-1-5-18","AccountType":"User","Message":"Registry value set:\r\nRuleName: technique_id=T1543,technique_name=Service Creation\r\nEventType: SetValue\r\nUtcTime: 2022-07-08 13:40:54.503\r\nProcessGuid: {3be6fa21-31c3-62c8-0b00-000000001100}\r\nProcessId: 636\r\nImage: C:\\Windows\\system32\\services.exe\r\nTargetObject: HKLM\\System\\CurrentControlSet\\Services\\WpnUserService_16637d\\Description\r\nDetails: @%%SystemRoot%%\\system32\\WpnUserService.dll,-2\r\nUser: NT AUTHORITY\\SYSTEM","Category":"Registry value set (rule: RegistryEvent)","Opcode":"Info","RuleName":"technique_id=T1543,technique_name=Service Creation","UtcTime":"2022-07-08 13:40:54.503","ProcessGuid":"{3be6fa21-31c3-62c8-0b00-000000001100}","Image":"C:\\Windows\\system32\\services.exe","TargetObject":"HKLM\\System\\CurrentControlSet\\Services\\WpnUserService_16637d\\Description","Details":"@%%SystemRoot%%\\system32\\WpnUserService.dll,-2","User":"NT AUTHORITY\\SYSTEM","EventReceivedTime":1657287655,"SourceModuleName":"in_sysmon","SourceModuleType":"im_msvistalog"}
<14>Jul  8 13:40:55 activedir.stackedpads.local Microsoft-Windows-Sysmon[3224]: {"EventTime":1657287654,"Hostname":"activedir.stackedpads.local","Keywords":-9223372036854775808,"EventType":"INFO","SeverityValue":2,"Severity":"INFO","EventID":13,"SourceName":"Microsoft-Windows-Sysmon","ProviderGuid":"{5770385F-C22A-43E0-BF4C-06F5698FFBD9}","Version":2,"Task":13,"OpcodeValue":0,"RecordNumber":278222,"ProcessID":3224,"ThreadID":4128,"Channel":"Microsoft-Windows-Sysmon/Operational","Domain":"NT AUTHORITY","AccountName":"SYSTEM","UserID":"S-1-5-18","AccountType":"User","Message":"Registry value set:\r\nRuleName: technique_id=T1543,technique_name=Service Creation\r\nEventType: SetValue\r\nUtcTime: 2022-07-08 13:40:54.503\r\nProcessGuid: {3be6fa21-31c3-62c8-0b00-000000001100}\r\nProcessId: 636\r\nImage: C:\\Windows\\system32\\services.exe\r\nTargetObject: HKLM\\System\\CurrentControlSet\\Services\\DevicePickerUserSvc_16637d\\Description\r\nDetails: @%%SystemRoot%%\\system32\\Windows.Devices.Picker.dll,-1007\r\nUser: NT AUTHORITY\\SYSTEM","Category":"Registry value set (rule: RegistryEvent)","Opcode":"Info","RuleName":"technique_id=T1543,technique_name=Service Creation","UtcTime":"2022-07-08 13:40:54.503","ProcessGuid":"{3be6fa21-31c3-62c8-0b00-000000001100}","Image":"C:\\Windows\\system32\\services.exe","TargetObject":"HKLM\\System\\CurrentControlSet\\Services\\DevicePickerUserSvc_16637d\\Description","Details":"@%%SystemRoot%%\\system32\\Windows.Devices.Picker.dll,-1007","User":"NT AUTHORITY\\SYSTEM","EventReceivedTime":1657287655,"SourceModuleName":"in_sysmon","SourceModuleType":"im_msvistalog"}
<14>Jul  8 13:40:54 activedir.stackedpads.local Microsoft-Windows-Sysmon[3224]: {"EventTime":1657287654,"Hostname":"activedir.stackedpads.local","Keywords":-9223372036854775808,"EventType":"INFO","SeverityValue":2,"Severity":"INFO","EventID":12,"SourceName":"Microsoft-Windows-Sysmon","ProviderGuid":"{5770385F-C22A-43E0-BF4C-06F5698FFBD9}","Version":2,"Task":12,"OpcodeValue":0,"RecordNumber":278179,"ProcessID":3224,"ThreadID":4128,"Channel":"Microsoft-Windows-Sysmon/Operational","Domain":"NT AUTHORITY","AccountName":"SYSTEM","UserID":"S-1-5-18","AccountType":"User","Message":"Registry object added or deleted:\r\nRuleName: technique_id=T1543,technique_name=Service Creation\r\nEventType: CreateKey\r\nUtcTime: 2022-07-08 13:40:54.503\r\nProcessGuid: {3be6fa21-31c3-62c8-0b00-000000001100}\r\nProcessId: 636\r\nImage: C:\\Windows\\system32\\services.exe\r\nTargetObject: HKLM\\System\\CurrentControlSet\\Services\\CaptureService_16637d\\Security\r\nUser: NT AUTHORITY\\SYSTEM","Category":"Registry object added or deleted (rule: RegistryEvent)","Opcode":"Info","RuleName":"technique_id=T1543,technique_name=Service Creation","UtcTime":"2022-07-08 13:40:54.503","ProcessGuid":"{3be6fa21-31c3-62c8-0b00-000000001100}","Image":"C:\\Windows\\system32\\services.exe","TargetObject":"HKLM\\System\\CurrentControlSet\\Services\\CaptureService_16637d\\Security","User":"NT AUTHORITY\\SYSTEM","EventReceivedTime":1657287654,"SourceModuleName":"in_sysmon","SourceModuleType":"im_msvistalog"}
