<14>Jul  8 13:42:22 activedir.stackedpads.local Microsoft-Windows-Sysmon[3224]: {"EventTime":1657287740,"Hostname":"activedir.stackedpads.local","Keywords":-9223372036854775808,"EventType":"INFO","SeverityValue":2,"Severity":"INFO","EventID":13,"SourceName":"Microsoft-Windows-Sysmon","ProviderGuid":"{5770385F-C22A-43E0-BF4C-06F5698FFBD9}","Version":2,"Task":13,"OpcodeValue":0,"RecordNumber":278354,"ProcessID":3224,"ThreadID":4128,"Channel":"Microsoft-Windows-Sysmon/Operational","Domain":"NT AUTHORITY","AccountName":"SYSTEM","UserID":"S-1-5-18","AccountType":"User","Message":"Registry value set:\r\nRuleName: technique_id=T1053,technique_name=Scheduled Task\r\nEventType: SetValue\r\nUtcTime: 2022-07-08 13:42:20.390\r\nProcessGuid: {3be6fa21-31c7-62c8-2700-000000001100}\r\nProcessId: 1744\r\nImage: C:\\Windows\\system32\\svchost.exe\r\nTargetObject: HKLM\\SOFTWARE\\Microsoft\\Windows NT\\CurrentVersion\\Schedule\\TaskCache\\Tree\\Microsoft\\Windows\\Windows Defender\\Windows Defender Scheduled Scan\\SD\r\nDetails: Binary Data\r\nUser: NT AUTHORITY\\SYSTEM","Category":"Registry value set (rule: RegistryEvent)","Opcode":"Info","RuleName":"technique_id=T1053,technique_name=Scheduled Task","UtcTime":"2022-07-08 13:42:20.390","ProcessGuid":"{3be6fa21-31c7-62c8-2700-000000001100}","Image":"C:\\Windows\\system32\\svchost.exe","TargetObject":"HKLM\\SOFTWARE\\Microsoft\\Windows NT\\CurrentVersion\\Schedule\\TaskCache\\Tree\\Microsoft\\Windows\\Windows Defender\\Windows Defender Scheduled Scan\\SD","Details":"Binary Data","User":"NT AUTHORITY\\SYSTEM","EventReceivedTime":1657287742,"SourceModuleName":"in_sysmon","SourceModuleType":"im_msvistalog"}
<14>Jul  8 13:42:22 activedir.stackedpads.local Microsoft-Windows-Sysmon[3224]: {"EventTime":1657287740,"Hostname":"activedir.stackedpads.local","Keywords":-9223372036854775808,"EventType":"INFO","SeverityValue":2,"Severity":"INFO","EventID":12,"SourceName":"Microsoft-Windows-Sysmon","ProviderGuid":"{5770385F-C22A-43E0-BF4C-06F5698FFBD9}","Version":2,"Task":12,"OpcodeValue":0,"RecordNumber":278353,"ProcessID":3224,"ThreadID":4128,"Channel":"Microsoft-Windows-Sysmon/Operational","Domain":"NT AUTHORITY","AccountName":"SYSTEM","UserID":"S-1-5-18","AccountType":"User","Message":"Registry object added or deleted:\r\nRuleName: technique_id=T1053,technique_name=Scheduled Task\r\nEventType: CreateKey\r\nUtcTime: 2022-07-08 13:42:20.390\r\nProcessGuid: {3be6fa21-31c7-62c8-2700-000000001100}\r\nProcessId: 1744\r\nImage: C:\\Windows\\system32\\svchost.exe\r\nTargetObject: HKLM\\SOFTWARE\\Microsoft\\Windows NT\\CurrentVersion\\Schedule\\TaskCache\\Tree\\Microsoft\\Windows\\Windows Defender\\Windows Defender Scheduled Scan\r\nUser: NT AUTHORITY\\SYSTEM","Category":"Registry object added or deleted (rule: RegistryEvent)","Opcode":"Info","RuleName":"technique_id=T1053,technique_name=Scheduled Task","UtcTime":"2022-07-08 13:42:20.390","ProcessGuid":"{3be6fa21-31c7-62c8-2700-000000001100}","Image":"C:\\Windows\\system32\\svchost.exe","TargetObject":"HKLM\\SOFTWARE\\Microsoft\\Windows NT\\CurrentVersion\\Schedule\\TaskCache\\Tree\\Microsoft\\Windows\\Windows Defender\\Windows Defender Scheduled Scan","User":"NT AUTHORITY\\SYSTEM","EventReceivedTime":1657287742,"SourceModuleName":"in_sysmon","SourceModuleType":"im_msvistalog"}
<14>Jul  8 13:42:22 activedir.stackedpads.local Microsoft-Windows-Sysmon[3224]: {"EventTime":1657287740,"Hostname":"activedir.stackedpads.local","Keywords":-9223372036854775808,"EventType":"INFO","SeverityValue":2,"Severity":"INFO","EventID":12,"SourceName":"Microsoft-Windows-Sysmon","ProviderGuid":"{5770385F-C22A-43E0-BF4C-06F5698FFBD9}","Version":2,"Task":12,"OpcodeValue":0,"RecordNumber":278352,"ProcessID":3224,"ThreadID":4128,"Channel":"Microsoft-Windows-Sysmon/Operational","Domain":"NT AUTHORITY","AccountName":"SYSTEM","UserID":"S-1-5-18","AccountType":"User","Message":"Registry object added or deleted:\r\nRuleName: technique_id=T1053,technique_name=Scheduled Task\r\nEventType: DeleteKey\r\nUtcTime: 2022-07-08 13:42:20.390\r\nProcessGuid: {3be6fa21-31c7-62c8-2700-000000001100}\r\nProcessId: 1744\r\nImage: C:\\Windows\\system32\\svchost.exe\r\nTargetObject: HKLM\\SOFTWARE\\Microsoft\\Windows NT\\CurrentVersion\\Schedule\\TaskCache\\Tree\\Microsoft\\Windows\\Windows Defender\\Windows Defender Scheduled Scan\r\nUser: NT AUTHORITY\\SYSTEM","Category":"Registry object added or deleted (rule: RegistryEvent)","Opcode":"Info","RuleName":"technique_id=T1053,technique_name=Scheduled Task","UtcTime":"2022-07-08 13:42:20.390","ProcessGuid":"{3be6fa21-31c7-62c8-2700-000000001100}","Image":"C:\\Windows\\system32\\svchost.exe","TargetObject":"HKLM\\SOFTWARE\\Microsoft\\Windows NT\\CurrentVersion\\Schedule\\TaskCache\\Tree\\Microsoft\\Windows\\Windows Defender\\Windows Defender Scheduled Scan","User":"NT AUTHORITY\\SYSTEM","EventReceivedTime":1657287742,"SourceModuleName":"in_sysmon","SourceModuleType":"im_msvistalog"}
<14>Jul  8 13:42:22 activedir.stackedpads.local Microsoft-Windows-Sysmon[3224]: {"EventTime":1657287740,"Hostname":"activedir.stackedpads.local","Keywords":-9223372036854775808,"EventType":"INFO","SeverityValue":2,"Severity":"INFO","EventID":13,"SourceName":"Microsoft-Windows-Sysmon","ProviderGuid":"{5770385F-C22A-43E0-BF4C-06F5698FFBD9}","Version":2,"Task":13,"OpcodeValue":0,"RecordNumber":278355,"ProcessID":3224,"ThreadID":4128,"Channel":"Microsoft-Windows-Sysmon/Operational","Domain":"NT AUTHORITY","AccountName":"SYSTEM","UserID":"S-1-5-18","AccountType":"User","Message":"Registry value set:\r\nRuleName: technique_id=T1053,technique_name=Scheduled Task\r\nEventType: SetValue\r\nUtcTime: 2022-07-08 13:42:20.390\r\nProcessGuid: {3be6fa21-31c7-62c8-2700-000000001100}\r\nProcessId: 1744\r\nImage: C:\\Windows\\system32\\svchost.exe\r\nTargetObject: HKLM\\SOFTWARE\\Microsoft\\Windows NT\\CurrentVersion\\Schedule\\TaskCache\\Tree\\Microsoft\\Windows\\Windows Defender\\Windows Defender Scheduled Scan\\Id\r\nDetails: {9B99F30D-4E1C-433D-8C0A-6DA703579E07}\r\nUser: NT AUTHORITY\\SYSTEM","Category":"Registry value set (rule: RegistryEvent)","Opcode":"Info","RuleName":"technique_id=T1053,technique_name=Scheduled Task","UtcTime":"2022-07-08 13:42:20.390","ProcessGuid":"{3be6fa21-31c7-62c8-2700-000000001100}","Image":"C:\\Windows\\system32\\svchost.exe","TargetObject":"HKLM\\SOFTWARE\\Microsoft\\Windows NT\\CurrentVersion\\Schedule\\TaskCache\\Tree\\Microsoft\\Windows\\Windows Defender\\Windows Defender Scheduled Scan\\Id","Details":"{9B99F30D-4E1C-433D-8C0A-6DA703579E07}","User":"NT AUTHORITY\\SYSTEM","EventReceivedTime":1657287742,"SourceModuleName":"in_sysmon","SourceModuleType":"im_msvistalog"}
<14>Jul  8 13:42:22 activedir.stackedpads.local Microsoft-Windows-Sysmon[3224]: {"EventTime":1657287740,"Hostname":"activedir.stackedpads.local","Keywords":-9223372036854775808,"EventType":"INFO","SeverityValue":2,"Severity":"INFO","EventID":13,"SourceName":"Microsoft-Windows-Sysmon","ProviderGuid":"{5770385F-C22A-43E0-BF4C-06F5698FFBD9}","Version":2,"Task":13,"OpcodeValue":0,"RecordNumber":278356,"ProcessID":3224,"ThreadID":4128,"Channel":"Microsoft-Windows-Sysmon/Operational","Domain":"NT AUTHORITY","AccountName":"SYSTEM","UserID":"S-1-5-18","AccountType":"User","Message":"Registry value set:\r\nRuleName: technique_id=T1053,technique_name=Scheduled Task\r\nEventType: SetValue\r\nUtcTime: 2022-07-08 13:42:20.390\r\nProcessGuid: {3be6fa21-31c7-62c8-2700-000000001100}\r\nProcessId: 1744\r\nImage: C:\\Windows\\system32\\svchost.exe\r\nTargetObject: HKLM\\SOFTWARE\\Microsoft\\Windows NT\\CurrentVersion\\Schedule\\TaskCache\\Tree\\Microsoft\\Windows\\Windows Defender\\Windows Defender Scheduled Scan\\Index\r\nDetails: DWORD (0x00000003)\r\nUser: NT AUTHORITY\\SYSTEM","Category":"Registry value set (rule: RegistryEvent)","Opcode":"Info","RuleName":"technique_id=T1053,technique_name=Scheduled Task","UtcTime":"2022-07-08 13:42:20.390","ProcessGuid":"{3be6fa21-31c7-62c8-2700-000000001100}","Image":"C:\\Windows\\system32\\svchost.exe","TargetObject":"HKLM\\SOFTWARE\\Microsoft\\Windows NT\\CurrentVersion\\Schedule\\TaskCache\\Tree\\Microsoft\\Windows\\Windows Defender\\Windows Defender Scheduled Scan\\Index","Details":"DWORD (0x00000003)","User":"NT AUTHORITY\\SYSTEM","EventReceivedTime":1657287742,"SourceModuleName":"in_sysmon","SourceModuleType":"im_msvistalog"}
<14>Jul  8 13:42:22 activedir.stackedpads.local Microsoft-Windows-Sysmon[3224]: {"EventTime":1657287740,"Hostname":"activedir.stackedpads.local","Keywords":-9223372036854775808,"EventType":"INFO","SeverityValue":2,"Severity":"INFO","EventID":11,"SourceName":"Microsoft-Windows-Sysmon","ProviderGuid":"{5770385F-C22A-43E0-BF4C-06F5698FFBD9}","Version":2,"Task":11,"OpcodeValue":0,"RecordNumber":278357,"ProcessID":3224,"ThreadID":4128,"Channel":"Microsoft-Windows-Sysmon/Operational","Domain":"NT AUTHORITY","AccountName":"SYSTEM","UserID":"S-1-5-18","AccountType":"User","Message":"File created:\r\nRuleName: -\r\nUtcTime: 2022-07-08 13:42:20.411\r\nProcessGuid: {3be6fa21-31c7-62c8-2700-000000001100}\r\nProcessId: 1744\r\nImage: C:\\Windows\\system32\\svchost.exe\r\nTargetFilename: C:\\Windows\\System32\\Tasks\\Microsoft\\Windows\\Windows Defender\\Windows Defender Scheduled Scan\r\nCreationUtcTime: 2022-06-23 04:21:32.461\r\nUser: NT AUTHORITY\\SYSTEM","Category":"File created (rule: FileCreate)","Opcode":"Info","RuleName":"-","UtcTime":"2022-07-08 13:42:20.411","ProcessGuid":"{3be6fa21-31c7-62c8-2700-000000001100}","Image":"C:\\Windows\\system32\\svchost.exe","TargetFilename":"C:\\Windows\\System32\\Tasks\\Microsoft\\Windows\\Windows Defender\\Windows Defender Scheduled Scan","CreationUtcTime":"2022-06-23 04:21:32.461","User":"NT AUTHORITY\\SYSTEM","EventReceivedTime":1657287742,"SourceModuleName":"in_sysmon","SourceModuleType":"im_msvistalog"}
<14>Jul  8 13:42:22 activedir.stackedpads.local Microsoft-Windows-Sysmon[3224]: {"EventTime":1657287740,"Hostname":"activedir.stackedpads.local","Keywords":-9223372036854775808,"EventType":"INFO","SeverityValue":2,"Severity":"INFO","EventID":11,"SourceName":"Microsoft-Windows-Sysmon","ProviderGuid":"{5770385F-C22A-43E0-BF4C-06F5698FFBD9}","Version":2,"Task":11,"OpcodeValue":0,"RecordNumber":278362,"ProcessID":3224,"ThreadID":4128,"Channel":"Microsoft-Windows-Sysmon/Operational","Domain":"NT AUTHORITY","AccountName":"SYSTEM","UserID":"S-1-5-18","AccountType":"User","Message":"File created:\r\nRuleName: -\r\nUtcTime: 2022-07-08 13:42:20.719\r\nProcessGuid: {3be6fa21-343c-62c8-0c01-000000001100}\r\nProcessId: 2856\r\nImage: C:\\ProgramData\\Microsoft\\Windows Defender\\Platform\\4.18.2205.7-0\\MpCmdRun.exe\r\nTargetFilename: C:\\Windows\\SERVIC~1\\NETWOR~1\\AppData\\Local\\Temp\\MpCmdRun-61-53C9D589-6B66-4F30-9BAB-9A0193B0BAFC.lock\r\nCreationUtcTime: 2022-07-08 13:42:20.719\r\nUser: NT AUTHORITY\\NETWORK SERVICE","Category":"File created (rule: FileCreate)","Opcode":"Info","RuleName":"-","UtcTime":"2022-07-08 13:42:20.719","ProcessGuid":"{3be6fa21-343c-62c8-0c01-000000001100}","Image":"C:\\ProgramData\\Microsoft\\Windows Defender\\Platform\\4.18.2205.7-0\\MpCmdRun.exe","TargetFilename":"C:\\Windows\\SERVIC~1\\NETWOR~1\\AppData\\Local\\Temp\\MpCmdRun-61-53C9D589-6B66-4F30-9BAB-9A0193B0BAFC.lock","CreationUtcTime":"2022-07-08 13:42:20.719","User":"NT AUTHORITY\\NETWORK SERVICE","EventReceivedTime":1657287742,"SourceModuleName":"in_sysmon","SourceModuleType":"im_msvistalog"}
<14>Jul  8 13:42:23 activedir.stackedpads.local Microsoft-Windows-Sysmon[3224]: {"EventTime":1657287741,"Hostname":"activedir.stackedpads.local","Keywords":-9223372036854775808,"EventType":"INFO","SeverityValue":2,"Severity":"INFO","EventID":11,"SourceName":"Microsoft-Windows-Sysmon","ProviderGuid":"{5770385F-C22A-43E0-BF4C-06F5698FFBD9}","Version":2,"Task":11,"OpcodeValue":0,"RecordNumber":278374,"ProcessID":3224,"ThreadID":4128,"Channel":"Microsoft-Windows-Sysmon/Operational","Domain":"NT AUTHORITY","AccountName":"SYSTEM","UserID":"S-1-5-18","AccountType":"User","Message":"File created:\r\nRuleName: -\r\nUtcTime: 2022-07-08 13:42:21.852\r\nProcessGuid: {3be6fa21-31ee-62c8-7f00-000000001100}\r\nProcessId: 4980\r\nImage: C:\\Windows\\system32\\svchost.exe\r\nTargetFilename: C:\\Windows\\SoftwareDistribution\\DataStore\\Logs\\tmp.edb\r\nCreationUtcTime: 2022-07-08 13:42:21.852\r\nUser: NT AUTHORITY\\SYSTEM","Category":"File created (rule: FileCreate)","Opcode":"Info","RuleName":"-","UtcTime":"2022-07-08 13:42:21.852","ProcessGuid":"{3be6fa21-31ee-62c8-7f00-000000001100}","Image":"C:\\Windows\\system32\\svchost.exe","TargetFilename":"C:\\Windows\\SoftwareDistribution\\DataStore\\Logs\\tmp.edb","CreationUtcTime":"2022-07-08 13:42:21.852","User":"NT AUTHORITY\\SYSTEM","EventReceivedTime":1657287743,"SourceModuleName":"in_sysmon","SourceModuleType":"im_msvistalog"}
<14>Jul  8 13:42:22 activedir.stackedpads.local Microsoft-Windows-Sysmon[3224]: {"EventTime":1657287740,"Hostname":"activedir.stackedpads.local","Keywords":-9223372036854775808,"EventType":"INFO","SeverityValue":2,"Severity":"INFO","EventID":7,"SourceName":"Microsoft-Windows-Sysmon","ProviderGuid":"{5770385F-C22A-43E0-BF4C-06F5698FFBD9}","Version":3,"Task":7,"OpcodeValue":0,"RecordNumber":278358,"ProcessID":3224,"ThreadID":4132,"Channel":"Microsoft-Windows-Sysmon/Operational","Domain":"NT AUTHORITY","AccountName":"SYSTEM","UserID":"S-1-5-18","AccountType":"User","Message":"Image loaded:\r\nRuleName: technique_id=T1073,technique_name=DLL Side-Loading\r\nUtcTime: 2022-07-08 13:42:20.411\r\nProcessGuid: {3be6fa21-343c-62c8-0a01-000000001100}\r\nProcessId: 6344\r\nImage: C:\\ProgramData\\Microsoft\\Windows Defender\\Platform\\4.18.2205.7-0\\MpCmdRun.exe\r\nImageLoaded: C:\\ProgramData\\Microsoft\\Windows Defender\\Platform\\4.18.2205.7-0\\MpCmdRun.exe\r\nFileVersion: 4.18.2205.7 (WinBuild.160101.0800)\r\nDescription: Microsoft Malware Protection Command Line Utility\r\nProduct: Microsoft® Windows® Operating System\r\nCompany: Microsoft Corporation\r\nOriginalFileName: MpCmdRun.exe\r\nHashes: SHA1=283AC437F8BC4D489F8CC89FE243309CEB307F00,MD5=D79162B9FB1E6F6916D21AF592F15D8C,SHA256=1C2D22EE0A0D1DF5C13B1D290BF4C7ABE7B07E1E4B6E6EB98F64952AA21F3C52,IMPHASH=550C3E75EF5D95079F400484FB3204B3\r\nSigned: true\r\nSignature: Microsoft Windows Publisher\r\nSignatureStatus: Valid\r\nUser: NT AUTHORITY\\SYSTEM","Category":"Image loaded (rule: ImageLoad)","Opcode":"Info","RuleName":"technique_id=T1073,technique_name=DLL Side-Loading","UtcTime":"2022-07-08 13:42:20.411","ProcessGuid":"{3be6fa21-343c-62c8-0a01-000000001100}","Image":"C:\\ProgramData\\Microsoft\\Windows Defender\\Platform\\4.18.2205.7-0\\MpCmdRun.exe","ImageLoaded":"C:\\ProgramData\\Microsoft\\Windows Defender\\Platform\\4.18.2205.7-0\\MpCmdRun.exe","FileVersion":"4.18.2205.7 (WinBuild.160101.0800)","Description":"Microsoft Malware Protection Command Line Utility","Product":"Microsoft® Windows® Operating System","Company":"Microsoft Corporation","OriginalFileName":"MpCmdRun.exe","Hashes":"SHA1=283AC437F8BC4D489F8CC89FE243309CEB307F00,MD5=D79162B9FB1E6F6916D21AF592F15D8C,SHA256=1C2D22EE0A0D1DF5C13B1D290BF4C7ABE7B07E1E4B6E6EB98F64952AA21F3C52,IMPHASH=550C3E75EF5D95079F400484FB3204B3","Signed":"true","Signature":"Microsoft Windows Publisher","SignatureStatus":"Valid","User":"NT AUTHORITY\\SYSTEM","EventReceivedTime":1657287742,"SourceModuleName":"in_sysmon","SourceModuleType":"im_msvistalog"}
<14>Jul  8 13:42:22 activedir.stackedpads.local Microsoft-Windows-Sysmon[3224]: {"EventTime":1657287740,"Hostname":"activedir.stackedpads.local","Keywords":-9223372036854775808,"EventType":"INFO","SeverityValue":2,"Severity":"INFO","EventID":7,"SourceName":"Microsoft-Windows-Sysmon","ProviderGuid":"{5770385F-C22A-43E0-BF4C-06F5698FFBD9}","Version":3,"Task":7,"OpcodeValue":0,"RecordNumber":278359,"ProcessID":3224,"ThreadID":4132,"Channel":"Microsoft-Windows-Sysmon/Operational","Domain":"NT AUTHORITY","AccountName":"SYSTEM","UserID":"S-1-5-18","AccountType":"User","Message":"Image loaded:\r\nRuleName: technique_id=T1073,technique_name=DLL Side-Loading\r\nUtcTime: 2022-07-08 13:42:20.656\r\nProcessGuid: {3be6fa21-343c-62c8-0a01-000000001100}\r\nProcessId: 6344\r\nImage: C:\\ProgramData\\Microsoft\\Windows Defender\\Platform\\4.18.2205.7-0\\MpCmdRun.exe\r\nImageLoaded: C:\\ProgramData\\Microsoft\\Windows Defender\\Platform\\4.18.2205.7-0\\MpClient.dll\r\nFileVersion: 4.18.2205.7 (WinBuild.160101.0800)\r\nDescription: Client Interface\r\nProduct: Microsoft® Windows® Operating System\r\nCompany: Microsoft Corporation\r\nOriginalFileName: mpclient.dll\r\nHashes: SHA1=929D847CD11F88A8B486D190D185CF947B46A059,MD5=1F43411C65F3B2C5CF65B1DF2B3B5FBC,SHA256=65C7B00FBFAFB0090B1BF571661D0A52A17EE102720DED9C513BD5841593CD18,IMPHASH=DA934D67E5B299B61D05B3AABF6964EA\r\nSigned: true\r\nSignature: Microsoft Windows\r\nSignatureStatus: Valid\r\nUser: NT AUTHORITY\\SYSTEM","Category":"Image loaded (rule: ImageLoad)","Opcode":"Info","RuleName":"technique_id=T1073,technique_name=DLL Side-Loading","UtcTime":"2022-07-08 13:42:20.656","ProcessGuid":"{3be6fa21-343c-62c8-0a01-000000001100}","Image":"C:\\ProgramData\\Microsoft\\Windows Defender\\Platform\\4.18.2205.7-0\\MpCmdRun.exe","ImageLoaded":"C:\\ProgramData\\Microsoft\\Windows Defender\\Platform\\4.18.2205.7-0\\MpClient.dll","FileVersion":"4.18.2205.7 (WinBuild.160101.0800)","Description":"Client Interface","Product":"Microsoft® Windows® Operating System","Company":"Microsoft Corporation","OriginalFileName":"mpclient.dll","Hashes":"SHA1=929D847CD11F88A8B486D190D185CF947B46A059,MD5=1F43411C65F3B2C5CF65B1DF2B3B5FBC,SHA256=65C7B00FBFAFB0090B1BF571661D0A52A17EE102720DED9C513BD5841593CD18,IMPHASH=DA934D67E5B299B61D05B3AABF6964EA","Signed":"true","Signature":"Microsoft Windows","SignatureStatus":"Valid","User":"NT AUTHORITY\\SYSTEM","EventReceivedTime":1657287742,"SourceModuleName":"in_sysmon","SourceModuleType":"im_msvistalog"}
<14>Jul  8 13:42:22 activedir.stackedpads.local Microsoft-Windows-Sysmon[3224]: {"EventTime":1657287740,"Hostname":"activedir.stackedpads.local","Keywords":-9223372036854775808,"EventType":"INFO","SeverityValue":2,"Severity":"INFO","EventID":7,"SourceName":"Microsoft-Windows-Sysmon","ProviderGuid":"{5770385F-C22A-43E0-BF4C-06F5698FFBD9}","Version":3,"Task":7,"OpcodeValue":0,"RecordNumber":278360,"ProcessID":3224,"ThreadID":4128,"Channel":"Microsoft-Windows-Sysmon/Operational","Domain":"NT AUTHORITY","AccountName":"SYSTEM","UserID":"S-1-5-18","AccountType":"User","Message":"Image loaded:\r\nRuleName: technique_id=T1073,technique_name=DLL Side-Loading\r\nUtcTime: 2022-07-08 13:42:20.688\r\nProcessGuid: {3be6fa21-343c-62c8-0c01-000000001100}\r\nProcessId: 2856\r\nImage: C:\\ProgramData\\Microsoft\\Windows Defender\\Platform\\4.18.2205.7-0\\MpCmdRun.exe\r\nImageLoaded: C:\\ProgramData\\Microsoft\\Windows Defender\\Platform\\4.18.2205.7-0\\MpCmdRun.exe\r\nFileVersion: 4.18.2205.7 (WinBuild.160101.0800)\r\nDescription: Microsoft Malware Protection Command Line Utility\r\nProduct: Microsoft® Windows® Operating System\r\nCompany: Microsoft Corporation\r\nOriginalFileName: MpCmdRun.exe\r\nHashes: SHA1=283AC437F8BC4D489F8CC89FE243309CEB307F00,MD5=D79162B9FB1E6F6916D21AF592F15D8C,SHA256=1C2D22EE0A0D1DF5C13B1D290BF4C7ABE7B07E1E4B6E6EB98F64952AA21F3C52,IMPHASH=550C3E75EF5D95079F400484FB3204B3\r\nSigned: true\r\nSignature: Microsoft Windows Publisher\r\nSignatureStatus: Valid\r\nUser: NT AUTHORITY\\NETWORK SERVICE","Category":"Image loaded (rule: ImageLoad)","Opcode":"Info","RuleName":"technique_id=T1073,technique_name=DLL Side-Loading","UtcTime":"2022-07-08 13:42:20.688","ProcessGuid":"{3be6fa21-343c-62c8-0c01-000000001100}","Image":"C:\\ProgramData\\Microsoft\\Windows Defender\\Platform\\4.18.2205.7-0\\MpCmdRun.exe","ImageLoaded":"C:\\ProgramData\\Microsoft\\Windows Defender\\Platform\\4.18.2205.7-0\\MpCmdRun.exe","FileVersion":"4.18.2205.7 (WinBuild.160101.0800)","Description":"Microsoft Malware Protection Command Line Utility","Product":"Microsoft® Windows® Operating System","Company":"Microsoft Corporation","OriginalFileName":"MpCmdRun.exe","Hashes":"SHA1=283AC437F8BC4D489F8CC89FE243309CEB307F00,MD5=D79162B9FB1E6F6916D21AF592F15D8C,SHA256=1C2D22EE0A0D1DF5C13B1D290BF4C7ABE7B07E1E4B6E6EB98F64952AA21F3C52,IMPHASH=550C3E75EF5D95079F400484FB3204B3","Signed":"true","Signature":"Microsoft Windows Publisher","SignatureStatus":"Valid","User":"NT AUTHORITY\\NETWORK SERVICE","EventReceivedTime":1657287742,"SourceModuleName":"in_sysmon","SourceModuleType":"im_msvistalog"}
<14>Jul  8 13:42:22 activedir.stackedpads.local Microsoft-Windows-Sysmon[3224]: {"EventTime":1657287740,"Hostname":"activedir.stackedpads.local","Keywords":-9223372036854775808,"EventType":"INFO","SeverityValue":2,"Severity":"INFO","EventID":7,"SourceName":"Microsoft-Windows-Sysmon","ProviderGuid":"{5770385F-C22A-43E0-BF4C-06F5698FFBD9}","Version":3,"Task":7,"OpcodeValue":0,"RecordNumber":278361,"ProcessID":3224,"ThreadID":4128,"Channel":"Microsoft-Windows-Sysmon/Operational","Domain":"NT AUTHORITY","AccountName":"SYSTEM","UserID":"S-1-5-18","AccountType":"User","Message":"Image loaded:\r\nRuleName: technique_id=T1073,technique_name=DLL Side-Loading\r\nUtcTime: 2022-07-08 13:42:20.703\r\nProcessGuid: {3be6fa21-343c-62c8-0c01-000000001100}\r\nProcessId: 2856\r\nImage: C:\\ProgramData\\Microsoft\\Windows Defender\\Platform\\4.18.2205.7-0\\MpCmdRun.exe\r\nImageLoaded: C:\\ProgramData\\Microsoft\\Windows Defender\\Platform\\4.18.2205.7-0\\MpClient.dll\r\nFileVersion: 4.18.2205.7 (WinBuild.160101.0800)\r\nDescription: Client Interface\r\nProduct: Microsoft® Windows® Operating System\r\nCompany: Microsoft Corporation\r\nOriginalFileName: mpclient.dll\r\nHashes: SHA1=929D847CD11F88A8B486D190D185CF947B46A059,MD5=1F43411C65F3B2C5CF65B1DF2B3B5FBC,SHA256=65C7B00FBFAFB0090B1BF571661D0A52A17EE102720DED9C513BD5841593CD18,IMPHASH=DA934D67E5B299B61D05B3AABF6964EA\r\nSigned: true\r\nSignature: Microsoft Windows\r\nSignatureStatus: Valid\r\nUser: NT AUTHORITY\\NETWORK SERVICE","Category":"Image loaded (rule: ImageLoad)","Opcode":"Info","RuleName":"technique_id=T1073,technique_name=DLL Side-Loading","UtcTime":"2022-07-08 13:42:20.703","ProcessGuid":"{3be6fa21-343c-62c8-0c01-000000001100}","Image":"C:\\ProgramData\\Microsoft\\Windows Defender\\Platform\\4.18.2205.7-0\\MpCmdRun.exe","ImageLoaded":"C:\\ProgramData\\Microsoft\\Windows Defender\\Platform\\4.18.2205.7-0\\MpClient.dll","FileVersion":"4.18.2205.7 (WinBuild.160101.0800)","Description":"Client Interface","Product":"Microsoft® Windows® Operating System","Company":"Microsoft Corporation","OriginalFileName":"mpclient.dll","Hashes":"SHA1=929D847CD11F88A8B486D190D185CF947B46A059,MD5=1F43411C65F3B2C5CF65B1DF2B3B5FBC,SHA256=65C7B00FBFAFB0090B1BF571661D0A52A17EE102720DED9C513BD5841593CD18,IMPHASH=DA934D67E5B299B61D05B3AABF6964EA","Signed":"true","Signature":"Microsoft Windows","SignatureStatus":"Valid","User":"NT AUTHORITY\\NETWORK SERVICE","EventReceivedTime":1657287742,"SourceModuleName":"in_sysmon","SourceModuleType":"im_msvistalog"}
<14>Jul  8 13:42:22 activedir.stackedpads.local Microsoft-Windows-Sysmon[3224]: {"EventTime":1657287740,"Hostname":"activedir.stackedpads.local","Keywords":-9223372036854775808,"EventType":"INFO","SeverityValue":2,"Severity":"INFO","EventID":7,"SourceName":"Microsoft-Windows-Sysmon","ProviderGuid":"{5770385F-C22A-43E0-BF4C-06F5698FFBD9}","Version":3,"Task":7,"OpcodeValue":0,"RecordNumber":278363,"ProcessID":3224,"ThreadID":4128,"Channel":"Microsoft-Windows-Sysmon/Operational","Domain":"NT AUTHORITY","AccountName":"SYSTEM","UserID":"S-1-5-18","AccountType":"User","Message":"Image loaded:\r\nRuleName: technique_id=T1073,technique_name=DLL Side-Loading\r\nUtcTime: 2022-07-08 13:42:20.734\r\nProcessGuid: {3be6fa21-343c-62c8-0d01-000000001100}\r\nProcessId: 3912\r\nImage: C:\\ProgramData\\Microsoft\\Windows Defender\\Platform\\4.18.2205.7-0\\MpCmdRun.exe\r\nImageLoaded: C:\\ProgramData\\Microsoft\\Windows Defender\\Platform\\4.18.2205.7-0\\MpCmdRun.exe\r\nFileVersion: 4.18.2205.7 (WinBuild.160101.0800)\r\nDescription: Microsoft Malware Protection Command Line Utility\r\nProduct: Microsoft® Windows® Operating System\r\nCompany: Microsoft Corporation\r\nOriginalFileName: MpCmdRun.exe\r\nHashes: SHA1=283AC437F8BC4D489F8CC89FE243309CEB307F00,MD5=D79162B9FB1E6F6916D21AF592F15D8C,SHA256=1C2D22EE0A0D1DF5C13B1D290BF4C7ABE7B07E1E4B6E6EB98F64952AA21F3C52,IMPHASH=550C3E75EF5D95079F400484FB3204B3\r\nSigned: true\r\nSignature: Microsoft Windows Publisher\r\nSignatureStatus: Valid\r\nUser: NT AUTHORITY\\SYSTEM","Category":"Image loaded (rule: ImageLoad)","Opcode":"Info","RuleName":"technique_id=T1073,technique_name=DLL Side-Loading","UtcTime":"2022-07-08 13:42:20.734","ProcessGuid":"{3be6fa21-343c-62c8-0d01-000000001100}","Image":"C:\\ProgramData\\Microsoft\\Windows Defender\\Platform\\4.18.2205.7-0\\MpCmdRun.exe","ImageLoaded":"C:\\ProgramData\\Microsoft\\Windows Defender\\Platform\\4.18.2205.7-0\\MpCmdRun.exe","FileVersion":"4.18.2205.7 (WinBuild.160101.0800)","Description":"Microsoft Malware Protection Command Line Utility","Product":"Microsoft® Windows® Operating System","Company":"Microsoft Corporation","OriginalFileName":"MpCmdRun.exe","Hashes":"SHA1=283AC437F8BC4D489F8CC89FE243309CEB307F00,MD5=D79162B9FB1E6F6916D21AF592F15D8C,SHA256=1C2D22EE0A0D1DF5C13B1D290BF4C7ABE7B07E1E4B6E6EB98F64952AA21F3C52,IMPHASH=550C3E75EF5D95079F400484FB3204B3","Signed":"true","Signature":"Microsoft Windows Publisher","SignatureStatus":"Valid","User":"NT AUTHORITY\\SYSTEM","EventReceivedTime":1657287742,"SourceModuleName":"in_sysmon","SourceModuleType":"im_msvistalog"}
<14>Jul  8 13:42:22 activedir.stackedpads.local Microsoft-Windows-Sysmon[3224]: {"EventTime":1657287740,"Hostname":"activedir.stackedpads.local","Keywords":-9223372036854775808,"EventType":"INFO","SeverityValue":2,"Severity":"INFO","EventID":7,"SourceName":"Microsoft-Windows-Sysmon","ProviderGuid":"{5770385F-C22A-43E0-BF4C-06F5698FFBD9}","Version":3,"Task":7,"OpcodeValue":0,"RecordNumber":278364,"ProcessID":3224,"ThreadID":4128,"Channel":"Microsoft-Windows-Sysmon/Operational","Domain":"NT AUTHORITY","AccountName":"SYSTEM","UserID":"S-1-5-18","AccountType":"User","Message":"Image loaded:\r\nRuleName: technique_id=T1073,technique_name=DLL Side-Loading\r\nUtcTime: 2022-07-08 13:42:20.797\r\nProcessGuid: {3be6fa21-343c-62c8-0d01-000000001100}\r\nProcessId: 3912\r\nImage: C:\\ProgramData\\Microsoft\\Windows Defender\\Platform\\4.18.2205.7-0\\MpCmdRun.exe\r\nImageLoaded: C:\\ProgramData\\Microsoft\\Windows Defender\\Platform\\4.18.2205.7-0\\MpClient.dll\r\nFileVersion: 4.18.2205.7 (WinBuild.160101.0800)\r\nDescription: Client Interface\r\nProduct: Microsoft® Windows® Operating System\r\nCompany: Microsoft Corporation\r\nOriginalFileName: mpclient.dll\r\nHashes: SHA1=929D847CD11F88A8B486D190D185CF947B46A059,MD5=1F43411C65F3B2C5CF65B1DF2B3B5FBC,SHA256=65C7B00FBFAFB0090B1BF571661D0A52A17EE102720DED9C513BD5841593CD18,IMPHASH=DA934D67E5B299B61D05B3AABF6964EA\r\nSigned: true\r\nSignature: Microsoft Windows\r\nSignatureStatus: Valid\r\nUser: NT AUTHORITY\\SYSTEM","Category":"Image loaded (rule: ImageLoad)","Opcode":"Info","RuleName":"technique_id=T1073,technique_name=DLL Side-Loading","UtcTime":"2022-07-08 13:42:20.797","ProcessGuid":"{3be6fa21-343c-62c8-0d01-000000001100}","Image":"C:\\ProgramData\\Microsoft\\Windows Defender\\Platform\\4.18.2205.7-0\\MpCmdRun.exe","ImageLoaded":"C:\\ProgramData\\Microsoft\\Windows Defender\\Platform\\4.18.2205.7-0\\MpClient.dll","FileVersion":"4.18.2205.7 (WinBuild.160101.0800)","Description":"Client Interface","Product":"Microsoft® Windows® Operating System","Company":"Microsoft Corporation","OriginalFileName":"mpclient.dll","Hashes":"SHA1=929D847CD11F88A8B486D190D185CF947B46A059,MD5=1F43411C65F3B2C5CF65B1DF2B3B5FBC,SHA256=65C7B00FBFAFB0090B1BF571661D0A52A17EE102720DED9C513BD5841593CD18,IMPHASH=DA934D67E5B299B61D05B3AABF6964EA","Signed":"true","Signature":"Microsoft Windows","SignatureStatus":"Valid","User":"NT AUTHORITY\\SYSTEM","EventReceivedTime":1657287742,"SourceModuleName":"in_sysmon","SourceModuleType":"im_msvistalog"}
<14>Jul  8 13:42:22 activedir.stackedpads.local Microsoft-Windows-Sysmon[3224]: {"EventTime":1657287740,"Hostname":"activedir.stackedpads.local","Keywords":-9223372036854775808,"EventType":"INFO","SeverityValue":2,"Severity":"INFO","EventID":7,"SourceName":"Microsoft-Windows-Sysmon","ProviderGuid":"{5770385F-C22A-43E0-BF4C-06F5698FFBD9}","Version":3,"Task":7,"OpcodeValue":0,"RecordNumber":278365,"ProcessID":3224,"ThreadID":4132,"Channel":"Microsoft-Windows-Sysmon/Operational","Domain":"NT AUTHORITY","AccountName":"SYSTEM","UserID":"S-1-5-18","AccountType":"User","Message":"Image loaded:\r\nRuleName: technique_id=T1073,technique_name=DLL Side-Loading\r\nUtcTime: 2022-07-08 13:42:20.813\r\nProcessGuid: {3be6fa21-343c-62c8-0d01-000000001100}\r\nProcessId: 3912\r\nImage: C:\\ProgramData\\Microsoft\\Windows Defender\\Platform\\4.18.2205.7-0\\MpCmdRun.exe\r\nImageLoaded: C:\\ProgramData\\Microsoft\\Windows Defender\\Platform\\4.18.2205.7-0\\MpCommu.dll\r\nFileVersion: 4.18.2205.7 (WinBuild.160101.0800)\r\nDescription: Communication Module\r\nProduct: Microsoft® Windows® Operating System\r\nCompany: Microsoft Corporation\r\nOriginalFileName: MpCommu.dll\r\nHashes: SHA1=61783FE8198EE339AD6AED3CFE9C955A48CEFA57,MD5=EF9CCDF40F480427622620997F587AFE,SHA256=3E03AF89B9DBB6E590B898BCCF9EC369A2F037E08163D9672D7D0D6480E44332,IMPHASH=80005D40DC1A8EC5BAD342851D2AF83E\r\nSigned: true\r\nSignature: Microsoft Windows\r\nSignatureStatus: Valid\r\nUser: NT AUTHORITY\\SYSTEM","Category":"Image loaded (rule: ImageLoad)","Opcode":"Info","RuleName":"technique_id=T1073,technique_name=DLL Side-Loading","UtcTime":"2022-07-08 13:42:20.813","ProcessGuid":"{3be6fa21-343c-62c8-0d01-000000001100}","Image":"C:\\ProgramData\\Microsoft\\Windows Defender\\Platform\\4.18.2205.7-0\\MpCmdRun.exe","ImageLoaded":"C:\\ProgramData\\Microsoft\\Windows Defender\\Platform\\4.18.2205.7-0\\MpCommu.dll","FileVersion":"4.18.2205.7 (WinBuild.160101.0800)","Description":"Communication Module","Product":"Microsoft® Windows® Operating System","Company":"Microsoft Corporation","OriginalFileName":"MpCommu.dll","Hashes":"SHA1=61783FE8198EE339AD6AED3CFE9C955A48CEFA57,MD5=EF9CCDF40F480427622620997F587AFE,SHA256=3E03AF89B9DBB6E590B898BCCF9EC369A2F037E08163D9672D7D0D6480E44332,IMPHASH=80005D40DC1A8EC5BAD342851D2AF83E","Signed":"true","Signature":"Microsoft Windows","SignatureStatus":"Valid","User":"NT AUTHORITY\\SYSTEM","EventReceivedTime":1657287742,"SourceModuleName":"in_sysmon","SourceModuleType":"im_msvistalog"}
<14>Jul  8 13:42:22 wrk-shasek.stackedpads.local Microsoft-Windows-Sysmon[2568]: {"EventTime":1657287741,"Hostname":"wrk-shasek.stackedpads.local","Keywords":-9223372036854775808,"EventType":"INFO","SeverityValue":2,"Severity":"INFO","EventID":13,"SourceName":"Microsoft-Windows-Sysmon","ProviderGuid":"{5770385F-C22A-43E0-BF4C-06F5698FFBD9}","Version":2,"Task":13,"OpcodeValue":0,"RecordNumber":72820,"ProcessID":2568,"ThreadID":3284,"Channel":"Microsoft-Windows-Sysmon/Operational","Domain":"NT AUTHORITY","AccountName":"SYSTEM","UserID":"S-1-5-18","AccountType":"User","Message":"Registry value set:\r\nRuleName: -\r\nEventType: SetValue\r\nUtcTime: 2022-07-08 13:42:20.761\r\nProcessGuid: {6b7cbb53-343b-62c8-f100-000000000e00}\r\nProcessId: 6516\r\nImage: C:\\Users\\tim.smith\\AppData\\Local\\Microsoft\\OneDrive\\OneDrive.exe\r\nTargetObject: HKU\\S-1-5-21-2264196694-1469429678-912427992-1107_Classes\\Directory\\Background\\shellex\\ContextMenuHandlers\\ FileSyncEx\\(Default)\r\nDetails: {CB3D0F55-BC2C-4C1A-85ED-23ED75B5106B}\r\nUser: STACKEDPADS\\tim.smith","Category":"Registry value set (rule: RegistryEvent)","Opcode":"Info","RuleName":"-","UtcTime":"2022-07-08 13:42:20.761","ProcessGuid":"{6b7cbb53-343b-62c8-f100-000000000e00}","Image":"C:\\Users\\tim.smith\\AppData\\Local\\Microsoft\\OneDrive\\OneDrive.exe","TargetObject":"HKU\\S-1-5-21-2264196694-1469429678-912427992-1107_Classes\\Directory\\Background\\shellex\\ContextMenuHandlers\\ FileSyncEx\\(Default)","Details":"{CB3D0F55-BC2C-4C1A-85ED-23ED75B5106B}","User":"STACKEDPADS\\tim.smith","EventReceivedTime":1657287742,"SourceModuleName":"in_sysmon","SourceModuleType":"im_msvistalog"}
<14>Jul  8 13:42:22 wrk-shasek.stackedpads.local Microsoft-Windows-Sysmon[2568]: {"EventTime":1657287741,"Hostname":"wrk-shasek.stackedpads.local","Keywords":-9223372036854775808,"EventType":"INFO","SeverityValue":2,"Severity":"INFO","EventID":13,"SourceName":"Microsoft-Windows-Sysmon","ProviderGuid":"{5770385F-C22A-43E0-BF4C-06F5698FFBD9}","Version":2,"Task":13,"OpcodeValue":0,"RecordNumber":72818,"ProcessID":2568,"ThreadID":3284,"Channel":"Microsoft-Windows-Sysmon/Operational","Domain":"NT AUTHORITY","AccountName":"SYSTEM","UserID":"S-1-5-18","AccountType":"User","Message":"Registry value set:\r\nRuleName: -\r\nEventType: SetValue\r\nUtcTime: 2022-07-08 13:42:20.761\r\nProcessGuid: {6b7cbb53-343b-62c8-f100-000000000e00}\r\nProcessId: 6516\r\nImage: C:\\Users\\tim.smith\\AppData\\Local\\Microsoft\\OneDrive\\OneDrive.exe\r\nTargetObject: HKU\\S-1-5-21-2264196694-1469429678-912427992-1107_Classes\\Directory\\Background\\shellex\\ContextMenuHandlers\\ FileSyncEx\\(Default)\r\nDetails: {CB3D0F55-BC2C-4C1A-85ED-23ED75B5106B}\r\nUser: STACKEDPADS\\tim.smith","Category":"Registry value set (rule: RegistryEvent)","Opcode":"Info","RuleName":"-","UtcTime":"2022-07-08 13:42:20.761","ProcessGuid":"{6b7cbb53-343b-62c8-f100-000000000e00}","Image":"C:\\Users\\tim.smith\\AppData\\Local\\Microsoft\\OneDrive\\OneDrive.exe","TargetObject":"HKU\\S-1-5-21-2264196694-1469429678-912427992-1107_Classes\\Directory\\Background\\shellex\\ContextMenuHandlers\\ FileSyncEx\\(Default)","Details":"{CB3D0F55-BC2C-4C1A-85ED-23ED75B5106B}","User":"STACKEDPADS\\tim.smith","EventReceivedTime":1657287742,"SourceModuleName":"in_sysmon","SourceModuleType":"im_msvistalog"}
<14>Jul  8 13:42:22 wrk-shasek.stackedpads.local Microsoft-Windows-Sysmon[2568]: {"EventTime":1657287741,"Hostname":"wrk-shasek.stackedpads.local","Keywords":-9223372036854775808,"EventType":"INFO","SeverityValue":2,"Severity":"INFO","EventID":13,"SourceName":"Microsoft-Windows-Sysmon","ProviderGuid":"{5770385F-C22A-43E0-BF4C-06F5698FFBD9}","Version":2,"Task":13,"OpcodeValue":0,"RecordNumber":72824,"ProcessID":2568,"ThreadID":3284,"Channel":"Microsoft-Windows-Sysmon/Operational","Domain":"NT AUTHORITY","AccountName":"SYSTEM","UserID":"S-1-5-18","AccountType":"User","Message":"Registry value set:\r\nRuleName: -\r\nEventType: SetValue\r\nUtcTime: 2022-07-08 13:42:20.761\r\nProcessGuid: {6b7cbb53-343b-62c8-f100-000000000e00}\r\nProcessId: 6516\r\nImage: C:\\Users\\tim.smith\\AppData\\Local\\Microsoft\\OneDrive\\OneDrive.exe\r\nTargetObject: HKU\\S-1-5-21-2264196694-1469429678-912427992-1107_Classes\\Directory\\shellex\\ContextMenuHandlers\\ FileSyncEx\\(Default)\r\nDetails: {CB3D0F55-BC2C-4C1A-85ED-23ED75B5106B}\r\nUser: STACKEDPADS\\tim.smith","Category":"Registry value set (rule: RegistryEvent)","Opcode":"Info","RuleName":"-","UtcTime":"2022-07-08 13:42:20.761","ProcessGuid":"{6b7cbb53-343b-62c8-f100-000000000e00}","Image":"C:\\Users\\tim.smith\\AppData\\Local\\Microsoft\\OneDrive\\OneDrive.exe","TargetObject":"HKU\\S-1-5-21-2264196694-1469429678-912427992-1107_Classes\\Directory\\shellex\\ContextMenuHandlers\\ FileSyncEx\\(Default)","Details":"{CB3D0F55-BC2C-4C1A-85ED-23ED75B5106B}","User":"STACKEDPADS\\tim.smith","EventReceivedTime":1657287742,"SourceModuleName":"in_sysmon","SourceModuleType":"im_msvistalog"}
<14>Jul  8 13:42:22 wrk-shasek.stackedpads.local Microsoft-Windows-Sysmon[2568]: {"EventTime":1657287741,"Hostname":"wrk-shasek.stackedpads.local","Keywords":-9223372036854775808,"EventType":"INFO","SeverityValue":2,"Severity":"INFO","EventID":13,"SourceName":"Microsoft-Windows-Sysmon","ProviderGuid":"{5770385F-C22A-43E0-BF4C-06F5698FFBD9}","Version":2,"Task":13,"OpcodeValue":0,"RecordNumber":72822,"ProcessID":2568,"ThreadID":3284,"Channel":"Microsoft-Windows-Sysmon/Operational","Domain":"NT AUTHORITY","AccountName":"SYSTEM","UserID":"S-1-5-18","AccountType":"User","Message":"Registry value set:\r\nRuleName: -\r\nEventType: SetValue\r\nUtcTime: 2022-07-08 13:42:20.761\r\nProcessGuid: {6b7cbb53-343b-62c8-f100-000000000e00}\r\nProcessId: 6516\r\nImage: C:\\Users\\tim.smith\\AppData\\Local\\Microsoft\\OneDrive\\OneDrive.exe\r\nTargetObject: HKU\\S-1-5-21-2264196694-1469429678-912427992-1107_Classes\\Directory\\shellex\\ContextMenuHandlers\\ FileSyncEx\\(Default)\r\nDetails: {CB3D0F55-BC2C-4C1A-85ED-23ED75B5106B}\r\nUser: STACKEDPADS\\tim.smith","Category":"Registry value set (rule: RegistryEvent)","Opcode":"Info","RuleName":"-","UtcTime":"2022-07-08 13:42:20.761","ProcessGuid":"{6b7cbb53-343b-62c8-f100-000000000e00}","Image":"C:\\Users\\tim.smith\\AppData\\Local\\Microsoft\\OneDrive\\OneDrive.exe","TargetObject":"HKU\\S-1-5-21-2264196694-1469429678-912427992-1107_Classes\\Directory\\shellex\\ContextMenuHandlers\\ FileSyncEx\\(Default)","Details":"{CB3D0F55-BC2C-4C1A-85ED-23ED75B5106B}","User":"STACKEDPADS\\tim.smith","EventReceivedTime":1657287742,"SourceModuleName":"in_sysmon","SourceModuleType":"im_msvistalog"}
<14>Jul  8 13:42:22 wrk-shasek.stackedpads.local Microsoft-Windows-Sysmon[2568]: {"EventTime":1657287741,"Hostname":"wrk-shasek.stackedpads.local","Keywords":-9223372036854775808,"EventType":"INFO","SeverityValue":2,"Severity":"INFO","EventID":13,"SourceName":"Microsoft-Windows-Sysmon","ProviderGuid":"{5770385F-C22A-43E0-BF4C-06F5698FFBD9}","Version":2,"Task":13,"OpcodeValue":0,"RecordNumber":72816,"ProcessID":2568,"ThreadID":3284,"Channel":"Microsoft-Windows-Sysmon/Operational","Domain":"NT AUTHORITY","AccountName":"SYSTEM","UserID":"S-1-5-18","AccountType":"User","Message":"Registry value set:\r\nRuleName: -\r\nEventType: SetValue\r\nUtcTime: 2022-07-08 13:42:20.761\r\nProcessGuid: {6b7cbb53-343b-62c8-f100-000000000e00}\r\nProcessId: 6516\r\nImage: C:\\Users\\tim.smith\\AppData\\Local\\Microsoft\\OneDrive\\OneDrive.exe\r\nTargetObject: HKU\\S-1-5-21-2264196694-1469429678-912427992-1107_Classes\\*\\shellex\\ContextMenuHandlers\\ FileSyncEx\\(Default)\r\nDetails: {CB3D0F55-BC2C-4C1A-85ED-23ED75B5106B}\r\nUser: STACKEDPADS\\tim.smith","Category":"Registry value set (rule: RegistryEvent)","Opcode":"Info","RuleName":"-","UtcTime":"2022-07-08 13:42:20.761","ProcessGuid":"{6b7cbb53-343b-62c8-f100-000000000e00}","Image":"C:\\Users\\tim.smith\\AppData\\Local\\Microsoft\\OneDrive\\OneDrive.exe","TargetObject":"HKU\\S-1-5-21-2264196694-1469429678-912427992-1107_Classes\\*\\shellex\\ContextMenuHandlers\\ FileSyncEx\\(Default)","Details":"{CB3D0F55-BC2C-4C1A-85ED-23ED75B5106B}","User":"STACKEDPADS\\tim.smith","EventReceivedTime":1657287742,"SourceModuleName":"in_sysmon","SourceModuleType":"im_msvistalog"}
<14>Jul  8 13:42:22 wrk-shasek.stackedpads.local Microsoft-Windows-Sysmon[2568]: {"EventTime":1657287741,"Hostname":"wrk-shasek.stackedpads.local","Keywords":-9223372036854775808,"EventType":"INFO","SeverityValue":2,"Severity":"INFO","EventID":13,"SourceName":"Microsoft-Windows-Sysmon","ProviderGuid":"{5770385F-C22A-43E0-BF4C-06F5698FFBD9}","Version":2,"Task":13,"OpcodeValue":0,"RecordNumber":72814,"ProcessID":2568,"ThreadID":3284,"Channel":"Microsoft-Windows-Sysmon/Operational","Domain":"NT AUTHORITY","AccountName":"SYSTEM","UserID":"S-1-5-18","AccountType":"User","Message":"Registry value set:\r\nRuleName: -\r\nEventType: SetValue\r\nUtcTime: 2022-07-08 13:42:20.761\r\nProcessGuid: {6b7cbb53-343b-62c8-f100-000000000e00}\r\nProcessId: 6516\r\nImage: C:\\Users\\tim.smith\\AppData\\Local\\Microsoft\\OneDrive\\OneDrive.exe\r\nTargetObject: HKU\\S-1-5-21-2264196694-1469429678-912427992-1107_Classes\\*\\shellex\\ContextMenuHandlers\\ FileSyncEx\\(Default)\r\nDetails: {CB3D0F55-BC2C-4C1A-85ED-23ED75B5106B}\r\nUser: STACKEDPADS\\tim.smith","Category":"Registry value set (rule: RegistryEvent)","Opcode":"Info","RuleName":"-","UtcTime":"2022-07-08 13:42:20.761","ProcessGuid":"{6b7cbb53-343b-62c8-f100-000000000e00}","Image":"C:\\Users\\tim.smith\\AppData\\Local\\Microsoft\\OneDrive\\OneDrive.exe","TargetObject":"HKU\\S-1-5-21-2264196694-1469429678-912427992-1107_Classes\\*\\shellex\\ContextMenuHandlers\\ FileSyncEx\\(Default)","Details":"{CB3D0F55-BC2C-4C1A-85ED-23ED75B5106B}","User":"STACKEDPADS\\tim.smith","EventReceivedTime":1657287742,"SourceModuleName":"in_sysmon","SourceModuleType":"im_msvistalog"}
<14>Jul  8 13:42:22 wrk-shasek.stackedpads.local Microsoft-Windows-Sysmon[2568]: {"EventTime":1657287741,"Hostname":"wrk-shasek.stackedpads.local","Keywords":-9223372036854775808,"EventType":"INFO","SeverityValue":2,"Severity":"INFO","EventID":12,"SourceName":"Microsoft-Windows-Sysmon","ProviderGuid":"{5770385F-C22A-43E0-BF4C-06F5698FFBD9}","Version":2,"Task":12,"OpcodeValue":0,"RecordNumber":72825,"ProcessID":2568,"ThreadID":3284,"Channel":"Microsoft-Windows-Sysmon/Operational","Domain":"NT AUTHORITY","AccountName":"SYSTEM","UserID":"S-1-5-18","AccountType":"User","Message":"Registry object added or deleted:\r\nRuleName: -\r\nEventType: CreateKey\r\nUtcTime: 2022-07-08 13:42:20.761\r\nProcessGuid: {6b7cbb53-343b-62c8-f100-000000000e00}\r\nProcessId: 6516\r\nImage: C:\\Users\\tim.smith\\AppData\\Local\\Microsoft\\OneDrive\\OneDrive.exe\r\nTargetObject: HKU\\S-1-5-21-2264196694-1469429678-912427992-1107_Classes\\IE.AssocFile.URL\\shellex\\ContextMenuHandlers\\ FileSyncEx\r\nUser: STACKEDPADS\\tim.smith","Category":"Registry object added or deleted (rule: RegistryEvent)","Opcode":"Info","RuleName":"-","UtcTime":"2022-07-08 13:42:20.761","ProcessGuid":"{6b7cbb53-343b-62c8-f100-000000000e00}","Image":"C:\\Users\\tim.smith\\AppData\\Local\\Microsoft\\OneDrive\\OneDrive.exe","TargetObject":"HKU\\S-1-5-21-2264196694-1469429678-912427992-1107_Classes\\IE.AssocFile.URL\\shellex\\ContextMenuHandlers\\ FileSyncEx","User":"STACKEDPADS\\tim.smith","EventReceivedTime":1657287742,"SourceModuleName":"in_sysmon","SourceModuleType":"im_msvistalog"}
<14>Jul  8 13:42:22 wrk-shasek.stackedpads.local Microsoft-Windows-Sysmon[2568]: {"EventTime":1657287741,"Hostname":"wrk-shasek.stackedpads.local","Keywords":-9223372036854775808,"EventType":"INFO","SeverityValue":2,"Severity":"INFO","EventID":12,"SourceName":"Microsoft-Windows-Sysmon","ProviderGuid":"{5770385F-C22A-43E0-BF4C-06F5698FFBD9}","Version":2,"Task":12,"OpcodeValue":0,"RecordNumber":72827,"ProcessID":2568,"ThreadID":3284,"Channel":"Microsoft-Windows-Sysmon/Operational","Domain":"NT AUTHORITY","AccountName":"SYSTEM","UserID":"S-1-5-18","AccountType":"User","Message":"Registry object added or deleted:\r\nRuleName: -\r\nEventType: CreateKey\r\nUtcTime: 2022-07-08 13:42:20.761\r\nProcessGuid: {6b7cbb53-343b-62c8-f100-000000000e00}\r\nProcessId: 6516\r\nImage: C:\\Users\\tim.smith\\AppData\\Local\\Microsoft\\OneDrive\\OneDrive.exe\r\nTargetObject: HKU\\S-1-5-21-2264196694-1469429678-912427992-1107_Classes\\IE.AssocFile.URL\\shellex\\ContextMenuHandlers\\ FileSyncEx\r\nUser: STACKEDPADS\\tim.smith","Category":"Registry object added or deleted (rule: RegistryEvent)","Opcode":"Info","RuleName":"-","UtcTime":"2022-07-08 13:42:20.761","ProcessGuid":"{6b7cbb53-343b-62c8-f100-000000000e00}","Image":"C:\\Users\\tim.smith\\AppData\\Local\\Microsoft\\OneDrive\\OneDrive.exe","TargetObject":"HKU\\S-1-5-21-2264196694-1469429678-912427992-1107_Classes\\IE.AssocFile.URL\\shellex\\ContextMenuHandlers\\ FileSyncEx","User":"STACKEDPADS\\tim.smith","EventReceivedTime":1657287742,"SourceModuleName":"in_sysmon","SourceModuleType":"im_msvistalog"}
<14>Jul  8 13:42:22 wrk-shasek.stackedpads.local Microsoft-Windows-Sysmon[2568]: {"EventTime":1657287741,"Hostname":"wrk-shasek.stackedpads.local","Keywords":-9223372036854775808,"EventType":"INFO","SeverityValue":2,"Severity":"INFO","EventID":13,"SourceName":"Microsoft-Windows-Sysmon","ProviderGuid":"{5770385F-C22A-43E0-BF4C-06F5698FFBD9}","Version":2,"Task":13,"OpcodeValue":0,"RecordNumber":72828,"ProcessID":2568,"ThreadID":3284,"Channel":"Microsoft-Windows-Sysmon/Operational","Domain":"NT AUTHORITY","AccountName":"SYSTEM","UserID":"S-1-5-18","AccountType":"User","Message":"Registry value set:\r\nRuleName: -\r\nEventType: SetValue\r\nUtcTime: 2022-07-08 13:42:20.761\r\nProcessGuid: {6b7cbb53-343b-62c8-f100-000000000e00}\r\nProcessId: 6516\r\nImage: C:\\Users\\tim.smith\\AppData\\Local\\Microsoft\\OneDrive\\OneDrive.exe\r\nTargetObject: HKU\\S-1-5-21-2264196694-1469429678-912427992-1107_Classes\\IE.AssocFile.URL\\shellex\\ContextMenuHandlers\\ FileSyncEx\\(Default)\r\nDetails: {CB3D0F55-BC2C-4C1A-85ED-23ED75B5106B}\r\nUser: STACKEDPADS\\tim.smith","Category":"Registry value set (rule: RegistryEvent)","Opcode":"Info","RuleName":"-","UtcTime":"2022-07-08 13:42:20.761","ProcessGuid":"{6b7cbb53-343b-62c8-f100-000000000e00}","Image":"C:\\Users\\tim.smith\\AppData\\Local\\Microsoft\\OneDrive\\OneDrive.exe","TargetObject":"HKU\\S-1-5-21-2264196694-1469429678-912427992-1107_Classes\\IE.AssocFile.URL\\shellex\\ContextMenuHandlers\\ FileSyncEx\\(Default)","Details":"{CB3D0F55-BC2C-4C1A-85ED-23ED75B5106B}","User":"STACKEDPADS\\tim.smith","EventReceivedTime":1657287742,"SourceModuleName":"in_sysmon","SourceModuleType":"im_msvistalog"}
<14>Jul  8 13:42:22 wrk-shasek.stackedpads.local Microsoft-Windows-Sysmon[2568]: {"EventTime":1657287741,"Hostname":"wrk-shasek.stackedpads.local","Keywords":-9223372036854775808,"EventType":"INFO","SeverityValue":2,"Severity":"INFO","EventID":13,"SourceName":"Microsoft-Windows-Sysmon","ProviderGuid":"{5770385F-C22A-43E0-BF4C-06F5698FFBD9}","Version":2,"Task":13,"OpcodeValue":0,"RecordNumber":72826,"ProcessID":2568,"ThreadID":3284,"Channel":"Microsoft-Windows-Sysmon/Operational","Domain":"NT AUTHORITY","AccountName":"SYSTEM","UserID":"S-1-5-18","AccountType":"User","Message":"Registry value set:\r\nRuleName: -\r\nEventType: SetValue\r\nUtcTime: 2022-07-08 13:42:20.761\r\nProcessGuid: {6b7cbb53-343b-62c8-f100-000000000e00}\r\nProcessId: 6516\r\nImage: C:\\Users\\tim.smith\\AppData\\Local\\Microsoft\\OneDrive\\OneDrive.exe\r\nTargetObject: HKU\\S-1-5-21-2264196694-1469429678-912427992-1107_Classes\\IE.AssocFile.URL\\shellex\\ContextMenuHandlers\\ FileSyncEx\\(Default)\r\nDetails: {CB3D0F55-BC2C-4C1A-85ED-23ED75B5106B}\r\nUser: STACKEDPADS\\tim.smith","Category":"Registry value set (rule: RegistryEvent)","Opcode":"Info","RuleName":"-","UtcTime":"2022-07-08 13:42:20.761","ProcessGuid":"{6b7cbb53-343b-62c8-f100-000000000e00}","Image":"C:\\Users\\tim.smith\\AppData\\Local\\Microsoft\\OneDrive\\OneDrive.exe","TargetObject":"HKU\\S-1-5-21-2264196694-1469429678-912427992-1107_Classes\\IE.AssocFile.URL\\shellex\\ContextMenuHandlers\\ FileSyncEx\\(Default)","Details":"{CB3D0F55-BC2C-4C1A-85ED-23ED75B5106B}","User":"STACKEDPADS\\tim.smith","EventReceivedTime":1657287742,"SourceModuleName":"in_sysmon","SourceModuleType":"im_msvistalog"}
<14>Jul  8 13:42:22 wrk-shasek.stackedpads.local Microsoft-Windows-Sysmon[2568]: {"EventTime":1657287741,"Hostname":"wrk-shasek.stackedpads.local","Keywords":-9223372036854775808,"EventType":"INFO","SeverityValue":2,"Severity":"INFO","EventID":12,"SourceName":"Microsoft-Windows-Sysmon","ProviderGuid":"{5770385F-C22A-43E0-BF4C-06F5698FFBD9}","Version":2,"Task":12,"OpcodeValue":0,"RecordNumber":72817,"ProcessID":2568,"ThreadID":3284,"Channel":"Microsoft-Windows-Sysmon/Operational","Domain":"NT AUTHORITY","AccountName":"SYSTEM","UserID":"S-1-5-18","AccountType":"User","Message":"Registry object added or deleted:\r\nRuleName: -\r\nEventType: CreateKey\r\nUtcTime: 2022-07-08 13:42:20.761\r\nProcessGuid: {6b7cbb53-343b-62c8-f100-000000000e00}\r\nProcessId: 6516\r\nImage: C:\\Users\\tim.smith\\AppData\\Local\\Microsoft\\OneDrive\\OneDrive.exe\r\nTargetObject: HKU\\S-1-5-21-2264196694-1469429678-912427992-1107_Classes\\Directory\\Background\\shellex\\ContextMenuHandlers\\ FileSyncEx\r\nUser: STACKEDPADS\\tim.smith","Category":"Registry object added or deleted (rule: RegistryEvent)","Opcode":"Info","RuleName":"-","UtcTime":"2022-07-08 13:42:20.761","ProcessGuid":"{6b7cbb53-343b-62c8-f100-000000000e00}","Image":"C:\\Users\\tim.smith\\AppData\\Local\\Microsoft\\OneDrive\\OneDrive.exe","TargetObject":"HKU\\S-1-5-21-2264196694-1469429678-912427992-1107_Classes\\Directory\\Background\\shellex\\ContextMenuHandlers\\ FileSyncEx","User":"STACKEDPADS\\tim.smith","EventReceivedTime":1657287742,"SourceModuleName":"in_sysmon","SourceModuleType":"im_msvistalog"}
<14>Jul  8 13:42:22 wrk-shasek.stackedpads.local Microsoft-Windows-Sysmon[2568]: {"EventTime":1657287741,"Hostname":"wrk-shasek.stackedpads.local","Keywords":-9223372036854775808,"EventType":"INFO","SeverityValue":2,"Severity":"INFO","EventID":12,"SourceName":"Microsoft-Windows-Sysmon","ProviderGuid":"{5770385F-C22A-43E0-BF4C-06F5698FFBD9}","Version":2,"Task":12,"OpcodeValue":0,"RecordNumber":72819,"ProcessID":2568,"ThreadID":3284,"Channel":"Microsoft-Windows-Sysmon/Operational","Domain":"NT AUTHORITY","AccountName":"SYSTEM","UserID":"S-1-5-18","AccountType":"User","Message":"Registry object added or deleted:\r\nRuleName: -\r\nEventType: CreateKey\r\nUtcTime: 2022-07-08 13:42:20.761\r\nProcessGuid: {6b7cbb53-343b-62c8-f100-000000000e00}\r\nProcessId: 6516\r\nImage: C:\\Users\\tim.smith\\AppData\\Local\\Microsoft\\OneDrive\\OneDrive.exe\r\nTargetObject: HKU\\S-1-5-21-2264196694-1469429678-912427992-1107_Classes\\Directory\\Background\\shellex\\ContextMenuHandlers\\ FileSyncEx\r\nUser: STACKEDPADS\\tim.smith","Category":"Registry object added or deleted (rule: RegistryEvent)","Opcode":"Info","RuleName":"-","UtcTime":"2022-07-08 13:42:20.761","ProcessGuid":"{6b7cbb53-343b-62c8-f100-000000000e00}","Image":"C:\\Users\\tim.smith\\AppData\\Local\\Microsoft\\OneDrive\\OneDrive.exe","TargetObject":"HKU\\S-1-5-21-2264196694-1469429678-912427992-1107_Classes\\Directory\\Background\\shellex\\ContextMenuHandlers\\ FileSyncEx","User":"STACKEDPADS\\tim.smith","EventReceivedTime":1657287742,"SourceModuleName":"in_sysmon","SourceModuleType":"im_msvistalog"}
