<14>Jul  8 13:42:26 wrk-shasek.stackedpads.local Microsoft-Windows-Sysmon[2568]: {"EventTime":1657287744,"Hostname":"wrk-shasek.stackedpads.local","Keywords":-9223372036854775808,"EventType":"INFO","SeverityValue":2,"Severity":"INFO","EventID":10,"SourceName":"Microsoft-Windows-Sysmon","ProviderGuid":"{5770385F-C22A-43E0-BF4C-06F5698FFBD9}","Version":3,"Task":10,"OpcodeValue":0,"RecordNumber":72885,"ProcessID":2568,"ThreadID":3284,"Channel":"Microsoft-Windows-Sysmon/Operational","Domain":"NT AUTHORITY","AccountName":"SYSTEM","UserID":"S-1-5-18","AccountType":"User","Message":"Process accessed:\r\nRuleName: technique_id=T1036,technique_name=Masquerading\r\nUtcTime: 2022-07-08 13:42:24.636\r\nSourceProcessGUID: {6b7cbb53-343b-62c8-f100-000000000e00}\r\nSourceProcessId: 6516\r\nSourceThreadId: 5504\r\nSourceImage: C:\\Users\\tim.smith\\AppData\\Local\\Microsoft\\OneDrive\\OneDrive.exe\r\nTargetProcessGUID: {6b7cbb53-3429-62c8-db00-000000000e00}\r\nTargetProcessId: 5636\r\nTargetImage: C:\\Windows\\Explorer.EXE\r\nGrantedAccess: 0x40\r\nCallTrace: C:\\Windows\\SYSTEM32\\ntdll.dll+9d204|C:\\Windows\\System32\\wow64.dll+10955|C:\\Windows\\System32\\wow64.dll+901a|C:\\Windows\\System32\\wow64cpu.dll+17c3|C:\\Windows\\System32\\wow64cpu.dll+11b9|C:\\Windows\\System32\\wow64.dll+38c9|C:\\Windows\\System32\\wow64.dll+32bd|C:\\Windows\\SYSTEM32\\ntdll.dll+d3592|C:\\Windows\\SYSTEM32\\ntdll.dll+74cdb|C:\\Windows\\SYSTEM32\\ntdll.dll+74b63|C:\\Windows\\SYSTEM32\\ntdll.dll+74b0e|C:\\Windows\\SYSTEM32\\ntdll.dll+72c3c(wow64)|C:\\Windows\\System32\\KERNELBASE.dll+10ffd8(wow64)|C:\\Windows\\System32\\shcore.dll+2598c(wow64)|C:\\Windows\\System32\\shcore.dll+2595b(wow64)|C:\\Windows\\System32\\shcore.dll+221ac(wow64)|C:\\Windows\\System32\\SHELL32.dll+13ccb8(wow64)|C:\\Windows\\System32\\SHELL32.dll+11377b(wow64)|C:\\Windows\\System32\\SHELL32.dll+113595(wow64)|C:\\Windows\\System32\\ieframe.dll+bfd88(wow64)|C:\\Windows\\System32\\ieframe.dll+beb28(wow64)|C:\\Windows\\System32\\ieframe.dll+c785e(wow64)|C:\\Windows\\System32\\ieframe.dll+c60a1(wow64)|C:\\Windows\\System32\\ieframe.dll+db003(wow64)\r\nSourceUser: STACKEDPADS\\tim.smith\r\nTargetUser: STACKEDPADS\\tim.smith","Category":"Process accessed (rule: ProcessAccess)","Opcode":"Info","RuleName":"technique_id=T1036,technique_name=Masquerading","UtcTime":"2022-07-08 13:42:24.636","SourceProcessGUID":"{6b7cbb53-343b-62c8-f100-000000000e00}","SourceProcessId":"6516","SourceThreadId":"5504","SourceImage":"C:\\Users\\tim.smith\\AppData\\Local\\Microsoft\\OneDrive\\OneDrive.exe","TargetProcessGUID":"{6b7cbb53-3429-62c8-db00-000000000e00}","TargetProcessId":"5636","TargetImage":"C:\\Windows\\Explorer.EXE","GrantedAccess":"0x40","CallTrace":"C:\\Windows\\SYSTEM32\\ntdll.dll+9d204|C:\\Windows\\System32\\wow64.dll+10955|C:\\Windows\\System32\\wow64.dll+901a|C:\\Windows\\System32\\wow64cpu.dll+17c3|C:\\Windows\\System32\\wow64cpu.dll+11b9|C:\\Windows\\System32\\wow64.dll+38c9|C:\\Windows\\System32\\wow64.dll+32bd|C:\\Windows\\SYSTEM32\\ntdll.dll+d3592|C:\\Windows\\SYSTEM32\\ntdll.dll+74cdb|C:\\Windows\\SYSTEM32\\ntdll.dll+74b63|C:\\Windows\\SYSTEM32\\ntdll.dll+74b0e|C:\\Windows\\SYSTEM32\\ntdll.dll+72c3c(wow64)|C:\\Windows\\System32\\KERNELBASE.dll+10ffd8(wow64)|C:\\Windows\\System32\\shcore.dll+2598c(wow64)|C:\\Windows\\System32\\shcore.dll+2595b(wow64)|C:\\Windows\\System32\\shcore.dll+221ac(wow64)|C:\\Windows\\System32\\SHELL32.dll+13ccb8(wow64)|C:\\Windows\\System32\\SHELL32.dll+11377b(wow64)|C:\\Windows\\System32\\SHELL32.dll+113595(wow64)|C:\\Windows\\System32\\ieframe.dll+bfd88(wow64)|C:\\Windows\\System32\\ieframe.dll+beb28(wow64)|C:\\Windows\\System32\\ieframe.dll+c785e(wow64)|C:\\Windows\\System32\\ieframe.dll+c60a1(wow64)|C:\\Windows\\System32\\ieframe.dll+db003(wow64)","SourceUser":"STACKEDPADS\\tim.smith","TargetUser":"STACKEDPADS\\tim.smith","EventReceivedTime":1657287746,"SourceModuleName":"in_sysmon","SourceModuleType":"im_msvistalog"}
<14>Jul  8 13:42:26 wrk-shasek.stackedpads.local Microsoft-Windows-Sysmon[2568]: {"EventTime":1657287744,"Hostname":"wrk-shasek.stackedpads.local","Keywords":-9223372036854775808,"EventType":"INFO","SeverityValue":2,"Severity":"INFO","EventID":10,"SourceName":"Microsoft-Windows-Sysmon","ProviderGuid":"{5770385F-C22A-43E0-BF4C-06F5698FFBD9}","Version":3,"Task":10,"OpcodeValue":0,"RecordNumber":72894,"ProcessID":2568,"ThreadID":3284,"Channel":"Microsoft-Windows-Sysmon/Operational","Domain":"NT AUTHORITY","AccountName":"SYSTEM","UserID":"S-1-5-18","AccountType":"User","Message":"Process accessed:\r\nRuleName: technique_id=T1036,technique_name=Masquerading\r\nUtcTime: 2022-07-08 13:42:24.636\r\nSourceProcessGUID: {6b7cbb53-343b-62c8-f100-000000000e00}\r\nSourceProcessId: 6516\r\nSourceThreadId: 5504\r\nSourceImage: C:\\Users\\tim.smith\\AppData\\Local\\Microsoft\\OneDrive\\OneDrive.exe\r\nTargetProcessGUID: {6b7cbb53-3429-62c8-db00-000000000e00}\r\nTargetProcessId: 5636\r\nTargetImage: C:\\Windows\\Explorer.EXE\r\nGrantedAccess: 0x40\r\nCallTrace: C:\\Windows\\SYSTEM32\\ntdll.dll+9d204|C:\\Windows\\System32\\wow64.dll+10955|C:\\Windows\\System32\\wow64.dll+901a|C:\\Windows\\System32\\wow64cpu.dll+17c3|C:\\Windows\\System32\\wow64cpu.dll+11b9|C:\\Windows\\System32\\wow64.dll+38c9|C:\\Windows\\System32\\wow64.dll+32bd|C:\\Windows\\SYSTEM32\\ntdll.dll+d3592|C:\\Windows\\SYSTEM32\\ntdll.dll+74cdb|C:\\Windows\\SYSTEM32\\ntdll.dll+74b63|C:\\Windows\\SYSTEM32\\ntdll.dll+74b0e|C:\\Windows\\SYSTEM32\\ntdll.dll+72c3c(wow64)|C:\\Windows\\System32\\KERNELBASE.dll+10ffd8(wow64)|C:\\Windows\\System32\\shcore.dll+2598c(wow64)|C:\\Windows\\System32\\shcore.dll+2595b(wow64)|C:\\Windows\\System32\\shcore.dll+221ac(wow64)|C:\\Windows\\System32\\SHELL32.dll+13cd37(wow64)|C:\\Windows\\System32\\SHELL32.dll+11377b(wow64)|C:\\Windows\\System32\\SHELL32.dll+113595(wow64)|C:\\Windows\\System32\\ieframe.dll+bfe6f(wow64)|C:\\Windows\\System32\\ieframe.dll+beb28(wow64)|C:\\Windows\\System32\\ieframe.dll+c785e(wow64)|C:\\Windows\\System32\\ieframe.dll+c60a1(wow64)|C:\\Windows\\System32\\ieframe.dll+db003(wow64)\r\nSourceUser: STACKEDPADS\\tim.smith\r\nTargetUser: STACKEDPADS\\tim.smith","Category":"Process accessed (rule: ProcessAccess)","Opcode":"Info","RuleName":"technique_id=T1036,technique_name=Masquerading","UtcTime":"2022-07-08 13:42:24.636","SourceProcessGUID":"{6b7cbb53-343b-62c8-f100-000000000e00}","SourceProcessId":"6516","SourceThreadId":"5504","SourceImage":"C:\\Users\\tim.smith\\AppData\\Local\\Microsoft\\OneDrive\\OneDrive.exe","TargetProcessGUID":"{6b7cbb53-3429-62c8-db00-000000000e00}","TargetProcessId":"5636","TargetImage":"C:\\Windows\\Explorer.EXE","GrantedAccess":"0x40","CallTrace":"C:\\Windows\\SYSTEM32\\ntdll.dll+9d204|C:\\Windows\\System32\\wow64.dll+10955|C:\\Windows\\System32\\wow64.dll+901a|C:\\Windows\\System32\\wow64cpu.dll+17c3|C:\\Windows\\System32\\wow64cpu.dll+11b9|C:\\Windows\\System32\\wow64.dll+38c9|C:\\Windows\\System32\\wow64.dll+32bd|C:\\Windows\\SYSTEM32\\ntdll.dll+d3592|C:\\Windows\\SYSTEM32\\ntdll.dll+74cdb|C:\\Windows\\SYSTEM32\\ntdll.dll+74b63|C:\\Windows\\SYSTEM32\\ntdll.dll+74b0e|C:\\Windows\\SYSTEM32\\ntdll.dll+72c3c(wow64)|C:\\Windows\\System32\\KERNELBASE.dll+10ffd8(wow64)|C:\\Windows\\System32\\shcore.dll+2598c(wow64)|C:\\Windows\\System32\\shcore.dll+2595b(wow64)|C:\\Windows\\System32\\shcore.dll+221ac(wow64)|C:\\Windows\\System32\\SHELL32.dll+13cd37(wow64)|C:\\Windows\\System32\\SHELL32.dll+11377b(wow64)|C:\\Windows\\System32\\SHELL32.dll+113595(wow64)|C:\\Windows\\System32\\ieframe.dll+bfe6f(wow64)|C:\\Windows\\System32\\ieframe.dll+beb28(wow64)|C:\\Windows\\System32\\ieframe.dll+c785e(wow64)|C:\\Windows\\System32\\ieframe.dll+c60a1(wow64)|C:\\Windows\\System32\\ieframe.dll+db003(wow64)","SourceUser":"STACKEDPADS\\tim.smith","TargetUser":"STACKEDPADS\\tim.smith","EventReceivedTime":1657287746,"SourceModuleName":"in_sysmon","SourceModuleType":"im_msvistalog"}
<14>Jul  8 13:42:26 wrk-shasek.stackedpads.local Microsoft-Windows-Sysmon[2568]: {"EventTime":1657287744,"Hostname":"wrk-shasek.stackedpads.local","Keywords":-9223372036854775808,"EventType":"INFO","SeverityValue":2,"Severity":"INFO","EventID":10,"SourceName":"Microsoft-Windows-Sysmon","ProviderGuid":"{5770385F-C22A-43E0-BF4C-06F5698FFBD9}","Version":3,"Task":10,"OpcodeValue":0,"RecordNumber":72893,"ProcessID":2568,"ThreadID":3284,"Channel":"Microsoft-Windows-Sysmon/Operational","Domain":"NT AUTHORITY","AccountName":"SYSTEM","UserID":"S-1-5-18","AccountType":"User","Message":"Process accessed:\r\nRuleName: technique_id=T1036,technique_name=Masquerading\r\nUtcTime: 2022-07-08 13:42:24.636\r\nSourceProcessGUID: {6b7cbb53-343b-62c8-f100-000000000e00}\r\nSourceProcessId: 6516\r\nSourceThreadId: 5504\r\nSourceImage: C:\\Users\\tim.smith\\AppData\\Local\\Microsoft\\OneDrive\\OneDrive.exe\r\nTargetProcessGUID: {6b7cbb53-3429-62c8-db00-000000000e00}\r\nTargetProcessId: 5636\r\nTargetImage: C:\\Windows\\Explorer.EXE\r\nGrantedAccess: 0x40\r\nCallTrace: C:\\Windows\\SYSTEM32\\ntdll.dll+9d204|C:\\Windows\\System32\\wow64.dll+10955|C:\\Windows\\System32\\wow64.dll+901a|C:\\Windows\\System32\\wow64cpu.dll+17c3|C:\\Windows\\System32\\wow64cpu.dll+11b9|C:\\Windows\\System32\\wow64.dll+38c9|C:\\Windows\\System32\\wow64.dll+32bd|C:\\Windows\\SYSTEM32\\ntdll.dll+d3592|C:\\Windows\\SYSTEM32\\ntdll.dll+74cdb|C:\\Windows\\SYSTEM32\\ntdll.dll+74b63|C:\\Windows\\SYSTEM32\\ntdll.dll+74b0e|C:\\Windows\\SYSTEM32\\ntdll.dll+72c3c(wow64)|C:\\Windows\\System32\\KERNELBASE.dll+10ffd8(wow64)|C:\\Windows\\System32\\shcore.dll+2598c(wow64)|C:\\Windows\\System32\\shcore.dll+2595b(wow64)|C:\\Windows\\System32\\shcore.dll+221ac(wow64)|C:\\Windows\\System32\\SHELL32.dll+13ccb8(wow64)|C:\\Windows\\System32\\SHELL32.dll+11377b(wow64)|C:\\Windows\\System32\\SHELL32.dll+113595(wow64)|C:\\Windows\\System32\\ieframe.dll+bfe6f(wow64)|C:\\Windows\\System32\\ieframe.dll+beb28(wow64)|C:\\Windows\\System32\\ieframe.dll+c785e(wow64)|C:\\Windows\\System32\\ieframe.dll+c60a1(wow64)|C:\\Windows\\System32\\ieframe.dll+db003(wow64)\r\nSourceUser: STACKEDPADS\\tim.smith\r\nTargetUser: STACKEDPADS\\tim.smith","Category":"Process accessed (rule: ProcessAccess)","Opcode":"Info","RuleName":"technique_id=T1036,technique_name=Masquerading","UtcTime":"2022-07-08 13:42:24.636","SourceProcessGUID":"{6b7cbb53-343b-62c8-f100-000000000e00}","SourceProcessId":"6516","SourceThreadId":"5504","SourceImage":"C:\\Users\\tim.smith\\AppData\\Local\\Microsoft\\OneDrive\\OneDrive.exe","TargetProcessGUID":"{6b7cbb53-3429-62c8-db00-000000000e00}","TargetProcessId":"5636","TargetImage":"C:\\Windows\\Explorer.EXE","GrantedAccess":"0x40","CallTrace":"C:\\Windows\\SYSTEM32\\ntdll.dll+9d204|C:\\Windows\\System32\\wow64.dll+10955|C:\\Windows\\System32\\wow64.dll+901a|C:\\Windows\\System32\\wow64cpu.dll+17c3|C:\\Windows\\System32\\wow64cpu.dll+11b9|C:\\Windows\\System32\\wow64.dll+38c9|C:\\Windows\\System32\\wow64.dll+32bd|C:\\Windows\\SYSTEM32\\ntdll.dll+d3592|C:\\Windows\\SYSTEM32\\ntdll.dll+74cdb|C:\\Windows\\SYSTEM32\\ntdll.dll+74b63|C:\\Windows\\SYSTEM32\\ntdll.dll+74b0e|C:\\Windows\\SYSTEM32\\ntdll.dll+72c3c(wow64)|C:\\Windows\\System32\\KERNELBASE.dll+10ffd8(wow64)|C:\\Windows\\System32\\shcore.dll+2598c(wow64)|C:\\Windows\\System32\\shcore.dll+2595b(wow64)|C:\\Windows\\System32\\shcore.dll+221ac(wow64)|C:\\Windows\\System32\\SHELL32.dll+13ccb8(wow64)|C:\\Windows\\System32\\SHELL32.dll+11377b(wow64)|C:\\Windows\\System32\\SHELL32.dll+113595(wow64)|C:\\Windows\\System32\\ieframe.dll+bfe6f(wow64)|C:\\Windows\\System32\\ieframe.dll+beb28(wow64)|C:\\Windows\\System32\\ieframe.dll+c785e(wow64)|C:\\Windows\\System32\\ieframe.dll+c60a1(wow64)|C:\\Windows\\System32\\ieframe.dll+db003(wow64)","SourceUser":"STACKEDPADS\\tim.smith","TargetUser":"STACKEDPADS\\tim.smith","EventReceivedTime":1657287746,"SourceModuleName":"in_sysmon","SourceModuleType":"im_msvistalog"}
<14>Jul  8 13:42:26 wrk-shasek.stackedpads.local Microsoft-Windows-Sysmon[2568]: {"EventTime":1657287744,"Hostname":"wrk-shasek.stackedpads.local","Keywords":-9223372036854775808,"EventType":"INFO","SeverityValue":2,"Severity":"INFO","EventID":10,"SourceName":"Microsoft-Windows-Sysmon","ProviderGuid":"{5770385F-C22A-43E0-BF4C-06F5698FFBD9}","Version":3,"Task":10,"OpcodeValue":0,"RecordNumber":72884,"ProcessID":2568,"ThreadID":3284,"Channel":"Microsoft-Windows-Sysmon/Operational","Domain":"NT AUTHORITY","AccountName":"SYSTEM","UserID":"S-1-5-18","AccountType":"User","Message":"Process accessed:\r\nRuleName: technique_id=T1036,technique_name=Masquerading\r\nUtcTime: 2022-07-08 13:42:24.636\r\nSourceProcessGUID: {6b7cbb53-343b-62c8-f100-000000000e00}\r\nSourceProcessId: 6516\r\nSourceThreadId: 5504\r\nSourceImage: C:\\Users\\tim.smith\\AppData\\Local\\Microsoft\\OneDrive\\OneDrive.exe\r\nTargetProcessGUID: {6b7cbb53-3429-62c8-db00-000000000e00}\r\nTargetProcessId: 5636\r\nTargetImage: C:\\Windows\\Explorer.EXE\r\nGrantedAccess: 0x40\r\nCallTrace: C:\\Windows\\SYSTEM32\\ntdll.dll+9d204|C:\\Windows\\System32\\wow64.dll+10955|C:\\Windows\\System32\\wow64.dll+901a|C:\\Windows\\System32\\wow64cpu.dll+17c3|C:\\Windows\\System32\\wow64cpu.dll+11b9|C:\\Windows\\System32\\wow64.dll+38c9|C:\\Windows\\System32\\wow64.dll+32bd|C:\\Windows\\SYSTEM32\\ntdll.dll+d3592|C:\\Windows\\SYSTEM32\\ntdll.dll+74cdb|C:\\Windows\\SYSTEM32\\ntdll.dll+74b63|C:\\Windows\\SYSTEM32\\ntdll.dll+74b0e|C:\\Windows\\SYSTEM32\\ntdll.dll+72c3c(wow64)|C:\\Windows\\System32\\KERNELBASE.dll+10ffd8(wow64)|C:\\Windows\\System32\\shcore.dll+2598c(wow64)|C:\\Windows\\System32\\shcore.dll+2596e(wow64)|C:\\Windows\\System32\\shcore.dll+2bd09(wow64)|C:\\Windows\\System32\\shcore.dll+2ba02(wow64)|C:\\Windows\\System32\\shcore.dll+2b9cf(wow64)|C:\\Windows\\System32\\shcore.dll+2b913(wow64)|C:\\Windows\\System32\\SHELL32.dll+13cca3(wow64)|C:\\Windows\\System32\\SHELL32.dll+11377b(wow64)|C:\\Windows\\System32\\SHELL32.dll+113595(wow64)|C:\\Windows\\System32\\ieframe.dll+bfd88(wow64)|C:\\Windows\\System32\\ieframe.dll+beb28(wow64)\r\nSourceUser: STACKEDPADS\\tim.smith\r\nTargetUser: STACKEDPADS\\tim.smith","Category":"Process accessed (rule: ProcessAccess)","Opcode":"Info","RuleName":"technique_id=T1036,technique_name=Masquerading","UtcTime":"2022-07-08 13:42:24.636","SourceProcessGUID":"{6b7cbb53-343b-62c8-f100-000000000e00}","SourceProcessId":"6516","SourceThreadId":"5504","SourceImage":"C:\\Users\\tim.smith\\AppData\\Local\\Microsoft\\OneDrive\\OneDrive.exe","TargetProcessGUID":"{6b7cbb53-3429-62c8-db00-000000000e00}","TargetProcessId":"5636","TargetImage":"C:\\Windows\\Explorer.EXE","GrantedAccess":"0x40","CallTrace":"C:\\Windows\\SYSTEM32\\ntdll.dll+9d204|C:\\Windows\\System32\\wow64.dll+10955|C:\\Windows\\System32\\wow64.dll+901a|C:\\Windows\\System32\\wow64cpu.dll+17c3|C:\\Windows\\System32\\wow64cpu.dll+11b9|C:\\Windows\\System32\\wow64.dll+38c9|C:\\Windows\\System32\\wow64.dll+32bd|C:\\Windows\\SYSTEM32\\ntdll.dll+d3592|C:\\Windows\\SYSTEM32\\ntdll.dll+74cdb|C:\\Windows\\SYSTEM32\\ntdll.dll+74b63|C:\\Windows\\SYSTEM32\\ntdll.dll+74b0e|C:\\Windows\\SYSTEM32\\ntdll.dll+72c3c(wow64)|C:\\Windows\\System32\\KERNELBASE.dll+10ffd8(wow64)|C:\\Windows\\System32\\shcore.dll+2598c(wow64)|C:\\Windows\\System32\\shcore.dll+2596e(wow64)|C:\\Windows\\System32\\shcore.dll+2bd09(wow64)|C:\\Windows\\System32\\shcore.dll+2ba02(wow64)|C:\\Windows\\System32\\shcore.dll+2b9cf(wow64)|C:\\Windows\\System32\\shcore.dll+2b913(wow64)|C:\\Windows\\System32\\SHELL32.dll+13cca3(wow64)|C:\\Windows\\System32\\SHELL32.dll+11377b(wow64)|C:\\Windows\\System32\\SHELL32.dll+113595(wow64)|C:\\Windows\\System32\\ieframe.dll+bfd88(wow64)|C:\\Windows\\System32\\ieframe.dll+beb28(wow64)","SourceUser":"STACKEDPADS\\tim.smith","TargetUser":"STACKEDPADS\\tim.smith","EventReceivedTime":1657287746,"SourceModuleName":"in_sysmon","SourceModuleType":"im_msvistalog"}
<14>Jul  8 13:42:26 wrk-shasek.stackedpads.local Microsoft-Windows-Sysmon[2568]: {"EventTime":1657287744,"Hostname":"wrk-shasek.stackedpads.local","Keywords":-9223372036854775808,"EventType":"INFO","SeverityValue":2,"Severity":"INFO","EventID":10,"SourceName":"Microsoft-Windows-Sysmon","ProviderGuid":"{5770385F-C22A-43E0-BF4C-06F5698FFBD9}","Version":3,"Task":10,"OpcodeValue":0,"RecordNumber":72889,"ProcessID":2568,"ThreadID":3284,"Channel":"Microsoft-Windows-Sysmon/Operational","Domain":"NT AUTHORITY","AccountName":"SYSTEM","UserID":"S-1-5-18","AccountType":"User","Message":"Process accessed:\r\nRuleName: technique_id=T1036,technique_name=Masquerading\r\nUtcTime: 2022-07-08 13:42:24.636\r\nSourceProcessGUID: {6b7cbb53-343b-62c8-f100-000000000e00}\r\nSourceProcessId: 6516\r\nSourceThreadId: 5504\r\nSourceImage: C:\\Users\\tim.smith\\AppData\\Local\\Microsoft\\OneDrive\\OneDrive.exe\r\nTargetProcessGUID: {6b7cbb53-3429-62c8-db00-000000000e00}\r\nTargetProcessId: 5636\r\nTargetImage: C:\\Windows\\Explorer.EXE\r\nGrantedAccess: 0x40\r\nCallTrace: C:\\Windows\\SYSTEM32\\ntdll.dll+9d204|C:\\Windows\\System32\\wow64.dll+10955|C:\\Windows\\System32\\wow64.dll+901a|C:\\Windows\\System32\\wow64cpu.dll+17c3|C:\\Windows\\System32\\wow64cpu.dll+11b9|C:\\Windows\\System32\\wow64.dll+38c9|C:\\Windows\\System32\\wow64.dll+32bd|C:\\Windows\\SYSTEM32\\ntdll.dll+d3592|C:\\Windows\\SYSTEM32\\ntdll.dll+74cdb|C:\\Windows\\SYSTEM32\\ntdll.dll+74b63|C:\\Windows\\SYSTEM32\\ntdll.dll+74b0e|C:\\Windows\\SYSTEM32\\ntdll.dll+72c3c(wow64)|C:\\Windows\\System32\\KERNELBASE.dll+10ffd8(wow64)|C:\\Windows\\System32\\shcore.dll+2598c(wow64)|C:\\Windows\\System32\\shcore.dll+2595b(wow64)|C:\\Windows\\System32\\shcore.dll+221ac(wow64)|C:\\Windows\\System32\\SHELL32.dll+13ccb8(wow64)|C:\\Windows\\System32\\SHELL32.dll+11377b(wow64)|C:\\Windows\\System32\\SHELL32.dll+113595(wow64)|C:\\Windows\\System32\\ieframe.dll+bfded(wow64)|C:\\Windows\\System32\\ieframe.dll+beb28(wow64)|C:\\Windows\\System32\\ieframe.dll+c785e(wow64)|C:\\Windows\\System32\\ieframe.dll+c60a1(wow64)|C:\\Windows\\System32\\ieframe.dll+db003(wow64)\r\nSourceUser: STACKEDPADS\\tim.smith\r\nTargetUser: STACKEDPADS\\tim.smith","Category":"Process accessed (rule: ProcessAccess)","Opcode":"Info","RuleName":"technique_id=T1036,technique_name=Masquerading","UtcTime":"2022-07-08 13:42:24.636","SourceProcessGUID":"{6b7cbb53-343b-62c8-f100-000000000e00}","SourceProcessId":"6516","SourceThreadId":"5504","SourceImage":"C:\\Users\\tim.smith\\AppData\\Local\\Microsoft\\OneDrive\\OneDrive.exe","TargetProcessGUID":"{6b7cbb53-3429-62c8-db00-000000000e00}","TargetProcessId":"5636","TargetImage":"C:\\Windows\\Explorer.EXE","GrantedAccess":"0x40","CallTrace":"C:\\Windows\\SYSTEM32\\ntdll.dll+9d204|C:\\Windows\\System32\\wow64.dll+10955|C:\\Windows\\System32\\wow64.dll+901a|C:\\Windows\\System32\\wow64cpu.dll+17c3|C:\\Windows\\System32\\wow64cpu.dll+11b9|C:\\Windows\\System32\\wow64.dll+38c9|C:\\Windows\\System32\\wow64.dll+32bd|C:\\Windows\\SYSTEM32\\ntdll.dll+d3592|C:\\Windows\\SYSTEM32\\ntdll.dll+74cdb|C:\\Windows\\SYSTEM32\\ntdll.dll+74b63|C:\\Windows\\SYSTEM32\\ntdll.dll+74b0e|C:\\Windows\\SYSTEM32\\ntdll.dll+72c3c(wow64)|C:\\Windows\\System32\\KERNELBASE.dll+10ffd8(wow64)|C:\\Windows\\System32\\shcore.dll+2598c(wow64)|C:\\Windows\\System32\\shcore.dll+2595b(wow64)|C:\\Windows\\System32\\shcore.dll+221ac(wow64)|C:\\Windows\\System32\\SHELL32.dll+13ccb8(wow64)|C:\\Windows\\System32\\SHELL32.dll+11377b(wow64)|C:\\Windows\\System32\\SHELL32.dll+113595(wow64)|C:\\Windows\\System32\\ieframe.dll+bfded(wow64)|C:\\Windows\\System32\\ieframe.dll+beb28(wow64)|C:\\Windows\\System32\\ieframe.dll+c785e(wow64)|C:\\Windows\\System32\\ieframe.dll+c60a1(wow64)|C:\\Windows\\System32\\ieframe.dll+db003(wow64)","SourceUser":"STACKEDPADS\\tim.smith","TargetUser":"STACKEDPADS\\tim.smith","EventReceivedTime":1657287746,"SourceModuleName":"in_sysmon","SourceModuleType":"im_msvistalog"}
<14>Jul  8 13:42:26 wrk-shasek.stackedpads.local Microsoft-Windows-Sysmon[2568]: {"EventTime":1657287744,"Hostname":"wrk-shasek.stackedpads.local","Keywords":-9223372036854775808,"EventType":"INFO","SeverityValue":2,"Severity":"INFO","EventID":10,"SourceName":"Microsoft-Windows-Sysmon","ProviderGuid":"{5770385F-C22A-43E0-BF4C-06F5698FFBD9}","Version":3,"Task":10,"OpcodeValue":0,"RecordNumber":72887,"ProcessID":2568,"ThreadID":3284,"Channel":"Microsoft-Windows-Sysmon/Operational","Domain":"NT AUTHORITY","AccountName":"SYSTEM","UserID":"S-1-5-18","AccountType":"User","Message":"Process accessed:\r\nRuleName: technique_id=T1036,technique_name=Masquerading\r\nUtcTime: 2022-07-08 13:42:24.636\r\nSourceProcessGUID: {6b7cbb53-343b-62c8-f100-000000000e00}\r\nSourceProcessId: 6516\r\nSourceThreadId: 5504\r\nSourceImage: C:\\Users\\tim.smith\\AppData\\Local\\Microsoft\\OneDrive\\OneDrive.exe\r\nTargetProcessGUID: {6b7cbb53-3429-62c8-db00-000000000e00}\r\nTargetProcessId: 5636\r\nTargetImage: C:\\Windows\\Explorer.EXE\r\nGrantedAccess: 0x40\r\nCallTrace: C:\\Windows\\SYSTEM32\\ntdll.dll+9d204|C:\\Windows\\System32\\wow64.dll+10955|C:\\Windows\\System32\\wow64.dll+901a|C:\\Windows\\System32\\wow64cpu.dll+17c3|C:\\Windows\\System32\\wow64cpu.dll+11b9|C:\\Windows\\System32\\wow64.dll+38c9|C:\\Windows\\System32\\wow64.dll+32bd|C:\\Windows\\SYSTEM32\\ntdll.dll+d3592|C:\\Windows\\SYSTEM32\\ntdll.dll+74cdb|C:\\Windows\\SYSTEM32\\ntdll.dll+74b63|C:\\Windows\\SYSTEM32\\ntdll.dll+74b0e|C:\\Windows\\SYSTEM32\\ntdll.dll+72c3c(wow64)|C:\\Windows\\System32\\KERNELBASE.dll+10ffd8(wow64)|C:\\Windows\\System32\\shcore.dll+2598c(wow64)|C:\\Windows\\System32\\shcore.dll+2bce5(wow64)|C:\\Windows\\System32\\shcore.dll+2ba02(wow64)|C:\\Windows\\System32\\shcore.dll+2b9cf(wow64)|C:\\Windows\\System32\\shcore.dll+2b913(wow64)|C:\\Windows\\System32\\SHELL32.dll+13cca3(wow64)|C:\\Windows\\System32\\SHELL32.dll+11377b(wow64)|C:\\Windows\\System32\\SHELL32.dll+113595(wow64)|C:\\Windows\\System32\\ieframe.dll+bfded(wow64)|C:\\Windows\\System32\\ieframe.dll+beb28(wow64)|C:\\Windows\\System32\\ieframe.dll+c785e(wow64)\r\nSourceUser: STACKEDPADS\\tim.smith\r\nTargetUser: STACKEDPADS\\tim.smith","Category":"Process accessed (rule: ProcessAccess)","Opcode":"Info","RuleName":"technique_id=T1036,technique_name=Masquerading","UtcTime":"2022-07-08 13:42:24.636","SourceProcessGUID":"{6b7cbb53-343b-62c8-f100-000000000e00}","SourceProcessId":"6516","SourceThreadId":"5504","SourceImage":"C:\\Users\\tim.smith\\AppData\\Local\\Microsoft\\OneDrive\\OneDrive.exe","TargetProcessGUID":"{6b7cbb53-3429-62c8-db00-000000000e00}","TargetProcessId":"5636","TargetImage":"C:\\Windows\\Explorer.EXE","GrantedAccess":"0x40","CallTrace":"C:\\Windows\\SYSTEM32\\ntdll.dll+9d204|C:\\Windows\\System32\\wow64.dll+10955|C:\\Windows\\System32\\wow64.dll+901a|C:\\Windows\\System32\\wow64cpu.dll+17c3|C:\\Windows\\System32\\wow64cpu.dll+11b9|C:\\Windows\\System32\\wow64.dll+38c9|C:\\Windows\\System32\\wow64.dll+32bd|C:\\Windows\\SYSTEM32\\ntdll.dll+d3592|C:\\Windows\\SYSTEM32\\ntdll.dll+74cdb|C:\\Windows\\SYSTEM32\\ntdll.dll+74b63|C:\\Windows\\SYSTEM32\\ntdll.dll+74b0e|C:\\Windows\\SYSTEM32\\ntdll.dll+72c3c(wow64)|C:\\Windows\\System32\\KERNELBASE.dll+10ffd8(wow64)|C:\\Windows\\System32\\shcore.dll+2598c(wow64)|C:\\Windows\\System32\\shcore.dll+2bce5(wow64)|C:\\Windows\\System32\\shcore.dll+2ba02(wow64)|C:\\Windows\\System32\\shcore.dll+2b9cf(wow64)|C:\\Windows\\System32\\shcore.dll+2b913(wow64)|C:\\Windows\\System32\\SHELL32.dll+13cca3(wow64)|C:\\Windows\\System32\\SHELL32.dll+11377b(wow64)|C:\\Windows\\System32\\SHELL32.dll+113595(wow64)|C:\\Windows\\System32\\ieframe.dll+bfded(wow64)|C:\\Windows\\System32\\ieframe.dll+beb28(wow64)|C:\\Windows\\System32\\ieframe.dll+c785e(wow64)","SourceUser":"STACKEDPADS\\tim.smith","TargetUser":"STACKEDPADS\\tim.smith","EventReceivedTime":1657287746,"SourceModuleName":"in_sysmon","SourceModuleType":"im_msvistalog"}
<14>Jul  8 13:42:26 wrk-shasek.stackedpads.local Microsoft-Windows-Sysmon[2568]: {"EventTime":1657287744,"Hostname":"wrk-shasek.stackedpads.local","Keywords":-9223372036854775808,"EventType":"INFO","SeverityValue":2,"Severity":"INFO","EventID":10,"SourceName":"Microsoft-Windows-Sysmon","ProviderGuid":"{5770385F-C22A-43E0-BF4C-06F5698FFBD9}","Version":3,"Task":10,"OpcodeValue":0,"RecordNumber":72891,"ProcessID":2568,"ThreadID":3284,"Channel":"Microsoft-Windows-Sysmon/Operational","Domain":"NT AUTHORITY","AccountName":"SYSTEM","UserID":"S-1-5-18","AccountType":"User","Message":"Process accessed:\r\nRuleName: technique_id=T1036,technique_name=Masquerading\r\nUtcTime: 2022-07-08 13:42:24.636\r\nSourceProcessGUID: {6b7cbb53-343b-62c8-f100-000000000e00}\r\nSourceProcessId: 6516\r\nSourceThreadId: 5504\r\nSourceImage: C:\\Users\\tim.smith\\AppData\\Local\\Microsoft\\OneDrive\\OneDrive.exe\r\nTargetProcessGUID: {6b7cbb53-3429-62c8-db00-000000000e00}\r\nTargetProcessId: 5636\r\nTargetImage: C:\\Windows\\Explorer.EXE\r\nGrantedAccess: 0x40\r\nCallTrace: C:\\Windows\\SYSTEM32\\ntdll.dll+9d204|C:\\Windows\\System32\\wow64.dll+10955|C:\\Windows\\System32\\wow64.dll+901a|C:\\Windows\\System32\\wow64cpu.dll+17c3|C:\\Windows\\System32\\wow64cpu.dll+11b9|C:\\Windows\\System32\\wow64.dll+38c9|C:\\Windows\\System32\\wow64.dll+32bd|C:\\Windows\\SYSTEM32\\ntdll.dll+d3592|C:\\Windows\\SYSTEM32\\ntdll.dll+74cdb|C:\\Windows\\SYSTEM32\\ntdll.dll+74b63|C:\\Windows\\SYSTEM32\\ntdll.dll+74b0e|C:\\Windows\\SYSTEM32\\ntdll.dll+72c3c(wow64)|C:\\Windows\\System32\\KERNELBASE.dll+10ffd8(wow64)|C:\\Windows\\System32\\shcore.dll+2598c(wow64)|C:\\Windows\\System32\\shcore.dll+2bce5(wow64)|C:\\Windows\\System32\\shcore.dll+2ba02(wow64)|C:\\Windows\\System32\\shcore.dll+2b9cf(wow64)|C:\\Windows\\System32\\shcore.dll+2b913(wow64)|C:\\Windows\\System32\\SHELL32.dll+13cca3(wow64)|C:\\Windows\\System32\\SHELL32.dll+11377b(wow64)|C:\\Windows\\System32\\SHELL32.dll+113595(wow64)|C:\\Windows\\System32\\ieframe.dll+bfe6f(wow64)|C:\\Windows\\System32\\ieframe.dll+beb28(wow64)|C:\\Windows\\System32\\ieframe.dll+c785e(wow64)\r\nSourceUser: STACKEDPADS\\tim.smith\r\nTargetUser: STACKEDPADS\\tim.smith","Category":"Process accessed (rule: ProcessAccess)","Opcode":"Info","RuleName":"technique_id=T1036,technique_name=Masquerading","UtcTime":"2022-07-08 13:42:24.636","SourceProcessGUID":"{6b7cbb53-343b-62c8-f100-000000000e00}","SourceProcessId":"6516","SourceThreadId":"5504","SourceImage":"C:\\Users\\tim.smith\\AppData\\Local\\Microsoft\\OneDrive\\OneDrive.exe","TargetProcessGUID":"{6b7cbb53-3429-62c8-db00-000000000e00}","TargetProcessId":"5636","TargetImage":"C:\\Windows\\Explorer.EXE","GrantedAccess":"0x40","CallTrace":"C:\\Windows\\SYSTEM32\\ntdll.dll+9d204|C:\\Windows\\System32\\wow64.dll+10955|C:\\Windows\\System32\\wow64.dll+901a|C:\\Windows\\System32\\wow64cpu.dll+17c3|C:\\Windows\\System32\\wow64cpu.dll+11b9|C:\\Windows\\System32\\wow64.dll+38c9|C:\\Windows\\System32\\wow64.dll+32bd|C:\\Windows\\SYSTEM32\\ntdll.dll+d3592|C:\\Windows\\SYSTEM32\\ntdll.dll+74cdb|C:\\Windows\\SYSTEM32\\ntdll.dll+74b63|C:\\Windows\\SYSTEM32\\ntdll.dll+74b0e|C:\\Windows\\SYSTEM32\\ntdll.dll+72c3c(wow64)|C:\\Windows\\System32\\KERNELBASE.dll+10ffd8(wow64)|C:\\Windows\\System32\\shcore.dll+2598c(wow64)|C:\\Windows\\System32\\shcore.dll+2bce5(wow64)|C:\\Windows\\System32\\shcore.dll+2ba02(wow64)|C:\\Windows\\System32\\shcore.dll+2b9cf(wow64)|C:\\Windows\\System32\\shcore.dll+2b913(wow64)|C:\\Windows\\System32\\SHELL32.dll+13cca3(wow64)|C:\\Windows\\System32\\SHELL32.dll+11377b(wow64)|C:\\Windows\\System32\\SHELL32.dll+113595(wow64)|C:\\Windows\\System32\\ieframe.dll+bfe6f(wow64)|C:\\Windows\\System32\\ieframe.dll+beb28(wow64)|C:\\Windows\\System32\\ieframe.dll+c785e(wow64)","SourceUser":"STACKEDPADS\\tim.smith","TargetUser":"STACKEDPADS\\tim.smith","EventReceivedTime":1657287746,"SourceModuleName":"in_sysmon","SourceModuleType":"im_msvistalog"}
<14>Jul  8 13:42:25 wrk-shasek.stackedpads.local Microsoft-Windows-Sysmon[2568]: {"EventTime":1657287743,"Hostname":"wrk-shasek.stackedpads.local","Keywords":-9223372036854775808,"EventType":"INFO","SeverityValue":2,"Severity":"INFO","EventID":11,"SourceName":"Microsoft-Windows-Sysmon","ProviderGuid":"{5770385F-C22A-43E0-BF4C-06F5698FFBD9}","Version":2,"Task":11,"OpcodeValue":0,"RecordNumber":72875,"ProcessID":2568,"ThreadID":3284,"Channel":"Microsoft-Windows-Sysmon/Operational","Domain":"NT AUTHORITY","AccountName":"SYSTEM","UserID":"S-1-5-18","AccountType":"User","Message":"File created:\r\nRuleName: -\r\nUtcTime: 2022-07-08 13:42:23.309\r\nProcessGuid: {6b7cbb53-316d-62c8-1500-000000000e00}\r\nProcessId: 712\r\nImage: C:\\Windows\\System32\\svchost.exe\r\nTargetFilename: C:\\Windows\\Prefetch\\TEXTINPUTHOST.EXE-91C3EC58.pf\r\nCreationUtcTime: 2022-06-23 13:39:34.045\r\nUser: NT AUTHORITY\\SYSTEM","Category":"File created (rule: FileCreate)","Opcode":"Info","RuleName":"-","UtcTime":"2022-07-08 13:42:23.309","ProcessGuid":"{6b7cbb53-316d-62c8-1500-000000000e00}","Image":"C:\\Windows\\System32\\svchost.exe","TargetFilename":"C:\\Windows\\Prefetch\\TEXTINPUTHOST.EXE-91C3EC58.pf","CreationUtcTime":"2022-06-23 13:39:34.045","User":"NT AUTHORITY\\SYSTEM","EventReceivedTime":1657287745,"SourceModuleName":"in_sysmon","SourceModuleType":"im_msvistalog"}
<14>Jul  8 13:42:25 wrk-shasek.stackedpads.local Microsoft-Windows-Sysmon[2568]: {"EventTime":1657287743,"Hostname":"wrk-shasek.stackedpads.local","Keywords":-9223372036854775808,"EventType":"INFO","SeverityValue":2,"Severity":"INFO","EventID":11,"SourceName":"Microsoft-Windows-Sysmon","ProviderGuid":"{5770385F-C22A-43E0-BF4C-06F5698FFBD9}","Version":2,"Task":11,"OpcodeValue":0,"RecordNumber":72879,"ProcessID":2568,"ThreadID":3284,"Channel":"Microsoft-Windows-Sysmon/Operational","Domain":"NT AUTHORITY","AccountName":"SYSTEM","UserID":"S-1-5-18","AccountType":"User","Message":"File created:\r\nRuleName: -\r\nUtcTime: 2022-07-08 13:42:23.982\r\nProcessGuid: {6b7cbb53-316d-62c8-1500-000000000e00}\r\nProcessId: 712\r\nImage: C:\\Windows\\System32\\svchost.exe\r\nTargetFilename: C:\\Windows\\Prefetch\\DLLHOST.EXE-15CDDA9C.pf\r\nCreationUtcTime: 2022-06-22 15:59:44.235\r\nUser: NT AUTHORITY\\SYSTEM","Category":"File created (rule: FileCreate)","Opcode":"Info","RuleName":"-","UtcTime":"2022-07-08 13:42:23.982","ProcessGuid":"{6b7cbb53-316d-62c8-1500-000000000e00}","Image":"C:\\Windows\\System32\\svchost.exe","TargetFilename":"C:\\Windows\\Prefetch\\DLLHOST.EXE-15CDDA9C.pf","CreationUtcTime":"2022-06-22 15:59:44.235","User":"NT AUTHORITY\\SYSTEM","EventReceivedTime":1657287745,"SourceModuleName":"in_sysmon","SourceModuleType":"im_msvistalog"}
<14>Jul  8 13:42:25 wrk-shasek.stackedpads.local Microsoft-Windows-Sysmon[2568]: {"EventTime":1657287744,"Hostname":"wrk-shasek.stackedpads.local","Keywords":-9223372036854775808,"EventType":"INFO","SeverityValue":2,"Severity":"INFO","EventID":11,"SourceName":"Microsoft-Windows-Sysmon","ProviderGuid":"{5770385F-C22A-43E0-BF4C-06F5698FFBD9}","Version":2,"Task":11,"OpcodeValue":0,"RecordNumber":72881,"ProcessID":2568,"ThreadID":3284,"Channel":"Microsoft-Windows-Sysmon/Operational","Domain":"NT AUTHORITY","AccountName":"SYSTEM","UserID":"S-1-5-18","AccountType":"User","Message":"File created:\r\nRuleName: -\r\nUtcTime: 2022-07-08 13:42:24.141\r\nProcessGuid: {6b7cbb53-316d-62c8-1500-000000000e00}\r\nProcessId: 712\r\nImage: C:\\Windows\\System32\\svchost.exe\r\nTargetFilename: C:\\Windows\\Prefetch\\CONSENT.EXE-40419367.pf\r\nCreationUtcTime: 2022-06-22 16:09:19.803\r\nUser: NT AUTHORITY\\SYSTEM","Category":"File created (rule: FileCreate)","Opcode":"Info","RuleName":"-","UtcTime":"2022-07-08 13:42:24.141","ProcessGuid":"{6b7cbb53-316d-62c8-1500-000000000e00}","Image":"C:\\Windows\\System32\\svchost.exe","TargetFilename":"C:\\Windows\\Prefetch\\CONSENT.EXE-40419367.pf","CreationUtcTime":"2022-06-22 16:09:19.803","User":"NT AUTHORITY\\SYSTEM","EventReceivedTime":1657287745,"SourceModuleName":"in_sysmon","SourceModuleType":"im_msvistalog"}
<14>Jul  8 13:42:26 wrk-shasek.stackedpads.local Microsoft-Windows-Sysmon[2568]: {"EventTime":1657287744,"Hostname":"wrk-shasek.stackedpads.local","Keywords":-9223372036854775808,"EventType":"INFO","SeverityValue":2,"Severity":"INFO","EventID":11,"SourceName":"Microsoft-Windows-Sysmon","ProviderGuid":"{5770385F-C22A-43E0-BF4C-06F5698FFBD9}","Version":2,"Task":11,"OpcodeValue":0,"RecordNumber":72895,"ProcessID":2568,"ThreadID":3284,"Channel":"Microsoft-Windows-Sysmon/Operational","Domain":"NT AUTHORITY","AccountName":"SYSTEM","UserID":"S-1-5-18","AccountType":"User","Message":"File created:\r\nRuleName: -\r\nUtcTime: 2022-07-08 13:42:24.683\r\nProcessGuid: {6b7cbb53-342d-62c8-e300-000000000e00}\r\nProcessId: 2528\r\nImage: C:\\Windows\\SystemApps\\Microsoft.Windows.Search_cw5n1h2txyewy\\SearchApp.exe\r\nTargetFilename: C:\\Users\\tim.smith\\AppData\\Local\\Packages\\Microsoft.Windows.Search_cw5n1h2txyewy\\AC\\INetCache\\DMRNIG85\\trans[8].gif\r\nCreationUtcTime: 2022-07-08 13:42:24.683\r\nUser: STACKEDPADS\\tim.smith","Category":"File created (rule: FileCreate)","Opcode":"Info","RuleName":"-","UtcTime":"2022-07-08 13:42:24.683","ProcessGuid":"{6b7cbb53-342d-62c8-e300-000000000e00}","Image":"C:\\Windows\\SystemApps\\Microsoft.Windows.Search_cw5n1h2txyewy\\SearchApp.exe","TargetFilename":"C:\\Users\\tim.smith\\AppData\\Local\\Packages\\Microsoft.Windows.Search_cw5n1h2txyewy\\AC\\INetCache\\DMRNIG85\\trans[8].gif","CreationUtcTime":"2022-07-08 13:42:24.683","User":"STACKEDPADS\\tim.smith","EventReceivedTime":1657287746,"SourceModuleName":"in_sysmon","SourceModuleType":"im_msvistalog"}
<14>Jul  8 13:42:26 wrk-shasek.stackedpads.local Microsoft-Windows-Sysmon[2568]: {"EventTime":1657287744,"Hostname":"wrk-shasek.stackedpads.local","Keywords":-9223372036854775808,"EventType":"INFO","SeverityValue":2,"Severity":"INFO","EventID":11,"SourceName":"Microsoft-Windows-Sysmon","ProviderGuid":"{5770385F-C22A-43E0-BF4C-06F5698FFBD9}","Version":2,"Task":11,"OpcodeValue":0,"RecordNumber":72897,"ProcessID":2568,"ThreadID":3284,"Channel":"Microsoft-Windows-Sysmon/Operational","Domain":"NT AUTHORITY","AccountName":"SYSTEM","UserID":"S-1-5-18","AccountType":"User","Message":"File created:\r\nRuleName: -\r\nUtcTime: 2022-07-08 13:42:24.896\r\nProcessGuid: {6b7cbb53-342d-62c8-e300-000000000e00}\r\nProcessId: 2528\r\nImage: C:\\Windows\\SystemApps\\Microsoft.Windows.Search_cw5n1h2txyewy\\SearchApp.exe\r\nTargetFilename: C:\\Users\\tim.smith\\AppData\\Local\\Packages\\Microsoft.Windows.Search_cw5n1h2txyewy\\AC\\INetCache\\DMRNIG85\\trans[9].gif\r\nCreationUtcTime: 2022-07-08 13:42:24.895\r\nUser: STACKEDPADS\\tim.smith","Category":"File created (rule: FileCreate)","Opcode":"Info","RuleName":"-","UtcTime":"2022-07-08 13:42:24.896","ProcessGuid":"{6b7cbb53-342d-62c8-e300-000000000e00}","Image":"C:\\Windows\\SystemApps\\Microsoft.Windows.Search_cw5n1h2txyewy\\SearchApp.exe","TargetFilename":"C:\\Users\\tim.smith\\AppData\\Local\\Packages\\Microsoft.Windows.Search_cw5n1h2txyewy\\AC\\INetCache\\DMRNIG85\\trans[9].gif","CreationUtcTime":"2022-07-08 13:42:24.895","User":"STACKEDPADS\\tim.smith","EventReceivedTime":1657287746,"SourceModuleName":"in_sysmon","SourceModuleType":"im_msvistalog"}
<14>Jul  8 13:42:26 wrk-shasek.stackedpads.local Microsoft-Windows-Sysmon[2568]: {"EventTime":1657287745,"Hostname":"wrk-shasek.stackedpads.local","Keywords":-9223372036854775808,"EventType":"INFO","SeverityValue":2,"Severity":"INFO","EventID":11,"SourceName":"Microsoft-Windows-Sysmon","ProviderGuid":"{5770385F-C22A-43E0-BF4C-06F5698FFBD9}","Version":2,"Task":11,"OpcodeValue":0,"RecordNumber":72899,"ProcessID":2568,"ThreadID":3284,"Channel":"Microsoft-Windows-Sysmon/Operational","Domain":"NT AUTHORITY","AccountName":"SYSTEM","UserID":"S-1-5-18","AccountType":"User","Message":"File created:\r\nRuleName: -\r\nUtcTime: 2022-07-08 13:42:25.123\r\nProcessGuid: {6b7cbb53-342d-62c8-e300-000000000e00}\r\nProcessId: 2528\r\nImage: C:\\Windows\\SystemApps\\Microsoft.Windows.Search_cw5n1h2txyewy\\SearchApp.exe\r\nTargetFilename: C:\\Users\\tim.smith\\AppData\\Local\\Packages\\Microsoft.Windows.Search_cw5n1h2txyewy\\AC\\INetCache\\CSPHHOV2\\trans[7].gif\r\nCreationUtcTime: 2022-07-08 13:42:25.123\r\nUser: STACKEDPADS\\tim.smith","Category":"File created (rule: FileCreate)","Opcode":"Info","RuleName":"-","UtcTime":"2022-07-08 13:42:25.123","ProcessGuid":"{6b7cbb53-342d-62c8-e300-000000000e00}","Image":"C:\\Windows\\SystemApps\\Microsoft.Windows.Search_cw5n1h2txyewy\\SearchApp.exe","TargetFilename":"C:\\Users\\tim.smith\\AppData\\Local\\Packages\\Microsoft.Windows.Search_cw5n1h2txyewy\\AC\\INetCache\\CSPHHOV2\\trans[7].gif","CreationUtcTime":"2022-07-08 13:42:25.123","User":"STACKEDPADS\\tim.smith","EventReceivedTime":1657287746,"SourceModuleName":"in_sysmon","SourceModuleType":"im_msvistalog"}
<14>Jul  8 13:42:26 wrk-shasek.stackedpads.local Microsoft-Windows-Sysmon[2568]: {"EventTime":1657287745,"Hostname":"wrk-shasek.stackedpads.local","Keywords":-9223372036854775808,"EventType":"INFO","SeverityValue":2,"Severity":"INFO","EventID":11,"SourceName":"Microsoft-Windows-Sysmon","ProviderGuid":"{5770385F-C22A-43E0-BF4C-06F5698FFBD9}","Version":2,"Task":11,"OpcodeValue":0,"RecordNumber":72900,"ProcessID":2568,"ThreadID":3284,"Channel":"Microsoft-Windows-Sysmon/Operational","Domain":"NT AUTHORITY","AccountName":"SYSTEM","UserID":"S-1-5-18","AccountType":"User","Message":"File created:\r\nRuleName: -\r\nUtcTime: 2022-07-08 13:42:25.144\r\nProcessGuid: {6b7cbb53-342d-62c8-e300-000000000e00}\r\nProcessId: 2528\r\nImage: C:\\Windows\\SystemApps\\Microsoft.Windows.Search_cw5n1h2txyewy\\SearchApp.exe\r\nTargetFilename: C:\\Users\\tim.smith\\AppData\\Local\\Packages\\Microsoft.Windows.Search_cw5n1h2txyewy\\AC\\INetCache\\PFXU6DK3\\trans[9].gif\r\nCreationUtcTime: 2022-07-08 13:42:25.144\r\nUser: STACKEDPADS\\tim.smith","Category":"File created (rule: FileCreate)","Opcode":"Info","RuleName":"-","UtcTime":"2022-07-08 13:42:25.144","ProcessGuid":"{6b7cbb53-342d-62c8-e300-000000000e00}","Image":"C:\\Windows\\SystemApps\\Microsoft.Windows.Search_cw5n1h2txyewy\\SearchApp.exe","TargetFilename":"C:\\Users\\tim.smith\\AppData\\Local\\Packages\\Microsoft.Windows.Search_cw5n1h2txyewy\\AC\\INetCache\\PFXU6DK3\\trans[9].gif","CreationUtcTime":"2022-07-08 13:42:25.144","User":"STACKEDPADS\\tim.smith","EventReceivedTime":1657287746,"SourceModuleName":"in_sysmon","SourceModuleType":"im_msvistalog"}
<14>Jul  8 13:42:25 wrk-shasek.stackedpads.local Microsoft-Windows-Sysmon[2568]: {"EventTime":1657287743,"Hostname":"wrk-shasek.stackedpads.local","Keywords":-9223372036854775808,"EventType":"INFO","SeverityValue":2,"Severity":"INFO","EventID":13,"SourceName":"Microsoft-Windows-Sysmon","ProviderGuid":"{5770385F-C22A-43E0-BF4C-06F5698FFBD9}","Version":2,"Task":13,"OpcodeValue":0,"RecordNumber":72876,"ProcessID":2568,"ThreadID":3284,"Channel":"Microsoft-Windows-Sysmon/Operational","Domain":"NT AUTHORITY","AccountName":"SYSTEM","UserID":"S-1-5-18","AccountType":"User","Message":"Registry value set:\r\nRuleName: technique_id=T1543,technique_name=Service Creation\r\nEventType: SetValue\r\nUtcTime: 2022-07-08 13:42:23.653\r\nProcessGuid: {6b7cbb53-343a-62c8-ef00-000000000e00}\r\nProcessId: 7068\r\nImage: C:\\Windows\\system32\\consent.exe\r\nTargetObject: HKLM\\System\\CurrentControlSet\\Services\\bam\\State\\UserSettings\\S-1-5-18\\\\Device\\HarddiskVolume3\\Windows\\System32\\consent.exe\r\nDetails: Binary Data\r\nUser: NT AUTHORITY\\SYSTEM","Category":"Registry value set (rule: RegistryEvent)","Opcode":"Info","RuleName":"technique_id=T1543,technique_name=Service Creation","UtcTime":"2022-07-08 13:42:23.653","ProcessGuid":"{6b7cbb53-343a-62c8-ef00-000000000e00}","Image":"C:\\Windows\\system32\\consent.exe","TargetObject":"HKLM\\System\\CurrentControlSet\\Services\\bam\\State\\UserSettings\\S-1-5-18\\\\Device\\HarddiskVolume3\\Windows\\System32\\consent.exe","Details":"Binary Data","User":"NT AUTHORITY\\SYSTEM","EventReceivedTime":1657287745,"SourceModuleName":"in_sysmon","SourceModuleType":"im_msvistalog"}
<14>Jul  8 13:42:25 wrk-shasek.stackedpads.local Microsoft-Windows-Sysmon[2568]: {"EventTime":1657287743,"Hostname":"wrk-shasek.stackedpads.local","Keywords":-9223372036854775808,"EventType":"INFO","SeverityValue":2,"Severity":"INFO","EventID":1,"SourceName":"Microsoft-Windows-Sysmon","ProviderGuid":"{5770385F-C22A-43E0-BF4C-06F5698FFBD9}","Version":5,"Task":1,"OpcodeValue":0,"RecordNumber":72878,"ProcessID":2568,"ThreadID":3284,"Channel":"Microsoft-Windows-Sysmon/Operational","Domain":"NT AUTHORITY","AccountName":"SYSTEM","UserID":"S-1-5-18","AccountType":"User","Message":"Process Create:\r\nRuleName: technique_id=T1086,technique_name=PowerShell\r\nUtcTime: 2022-07-08 13:42:23.760\r\nProcessGuid: {6b7cbb53-343f-62c8-f300-000000000e00}\r\nProcessId: 2744\r\nImage: C:\\Windows\\System32\\WindowsPowerShell\\v1.0\\powershell.exe\r\nFileVersion: 10.0.19041.546 (WinBuild.160101.0800)\r\nDescription: Windows PowerShell\r\nProduct: Microsoft® Windows® Operating System\r\nCompany: Microsoft Corporation\r\nOriginalFileName: PowerShell.EXE\r\nCommandLine: \"C:\\Windows\\System32\\WindowsPowerShell\\v1.0\\powershell.exe\" \r\nCurrentDirectory: C:\\Windows\\system32\\\r\nUser: STACKEDPADS\\tim.smith\r\nLogonGuid: {6b7cbb53-3426-62c8-0a72-300000000000}\r\nLogonId: 0x30720A\r\nTerminalSessionId: 3\r\nIntegrityLevel: High\r\nHashes: SHA1=F43D9BB316E30AE1A3494AC5B0624F6BEA1BF054,MD5=04029E121A0CFA5991749937DD22A1D9,SHA256=9F914D42706FE215501044ACD85A32D58AAEF1419D404FDDFA5D3B48F66CCD9F,IMPHASH=7C955A0ABC747F57CCC4324480737EF7\r\nParentProcessGuid: {6b7cbb53-3437-62c8-ec00-000000000e00}\r\nParentProcessId: 2352\r\nParentImage: C:\\Windows\\System32\\RuntimeBroker.exe\r\nParentCommandLine: C:\\Windows\\System32\\RuntimeBroker.exe -Embedding\r\nParentUser: STACKEDPADS\\tim.smith","Category":"Process Create (rule: ProcessCreate)","Opcode":"Info","RuleName":"technique_id=T1086,technique_name=PowerShell","UtcTime":"2022-07-08 13:42:23.760","ProcessGuid":"{6b7cbb53-343f-62c8-f300-000000000e00}","Image":"C:\\Windows\\System32\\WindowsPowerShell\\v1.0\\powershell.exe","FileVersion":"10.0.19041.546 (WinBuild.160101.0800)","Description":"Windows PowerShell","Product":"Microsoft® Windows® Operating System","Company":"Microsoft Corporation","OriginalFileName":"PowerShell.EXE","CommandLine":"\"C:\\Windows\\System32\\WindowsPowerShell\\v1.0\\powershell.exe\" ","CurrentDirectory":"C:\\Windows\\system32\\","User":"STACKEDPADS\\tim.smith","LogonGuid":"{6b7cbb53-3426-62c8-0a72-300000000000}","LogonId":"0x30720a","TerminalSessionId":"3","IntegrityLevel":"High","Hashes":"SHA1=F43D9BB316E30AE1A3494AC5B0624F6BEA1BF054,MD5=04029E121A0CFA5991749937DD22A1D9,SHA256=9F914D42706FE215501044ACD85A32D58AAEF1419D404FDDFA5D3B48F66CCD9F,IMPHASH=7C955A0ABC747F57CCC4324480737EF7","ParentProcessGuid":"{6b7cbb53-3437-62c8-ec00-000000000e00}","ParentProcessId":"2352","ParentImage":"C:\\Windows\\System32\\RuntimeBroker.exe","ParentCommandLine":"C:\\Windows\\System32\\RuntimeBroker.exe -Embedding","ParentUser":"STACKEDPADS\\tim.smith","EventReceivedTime":1657287745,"SourceModuleName":"in_sysmon","SourceModuleType":"im_msvistalog"}
<14>Jul  8 13:42:25 wrk-shasek.stackedpads.local Microsoft-Windows-Sysmon[2568]: {"EventTime":1657287743,"Hostname":"wrk-shasek.stackedpads.local","Keywords":-9223372036854775808,"EventType":"INFO","SeverityValue":2,"Severity":"INFO","EventID":13,"SourceName":"Microsoft-Windows-Sysmon","ProviderGuid":"{5770385F-C22A-43E0-BF4C-06F5698FFBD9}","Version":2,"Task":13,"OpcodeValue":0,"RecordNumber":72877,"ProcessID":2568,"ThreadID":3284,"Channel":"Microsoft-Windows-Sysmon/Operational","Domain":"NT AUTHORITY","AccountName":"SYSTEM","UserID":"S-1-5-18","AccountType":"User","Message":"Registry value set:\r\nRuleName: technique_id=T1543,technique_name=Service Creation\r\nEventType: SetValue\r\nUtcTime: 2022-07-08 13:42:23.761\r\nProcessGuid: {6b7cbb53-316d-62c8-1300-000000000e00}\r\nProcessId: 396\r\nImage: C:\\Windows\\system32\\svchost.exe\r\nTargetObject: HKLM\\System\\CurrentControlSet\\Services\\bam\\State\\UserSettings\\S-1-5-21-2264196694-1469429678-912427992-1107\\\\Device\\HarddiskVolume3\\Windows\\System32\\WindowsPowerShell\\v1.0\\powershell.exe\r\nDetails: Binary Data\r\nUser: NT AUTHORITY\\SYSTEM","Category":"Registry value set (rule: RegistryEvent)","Opcode":"Info","RuleName":"technique_id=T1543,technique_name=Service Creation","UtcTime":"2022-07-08 13:42:23.761","ProcessGuid":"{6b7cbb53-316d-62c8-1300-000000000e00}","Image":"C:\\Windows\\system32\\svchost.exe","TargetObject":"HKLM\\System\\CurrentControlSet\\Services\\bam\\State\\UserSettings\\S-1-5-21-2264196694-1469429678-912427992-1107\\\\Device\\HarddiskVolume3\\Windows\\System32\\WindowsPowerShell\\v1.0\\powershell.exe","Details":"Binary Data","User":"NT AUTHORITY\\SYSTEM","EventReceivedTime":1657287745,"SourceModuleName":"in_sysmon","SourceModuleType":"im_msvistalog"}
<14>Jul  8 13:42:25 wrk-shasek.stackedpads.local Microsoft-Windows-Sysmon[2568]: {"EventTime":1657287744,"Hostname":"wrk-shasek.stackedpads.local","Keywords":-9223372036854775808,"EventType":"INFO","SeverityValue":2,"Severity":"INFO","EventID":13,"SourceName":"Microsoft-Windows-Sysmon","ProviderGuid":"{5770385F-C22A-43E0-BF4C-06F5698FFBD9}","Version":2,"Task":13,"OpcodeValue":0,"RecordNumber":72880,"ProcessID":2568,"ThreadID":3284,"Channel":"Microsoft-Windows-Sysmon/Operational","Domain":"NT AUTHORITY","AccountName":"SYSTEM","UserID":"S-1-5-18","AccountType":"User","Message":"Registry value set:\r\nRuleName: technique_id=T1543,technique_name=Service Creation\r\nEventType: SetValue\r\nUtcTime: 2022-07-08 13:42:24.125\r\nProcessGuid: {6b7cbb53-343f-62c8-f300-000000000e00}\r\nProcessId: 2744\r\nImage: C:\\Windows\\System32\\WindowsPowerShell\\v1.0\\powershell.exe\r\nTargetObject: HKLM\\System\\CurrentControlSet\\Services\\bam\\State\\UserSettings\\S-1-5-21-2264196694-1469429678-912427992-1107\\\\Device\\HarddiskVolume3\\Windows\\System32\\conhost.exe\r\nDetails: Binary Data\r\nUser: STACKEDPADS\\tim.smith","Category":"Registry value set (rule: RegistryEvent)","Opcode":"Info","RuleName":"technique_id=T1543,technique_name=Service Creation","UtcTime":"2022-07-08 13:42:24.125","ProcessGuid":"{6b7cbb53-343f-62c8-f300-000000000e00}","Image":"C:\\Windows\\System32\\WindowsPowerShell\\v1.0\\powershell.exe","TargetObject":"HKLM\\System\\CurrentControlSet\\Services\\bam\\State\\UserSettings\\S-1-5-21-2264196694-1469429678-912427992-1107\\\\Device\\HarddiskVolume3\\Windows\\System32\\conhost.exe","Details":"Binary Data","User":"STACKEDPADS\\tim.smith","EventReceivedTime":1657287745,"SourceModuleName":"in_sysmon","SourceModuleType":"im_msvistalog"}
<14>Jul  8 13:42:26 wrk-shasek.stackedpads.local Microsoft-Windows-Sysmon[2568]: {"EventTime":1657287744,"Hostname":"wrk-shasek.stackedpads.local","Keywords":-9223372036854775808,"EventType":"INFO","SeverityValue":2,"Severity":"INFO","EventID":7,"SourceName":"Microsoft-Windows-Sysmon","ProviderGuid":"{5770385F-C22A-43E0-BF4C-06F5698FFBD9}","Version":3,"Task":7,"OpcodeValue":0,"RecordNumber":72882,"ProcessID":2568,"ThreadID":3316,"Channel":"Microsoft-Windows-Sysmon/Operational","Domain":"NT AUTHORITY","AccountName":"SYSTEM","UserID":"S-1-5-18","AccountType":"User","Message":"Image loaded:\r\nRuleName: technique_id=T1055,technique_name=Process Injection\r\nUtcTime: 2022-07-08 13:42:24.386\r\nProcessGuid: {6b7cbb53-343f-62c8-f300-000000000e00}\r\nProcessId: 2744\r\nImage: C:\\Windows\\System32\\WindowsPowerShell\\v1.0\\powershell.exe\r\nImageLoaded: C:\\Windows\\System32\\mscoree.dll\r\nFileVersion: 10.0.19041.1 (WinBuild.160101.0800)\r\nDescription: Microsoft .NET Runtime Execution Engine\r\nProduct: Microsoft® Windows® Operating System\r\nCompany: Microsoft Corporation\r\nOriginalFileName: mscoree.dll\r\nHashes: SHA1=CFEF8F0BA040939B87B74F101970A6BBEB5DA15F,MD5=D5971EF71DE1BDD46D537203ABFCC756,SHA256=8828DE042D008783BA5B31C82935A3ED38D5996927C3399B3E1FC6FE723FC84E,IMPHASH=65F23EFA1EB51A5DAAB399BFAA840074\r\nSigned: true\r\nSignature: Microsoft Windows\r\nSignatureStatus: Valid\r\nUser: STACKEDPADS\\tim.smith","Category":"Image loaded (rule: ImageLoad)","Opcode":"Info","RuleName":"technique_id=T1055,technique_name=Process Injection","UtcTime":"2022-07-08 13:42:24.386","ProcessGuid":"{6b7cbb53-343f-62c8-f300-000000000e00}","Image":"C:\\Windows\\System32\\WindowsPowerShell\\v1.0\\powershell.exe","ImageLoaded":"C:\\Windows\\System32\\mscoree.dll","FileVersion":"10.0.19041.1 (WinBuild.160101.0800)","Description":"Microsoft .NET Runtime Execution Engine","Product":"Microsoft® Windows® Operating System","Company":"Microsoft Corporation","OriginalFileName":"mscoree.dll","Hashes":"SHA1=CFEF8F0BA040939B87B74F101970A6BBEB5DA15F,MD5=D5971EF71DE1BDD46D537203ABFCC756,SHA256=8828DE042D008783BA5B31C82935A3ED38D5996927C3399B3E1FC6FE723FC84E,IMPHASH=65F23EFA1EB51A5DAAB399BFAA840074","Signed":"true","Signature":"Microsoft Windows","SignatureStatus":"Valid","User":"STACKEDPADS\\tim.smith","EventReceivedTime":1657287746,"SourceModuleName":"in_sysmon","SourceModuleType":"im_msvistalog"}
