<14>Jul  8 13:42:24 wrk-shasek.stackedpads.local Microsoft-Windows-Sysmon[2568]: {"EventTime":1657287743,"Hostname":"wrk-shasek.stackedpads.local","Keywords":-9223372036854775808,"EventType":"INFO","SeverityValue":2,"Severity":"INFO","EventID":10,"SourceName":"Microsoft-Windows-Sysmon","ProviderGuid":"{5770385F-C22A-43E0-BF4C-06F5698FFBD9}","Version":3,"Task":10,"OpcodeValue":0,"RecordNumber":72860,"ProcessID":2568,"ThreadID":3284,"Channel":"Microsoft-Windows-Sysmon/Operational","Domain":"NT AUTHORITY","AccountName":"SYSTEM","UserID":"S-1-5-18","AccountType":"User","Message":"Process accessed:\r\nRuleName: technique_id=T1036,technique_name=Masquerading\r\nUtcTime: 2022-07-08 13:42:23.004\r\nSourceProcessGUID: {6b7cbb53-343b-62c8-f100-000000000e00}\r\nSourceProcessId: 6516\r\nSourceThreadId: 5504\r\nSourceImage: C:\\Users\\tim.smith\\AppData\\Local\\Microsoft\\OneDrive\\OneDrive.exe\r\nTargetProcessGUID: {6b7cbb53-3429-62c8-db00-000000000e00}\r\nTargetProcessId: 5636\r\nTargetImage: C:\\Windows\\Explorer.EXE\r\nGrantedAccess: 0x40\r\nCallTrace: C:\\Windows\\SYSTEM32\\ntdll.dll+9d204|C:\\Windows\\System32\\wow64.dll+10955|C:\\Windows\\System32\\wow64.dll+901a|C:\\Windows\\System32\\wow64cpu.dll+17c3|C:\\Windows\\System32\\wow64cpu.dll+11b9|C:\\Windows\\System32\\wow64.dll+38c9|C:\\Windows\\System32\\wow64.dll+32bd|C:\\Windows\\SYSTEM32\\ntdll.dll+d3592|C:\\Windows\\SYSTEM32\\ntdll.dll+74cdb|C:\\Windows\\SYSTEM32\\ntdll.dll+74b63|C:\\Windows\\SYSTEM32\\ntdll.dll+74b0e|C:\\Windows\\SYSTEM32\\ntdll.dll+72c3c(wow64)|C:\\Windows\\System32\\KERNELBASE.dll+10ffd8(wow64)|C:\\Windows\\System32\\shcore.dll+2598c(wow64)|C:\\Windows\\System32\\shcore.dll+2bce5(wow64)|C:\\Windows\\System32\\shcore.dll+2ba02(wow64)|C:\\Windows\\System32\\shcore.dll+2b9cf(wow64)|C:\\Windows\\System32\\shcore.dll+2b913(wow64)|C:\\Windows\\System32\\SHELL32.dll+13cca3(wow64)|C:\\Windows\\System32\\SHELL32.dll+11377b(wow64)|C:\\Windows\\System32\\SHELL32.dll+113595(wow64)|C:\\Windows\\System32\\ieframe.dll+bfd88(wow64)|C:\\Windows\\System32\\ieframe.dll+beb28(wow64)|C:\\Windows\\System32\\ieframe.dll+c785e(wow64)\r\nSourceUser: STACKEDPADS\\tim.smith\r\nTargetUser: STACKEDPADS\\tim.smith","Category":"Process accessed (rule: ProcessAccess)","Opcode":"Info","RuleName":"technique_id=T1036,technique_name=Masquerading","UtcTime":"2022-07-08 13:42:23.004","SourceProcessGUID":"{6b7cbb53-343b-62c8-f100-000000000e00}","SourceProcessId":"6516","SourceThreadId":"5504","SourceImage":"C:\\Users\\tim.smith\\AppData\\Local\\Microsoft\\OneDrive\\OneDrive.exe","TargetProcessGUID":"{6b7cbb53-3429-62c8-db00-000000000e00}","TargetProcessId":"5636","TargetImage":"C:\\Windows\\Explorer.EXE","GrantedAccess":"0x40","CallTrace":"C:\\Windows\\SYSTEM32\\ntdll.dll+9d204|C:\\Windows\\System32\\wow64.dll+10955|C:\\Windows\\System32\\wow64.dll+901a|C:\\Windows\\System32\\wow64cpu.dll+17c3|C:\\Windows\\System32\\wow64cpu.dll+11b9|C:\\Windows\\System32\\wow64.dll+38c9|C:\\Windows\\System32\\wow64.dll+32bd|C:\\Windows\\SYSTEM32\\ntdll.dll+d3592|C:\\Windows\\SYSTEM32\\ntdll.dll+74cdb|C:\\Windows\\SYSTEM32\\ntdll.dll+74b63|C:\\Windows\\SYSTEM32\\ntdll.dll+74b0e|C:\\Windows\\SYSTEM32\\ntdll.dll+72c3c(wow64)|C:\\Windows\\System32\\KERNELBASE.dll+10ffd8(wow64)|C:\\Windows\\System32\\shcore.dll+2598c(wow64)|C:\\Windows\\System32\\shcore.dll+2bce5(wow64)|C:\\Windows\\System32\\shcore.dll+2ba02(wow64)|C:\\Windows\\System32\\shcore.dll+2b9cf(wow64)|C:\\Windows\\System32\\shcore.dll+2b913(wow64)|C:\\Windows\\System32\\SHELL32.dll+13cca3(wow64)|C:\\Windows\\System32\\SHELL32.dll+11377b(wow64)|C:\\Windows\\System32\\SHELL32.dll+113595(wow64)|C:\\Windows\\System32\\ieframe.dll+bfd88(wow64)|C:\\Windows\\System32\\ieframe.dll+beb28(wow64)|C:\\Windows\\System32\\ieframe.dll+c785e(wow64)","SourceUser":"STACKEDPADS\\tim.smith","TargetUser":"STACKEDPADS\\tim.smith","EventReceivedTime":1657287744,"SourceModuleName":"in_sysmon","SourceModuleType":"im_msvistalog"}
<14>Jul  8 13:42:24 wrk-shasek.stackedpads.local Microsoft-Windows-Sysmon[2568]: {"EventTime":1657287743,"Hostname":"wrk-shasek.stackedpads.local","Keywords":-9223372036854775808,"EventType":"INFO","SeverityValue":2,"Severity":"INFO","EventID":10,"SourceName":"Microsoft-Windows-Sysmon","ProviderGuid":"{5770385F-C22A-43E0-BF4C-06F5698FFBD9}","Version":3,"Task":10,"OpcodeValue":0,"RecordNumber":72861,"ProcessID":2568,"ThreadID":3284,"Channel":"Microsoft-Windows-Sysmon/Operational","Domain":"NT AUTHORITY","AccountName":"SYSTEM","UserID":"S-1-5-18","AccountType":"User","Message":"Process accessed:\r\nRuleName: technique_id=T1036,technique_name=Masquerading\r\nUtcTime: 2022-07-08 13:42:23.004\r\nSourceProcessGUID: {6b7cbb53-343b-62c8-f100-000000000e00}\r\nSourceProcessId: 6516\r\nSourceThreadId: 5504\r\nSourceImage: C:\\Users\\tim.smith\\AppData\\Local\\Microsoft\\OneDrive\\OneDrive.exe\r\nTargetProcessGUID: {6b7cbb53-3429-62c8-db00-000000000e00}\r\nTargetProcessId: 5636\r\nTargetImage: C:\\Windows\\Explorer.EXE\r\nGrantedAccess: 0x40\r\nCallTrace: C:\\Windows\\SYSTEM32\\ntdll.dll+9d204|C:\\Windows\\System32\\wow64.dll+10955|C:\\Windows\\System32\\wow64.dll+901a|C:\\Windows\\System32\\wow64cpu.dll+17c3|C:\\Windows\\System32\\wow64cpu.dll+11b9|C:\\Windows\\System32\\wow64.dll+38c9|C:\\Windows\\System32\\wow64.dll+32bd|C:\\Windows\\SYSTEM32\\ntdll.dll+d3592|C:\\Windows\\SYSTEM32\\ntdll.dll+74cdb|C:\\Windows\\SYSTEM32\\ntdll.dll+74b63|C:\\Windows\\SYSTEM32\\ntdll.dll+74b0e|C:\\Windows\\SYSTEM32\\ntdll.dll+72c3c(wow64)|C:\\Windows\\System32\\KERNELBASE.dll+10ffd8(wow64)|C:\\Windows\\System32\\shcore.dll+2598c(wow64)|C:\\Windows\\System32\\shcore.dll+2596e(wow64)|C:\\Windows\\System32\\shcore.dll+2bd09(wow64)|C:\\Windows\\System32\\shcore.dll+2ba02(wow64)|C:\\Windows\\System32\\shcore.dll+2b9cf(wow64)|C:\\Windows\\System32\\shcore.dll+2b913(wow64)|C:\\Windows\\System32\\SHELL32.dll+13cca3(wow64)|C:\\Windows\\System32\\SHELL32.dll+11377b(wow64)|C:\\Windows\\System32\\SHELL32.dll+113595(wow64)|C:\\Windows\\System32\\ieframe.dll+bfd88(wow64)|C:\\Windows\\System32\\ieframe.dll+beb28(wow64)\r\nSourceUser: STACKEDPADS\\tim.smith\r\nTargetUser: STACKEDPADS\\tim.smith","Category":"Process accessed (rule: ProcessAccess)","Opcode":"Info","RuleName":"technique_id=T1036,technique_name=Masquerading","UtcTime":"2022-07-08 13:42:23.004","SourceProcessGUID":"{6b7cbb53-343b-62c8-f100-000000000e00}","SourceProcessId":"6516","SourceThreadId":"5504","SourceImage":"C:\\Users\\tim.smith\\AppData\\Local\\Microsoft\\OneDrive\\OneDrive.exe","TargetProcessGUID":"{6b7cbb53-3429-62c8-db00-000000000e00}","TargetProcessId":"5636","TargetImage":"C:\\Windows\\Explorer.EXE","GrantedAccess":"0x40","CallTrace":"C:\\Windows\\SYSTEM32\\ntdll.dll+9d204|C:\\Windows\\System32\\wow64.dll+10955|C:\\Windows\\System32\\wow64.dll+901a|C:\\Windows\\System32\\wow64cpu.dll+17c3|C:\\Windows\\System32\\wow64cpu.dll+11b9|C:\\Windows\\System32\\wow64.dll+38c9|C:\\Windows\\System32\\wow64.dll+32bd|C:\\Windows\\SYSTEM32\\ntdll.dll+d3592|C:\\Windows\\SYSTEM32\\ntdll.dll+74cdb|C:\\Windows\\SYSTEM32\\ntdll.dll+74b63|C:\\Windows\\SYSTEM32\\ntdll.dll+74b0e|C:\\Windows\\SYSTEM32\\ntdll.dll+72c3c(wow64)|C:\\Windows\\System32\\KERNELBASE.dll+10ffd8(wow64)|C:\\Windows\\System32\\shcore.dll+2598c(wow64)|C:\\Windows\\System32\\shcore.dll+2596e(wow64)|C:\\Windows\\System32\\shcore.dll+2bd09(wow64)|C:\\Windows\\System32\\shcore.dll+2ba02(wow64)|C:\\Windows\\System32\\shcore.dll+2b9cf(wow64)|C:\\Windows\\System32\\shcore.dll+2b913(wow64)|C:\\Windows\\System32\\SHELL32.dll+13cca3(wow64)|C:\\Windows\\System32\\SHELL32.dll+11377b(wow64)|C:\\Windows\\System32\\SHELL32.dll+113595(wow64)|C:\\Windows\\System32\\ieframe.dll+bfd88(wow64)|C:\\Windows\\System32\\ieframe.dll+beb28(wow64)","SourceUser":"STACKEDPADS\\tim.smith","TargetUser":"STACKEDPADS\\tim.smith","EventReceivedTime":1657287744,"SourceModuleName":"in_sysmon","SourceModuleType":"im_msvistalog"}
<14>Jul  8 13:42:24 wrk-shasek.stackedpads.local Microsoft-Windows-Sysmon[2568]: {"EventTime":1657287743,"Hostname":"wrk-shasek.stackedpads.local","Keywords":-9223372036854775808,"EventType":"INFO","SeverityValue":2,"Severity":"INFO","EventID":10,"SourceName":"Microsoft-Windows-Sysmon","ProviderGuid":"{5770385F-C22A-43E0-BF4C-06F5698FFBD9}","Version":3,"Task":10,"OpcodeValue":0,"RecordNumber":72859,"ProcessID":2568,"ThreadID":3284,"Channel":"Microsoft-Windows-Sysmon/Operational","Domain":"NT AUTHORITY","AccountName":"SYSTEM","UserID":"S-1-5-18","AccountType":"User","Message":"Process accessed:\r\nRuleName: technique_id=T1036,technique_name=Masquerading\r\nUtcTime: 2022-07-08 13:42:23.004\r\nSourceProcessGUID: {6b7cbb53-343b-62c8-f100-000000000e00}\r\nSourceProcessId: 6516\r\nSourceThreadId: 5504\r\nSourceImage: C:\\Users\\tim.smith\\AppData\\Local\\Microsoft\\OneDrive\\OneDrive.exe\r\nTargetProcessGUID: {6b7cbb53-3429-62c8-db00-000000000e00}\r\nTargetProcessId: 5636\r\nTargetImage: C:\\Windows\\Explorer.EXE\r\nGrantedAccess: 0x40\r\nCallTrace: C:\\Windows\\SYSTEM32\\ntdll.dll+9d204|C:\\Windows\\System32\\wow64.dll+10955|C:\\Windows\\System32\\wow64.dll+901a|C:\\Windows\\System32\\wow64cpu.dll+17c3|C:\\Windows\\System32\\wow64cpu.dll+11b9|C:\\Windows\\System32\\wow64.dll+38c9|C:\\Windows\\System32\\wow64.dll+32bd|C:\\Windows\\SYSTEM32\\ntdll.dll+d3592|C:\\Windows\\SYSTEM32\\ntdll.dll+74cdb|C:\\Windows\\SYSTEM32\\ntdll.dll+74b63|C:\\Windows\\SYSTEM32\\ntdll.dll+74b0e|C:\\Windows\\SYSTEM32\\ntdll.dll+72c3c(wow64)|C:\\Windows\\System32\\KERNELBASE.dll+10ffd8(wow64)|C:\\Windows\\System32\\shcore.dll+2598c(wow64)|C:\\Windows\\System32\\shcore.dll+2595b(wow64)|C:\\Windows\\System32\\shcore.dll+1c81c(wow64)|C:\\Windows\\System32\\shcore.dll+1c741(wow64)|C:\\Windows\\System32\\SHELL32.dll+fa9e7(wow64)|C:\\Windows\\System32\\SHELL32.dll+113832(wow64)|C:\\Windows\\System32\\SHELL32.dll+113510(wow64)|C:\\Windows\\System32\\ieframe.dll+bfd88(wow64)|C:\\Windows\\System32\\ieframe.dll+beb28(wow64)|C:\\Windows\\System32\\ieframe.dll+c785e(wow64)|C:\\Windows\\System32\\ieframe.dll+c60a1(wow64)\r\nSourceUser: STACKEDPADS\\tim.smith\r\nTargetUser: STACKEDPADS\\tim.smith","Category":"Process accessed (rule: ProcessAccess)","Opcode":"Info","RuleName":"technique_id=T1036,technique_name=Masquerading","UtcTime":"2022-07-08 13:42:23.004","SourceProcessGUID":"{6b7cbb53-343b-62c8-f100-000000000e00}","SourceProcessId":"6516","SourceThreadId":"5504","SourceImage":"C:\\Users\\tim.smith\\AppData\\Local\\Microsoft\\OneDrive\\OneDrive.exe","TargetProcessGUID":"{6b7cbb53-3429-62c8-db00-000000000e00}","TargetProcessId":"5636","TargetImage":"C:\\Windows\\Explorer.EXE","GrantedAccess":"0x40","CallTrace":"C:\\Windows\\SYSTEM32\\ntdll.dll+9d204|C:\\Windows\\System32\\wow64.dll+10955|C:\\Windows\\System32\\wow64.dll+901a|C:\\Windows\\System32\\wow64cpu.dll+17c3|C:\\Windows\\System32\\wow64cpu.dll+11b9|C:\\Windows\\System32\\wow64.dll+38c9|C:\\Windows\\System32\\wow64.dll+32bd|C:\\Windows\\SYSTEM32\\ntdll.dll+d3592|C:\\Windows\\SYSTEM32\\ntdll.dll+74cdb|C:\\Windows\\SYSTEM32\\ntdll.dll+74b63|C:\\Windows\\SYSTEM32\\ntdll.dll+74b0e|C:\\Windows\\SYSTEM32\\ntdll.dll+72c3c(wow64)|C:\\Windows\\System32\\KERNELBASE.dll+10ffd8(wow64)|C:\\Windows\\System32\\shcore.dll+2598c(wow64)|C:\\Windows\\System32\\shcore.dll+2595b(wow64)|C:\\Windows\\System32\\shcore.dll+1c81c(wow64)|C:\\Windows\\System32\\shcore.dll+1c741(wow64)|C:\\Windows\\System32\\SHELL32.dll+fa9e7(wow64)|C:\\Windows\\System32\\SHELL32.dll+113832(wow64)|C:\\Windows\\System32\\SHELL32.dll+113510(wow64)|C:\\Windows\\System32\\ieframe.dll+bfd88(wow64)|C:\\Windows\\System32\\ieframe.dll+beb28(wow64)|C:\\Windows\\System32\\ieframe.dll+c785e(wow64)|C:\\Windows\\System32\\ieframe.dll+c60a1(wow64)","SourceUser":"STACKEDPADS\\tim.smith","TargetUser":"STACKEDPADS\\tim.smith","EventReceivedTime":1657287744,"SourceModuleName":"in_sysmon","SourceModuleType":"im_msvistalog"}
<14>Jul  8 13:42:24 wrk-shasek.stackedpads.local Microsoft-Windows-Sysmon[2568]: {"EventTime":1657287743,"Hostname":"wrk-shasek.stackedpads.local","Keywords":-9223372036854775808,"EventType":"INFO","SeverityValue":2,"Severity":"INFO","EventID":10,"SourceName":"Microsoft-Windows-Sysmon","ProviderGuid":"{5770385F-C22A-43E0-BF4C-06F5698FFBD9}","Version":3,"Task":10,"OpcodeValue":0,"RecordNumber":72862,"ProcessID":2568,"ThreadID":3284,"Channel":"Microsoft-Windows-Sysmon/Operational","Domain":"NT AUTHORITY","AccountName":"SYSTEM","UserID":"S-1-5-18","AccountType":"User","Message":"Process accessed:\r\nRuleName: technique_id=T1036,technique_name=Masquerading\r\nUtcTime: 2022-07-08 13:42:23.004\r\nSourceProcessGUID: {6b7cbb53-343b-62c8-f100-000000000e00}\r\nSourceProcessId: 6516\r\nSourceThreadId: 5504\r\nSourceImage: C:\\Users\\tim.smith\\AppData\\Local\\Microsoft\\OneDrive\\OneDrive.exe\r\nTargetProcessGUID: {6b7cbb53-3429-62c8-db00-000000000e00}\r\nTargetProcessId: 5636\r\nTargetImage: C:\\Windows\\Explorer.EXE\r\nGrantedAccess: 0x40\r\nCallTrace: C:\\Windows\\SYSTEM32\\ntdll.dll+9d204|C:\\Windows\\System32\\wow64.dll+10955|C:\\Windows\\System32\\wow64.dll+901a|C:\\Windows\\System32\\wow64cpu.dll+17c3|C:\\Windows\\System32\\wow64cpu.dll+11b9|C:\\Windows\\System32\\wow64.dll+38c9|C:\\Windows\\System32\\wow64.dll+32bd|C:\\Windows\\SYSTEM32\\ntdll.dll+d3592|C:\\Windows\\SYSTEM32\\ntdll.dll+74cdb|C:\\Windows\\SYSTEM32\\ntdll.dll+74b63|C:\\Windows\\SYSTEM32\\ntdll.dll+74b0e|C:\\Windows\\SYSTEM32\\ntdll.dll+72c3c(wow64)|C:\\Windows\\System32\\KERNELBASE.dll+10ffd8(wow64)|C:\\Windows\\System32\\shcore.dll+2598c(wow64)|C:\\Windows\\System32\\shcore.dll+2595b(wow64)|C:\\Windows\\System32\\shcore.dll+221ac(wow64)|C:\\Windows\\System32\\SHELL32.dll+13ccb8(wow64)|C:\\Windows\\System32\\SHELL32.dll+11377b(wow64)|C:\\Windows\\System32\\SHELL32.dll+113595(wow64)|C:\\Windows\\System32\\ieframe.dll+bfd88(wow64)|C:\\Windows\\System32\\ieframe.dll+beb28(wow64)|C:\\Windows\\System32\\ieframe.dll+c785e(wow64)|C:\\Windows\\System32\\ieframe.dll+c60a1(wow64)|C:\\Windows\\System32\\ieframe.dll+db003(wow64)\r\nSourceUser: STACKEDPADS\\tim.smith\r\nTargetUser: STACKEDPADS\\tim.smith","Category":"Process accessed (rule: ProcessAccess)","Opcode":"Info","RuleName":"technique_id=T1036,technique_name=Masquerading","UtcTime":"2022-07-08 13:42:23.004","SourceProcessGUID":"{6b7cbb53-343b-62c8-f100-000000000e00}","SourceProcessId":"6516","SourceThreadId":"5504","SourceImage":"C:\\Users\\tim.smith\\AppData\\Local\\Microsoft\\OneDrive\\OneDrive.exe","TargetProcessGUID":"{6b7cbb53-3429-62c8-db00-000000000e00}","TargetProcessId":"5636","TargetImage":"C:\\Windows\\Explorer.EXE","GrantedAccess":"0x40","CallTrace":"C:\\Windows\\SYSTEM32\\ntdll.dll+9d204|C:\\Windows\\System32\\wow64.dll+10955|C:\\Windows\\System32\\wow64.dll+901a|C:\\Windows\\System32\\wow64cpu.dll+17c3|C:\\Windows\\System32\\wow64cpu.dll+11b9|C:\\Windows\\System32\\wow64.dll+38c9|C:\\Windows\\System32\\wow64.dll+32bd|C:\\Windows\\SYSTEM32\\ntdll.dll+d3592|C:\\Windows\\SYSTEM32\\ntdll.dll+74cdb|C:\\Windows\\SYSTEM32\\ntdll.dll+74b63|C:\\Windows\\SYSTEM32\\ntdll.dll+74b0e|C:\\Windows\\SYSTEM32\\ntdll.dll+72c3c(wow64)|C:\\Windows\\System32\\KERNELBASE.dll+10ffd8(wow64)|C:\\Windows\\System32\\shcore.dll+2598c(wow64)|C:\\Windows\\System32\\shcore.dll+2595b(wow64)|C:\\Windows\\System32\\shcore.dll+221ac(wow64)|C:\\Windows\\System32\\SHELL32.dll+13ccb8(wow64)|C:\\Windows\\System32\\SHELL32.dll+11377b(wow64)|C:\\Windows\\System32\\SHELL32.dll+113595(wow64)|C:\\Windows\\System32\\ieframe.dll+bfd88(wow64)|C:\\Windows\\System32\\ieframe.dll+beb28(wow64)|C:\\Windows\\System32\\ieframe.dll+c785e(wow64)|C:\\Windows\\System32\\ieframe.dll+c60a1(wow64)|C:\\Windows\\System32\\ieframe.dll+db003(wow64)","SourceUser":"STACKEDPADS\\tim.smith","TargetUser":"STACKEDPADS\\tim.smith","EventReceivedTime":1657287744,"SourceModuleName":"in_sysmon","SourceModuleType":"im_msvistalog"}
<14>Jul  8 13:42:24 wrk-shasek.stackedpads.local Microsoft-Windows-Sysmon[2568]: {"EventTime":1657287743,"Hostname":"wrk-shasek.stackedpads.local","Keywords":-9223372036854775808,"EventType":"INFO","SeverityValue":2,"Severity":"INFO","EventID":10,"SourceName":"Microsoft-Windows-Sysmon","ProviderGuid":"{5770385F-C22A-43E0-BF4C-06F5698FFBD9}","Version":3,"Task":10,"OpcodeValue":0,"RecordNumber":72865,"ProcessID":2568,"ThreadID":3284,"Channel":"Microsoft-Windows-Sysmon/Operational","Domain":"NT AUTHORITY","AccountName":"SYSTEM","UserID":"S-1-5-18","AccountType":"User","Message":"Process accessed:\r\nRuleName: technique_id=T1036,technique_name=Masquerading\r\nUtcTime: 2022-07-08 13:42:23.004\r\nSourceProcessGUID: {6b7cbb53-343b-62c8-f100-000000000e00}\r\nSourceProcessId: 6516\r\nSourceThreadId: 5504\r\nSourceImage: C:\\Users\\tim.smith\\AppData\\Local\\Microsoft\\OneDrive\\OneDrive.exe\r\nTargetProcessGUID: {6b7cbb53-3429-62c8-db00-000000000e00}\r\nTargetProcessId: 5636\r\nTargetImage: C:\\Windows\\Explorer.EXE\r\nGrantedAccess: 0x40\r\nCallTrace: C:\\Windows\\SYSTEM32\\ntdll.dll+9d204|C:\\Windows\\System32\\wow64.dll+10955|C:\\Windows\\System32\\wow64.dll+901a|C:\\Windows\\System32\\wow64cpu.dll+17c3|C:\\Windows\\System32\\wow64cpu.dll+11b9|C:\\Windows\\System32\\wow64.dll+38c9|C:\\Windows\\System32\\wow64.dll+32bd|C:\\Windows\\SYSTEM32\\ntdll.dll+d3592|C:\\Windows\\SYSTEM32\\ntdll.dll+74cdb|C:\\Windows\\SYSTEM32\\ntdll.dll+74b63|C:\\Windows\\SYSTEM32\\ntdll.dll+74b0e|C:\\Windows\\SYSTEM32\\ntdll.dll+72c3c(wow64)|C:\\Windows\\System32\\KERNELBASE.dll+10ffd8(wow64)|C:\\Windows\\System32\\shcore.dll+2598c(wow64)|C:\\Windows\\System32\\shcore.dll+2596e(wow64)|C:\\Windows\\System32\\shcore.dll+2bd09(wow64)|C:\\Windows\\System32\\shcore.dll+2ba02(wow64)|C:\\Windows\\System32\\shcore.dll+2b9cf(wow64)|C:\\Windows\\System32\\shcore.dll+2b913(wow64)|C:\\Windows\\System32\\SHELL32.dll+13cca3(wow64)|C:\\Windows\\System32\\SHELL32.dll+11377b(wow64)|C:\\Windows\\System32\\SHELL32.dll+113595(wow64)|C:\\Windows\\System32\\ieframe.dll+bfded(wow64)|C:\\Windows\\System32\\ieframe.dll+beb28(wow64)\r\nSourceUser: STACKEDPADS\\tim.smith\r\nTargetUser: STACKEDPADS\\tim.smith","Category":"Process accessed (rule: ProcessAccess)","Opcode":"Info","RuleName":"technique_id=T1036,technique_name=Masquerading","UtcTime":"2022-07-08 13:42:23.004","SourceProcessGUID":"{6b7cbb53-343b-62c8-f100-000000000e00}","SourceProcessId":"6516","SourceThreadId":"5504","SourceImage":"C:\\Users\\tim.smith\\AppData\\Local\\Microsoft\\OneDrive\\OneDrive.exe","TargetProcessGUID":"{6b7cbb53-3429-62c8-db00-000000000e00}","TargetProcessId":"5636","TargetImage":"C:\\Windows\\Explorer.EXE","GrantedAccess":"0x40","CallTrace":"C:\\Windows\\SYSTEM32\\ntdll.dll+9d204|C:\\Windows\\System32\\wow64.dll+10955|C:\\Windows\\System32\\wow64.dll+901a|C:\\Windows\\System32\\wow64cpu.dll+17c3|C:\\Windows\\System32\\wow64cpu.dll+11b9|C:\\Windows\\System32\\wow64.dll+38c9|C:\\Windows\\System32\\wow64.dll+32bd|C:\\Windows\\SYSTEM32\\ntdll.dll+d3592|C:\\Windows\\SYSTEM32\\ntdll.dll+74cdb|C:\\Windows\\SYSTEM32\\ntdll.dll+74b63|C:\\Windows\\SYSTEM32\\ntdll.dll+74b0e|C:\\Windows\\SYSTEM32\\ntdll.dll+72c3c(wow64)|C:\\Windows\\System32\\KERNELBASE.dll+10ffd8(wow64)|C:\\Windows\\System32\\shcore.dll+2598c(wow64)|C:\\Windows\\System32\\shcore.dll+2596e(wow64)|C:\\Windows\\System32\\shcore.dll+2bd09(wow64)|C:\\Windows\\System32\\shcore.dll+2ba02(wow64)|C:\\Windows\\System32\\shcore.dll+2b9cf(wow64)|C:\\Windows\\System32\\shcore.dll+2b913(wow64)|C:\\Windows\\System32\\SHELL32.dll+13cca3(wow64)|C:\\Windows\\System32\\SHELL32.dll+11377b(wow64)|C:\\Windows\\System32\\SHELL32.dll+113595(wow64)|C:\\Windows\\System32\\ieframe.dll+bfded(wow64)|C:\\Windows\\System32\\ieframe.dll+beb28(wow64)","SourceUser":"STACKEDPADS\\tim.smith","TargetUser":"STACKEDPADS\\tim.smith","EventReceivedTime":1657287744,"SourceModuleName":"in_sysmon","SourceModuleType":"im_msvistalog"}
<14>Jul  8 13:42:24 wrk-shasek.stackedpads.local Microsoft-Windows-Sysmon[2568]: {"EventTime":1657287743,"Hostname":"wrk-shasek.stackedpads.local","Keywords":-9223372036854775808,"EventType":"INFO","SeverityValue":2,"Severity":"INFO","EventID":10,"SourceName":"Microsoft-Windows-Sysmon","ProviderGuid":"{5770385F-C22A-43E0-BF4C-06F5698FFBD9}","Version":3,"Task":10,"OpcodeValue":0,"RecordNumber":72858,"ProcessID":2568,"ThreadID":3284,"Channel":"Microsoft-Windows-Sysmon/Operational","Domain":"NT AUTHORITY","AccountName":"SYSTEM","UserID":"S-1-5-18","AccountType":"User","Message":"Process accessed:\r\nRuleName: technique_id=T1036,technique_name=Masquerading\r\nUtcTime: 2022-07-08 13:42:23.004\r\nSourceProcessGUID: {6b7cbb53-343b-62c8-f100-000000000e00}\r\nSourceProcessId: 6516\r\nSourceThreadId: 5504\r\nSourceImage: C:\\Users\\tim.smith\\AppData\\Local\\Microsoft\\OneDrive\\OneDrive.exe\r\nTargetProcessGUID: {6b7cbb53-3429-62c8-db00-000000000e00}\r\nTargetProcessId: 5636\r\nTargetImage: C:\\Windows\\Explorer.EXE\r\nGrantedAccess: 0x40\r\nCallTrace: C:\\Windows\\SYSTEM32\\ntdll.dll+9d204|C:\\Windows\\System32\\wow64.dll+10955|C:\\Windows\\System32\\wow64.dll+901a|C:\\Windows\\System32\\wow64cpu.dll+17c3|C:\\Windows\\System32\\wow64cpu.dll+11b9|C:\\Windows\\System32\\wow64.dll+38c9|C:\\Windows\\System32\\wow64.dll+32bd|C:\\Windows\\SYSTEM32\\ntdll.dll+d3592|C:\\Windows\\SYSTEM32\\ntdll.dll+74cdb|C:\\Windows\\SYSTEM32\\ntdll.dll+74b63|C:\\Windows\\SYSTEM32\\ntdll.dll+74b0e|C:\\Windows\\SYSTEM32\\ntdll.dll+72c3c(wow64)|C:\\Windows\\System32\\KERNELBASE.dll+10ffd8(wow64)|C:\\Windows\\System32\\shcore.dll+2598c(wow64)|C:\\Windows\\System32\\shcore.dll+2596e(wow64)|C:\\Windows\\System32\\shcore.dll+2bd09(wow64)|C:\\Windows\\System32\\shcore.dll+2ba02(wow64)|C:\\Windows\\System32\\shcore.dll+2b9cf(wow64)|C:\\Windows\\System32\\shcore.dll+2b913(wow64)|C:\\Windows\\System32\\SHELL32.dll+fa9d9(wow64)|C:\\Windows\\System32\\SHELL32.dll+113832(wow64)|C:\\Windows\\System32\\SHELL32.dll+113510(wow64)|C:\\Windows\\System32\\ieframe.dll+bfd88(wow64)|C:\\Windows\\System32\\ieframe.dll+beb28(wow64)\r\nSourceUser: STACKEDPADS\\tim.smith\r\nTargetUser: STACKEDPADS\\tim.smith","Category":"Process accessed (rule: ProcessAccess)","Opcode":"Info","RuleName":"technique_id=T1036,technique_name=Masquerading","UtcTime":"2022-07-08 13:42:23.004","SourceProcessGUID":"{6b7cbb53-343b-62c8-f100-000000000e00}","SourceProcessId":"6516","SourceThreadId":"5504","SourceImage":"C:\\Users\\tim.smith\\AppData\\Local\\Microsoft\\OneDrive\\OneDrive.exe","TargetProcessGUID":"{6b7cbb53-3429-62c8-db00-000000000e00}","TargetProcessId":"5636","TargetImage":"C:\\Windows\\Explorer.EXE","GrantedAccess":"0x40","CallTrace":"C:\\Windows\\SYSTEM32\\ntdll.dll+9d204|C:\\Windows\\System32\\wow64.dll+10955|C:\\Windows\\System32\\wow64.dll+901a|C:\\Windows\\System32\\wow64cpu.dll+17c3|C:\\Windows\\System32\\wow64cpu.dll+11b9|C:\\Windows\\System32\\wow64.dll+38c9|C:\\Windows\\System32\\wow64.dll+32bd|C:\\Windows\\SYSTEM32\\ntdll.dll+d3592|C:\\Windows\\SYSTEM32\\ntdll.dll+74cdb|C:\\Windows\\SYSTEM32\\ntdll.dll+74b63|C:\\Windows\\SYSTEM32\\ntdll.dll+74b0e|C:\\Windows\\SYSTEM32\\ntdll.dll+72c3c(wow64)|C:\\Windows\\System32\\KERNELBASE.dll+10ffd8(wow64)|C:\\Windows\\System32\\shcore.dll+2598c(wow64)|C:\\Windows\\System32\\shcore.dll+2596e(wow64)|C:\\Windows\\System32\\shcore.dll+2bd09(wow64)|C:\\Windows\\System32\\shcore.dll+2ba02(wow64)|C:\\Windows\\System32\\shcore.dll+2b9cf(wow64)|C:\\Windows\\System32\\shcore.dll+2b913(wow64)|C:\\Windows\\System32\\SHELL32.dll+fa9d9(wow64)|C:\\Windows\\System32\\SHELL32.dll+113832(wow64)|C:\\Windows\\System32\\SHELL32.dll+113510(wow64)|C:\\Windows\\System32\\ieframe.dll+bfd88(wow64)|C:\\Windows\\System32\\ieframe.dll+beb28(wow64)","SourceUser":"STACKEDPADS\\tim.smith","TargetUser":"STACKEDPADS\\tim.smith","EventReceivedTime":1657287744,"SourceModuleName":"in_sysmon","SourceModuleType":"im_msvistalog"}
<14>Jul  8 13:42:25 wrk-shasek.stackedpads.local Microsoft-Windows-Sysmon[2568]: {"EventTime":1657287743,"Hostname":"wrk-shasek.stackedpads.local","Keywords":-9223372036854775808,"EventType":"INFO","SeverityValue":2,"Severity":"INFO","EventID":10,"SourceName":"Microsoft-Windows-Sysmon","ProviderGuid":"{5770385F-C22A-43E0-BF4C-06F5698FFBD9}","Version":3,"Task":10,"OpcodeValue":0,"RecordNumber":72872,"ProcessID":2568,"ThreadID":3284,"Channel":"Microsoft-Windows-Sysmon/Operational","Domain":"NT AUTHORITY","AccountName":"SYSTEM","UserID":"S-1-5-18","AccountType":"User","Message":"Process accessed:\r\nRuleName: technique_id=T1036,technique_name=Masquerading\r\nUtcTime: 2022-07-08 13:42:23.155\r\nSourceProcessGUID: {6b7cbb53-343b-62c8-f100-000000000e00}\r\nSourceProcessId: 6516\r\nSourceThreadId: 5504\r\nSourceImage: C:\\Users\\tim.smith\\AppData\\Local\\Microsoft\\OneDrive\\OneDrive.exe\r\nTargetProcessGUID: {6b7cbb53-3429-62c8-db00-000000000e00}\r\nTargetProcessId: 5636\r\nTargetImage: C:\\Windows\\Explorer.EXE\r\nGrantedAccess: 0x1410\r\nCallTrace: C:\\Windows\\SYSTEM32\\ntdll.dll+9d204|C:\\Windows\\System32\\wow64.dll+10955|C:\\Windows\\System32\\wow64.dll+901a|C:\\Windows\\System32\\wow64cpu.dll+17c3|C:\\Windows\\System32\\wow64cpu.dll+11b9|C:\\Windows\\System32\\wow64.dll+38c9|C:\\Windows\\System32\\wow64.dll+3775|C:\\Windows\\System32\\wow64win.dll+2c02|C:\\Windows\\SYSTEM32\\ntdll.dll+a0b74|UNKNOWN(FFFFF805449F34C5)|UNKNOWN(FFFFD20CA7D4DB82)|UNKNOWN(FFFFD20CA7D4F454)|UNKNOWN(FFFFD20CA7D4DD65)|UNKNOWN(FFFFD20CA89D54B9)|UNKNOWN(FFFFF805448177B8)|C:\\Windows\\System32\\wow64win.dll+10614|C:\\Windows\\System32\\wow64win.dll+38e2|C:\\Windows\\System32\\wow64.dll+901a|C:\\Windows\\System32\\wow64cpu.dll+17c3|C:\\Windows\\System32\\wow64cpu.dll+11b9|C:\\Windows\\System32\\wow64.dll+38c9|C:\\Windows\\System32\\wow64.dll+32bd|C:\\Windows\\SYSTEM32\\ntdll.dll+d3592|C:\\Windows\\SYSTEM32\\ntdll.dll+74cdb\r\nSourceUser: STACKEDPADS\\tim.smith\r\nTargetUser: STACKEDPADS\\tim.smith","Category":"Process accessed (rule: ProcessAccess)","Opcode":"Info","RuleName":"technique_id=T1036,technique_name=Masquerading","UtcTime":"2022-07-08 13:42:23.155","SourceProcessGUID":"{6b7cbb53-343b-62c8-f100-000000000e00}","SourceProcessId":"6516","SourceThreadId":"5504","SourceImage":"C:\\Users\\tim.smith\\AppData\\Local\\Microsoft\\OneDrive\\OneDrive.exe","TargetProcessGUID":"{6b7cbb53-3429-62c8-db00-000000000e00}","TargetProcessId":"5636","TargetImage":"C:\\Windows\\Explorer.EXE","GrantedAccess":"0x1410","CallTrace":"C:\\Windows\\SYSTEM32\\ntdll.dll+9d204|C:\\Windows\\System32\\wow64.dll+10955|C:\\Windows\\System32\\wow64.dll+901a|C:\\Windows\\System32\\wow64cpu.dll+17c3|C:\\Windows\\System32\\wow64cpu.dll+11b9|C:\\Windows\\System32\\wow64.dll+38c9|C:\\Windows\\System32\\wow64.dll+3775|C:\\Windows\\System32\\wow64win.dll+2c02|C:\\Windows\\SYSTEM32\\ntdll.dll+a0b74|UNKNOWN(FFFFF805449F34C5)|UNKNOWN(FFFFD20CA7D4DB82)|UNKNOWN(FFFFD20CA7D4F454)|UNKNOWN(FFFFD20CA7D4DD65)|UNKNOWN(FFFFD20CA89D54B9)|UNKNOWN(FFFFF805448177B8)|C:\\Windows\\System32\\wow64win.dll+10614|C:\\Windows\\System32\\wow64win.dll+38e2|C:\\Windows\\System32\\wow64.dll+901a|C:\\Windows\\System32\\wow64cpu.dll+17c3|C:\\Windows\\System32\\wow64cpu.dll+11b9|C:\\Windows\\System32\\wow64.dll+38c9|C:\\Windows\\System32\\wow64.dll+32bd|C:\\Windows\\SYSTEM32\\ntdll.dll+d3592|C:\\Windows\\SYSTEM32\\ntdll.dll+74cdb","SourceUser":"STACKEDPADS\\tim.smith","TargetUser":"STACKEDPADS\\tim.smith","EventReceivedTime":1657287745,"SourceModuleName":"in_sysmon","SourceModuleType":"im_msvistalog"}
<14>Jul  8 13:42:26 wrk-shasek.stackedpads.local Microsoft-Windows-Sysmon[2568]: {"EventTime":1657287744,"Hostname":"wrk-shasek.stackedpads.local","Keywords":-9223372036854775808,"EventType":"INFO","SeverityValue":2,"Severity":"INFO","EventID":10,"SourceName":"Microsoft-Windows-Sysmon","ProviderGuid":"{5770385F-C22A-43E0-BF4C-06F5698FFBD9}","Version":3,"Task":10,"OpcodeValue":0,"RecordNumber":72888,"ProcessID":2568,"ThreadID":3284,"Channel":"Microsoft-Windows-Sysmon/Operational","Domain":"NT AUTHORITY","AccountName":"SYSTEM","UserID":"S-1-5-18","AccountType":"User","Message":"Process accessed:\r\nRuleName: technique_id=T1036,technique_name=Masquerading\r\nUtcTime: 2022-07-08 13:42:24.636\r\nSourceProcessGUID: {6b7cbb53-343b-62c8-f100-000000000e00}\r\nSourceProcessId: 6516\r\nSourceThreadId: 5504\r\nSourceImage: C:\\Users\\tim.smith\\AppData\\Local\\Microsoft\\OneDrive\\OneDrive.exe\r\nTargetProcessGUID: {6b7cbb53-3429-62c8-db00-000000000e00}\r\nTargetProcessId: 5636\r\nTargetImage: C:\\Windows\\Explorer.EXE\r\nGrantedAccess: 0x40\r\nCallTrace: C:\\Windows\\SYSTEM32\\ntdll.dll+9d204|C:\\Windows\\System32\\wow64.dll+10955|C:\\Windows\\System32\\wow64.dll+901a|C:\\Windows\\System32\\wow64cpu.dll+17c3|C:\\Windows\\System32\\wow64cpu.dll+11b9|C:\\Windows\\System32\\wow64.dll+38c9|C:\\Windows\\System32\\wow64.dll+32bd|C:\\Windows\\SYSTEM32\\ntdll.dll+d3592|C:\\Windows\\SYSTEM32\\ntdll.dll+74cdb|C:\\Windows\\SYSTEM32\\ntdll.dll+74b63|C:\\Windows\\SYSTEM32\\ntdll.dll+74b0e|C:\\Windows\\SYSTEM32\\ntdll.dll+72c3c(wow64)|C:\\Windows\\System32\\KERNELBASE.dll+10ffd8(wow64)|C:\\Windows\\System32\\shcore.dll+2598c(wow64)|C:\\Windows\\System32\\shcore.dll+2596e(wow64)|C:\\Windows\\System32\\shcore.dll+2bd09(wow64)|C:\\Windows\\System32\\shcore.dll+2ba02(wow64)|C:\\Windows\\System32\\shcore.dll+2b9cf(wow64)|C:\\Windows\\System32\\shcore.dll+2b913(wow64)|C:\\Windows\\System32\\SHELL32.dll+13cca3(wow64)|C:\\Windows\\System32\\SHELL32.dll+11377b(wow64)|C:\\Windows\\System32\\SHELL32.dll+113595(wow64)|C:\\Windows\\System32\\ieframe.dll+bfded(wow64)|C:\\Windows\\System32\\ieframe.dll+beb28(wow64)\r\nSourceUser: STACKEDPADS\\tim.smith\r\nTargetUser: STACKEDPADS\\tim.smith","Category":"Process accessed (rule: ProcessAccess)","Opcode":"Info","RuleName":"technique_id=T1036,technique_name=Masquerading","UtcTime":"2022-07-08 13:42:24.636","SourceProcessGUID":"{6b7cbb53-343b-62c8-f100-000000000e00}","SourceProcessId":"6516","SourceThreadId":"5504","SourceImage":"C:\\Users\\tim.smith\\AppData\\Local\\Microsoft\\OneDrive\\OneDrive.exe","TargetProcessGUID":"{6b7cbb53-3429-62c8-db00-000000000e00}","TargetProcessId":"5636","TargetImage":"C:\\Windows\\Explorer.EXE","GrantedAccess":"0x40","CallTrace":"C:\\Windows\\SYSTEM32\\ntdll.dll+9d204|C:\\Windows\\System32\\wow64.dll+10955|C:\\Windows\\System32\\wow64.dll+901a|C:\\Windows\\System32\\wow64cpu.dll+17c3|C:\\Windows\\System32\\wow64cpu.dll+11b9|C:\\Windows\\System32\\wow64.dll+38c9|C:\\Windows\\System32\\wow64.dll+32bd|C:\\Windows\\SYSTEM32\\ntdll.dll+d3592|C:\\Windows\\SYSTEM32\\ntdll.dll+74cdb|C:\\Windows\\SYSTEM32\\ntdll.dll+74b63|C:\\Windows\\SYSTEM32\\ntdll.dll+74b0e|C:\\Windows\\SYSTEM32\\ntdll.dll+72c3c(wow64)|C:\\Windows\\System32\\KERNELBASE.dll+10ffd8(wow64)|C:\\Windows\\System32\\shcore.dll+2598c(wow64)|C:\\Windows\\System32\\shcore.dll+2596e(wow64)|C:\\Windows\\System32\\shcore.dll+2bd09(wow64)|C:\\Windows\\System32\\shcore.dll+2ba02(wow64)|C:\\Windows\\System32\\shcore.dll+2b9cf(wow64)|C:\\Windows\\System32\\shcore.dll+2b913(wow64)|C:\\Windows\\System32\\SHELL32.dll+13cca3(wow64)|C:\\Windows\\System32\\SHELL32.dll+11377b(wow64)|C:\\Windows\\System32\\SHELL32.dll+113595(wow64)|C:\\Windows\\System32\\ieframe.dll+bfded(wow64)|C:\\Windows\\System32\\ieframe.dll+beb28(wow64)","SourceUser":"STACKEDPADS\\tim.smith","TargetUser":"STACKEDPADS\\tim.smith","EventReceivedTime":1657287746,"SourceModuleName":"in_sysmon","SourceModuleType":"im_msvistalog"}
<14>Jul  8 13:42:26 wrk-shasek.stackedpads.local Microsoft-Windows-Sysmon[2568]: {"EventTime":1657287744,"Hostname":"wrk-shasek.stackedpads.local","Keywords":-9223372036854775808,"EventType":"INFO","SeverityValue":2,"Severity":"INFO","EventID":10,"SourceName":"Microsoft-Windows-Sysmon","ProviderGuid":"{5770385F-C22A-43E0-BF4C-06F5698FFBD9}","Version":3,"Task":10,"OpcodeValue":0,"RecordNumber":72890,"ProcessID":2568,"ThreadID":3284,"Channel":"Microsoft-Windows-Sysmon/Operational","Domain":"NT AUTHORITY","AccountName":"SYSTEM","UserID":"S-1-5-18","AccountType":"User","Message":"Process accessed:\r\nRuleName: technique_id=T1036,technique_name=Masquerading\r\nUtcTime: 2022-07-08 13:42:24.636\r\nSourceProcessGUID: {6b7cbb53-343b-62c8-f100-000000000e00}\r\nSourceProcessId: 6516\r\nSourceThreadId: 5504\r\nSourceImage: C:\\Users\\tim.smith\\AppData\\Local\\Microsoft\\OneDrive\\OneDrive.exe\r\nTargetProcessGUID: {6b7cbb53-3429-62c8-db00-000000000e00}\r\nTargetProcessId: 5636\r\nTargetImage: C:\\Windows\\Explorer.EXE\r\nGrantedAccess: 0x40\r\nCallTrace: C:\\Windows\\SYSTEM32\\ntdll.dll+9d204|C:\\Windows\\System32\\wow64.dll+10955|C:\\Windows\\System32\\wow64.dll+901a|C:\\Windows\\System32\\wow64cpu.dll+17c3|C:\\Windows\\System32\\wow64cpu.dll+11b9|C:\\Windows\\System32\\wow64.dll+38c9|C:\\Windows\\System32\\wow64.dll+32bd|C:\\Windows\\SYSTEM32\\ntdll.dll+d3592|C:\\Windows\\SYSTEM32\\ntdll.dll+74cdb|C:\\Windows\\SYSTEM32\\ntdll.dll+74b63|C:\\Windows\\SYSTEM32\\ntdll.dll+74b0e|C:\\Windows\\SYSTEM32\\ntdll.dll+72c3c(wow64)|C:\\Windows\\System32\\KERNELBASE.dll+10ffd8(wow64)|C:\\Windows\\System32\\shcore.dll+2598c(wow64)|C:\\Windows\\System32\\shcore.dll+2595b(wow64)|C:\\Windows\\System32\\shcore.dll+221ac(wow64)|C:\\Windows\\System32\\SHELL32.dll+13cd37(wow64)|C:\\Windows\\System32\\SHELL32.dll+11377b(wow64)|C:\\Windows\\System32\\SHELL32.dll+113595(wow64)|C:\\Windows\\System32\\ieframe.dll+bfded(wow64)|C:\\Windows\\System32\\ieframe.dll+beb28(wow64)|C:\\Windows\\System32\\ieframe.dll+c785e(wow64)|C:\\Windows\\System32\\ieframe.dll+c60a1(wow64)|C:\\Windows\\System32\\ieframe.dll+db003(wow64)\r\nSourceUser: STACKEDPADS\\tim.smith\r\nTargetUser: STACKEDPADS\\tim.smith","Category":"Process accessed (rule: ProcessAccess)","Opcode":"Info","RuleName":"technique_id=T1036,technique_name=Masquerading","UtcTime":"2022-07-08 13:42:24.636","SourceProcessGUID":"{6b7cbb53-343b-62c8-f100-000000000e00}","SourceProcessId":"6516","SourceThreadId":"5504","SourceImage":"C:\\Users\\tim.smith\\AppData\\Local\\Microsoft\\OneDrive\\OneDrive.exe","TargetProcessGUID":"{6b7cbb53-3429-62c8-db00-000000000e00}","TargetProcessId":"5636","TargetImage":"C:\\Windows\\Explorer.EXE","GrantedAccess":"0x40","CallTrace":"C:\\Windows\\SYSTEM32\\ntdll.dll+9d204|C:\\Windows\\System32\\wow64.dll+10955|C:\\Windows\\System32\\wow64.dll+901a|C:\\Windows\\System32\\wow64cpu.dll+17c3|C:\\Windows\\System32\\wow64cpu.dll+11b9|C:\\Windows\\System32\\wow64.dll+38c9|C:\\Windows\\System32\\wow64.dll+32bd|C:\\Windows\\SYSTEM32\\ntdll.dll+d3592|C:\\Windows\\SYSTEM32\\ntdll.dll+74cdb|C:\\Windows\\SYSTEM32\\ntdll.dll+74b63|C:\\Windows\\SYSTEM32\\ntdll.dll+74b0e|C:\\Windows\\SYSTEM32\\ntdll.dll+72c3c(wow64)|C:\\Windows\\System32\\KERNELBASE.dll+10ffd8(wow64)|C:\\Windows\\System32\\shcore.dll+2598c(wow64)|C:\\Windows\\System32\\shcore.dll+2595b(wow64)|C:\\Windows\\System32\\shcore.dll+221ac(wow64)|C:\\Windows\\System32\\SHELL32.dll+13cd37(wow64)|C:\\Windows\\System32\\SHELL32.dll+11377b(wow64)|C:\\Windows\\System32\\SHELL32.dll+113595(wow64)|C:\\Windows\\System32\\ieframe.dll+bfded(wow64)|C:\\Windows\\System32\\ieframe.dll+beb28(wow64)|C:\\Windows\\System32\\ieframe.dll+c785e(wow64)|C:\\Windows\\System32\\ieframe.dll+c60a1(wow64)|C:\\Windows\\System32\\ieframe.dll+db003(wow64)","SourceUser":"STACKEDPADS\\tim.smith","TargetUser":"STACKEDPADS\\tim.smith","EventReceivedTime":1657287746,"SourceModuleName":"in_sysmon","SourceModuleType":"im_msvistalog"}
<14>Jul  8 13:42:26 wrk-shasek.stackedpads.local Microsoft-Windows-Sysmon[2568]: {"EventTime":1657287744,"Hostname":"wrk-shasek.stackedpads.local","Keywords":-9223372036854775808,"EventType":"INFO","SeverityValue":2,"Severity":"INFO","EventID":10,"SourceName":"Microsoft-Windows-Sysmon","ProviderGuid":"{5770385F-C22A-43E0-BF4C-06F5698FFBD9}","Version":3,"Task":10,"OpcodeValue":0,"RecordNumber":72886,"ProcessID":2568,"ThreadID":3284,"Channel":"Microsoft-Windows-Sysmon/Operational","Domain":"NT AUTHORITY","AccountName":"SYSTEM","UserID":"S-1-5-18","AccountType":"User","Message":"Process accessed:\r\nRuleName: technique_id=T1036,technique_name=Masquerading\r\nUtcTime: 2022-07-08 13:42:24.636\r\nSourceProcessGUID: {6b7cbb53-343b-62c8-f100-000000000e00}\r\nSourceProcessId: 6516\r\nSourceThreadId: 5504\r\nSourceImage: C:\\Users\\tim.smith\\AppData\\Local\\Microsoft\\OneDrive\\OneDrive.exe\r\nTargetProcessGUID: {6b7cbb53-3429-62c8-db00-000000000e00}\r\nTargetProcessId: 5636\r\nTargetImage: C:\\Windows\\Explorer.EXE\r\nGrantedAccess: 0x40\r\nCallTrace: C:\\Windows\\SYSTEM32\\ntdll.dll+9d204|C:\\Windows\\System32\\wow64.dll+10955|C:\\Windows\\System32\\wow64.dll+901a|C:\\Windows\\System32\\wow64cpu.dll+17c3|C:\\Windows\\System32\\wow64cpu.dll+11b9|C:\\Windows\\System32\\wow64.dll+38c9|C:\\Windows\\System32\\wow64.dll+32bd|C:\\Windows\\SYSTEM32\\ntdll.dll+d3592|C:\\Windows\\SYSTEM32\\ntdll.dll+74cdb|C:\\Windows\\SYSTEM32\\ntdll.dll+74b63|C:\\Windows\\SYSTEM32\\ntdll.dll+74b0e|C:\\Windows\\SYSTEM32\\ntdll.dll+72c3c(wow64)|C:\\Windows\\System32\\KERNELBASE.dll+10ffd8(wow64)|C:\\Windows\\System32\\shcore.dll+2598c(wow64)|C:\\Windows\\System32\\shcore.dll+2595b(wow64)|C:\\Windows\\System32\\shcore.dll+221ac(wow64)|C:\\Windows\\System32\\SHELL32.dll+13cd37(wow64)|C:\\Windows\\System32\\SHELL32.dll+11377b(wow64)|C:\\Windows\\System32\\SHELL32.dll+113595(wow64)|C:\\Windows\\System32\\ieframe.dll+bfd88(wow64)|C:\\Windows\\System32\\ieframe.dll+beb28(wow64)|C:\\Windows\\System32\\ieframe.dll+c785e(wow64)|C:\\Windows\\System32\\ieframe.dll+c60a1(wow64)|C:\\Windows\\System32\\ieframe.dll+db003(wow64)\r\nSourceUser: STACKEDPADS\\tim.smith\r\nTargetUser: STACKEDPADS\\tim.smith","Category":"Process accessed (rule: ProcessAccess)","Opcode":"Info","RuleName":"technique_id=T1036,technique_name=Masquerading","UtcTime":"2022-07-08 13:42:24.636","SourceProcessGUID":"{6b7cbb53-343b-62c8-f100-000000000e00}","SourceProcessId":"6516","SourceThreadId":"5504","SourceImage":"C:\\Users\\tim.smith\\AppData\\Local\\Microsoft\\OneDrive\\OneDrive.exe","TargetProcessGUID":"{6b7cbb53-3429-62c8-db00-000000000e00}","TargetProcessId":"5636","TargetImage":"C:\\Windows\\Explorer.EXE","GrantedAccess":"0x40","CallTrace":"C:\\Windows\\SYSTEM32\\ntdll.dll+9d204|C:\\Windows\\System32\\wow64.dll+10955|C:\\Windows\\System32\\wow64.dll+901a|C:\\Windows\\System32\\wow64cpu.dll+17c3|C:\\Windows\\System32\\wow64cpu.dll+11b9|C:\\Windows\\System32\\wow64.dll+38c9|C:\\Windows\\System32\\wow64.dll+32bd|C:\\Windows\\SYSTEM32\\ntdll.dll+d3592|C:\\Windows\\SYSTEM32\\ntdll.dll+74cdb|C:\\Windows\\SYSTEM32\\ntdll.dll+74b63|C:\\Windows\\SYSTEM32\\ntdll.dll+74b0e|C:\\Windows\\SYSTEM32\\ntdll.dll+72c3c(wow64)|C:\\Windows\\System32\\KERNELBASE.dll+10ffd8(wow64)|C:\\Windows\\System32\\shcore.dll+2598c(wow64)|C:\\Windows\\System32\\shcore.dll+2595b(wow64)|C:\\Windows\\System32\\shcore.dll+221ac(wow64)|C:\\Windows\\System32\\SHELL32.dll+13cd37(wow64)|C:\\Windows\\System32\\SHELL32.dll+11377b(wow64)|C:\\Windows\\System32\\SHELL32.dll+113595(wow64)|C:\\Windows\\System32\\ieframe.dll+bfd88(wow64)|C:\\Windows\\System32\\ieframe.dll+beb28(wow64)|C:\\Windows\\System32\\ieframe.dll+c785e(wow64)|C:\\Windows\\System32\\ieframe.dll+c60a1(wow64)|C:\\Windows\\System32\\ieframe.dll+db003(wow64)","SourceUser":"STACKEDPADS\\tim.smith","TargetUser":"STACKEDPADS\\tim.smith","EventReceivedTime":1657287746,"SourceModuleName":"in_sysmon","SourceModuleType":"im_msvistalog"}
<14>Jul  8 13:42:26 wrk-shasek.stackedpads.local Microsoft-Windows-Sysmon[2568]: {"EventTime":1657287744,"Hostname":"wrk-shasek.stackedpads.local","Keywords":-9223372036854775808,"EventType":"INFO","SeverityValue":2,"Severity":"INFO","EventID":10,"SourceName":"Microsoft-Windows-Sysmon","ProviderGuid":"{5770385F-C22A-43E0-BF4C-06F5698FFBD9}","Version":3,"Task":10,"OpcodeValue":0,"RecordNumber":72892,"ProcessID":2568,"ThreadID":3284,"Channel":"Microsoft-Windows-Sysmon/Operational","Domain":"NT AUTHORITY","AccountName":"SYSTEM","UserID":"S-1-5-18","AccountType":"User","Message":"Process accessed:\r\nRuleName: technique_id=T1036,technique_name=Masquerading\r\nUtcTime: 2022-07-08 13:42:24.636\r\nSourceProcessGUID: {6b7cbb53-343b-62c8-f100-000000000e00}\r\nSourceProcessId: 6516\r\nSourceThreadId: 5504\r\nSourceImage: C:\\Users\\tim.smith\\AppData\\Local\\Microsoft\\OneDrive\\OneDrive.exe\r\nTargetProcessGUID: {6b7cbb53-3429-62c8-db00-000000000e00}\r\nTargetProcessId: 5636\r\nTargetImage: C:\\Windows\\Explorer.EXE\r\nGrantedAccess: 0x40\r\nCallTrace: C:\\Windows\\SYSTEM32\\ntdll.dll+9d204|C:\\Windows\\System32\\wow64.dll+10955|C:\\Windows\\System32\\wow64.dll+901a|C:\\Windows\\System32\\wow64cpu.dll+17c3|C:\\Windows\\System32\\wow64cpu.dll+11b9|C:\\Windows\\System32\\wow64.dll+38c9|C:\\Windows\\System32\\wow64.dll+32bd|C:\\Windows\\SYSTEM32\\ntdll.dll+d3592|C:\\Windows\\SYSTEM32\\ntdll.dll+74cdb|C:\\Windows\\SYSTEM32\\ntdll.dll+74b63|C:\\Windows\\SYSTEM32\\ntdll.dll+74b0e|C:\\Windows\\SYSTEM32\\ntdll.dll+72c3c(wow64)|C:\\Windows\\System32\\KERNELBASE.dll+10ffd8(wow64)|C:\\Windows\\System32\\shcore.dll+2598c(wow64)|C:\\Windows\\System32\\shcore.dll+2596e(wow64)|C:\\Windows\\System32\\shcore.dll+2bd09(wow64)|C:\\Windows\\System32\\shcore.dll+2ba02(wow64)|C:\\Windows\\System32\\shcore.dll+2b9cf(wow64)|C:\\Windows\\System32\\shcore.dll+2b913(wow64)|C:\\Windows\\System32\\SHELL32.dll+13cca3(wow64)|C:\\Windows\\System32\\SHELL32.dll+11377b(wow64)|C:\\Windows\\System32\\SHELL32.dll+113595(wow64)|C:\\Windows\\System32\\ieframe.dll+bfe6f(wow64)|C:\\Windows\\System32\\ieframe.dll+beb28(wow64)\r\nSourceUser: STACKEDPADS\\tim.smith\r\nTargetUser: STACKEDPADS\\tim.smith","Category":"Process accessed (rule: ProcessAccess)","Opcode":"Info","RuleName":"technique_id=T1036,technique_name=Masquerading","UtcTime":"2022-07-08 13:42:24.636","SourceProcessGUID":"{6b7cbb53-343b-62c8-f100-000000000e00}","SourceProcessId":"6516","SourceThreadId":"5504","SourceImage":"C:\\Users\\tim.smith\\AppData\\Local\\Microsoft\\OneDrive\\OneDrive.exe","TargetProcessGUID":"{6b7cbb53-3429-62c8-db00-000000000e00}","TargetProcessId":"5636","TargetImage":"C:\\Windows\\Explorer.EXE","GrantedAccess":"0x40","CallTrace":"C:\\Windows\\SYSTEM32\\ntdll.dll+9d204|C:\\Windows\\System32\\wow64.dll+10955|C:\\Windows\\System32\\wow64.dll+901a|C:\\Windows\\System32\\wow64cpu.dll+17c3|C:\\Windows\\System32\\wow64cpu.dll+11b9|C:\\Windows\\System32\\wow64.dll+38c9|C:\\Windows\\System32\\wow64.dll+32bd|C:\\Windows\\SYSTEM32\\ntdll.dll+d3592|C:\\Windows\\SYSTEM32\\ntdll.dll+74cdb|C:\\Windows\\SYSTEM32\\ntdll.dll+74b63|C:\\Windows\\SYSTEM32\\ntdll.dll+74b0e|C:\\Windows\\SYSTEM32\\ntdll.dll+72c3c(wow64)|C:\\Windows\\System32\\KERNELBASE.dll+10ffd8(wow64)|C:\\Windows\\System32\\shcore.dll+2598c(wow64)|C:\\Windows\\System32\\shcore.dll+2596e(wow64)|C:\\Windows\\System32\\shcore.dll+2bd09(wow64)|C:\\Windows\\System32\\shcore.dll+2ba02(wow64)|C:\\Windows\\System32\\shcore.dll+2b9cf(wow64)|C:\\Windows\\System32\\shcore.dll+2b913(wow64)|C:\\Windows\\System32\\SHELL32.dll+13cca3(wow64)|C:\\Windows\\System32\\SHELL32.dll+11377b(wow64)|C:\\Windows\\System32\\SHELL32.dll+113595(wow64)|C:\\Windows\\System32\\ieframe.dll+bfe6f(wow64)|C:\\Windows\\System32\\ieframe.dll+beb28(wow64)","SourceUser":"STACKEDPADS\\tim.smith","TargetUser":"STACKEDPADS\\tim.smith","EventReceivedTime":1657287746,"SourceModuleName":"in_sysmon","SourceModuleType":"im_msvistalog"}
<14>Jul  8 13:42:26 wrk-shasek.stackedpads.local Microsoft-Windows-Sysmon[2568]: {"EventTime":1657287744,"Hostname":"wrk-shasek.stackedpads.local","Keywords":-9223372036854775808,"EventType":"INFO","SeverityValue":2,"Severity":"INFO","EventID":10,"SourceName":"Microsoft-Windows-Sysmon","ProviderGuid":"{5770385F-C22A-43E0-BF4C-06F5698FFBD9}","Version":3,"Task":10,"OpcodeValue":0,"RecordNumber":72883,"ProcessID":2568,"ThreadID":3284,"Channel":"Microsoft-Windows-Sysmon/Operational","Domain":"NT AUTHORITY","AccountName":"SYSTEM","UserID":"S-1-5-18","AccountType":"User","Message":"Process accessed:\r\nRuleName: technique_id=T1036,technique_name=Masquerading\r\nUtcTime: 2022-07-08 13:42:24.636\r\nSourceProcessGUID: {6b7cbb53-343b-62c8-f100-000000000e00}\r\nSourceProcessId: 6516\r\nSourceThreadId: 5504\r\nSourceImage: C:\\Users\\tim.smith\\AppData\\Local\\Microsoft\\OneDrive\\OneDrive.exe\r\nTargetProcessGUID: {6b7cbb53-3429-62c8-db00-000000000e00}\r\nTargetProcessId: 5636\r\nTargetImage: C:\\Windows\\Explorer.EXE\r\nGrantedAccess: 0x40\r\nCallTrace: C:\\Windows\\SYSTEM32\\ntdll.dll+9d204|C:\\Windows\\System32\\wow64.dll+10955|C:\\Windows\\System32\\wow64.dll+901a|C:\\Windows\\System32\\wow64cpu.dll+17c3|C:\\Windows\\System32\\wow64cpu.dll+11b9|C:\\Windows\\System32\\wow64.dll+38c9|C:\\Windows\\System32\\wow64.dll+32bd|C:\\Windows\\SYSTEM32\\ntdll.dll+d3592|C:\\Windows\\SYSTEM32\\ntdll.dll+74cdb|C:\\Windows\\SYSTEM32\\ntdll.dll+74b63|C:\\Windows\\SYSTEM32\\ntdll.dll+74b0e|C:\\Windows\\SYSTEM32\\ntdll.dll+72c3c(wow64)|C:\\Windows\\System32\\KERNELBASE.dll+10ffd8(wow64)|C:\\Windows\\System32\\shcore.dll+2598c(wow64)|C:\\Windows\\System32\\shcore.dll+2bce5(wow64)|C:\\Windows\\System32\\shcore.dll+2ba02(wow64)|C:\\Windows\\System32\\shcore.dll+2b9cf(wow64)|C:\\Windows\\System32\\shcore.dll+2b913(wow64)|C:\\Windows\\System32\\SHELL32.dll+13cca3(wow64)|C:\\Windows\\System32\\SHELL32.dll+11377b(wow64)|C:\\Windows\\System32\\SHELL32.dll+113595(wow64)|C:\\Windows\\System32\\ieframe.dll+bfd88(wow64)|C:\\Windows\\System32\\ieframe.dll+beb28(wow64)|C:\\Windows\\System32\\ieframe.dll+c785e(wow64)\r\nSourceUser: STACKEDPADS\\tim.smith\r\nTargetUser: STACKEDPADS\\tim.smith","Category":"Process accessed (rule: ProcessAccess)","Opcode":"Info","RuleName":"technique_id=T1036,technique_name=Masquerading","UtcTime":"2022-07-08 13:42:24.636","SourceProcessGUID":"{6b7cbb53-343b-62c8-f100-000000000e00}","SourceProcessId":"6516","SourceThreadId":"5504","SourceImage":"C:\\Users\\tim.smith\\AppData\\Local\\Microsoft\\OneDrive\\OneDrive.exe","TargetProcessGUID":"{6b7cbb53-3429-62c8-db00-000000000e00}","TargetProcessId":"5636","TargetImage":"C:\\Windows\\Explorer.EXE","GrantedAccess":"0x40","CallTrace":"C:\\Windows\\SYSTEM32\\ntdll.dll+9d204|C:\\Windows\\System32\\wow64.dll+10955|C:\\Windows\\System32\\wow64.dll+901a|C:\\Windows\\System32\\wow64cpu.dll+17c3|C:\\Windows\\System32\\wow64cpu.dll+11b9|C:\\Windows\\System32\\wow64.dll+38c9|C:\\Windows\\System32\\wow64.dll+32bd|C:\\Windows\\SYSTEM32\\ntdll.dll+d3592|C:\\Windows\\SYSTEM32\\ntdll.dll+74cdb|C:\\Windows\\SYSTEM32\\ntdll.dll+74b63|C:\\Windows\\SYSTEM32\\ntdll.dll+74b0e|C:\\Windows\\SYSTEM32\\ntdll.dll+72c3c(wow64)|C:\\Windows\\System32\\KERNELBASE.dll+10ffd8(wow64)|C:\\Windows\\System32\\shcore.dll+2598c(wow64)|C:\\Windows\\System32\\shcore.dll+2bce5(wow64)|C:\\Windows\\System32\\shcore.dll+2ba02(wow64)|C:\\Windows\\System32\\shcore.dll+2b9cf(wow64)|C:\\Windows\\System32\\shcore.dll+2b913(wow64)|C:\\Windows\\System32\\SHELL32.dll+13cca3(wow64)|C:\\Windows\\System32\\SHELL32.dll+11377b(wow64)|C:\\Windows\\System32\\SHELL32.dll+113595(wow64)|C:\\Windows\\System32\\ieframe.dll+bfd88(wow64)|C:\\Windows\\System32\\ieframe.dll+beb28(wow64)|C:\\Windows\\System32\\ieframe.dll+c785e(wow64)","SourceUser":"STACKEDPADS\\tim.smith","TargetUser":"STACKEDPADS\\tim.smith","EventReceivedTime":1657287746,"SourceModuleName":"in_sysmon","SourceModuleType":"im_msvistalog"}
