<14>Jul  8 13:40:59 activedir.stackedpads.local Microsoft-Windows-Sysmon[3224]: {"EventTime":1657287659,"Hostname":"activedir.stackedpads.local","Keywords":-9223372036854775808,"EventType":"INFO","SeverityValue":2,"Severity":"INFO","EventID":13,"SourceName":"Microsoft-Windows-Sysmon","ProviderGuid":"{5770385F-C22A-43E0-BF4C-06F5698FFBD9}","Version":2,"Task":13,"OpcodeValue":0,"RecordNumber":278301,"ProcessID":3224,"ThreadID":4128,"Channel":"Microsoft-Windows-Sysmon/Operational","Domain":"NT AUTHORITY","AccountName":"SYSTEM","UserID":"S-1-5-18","AccountType":"User","Message":"Registry value set:\r\nRuleName: technique_id=T1543,technique_name=Service Creation\r\nEventType: SetValue\r\nUtcTime: 2022-07-08 13:40:58.965\r\nProcessGuid: {3be6fa21-31c6-62c8-0e00-000000001100}\r\nProcessId: 872\r\nImage: C:\\Windows\\system32\\svchost.exe\r\nTargetObject: HKLM\\System\\CurrentControlSet\\Services\\bam\\State\\UserSettings\\S-1-5-21-2264196694-1469429678-912427992-1104\\Microsoft.Windows.ShellExperienceHost_cw5n1h2txyewy\r\nDetails: Binary Data\r\nUser: NT AUTHORITY\\SYSTEM","Category":"Registry value set (rule: RegistryEvent)","Opcode":"Info","RuleName":"technique_id=T1543,technique_name=Service Creation","UtcTime":"2022-07-08 13:40:58.965","ProcessGuid":"{3be6fa21-31c6-62c8-0e00-000000001100}","Image":"C:\\Windows\\system32\\svchost.exe","TargetObject":"HKLM\\System\\CurrentControlSet\\Services\\bam\\State\\UserSettings\\S-1-5-21-2264196694-1469429678-912427992-1104\\Microsoft.Windows.ShellExperienceHost_cw5n1h2txyewy","Details":"Binary Data","User":"NT AUTHORITY\\SYSTEM","EventReceivedTime":1657287659,"SourceModuleName":"in_sysmon","SourceModuleType":"im_msvistalog"}
<14>Jul  8 13:40:58 activedir.stackedpads.local Microsoft-Windows-Sysmon[3224]: {"EventTime":1657287658,"Hostname":"activedir.stackedpads.local","Keywords":-9223372036854775808,"EventType":"INFO","SeverityValue":2,"Severity":"INFO","EventID":13,"SourceName":"Microsoft-Windows-Sysmon","ProviderGuid":"{5770385F-C22A-43E0-BF4C-06F5698FFBD9}","Version":2,"Task":13,"OpcodeValue":0,"RecordNumber":278299,"ProcessID":3224,"ThreadID":4128,"Channel":"Microsoft-Windows-Sysmon/Operational","Domain":"NT AUTHORITY","AccountName":"SYSTEM","UserID":"S-1-5-18","AccountType":"User","Message":"Registry value set:\r\nRuleName: technique_id=T1543,technique_name=Service Creation\r\nEventType: SetValue\r\nUtcTime: 2022-07-08 13:40:58.168\r\nProcessGuid: {3be6fa21-31c6-62c8-0e00-000000001100}\r\nProcessId: 872\r\nImage: C:\\Windows\\system32\\svchost.exe\r\nTargetObject: HKLM\\System\\CurrentControlSet\\Services\\bam\\State\\UserSettings\\S-1-5-21-2264196694-1469429678-912427992-1104\\Microsoft.Windows.Cortana_cw5n1h2txyewy\r\nDetails: Binary Data\r\nUser: NT AUTHORITY\\SYSTEM","Category":"Registry value set (rule: RegistryEvent)","Opcode":"Info","RuleName":"technique_id=T1543,technique_name=Service Creation","UtcTime":"2022-07-08 13:40:58.168","ProcessGuid":"{3be6fa21-31c6-62c8-0e00-000000001100}","Image":"C:\\Windows\\system32\\svchost.exe","TargetObject":"HKLM\\System\\CurrentControlSet\\Services\\bam\\State\\UserSettings\\S-1-5-21-2264196694-1469429678-912427992-1104\\Microsoft.Windows.Cortana_cw5n1h2txyewy","Details":"Binary Data","User":"NT AUTHORITY\\SYSTEM","EventReceivedTime":1657287658,"SourceModuleName":"in_sysmon","SourceModuleType":"im_msvistalog"}
<14>Jul  8 13:40:59 activedir.stackedpads.local Microsoft-Windows-Sysmon[3224]: {"EventTime":1657287659,"Hostname":"activedir.stackedpads.local","Keywords":-9223372036854775808,"EventType":"INFO","SeverityValue":2,"Severity":"INFO","EventID":13,"SourceName":"Microsoft-Windows-Sysmon","ProviderGuid":"{5770385F-C22A-43E0-BF4C-06F5698FFBD9}","Version":2,"Task":13,"OpcodeValue":0,"RecordNumber":278302,"ProcessID":3224,"ThreadID":4128,"Channel":"Microsoft-Windows-Sysmon/Operational","Domain":"NT AUTHORITY","AccountName":"SYSTEM","UserID":"S-1-5-18","AccountType":"User","Message":"Registry value set:\r\nRuleName: technique_id=T1543,technique_name=Service Creation\r\nEventType: SetValue\r\nUtcTime: 2022-07-08 13:40:59.261\r\nProcessGuid: {3be6fa21-31c6-62c8-0e00-000000001100}\r\nProcessId: 872\r\nImage: C:\\Windows\\system32\\svchost.exe\r\nTargetObject: HKLM\\System\\CurrentControlSet\\Services\\bam\\State\\UserSettings\\S-1-5-21-2264196694-1469429678-912427992-1104\\Microsoft.Windows.Cortana_cw5n1h2txyewy\r\nDetails: Binary Data\r\nUser: NT AUTHORITY\\SYSTEM","Category":"Registry value set (rule: RegistryEvent)","Opcode":"Info","RuleName":"technique_id=T1543,technique_name=Service Creation","UtcTime":"2022-07-08 13:40:59.261","ProcessGuid":"{3be6fa21-31c6-62c8-0e00-000000001100}","Image":"C:\\Windows\\system32\\svchost.exe","TargetObject":"HKLM\\System\\CurrentControlSet\\Services\\bam\\State\\UserSettings\\S-1-5-21-2264196694-1469429678-912427992-1104\\Microsoft.Windows.Cortana_cw5n1h2txyewy","Details":"Binary Data","User":"NT AUTHORITY\\SYSTEM","EventReceivedTime":1657287659,"SourceModuleName":"in_sysmon","SourceModuleType":"im_msvistalog"}
<14>Jul  8 13:41:01 activedir.stackedpads.local Microsoft-Windows-Sysmon[3224]: {"EventTime":1657287660,"Hostname":"activedir.stackedpads.local","Keywords":-9223372036854775808,"EventType":"INFO","SeverityValue":2,"Severity":"INFO","EventID":7,"SourceName":"Microsoft-Windows-Sysmon","ProviderGuid":"{5770385F-C22A-43E0-BF4C-06F5698FFBD9}","Version":3,"Task":7,"OpcodeValue":0,"RecordNumber":278303,"ProcessID":3224,"ThreadID":4128,"Channel":"Microsoft-Windows-Sysmon/Operational","Domain":"NT AUTHORITY","AccountName":"SYSTEM","UserID":"S-1-5-18","AccountType":"User","Message":"Image loaded:\r\nRuleName: -\r\nUtcTime: 2022-07-08 13:40:59.996\r\nProcessGuid: {3be6fa21-33e6-62c8-e700-000000001100}\r\nProcessId: 3904\r\nImage: C:\\Windows\\System32\\ServerManagerLauncher.exe\r\nImageLoaded: C:\\Windows\\System32\\urlmon.dll\r\nFileVersion: 11.00.17763.2989 (WinBuild.160101.0800)\r\nDescription: OLE32 Extensions for Win32\r\nProduct: Internet Explorer\r\nCompany: Microsoft Corporation\r\nOriginalFileName: UrlMon.dll\r\nHashes: SHA1=3405711CBD9F95E52D169FFDC291D9241AC26EE6,MD5=A8B176D8B94D7B36B6DE11B888BC2FFB,SHA256=7E2D45F13D79F2DC5FFFA2FE9A111AF51EC5FC45B7FCC3E56B9B5B75170B8B5D,IMPHASH=1A25F56E88192012CEA344CDE7EF7FF2\r\nSigned: true\r\nSignature: Microsoft Windows\r\nSignatureStatus: Valid\r\nUser: STACKEDPADS\\frank.kolzig","Category":"Image loaded (rule: ImageLoad)","Opcode":"Info","RuleName":"-","UtcTime":"2022-07-08 13:40:59.996","ProcessGuid":"{3be6fa21-33e6-62c8-e700-000000001100}","Image":"C:\\Windows\\System32\\ServerManagerLauncher.exe","ImageLoaded":"C:\\Windows\\System32\\urlmon.dll","FileVersion":"11.00.17763.2989 (WinBuild.160101.0800)","Description":"OLE32 Extensions for Win32","Product":"Internet Explorer","Company":"Microsoft Corporation","OriginalFileName":"UrlMon.dll","Hashes":"SHA1=3405711CBD9F95E52D169FFDC291D9241AC26EE6,MD5=A8B176D8B94D7B36B6DE11B888BC2FFB,SHA256=7E2D45F13D79F2DC5FFFA2FE9A111AF51EC5FC45B7FCC3E56B9B5B75170B8B5D,IMPHASH=1A25F56E88192012CEA344CDE7EF7FF2","Signed":"true","Signature":"Microsoft Windows","SignatureStatus":"Valid","User":"STACKEDPADS\\frank.kolzig","EventReceivedTime":1657287661,"SourceModuleName":"in_sysmon","SourceModuleType":"im_msvistalog"}
<14>Jul  8 13:41:01 activedir.stackedpads.local Microsoft-Windows-Sysmon[3224]: {"EventTime":1657287660,"Hostname":"activedir.stackedpads.local","Keywords":-9223372036854775808,"EventType":"INFO","SeverityValue":2,"Severity":"INFO","EventID":7,"SourceName":"Microsoft-Windows-Sysmon","ProviderGuid":"{5770385F-C22A-43E0-BF4C-06F5698FFBD9}","Version":3,"Task":7,"OpcodeValue":0,"RecordNumber":278309,"ProcessID":3224,"ThreadID":4128,"Channel":"Microsoft-Windows-Sysmon/Operational","Domain":"NT AUTHORITY","AccountName":"SYSTEM","UserID":"S-1-5-18","AccountType":"User","Message":"Image loaded:\r\nRuleName: -\r\nUtcTime: 2022-07-08 13:41:00.268\r\nProcessGuid: {3be6fa21-33ec-62c8-f300-000000001100}\r\nProcessId: 6256\r\nImage: C:\\Windows\\System32\\consent.exe\r\nImageLoaded: C:\\Windows\\System32\\urlmon.dll\r\nFileVersion: 11.00.17763.2989 (WinBuild.160101.0800)\r\nDescription: OLE32 Extensions for Win32\r\nProduct: Internet Explorer\r\nCompany: Microsoft Corporation\r\nOriginalFileName: UrlMon.dll\r\nHashes: SHA1=3405711CBD9F95E52D169FFDC291D9241AC26EE6,MD5=A8B176D8B94D7B36B6DE11B888BC2FFB,SHA256=7E2D45F13D79F2DC5FFFA2FE9A111AF51EC5FC45B7FCC3E56B9B5B75170B8B5D,IMPHASH=1A25F56E88192012CEA344CDE7EF7FF2\r\nSigned: true\r\nSignature: Microsoft Windows\r\nSignatureStatus: Valid\r\nUser: NT AUTHORITY\\SYSTEM","Category":"Image loaded (rule: ImageLoad)","Opcode":"Info","RuleName":"-","UtcTime":"2022-07-08 13:41:00.268","ProcessGuid":"{3be6fa21-33ec-62c8-f300-000000001100}","Image":"C:\\Windows\\System32\\consent.exe","ImageLoaded":"C:\\Windows\\System32\\urlmon.dll","FileVersion":"11.00.17763.2989 (WinBuild.160101.0800)","Description":"OLE32 Extensions for Win32","Product":"Internet Explorer","Company":"Microsoft Corporation","OriginalFileName":"UrlMon.dll","Hashes":"SHA1=3405711CBD9F95E52D169FFDC291D9241AC26EE6,MD5=A8B176D8B94D7B36B6DE11B888BC2FFB,SHA256=7E2D45F13D79F2DC5FFFA2FE9A111AF51EC5FC45B7FCC3E56B9B5B75170B8B5D,IMPHASH=1A25F56E88192012CEA344CDE7EF7FF2","Signed":"true","Signature":"Microsoft Windows","SignatureStatus":"Valid","User":"NT AUTHORITY\\SYSTEM","EventReceivedTime":1657287661,"SourceModuleName":"in_sysmon","SourceModuleType":"im_msvistalog"}
<14>Jul  8 13:41:02 activedir.stackedpads.local Microsoft-Windows-Sysmon[3224]: {"EventTime":1657287661,"Hostname":"activedir.stackedpads.local","Keywords":-9223372036854775808,"EventType":"INFO","SeverityValue":2,"Severity":"INFO","EventID":7,"SourceName":"Microsoft-Windows-Sysmon","ProviderGuid":"{5770385F-C22A-43E0-BF4C-06F5698FFBD9}","Version":3,"Task":7,"OpcodeValue":0,"RecordNumber":278316,"ProcessID":3224,"ThreadID":4128,"Channel":"Microsoft-Windows-Sysmon/Operational","Domain":"NT AUTHORITY","AccountName":"SYSTEM","UserID":"S-1-5-18","AccountType":"User","Message":"Image loaded:\r\nRuleName: -\r\nUtcTime: 2022-07-08 13:41:01.511\r\nProcessGuid: {3be6fa21-33ec-62c8-f600-000000001100}\r\nProcessId: 1924\r\nImage: C:\\Windows\\System32\\ServerManager.exe\r\nImageLoaded: C:\\Windows\\System32\\urlmon.dll\r\nFileVersion: 11.00.17763.2989 (WinBuild.160101.0800)\r\nDescription: OLE32 Extensions for Win32\r\nProduct: Internet Explorer\r\nCompany: Microsoft Corporation\r\nOriginalFileName: UrlMon.dll\r\nHashes: SHA1=3405711CBD9F95E52D169FFDC291D9241AC26EE6,MD5=A8B176D8B94D7B36B6DE11B888BC2FFB,SHA256=7E2D45F13D79F2DC5FFFA2FE9A111AF51EC5FC45B7FCC3E56B9B5B75170B8B5D,IMPHASH=1A25F56E88192012CEA344CDE7EF7FF2\r\nSigned: true\r\nSignature: Microsoft Windows\r\nSignatureStatus: Valid\r\nUser: STACKEDPADS\\frank.kolzig","Category":"Image loaded (rule: ImageLoad)","Opcode":"Info","RuleName":"-","UtcTime":"2022-07-08 13:41:01.511","ProcessGuid":"{3be6fa21-33ec-62c8-f600-000000001100}","Image":"C:\\Windows\\System32\\ServerManager.exe","ImageLoaded":"C:\\Windows\\System32\\urlmon.dll","FileVersion":"11.00.17763.2989 (WinBuild.160101.0800)","Description":"OLE32 Extensions for Win32","Product":"Internet Explorer","Company":"Microsoft Corporation","OriginalFileName":"UrlMon.dll","Hashes":"SHA1=3405711CBD9F95E52D169FFDC291D9241AC26EE6,MD5=A8B176D8B94D7B36B6DE11B888BC2FFB,SHA256=7E2D45F13D79F2DC5FFFA2FE9A111AF51EC5FC45B7FCC3E56B9B5B75170B8B5D,IMPHASH=1A25F56E88192012CEA344CDE7EF7FF2","Signed":"true","Signature":"Microsoft Windows","SignatureStatus":"Valid","User":"STACKEDPADS\\frank.kolzig","EventReceivedTime":1657287662,"SourceModuleName":"in_sysmon","SourceModuleType":"im_msvistalog"}
<14>Jul  8 13:41:01 activedir.stackedpads.local Microsoft-Windows-Sysmon[3224]: {"EventTime":1657287660,"Hostname":"activedir.stackedpads.local","Keywords":-9223372036854775808,"EventType":"INFO","SeverityValue":2,"Severity":"INFO","EventID":13,"SourceName":"Microsoft-Windows-Sysmon","ProviderGuid":"{5770385F-C22A-43E0-BF4C-06F5698FFBD9}","Version":2,"Task":13,"OpcodeValue":0,"RecordNumber":278304,"ProcessID":3224,"ThreadID":4128,"Channel":"Microsoft-Windows-Sysmon/Operational","Domain":"NT AUTHORITY","AccountName":"SYSTEM","UserID":"S-1-5-18","AccountType":"User","Message":"Registry value set:\r\nRuleName: technique_id=T1543,technique_name=Service Creation\r\nEventType: SetValue\r\nUtcTime: 2022-07-08 13:41:00.043\r\nProcessGuid: {3be6fa21-33e6-62c8-e700-000000001100}\r\nProcessId: 3904\r\nImage: C:\\Windows\\system32\\ServerManagerLauncher.exe\r\nTargetObject: HKLM\\System\\CurrentControlSet\\Services\\bam\\State\\UserSettings\\S-1-5-21-2264196694-1469429678-912427992-1104\\\\Device\\HarddiskVolume3\\Windows\\System32\\ServerManager.exe\r\nDetails: Binary Data\r\nUser: STACKEDPADS\\frank.kolzig","Category":"Registry value set (rule: RegistryEvent)","Opcode":"Info","RuleName":"technique_id=T1543,technique_name=Service Creation","UtcTime":"2022-07-08 13:41:00.043","ProcessGuid":"{3be6fa21-33e6-62c8-e700-000000001100}","Image":"C:\\Windows\\system32\\ServerManagerLauncher.exe","TargetObject":"HKLM\\System\\CurrentControlSet\\Services\\bam\\State\\UserSettings\\S-1-5-21-2264196694-1469429678-912427992-1104\\\\Device\\HarddiskVolume3\\Windows\\System32\\ServerManager.exe","Details":"Binary Data","User":"STACKEDPADS\\frank.kolzig","EventReceivedTime":1657287661,"SourceModuleName":"in_sysmon","SourceModuleType":"im_msvistalog"}
<14>Jul  8 13:41:01 activedir.stackedpads.local Microsoft-Windows-Sysmon[3224]: {"EventTime":1657287660,"Hostname":"activedir.stackedpads.local","Keywords":-9223372036854775808,"EventType":"INFO","SeverityValue":2,"Severity":"INFO","EventID":13,"SourceName":"Microsoft-Windows-Sysmon","ProviderGuid":"{5770385F-C22A-43E0-BF4C-06F5698FFBD9}","Version":2,"Task":13,"OpcodeValue":0,"RecordNumber":278305,"ProcessID":3224,"ThreadID":4128,"Channel":"Microsoft-Windows-Sysmon/Operational","Domain":"NT AUTHORITY","AccountName":"SYSTEM","UserID":"S-1-5-18","AccountType":"User","Message":"Registry value set:\r\nRuleName: technique_id=T1543,technique_name=Service Creation\r\nEventType: SetValue\r\nUtcTime: 2022-07-08 13:41:00.058\r\nProcessGuid: {3be6fa21-33ec-62c8-f200-000000001100}\r\nProcessId: 6264\r\nImage: C:\\Windows\\system32\\ServerManager.exe\r\nTargetObject: HKLM\\System\\CurrentControlSet\\Services\\bam\\State\\UserSettings\\S-1-5-21-2264196694-1469429678-912427992-1104\\\\Device\\HarddiskVolume3\\Windows\\System32\\ServerManager.exe\r\nDetails: Binary Data\r\nUser: STACKEDPADS\\frank.kolzig","Category":"Registry value set (rule: RegistryEvent)","Opcode":"Info","RuleName":"technique_id=T1543,technique_name=Service Creation","UtcTime":"2022-07-08 13:41:00.058","ProcessGuid":"{3be6fa21-33ec-62c8-f200-000000001100}","Image":"C:\\Windows\\system32\\ServerManager.exe","TargetObject":"HKLM\\System\\CurrentControlSet\\Services\\bam\\State\\UserSettings\\S-1-5-21-2264196694-1469429678-912427992-1104\\\\Device\\HarddiskVolume3\\Windows\\System32\\ServerManager.exe","Details":"Binary Data","User":"STACKEDPADS\\frank.kolzig","EventReceivedTime":1657287661,"SourceModuleName":"in_sysmon","SourceModuleType":"im_msvistalog"}
<14>Jul  8 13:41:01 activedir.stackedpads.local Microsoft-Windows-Sysmon[3224]: {"EventTime":1657287660,"Hostname":"activedir.stackedpads.local","Keywords":-9223372036854775808,"EventType":"INFO","SeverityValue":2,"Severity":"INFO","EventID":13,"SourceName":"Microsoft-Windows-Sysmon","ProviderGuid":"{5770385F-C22A-43E0-BF4C-06F5698FFBD9}","Version":2,"Task":13,"OpcodeValue":0,"RecordNumber":278310,"ProcessID":3224,"ThreadID":4128,"Channel":"Microsoft-Windows-Sysmon/Operational","Domain":"NT AUTHORITY","AccountName":"SYSTEM","UserID":"S-1-5-18","AccountType":"User","Message":"Registry value set:\r\nRuleName: technique_id=T1543,technique_name=Service Creation\r\nEventType: SetValue\r\nUtcTime: 2022-07-08 13:41:00.379\r\nProcessGuid: {3be6fa21-321b-62c8-a600-000000001100}\r\nProcessId: 6000\r\nImage: C:\\Windows\\system32\\svchost.exe\r\nTargetObject: HKLM\\System\\CurrentControlSet\\Services\\bam\\State\\UserSettings\\S-1-5-21-2264196694-1469429678-912427992-1104\\\\Device\\HarddiskVolume3\\Windows\\System32\\ServerManager.exe\r\nDetails: Binary Data\r\nUser: NT AUTHORITY\\SYSTEM","Category":"Registry value set (rule: RegistryEvent)","Opcode":"Info","RuleName":"technique_id=T1543,technique_name=Service Creation","UtcTime":"2022-07-08 13:41:00.379","ProcessGuid":"{3be6fa21-321b-62c8-a600-000000001100}","Image":"C:\\Windows\\system32\\svchost.exe","TargetObject":"HKLM\\System\\CurrentControlSet\\Services\\bam\\State\\UserSettings\\S-1-5-21-2264196694-1469429678-912427992-1104\\\\Device\\HarddiskVolume3\\Windows\\System32\\ServerManager.exe","Details":"Binary Data","User":"NT AUTHORITY\\SYSTEM","EventReceivedTime":1657287661,"SourceModuleName":"in_sysmon","SourceModuleType":"im_msvistalog"}
<14>Jul  8 13:41:01 activedir.stackedpads.local Microsoft-Windows-Sysmon[3224]: {"EventTime":1657287660,"Hostname":"activedir.stackedpads.local","Keywords":-9223372036854775808,"EventType":"INFO","SeverityValue":2,"Severity":"INFO","EventID":7,"SourceName":"Microsoft-Windows-Sysmon","ProviderGuid":"{5770385F-C22A-43E0-BF4C-06F5698FFBD9}","Version":3,"Task":7,"OpcodeValue":0,"RecordNumber":278306,"ProcessID":3224,"ThreadID":4132,"Channel":"Microsoft-Windows-Sysmon/Operational","Domain":"NT AUTHORITY","AccountName":"SYSTEM","UserID":"S-1-5-18","AccountType":"User","Message":"Image loaded:\r\nRuleName: technique_id=T1059.001,technique_name=PowerShell\r\nUtcTime: 2022-07-08 13:41:00.090\r\nProcessGuid: {3be6fa21-33ec-62c8-f300-000000001100}\r\nProcessId: 6256\r\nImage: C:\\Windows\\System32\\consent.exe\r\nImageLoaded: C:\\Windows\\System32\\amsi.dll\r\nFileVersion: 10.0.17763.1697 (WinBuild.160101.0800)\r\nDescription: Anti-Malware Scan Interface\r\nProduct: Microsoft® Windows® Operating System\r\nCompany: Microsoft Corporation\r\nOriginalFileName: amsi.dll\r\nHashes: SHA1=20F7EED446E3EC3C74E7FADC04A99F695871597D,MD5=1612156EC38E45657DF29D719A728151,SHA256=8C76B13CC54AC83D3639CBF5B15FB6E9BE3018D0740D7B15A98CB1BC5B95DAE8,IMPHASH=E42947A05FF9B78BA65260A82ACEC0C3\r\nSigned: true\r\nSignature: Microsoft Windows\r\nSignatureStatus: Valid\r\nUser: NT AUTHORITY\\SYSTEM","Category":"Image loaded (rule: ImageLoad)","Opcode":"Info","RuleName":"technique_id=T1059.001,technique_name=PowerShell","UtcTime":"2022-07-08 13:41:00.090","ProcessGuid":"{3be6fa21-33ec-62c8-f300-000000001100}","Image":"C:\\Windows\\System32\\consent.exe","ImageLoaded":"C:\\Windows\\System32\\amsi.dll","FileVersion":"10.0.17763.1697 (WinBuild.160101.0800)","Description":"Anti-Malware Scan Interface","Product":"Microsoft® Windows® Operating System","Company":"Microsoft Corporation","OriginalFileName":"amsi.dll","Hashes":"SHA1=20F7EED446E3EC3C74E7FADC04A99F695871597D,MD5=1612156EC38E45657DF29D719A728151,SHA256=8C76B13CC54AC83D3639CBF5B15FB6E9BE3018D0740D7B15A98CB1BC5B95DAE8,IMPHASH=E42947A05FF9B78BA65260A82ACEC0C3","Signed":"true","Signature":"Microsoft Windows","SignatureStatus":"Valid","User":"NT AUTHORITY\\SYSTEM","EventReceivedTime":1657287661,"SourceModuleName":"in_sysmon","SourceModuleType":"im_msvistalog"}
<14>Jul  8 13:41:01 activedir.stackedpads.local Microsoft-Windows-Sysmon[3224]: {"EventTime":1657287660,"Hostname":"activedir.stackedpads.local","Keywords":-9223372036854775808,"EventType":"INFO","SeverityValue":2,"Severity":"INFO","EventID":12,"SourceName":"Microsoft-Windows-Sysmon","ProviderGuid":"{5770385F-C22A-43E0-BF4C-06F5698FFBD9}","Version":2,"Task":12,"OpcodeValue":0,"RecordNumber":278307,"ProcessID":3224,"ThreadID":4128,"Channel":"Microsoft-Windows-Sysmon/Operational","Domain":"NT AUTHORITY","AccountName":"SYSTEM","UserID":"S-1-5-18","AccountType":"User","Message":"Registry object added or deleted:\r\nRuleName: technique_id=T1130,technique_name=Install Root Certificate\r\nEventType: CreateKey\r\nUtcTime: 2022-07-08 13:41:00.205\r\nProcessGuid: {3be6fa21-33ec-62c8-f300-000000001100}\r\nProcessId: 6256\r\nImage: C:\\Windows\\system32\\consent.exe\r\nTargetObject: HKU\\S-1-5-21-2264196694-1469429678-912427992-1104\\Software\\Microsoft\\SystemCertificates\\CA\\Certificates\r\nUser: NT AUTHORITY\\SYSTEM","Category":"Registry object added or deleted (rule: RegistryEvent)","Opcode":"Info","RuleName":"technique_id=T1130,technique_name=Install Root Certificate","UtcTime":"2022-07-08 13:41:00.205","ProcessGuid":"{3be6fa21-33ec-62c8-f300-000000001100}","Image":"C:\\Windows\\system32\\consent.exe","TargetObject":"HKU\\S-1-5-21-2264196694-1469429678-912427992-1104\\Software\\Microsoft\\SystemCertificates\\CA\\Certificates","User":"NT AUTHORITY\\SYSTEM","EventReceivedTime":1657287661,"SourceModuleName":"in_sysmon","SourceModuleType":"im_msvistalog"}
<14>Jul  8 13:41:01 activedir.stackedpads.local Microsoft-Windows-Sysmon[3224]: {"EventTime":1657287660,"Hostname":"activedir.stackedpads.local","Keywords":-9223372036854775808,"EventType":"INFO","SeverityValue":2,"Severity":"INFO","EventID":12,"SourceName":"Microsoft-Windows-Sysmon","ProviderGuid":"{5770385F-C22A-43E0-BF4C-06F5698FFBD9}","Version":2,"Task":12,"OpcodeValue":0,"RecordNumber":278308,"ProcessID":3224,"ThreadID":4128,"Channel":"Microsoft-Windows-Sysmon/Operational","Domain":"NT AUTHORITY","AccountName":"SYSTEM","UserID":"S-1-5-18","AccountType":"User","Message":"Registry object added or deleted:\r\nRuleName: technique_id=T1130,technique_name=Install Root Certificate\r\nEventType: CreateKey\r\nUtcTime: 2022-07-08 13:41:00.221\r\nProcessGuid: {3be6fa21-33ec-62c8-f300-000000001100}\r\nProcessId: 6256\r\nImage: C:\\Windows\\system32\\consent.exe\r\nTargetObject: HKU\\S-1-5-21-2264196694-1469429678-912427992-1104\\Software\\Microsoft\\SystemCertificates\\Root\\Certificates\r\nUser: NT AUTHORITY\\SYSTEM","Category":"Registry object added or deleted (rule: RegistryEvent)","Opcode":"Info","RuleName":"technique_id=T1130,technique_name=Install Root Certificate","UtcTime":"2022-07-08 13:41:00.221","ProcessGuid":"{3be6fa21-33ec-62c8-f300-000000001100}","Image":"C:\\Windows\\system32\\consent.exe","TargetObject":"HKU\\S-1-5-21-2264196694-1469429678-912427992-1104\\Software\\Microsoft\\SystemCertificates\\Root\\Certificates","User":"NT AUTHORITY\\SYSTEM","EventReceivedTime":1657287661,"SourceModuleName":"in_sysmon","SourceModuleType":"im_msvistalog"}
<14>Jul  8 13:41:01 activedir.stackedpads.local Microsoft-Windows-Sysmon[3224]: {"EventTime":1657287660,"Hostname":"activedir.stackedpads.local","Keywords":-9223372036854775808,"EventType":"INFO","SeverityValue":2,"Severity":"INFO","EventID":7,"SourceName":"Microsoft-Windows-Sysmon","ProviderGuid":"{5770385F-C22A-43E0-BF4C-06F5698FFBD9}","Version":3,"Task":7,"OpcodeValue":0,"RecordNumber":278311,"ProcessID":3224,"ThreadID":4132,"Channel":"Microsoft-Windows-Sysmon/Operational","Domain":"NT AUTHORITY","AccountName":"SYSTEM","UserID":"S-1-5-18","AccountType":"User","Message":"Image loaded:\r\nRuleName: technique_id=T1055,technique_name=Process Injection\r\nUtcTime: 2022-07-08 13:41:00.394\r\nProcessGuid: {3be6fa21-33ec-62c8-f600-000000001100}\r\nProcessId: 1924\r\nImage: C:\\Windows\\System32\\ServerManager.exe\r\nImageLoaded: C:\\Windows\\System32\\mscoree.dll\r\nFileVersion: 10.0.17763.1 (WinBuild.160101.0800)\r\nDescription: Microsoft .NET Runtime Execution Engine\r\nProduct: Microsoft® Windows® Operating System\r\nCompany: Microsoft Corporation\r\nOriginalFileName: mscoree.dll\r\nHashes: SHA1=C706D446BE7ED725A720F59C039D6104AAEBBC82,MD5=A54E980E453ED712A6ECF639CA70F4DB,SHA256=10693C68D86A71A73FD9BD6CB7497BEAE746BA5EA8A044E5C7B6294F4EE5445E,IMPHASH=65F23EFA1EB51A5DAAB399BFAA840074\r\nSigned: true\r\nSignature: Microsoft Windows\r\nSignatureStatus: Valid\r\nUser: STACKEDPADS\\frank.kolzig","Category":"Image loaded (rule: ImageLoad)","Opcode":"Info","RuleName":"technique_id=T1055,technique_name=Process Injection","UtcTime":"2022-07-08 13:41:00.394","ProcessGuid":"{3be6fa21-33ec-62c8-f600-000000001100}","Image":"C:\\Windows\\System32\\ServerManager.exe","ImageLoaded":"C:\\Windows\\System32\\mscoree.dll","FileVersion":"10.0.17763.1 (WinBuild.160101.0800)","Description":"Microsoft .NET Runtime Execution Engine","Product":"Microsoft® Windows® Operating System","Company":"Microsoft Corporation","OriginalFileName":"mscoree.dll","Hashes":"SHA1=C706D446BE7ED725A720F59C039D6104AAEBBC82,MD5=A54E980E453ED712A6ECF639CA70F4DB,SHA256=10693C68D86A71A73FD9BD6CB7497BEAE746BA5EA8A044E5C7B6294F4EE5445E,IMPHASH=65F23EFA1EB51A5DAAB399BFAA840074","Signed":"true","Signature":"Microsoft Windows","SignatureStatus":"Valid","User":"STACKEDPADS\\frank.kolzig","EventReceivedTime":1657287661,"SourceModuleName":"in_sysmon","SourceModuleType":"im_msvistalog"}
<14>Jul  8 13:41:01 activedir.stackedpads.local Microsoft-Windows-Sysmon[3224]: {"EventTime":1657287660,"Hostname":"activedir.stackedpads.local","Keywords":-9223372036854775808,"EventType":"INFO","SeverityValue":2,"Severity":"INFO","EventID":7,"SourceName":"Microsoft-Windows-Sysmon","ProviderGuid":"{5770385F-C22A-43E0-BF4C-06F5698FFBD9}","Version":3,"Task":7,"OpcodeValue":0,"RecordNumber":278312,"ProcessID":3224,"ThreadID":4132,"Channel":"Microsoft-Windows-Sysmon/Operational","Domain":"NT AUTHORITY","AccountName":"SYSTEM","UserID":"S-1-5-18","AccountType":"User","Message":"Image loaded:\r\nRuleName: technique_id=T1055,technique_name=Process Injection\r\nUtcTime: 2022-07-08 13:41:00.410\r\nProcessGuid: {3be6fa21-33ec-62c8-f600-000000001100}\r\nProcessId: 1924\r\nImage: C:\\Windows\\System32\\ServerManager.exe\r\nImageLoaded: C:\\Windows\\Microsoft.NET\\Framework64\\v4.0.30319\\mscoreei.dll\r\nFileVersion: 4.8.4180.0 built by: NET48REL1LAST_B\r\nDescription: Microsoft .NET Runtime Execution Engine\r\nProduct: Microsoft® .NET Framework\r\nCompany: Microsoft Corporation\r\nOriginalFileName: mscoreei.dll\r\nHashes: SHA1=1283EF637FA53D571118F269F9B8C0A5CCA2BF01,MD5=899A8B655E52A061B33571D97C5C06ED,SHA256=DE05B03E37FB9BA5D74CF8FA36A6F0B15AB61705285B738BC90D14FDE580A45E,IMPHASH=005299FA213F652A596AC31760C5340B\r\nSigned: true\r\nSignature: Microsoft Corporation\r\nSignatureStatus: Valid\r\nUser: STACKEDPADS\\frank.kolzig","Category":"Image loaded (rule: ImageLoad)","Opcode":"Info","RuleName":"technique_id=T1055,technique_name=Process Injection","UtcTime":"2022-07-08 13:41:00.410","ProcessGuid":"{3be6fa21-33ec-62c8-f600-000000001100}","Image":"C:\\Windows\\System32\\ServerManager.exe","ImageLoaded":"C:\\Windows\\Microsoft.NET\\Framework64\\v4.0.30319\\mscoreei.dll","FileVersion":"4.8.4180.0 built by: NET48REL1LAST_B","Description":"Microsoft .NET Runtime Execution Engine","Product":"Microsoft® .NET Framework","Company":"Microsoft Corporation","OriginalFileName":"mscoreei.dll","Hashes":"SHA1=1283EF637FA53D571118F269F9B8C0A5CCA2BF01,MD5=899A8B655E52A061B33571D97C5C06ED,SHA256=DE05B03E37FB9BA5D74CF8FA36A6F0B15AB61705285B738BC90D14FDE580A45E,IMPHASH=005299FA213F652A596AC31760C5340B","Signed":"true","Signature":"Microsoft Corporation","SignatureStatus":"Valid","User":"STACKEDPADS\\frank.kolzig","EventReceivedTime":1657287661,"SourceModuleName":"in_sysmon","SourceModuleType":"im_msvistalog"}
<14>Jul  8 13:41:01 activedir.stackedpads.local Microsoft-Windows-Sysmon[3224]: {"EventTime":1657287660,"Hostname":"activedir.stackedpads.local","Keywords":-9223372036854775808,"EventType":"INFO","SeverityValue":2,"Severity":"INFO","EventID":7,"SourceName":"Microsoft-Windows-Sysmon","ProviderGuid":"{5770385F-C22A-43E0-BF4C-06F5698FFBD9}","Version":3,"Task":7,"OpcodeValue":0,"RecordNumber":278313,"ProcessID":3224,"ThreadID":4132,"Channel":"Microsoft-Windows-Sysmon/Operational","Domain":"NT AUTHORITY","AccountName":"SYSTEM","UserID":"S-1-5-18","AccountType":"User","Message":"Image loaded:\r\nRuleName: technique_id=T1055,technique_name=Process Injection\r\nUtcTime: 2022-07-08 13:41:00.488\r\nProcessGuid: {3be6fa21-33ec-62c8-f600-000000001100}\r\nProcessId: 1924\r\nImage: C:\\Windows\\System32\\ServerManager.exe\r\nImageLoaded: C:\\Windows\\Microsoft.NET\\Framework64\\v4.0.30319\\clr.dll\r\nFileVersion: 4.8.4515.0 built by: NET48REL1LAST_C\r\nDescription: Microsoft .NET Runtime Common Language Runtime - WorkStation\r\nProduct: Microsoft® .NET Framework\r\nCompany: Microsoft Corporation\r\nOriginalFileName: clr.dll\r\nHashes: SHA1=61CBD7957B853E180D77DCB02EB48DE5E4269CDC,MD5=2B0E5597FF51A3A4D5BB2DDAB0214531,SHA256=8D09CE35C987EADCF01686BB559920951B0116985FE4FEB5A488A6A8F7C4BDB9,IMPHASH=259C196C67C4E02F941CAD54D9D9BB8A\r\nSigned: true\r\nSignature: Microsoft Corporation\r\nSignatureStatus: Valid\r\nUser: STACKEDPADS\\frank.kolzig","Category":"Image loaded (rule: ImageLoad)","Opcode":"Info","RuleName":"technique_id=T1055,technique_name=Process Injection","UtcTime":"2022-07-08 13:41:00.488","ProcessGuid":"{3be6fa21-33ec-62c8-f600-000000001100}","Image":"C:\\Windows\\System32\\ServerManager.exe","ImageLoaded":"C:\\Windows\\Microsoft.NET\\Framework64\\v4.0.30319\\clr.dll","FileVersion":"4.8.4515.0 built by: NET48REL1LAST_C","Description":"Microsoft .NET Runtime Common Language Runtime - WorkStation","Product":"Microsoft® .NET Framework","Company":"Microsoft Corporation","OriginalFileName":"clr.dll","Hashes":"SHA1=61CBD7957B853E180D77DCB02EB48DE5E4269CDC,MD5=2B0E5597FF51A3A4D5BB2DDAB0214531,SHA256=8D09CE35C987EADCF01686BB559920951B0116985FE4FEB5A488A6A8F7C4BDB9,IMPHASH=259C196C67C4E02F941CAD54D9D9BB8A","Signed":"true","Signature":"Microsoft Corporation","SignatureStatus":"Valid","User":"STACKEDPADS\\frank.kolzig","EventReceivedTime":1657287661,"SourceModuleName":"in_sysmon","SourceModuleType":"im_msvistalog"}
<14>Jul  8 13:41:01 activedir.stackedpads.local Microsoft-Windows-Sysmon[3224]: {"EventTime":1657287660,"Hostname":"activedir.stackedpads.local","Keywords":-9223372036854775808,"EventType":"INFO","SeverityValue":2,"Severity":"INFO","EventID":7,"SourceName":"Microsoft-Windows-Sysmon","ProviderGuid":"{5770385F-C22A-43E0-BF4C-06F5698FFBD9}","Version":3,"Task":7,"OpcodeValue":0,"RecordNumber":278314,"ProcessID":3224,"ThreadID":4132,"Channel":"Microsoft-Windows-Sysmon/Operational","Domain":"NT AUTHORITY","AccountName":"SYSTEM","UserID":"S-1-5-18","AccountType":"User","Message":"Image loaded:\r\nRuleName: technique_id=T1055,technique_name=Process Injection\r\nUtcTime: 2022-07-08 13:41:00.644\r\nProcessGuid: {3be6fa21-33ec-62c8-f600-000000001100}\r\nProcessId: 1924\r\nImage: C:\\Windows\\System32\\ServerManager.exe\r\nImageLoaded: C:\\Windows\\assembly\\NativeImages_v4.0.30319_64\\mscorlib\\b8493bec853ac702d2188091d76ccffa\\mscorlib.ni.dll\r\nFileVersion: 4.8.4515.0 built by: NET48REL1LAST_C\r\nDescription: Microsoft Common Language Runtime Class Library\r\nProduct: Microsoft® .NET Framework\r\nCompany: Microsoft Corporation\r\nOriginalFileName: mscorlib.dll\r\nHashes: SHA1=E427979206921D4FDD5A0621540DC133FBD34A57,MD5=4D9E5CCCDA6B1397A94DE4AABC3FDF3E,SHA256=94687549554CD1915C41AF49DF0DFEC8A0C04F1D2E26907329A60ACB287414AA,IMPHASH=00000000000000000000000000000000\r\nSigned: true\r\nSignature: Microsoft Corporation\r\nSignatureStatus: Valid\r\nUser: STACKEDPADS\\frank.kolzig","Category":"Image loaded (rule: ImageLoad)","Opcode":"Info","RuleName":"technique_id=T1055,technique_name=Process Injection","UtcTime":"2022-07-08 13:41:00.644","ProcessGuid":"{3be6fa21-33ec-62c8-f600-000000001100}","Image":"C:\\Windows\\System32\\ServerManager.exe","ImageLoaded":"C:\\Windows\\assembly\\NativeImages_v4.0.30319_64\\mscorlib\\b8493bec853ac702d2188091d76ccffa\\mscorlib.ni.dll","FileVersion":"4.8.4515.0 built by: NET48REL1LAST_C","Description":"Microsoft Common Language Runtime Class Library","Product":"Microsoft® .NET Framework","Company":"Microsoft Corporation","OriginalFileName":"mscorlib.dll","Hashes":"SHA1=E427979206921D4FDD5A0621540DC133FBD34A57,MD5=4D9E5CCCDA6B1397A94DE4AABC3FDF3E,SHA256=94687549554CD1915C41AF49DF0DFEC8A0C04F1D2E26907329A60ACB287414AA,IMPHASH=00000000000000000000000000000000","Signed":"true","Signature":"Microsoft Corporation","SignatureStatus":"Valid","User":"STACKEDPADS\\frank.kolzig","EventReceivedTime":1657287661,"SourceModuleName":"in_sysmon","SourceModuleType":"im_msvistalog"}
<14>Jul  8 13:41:02 activedir.stackedpads.local Microsoft-Windows-Sysmon[3224]: {"EventTime":1657287661,"Hostname":"activedir.stackedpads.local","Keywords":-9223372036854775808,"EventType":"INFO","SeverityValue":2,"Severity":"INFO","EventID":7,"SourceName":"Microsoft-Windows-Sysmon","ProviderGuid":"{5770385F-C22A-43E0-BF4C-06F5698FFBD9}","Version":3,"Task":7,"OpcodeValue":0,"RecordNumber":278315,"ProcessID":3224,"ThreadID":4132,"Channel":"Microsoft-Windows-Sysmon/Operational","Domain":"NT AUTHORITY","AccountName":"SYSTEM","UserID":"S-1-5-18","AccountType":"User","Message":"Image loaded:\r\nRuleName: technique_id=T1055,technique_name=Process Injection\r\nUtcTime: 2022-07-08 13:41:01.180\r\nProcessGuid: {3be6fa21-33ec-62c8-f600-000000001100}\r\nProcessId: 1924\r\nImage: C:\\Windows\\System32\\ServerManager.exe\r\nImageLoaded: C:\\Windows\\Microsoft.NET\\Framework64\\v4.0.30319\\clrjit.dll\r\nFileVersion: 4.8.4515.0 built by: NET48REL1LAST_C\r\nDescription: Microsoft .NET Runtime Just-In-Time Compiler\r\nProduct: Microsoft® .NET Framework\r\nCompany: Microsoft Corporation\r\nOriginalFileName: clrjit.dll\r\nHashes: SHA1=C3E3D29C6A448F47B2D463DC0D974D939B773C6C,MD5=C5D469C303E0AA87A2C9DF1730B7C4C4,SHA256=8A3CD3CF2249E9971806B15C75A892E6A44CCA5FF5EA5CA89FDA951CD2C09AA9,IMPHASH=9F2B44B648DE13A18C1ABC07250B85C2\r\nSigned: true\r\nSignature: Microsoft Corporation\r\nSignatureStatus: Valid\r\nUser: STACKEDPADS\\frank.kolzig","Category":"Image loaded (rule: ImageLoad)","Opcode":"Info","RuleName":"technique_id=T1055,technique_name=Process Injection","UtcTime":"2022-07-08 13:41:01.180","ProcessGuid":"{3be6fa21-33ec-62c8-f600-000000001100}","Image":"C:\\Windows\\System32\\ServerManager.exe","ImageLoaded":"C:\\Windows\\Microsoft.NET\\Framework64\\v4.0.30319\\clrjit.dll","FileVersion":"4.8.4515.0 built by: NET48REL1LAST_C","Description":"Microsoft .NET Runtime Just-In-Time Compiler","Product":"Microsoft® .NET Framework","Company":"Microsoft Corporation","OriginalFileName":"clrjit.dll","Hashes":"SHA1=C3E3D29C6A448F47B2D463DC0D974D939B773C6C,MD5=C5D469C303E0AA87A2C9DF1730B7C4C4,SHA256=8A3CD3CF2249E9971806B15C75A892E6A44CCA5FF5EA5CA89FDA951CD2C09AA9,IMPHASH=9F2B44B648DE13A18C1ABC07250B85C2","Signed":"true","Signature":"Microsoft Corporation","SignatureStatus":"Valid","User":"STACKEDPADS\\frank.kolzig","EventReceivedTime":1657287662,"SourceModuleName":"in_sysmon","SourceModuleType":"im_msvistalog"}
<14>Jul  8 13:41:02 activedir.stackedpads.local Microsoft-Windows-Sysmon[3224]: {"EventTime":1657287661,"Hostname":"activedir.stackedpads.local","Keywords":-9223372036854775808,"EventType":"INFO","SeverityValue":2,"Severity":"INFO","EventID":11,"SourceName":"Microsoft-Windows-Sysmon","ProviderGuid":"{5770385F-C22A-43E0-BF4C-06F5698FFBD9}","Version":2,"Task":11,"OpcodeValue":0,"RecordNumber":278317,"ProcessID":3224,"ThreadID":4128,"Channel":"Microsoft-Windows-Sysmon/Operational","Domain":"NT AUTHORITY","AccountName":"SYSTEM","UserID":"S-1-5-18","AccountType":"User","Message":"File created:\r\nRuleName: -\r\nUtcTime: 2022-07-08 13:41:01.902\r\nProcessGuid: {3be6fa21-33e6-62c8-e600-000000001100}\r\nProcessId: 4960\r\nImage: C:\\Program Files (x86)\\Google\\Update\\GoogleUpdate.exe\r\nTargetFilename: C:\\Program Files (x86)\\Google\\Policies\r\nCreationUtcTime: 2022-07-08 13:41:01.902\r\nUser: NT AUTHORITY\\SYSTEM","Category":"File created (rule: FileCreate)","Opcode":"Info","RuleName":"-","UtcTime":"2022-07-08 13:41:01.902","ProcessGuid":"{3be6fa21-33e6-62c8-e600-000000001100}","Image":"C:\\Program Files (x86)\\Google\\Update\\GoogleUpdate.exe","TargetFilename":"C:\\Program Files (x86)\\Google\\Policies","CreationUtcTime":"2022-07-08 13:41:01.902","User":"NT AUTHORITY\\SYSTEM","EventReceivedTime":1657287662,"SourceModuleName":"in_sysmon","SourceModuleType":"im_msvistalog"}
<14>Jul  8 13:41:02 activedir.stackedpads.local Microsoft-Windows-Sysmon[3224]: {"EventTime":1657287661,"Hostname":"activedir.stackedpads.local","Keywords":-9223372036854775808,"EventType":"INFO","SeverityValue":2,"Severity":"INFO","EventID":7,"SourceName":"Microsoft-Windows-Sysmon","ProviderGuid":"{5770385F-C22A-43E0-BF4C-06F5698FFBD9}","Version":3,"Task":7,"OpcodeValue":0,"RecordNumber":278318,"ProcessID":3224,"ThreadID":4132,"Channel":"Microsoft-Windows-Sysmon/Operational","Domain":"NT AUTHORITY","AccountName":"SYSTEM","UserID":"S-1-5-18","AccountType":"User","Message":"Image loaded:\r\nRuleName: technique_id=T1053,technique_name=Scheduled Task\r\nUtcTime: 2022-07-08 13:41:01.964\r\nProcessGuid: {3be6fa21-33e6-62c8-e400-000000001100}\r\nProcessId: 300\r\nImage: C:\\Program Files (x86)\\Microsoft\\EdgeUpdate\\MicrosoftEdgeUpdate.exe\r\nImageLoaded: C:\\Windows\\SysWOW64\\taskschd.dll\r\nFileVersion: 10.0.17763.2213 (WinBuild.160101.0800)\r\nDescription: Task Scheduler COM API\r\nProduct: Microsoft® Windows® Operating System\r\nCompany: Microsoft Corporation\r\nOriginalFileName: taskschd.dll\r\nHashes: SHA1=005D9CDAB04E6D78DAAA2202ADCBD9DD0BA4FB71,MD5=E83EEE5836D3C3B908927A3FD27B8CBE,SHA256=93D6707011CF0F42C335461F0A6A35EFFC6071AE8E53E6956EC1CF22D9D44072,IMPHASH=06229493BC90A1B3EB52DF2A096E718E\r\nSigned: true\r\nSignature: Microsoft Windows\r\nSignatureStatus: Valid\r\nUser: NT AUTHORITY\\SYSTEM","Category":"Image loaded (rule: ImageLoad)","Opcode":"Info","RuleName":"technique_id=T1053,technique_name=Scheduled Task","UtcTime":"2022-07-08 13:41:01.964","ProcessGuid":"{3be6fa21-33e6-62c8-e400-000000001100}","Image":"C:\\Program Files (x86)\\Microsoft\\EdgeUpdate\\MicrosoftEdgeUpdate.exe","ImageLoaded":"C:\\Windows\\SysWOW64\\taskschd.dll","FileVersion":"10.0.17763.2213 (WinBuild.160101.0800)","Description":"Task Scheduler COM API","Product":"Microsoft® Windows® Operating System","Company":"Microsoft Corporation","OriginalFileName":"taskschd.dll","Hashes":"SHA1=005D9CDAB04E6D78DAAA2202ADCBD9DD0BA4FB71,MD5=E83EEE5836D3C3B908927A3FD27B8CBE,SHA256=93D6707011CF0F42C335461F0A6A35EFFC6071AE8E53E6956EC1CF22D9D44072,IMPHASH=06229493BC90A1B3EB52DF2A096E718E","Signed":"true","Signature":"Microsoft Windows","SignatureStatus":"Valid","User":"NT AUTHORITY\\SYSTEM","EventReceivedTime":1657287662,"SourceModuleName":"in_sysmon","SourceModuleType":"im_msvistalog"}
<14>Jul  8 13:41:03 activedir.stackedpads.local Microsoft-Windows-Sysmon[3224]: {"EventTime":1657287663,"Hostname":"activedir.stackedpads.local","Keywords":-9223372036854775808,"EventType":"INFO","SeverityValue":2,"Severity":"INFO","EventID":7,"SourceName":"Microsoft-Windows-Sysmon","ProviderGuid":"{5770385F-C22A-43E0-BF4C-06F5698FFBD9}","Version":3,"Task":7,"OpcodeValue":0,"RecordNumber":278324,"ProcessID":3224,"ThreadID":4128,"Channel":"Microsoft-Windows-Sysmon/Operational","Domain":"NT AUTHORITY","AccountName":"SYSTEM","UserID":"S-1-5-18","AccountType":"User","Message":"Image loaded:\r\nRuleName: technique_id=T1053,technique_name=Scheduled Task\r\nUtcTime: 2022-07-08 13:41:03.547\r\nProcessGuid: {3be6fa21-33e6-62c8-e600-000000001100}\r\nProcessId: 4960\r\nImage: C:\\Program Files (x86)\\Google\\Update\\GoogleUpdate.exe\r\nImageLoaded: C:\\Windows\\SysWOW64\\taskschd.dll\r\nFileVersion: 10.0.17763.2213 (WinBuild.160101.0800)\r\nDescription: Task Scheduler COM API\r\nProduct: Microsoft® Windows® Operating System\r\nCompany: Microsoft Corporation\r\nOriginalFileName: taskschd.dll\r\nHashes: SHA1=005D9CDAB04E6D78DAAA2202ADCBD9DD0BA4FB71,MD5=E83EEE5836D3C3B908927A3FD27B8CBE,SHA256=93D6707011CF0F42C335461F0A6A35EFFC6071AE8E53E6956EC1CF22D9D44072,IMPHASH=06229493BC90A1B3EB52DF2A096E718E\r\nSigned: true\r\nSignature: Microsoft Windows\r\nSignatureStatus: Valid\r\nUser: NT AUTHORITY\\SYSTEM","Category":"Image loaded (rule: ImageLoad)","Opcode":"Info","RuleName":"technique_id=T1053,technique_name=Scheduled Task","UtcTime":"2022-07-08 13:41:03.547","ProcessGuid":"{3be6fa21-33e6-62c8-e600-000000001100}","Image":"C:\\Program Files (x86)\\Google\\Update\\GoogleUpdate.exe","ImageLoaded":"C:\\Windows\\SysWOW64\\taskschd.dll","FileVersion":"10.0.17763.2213 (WinBuild.160101.0800)","Description":"Task Scheduler COM API","Product":"Microsoft® Windows® Operating System","Company":"Microsoft Corporation","OriginalFileName":"taskschd.dll","Hashes":"SHA1=005D9CDAB04E6D78DAAA2202ADCBD9DD0BA4FB71,MD5=E83EEE5836D3C3B908927A3FD27B8CBE,SHA256=93D6707011CF0F42C335461F0A6A35EFFC6071AE8E53E6956EC1CF22D9D44072,IMPHASH=06229493BC90A1B3EB52DF2A096E718E","Signed":"true","Signature":"Microsoft Windows","SignatureStatus":"Valid","User":"NT AUTHORITY\\SYSTEM","EventReceivedTime":1657287663,"SourceModuleName":"in_sysmon","SourceModuleType":"im_msvistalog"}
<14>Jul  8 13:41:03 activedir.stackedpads.local Microsoft-Windows-Sysmon[3224]: {"EventTime":1657287662,"Hostname":"activedir.stackedpads.local","Keywords":-9223372036854775808,"EventType":"INFO","SeverityValue":2,"Severity":"INFO","EventID":7,"SourceName":"Microsoft-Windows-Sysmon","ProviderGuid":"{5770385F-C22A-43E0-BF4C-06F5698FFBD9}","Version":3,"Task":7,"OpcodeValue":0,"RecordNumber":278320,"ProcessID":3224,"ThreadID":4132,"Channel":"Microsoft-Windows-Sysmon/Operational","Domain":"NT AUTHORITY","AccountName":"SYSTEM","UserID":"S-1-5-18","AccountType":"User","Message":"Image loaded:\r\nRuleName: technique_id=T1059.001,technique_name=PowerShell\r\nUtcTime: 2022-07-08 13:41:02.541\r\nProcessGuid: {3be6fa21-33ec-62c8-f600-000000001100}\r\nProcessId: 1924\r\nImage: C:\\Windows\\System32\\ServerManager.exe\r\nImageLoaded: C:\\Windows\\assembly\\NativeImages_v4.0.30319_64\\System.Manaa57fc8cc#\\9b751b5e96c4ccd9c592ef7cbd6e40d5\\System.Management.Automation.ni.dll\r\nFileVersion: 10.0.17763.2931\r\nDescription: System.Management.Automation\r\nProduct: Microsoft (R) Windows (R) Operating System\r\nCompany: Microsoft Corporation\r\nOriginalFileName: System.Management.Automation.dll\r\nHashes: SHA1=0741B0E4C4011E00394A72B99753715D119BC245,MD5=F10E98337281A49D37730F5CBDDA1F01,SHA256=E595C5C903465F118749DF790A8396A52C01D6F38573DC481ED52BB84502F9F0,IMPHASH=00000000000000000000000000000000\r\nSigned: false\r\nSignature: -\r\nSignatureStatus: Unavailable\r\nUser: STACKEDPADS\\frank.kolzig","Category":"Image loaded (rule: ImageLoad)","Opcode":"Info","RuleName":"technique_id=T1059.001,technique_name=PowerShell","UtcTime":"2022-07-08 13:41:02.541","ProcessGuid":"{3be6fa21-33ec-62c8-f600-000000001100}","Image":"C:\\Windows\\System32\\ServerManager.exe","ImageLoaded":"C:\\Windows\\assembly\\NativeImages_v4.0.30319_64\\System.Manaa57fc8cc#\\9b751b5e96c4ccd9c592ef7cbd6e40d5\\System.Management.Automation.ni.dll","FileVersion":"10.0.17763.2931","Description":"System.Management.Automation","Product":"Microsoft (R) Windows (R) Operating System","Company":"Microsoft Corporation","OriginalFileName":"System.Management.Automation.dll","Hashes":"SHA1=0741B0E4C4011E00394A72B99753715D119BC245,MD5=F10E98337281A49D37730F5CBDDA1F01,SHA256=E595C5C903465F118749DF790A8396A52C01D6F38573DC481ED52BB84502F9F0,IMPHASH=00000000000000000000000000000000","Signed":"false","Signature":"-","SignatureStatus":"Unavailable","User":"STACKEDPADS\\frank.kolzig","EventReceivedTime":1657287663,"SourceModuleName":"in_sysmon","SourceModuleType":"im_msvistalog"}
<14>Jul  8 13:41:03 activedir.stackedpads.local Microsoft-Windows-Sysmon[3224]: {"EventTime":1657287662,"Hostname":"activedir.stackedpads.local","Keywords":-9223372036854775808,"EventType":"INFO","SeverityValue":2,"Severity":"INFO","EventID":1,"SourceName":"Microsoft-Windows-Sysmon","ProviderGuid":"{5770385F-C22A-43E0-BF4C-06F5698FFBD9}","Version":5,"Task":1,"OpcodeValue":0,"RecordNumber":278319,"ProcessID":3224,"ThreadID":4128,"Channel":"Microsoft-Windows-Sysmon/Operational","Domain":"NT AUTHORITY","AccountName":"SYSTEM","UserID":"S-1-5-18","AccountType":"User","Message":"Process Create:\r\nRuleName: technique_id=T1047,technique_name=Windows Management Instrumentation\r\nUtcTime: 2022-07-08 13:41:02.839\r\nProcessGuid: {3be6fa21-33ee-62c8-fa00-000000001100}\r\nProcessId: 7148\r\nImage: C:\\Windows\\System32\\wbem\\WmiPrvSE.exe\r\nFileVersion: 10.0.17763.1 (WinBuild.160101.0800)\r\nDescription: WMI Provider Host\r\nProduct: Microsoft® Windows® Operating System\r\nCompany: Microsoft Corporation\r\nOriginalFileName: Wmiprvse.exe\r\nCommandLine: C:\\Windows\\system32\\wbem\\wmiprvse.exe -secured -Embedding\r\nCurrentDirectory: C:\\Windows\\system32\\\r\nUser: NT AUTHORITY\\NETWORK SERVICE\r\nLogonGuid: {3be6fa21-31c6-62c8-e403-000000000000}\r\nLogonId: 0x3E4\r\nTerminalSessionId: 0\r\nIntegrityLevel: System\r\nHashes: SHA1=67C25C8F28B5FA7F5BAA85BF1D2726AED48E9CF0,MD5=06C66FF5CCDC2D22344A3EB761A4D38A,SHA256=B5C78BEF3883E3099F7EF844DA1446DB29107E5C0223B97F29E7FAFAB5527F15,IMPHASH=CFECEDC01015A4FD1BAACAC9E592D88B\r\nParentProcessGuid: {3be6fa21-31c6-62c8-0e00-000000001100}\r\nParentProcessId: 872\r\nParentImage: C:\\Windows\\System32\\svchost.exe\r\nParentCommandLine: C:\\Windows\\system32\\svchost.exe -k DcomLaunch -p\r\nParentUser: NT AUTHORITY\\SYSTEM","Category":"Process Create (rule: ProcessCreate)","Opcode":"Info","RuleName":"technique_id=T1047,technique_name=Windows Management Instrumentation","UtcTime":"2022-07-08 13:41:02.839","ProcessGuid":"{3be6fa21-33ee-62c8-fa00-000000001100}","Image":"C:\\Windows\\System32\\wbem\\WmiPrvSE.exe","FileVersion":"10.0.17763.1 (WinBuild.160101.0800)","Description":"WMI Provider Host","Product":"Microsoft® Windows® Operating System","Company":"Microsoft Corporation","OriginalFileName":"Wmiprvse.exe","CommandLine":"C:\\Windows\\system32\\wbem\\wmiprvse.exe -secured -Embedding","CurrentDirectory":"C:\\Windows\\system32\\","User":"NT AUTHORITY\\NETWORK SERVICE","LogonGuid":"{3be6fa21-31c6-62c8-e403-000000000000}","LogonId":"0x3e4","TerminalSessionId":"0","IntegrityLevel":"System","Hashes":"SHA1=67C25C8F28B5FA7F5BAA85BF1D2726AED48E9CF0,MD5=06C66FF5CCDC2D22344A3EB761A4D38A,SHA256=B5C78BEF3883E3099F7EF844DA1446DB29107E5C0223B97F29E7FAFAB5527F15,IMPHASH=CFECEDC01015A4FD1BAACAC9E592D88B","ParentProcessGuid":"{3be6fa21-31c6-62c8-0e00-000000001100}","ParentProcessId":"872","ParentImage":"C:\\Windows\\System32\\svchost.exe","ParentCommandLine":"C:\\Windows\\system32\\svchost.exe -k DcomLaunch -p","ParentUser":"NT AUTHORITY\\SYSTEM","EventReceivedTime":1657287663,"SourceModuleName":"in_sysmon","SourceModuleType":"im_msvistalog"}
<14>Jul  8 13:41:03 activedir.stackedpads.local Microsoft-Windows-Sysmon[3224]: {"EventTime":1657287663,"Hostname":"activedir.stackedpads.local","Keywords":-9223372036854775808,"EventType":"INFO","SeverityValue":2,"Severity":"INFO","EventID":1,"SourceName":"Microsoft-Windows-Sysmon","ProviderGuid":"{5770385F-C22A-43E0-BF4C-06F5698FFBD9}","Version":5,"Task":1,"OpcodeValue":0,"RecordNumber":278322,"ProcessID":3224,"ThreadID":4128,"Channel":"Microsoft-Windows-Sysmon/Operational","Domain":"NT AUTHORITY","AccountName":"SYSTEM","UserID":"S-1-5-18","AccountType":"User","Message":"Process Create:\r\nRuleName: technique_id=T1047,technique_name=Windows Management Instrumentation\r\nUtcTime: 2022-07-08 13:41:03.213\r\nProcessGuid: {3be6fa21-33ef-62c8-fb00-000000001100}\r\nProcessId: 5792\r\nImage: C:\\Windows\\System32\\wbem\\WmiPrvSE.exe\r\nFileVersion: 10.0.17763.1 (WinBuild.160101.0800)\r\nDescription: WMI Provider Host\r\nProduct: Microsoft® Windows® Operating System\r\nCompany: Microsoft Corporation\r\nOriginalFileName: Wmiprvse.exe\r\nCommandLine: C:\\Windows\\system32\\wbem\\wmiprvse.exe -secured -Embedding\r\nCurrentDirectory: C:\\Windows\\system32\\\r\nUser: NT AUTHORITY\\LOCAL SERVICE\r\nLogonGuid: {3be6fa21-31c6-62c8-e503-000000000000}\r\nLogonId: 0x3E5\r\nTerminalSessionId: 0\r\nIntegrityLevel: System\r\nHashes: SHA1=67C25C8F28B5FA7F5BAA85BF1D2726AED48E9CF0,MD5=06C66FF5CCDC2D22344A3EB761A4D38A,SHA256=B5C78BEF3883E3099F7EF844DA1446DB29107E5C0223B97F29E7FAFAB5527F15,IMPHASH=CFECEDC01015A4FD1BAACAC9E592D88B\r\nParentProcessGuid: {3be6fa21-31c6-62c8-0e00-000000001100}\r\nParentProcessId: 872\r\nParentImage: C:\\Windows\\System32\\svchost.exe\r\nParentCommandLine: C:\\Windows\\system32\\svchost.exe -k DcomLaunch -p\r\nParentUser: NT AUTHORITY\\SYSTEM","Category":"Process Create (rule: ProcessCreate)","Opcode":"Info","RuleName":"technique_id=T1047,technique_name=Windows Management Instrumentation","UtcTime":"2022-07-08 13:41:03.213","ProcessGuid":"{3be6fa21-33ef-62c8-fb00-000000001100}","Image":"C:\\Windows\\System32\\wbem\\WmiPrvSE.exe","FileVersion":"10.0.17763.1 (WinBuild.160101.0800)","Description":"WMI Provider Host","Product":"Microsoft® Windows® Operating System","Company":"Microsoft Corporation","OriginalFileName":"Wmiprvse.exe","CommandLine":"C:\\Windows\\system32\\wbem\\wmiprvse.exe -secured -Embedding","CurrentDirectory":"C:\\Windows\\system32\\","User":"NT AUTHORITY\\LOCAL SERVICE","LogonGuid":"{3be6fa21-31c6-62c8-e503-000000000000}","LogonId":"0x3e5","TerminalSessionId":"0","IntegrityLevel":"System","Hashes":"SHA1=67C25C8F28B5FA7F5BAA85BF1D2726AED48E9CF0,MD5=06C66FF5CCDC2D22344A3EB761A4D38A,SHA256=B5C78BEF3883E3099F7EF844DA1446DB29107E5C0223B97F29E7FAFAB5527F15,IMPHASH=CFECEDC01015A4FD1BAACAC9E592D88B","ParentProcessGuid":"{3be6fa21-31c6-62c8-0e00-000000001100}","ParentProcessId":"872","ParentImage":"C:\\Windows\\System32\\svchost.exe","ParentCommandLine":"C:\\Windows\\system32\\svchost.exe -k DcomLaunch -p","ParentUser":"NT AUTHORITY\\SYSTEM","EventReceivedTime":1657287663,"SourceModuleName":"in_sysmon","SourceModuleType":"im_msvistalog"}
