<14>Jul  8 13:40:54 activedir.stackedpads.local Microsoft-Windows-Sysmon[3224]: {"EventTime":1657287652,"Hostname":"activedir.stackedpads.local","Keywords":-9223372036854775808,"EventType":"INFO","SeverityValue":2,"Severity":"INFO","EventID":13,"SourceName":"Microsoft-Windows-Sysmon","ProviderGuid":"{5770385F-C22A-43E0-BF4C-06F5698FFBD9}","Version":2,"Task":13,"OpcodeValue":0,"RecordNumber":278133,"ProcessID":3224,"ThreadID":4128,"Channel":"Microsoft-Windows-Sysmon/Operational","Domain":"NT AUTHORITY","AccountName":"SYSTEM","UserID":"S-1-5-18","AccountType":"User","Message":"Registry value set:\r\nRuleName: technique_id=T1543,technique_name=Service Creation\r\nEventType: SetValue\r\nUtcTime: 2022-07-08 13:40:52.815\r\nProcessGuid: {3be6fa21-31c6-62c8-1f00-000000001100}\r\nProcessId: 1344\r\nImage: C:\\Windows\\system32\\svchost.exe\r\nTargetObject: HKLM\\System\\CurrentControlSet\\Services\\SharedAccess\\Epoch\\Epoch\r\nDetails: DWORD (0x000001b6)\r\nUser: NT AUTHORITY\\LOCAL SERVICE","Category":"Registry value set (rule: RegistryEvent)","Opcode":"Info","RuleName":"technique_id=T1543,technique_name=Service Creation","UtcTime":"2022-07-08 13:40:52.815","ProcessGuid":"{3be6fa21-31c6-62c8-1f00-000000001100}","Image":"C:\\Windows\\system32\\svchost.exe","TargetObject":"HKLM\\System\\CurrentControlSet\\Services\\SharedAccess\\Epoch\\Epoch","Details":"DWORD (0x000001b6)","User":"NT AUTHORITY\\LOCAL SERVICE","EventReceivedTime":1657287654,"SourceModuleName":"in_sysmon","SourceModuleType":"im_msvistalog"}
<14>Jul  8 13:40:54 activedir.stackedpads.local Microsoft-Windows-Sysmon[3224]: {"EventTime":1657287652,"Hostname":"activedir.stackedpads.local","Keywords":-9223372036854775808,"EventType":"INFO","SeverityValue":2,"Severity":"INFO","EventID":13,"SourceName":"Microsoft-Windows-Sysmon","ProviderGuid":"{5770385F-C22A-43E0-BF4C-06F5698FFBD9}","Version":2,"Task":13,"OpcodeValue":0,"RecordNumber":278135,"ProcessID":3224,"ThreadID":4128,"Channel":"Microsoft-Windows-Sysmon/Operational","Domain":"NT AUTHORITY","AccountName":"SYSTEM","UserID":"S-1-5-18","AccountType":"User","Message":"Registry value set:\r\nRuleName: technique_id=T1543,technique_name=Service Creation\r\nEventType: SetValue\r\nUtcTime: 2022-07-08 13:40:52.815\r\nProcessGuid: {3be6fa21-31c6-62c8-1f00-000000001100}\r\nProcessId: 1344\r\nImage: C:\\Windows\\system32\\svchost.exe\r\nTargetObject: HKLM\\System\\CurrentControlSet\\Services\\SharedAccess\\Epoch\\Epoch\r\nDetails: DWORD (0x000001b7)\r\nUser: NT AUTHORITY\\LOCAL SERVICE","Category":"Registry value set (rule: RegistryEvent)","Opcode":"Info","RuleName":"technique_id=T1543,technique_name=Service Creation","UtcTime":"2022-07-08 13:40:52.815","ProcessGuid":"{3be6fa21-31c6-62c8-1f00-000000001100}","Image":"C:\\Windows\\system32\\svchost.exe","TargetObject":"HKLM\\System\\CurrentControlSet\\Services\\SharedAccess\\Epoch\\Epoch","Details":"DWORD (0x000001b7)","User":"NT AUTHORITY\\LOCAL SERVICE","EventReceivedTime":1657287654,"SourceModuleName":"in_sysmon","SourceModuleType":"im_msvistalog"}
<14>Jul  8 13:40:54 activedir.stackedpads.local Microsoft-Windows-Sysmon[3224]: {"EventTime":1657287652,"Hostname":"activedir.stackedpads.local","Keywords":-9223372036854775808,"EventType":"INFO","SeverityValue":2,"Severity":"INFO","EventID":12,"SourceName":"Microsoft-Windows-Sysmon","ProviderGuid":"{5770385F-C22A-43E0-BF4C-06F5698FFBD9}","Version":2,"Task":12,"OpcodeValue":0,"RecordNumber":278132,"ProcessID":3224,"ThreadID":4128,"Channel":"Microsoft-Windows-Sysmon/Operational","Domain":"NT AUTHORITY","AccountName":"SYSTEM","UserID":"S-1-5-18","AccountType":"User","Message":"Registry object added or deleted:\r\nRuleName: technique_id=T1543,technique_name=Service Creation\r\nEventType: DeleteValue\r\nUtcTime: 2022-07-08 13:40:52.815\r\nProcessGuid: {3be6fa21-31c6-62c8-1f00-000000001100}\r\nProcessId: 1344\r\nImage: C:\\Windows\\system32\\svchost.exe\r\nTargetObject: HKLM\\System\\CurrentControlSet\\Services\\SharedAccess\\Parameters\\FirewallPolicy\\RestrictedServices\\AppIso\\FirewallRules\\{D5B93D53-C074-42F1-A719-752DEAF1246B}\r\nUser: NT AUTHORITY\\LOCAL SERVICE","Category":"Registry object added or deleted (rule: RegistryEvent)","Opcode":"Info","RuleName":"technique_id=T1543,technique_name=Service Creation","UtcTime":"2022-07-08 13:40:52.815","ProcessGuid":"{3be6fa21-31c6-62c8-1f00-000000001100}","Image":"C:\\Windows\\system32\\svchost.exe","TargetObject":"HKLM\\System\\CurrentControlSet\\Services\\SharedAccess\\Parameters\\FirewallPolicy\\RestrictedServices\\AppIso\\FirewallRules\\{D5B93D53-C074-42F1-A719-752DEAF1246B}","User":"NT AUTHORITY\\LOCAL SERVICE","EventReceivedTime":1657287654,"SourceModuleName":"in_sysmon","SourceModuleType":"im_msvistalog"}
<14>Jul  8 13:40:54 activedir.stackedpads.local Microsoft-Windows-Sysmon[3224]: {"EventTime":1657287652,"Hostname":"activedir.stackedpads.local","Keywords":-9223372036854775808,"EventType":"INFO","SeverityValue":2,"Severity":"INFO","EventID":13,"SourceName":"Microsoft-Windows-Sysmon","ProviderGuid":"{5770385F-C22A-43E0-BF4C-06F5698FFBD9}","Version":2,"Task":13,"OpcodeValue":0,"RecordNumber":278140,"ProcessID":3224,"ThreadID":4128,"Channel":"Microsoft-Windows-Sysmon/Operational","Domain":"NT AUTHORITY","AccountName":"SYSTEM","UserID":"S-1-5-18","AccountType":"User","Message":"Registry value set:\r\nRuleName: technique_id=T1543,technique_name=Service Creation\r\nEventType: SetValue\r\nUtcTime: 2022-07-08 13:40:52.815\r\nProcessGuid: {3be6fa21-31c6-62c8-1f00-000000001100}\r\nProcessId: 1344\r\nImage: C:\\Windows\\system32\\svchost.exe\r\nTargetObject: HKLM\\System\\CurrentControlSet\\Services\\SharedAccess\\Parameters\\FirewallPolicy\\RestrictedServices\\AppIso\\FirewallRules\\{674DE4B1-3A04-4AF8-90C1-78353089B28E}\r\nDetails: v2.29|Action=Block|Active=TRUE|Dir=Out|Name=Usermode Font Driver Host|Desc=Usermode Font Driver Host|LUOwn=S-1-5-18|AppPkgId=S-1-15-2-95739096-486727260-2033287795-3853587803-1685597119-444378811-2746676523|EmbedCtxt=Usermode Font Driver Host|\r\nUser: NT AUTHORITY\\LOCAL SERVICE","Category":"Registry value set (rule: RegistryEvent)","Opcode":"Info","RuleName":"technique_id=T1543,technique_name=Service Creation","UtcTime":"2022-07-08 13:40:52.815","ProcessGuid":"{3be6fa21-31c6-62c8-1f00-000000001100}","Image":"C:\\Windows\\system32\\svchost.exe","TargetObject":"HKLM\\System\\CurrentControlSet\\Services\\SharedAccess\\Parameters\\FirewallPolicy\\RestrictedServices\\AppIso\\FirewallRules\\{674DE4B1-3A04-4AF8-90C1-78353089B28E}","Details":"v2.29|Action=Block|Active=TRUE|Dir=Out|Name=Usermode Font Driver Host|Desc=Usermode Font Driver Host|LUOwn=S-1-5-18|AppPkgId=S-1-15-2-95739096-486727260-2033287795-3853587803-1685597119-444378811-2746676523|EmbedCtxt=Usermode Font Driver Host|","User":"NT AUTHORITY\\LOCAL SERVICE","EventReceivedTime":1657287654,"SourceModuleName":"in_sysmon","SourceModuleType":"im_msvistalog"}
<14>Jul  8 13:40:54 activedir.stackedpads.local Microsoft-Windows-Sysmon[3224]: {"EventTime":1657287652,"Hostname":"activedir.stackedpads.local","Keywords":-9223372036854775808,"EventType":"INFO","SeverityValue":2,"Severity":"INFO","EventID":12,"SourceName":"Microsoft-Windows-Sysmon","ProviderGuid":"{5770385F-C22A-43E0-BF4C-06F5698FFBD9}","Version":2,"Task":12,"OpcodeValue":0,"RecordNumber":278136,"ProcessID":3224,"ThreadID":4128,"Channel":"Microsoft-Windows-Sysmon/Operational","Domain":"NT AUTHORITY","AccountName":"SYSTEM","UserID":"S-1-5-18","AccountType":"User","Message":"Registry object added or deleted:\r\nRuleName: technique_id=T1543,technique_name=Service Creation\r\nEventType: DeleteValue\r\nUtcTime: 2022-07-08 13:40:52.815\r\nProcessGuid: {3be6fa21-31c6-62c8-1f00-000000001100}\r\nProcessId: 1344\r\nImage: C:\\Windows\\system32\\svchost.exe\r\nTargetObject: HKLM\\System\\CurrentControlSet\\Services\\mpssvc\\Parameters\\AppCs\\AppCs\\S-1-15-2-95739096-486727260-2033287795-3853587803-1685597119-444378811-2746676523S-1-5-18\r\nUser: NT AUTHORITY\\LOCAL SERVICE","Category":"Registry object added or deleted (rule: RegistryEvent)","Opcode":"Info","RuleName":"technique_id=T1543,technique_name=Service Creation","UtcTime":"2022-07-08 13:40:52.815","ProcessGuid":"{3be6fa21-31c6-62c8-1f00-000000001100}","Image":"C:\\Windows\\system32\\svchost.exe","TargetObject":"HKLM\\System\\CurrentControlSet\\Services\\mpssvc\\Parameters\\AppCs\\AppCs\\S-1-15-2-95739096-486727260-2033287795-3853587803-1685597119-444378811-2746676523S-1-5-18","User":"NT AUTHORITY\\LOCAL SERVICE","EventReceivedTime":1657287654,"SourceModuleName":"in_sysmon","SourceModuleType":"im_msvistalog"}
<14>Jul  8 13:40:54 activedir.stackedpads.local Microsoft-Windows-Sysmon[3224]: {"EventTime":1657287652,"Hostname":"activedir.stackedpads.local","Keywords":-9223372036854775808,"EventType":"INFO","SeverityValue":2,"Severity":"INFO","EventID":12,"SourceName":"Microsoft-Windows-Sysmon","ProviderGuid":"{5770385F-C22A-43E0-BF4C-06F5698FFBD9}","Version":2,"Task":12,"OpcodeValue":0,"RecordNumber":278137,"ProcessID":3224,"ThreadID":4128,"Channel":"Microsoft-Windows-Sysmon/Operational","Domain":"NT AUTHORITY","AccountName":"SYSTEM","UserID":"S-1-5-18","AccountType":"User","Message":"Registry object added or deleted:\r\nRuleName: technique_id=T1543,technique_name=Service Creation\r\nEventType: CreateKey\r\nUtcTime: 2022-07-08 13:40:52.815\r\nProcessGuid: {3be6fa21-31c6-62c8-1f00-000000001100}\r\nProcessId: 1344\r\nImage: C:\\Windows\\system32\\svchost.exe\r\nTargetObject: HKLM\\System\\CurrentControlSet\\Services\\SharedAccess\\Parameters\\FirewallPolicy\\RestrictedServices\\AppIso\\FirewallRules\r\nUser: NT AUTHORITY\\LOCAL SERVICE","Category":"Registry object added or deleted (rule: RegistryEvent)","Opcode":"Info","RuleName":"technique_id=T1543,technique_name=Service Creation","UtcTime":"2022-07-08 13:40:52.815","ProcessGuid":"{3be6fa21-31c6-62c8-1f00-000000001100}","Image":"C:\\Windows\\system32\\svchost.exe","TargetObject":"HKLM\\System\\CurrentControlSet\\Services\\SharedAccess\\Parameters\\FirewallPolicy\\RestrictedServices\\AppIso\\FirewallRules","User":"NT AUTHORITY\\LOCAL SERVICE","EventReceivedTime":1657287654,"SourceModuleName":"in_sysmon","SourceModuleType":"im_msvistalog"}
<14>Jul  8 13:40:54 activedir.stackedpads.local Microsoft-Windows-Sysmon[3224]: {"EventTime":1657287652,"Hostname":"activedir.stackedpads.local","Keywords":-9223372036854775808,"EventType":"INFO","SeverityValue":2,"Severity":"INFO","EventID":12,"SourceName":"Microsoft-Windows-Sysmon","ProviderGuid":"{5770385F-C22A-43E0-BF4C-06F5698FFBD9}","Version":2,"Task":12,"OpcodeValue":0,"RecordNumber":278139,"ProcessID":3224,"ThreadID":4128,"Channel":"Microsoft-Windows-Sysmon/Operational","Domain":"NT AUTHORITY","AccountName":"SYSTEM","UserID":"S-1-5-18","AccountType":"User","Message":"Registry object added or deleted:\r\nRuleName: technique_id=T1543,technique_name=Service Creation\r\nEventType: CreateKey\r\nUtcTime: 2022-07-08 13:40:52.815\r\nProcessGuid: {3be6fa21-31c6-62c8-1f00-000000001100}\r\nProcessId: 1344\r\nImage: C:\\Windows\\system32\\svchost.exe\r\nTargetObject: HKLM\\System\\CurrentControlSet\\Services\\SharedAccess\\Parameters\\FirewallPolicy\\RestrictedServices\\AppIso\\FirewallRules\r\nUser: NT AUTHORITY\\LOCAL SERVICE","Category":"Registry object added or deleted (rule: RegistryEvent)","Opcode":"Info","RuleName":"technique_id=T1543,technique_name=Service Creation","UtcTime":"2022-07-08 13:40:52.815","ProcessGuid":"{3be6fa21-31c6-62c8-1f00-000000001100}","Image":"C:\\Windows\\system32\\svchost.exe","TargetObject":"HKLM\\System\\CurrentControlSet\\Services\\SharedAccess\\Parameters\\FirewallPolicy\\RestrictedServices\\AppIso\\FirewallRules","User":"NT AUTHORITY\\LOCAL SERVICE","EventReceivedTime":1657287654,"SourceModuleName":"in_sysmon","SourceModuleType":"im_msvistalog"}
<14>Jul  8 13:40:54 activedir.stackedpads.local Microsoft-Windows-Sysmon[3224]: {"EventTime":1657287652,"Hostname":"activedir.stackedpads.local","Keywords":-9223372036854775808,"EventType":"INFO","SeverityValue":2,"Severity":"INFO","EventID":13,"SourceName":"Microsoft-Windows-Sysmon","ProviderGuid":"{5770385F-C22A-43E0-BF4C-06F5698FFBD9}","Version":2,"Task":13,"OpcodeValue":0,"RecordNumber":278141,"ProcessID":3224,"ThreadID":4128,"Channel":"Microsoft-Windows-Sysmon/Operational","Domain":"NT AUTHORITY","AccountName":"SYSTEM","UserID":"S-1-5-18","AccountType":"User","Message":"Registry value set:\r\nRuleName: technique_id=T1543,technique_name=Service Creation\r\nEventType: SetValue\r\nUtcTime: 2022-07-08 13:40:52.815\r\nProcessGuid: {3be6fa21-33e4-62c8-d800-000000001100}\r\nProcessId: 5928\r\nImage: C:\\Windows\\system32\\winlogon.exe\r\nTargetObject: HKLM\\System\\CurrentControlSet\\Services\\bam\\State\\UserSettings\\S-1-5-90-0-3\\\\Device\\HarddiskVolume3\\Windows\\System32\\dwm.exe\r\nDetails: Binary Data\r\nUser: NT AUTHORITY\\SYSTEM","Category":"Registry value set (rule: RegistryEvent)","Opcode":"Info","RuleName":"technique_id=T1543,technique_name=Service Creation","UtcTime":"2022-07-08 13:40:52.815","ProcessGuid":"{3be6fa21-33e4-62c8-d800-000000001100}","Image":"C:\\Windows\\system32\\winlogon.exe","TargetObject":"HKLM\\System\\CurrentControlSet\\Services\\bam\\State\\UserSettings\\S-1-5-90-0-3\\\\Device\\HarddiskVolume3\\Windows\\System32\\dwm.exe","Details":"Binary Data","User":"NT AUTHORITY\\SYSTEM","EventReceivedTime":1657287654,"SourceModuleName":"in_sysmon","SourceModuleType":"im_msvistalog"}
<14>Jul  8 13:40:54 activedir.stackedpads.local Microsoft-Windows-Sysmon[3224]: {"EventTime":1657287652,"Hostname":"activedir.stackedpads.local","Keywords":-9223372036854775808,"EventType":"INFO","SeverityValue":2,"Severity":"INFO","EventID":12,"SourceName":"Microsoft-Windows-Sysmon","ProviderGuid":"{5770385F-C22A-43E0-BF4C-06F5698FFBD9}","Version":2,"Task":12,"OpcodeValue":0,"RecordNumber":278144,"ProcessID":3224,"ThreadID":4128,"Channel":"Microsoft-Windows-Sysmon/Operational","Domain":"NT AUTHORITY","AccountName":"SYSTEM","UserID":"S-1-5-18","AccountType":"User","Message":"Registry object added or deleted:\r\nRuleName: technique_id=T1543,technique_name=Service Creation\r\nEventType: CreateKey\r\nUtcTime: 2022-07-08 13:40:52.831\r\nProcessGuid: {3be6fa21-31c8-62c8-3e00-000000001100}\r\nProcessId: 2768\r\nImage: C:\\Windows\\system32\\svchost.exe\r\nTargetObject: HKLM\\System\\CurrentControlSet\\Services\\SharedAccess\\Epoch\r\nUser: NT AUTHORITY\\NETWORK SERVICE","Category":"Registry object added or deleted (rule: RegistryEvent)","Opcode":"Info","RuleName":"technique_id=T1543,technique_name=Service Creation","UtcTime":"2022-07-08 13:40:52.831","ProcessGuid":"{3be6fa21-31c8-62c8-3e00-000000001100}","Image":"C:\\Windows\\system32\\svchost.exe","TargetObject":"HKLM\\System\\CurrentControlSet\\Services\\SharedAccess\\Epoch","User":"NT AUTHORITY\\NETWORK SERVICE","EventReceivedTime":1657287654,"SourceModuleName":"in_sysmon","SourceModuleType":"im_msvistalog"}
<14>Jul  8 13:40:54 activedir.stackedpads.local Microsoft-Windows-Sysmon[3224]: {"EventTime":1657287652,"Hostname":"activedir.stackedpads.local","Keywords":-9223372036854775808,"EventType":"INFO","SeverityValue":2,"Severity":"INFO","EventID":12,"SourceName":"Microsoft-Windows-Sysmon","ProviderGuid":"{5770385F-C22A-43E0-BF4C-06F5698FFBD9}","Version":2,"Task":12,"OpcodeValue":0,"RecordNumber":278145,"ProcessID":3224,"ThreadID":4128,"Channel":"Microsoft-Windows-Sysmon/Operational","Domain":"NT AUTHORITY","AccountName":"SYSTEM","UserID":"S-1-5-18","AccountType":"User","Message":"Registry object added or deleted:\r\nRuleName: technique_id=T1543,technique_name=Service Creation\r\nEventType: CreateKey\r\nUtcTime: 2022-07-08 13:40:52.831\r\nProcessGuid: {3be6fa21-31c8-62c8-3900-000000001100}\r\nProcessId: 2568\r\nImage: C:\\Windows\\system32\\svchost.exe\r\nTargetObject: HKLM\\System\\CurrentControlSet\\Services\\SharedAccess\\Epoch\r\nUser: NT AUTHORITY\\LOCAL SERVICE","Category":"Registry object added or deleted (rule: RegistryEvent)","Opcode":"Info","RuleName":"technique_id=T1543,technique_name=Service Creation","UtcTime":"2022-07-08 13:40:52.831","ProcessGuid":"{3be6fa21-31c8-62c8-3900-000000001100}","Image":"C:\\Windows\\system32\\svchost.exe","TargetObject":"HKLM\\System\\CurrentControlSet\\Services\\SharedAccess\\Epoch","User":"NT AUTHORITY\\LOCAL SERVICE","EventReceivedTime":1657287654,"SourceModuleName":"in_sysmon","SourceModuleType":"im_msvistalog"}
<14>Jul  8 13:40:54 activedir.stackedpads.local Microsoft-Windows-Sysmon[3224]: {"EventTime":1657287653,"Hostname":"activedir.stackedpads.local","Keywords":-9223372036854775808,"EventType":"INFO","SeverityValue":2,"Severity":"INFO","EventID":7,"SourceName":"Microsoft-Windows-Sysmon","ProviderGuid":"{5770385F-C22A-43E0-BF4C-06F5698FFBD9}","Version":3,"Task":7,"OpcodeValue":0,"RecordNumber":278146,"ProcessID":3224,"ThreadID":4128,"Channel":"Microsoft-Windows-Sysmon/Operational","Domain":"NT AUTHORITY","AccountName":"SYSTEM","UserID":"S-1-5-18","AccountType":"User","Message":"Image loaded:\r\nRuleName: -\r\nUtcTime: 2022-07-08 13:40:53.300\r\nProcessGuid: {3be6fa21-33e4-62c8-d900-000000001100}\r\nProcessId: 5168\r\nImage: C:\\Windows\\System32\\LogonUI.exe\r\nImageLoaded: C:\\Windows\\System32\\urlmon.dll\r\nFileVersion: 11.00.17763.2989 (WinBuild.160101.0800)\r\nDescription: OLE32 Extensions for Win32\r\nProduct: Internet Explorer\r\nCompany: Microsoft Corporation\r\nOriginalFileName: UrlMon.dll\r\nHashes: SHA1=3405711CBD9F95E52D169FFDC291D9241AC26EE6,MD5=A8B176D8B94D7B36B6DE11B888BC2FFB,SHA256=7E2D45F13D79F2DC5FFFA2FE9A111AF51EC5FC45B7FCC3E56B9B5B75170B8B5D,IMPHASH=1A25F56E88192012CEA344CDE7EF7FF2\r\nSigned: true\r\nSignature: Microsoft Windows\r\nSignatureStatus: Valid\r\nUser: NT AUTHORITY\\SYSTEM","Category":"Image loaded (rule: ImageLoad)","Opcode":"Info","RuleName":"-","UtcTime":"2022-07-08 13:40:53.300","ProcessGuid":"{3be6fa21-33e4-62c8-d900-000000001100}","Image":"C:\\Windows\\System32\\LogonUI.exe","ImageLoaded":"C:\\Windows\\System32\\urlmon.dll","FileVersion":"11.00.17763.2989 (WinBuild.160101.0800)","Description":"OLE32 Extensions for Win32","Product":"Internet Explorer","Company":"Microsoft Corporation","OriginalFileName":"UrlMon.dll","Hashes":"SHA1=3405711CBD9F95E52D169FFDC291D9241AC26EE6,MD5=A8B176D8B94D7B36B6DE11B888BC2FFB,SHA256=7E2D45F13D79F2DC5FFFA2FE9A111AF51EC5FC45B7FCC3E56B9B5B75170B8B5D,IMPHASH=1A25F56E88192012CEA344CDE7EF7FF2","Signed":"true","Signature":"Microsoft Windows","SignatureStatus":"Valid","User":"NT AUTHORITY\\SYSTEM","EventReceivedTime":1657287654,"SourceModuleName":"in_sysmon","SourceModuleType":"im_msvistalog"}
<14>Jul  8 13:40:56 activedir.stackedpads.local Microsoft-Windows-Sysmon[3224]: {"EventTime":1657287654,"Hostname":"activedir.stackedpads.local","Keywords":-9223372036854775808,"EventType":"INFO","SeverityValue":2,"Severity":"INFO","EventID":7,"SourceName":"Microsoft-Windows-Sysmon","ProviderGuid":"{5770385F-C22A-43E0-BF4C-06F5698FFBD9}","Version":3,"Task":7,"OpcodeValue":0,"RecordNumber":278288,"ProcessID":3224,"ThreadID":4128,"Channel":"Microsoft-Windows-Sysmon/Operational","Domain":"NT AUTHORITY","AccountName":"SYSTEM","UserID":"S-1-5-18","AccountType":"User","Message":"Image loaded:\r\nRuleName: -\r\nUtcTime: 2022-07-08 13:40:54.784\r\nProcessGuid: {3be6fa21-33e6-62c8-e100-000000001100}\r\nProcessId: 4512\r\nImage: C:\\Windows\\System32\\svchost.exe\r\nImageLoaded: C:\\Windows\\System32\\urlmon.dll\r\nFileVersion: 11.00.17763.2989 (WinBuild.160101.0800)\r\nDescription: OLE32 Extensions for Win32\r\nProduct: Internet Explorer\r\nCompany: Microsoft Corporation\r\nOriginalFileName: UrlMon.dll\r\nHashes: SHA1=3405711CBD9F95E52D169FFDC291D9241AC26EE6,MD5=A8B176D8B94D7B36B6DE11B888BC2FFB,SHA256=7E2D45F13D79F2DC5FFFA2FE9A111AF51EC5FC45B7FCC3E56B9B5B75170B8B5D,IMPHASH=1A25F56E88192012CEA344CDE7EF7FF2\r\nSigned: true\r\nSignature: Microsoft Windows\r\nSignatureStatus: Valid\r\nUser: STACKEDPADS\\frank.kolzig","Category":"Image loaded (rule: ImageLoad)","Opcode":"Info","RuleName":"-","UtcTime":"2022-07-08 13:40:54.784","ProcessGuid":"{3be6fa21-33e6-62c8-e100-000000001100}","Image":"C:\\Windows\\System32\\svchost.exe","ImageLoaded":"C:\\Windows\\System32\\urlmon.dll","FileVersion":"11.00.17763.2989 (WinBuild.160101.0800)","Description":"OLE32 Extensions for Win32","Product":"Internet Explorer","Company":"Microsoft Corporation","OriginalFileName":"UrlMon.dll","Hashes":"SHA1=3405711CBD9F95E52D169FFDC291D9241AC26EE6,MD5=A8B176D8B94D7B36B6DE11B888BC2FFB,SHA256=7E2D45F13D79F2DC5FFFA2FE9A111AF51EC5FC45B7FCC3E56B9B5B75170B8B5D,IMPHASH=1A25F56E88192012CEA344CDE7EF7FF2","Signed":"true","Signature":"Microsoft Windows","SignatureStatus":"Valid","User":"STACKEDPADS\\frank.kolzig","EventReceivedTime":1657287656,"SourceModuleName":"in_sysmon","SourceModuleType":"im_msvistalog"}
<14>Jul  8 13:40:56 activedir.stackedpads.local Microsoft-Windows-Sysmon[3224]: {"EventTime":1657287654,"Hostname":"activedir.stackedpads.local","Keywords":-9223372036854775808,"EventType":"INFO","SeverityValue":2,"Severity":"INFO","EventID":7,"SourceName":"Microsoft-Windows-Sysmon","ProviderGuid":"{5770385F-C22A-43E0-BF4C-06F5698FFBD9}","Version":3,"Task":7,"OpcodeValue":0,"RecordNumber":278289,"ProcessID":3224,"ThreadID":4128,"Channel":"Microsoft-Windows-Sysmon/Operational","Domain":"NT AUTHORITY","AccountName":"SYSTEM","UserID":"S-1-5-18","AccountType":"User","Message":"Image loaded:\r\nRuleName: -\r\nUtcTime: 2022-07-08 13:40:54.831\r\nProcessGuid: {3be6fa21-33e6-62c8-e200-000000001100}\r\nProcessId: 6772\r\nImage: C:\\Windows\\System32\\efsui.exe\r\nImageLoaded: C:\\Windows\\System32\\urlmon.dll\r\nFileVersion: 11.00.17763.2989 (WinBuild.160101.0800)\r\nDescription: OLE32 Extensions for Win32\r\nProduct: Internet Explorer\r\nCompany: Microsoft Corporation\r\nOriginalFileName: UrlMon.dll\r\nHashes: SHA1=3405711CBD9F95E52D169FFDC291D9241AC26EE6,MD5=A8B176D8B94D7B36B6DE11B888BC2FFB,SHA256=7E2D45F13D79F2DC5FFFA2FE9A111AF51EC5FC45B7FCC3E56B9B5B75170B8B5D,IMPHASH=1A25F56E88192012CEA344CDE7EF7FF2\r\nSigned: true\r\nSignature: Microsoft Windows\r\nSignatureStatus: Valid\r\nUser: STACKEDPADS\\frank.kolzig","Category":"Image loaded (rule: ImageLoad)","Opcode":"Info","RuleName":"-","UtcTime":"2022-07-08 13:40:54.831","ProcessGuid":"{3be6fa21-33e6-62c8-e200-000000001100}","Image":"C:\\Windows\\System32\\efsui.exe","ImageLoaded":"C:\\Windows\\System32\\urlmon.dll","FileVersion":"11.00.17763.2989 (WinBuild.160101.0800)","Description":"OLE32 Extensions for Win32","Product":"Internet Explorer","Company":"Microsoft Corporation","OriginalFileName":"UrlMon.dll","Hashes":"SHA1=3405711CBD9F95E52D169FFDC291D9241AC26EE6,MD5=A8B176D8B94D7B36B6DE11B888BC2FFB,SHA256=7E2D45F13D79F2DC5FFFA2FE9A111AF51EC5FC45B7FCC3E56B9B5B75170B8B5D,IMPHASH=1A25F56E88192012CEA344CDE7EF7FF2","Signed":"true","Signature":"Microsoft Windows","SignatureStatus":"Valid","User":"STACKEDPADS\\frank.kolzig","EventReceivedTime":1657287656,"SourceModuleName":"in_sysmon","SourceModuleType":"im_msvistalog"}
<14>Jul  8 13:40:54 activedir.stackedpads.local Microsoft-Windows-Sysmon[3224]: {"EventTime":1657287653,"Hostname":"activedir.stackedpads.local","Keywords":-9223372036854775808,"EventType":"INFO","SeverityValue":2,"Severity":"INFO","EventID":17,"SourceName":"Microsoft-Windows-Sysmon","ProviderGuid":"{5770385F-C22A-43E0-BF4C-06F5698FFBD9}","Version":1,"Task":17,"OpcodeValue":0,"RecordNumber":278148,"ProcessID":3224,"ThreadID":4128,"Channel":"Microsoft-Windows-Sysmon/Operational","Domain":"NT AUTHORITY","AccountName":"SYSTEM","UserID":"S-1-5-18","AccountType":"User","Message":"Pipe Created:\r\nRuleName: -\r\nEventType: CreatePipe\r\nUtcTime: 2022-07-08 13:40:53.425\r\nProcessGuid: {3be6fa21-31c6-62c8-1300-000000001100}\r\nProcessId: 388\r\nPipeName: \\TSVCPIPE-ba3221b0-b7da-449e-980c-a73948334830\r\nImage: C:\\Windows\\System32\\svchost.exe\r\nUser: NT AUTHORITY\\NETWORK SERVICE","Category":"Pipe Created (rule: PipeEvent)","Opcode":"Info","RuleName":"-","UtcTime":"2022-07-08 13:40:53.425","ProcessGuid":"{3be6fa21-31c6-62c8-1300-000000001100}","PipeName":"\\TSVCPIPE-ba3221b0-b7da-449e-980c-a73948334830","Image":"C:\\Windows\\System32\\svchost.exe","User":"NT AUTHORITY\\NETWORK SERVICE","EventReceivedTime":1657287654,"SourceModuleName":"in_sysmon","SourceModuleType":"im_msvistalog"}
<14>Jul  8 13:40:54 activedir.stackedpads.local Microsoft-Windows-Sysmon[3224]: {"EventTime":1657287653,"Hostname":"activedir.stackedpads.local","Keywords":-9223372036854775808,"EventType":"INFO","SeverityValue":2,"Severity":"INFO","EventID":17,"SourceName":"Microsoft-Windows-Sysmon","ProviderGuid":"{5770385F-C22A-43E0-BF4C-06F5698FFBD9}","Version":1,"Task":17,"OpcodeValue":0,"RecordNumber":278147,"ProcessID":3224,"ThreadID":4128,"Channel":"Microsoft-Windows-Sysmon/Operational","Domain":"NT AUTHORITY","AccountName":"SYSTEM","UserID":"S-1-5-18","AccountType":"User","Message":"Pipe Created:\r\nRuleName: -\r\nEventType: CreatePipe\r\nUtcTime: 2022-07-08 13:40:53.425\r\nProcessGuid: {3be6fa21-31c6-62c8-1300-000000001100}\r\nProcessId: 388\r\nPipeName: \\TSVCPIPE-92a16e83-2296-4158-ad47-15e8b581a4c8\r\nImage: C:\\Windows\\System32\\svchost.exe\r\nUser: NT AUTHORITY\\NETWORK SERVICE","Category":"Pipe Created (rule: PipeEvent)","Opcode":"Info","RuleName":"-","UtcTime":"2022-07-08 13:40:53.425","ProcessGuid":"{3be6fa21-31c6-62c8-1300-000000001100}","PipeName":"\\TSVCPIPE-92a16e83-2296-4158-ad47-15e8b581a4c8","Image":"C:\\Windows\\System32\\svchost.exe","User":"NT AUTHORITY\\NETWORK SERVICE","EventReceivedTime":1657287654,"SourceModuleName":"in_sysmon","SourceModuleType":"im_msvistalog"}
<14>Jul  8 13:40:54 activedir.stackedpads.local Microsoft-Windows-Sysmon[3224]: {"EventTime":1657287653,"Hostname":"activedir.stackedpads.local","Keywords":-9223372036854775808,"EventType":"INFO","SeverityValue":2,"Severity":"INFO","EventID":17,"SourceName":"Microsoft-Windows-Sysmon","ProviderGuid":"{5770385F-C22A-43E0-BF4C-06F5698FFBD9}","Version":1,"Task":17,"OpcodeValue":0,"RecordNumber":278149,"ProcessID":3224,"ThreadID":4128,"Channel":"Microsoft-Windows-Sysmon/Operational","Domain":"NT AUTHORITY","AccountName":"SYSTEM","UserID":"S-1-5-18","AccountType":"User","Message":"Pipe Created:\r\nRuleName: -\r\nEventType: CreatePipe\r\nUtcTime: 2022-07-08 13:40:53.519\r\nProcessGuid: {3be6fa21-31c6-62c8-1300-000000001100}\r\nProcessId: 388\r\nPipeName: \\TSVCPIPE-b63bf621-96c1-46c1-b2a3-c35ecabf9b83\r\nImage: C:\\Windows\\System32\\svchost.exe\r\nUser: NT AUTHORITY\\NETWORK SERVICE","Category":"Pipe Created (rule: PipeEvent)","Opcode":"Info","RuleName":"-","UtcTime":"2022-07-08 13:40:53.519","ProcessGuid":"{3be6fa21-31c6-62c8-1300-000000001100}","PipeName":"\\TSVCPIPE-b63bf621-96c1-46c1-b2a3-c35ecabf9b83","Image":"C:\\Windows\\System32\\svchost.exe","User":"NT AUTHORITY\\NETWORK SERVICE","EventReceivedTime":1657287654,"SourceModuleName":"in_sysmon","SourceModuleType":"im_msvistalog"}
<14>Jul  8 13:40:54 activedir.stackedpads.local Microsoft-Windows-Sysmon[3224]: {"EventTime":1657287653,"Hostname":"activedir.stackedpads.local","Keywords":-9223372036854775808,"EventType":"INFO","SeverityValue":2,"Severity":"INFO","EventID":17,"SourceName":"Microsoft-Windows-Sysmon","ProviderGuid":"{5770385F-C22A-43E0-BF4C-06F5698FFBD9}","Version":1,"Task":17,"OpcodeValue":0,"RecordNumber":278150,"ProcessID":3224,"ThreadID":4128,"Channel":"Microsoft-Windows-Sysmon/Operational","Domain":"NT AUTHORITY","AccountName":"SYSTEM","UserID":"S-1-5-18","AccountType":"User","Message":"Pipe Created:\r\nRuleName: -\r\nEventType: CreatePipe\r\nUtcTime: 2022-07-08 13:40:53.565\r\nProcessGuid: {3be6fa21-31c6-62c8-1300-000000001100}\r\nProcessId: 388\r\nPipeName: \\TSVCPIPE-cc666101-05d2-49d8-b9d6-e4431d725590\r\nImage: C:\\Windows\\System32\\svchost.exe\r\nUser: NT AUTHORITY\\NETWORK SERVICE","Category":"Pipe Created (rule: PipeEvent)","Opcode":"Info","RuleName":"-","UtcTime":"2022-07-08 13:40:53.565","ProcessGuid":"{3be6fa21-31c6-62c8-1300-000000001100}","PipeName":"\\TSVCPIPE-cc666101-05d2-49d8-b9d6-e4431d725590","Image":"C:\\Windows\\System32\\svchost.exe","User":"NT AUTHORITY\\NETWORK SERVICE","EventReceivedTime":1657287654,"SourceModuleName":"in_sysmon","SourceModuleType":"im_msvistalog"}
<14>Jul  8 13:40:54 activedir.stackedpads.local Microsoft-Windows-Sysmon[3224]: {"EventTime":1657287654,"Hostname":"activedir.stackedpads.local","Keywords":-9223372036854775808,"EventType":"INFO","SeverityValue":2,"Severity":"INFO","EventID":17,"SourceName":"Microsoft-Windows-Sysmon","ProviderGuid":"{5770385F-C22A-43E0-BF4C-06F5698FFBD9}","Version":1,"Task":17,"OpcodeValue":0,"RecordNumber":278172,"ProcessID":3224,"ThreadID":4128,"Channel":"Microsoft-Windows-Sysmon/Operational","Domain":"NT AUTHORITY","AccountName":"SYSTEM","UserID":"S-1-5-18","AccountType":"User","Message":"Pipe Created:\r\nRuleName: -\r\nEventType: CreatePipe\r\nUtcTime: 2022-07-08 13:40:54.440\r\nProcessGuid: {3be6fa21-31c6-62c8-1300-000000001100}\r\nProcessId: 388\r\nPipeName: \\TSVCPIPE-c6909a5a-0630-4663-a4b7-4f8eb21dd432\r\nImage: C:\\Windows\\System32\\svchost.exe\r\nUser: NT AUTHORITY\\NETWORK SERVICE","Category":"Pipe Created (rule: PipeEvent)","Opcode":"Info","RuleName":"-","UtcTime":"2022-07-08 13:40:54.440","ProcessGuid":"{3be6fa21-31c6-62c8-1300-000000001100}","PipeName":"\\TSVCPIPE-c6909a5a-0630-4663-a4b7-4f8eb21dd432","Image":"C:\\Windows\\System32\\svchost.exe","User":"NT AUTHORITY\\NETWORK SERVICE","EventReceivedTime":1657287654,"SourceModuleName":"in_sysmon","SourceModuleType":"im_msvistalog"}
<14>Jul  8 13:40:56 activedir.stackedpads.local Microsoft-Windows-Sysmon[3224]: {"EventTime":1657287655,"Hostname":"activedir.stackedpads.local","Keywords":-9223372036854775808,"EventType":"INFO","SeverityValue":2,"Severity":"INFO","EventID":17,"SourceName":"Microsoft-Windows-Sysmon","ProviderGuid":"{5770385F-C22A-43E0-BF4C-06F5698FFBD9}","Version":1,"Task":17,"OpcodeValue":0,"RecordNumber":278291,"ProcessID":3224,"ThreadID":4128,"Channel":"Microsoft-Windows-Sysmon/Operational","Domain":"NT AUTHORITY","AccountName":"SYSTEM","UserID":"S-1-5-18","AccountType":"User","Message":"Pipe Created:\r\nRuleName: -\r\nEventType: CreatePipe\r\nUtcTime: 2022-07-08 13:40:55.284\r\nProcessGuid: {3be6fa21-31c6-62c8-1300-000000001100}\r\nProcessId: 388\r\nPipeName: \\TSVCPIPE-f35b611d-6ea1-4615-b966-d55e5667dd7a\r\nImage: C:\\Windows\\System32\\svchost.exe\r\nUser: NT AUTHORITY\\NETWORK SERVICE","Category":"Pipe Created (rule: PipeEvent)","Opcode":"Info","RuleName":"-","UtcTime":"2022-07-08 13:40:55.284","ProcessGuid":"{3be6fa21-31c6-62c8-1300-000000001100}","PipeName":"\\TSVCPIPE-f35b611d-6ea1-4615-b966-d55e5667dd7a","Image":"C:\\Windows\\System32\\svchost.exe","User":"NT AUTHORITY\\NETWORK SERVICE","EventReceivedTime":1657287656,"SourceModuleName":"in_sysmon","SourceModuleType":"im_msvistalog"}
<14>Jul  8 13:40:56 activedir.stackedpads.local Microsoft-Windows-Sysmon[3224]: {"EventTime":1657287655,"Hostname":"activedir.stackedpads.local","Keywords":-9223372036854775808,"EventType":"INFO","SeverityValue":2,"Severity":"INFO","EventID":17,"SourceName":"Microsoft-Windows-Sysmon","ProviderGuid":"{5770385F-C22A-43E0-BF4C-06F5698FFBD9}","Version":1,"Task":17,"OpcodeValue":0,"RecordNumber":278292,"ProcessID":3224,"ThreadID":4128,"Channel":"Microsoft-Windows-Sysmon/Operational","Domain":"NT AUTHORITY","AccountName":"SYSTEM","UserID":"S-1-5-18","AccountType":"User","Message":"Pipe Created:\r\nRuleName: -\r\nEventType: CreatePipe\r\nUtcTime: 2022-07-08 13:40:55.409\r\nProcessGuid: {3be6fa21-31c6-62c8-1300-000000001100}\r\nProcessId: 388\r\nPipeName: \\TSVCPIPE-438ec2d4-ec3d-4e3d-a98c-f1dd56c85bb6\r\nImage: C:\\Windows\\System32\\svchost.exe\r\nUser: NT AUTHORITY\\NETWORK SERVICE","Category":"Pipe Created (rule: PipeEvent)","Opcode":"Info","RuleName":"-","UtcTime":"2022-07-08 13:40:55.409","ProcessGuid":"{3be6fa21-31c6-62c8-1300-000000001100}","PipeName":"\\TSVCPIPE-438ec2d4-ec3d-4e3d-a98c-f1dd56c85bb6","Image":"C:\\Windows\\System32\\svchost.exe","User":"NT AUTHORITY\\NETWORK SERVICE","EventReceivedTime":1657287656,"SourceModuleName":"in_sysmon","SourceModuleType":"im_msvistalog"}
<14>Jul  8 13:40:56 activedir.stackedpads.local Microsoft-Windows-Sysmon[3224]: {"EventTime":1657287654,"Hostname":"activedir.stackedpads.local","Keywords":-9223372036854775808,"EventType":"INFO","SeverityValue":2,"Severity":"INFO","EventID":22,"SourceName":"Microsoft-Windows-Sysmon","ProviderGuid":"{5770385F-C22A-43E0-BF4C-06F5698FFBD9}","Version":5,"Task":22,"OpcodeValue":0,"RecordNumber":278290,"ProcessID":3224,"ThreadID":4252,"Channel":"Microsoft-Windows-Sysmon/Operational","Domain":"NT AUTHORITY","AccountName":"SYSTEM","UserID":"S-1-5-18","AccountType":"User","Message":"Dns query:\r\nRuleName: -\r\nUtcTime: 2022-07-08 13:40:53.898\r\nProcessGuid: {3be6fa21-31c3-62c8-0c00-000000001100}\r\nProcessId: 652\r\nQueryName: activedir.stackedpads.local\r\nQueryStatus: 0\r\nQueryResults: fe80::5489:1501:58fa:5feb;::ffff:10.1.0.4;\r\nImage: C:\\Windows\\System32\\lsass.exe\r\nUser: NT AUTHORITY\\SYSTEM","Category":"Dns query (rule: DnsQuery)","Opcode":"Info","RuleName":"-","UtcTime":"2022-07-08 13:40:53.898","ProcessGuid":"{3be6fa21-31c3-62c8-0c00-000000001100}","QueryName":"activedir.stackedpads.local","QueryStatus":"0","QueryResults":"fe80::5489:1501:58fa:5feb;::ffff:10.1.0.4;","Image":"C:\\Windows\\System32\\lsass.exe","User":"NT AUTHORITY\\SYSTEM","EventReceivedTime":1657287656,"SourceModuleName":"in_sysmon","SourceModuleType":"im_msvistalog"}
<14>Jul  8 13:40:54 activedir.stackedpads.local Microsoft-Windows-Sysmon[3224]: {"EventTime":1657287654,"Hostname":"activedir.stackedpads.local","Keywords":-9223372036854775808,"EventType":"INFO","SeverityValue":2,"Severity":"INFO","EventID":13,"SourceName":"Microsoft-Windows-Sysmon","ProviderGuid":"{5770385F-C22A-43E0-BF4C-06F5698FFBD9}","Version":2,"Task":13,"OpcodeValue":0,"RecordNumber":278160,"ProcessID":3224,"ThreadID":4128,"Channel":"Microsoft-Windows-Sysmon/Operational","Domain":"NT AUTHORITY","AccountName":"SYSTEM","UserID":"S-1-5-18","AccountType":"User","Message":"Registry value set:\r\nRuleName: UACMe Dir Prep\r\nEventType: SetValue\r\nUtcTime: 2022-07-08 13:40:54.050\r\nProcessGuid: {3be6fa21-31c6-62c8-2300-000000001100}\r\nProcessId: 1488\r\nImage: C:\\Windows\\system32\\svchost.exe\r\nTargetObject: HKU\\S-1-5-21-2264196694-1469429678-912427992-1104\\Volatile Environment\\HOMEDRIVE\r\nDetails: C:\r\nUser: NT AUTHORITY\\SYSTEM","Category":"Registry value set (rule: RegistryEvent)","Opcode":"Info","RuleName":"UACMe Dir Prep","UtcTime":"2022-07-08 13:40:54.050","ProcessGuid":"{3be6fa21-31c6-62c8-2300-000000001100}","Image":"C:\\Windows\\system32\\svchost.exe","TargetObject":"HKU\\S-1-5-21-2264196694-1469429678-912427992-1104\\Volatile Environment\\HOMEDRIVE","Details":"C:","User":"NT AUTHORITY\\SYSTEM","EventReceivedTime":1657287654,"SourceModuleName":"in_sysmon","SourceModuleType":"im_msvistalog"}
<14>Jul  8 13:40:54 activedir.stackedpads.local Microsoft-Windows-Sysmon[3224]: {"EventTime":1657287654,"Hostname":"activedir.stackedpads.local","Keywords":-9223372036854775808,"EventType":"INFO","SeverityValue":2,"Severity":"INFO","EventID":13,"SourceName":"Microsoft-Windows-Sysmon","ProviderGuid":"{5770385F-C22A-43E0-BF4C-06F5698FFBD9}","Version":2,"Task":13,"OpcodeValue":0,"RecordNumber":278156,"ProcessID":3224,"ThreadID":4128,"Channel":"Microsoft-Windows-Sysmon/Operational","Domain":"NT AUTHORITY","AccountName":"SYSTEM","UserID":"S-1-5-18","AccountType":"User","Message":"Registry value set:\r\nRuleName: UACMe Dir Prep\r\nEventType: SetValue\r\nUtcTime: 2022-07-08 13:40:54.050\r\nProcessGuid: {3be6fa21-31c6-62c8-2300-000000001100}\r\nProcessId: 1488\r\nImage: C:\\Windows\\system32\\svchost.exe\r\nTargetObject: HKU\\S-1-5-21-2264196694-1469429678-912427992-1104\\Volatile Environment\\USERDOMAIN\r\nDetails: STACKEDPADS\r\nUser: NT AUTHORITY\\SYSTEM","Category":"Registry value set (rule: RegistryEvent)","Opcode":"Info","RuleName":"UACMe Dir Prep","UtcTime":"2022-07-08 13:40:54.050","ProcessGuid":"{3be6fa21-31c6-62c8-2300-000000001100}","Image":"C:\\Windows\\system32\\svchost.exe","TargetObject":"HKU\\S-1-5-21-2264196694-1469429678-912427992-1104\\Volatile Environment\\USERDOMAIN","Details":"STACKEDPADS","User":"NT AUTHORITY\\SYSTEM","EventReceivedTime":1657287654,"SourceModuleName":"in_sysmon","SourceModuleType":"im_msvistalog"}
<14>Jul  8 13:40:54 activedir.stackedpads.local Microsoft-Windows-Sysmon[3224]: {"EventTime":1657287654,"Hostname":"activedir.stackedpads.local","Keywords":-9223372036854775808,"EventType":"INFO","SeverityValue":2,"Severity":"INFO","EventID":13,"SourceName":"Microsoft-Windows-Sysmon","ProviderGuid":"{5770385F-C22A-43E0-BF4C-06F5698FFBD9}","Version":2,"Task":13,"OpcodeValue":0,"RecordNumber":278159,"ProcessID":3224,"ThreadID":4128,"Channel":"Microsoft-Windows-Sysmon/Operational","Domain":"NT AUTHORITY","AccountName":"SYSTEM","UserID":"S-1-5-18","AccountType":"User","Message":"Registry value set:\r\nRuleName: UACMe Dir Prep\r\nEventType: SetValue\r\nUtcTime: 2022-07-08 13:40:54.050\r\nProcessGuid: {3be6fa21-31c6-62c8-2300-000000001100}\r\nProcessId: 1488\r\nImage: C:\\Windows\\system32\\svchost.exe\r\nTargetObject: HKU\\S-1-5-21-2264196694-1469429678-912427992-1104\\Volatile Environment\\HOMEPATH\r\nDetails: \\Users\\fkolzig\r\nUser: NT AUTHORITY\\SYSTEM","Category":"Registry value set (rule: RegistryEvent)","Opcode":"Info","RuleName":"UACMe Dir Prep","UtcTime":"2022-07-08 13:40:54.050","ProcessGuid":"{3be6fa21-31c6-62c8-2300-000000001100}","Image":"C:\\Windows\\system32\\svchost.exe","TargetObject":"HKU\\S-1-5-21-2264196694-1469429678-912427992-1104\\Volatile Environment\\HOMEPATH","Details":"\\Users\\fkolzig","User":"NT AUTHORITY\\SYSTEM","EventReceivedTime":1657287654,"SourceModuleName":"in_sysmon","SourceModuleType":"im_msvistalog"}
<14>Jul  8 13:40:54 activedir.stackedpads.local Microsoft-Windows-Sysmon[3224]: {"EventTime":1657287654,"Hostname":"activedir.stackedpads.local","Keywords":-9223372036854775808,"EventType":"INFO","SeverityValue":2,"Severity":"INFO","EventID":13,"SourceName":"Microsoft-Windows-Sysmon","ProviderGuid":"{5770385F-C22A-43E0-BF4C-06F5698FFBD9}","Version":2,"Task":13,"OpcodeValue":0,"RecordNumber":278163,"ProcessID":3224,"ThreadID":4128,"Channel":"Microsoft-Windows-Sysmon/Operational","Domain":"NT AUTHORITY","AccountName":"SYSTEM","UserID":"S-1-5-18","AccountType":"User","Message":"Registry value set:\r\nRuleName: UACMe Dir Prep\r\nEventType: SetValue\r\nUtcTime: 2022-07-08 13:40:54.050\r\nProcessGuid: {3be6fa21-31c6-62c8-2300-000000001100}\r\nProcessId: 1488\r\nImage: C:\\Windows\\system32\\svchost.exe\r\nTargetObject: HKU\\S-1-5-21-2264196694-1469429678-912427992-1104\\Volatile Environment\\USERDOMAIN_ROAMINGPROFILE\r\nDetails: STACKEDPADS\r\nUser: NT AUTHORITY\\SYSTEM","Category":"Registry value set (rule: RegistryEvent)","Opcode":"Info","RuleName":"UACMe Dir Prep","UtcTime":"2022-07-08 13:40:54.050","ProcessGuid":"{3be6fa21-31c6-62c8-2300-000000001100}","Image":"C:\\Windows\\system32\\svchost.exe","TargetObject":"HKU\\S-1-5-21-2264196694-1469429678-912427992-1104\\Volatile Environment\\USERDOMAIN_ROAMINGPROFILE","Details":"STACKEDPADS","User":"NT AUTHORITY\\SYSTEM","EventReceivedTime":1657287654,"SourceModuleName":"in_sysmon","SourceModuleType":"im_msvistalog"}
<14>Jul  8 13:40:54 activedir.stackedpads.local Microsoft-Windows-Sysmon[3224]: {"EventTime":1657287654,"Hostname":"activedir.stackedpads.local","Keywords":-9223372036854775808,"EventType":"INFO","SeverityValue":2,"Severity":"INFO","EventID":13,"SourceName":"Microsoft-Windows-Sysmon","ProviderGuid":"{5770385F-C22A-43E0-BF4C-06F5698FFBD9}","Version":2,"Task":13,"OpcodeValue":0,"RecordNumber":278158,"ProcessID":3224,"ThreadID":4128,"Channel":"Microsoft-Windows-Sysmon/Operational","Domain":"NT AUTHORITY","AccountName":"SYSTEM","UserID":"S-1-5-18","AccountType":"User","Message":"Registry value set:\r\nRuleName: UACMe Dir Prep\r\nEventType: SetValue\r\nUtcTime: 2022-07-08 13:40:54.050\r\nProcessGuid: {3be6fa21-31c6-62c8-2300-000000001100}\r\nProcessId: 1488\r\nImage: C:\\Windows\\system32\\svchost.exe\r\nTargetObject: HKU\\S-1-5-21-2264196694-1469429678-912427992-1104\\Volatile Environment\\USERPROFILE\r\nDetails: C:\\Users\\fkolzig\r\nUser: NT AUTHORITY\\SYSTEM","Category":"Registry value set (rule: RegistryEvent)","Opcode":"Info","RuleName":"UACMe Dir Prep","UtcTime":"2022-07-08 13:40:54.050","ProcessGuid":"{3be6fa21-31c6-62c8-2300-000000001100}","Image":"C:\\Windows\\system32\\svchost.exe","TargetObject":"HKU\\S-1-5-21-2264196694-1469429678-912427992-1104\\Volatile Environment\\USERPROFILE","Details":"C:\\Users\\fkolzig","User":"NT AUTHORITY\\SYSTEM","EventReceivedTime":1657287654,"SourceModuleName":"in_sysmon","SourceModuleType":"im_msvistalog"}
<14>Jul  8 13:40:54 activedir.stackedpads.local Microsoft-Windows-Sysmon[3224]: {"EventTime":1657287654,"Hostname":"activedir.stackedpads.local","Keywords":-9223372036854775808,"EventType":"INFO","SeverityValue":2,"Severity":"INFO","EventID":13,"SourceName":"Microsoft-Windows-Sysmon","ProviderGuid":"{5770385F-C22A-43E0-BF4C-06F5698FFBD9}","Version":2,"Task":13,"OpcodeValue":0,"RecordNumber":278154,"ProcessID":3224,"ThreadID":4128,"Channel":"Microsoft-Windows-Sysmon/Operational","Domain":"NT AUTHORITY","AccountName":"SYSTEM","UserID":"S-1-5-18","AccountType":"User","Message":"Registry value set:\r\nRuleName: UACMe Dir Prep\r\nEventType: SetValue\r\nUtcTime: 2022-07-08 13:40:54.050\r\nProcessGuid: {3be6fa21-31c6-62c8-2300-000000001100}\r\nProcessId: 1488\r\nImage: C:\\Windows\\system32\\svchost.exe\r\nTargetObject: HKU\\S-1-5-21-2264196694-1469429678-912427992-1104\\Volatile Environment\\LOGONSERVER\r\nDetails: \\\\ACTIVEDIR\r\nUser: NT AUTHORITY\\SYSTEM","Category":"Registry value set (rule: RegistryEvent)","Opcode":"Info","RuleName":"UACMe Dir Prep","UtcTime":"2022-07-08 13:40:54.050","ProcessGuid":"{3be6fa21-31c6-62c8-2300-000000001100}","Image":"C:\\Windows\\system32\\svchost.exe","TargetObject":"HKU\\S-1-5-21-2264196694-1469429678-912427992-1104\\Volatile Environment\\LOGONSERVER","Details":"\\\\ACTIVEDIR","User":"NT AUTHORITY\\SYSTEM","EventReceivedTime":1657287654,"SourceModuleName":"in_sysmon","SourceModuleType":"im_msvistalog"}
<14>Jul  8 13:40:54 activedir.stackedpads.local Microsoft-Windows-Sysmon[3224]: {"EventTime":1657287654,"Hostname":"activedir.stackedpads.local","Keywords":-9223372036854775808,"EventType":"INFO","SeverityValue":2,"Severity":"INFO","EventID":13,"SourceName":"Microsoft-Windows-Sysmon","ProviderGuid":"{5770385F-C22A-43E0-BF4C-06F5698FFBD9}","Version":2,"Task":13,"OpcodeValue":0,"RecordNumber":278162,"ProcessID":3224,"ThreadID":4128,"Channel":"Microsoft-Windows-Sysmon/Operational","Domain":"NT AUTHORITY","AccountName":"SYSTEM","UserID":"S-1-5-18","AccountType":"User","Message":"Registry value set:\r\nRuleName: UACMe Dir Prep\r\nEventType: SetValue\r\nUtcTime: 2022-07-08 13:40:54.050\r\nProcessGuid: {3be6fa21-31c6-62c8-2300-000000001100}\r\nProcessId: 1488\r\nImage: C:\\Windows\\system32\\svchost.exe\r\nTargetObject: HKU\\S-1-5-21-2264196694-1469429678-912427992-1104\\Volatile Environment\\LOCALAPPDATA\r\nDetails: C:\\Users\\fkolzig\\AppData\\Local\r\nUser: NT AUTHORITY\\SYSTEM","Category":"Registry value set (rule: RegistryEvent)","Opcode":"Info","RuleName":"UACMe Dir Prep","UtcTime":"2022-07-08 13:40:54.050","ProcessGuid":"{3be6fa21-31c6-62c8-2300-000000001100}","Image":"C:\\Windows\\system32\\svchost.exe","TargetObject":"HKU\\S-1-5-21-2264196694-1469429678-912427992-1104\\Volatile Environment\\LOCALAPPDATA","Details":"C:\\Users\\fkolzig\\AppData\\Local","User":"NT AUTHORITY\\SYSTEM","EventReceivedTime":1657287654,"SourceModuleName":"in_sysmon","SourceModuleType":"im_msvistalog"}
<14>Jul  8 13:40:54 activedir.stackedpads.local Microsoft-Windows-Sysmon[3224]: {"EventTime":1657287654,"Hostname":"activedir.stackedpads.local","Keywords":-9223372036854775808,"EventType":"INFO","SeverityValue":2,"Severity":"INFO","EventID":13,"SourceName":"Microsoft-Windows-Sysmon","ProviderGuid":"{5770385F-C22A-43E0-BF4C-06F5698FFBD9}","Version":2,"Task":13,"OpcodeValue":0,"RecordNumber":278155,"ProcessID":3224,"ThreadID":4128,"Channel":"Microsoft-Windows-Sysmon/Operational","Domain":"NT AUTHORITY","AccountName":"SYSTEM","UserID":"S-1-5-18","AccountType":"User","Message":"Registry value set:\r\nRuleName: UACMe Dir Prep\r\nEventType: SetValue\r\nUtcTime: 2022-07-08 13:40:54.050\r\nProcessGuid: {3be6fa21-31c6-62c8-2300-000000001100}\r\nProcessId: 1488\r\nImage: C:\\Windows\\system32\\svchost.exe\r\nTargetObject: HKU\\S-1-5-21-2264196694-1469429678-912427992-1104\\Volatile Environment\\USERDNSDOMAIN\r\nDetails: STACKEDPADS.LOCAL\r\nUser: NT AUTHORITY\\SYSTEM","Category":"Registry value set (rule: RegistryEvent)","Opcode":"Info","RuleName":"UACMe Dir Prep","UtcTime":"2022-07-08 13:40:54.050","ProcessGuid":"{3be6fa21-31c6-62c8-2300-000000001100}","Image":"C:\\Windows\\system32\\svchost.exe","TargetObject":"HKU\\S-1-5-21-2264196694-1469429678-912427992-1104\\Volatile Environment\\USERDNSDOMAIN","Details":"STACKEDPADS.LOCAL","User":"NT AUTHORITY\\SYSTEM","EventReceivedTime":1657287654,"SourceModuleName":"in_sysmon","SourceModuleType":"im_msvistalog"}
<14>Jul  8 13:40:54 activedir.stackedpads.local Microsoft-Windows-Sysmon[3224]: {"EventTime":1657287654,"Hostname":"activedir.stackedpads.local","Keywords":-9223372036854775808,"EventType":"INFO","SeverityValue":2,"Severity":"INFO","EventID":13,"SourceName":"Microsoft-Windows-Sysmon","ProviderGuid":"{5770385F-C22A-43E0-BF4C-06F5698FFBD9}","Version":2,"Task":13,"OpcodeValue":0,"RecordNumber":278157,"ProcessID":3224,"ThreadID":4128,"Channel":"Microsoft-Windows-Sysmon/Operational","Domain":"NT AUTHORITY","AccountName":"SYSTEM","UserID":"S-1-5-18","AccountType":"User","Message":"Registry value set:\r\nRuleName: UACMe Dir Prep\r\nEventType: SetValue\r\nUtcTime: 2022-07-08 13:40:54.050\r\nProcessGuid: {3be6fa21-31c6-62c8-2300-000000001100}\r\nProcessId: 1488\r\nImage: C:\\Windows\\system32\\svchost.exe\r\nTargetObject: HKU\\S-1-5-21-2264196694-1469429678-912427992-1104\\Volatile Environment\\USERNAME\r\nDetails: frank.kolzig\r\nUser: NT AUTHORITY\\SYSTEM","Category":"Registry value set (rule: RegistryEvent)","Opcode":"Info","RuleName":"UACMe Dir Prep","UtcTime":"2022-07-08 13:40:54.050","ProcessGuid":"{3be6fa21-31c6-62c8-2300-000000001100}","Image":"C:\\Windows\\system32\\svchost.exe","TargetObject":"HKU\\S-1-5-21-2264196694-1469429678-912427992-1104\\Volatile Environment\\USERNAME","Details":"frank.kolzig","User":"NT AUTHORITY\\SYSTEM","EventReceivedTime":1657287654,"SourceModuleName":"in_sysmon","SourceModuleType":"im_msvistalog"}
<14>Jul  8 13:40:54 activedir.stackedpads.local Microsoft-Windows-Sysmon[3224]: {"EventTime":1657287654,"Hostname":"activedir.stackedpads.local","Keywords":-9223372036854775808,"EventType":"INFO","SeverityValue":2,"Severity":"INFO","EventID":12,"SourceName":"Microsoft-Windows-Sysmon","ProviderGuid":"{5770385F-C22A-43E0-BF4C-06F5698FFBD9}","Version":2,"Task":12,"OpcodeValue":0,"RecordNumber":278153,"ProcessID":3224,"ThreadID":4128,"Channel":"Microsoft-Windows-Sysmon/Operational","Domain":"NT AUTHORITY","AccountName":"SYSTEM","UserID":"S-1-5-18","AccountType":"User","Message":"Registry object added or deleted:\r\nRuleName: UACMe Dir Prep\r\nEventType: CreateKey\r\nUtcTime: 2022-07-08 13:40:54.050\r\nProcessGuid: {3be6fa21-31c6-62c8-2300-000000001100}\r\nProcessId: 1488\r\nImage: C:\\Windows\\system32\\svchost.exe\r\nTargetObject: HKU\\S-1-5-21-2264196694-1469429678-912427992-1104\\Volatile Environment\r\nUser: NT AUTHORITY\\SYSTEM","Category":"Registry object added or deleted (rule: RegistryEvent)","Opcode":"Info","RuleName":"UACMe Dir Prep","UtcTime":"2022-07-08 13:40:54.050","ProcessGuid":"{3be6fa21-31c6-62c8-2300-000000001100}","Image":"C:\\Windows\\system32\\svchost.exe","TargetObject":"HKU\\S-1-5-21-2264196694-1469429678-912427992-1104\\Volatile Environment","User":"NT AUTHORITY\\SYSTEM","EventReceivedTime":1657287654,"SourceModuleName":"in_sysmon","SourceModuleType":"im_msvistalog"}
<14>Jul  8 13:40:54 activedir.stackedpads.local Microsoft-Windows-Sysmon[3224]: {"EventTime":1657287654,"Hostname":"activedir.stackedpads.local","Keywords":-9223372036854775808,"EventType":"INFO","SeverityValue":2,"Severity":"INFO","EventID":13,"SourceName":"Microsoft-Windows-Sysmon","ProviderGuid":"{5770385F-C22A-43E0-BF4C-06F5698FFBD9}","Version":2,"Task":13,"OpcodeValue":0,"RecordNumber":278161,"ProcessID":3224,"ThreadID":4128,"Channel":"Microsoft-Windows-Sysmon/Operational","Domain":"NT AUTHORITY","AccountName":"SYSTEM","UserID":"S-1-5-18","AccountType":"User","Message":"Registry value set:\r\nRuleName: UACMe Dir Prep\r\nEventType: SetValue\r\nUtcTime: 2022-07-08 13:40:54.050\r\nProcessGuid: {3be6fa21-31c6-62c8-2300-000000001100}\r\nProcessId: 1488\r\nImage: C:\\Windows\\system32\\svchost.exe\r\nTargetObject: HKU\\S-1-5-21-2264196694-1469429678-912427992-1104\\Volatile Environment\\APPDATA\r\nDetails: C:\\Users\\fkolzig\\AppData\\Roaming\r\nUser: NT AUTHORITY\\SYSTEM","Category":"Registry value set (rule: RegistryEvent)","Opcode":"Info","RuleName":"UACMe Dir Prep","UtcTime":"2022-07-08 13:40:54.050","ProcessGuid":"{3be6fa21-31c6-62c8-2300-000000001100}","Image":"C:\\Windows\\system32\\svchost.exe","TargetObject":"HKU\\S-1-5-21-2264196694-1469429678-912427992-1104\\Volatile Environment\\APPDATA","Details":"C:\\Users\\fkolzig\\AppData\\Roaming","User":"NT AUTHORITY\\SYSTEM","EventReceivedTime":1657287654,"SourceModuleName":"in_sysmon","SourceModuleType":"im_msvistalog"}
