<14>Jul  8 13:42:00 wrk-shasek.stackedpads.local Microsoft-Windows-Security-Auditing[660]: {"EventTime":1657287719,"Hostname":"wrk-shasek.stackedpads.local","Keywords":-9214364837600034816,"EventType":"AUDIT_SUCCESS","SeverityValue":2,"Severity":"INFO","EventID":4697,"SourceName":"Microsoft-Windows-Security-Auditing","ProviderGuid":"{54849625-5478-4994-A5BA-3E3B0328C30D}","Version":1,"Task":12289,"OpcodeValue":0,"RecordNumber":2712803,"ActivityID":"{66883D06-FD3B-0000-9C49-28DDCE92D801}","ProcessID":660,"ThreadID":1868,"Channel":"Security","Message":"A service was installed in the system.\r\n\r\nSubject:\r\n\tSecurity ID:\t\tS-1-5-18\r\n\tAccount Name:\t\tWRK-SHASEK$\r\n\tAccount Domain:\t\tSTACKEDPADS\r\n\tLogon ID:\t\t0x3E7\r\n\r\nService Information:\r\n\tService Name: \t\tDevicesFlowUserSvc_30f223\r\n\tService File Name:\tC:\\Windows\\system32\\svchost.exe -k DevicesFlow\r\n\tService Type: \t\t0xE0\r\n\tService Start Type:\t3\r\n\tService Account: \t\tLocalSystem","Category":"Security System Extension","Opcode":"Info","SubjectUserSid":"S-1-5-18","SubjectUserName":"WRK-SHASEK$","SubjectDomainName":"STACKEDPADS","SubjectLogonId":"0x3e7","ServiceName":"DevicesFlowUserSvc_30f223","ServiceFileName":"C:\\Windows\\system32\\svchost.exe -k DevicesFlow","ServiceType":"0xe0","ServiceStartType":"3","ServiceAccount":"LocalSystem","ClientProcessStartKey":"3940649673949203","ClientProcessId":"396","ParentProcessId":"644","EventReceivedTime":1657287720,"SourceModuleName":"in_default_channels","SourceModuleType":"im_msvistalog"}
<14>Jul  8 13:42:00 wrk-shasek.stackedpads.local Microsoft-Windows-Security-Auditing[660]: {"EventTime":1657287719,"Hostname":"wrk-shasek.stackedpads.local","Keywords":-9214364837600034816,"EventType":"AUDIT_SUCCESS","SeverityValue":2,"Severity":"INFO","EventID":4697,"SourceName":"Microsoft-Windows-Security-Auditing","ProviderGuid":"{54849625-5478-4994-A5BA-3E3B0328C30D}","Version":1,"Task":12289,"OpcodeValue":0,"RecordNumber":2712800,"ActivityID":"{66883D06-FD3B-0000-9C49-28DDCE92D801}","ProcessID":660,"ThreadID":1868,"Channel":"Security","Message":"A service was installed in the system.\r\n\r\nSubject:\r\n\tSecurity ID:\t\tS-1-5-18\r\n\tAccount Name:\t\tWRK-SHASEK$\r\n\tAccount Domain:\t\tSTACKEDPADS\r\n\tLogon ID:\t\t0x3E7\r\n\r\nService Information:\r\n\tService Name: \t\tCredentialEnrollmentManagerUserSvc_30f223\r\n\tService File Name:\tC:\\Windows\\system32\\CredentialEnrollmentManager.exe\r\n\tService Type: \t\t0xD0\r\n\tService Start Type:\t3\r\n\tService Account: \t\tLocalSystem","Category":"Security System Extension","Opcode":"Info","SubjectUserSid":"S-1-5-18","SubjectUserName":"WRK-SHASEK$","SubjectDomainName":"STACKEDPADS","SubjectLogonId":"0x3e7","ServiceName":"CredentialEnrollmentManagerUserSvc_30f223","ServiceFileName":"C:\\Windows\\system32\\CredentialEnrollmentManager.exe","ServiceType":"0xd0","ServiceStartType":"3","ServiceAccount":"LocalSystem","ClientProcessStartKey":"3940649673949203","ClientProcessId":"396","ParentProcessId":"644","EventReceivedTime":1657287720,"SourceModuleName":"in_default_channels","SourceModuleType":"im_msvistalog"}
<14>Jul  8 13:42:00 wrk-shasek.stackedpads.local Microsoft-Windows-Security-Auditing[660]: {"EventTime":1657287719,"Hostname":"wrk-shasek.stackedpads.local","Keywords":-9214364837600034816,"EventType":"AUDIT_SUCCESS","SeverityValue":2,"Severity":"INFO","EventID":4697,"SourceName":"Microsoft-Windows-Security-Auditing","ProviderGuid":"{54849625-5478-4994-A5BA-3E3B0328C30D}","Version":1,"Task":12289,"OpcodeValue":0,"RecordNumber":2712804,"ActivityID":"{66883D06-FD3B-0000-9C49-28DDCE92D801}","ProcessID":660,"ThreadID":1868,"Channel":"Security","Message":"A service was installed in the system.\r\n\r\nSubject:\r\n\tSecurity ID:\t\tS-1-5-18\r\n\tAccount Name:\t\tWRK-SHASEK$\r\n\tAccount Domain:\t\tSTACKEDPADS\r\n\tLogon ID:\t\t0x3E7\r\n\r\nService Information:\r\n\tService Name: \t\tMessagingService_30f223\r\n\tService File Name:\tC:\\Windows\\system32\\svchost.exe -k UnistackSvcGroup\r\n\tService Type: \t\t0xE0\r\n\tService Start Type:\t3\r\n\tService Account: \t\tLocalSystem","Category":"Security System Extension","Opcode":"Info","SubjectUserSid":"S-1-5-18","SubjectUserName":"WRK-SHASEK$","SubjectDomainName":"STACKEDPADS","SubjectLogonId":"0x3e7","ServiceName":"MessagingService_30f223","ServiceFileName":"C:\\Windows\\system32\\svchost.exe -k UnistackSvcGroup","ServiceType":"0xe0","ServiceStartType":"3","ServiceAccount":"LocalSystem","ClientProcessStartKey":"3940649673949203","ClientProcessId":"396","ParentProcessId":"644","EventReceivedTime":1657287720,"SourceModuleName":"in_default_channels","SourceModuleType":"im_msvistalog"}
<14>Jul  8 13:42:00 wrk-shasek.stackedpads.local Microsoft-Windows-Security-Auditing[660]: {"EventTime":1657287719,"Hostname":"wrk-shasek.stackedpads.local","Keywords":-9214364837600034816,"EventType":"AUDIT_SUCCESS","SeverityValue":2,"Severity":"INFO","EventID":4697,"SourceName":"Microsoft-Windows-Security-Auditing","ProviderGuid":"{54849625-5478-4994-A5BA-3E3B0328C30D}","Version":1,"Task":12289,"OpcodeValue":0,"RecordNumber":2712786,"ActivityID":"{66883D06-FD3B-0000-9C49-28DDCE92D801}","ProcessID":660,"ThreadID":6072,"Channel":"Security","Message":"A service was installed in the system.\r\n\r\nSubject:\r\n\tSecurity ID:\t\tS-1-5-18\r\n\tAccount Name:\t\tWRK-SHASEK$\r\n\tAccount Domain:\t\tSTACKEDPADS\r\n\tLogon ID:\t\t0x3E7\r\n\r\nService Information:\r\n\tService Name: \t\tAarSvc_30f223\r\n\tService File Name:\tC:\\Windows\\system32\\svchost.exe -k AarSvcGroup -p\r\n\tService Type: \t\t0xE0\r\n\tService Start Type:\t3\r\n\tService Account: \t\tLocalSystem","Category":"Security System Extension","Opcode":"Info","SubjectUserSid":"S-1-5-18","SubjectUserName":"WRK-SHASEK$","SubjectDomainName":"STACKEDPADS","SubjectLogonId":"0x3e7","ServiceName":"AarSvc_30f223","ServiceFileName":"C:\\Windows\\system32\\svchost.exe -k AarSvcGroup -p","ServiceType":"0xe0","ServiceStartType":"3","ServiceAccount":"LocalSystem","ClientProcessStartKey":"3940649673949203","ClientProcessId":"396","ParentProcessId":"644","EventReceivedTime":1657287720,"SourceModuleName":"in_default_channels","SourceModuleType":"im_msvistalog"}
<14>Jul  8 13:42:00 wrk-shasek.stackedpads.local Microsoft-Windows-Security-Auditing[660]: {"EventTime":1657287719,"Hostname":"wrk-shasek.stackedpads.local","Keywords":-9214364837600034816,"EventType":"AUDIT_SUCCESS","SeverityValue":2,"Severity":"INFO","EventID":4697,"SourceName":"Microsoft-Windows-Security-Auditing","ProviderGuid":"{54849625-5478-4994-A5BA-3E3B0328C30D}","Version":1,"Task":12289,"OpcodeValue":0,"RecordNumber":2712806,"ActivityID":"{66883D06-FD3B-0000-9C49-28DDCE92D801}","ProcessID":660,"ThreadID":1868,"Channel":"Security","Message":"A service was installed in the system.\r\n\r\nSubject:\r\n\tSecurity ID:\t\tS-1-5-18\r\n\tAccount Name:\t\tWRK-SHASEK$\r\n\tAccount Domain:\t\tSTACKEDPADS\r\n\tLogon ID:\t\t0x3E7\r\n\r\nService Information:\r\n\tService Name: \t\tPimIndexMaintenanceSvc_30f223\r\n\tService File Name:\tC:\\Windows\\system32\\svchost.exe -k UnistackSvcGroup\r\n\tService Type: \t\t0xE0\r\n\tService Start Type:\t3\r\n\tService Account: \t\tLocalSystem","Category":"Security System Extension","Opcode":"Info","SubjectUserSid":"S-1-5-18","SubjectUserName":"WRK-SHASEK$","SubjectDomainName":"STACKEDPADS","SubjectLogonId":"0x3e7","ServiceName":"PimIndexMaintenanceSvc_30f223","ServiceFileName":"C:\\Windows\\system32\\svchost.exe -k UnistackSvcGroup","ServiceType":"0xe0","ServiceStartType":"3","ServiceAccount":"LocalSystem","ClientProcessStartKey":"3940649673949203","ClientProcessId":"396","ParentProcessId":"644","EventReceivedTime":1657287720,"SourceModuleName":"in_default_channels","SourceModuleType":"im_msvistalog"}
<14>Jul  8 13:42:00 wrk-shasek.stackedpads.local Microsoft-Windows-Security-Auditing[660]: {"EventTime":1657287719,"Hostname":"wrk-shasek.stackedpads.local","Keywords":-9214364837600034816,"EventType":"AUDIT_SUCCESS","SeverityValue":2,"Severity":"INFO","EventID":4697,"SourceName":"Microsoft-Windows-Security-Auditing","ProviderGuid":"{54849625-5478-4994-A5BA-3E3B0328C30D}","Version":1,"Task":12289,"OpcodeValue":0,"RecordNumber":2712810,"ActivityID":"{66883D06-FD3B-0000-9C49-28DDCE92D801}","ProcessID":660,"ThreadID":1868,"Channel":"Security","Message":"A service was installed in the system.\r\n\r\nSubject:\r\n\tSecurity ID:\t\tS-1-5-18\r\n\tAccount Name:\t\tWRK-SHASEK$\r\n\tAccount Domain:\t\tSTACKEDPADS\r\n\tLogon ID:\t\t0x3E7\r\n\r\nService Information:\r\n\tService Name: \t\tUserDataSvc_30f223\r\n\tService File Name:\tC:\\Windows\\system32\\svchost.exe -k UnistackSvcGroup\r\n\tService Type: \t\t0xE0\r\n\tService Start Type:\t3\r\n\tService Account: \t\tLocalSystem","Category":"Security System Extension","Opcode":"Info","SubjectUserSid":"S-1-5-18","SubjectUserName":"WRK-SHASEK$","SubjectDomainName":"STACKEDPADS","SubjectLogonId":"0x3e7","ServiceName":"UserDataSvc_30f223","ServiceFileName":"C:\\Windows\\system32\\svchost.exe -k UnistackSvcGroup","ServiceType":"0xe0","ServiceStartType":"3","ServiceAccount":"LocalSystem","ClientProcessStartKey":"3940649673949203","ClientProcessId":"396","ParentProcessId":"644","EventReceivedTime":1657287720,"SourceModuleName":"in_default_channels","SourceModuleType":"im_msvistalog"}
<14>Jul  8 13:42:00 wrk-shasek.stackedpads.local Microsoft-Windows-Security-Auditing[660]: {"EventTime":1657287719,"Hostname":"wrk-shasek.stackedpads.local","Keywords":-9214364837600034816,"EventType":"AUDIT_SUCCESS","SeverityValue":2,"Severity":"INFO","EventID":4697,"SourceName":"Microsoft-Windows-Security-Auditing","ProviderGuid":"{54849625-5478-4994-A5BA-3E3B0328C30D}","Version":1,"Task":12289,"OpcodeValue":0,"RecordNumber":2712801,"ActivityID":"{66883D06-FD3B-0000-9C49-28DDCE92D801}","ProcessID":660,"ThreadID":1868,"Channel":"Security","Message":"A service was installed in the system.\r\n\r\nSubject:\r\n\tSecurity ID:\t\tS-1-5-18\r\n\tAccount Name:\t\tWRK-SHASEK$\r\n\tAccount Domain:\t\tSTACKEDPADS\r\n\tLogon ID:\t\t0x3E7\r\n\r\nService Information:\r\n\tService Name: \t\tDeviceAssociationBrokerSvc_30f223\r\n\tService File Name:\tC:\\Windows\\system32\\svchost.exe -k DevicesFlow -p\r\n\tService Type: \t\t0xE0\r\n\tService Start Type:\t3\r\n\tService Account: \t\tLocalSystem","Category":"Security System Extension","Opcode":"Info","SubjectUserSid":"S-1-5-18","SubjectUserName":"WRK-SHASEK$","SubjectDomainName":"STACKEDPADS","SubjectLogonId":"0x3e7","ServiceName":"DeviceAssociationBrokerSvc_30f223","ServiceFileName":"C:\\Windows\\system32\\svchost.exe -k DevicesFlow -p","ServiceType":"0xe0","ServiceStartType":"3","ServiceAccount":"LocalSystem","ClientProcessStartKey":"3940649673949203","ClientProcessId":"396","ParentProcessId":"644","EventReceivedTime":1657287720,"SourceModuleName":"in_default_channels","SourceModuleType":"im_msvistalog"}
<14>Jul  8 13:42:00 wrk-shasek.stackedpads.local Microsoft-Windows-Security-Auditing[660]: {"EventTime":1657287719,"Hostname":"wrk-shasek.stackedpads.local","Keywords":-9214364837600034816,"EventType":"AUDIT_SUCCESS","SeverityValue":2,"Severity":"INFO","EventID":4697,"SourceName":"Microsoft-Windows-Security-Auditing","ProviderGuid":"{54849625-5478-4994-A5BA-3E3B0328C30D}","Version":1,"Task":12289,"OpcodeValue":0,"RecordNumber":2712798,"ActivityID":"{66883D06-FD3B-0000-9C49-28DDCE92D801}","ProcessID":660,"ThreadID":1868,"Channel":"Security","Message":"A service was installed in the system.\r\n\r\nSubject:\r\n\tSecurity ID:\t\tS-1-5-18\r\n\tAccount Name:\t\tWRK-SHASEK$\r\n\tAccount Domain:\t\tSTACKEDPADS\r\n\tLogon ID:\t\t0x3E7\r\n\r\nService Information:\r\n\tService Name: \t\tCDPUserSvc_30f223\r\n\tService File Name:\tC:\\Windows\\system32\\svchost.exe -k UnistackSvcGroup\r\n\tService Type: \t\t0xE0\r\n\tService Start Type:\t2\r\n\tService Account: \t\tLocalSystem","Category":"Security System Extension","Opcode":"Info","SubjectUserSid":"S-1-5-18","SubjectUserName":"WRK-SHASEK$","SubjectDomainName":"STACKEDPADS","SubjectLogonId":"0x3e7","ServiceName":"CDPUserSvc_30f223","ServiceFileName":"C:\\Windows\\system32\\svchost.exe -k UnistackSvcGroup","ServiceType":"0xe0","ServiceStartType":"2","ServiceAccount":"LocalSystem","ClientProcessStartKey":"3940649673949203","ClientProcessId":"396","ParentProcessId":"644","EventReceivedTime":1657287720,"SourceModuleName":"in_default_channels","SourceModuleType":"im_msvistalog"}
<14>Jul  8 13:42:00 wrk-shasek.stackedpads.local Microsoft-Windows-Security-Auditing[660]: {"EventTime":1657287719,"Hostname":"wrk-shasek.stackedpads.local","Keywords":-9214364837600034816,"EventType":"AUDIT_SUCCESS","SeverityValue":2,"Severity":"INFO","EventID":4697,"SourceName":"Microsoft-Windows-Security-Auditing","ProviderGuid":"{54849625-5478-4994-A5BA-3E3B0328C30D}","Version":1,"Task":12289,"OpcodeValue":0,"RecordNumber":2712809,"ActivityID":"{66883D06-FD3B-0000-9C49-28DDCE92D801}","ProcessID":660,"ThreadID":1868,"Channel":"Security","Message":"A service was installed in the system.\r\n\r\nSubject:\r\n\tSecurity ID:\t\tS-1-5-18\r\n\tAccount Name:\t\tWRK-SHASEK$\r\n\tAccount Domain:\t\tSTACKEDPADS\r\n\tLogon ID:\t\t0x3E7\r\n\r\nService Information:\r\n\tService Name: \t\tUnistoreSvc_30f223\r\n\tService File Name:\tC:\\Windows\\System32\\svchost.exe -k UnistackSvcGroup\r\n\tService Type: \t\t0xE0\r\n\tService Start Type:\t3\r\n\tService Account: \t\tLocalSystem","Category":"Security System Extension","Opcode":"Info","SubjectUserSid":"S-1-5-18","SubjectUserName":"WRK-SHASEK$","SubjectDomainName":"STACKEDPADS","SubjectLogonId":"0x3e7","ServiceName":"UnistoreSvc_30f223","ServiceFileName":"C:\\Windows\\System32\\svchost.exe -k UnistackSvcGroup","ServiceType":"0xe0","ServiceStartType":"3","ServiceAccount":"LocalSystem","ClientProcessStartKey":"3940649673949203","ClientProcessId":"396","ParentProcessId":"644","EventReceivedTime":1657287720,"SourceModuleName":"in_default_channels","SourceModuleType":"im_msvistalog"}
<14>Jul  8 13:42:00 wrk-shasek.stackedpads.local Microsoft-Windows-Security-Auditing[660]: {"EventTime":1657287719,"Hostname":"wrk-shasek.stackedpads.local","Keywords":-9214364837600034816,"EventType":"AUDIT_SUCCESS","SeverityValue":2,"Severity":"INFO","EventID":4697,"SourceName":"Microsoft-Windows-Security-Auditing","ProviderGuid":"{54849625-5478-4994-A5BA-3E3B0328C30D}","Version":1,"Task":12289,"OpcodeValue":0,"RecordNumber":2712802,"ActivityID":"{66883D06-FD3B-0000-9C49-28DDCE92D801}","ProcessID":660,"ThreadID":1868,"Channel":"Security","Message":"A service was installed in the system.\r\n\r\nSubject:\r\n\tSecurity ID:\t\tS-1-5-18\r\n\tAccount Name:\t\tWRK-SHASEK$\r\n\tAccount Domain:\t\tSTACKEDPADS\r\n\tLogon ID:\t\t0x3E7\r\n\r\nService Information:\r\n\tService Name: \t\tDevicePickerUserSvc_30f223\r\n\tService File Name:\tC:\\Windows\\system32\\svchost.exe -k DevicesFlow\r\n\tService Type: \t\t0xE0\r\n\tService Start Type:\t3\r\n\tService Account: \t\tLocalSystem","Category":"Security System Extension","Opcode":"Info","SubjectUserSid":"S-1-5-18","SubjectUserName":"WRK-SHASEK$","SubjectDomainName":"STACKEDPADS","SubjectLogonId":"0x3e7","ServiceName":"DevicePickerUserSvc_30f223","ServiceFileName":"C:\\Windows\\system32\\svchost.exe -k DevicesFlow","ServiceType":"0xe0","ServiceStartType":"3","ServiceAccount":"LocalSystem","ClientProcessStartKey":"3940649673949203","ClientProcessId":"396","ParentProcessId":"644","EventReceivedTime":1657287720,"SourceModuleName":"in_default_channels","SourceModuleType":"im_msvistalog"}
<14>Jul  8 13:42:00 wrk-shasek.stackedpads.local Microsoft-Windows-Security-Auditing[660]: {"EventTime":1657287719,"Hostname":"wrk-shasek.stackedpads.local","Keywords":-9214364837600034816,"EventType":"AUDIT_SUCCESS","SeverityValue":2,"Severity":"INFO","EventID":4697,"SourceName":"Microsoft-Windows-Security-Auditing","ProviderGuid":"{54849625-5478-4994-A5BA-3E3B0328C30D}","Version":1,"Task":12289,"OpcodeValue":0,"RecordNumber":2712807,"ActivityID":"{66883D06-FD3B-0000-9C49-28DDCE92D801}","ProcessID":660,"ThreadID":1868,"Channel":"Security","Message":"A service was installed in the system.\r\n\r\nSubject:\r\n\tSecurity ID:\t\tS-1-5-18\r\n\tAccount Name:\t\tWRK-SHASEK$\r\n\tAccount Domain:\t\tSTACKEDPADS\r\n\tLogon ID:\t\t0x3E7\r\n\r\nService Information:\r\n\tService Name: \t\tPrintWorkflowUserSvc_30f223\r\n\tService File Name:\tC:\\Windows\\system32\\svchost.exe -k PrintWorkflow\r\n\tService Type: \t\t0xE0\r\n\tService Start Type:\t3\r\n\tService Account: \t\tLocalSystem","Category":"Security System Extension","Opcode":"Info","SubjectUserSid":"S-1-5-18","SubjectUserName":"WRK-SHASEK$","SubjectDomainName":"STACKEDPADS","SubjectLogonId":"0x3e7","ServiceName":"PrintWorkflowUserSvc_30f223","ServiceFileName":"C:\\Windows\\system32\\svchost.exe -k PrintWorkflow","ServiceType":"0xe0","ServiceStartType":"3","ServiceAccount":"LocalSystem","ClientProcessStartKey":"3940649673949203","ClientProcessId":"396","ParentProcessId":"644","EventReceivedTime":1657287720,"SourceModuleName":"in_default_channels","SourceModuleType":"im_msvistalog"}
<14>Jul  8 13:42:00 wrk-shasek.stackedpads.local Microsoft-Windows-Security-Auditing[660]: {"EventTime":1657287719,"Hostname":"wrk-shasek.stackedpads.local","Keywords":-9214364837600034816,"EventType":"AUDIT_SUCCESS","SeverityValue":2,"Severity":"INFO","EventID":4697,"SourceName":"Microsoft-Windows-Security-Auditing","ProviderGuid":"{54849625-5478-4994-A5BA-3E3B0328C30D}","Version":1,"Task":12289,"OpcodeValue":0,"RecordNumber":2712789,"ActivityID":"{66883D06-FD3B-0000-9C49-28DDCE92D801}","ProcessID":660,"ThreadID":6072,"Channel":"Security","Message":"A service was installed in the system.\r\n\r\nSubject:\r\n\tSecurity ID:\t\tS-1-5-18\r\n\tAccount Name:\t\tWRK-SHASEK$\r\n\tAccount Domain:\t\tSTACKEDPADS\r\n\tLogon ID:\t\t0x3E7\r\n\r\nService Information:\r\n\tService Name: \t\tBluetoothUserService_30f223\r\n\tService File Name:\tC:\\Windows\\system32\\svchost.exe -k BthAppGroup -p\r\n\tService Type: \t\t0xE0\r\n\tService Start Type:\t3\r\n\tService Account: \t\tLocalSystem","Category":"Security System Extension","Opcode":"Info","SubjectUserSid":"S-1-5-18","SubjectUserName":"WRK-SHASEK$","SubjectDomainName":"STACKEDPADS","SubjectLogonId":"0x3e7","ServiceName":"BluetoothUserService_30f223","ServiceFileName":"C:\\Windows\\system32\\svchost.exe -k BthAppGroup -p","ServiceType":"0xe0","ServiceStartType":"3","ServiceAccount":"LocalSystem","ClientProcessStartKey":"3940649673949203","ClientProcessId":"396","ParentProcessId":"644","EventReceivedTime":1657287720,"SourceModuleName":"in_default_channels","SourceModuleType":"im_msvistalog"}
<14>Jul  8 13:42:00 wrk-shasek.stackedpads.local Microsoft-Windows-Security-Auditing[660]: {"EventTime":1657287719,"Hostname":"wrk-shasek.stackedpads.local","Keywords":-9214364837600034816,"EventType":"AUDIT_SUCCESS","SeverityValue":2,"Severity":"INFO","EventID":4697,"SourceName":"Microsoft-Windows-Security-Auditing","ProviderGuid":"{54849625-5478-4994-A5BA-3E3B0328C30D}","Version":1,"Task":12289,"OpcodeValue":0,"RecordNumber":2712799,"ActivityID":"{66883D06-FD3B-0000-9C49-28DDCE92D801}","ProcessID":660,"ThreadID":1868,"Channel":"Security","Message":"A service was installed in the system.\r\n\r\nSubject:\r\n\tSecurity ID:\t\tS-1-5-18\r\n\tAccount Name:\t\tWRK-SHASEK$\r\n\tAccount Domain:\t\tSTACKEDPADS\r\n\tLogon ID:\t\t0x3E7\r\n\r\nService Information:\r\n\tService Name: \t\tConsentUxUserSvc_30f223\r\n\tService File Name:\tC:\\Windows\\system32\\svchost.exe -k DevicesFlow\r\n\tService Type: \t\t0xE0\r\n\tService Start Type:\t3\r\n\tService Account: \t\tLocalSystem","Category":"Security System Extension","Opcode":"Info","SubjectUserSid":"S-1-5-18","SubjectUserName":"WRK-SHASEK$","SubjectDomainName":"STACKEDPADS","SubjectLogonId":"0x3e7","ServiceName":"ConsentUxUserSvc_30f223","ServiceFileName":"C:\\Windows\\system32\\svchost.exe -k DevicesFlow","ServiceType":"0xe0","ServiceStartType":"3","ServiceAccount":"LocalSystem","ClientProcessStartKey":"3940649673949203","ClientProcessId":"396","ParentProcessId":"644","EventReceivedTime":1657287720,"SourceModuleName":"in_default_channels","SourceModuleType":"im_msvistalog"}
<14>Jul  8 13:42:00 wrk-shasek.stackedpads.local Microsoft-Windows-Security-Auditing[660]: {"EventTime":1657287719,"Hostname":"wrk-shasek.stackedpads.local","Keywords":-9214364837600034816,"EventType":"AUDIT_SUCCESS","SeverityValue":2,"Severity":"INFO","EventID":4697,"SourceName":"Microsoft-Windows-Security-Auditing","ProviderGuid":"{54849625-5478-4994-A5BA-3E3B0328C30D}","Version":1,"Task":12289,"OpcodeValue":0,"RecordNumber":2712788,"ActivityID":"{66883D06-FD3B-0000-9C49-28DDCE92D801}","ProcessID":660,"ThreadID":6072,"Channel":"Security","Message":"A service was installed in the system.\r\n\r\nSubject:\r\n\tSecurity ID:\t\tS-1-5-18\r\n\tAccount Name:\t\tWRK-SHASEK$\r\n\tAccount Domain:\t\tSTACKEDPADS\r\n\tLogon ID:\t\t0x3E7\r\n\r\nService Information:\r\n\tService Name: \t\tBcastDVRUserService_30f223\r\n\tService File Name:\tC:\\Windows\\system32\\svchost.exe -k BcastDVRUserService\r\n\tService Type: \t\t0xE0\r\n\tService Start Type:\t3\r\n\tService Account: \t\tLocalSystem","Category":"Security System Extension","Opcode":"Info","SubjectUserSid":"S-1-5-18","SubjectUserName":"WRK-SHASEK$","SubjectDomainName":"STACKEDPADS","SubjectLogonId":"0x3e7","ServiceName":"BcastDVRUserService_30f223","ServiceFileName":"C:\\Windows\\system32\\svchost.exe -k BcastDVRUserService","ServiceType":"0xe0","ServiceStartType":"3","ServiceAccount":"LocalSystem","ClientProcessStartKey":"3940649673949203","ClientProcessId":"396","ParentProcessId":"644","EventReceivedTime":1657287720,"SourceModuleName":"in_default_channels","SourceModuleType":"im_msvistalog"}
<14>Jul  8 13:42:00 wrk-shasek.stackedpads.local Microsoft-Windows-Security-Auditing[660]: {"EventTime":1657287719,"Hostname":"wrk-shasek.stackedpads.local","Keywords":-9214364837600034816,"EventType":"AUDIT_SUCCESS","SeverityValue":2,"Severity":"INFO","EventID":4697,"SourceName":"Microsoft-Windows-Security-Auditing","ProviderGuid":"{54849625-5478-4994-A5BA-3E3B0328C30D}","Version":1,"Task":12289,"OpcodeValue":0,"RecordNumber":2712796,"ActivityID":"{66883D06-FD3B-0000-9C49-28DDCE92D801}","ProcessID":660,"ThreadID":1868,"Channel":"Security","Message":"A service was installed in the system.\r\n\r\nSubject:\r\n\tSecurity ID:\t\tS-1-5-18\r\n\tAccount Name:\t\tWRK-SHASEK$\r\n\tAccount Domain:\t\tSTACKEDPADS\r\n\tLogon ID:\t\t0x3E7\r\n\r\nService Information:\r\n\tService Name: \t\tCaptureService_30f223\r\n\tService File Name:\tC:\\Windows\\system32\\svchost.exe -k LocalService -p\r\n\tService Type: \t\t0xE0\r\n\tService Start Type:\t3\r\n\tService Account: \t\tLocalSystem","Category":"Security System Extension","Opcode":"Info","SubjectUserSid":"S-1-5-18","SubjectUserName":"WRK-SHASEK$","SubjectDomainName":"STACKEDPADS","SubjectLogonId":"0x3e7","ServiceName":"CaptureService_30f223","ServiceFileName":"C:\\Windows\\system32\\svchost.exe -k LocalService -p","ServiceType":"0xe0","ServiceStartType":"3","ServiceAccount":"LocalSystem","ClientProcessStartKey":"3940649673949203","ClientProcessId":"396","ParentProcessId":"644","EventReceivedTime":1657287720,"SourceModuleName":"in_default_channels","SourceModuleType":"im_msvistalog"}
<14>Jul  8 13:42:00 wrk-shasek.stackedpads.local Microsoft-Windows-Security-Auditing[660]: {"EventTime":1657287719,"Hostname":"wrk-shasek.stackedpads.local","Keywords":-9214364837600034816,"EventType":"AUDIT_SUCCESS","SeverityValue":2,"Severity":"INFO","EventID":4697,"SourceName":"Microsoft-Windows-Security-Auditing","ProviderGuid":"{54849625-5478-4994-A5BA-3E3B0328C30D}","Version":1,"Task":12289,"OpcodeValue":0,"RecordNumber":2712808,"ActivityID":"{66883D06-FD3B-0000-9C49-28DDCE92D801}","ProcessID":660,"ThreadID":1868,"Channel":"Security","Message":"A service was installed in the system.\r\n\r\nSubject:\r\n\tSecurity ID:\t\tS-1-5-18\r\n\tAccount Name:\t\tWRK-SHASEK$\r\n\tAccount Domain:\t\tSTACKEDPADS\r\n\tLogon ID:\t\t0x3E7\r\n\r\nService Information:\r\n\tService Name: \t\tUdkUserSvc_30f223\r\n\tService File Name:\tC:\\Windows\\system32\\svchost.exe -k UdkSvcGroup\r\n\tService Type: \t\t0xE0\r\n\tService Start Type:\t3\r\n\tService Account: \t\tLocalSystem","Category":"Security System Extension","Opcode":"Info","SubjectUserSid":"S-1-5-18","SubjectUserName":"WRK-SHASEK$","SubjectDomainName":"STACKEDPADS","SubjectLogonId":"0x3e7","ServiceName":"UdkUserSvc_30f223","ServiceFileName":"C:\\Windows\\system32\\svchost.exe -k UdkSvcGroup","ServiceType":"0xe0","ServiceStartType":"3","ServiceAccount":"LocalSystem","ClientProcessStartKey":"3940649673949203","ClientProcessId":"396","ParentProcessId":"644","EventReceivedTime":1657287720,"SourceModuleName":"in_default_channels","SourceModuleType":"im_msvistalog"}
<14>Jul  8 13:42:00 wrk-shasek.stackedpads.local Microsoft-Windows-Security-Auditing[660]: {"EventTime":1657287719,"Hostname":"wrk-shasek.stackedpads.local","Keywords":-9214364837600034816,"EventType":"AUDIT_SUCCESS","SeverityValue":2,"Severity":"INFO","EventID":4697,"SourceName":"Microsoft-Windows-Security-Auditing","ProviderGuid":"{54849625-5478-4994-A5BA-3E3B0328C30D}","Version":1,"Task":12289,"OpcodeValue":0,"RecordNumber":2712797,"ActivityID":"{66883D06-FD3B-0000-9C49-28DDCE92D801}","ProcessID":660,"ThreadID":1868,"Channel":"Security","Message":"A service was installed in the system.\r\n\r\nSubject:\r\n\tSecurity ID:\t\tS-1-5-18\r\n\tAccount Name:\t\tWRK-SHASEK$\r\n\tAccount Domain:\t\tSTACKEDPADS\r\n\tLogon ID:\t\t0x3E7\r\n\r\nService Information:\r\n\tService Name: \t\tcbdhsvc_30f223\r\n\tService File Name:\tC:\\Windows\\system32\\svchost.exe -k ClipboardSvcGroup -p\r\n\tService Type: \t\t0xE0\r\n\tService Start Type:\t3\r\n\tService Account: \t\tLocalSystem","Category":"Security System Extension","Opcode":"Info","SubjectUserSid":"S-1-5-18","SubjectUserName":"WRK-SHASEK$","SubjectDomainName":"STACKEDPADS","SubjectLogonId":"0x3e7","ServiceName":"cbdhsvc_30f223","ServiceFileName":"C:\\Windows\\system32\\svchost.exe -k ClipboardSvcGroup -p","ServiceType":"0xe0","ServiceStartType":"3","ServiceAccount":"LocalSystem","ClientProcessStartKey":"3940649673949203","ClientProcessId":"396","ParentProcessId":"644","EventReceivedTime":1657287720,"SourceModuleName":"in_default_channels","SourceModuleType":"im_msvistalog"}
<14>Jul  8 13:42:00 wrk-shasek.stackedpads.local Microsoft-Windows-Security-Auditing[660]: {"EventTime":1657287719,"Hostname":"wrk-shasek.stackedpads.local","Keywords":-9214364837600034816,"EventType":"AUDIT_SUCCESS","SeverityValue":2,"Severity":"INFO","EventID":4697,"SourceName":"Microsoft-Windows-Security-Auditing","ProviderGuid":"{54849625-5478-4994-A5BA-3E3B0328C30D}","Version":1,"Task":12289,"OpcodeValue":0,"RecordNumber":2712811,"ActivityID":"{66883D06-FD3B-0000-9C49-28DDCE92D801}","ProcessID":660,"ThreadID":1868,"Channel":"Security","Message":"A service was installed in the system.\r\n\r\nSubject:\r\n\tSecurity ID:\t\tS-1-5-18\r\n\tAccount Name:\t\tWRK-SHASEK$\r\n\tAccount Domain:\t\tSTACKEDPADS\r\n\tLogon ID:\t\t0x3E7\r\n\r\nService Information:\r\n\tService Name: \t\tWpnUserService_30f223\r\n\tService File Name:\tC:\\Windows\\system32\\svchost.exe -k UnistackSvcGroup\r\n\tService Type: \t\t0xE0\r\n\tService Start Type:\t2\r\n\tService Account: \t\tLocalSystem","Category":"Security System Extension","Opcode":"Info","SubjectUserSid":"S-1-5-18","SubjectUserName":"WRK-SHASEK$","SubjectDomainName":"STACKEDPADS","SubjectLogonId":"0x3e7","ServiceName":"WpnUserService_30f223","ServiceFileName":"C:\\Windows\\system32\\svchost.exe -k UnistackSvcGroup","ServiceType":"0xe0","ServiceStartType":"2","ServiceAccount":"LocalSystem","ClientProcessStartKey":"3940649673949203","ClientProcessId":"396","ParentProcessId":"644","EventReceivedTime":1657287720,"SourceModuleName":"in_default_channels","SourceModuleType":"im_msvistalog"}
<14>Jul  8 13:42:00 wrk-shasek.stackedpads.local Microsoft-Windows-Security-Auditing[660]: {"EventTime":1657287719,"Hostname":"wrk-shasek.stackedpads.local","Keywords":-9214364837600034816,"EventType":"AUDIT_SUCCESS","SeverityValue":2,"Severity":"INFO","EventID":4697,"SourceName":"Microsoft-Windows-Security-Auditing","ProviderGuid":"{54849625-5478-4994-A5BA-3E3B0328C30D}","Version":1,"Task":12289,"OpcodeValue":0,"RecordNumber":2712805,"ActivityID":"{66883D06-FD3B-0000-9C49-28DDCE92D801}","ProcessID":660,"ThreadID":1868,"Channel":"Security","Message":"A service was installed in the system.\r\n\r\nSubject:\r\n\tSecurity ID:\t\tS-1-5-18\r\n\tAccount Name:\t\tWRK-SHASEK$\r\n\tAccount Domain:\t\tSTACKEDPADS\r\n\tLogon ID:\t\t0x3E7\r\n\r\nService Information:\r\n\tService Name: \t\tOneSyncSvc_30f223\r\n\tService File Name:\tC:\\Windows\\system32\\svchost.exe -k UnistackSvcGroup\r\n\tService Type: \t\t0xE0\r\n\tService Start Type:\t2\r\n\tService Account: \t\tLocalSystem","Category":"Security System Extension","Opcode":"Info","SubjectUserSid":"S-1-5-18","SubjectUserName":"WRK-SHASEK$","SubjectDomainName":"STACKEDPADS","SubjectLogonId":"0x3e7","ServiceName":"OneSyncSvc_30f223","ServiceFileName":"C:\\Windows\\system32\\svchost.exe -k UnistackSvcGroup","ServiceType":"0xe0","ServiceStartType":"2","ServiceAccount":"LocalSystem","ClientProcessStartKey":"3940649673949203","ClientProcessId":"396","ParentProcessId":"644","EventReceivedTime":1657287720,"SourceModuleName":"in_default_channels","SourceModuleType":"im_msvistalog"}
<14>Jul  8 13:42:00 wrk-shasek.stackedpads.local Microsoft-Windows-TaskScheduler[396]: {"EventTime":1657287719,"Hostname":"wrk-shasek.stackedpads.local","Keywords":-9223372036854775808,"EventType":"INFO","SeverityValue":2,"Severity":"INFO","EventID":129,"SourceName":"Microsoft-Windows-TaskScheduler","ProviderGuid":"{DE7B24EA-73C8-4A09-985D-5BDADCFA9017}","Version":0,"Task":129,"OpcodeValue":0,"RecordNumber":5536,"ProcessID":396,"ThreadID":6148,"Channel":"Microsoft-Windows-TaskScheduler/Operational","Domain":"NT AUTHORITY","AccountName":"SYSTEM","UserID":"S-1-5-18","AccountType":"User","Message":"Task Scheduler launch task \"\\Microsoft\\Windows\\Multimedia\\SystemSoundsService\" , instance \"taskhostw.exe\"  with process ID 3084.","Category":"Created Task Process","Opcode":"Info","TaskName":"\\Microsoft\\Windows\\Multimedia\\SystemSoundsService","Path":"taskhostw.exe","Priority":"32","EventReceivedTime":1657287720,"SourceModuleName":"in_default_channels","SourceModuleType":"im_msvistalog"}
<14>Jul  8 13:42:00 wrk-shasek.stackedpads.local Microsoft-Windows-TaskScheduler[396]: {"EventTime":1657287719,"Hostname":"wrk-shasek.stackedpads.local","Keywords":-9223372036854775808,"EventType":"INFO","SeverityValue":2,"Severity":"INFO","EventID":129,"SourceName":"Microsoft-Windows-TaskScheduler","ProviderGuid":"{DE7B24EA-73C8-4A09-985D-5BDADCFA9017}","Version":0,"Task":129,"OpcodeValue":0,"RecordNumber":5528,"ProcessID":396,"ThreadID":3180,"Channel":"Microsoft-Windows-TaskScheduler/Operational","Domain":"NT AUTHORITY","AccountName":"SYSTEM","UserID":"S-1-5-18","AccountType":"User","Message":"Task Scheduler launch task \"\\Microsoft\\Windows\\CertificateServicesClient\\UserTask\" , instance \"taskhostw.exe\"  with process ID 4084.","Category":"Created Task Process","Opcode":"Info","TaskName":"\\Microsoft\\Windows\\CertificateServicesClient\\UserTask","Path":"taskhostw.exe","Priority":"32","EventReceivedTime":1657287720,"SourceModuleName":"in_default_channels","SourceModuleType":"im_msvistalog"}
<14>Jul  8 13:42:00 wrk-shasek.stackedpads.local Microsoft-Windows-TaskScheduler[396]: {"EventTime":1657287719,"Hostname":"wrk-shasek.stackedpads.local","Keywords":-9223372036854775808,"EventType":"INFO","SeverityValue":2,"Severity":"INFO","EventID":129,"SourceName":"Microsoft-Windows-TaskScheduler","ProviderGuid":"{DE7B24EA-73C8-4A09-985D-5BDADCFA9017}","Version":0,"Task":129,"OpcodeValue":0,"RecordNumber":5519,"ProcessID":396,"ThreadID":4296,"Channel":"Microsoft-Windows-TaskScheduler/Operational","Domain":"NT AUTHORITY","AccountName":"SYSTEM","UserID":"S-1-5-18","AccountType":"User","Message":"Task Scheduler launch task \"\\GoogleUpdateTaskMachineCore{1BC06F6B-B272-475C-BD48-5B53F79D9466}\" , instance \"C:\\Program Files (x86)\\Google\\Update\\GoogleUpdate.exe\"  with process ID 6988.","Category":"Created Task Process","Opcode":"Info","TaskName":"\\GoogleUpdateTaskMachineCore{1BC06F6B-B272-475C-BD48-5B53F79D9466}","Path":"C:\\Program Files (x86)\\Google\\Update\\GoogleUpdate.exe","Priority":"16384","EventReceivedTime":1657287720,"SourceModuleName":"in_default_channels","SourceModuleType":"im_msvistalog"}
<14>Jul  8 13:42:00 wrk-shasek.stackedpads.local Microsoft-Windows-TaskScheduler[396]: {"EventTime":1657287719,"Hostname":"wrk-shasek.stackedpads.local","Keywords":-9223372036854775808,"EventType":"INFO","SeverityValue":2,"Severity":"INFO","EventID":129,"SourceName":"Microsoft-Windows-TaskScheduler","ProviderGuid":"{DE7B24EA-73C8-4A09-985D-5BDADCFA9017}","Version":0,"Task":129,"OpcodeValue":0,"RecordNumber":5541,"ProcessID":396,"ThreadID":4296,"Channel":"Microsoft-Windows-TaskScheduler/Operational","Domain":"NT AUTHORITY","AccountName":"SYSTEM","UserID":"S-1-5-18","AccountType":"User","Message":"Task Scheduler launch task \"\\Microsoft\\Windows\\Plug and Play\\Device Install Reboot Required\" , instance \"taskhostw.exe\"  with process ID 6840.","Category":"Created Task Process","Opcode":"Info","TaskName":"\\Microsoft\\Windows\\Plug and Play\\Device Install Reboot Required","Path":"taskhostw.exe","Priority":"32","EventReceivedTime":1657287720,"SourceModuleName":"in_default_channels","SourceModuleType":"im_msvistalog"}
<14>Jul  8 13:42:00 wrk-shasek.stackedpads.local Microsoft-Windows-TaskScheduler[396]: {"EventTime":1657287719,"Hostname":"wrk-shasek.stackedpads.local","Keywords":-9223372036854775808,"EventType":"INFO","SeverityValue":2,"Severity":"INFO","EventID":129,"SourceName":"Microsoft-Windows-TaskScheduler","ProviderGuid":"{DE7B24EA-73C8-4A09-985D-5BDADCFA9017}","Version":0,"Task":129,"OpcodeValue":0,"RecordNumber":5522,"ProcessID":396,"ThreadID":5592,"Channel":"Microsoft-Windows-TaskScheduler/Operational","Domain":"NT AUTHORITY","AccountName":"SYSTEM","UserID":"S-1-5-18","AccountType":"User","Message":"Task Scheduler launch task \"\\MicrosoftEdgeUpdateTaskMachineCore\" , instance \"C:\\Program Files (x86)\\Microsoft\\EdgeUpdate\\MicrosoftEdgeUpdate.exe\"  with process ID 6912.","Category":"Created Task Process","Opcode":"Info","TaskName":"\\MicrosoftEdgeUpdateTaskMachineCore","Path":"C:\\Program Files (x86)\\Microsoft\\EdgeUpdate\\MicrosoftEdgeUpdate.exe","Priority":"32","EventReceivedTime":1657287720,"SourceModuleName":"in_default_channels","SourceModuleType":"im_msvistalog"}
<14>Jul  8 13:42:00 wrk-shasek.stackedpads.local Microsoft-Windows-TaskScheduler[396]: {"EventTime":1657287719,"Hostname":"wrk-shasek.stackedpads.local","Keywords":-9223372036854775808,"EventType":"INFO","SeverityValue":2,"Severity":"INFO","EventID":140,"SourceName":"Microsoft-Windows-TaskScheduler","ProviderGuid":"{DE7B24EA-73C8-4A09-985D-5BDADCFA9017}","Version":0,"Task":140,"OpcodeValue":0,"RecordNumber":5516,"ProcessID":396,"ThreadID":1284,"Channel":"Microsoft-Windows-TaskScheduler/Operational","Domain":"NT AUTHORITY","AccountName":"SYSTEM","UserID":"S-1-5-18","AccountType":"User","Message":"User \"S-1-5-20\"  updated Task Scheduler task \"\\Microsoft\\Windows\\GroupPolicy\\{A7719E0F-10DB-4640-AD8C-490CC6AD5202}\"","Category":"Task registration updated","Opcode":"Info","TaskName":"\\Microsoft\\Windows\\GroupPolicy\\{A7719E0F-10DB-4640-AD8C-490CC6AD5202}","UserName":"S-1-5-20","EventReceivedTime":1657287720,"SourceModuleName":"in_default_channels","SourceModuleType":"im_msvistalog"}
<14>Jul  8 13:42:00 wrk-shasek.stackedpads.local Microsoft-Windows-Security-Auditing[4]: {"EventTime":1657287719,"Hostname":"wrk-shasek.stackedpads.local","Keywords":-9214364837600034816,"EventType":"AUDIT_SUCCESS","SeverityValue":2,"Severity":"INFO","EventID":4703,"SourceName":"Microsoft-Windows-Security-Auditing","ProviderGuid":"{54849625-5478-4994-A5BA-3E3B0328C30D}","Version":0,"Task":13317,"OpcodeValue":0,"RecordNumber":2712795,"ProcessID":4,"ThreadID":6392,"Channel":"Security","Message":"A token right was adjusted.\r\n\r\nSubject:\r\n\tSecurity ID:\t\tS-1-5-18\r\n\tAccount Name:\t\tWRK-SHASEK$\r\n\tAccount Domain:\t\tSTACKEDPADS\r\n\tLogon ID:\t\t0x3E7\r\n\r\nTarget Account:\r\n\tSecurity ID:\t\tS-1-0-0\r\n\tAccount Name:\t\tWRK-SHASEK$\r\n\tAccount Domain:\t\tSTACKEDPADS\r\n\tLogon ID:\t\t0x3E7\r\n\r\nProcess Information:\r\n\tProcess ID:\t\t0x191c\r\n\tProcess Name:\t\tC:\\Windows\\System32\\winlogon.exe\r\n\r\nEnabled Privileges:\r\n\t\t\t-\r\n\r\nDisabled Privileges:\r\n\t\t\tSeSecurityPrivilege","Category":"Token Right Adjusted Events","Opcode":"Info","SubjectUserSid":"S-1-5-18","SubjectUserName":"WRK-SHASEK$","SubjectDomainName":"STACKEDPADS","SubjectLogonId":"0x3e7","TargetUserSid":"S-1-0-0","TargetUserName":"WRK-SHASEK$","TargetDomainName":"STACKEDPADS","TargetLogonId":"0x3e7","ProcessName":"C:\\Windows\\System32\\winlogon.exe","EnabledPrivilegeList":"-","DisabledPrivilegeList":"SeSecurityPrivilege","EventReceivedTime":1657287720,"SourceModuleName":"in_default_channels","SourceModuleType":"im_msvistalog"}
<14>Jul  8 13:42:00 wrk-shasek.stackedpads.local Microsoft-Windows-Security-Auditing[4]: {"EventTime":1657287719,"Hostname":"wrk-shasek.stackedpads.local","Keywords":-9214364837600034816,"EventType":"AUDIT_SUCCESS","SeverityValue":2,"Severity":"INFO","EventID":4703,"SourceName":"Microsoft-Windows-Security-Auditing","ProviderGuid":"{54849625-5478-4994-A5BA-3E3B0328C30D}","Version":0,"Task":13317,"OpcodeValue":0,"RecordNumber":2712784,"ProcessID":4,"ThreadID":6392,"Channel":"Security","Message":"A token right was adjusted.\r\n\r\nSubject:\r\n\tSecurity ID:\t\tS-1-5-18\r\n\tAccount Name:\t\tWRK-SHASEK$\r\n\tAccount Domain:\t\tSTACKEDPADS\r\n\tLogon ID:\t\t0x3E7\r\n\r\nTarget Account:\r\n\tSecurity ID:\t\tS-1-0-0\r\n\tAccount Name:\t\tWRK-SHASEK$\r\n\tAccount Domain:\t\tSTACKEDPADS\r\n\tLogon ID:\t\t0x3E7\r\n\r\nProcess Information:\r\n\tProcess ID:\t\t0x18c\r\n\tProcess Name:\t\tC:\\Windows\\System32\\svchost.exe\r\n\r\nEnabled Privileges:\r\n\t\t\t-\r\n\r\nDisabled Privileges:\r\n\t\t\tSeRestorePrivilege","Category":"Token Right Adjusted Events","Opcode":"Info","SubjectUserSid":"S-1-5-18","SubjectUserName":"WRK-SHASEK$","SubjectDomainName":"STACKEDPADS","SubjectLogonId":"0x3e7","TargetUserSid":"S-1-0-0","TargetUserName":"WRK-SHASEK$","TargetDomainName":"STACKEDPADS","TargetLogonId":"0x3e7","ProcessName":"C:\\Windows\\System32\\svchost.exe","EnabledPrivilegeList":"-","DisabledPrivilegeList":"SeRestorePrivilege","EventReceivedTime":1657287720,"SourceModuleName":"in_default_channels","SourceModuleType":"im_msvistalog"}
<14>Jul  8 13:42:00 wrk-shasek.stackedpads.local Microsoft-Windows-Security-Auditing[4]: {"EventTime":1657287719,"Hostname":"wrk-shasek.stackedpads.local","Keywords":-9214364837600034816,"EventType":"AUDIT_SUCCESS","SeverityValue":2,"Severity":"INFO","EventID":4703,"SourceName":"Microsoft-Windows-Security-Auditing","ProviderGuid":"{54849625-5478-4994-A5BA-3E3B0328C30D}","Version":0,"Task":13317,"OpcodeValue":0,"RecordNumber":2712782,"ProcessID":4,"ThreadID":6392,"Channel":"Security","Message":"A token right was adjusted.\r\n\r\nSubject:\r\n\tSecurity ID:\t\tS-1-5-18\r\n\tAccount Name:\t\tWRK-SHASEK$\r\n\tAccount Domain:\t\tSTACKEDPADS\r\n\tLogon ID:\t\t0x3E7\r\n\r\nTarget Account:\r\n\tSecurity ID:\t\tS-1-0-0\r\n\tAccount Name:\t\tWRK-SHASEK$\r\n\tAccount Domain:\t\tSTACKEDPADS\r\n\tLogon ID:\t\t0x3E7\r\n\r\nProcess Information:\r\n\tProcess ID:\t\t0x18c\r\n\tProcess Name:\t\tC:\\Windows\\System32\\svchost.exe\r\n\r\nEnabled Privileges:\r\n\t\t\tSeRestorePrivilege\r\n\r\nDisabled Privileges:\r\n\t\t\t-","Category":"Token Right Adjusted Events","Opcode":"Info","SubjectUserSid":"S-1-5-18","SubjectUserName":"WRK-SHASEK$","SubjectDomainName":"STACKEDPADS","SubjectLogonId":"0x3e7","TargetUserSid":"S-1-0-0","TargetUserName":"WRK-SHASEK$","TargetDomainName":"STACKEDPADS","TargetLogonId":"0x3e7","ProcessName":"C:\\Windows\\System32\\svchost.exe","EnabledPrivilegeList":"SeRestorePrivilege","DisabledPrivilegeList":"-","EventReceivedTime":1657287720,"SourceModuleName":"in_default_channels","SourceModuleType":"im_msvistalog"}
<14>Jul  8 13:42:00 wrk-shasek.stackedpads.local Microsoft-Windows-Security-Auditing[4]: {"EventTime":1657287719,"Hostname":"wrk-shasek.stackedpads.local","Keywords":-9214364837600034816,"EventType":"AUDIT_SUCCESS","SeverityValue":2,"Severity":"INFO","EventID":4703,"SourceName":"Microsoft-Windows-Security-Auditing","ProviderGuid":"{54849625-5478-4994-A5BA-3E3B0328C30D}","Version":0,"Task":13317,"OpcodeValue":0,"RecordNumber":2712794,"ProcessID":4,"ThreadID":6392,"Channel":"Security","Message":"A token right was adjusted.\r\n\r\nSubject:\r\n\tSecurity ID:\t\tS-1-5-18\r\n\tAccount Name:\t\tWRK-SHASEK$\r\n\tAccount Domain:\t\tSTACKEDPADS\r\n\tLogon ID:\t\t0x3E7\r\n\r\nTarget Account:\r\n\tSecurity ID:\t\tS-1-0-0\r\n\tAccount Name:\t\tWRK-SHASEK$\r\n\tAccount Domain:\t\tSTACKEDPADS\r\n\tLogon ID:\t\t0x3E7\r\n\r\nProcess Information:\r\n\tProcess ID:\t\t0x191c\r\n\tProcess Name:\t\tC:\\Windows\\System32\\winlogon.exe\r\n\r\nEnabled Privileges:\r\n\t\t\tSeSecurityPrivilege\r\n\r\nDisabled Privileges:\r\n\t\t\t-","Category":"Token Right Adjusted Events","Opcode":"Info","SubjectUserSid":"S-1-5-18","SubjectUserName":"WRK-SHASEK$","SubjectDomainName":"STACKEDPADS","SubjectLogonId":"0x3e7","TargetUserSid":"S-1-0-0","TargetUserName":"WRK-SHASEK$","TargetDomainName":"STACKEDPADS","TargetLogonId":"0x3e7","ProcessName":"C:\\Windows\\System32\\winlogon.exe","EnabledPrivilegeList":"SeSecurityPrivilege","DisabledPrivilegeList":"-","EventReceivedTime":1657287720,"SourceModuleName":"in_default_channels","SourceModuleType":"im_msvistalog"}
<14>Jul  8 13:42:00 wrk-shasek.stackedpads.local Microsoft-Windows-Security-Auditing[4]: {"EventTime":1657287719,"Hostname":"wrk-shasek.stackedpads.local","Keywords":-9214364837600034816,"EventType":"AUDIT_SUCCESS","SeverityValue":2,"Severity":"INFO","EventID":4703,"SourceName":"Microsoft-Windows-Security-Auditing","ProviderGuid":"{54849625-5478-4994-A5BA-3E3B0328C30D}","Version":0,"Task":13317,"OpcodeValue":0,"RecordNumber":2712790,"ProcessID":4,"ThreadID":6392,"Channel":"Security","Message":"A token right was adjusted.\r\n\r\nSubject:\r\n\tSecurity ID:\t\tS-1-5-18\r\n\tAccount Name:\t\tWRK-SHASEK$\r\n\tAccount Domain:\t\tSTACKEDPADS\r\n\tLogon ID:\t\t0x3E7\r\n\r\nTarget Account:\r\n\tSecurity ID:\t\tS-1-0-0\r\n\tAccount Name:\t\tWRK-SHASEK$\r\n\tAccount Domain:\t\tSTACKEDPADS\r\n\tLogon ID:\t\t0x3E7\r\n\r\nProcess Information:\r\n\tProcess ID:\t\t0x191c\r\n\tProcess Name:\t\tC:\\Windows\\System32\\winlogon.exe\r\n\r\nEnabled Privileges:\r\n\t\t\tSeSecurityPrivilege\r\n\r\nDisabled Privileges:\r\n\t\t\t-","Category":"Token Right Adjusted Events","Opcode":"Info","SubjectUserSid":"S-1-5-18","SubjectUserName":"WRK-SHASEK$","SubjectDomainName":"STACKEDPADS","SubjectLogonId":"0x3e7","TargetUserSid":"S-1-0-0","TargetUserName":"WRK-SHASEK$","TargetDomainName":"STACKEDPADS","TargetLogonId":"0x3e7","ProcessName":"C:\\Windows\\System32\\winlogon.exe","EnabledPrivilegeList":"SeSecurityPrivilege","DisabledPrivilegeList":"-","EventReceivedTime":1657287720,"SourceModuleName":"in_default_channels","SourceModuleType":"im_msvistalog"}
<14>Jul  8 13:42:00 wrk-shasek.stackedpads.local Microsoft-Windows-Security-Auditing[4]: {"EventTime":1657287719,"Hostname":"wrk-shasek.stackedpads.local","Keywords":-9214364837600034816,"EventType":"AUDIT_SUCCESS","SeverityValue":2,"Severity":"INFO","EventID":4703,"SourceName":"Microsoft-Windows-Security-Auditing","ProviderGuid":"{54849625-5478-4994-A5BA-3E3B0328C30D}","Version":0,"Task":13317,"OpcodeValue":0,"RecordNumber":2712793,"ProcessID":4,"ThreadID":6392,"Channel":"Security","Message":"A token right was adjusted.\r\n\r\nSubject:\r\n\tSecurity ID:\t\tS-1-5-18\r\n\tAccount Name:\t\tWRK-SHASEK$\r\n\tAccount Domain:\t\tSTACKEDPADS\r\n\tLogon ID:\t\t0x3E7\r\n\r\nTarget Account:\r\n\tSecurity ID:\t\tS-1-0-0\r\n\tAccount Name:\t\tWRK-SHASEK$\r\n\tAccount Domain:\t\tSTACKEDPADS\r\n\tLogon ID:\t\t0x3E7\r\n\r\nProcess Information:\r\n\tProcess ID:\t\t0x191c\r\n\tProcess Name:\t\tC:\\Windows\\System32\\winlogon.exe\r\n\r\nEnabled Privileges:\r\n\t\t\t-\r\n\r\nDisabled Privileges:\r\n\t\t\tSeSecurityPrivilege","Category":"Token Right Adjusted Events","Opcode":"Info","SubjectUserSid":"S-1-5-18","SubjectUserName":"WRK-SHASEK$","SubjectDomainName":"STACKEDPADS","SubjectLogonId":"0x3e7","TargetUserSid":"S-1-0-0","TargetUserName":"WRK-SHASEK$","TargetDomainName":"STACKEDPADS","TargetLogonId":"0x3e7","ProcessName":"C:\\Windows\\System32\\winlogon.exe","EnabledPrivilegeList":"-","DisabledPrivilegeList":"SeSecurityPrivilege","EventReceivedTime":1657287720,"SourceModuleName":"in_default_channels","SourceModuleType":"im_msvistalog"}
<14>Jul  8 13:42:00 wrk-shasek.stackedpads.local Microsoft-Windows-Security-Auditing[4]: {"EventTime":1657287719,"Hostname":"wrk-shasek.stackedpads.local","Keywords":-9214364837600034816,"EventType":"AUDIT_SUCCESS","SeverityValue":2,"Severity":"INFO","EventID":4703,"SourceName":"Microsoft-Windows-Security-Auditing","ProviderGuid":"{54849625-5478-4994-A5BA-3E3B0328C30D}","Version":0,"Task":13317,"OpcodeValue":0,"RecordNumber":2712781,"ProcessID":4,"ThreadID":6392,"Channel":"Security","Message":"A token right was adjusted.\r\n\r\nSubject:\r\n\tSecurity ID:\t\tS-1-5-18\r\n\tAccount Name:\t\tWRK-SHASEK$\r\n\tAccount Domain:\t\tSTACKEDPADS\r\n\tLogon ID:\t\t0x3E7\r\n\r\nTarget Account:\r\n\tSecurity ID:\t\tS-1-0-0\r\n\tAccount Name:\t\tWRK-SHASEK$\r\n\tAccount Domain:\t\tSTACKEDPADS\r\n\tLogon ID:\t\t0x3E7\r\n\r\nProcess Information:\r\n\tProcess ID:\t\t0x18c\r\n\tProcess Name:\t\tC:\\Windows\\System32\\svchost.exe\r\n\r\nEnabled Privileges:\r\n\t\t\tSeBackupPrivilege\r\n\r\nDisabled Privileges:\r\n\t\t\t-","Category":"Token Right Adjusted Events","Opcode":"Info","SubjectUserSid":"S-1-5-18","SubjectUserName":"WRK-SHASEK$","SubjectDomainName":"STACKEDPADS","SubjectLogonId":"0x3e7","TargetUserSid":"S-1-0-0","TargetUserName":"WRK-SHASEK$","TargetDomainName":"STACKEDPADS","TargetLogonId":"0x3e7","ProcessName":"C:\\Windows\\System32\\svchost.exe","EnabledPrivilegeList":"SeBackupPrivilege","DisabledPrivilegeList":"-","EventReceivedTime":1657287720,"SourceModuleName":"in_default_channels","SourceModuleType":"im_msvistalog"}
<14>Jul  8 13:42:00 wrk-shasek.stackedpads.local Microsoft-Windows-Security-Auditing[4]: {"EventTime":1657287719,"Hostname":"wrk-shasek.stackedpads.local","Keywords":-9214364837600034816,"EventType":"AUDIT_SUCCESS","SeverityValue":2,"Severity":"INFO","EventID":4703,"SourceName":"Microsoft-Windows-Security-Auditing","ProviderGuid":"{54849625-5478-4994-A5BA-3E3B0328C30D}","Version":0,"Task":13317,"OpcodeValue":0,"RecordNumber":2712792,"ProcessID":4,"ThreadID":6392,"Channel":"Security","Message":"A token right was adjusted.\r\n\r\nSubject:\r\n\tSecurity ID:\t\tS-1-5-18\r\n\tAccount Name:\t\tWRK-SHASEK$\r\n\tAccount Domain:\t\tSTACKEDPADS\r\n\tLogon ID:\t\t0x3E7\r\n\r\nTarget Account:\r\n\tSecurity ID:\t\tS-1-0-0\r\n\tAccount Name:\t\tWRK-SHASEK$\r\n\tAccount Domain:\t\tSTACKEDPADS\r\n\tLogon ID:\t\t0x3E7\r\n\r\nProcess Information:\r\n\tProcess ID:\t\t0x191c\r\n\tProcess Name:\t\tC:\\Windows\\System32\\winlogon.exe\r\n\r\nEnabled Privileges:\r\n\t\t\t-\r\n\r\nDisabled Privileges:\r\n\t\t\tSeBackupPrivilege","Category":"Token Right Adjusted Events","Opcode":"Info","SubjectUserSid":"S-1-5-18","SubjectUserName":"WRK-SHASEK$","SubjectDomainName":"STACKEDPADS","SubjectLogonId":"0x3e7","TargetUserSid":"S-1-0-0","TargetUserName":"WRK-SHASEK$","TargetDomainName":"STACKEDPADS","TargetLogonId":"0x3e7","ProcessName":"C:\\Windows\\System32\\winlogon.exe","EnabledPrivilegeList":"-","DisabledPrivilegeList":"SeBackupPrivilege","EventReceivedTime":1657287720,"SourceModuleName":"in_default_channels","SourceModuleType":"im_msvistalog"}
<14>Jul  8 13:42:00 wrk-shasek.stackedpads.local Microsoft-Windows-Security-Auditing[4]: {"EventTime":1657287719,"Hostname":"wrk-shasek.stackedpads.local","Keywords":-9214364837600034816,"EventType":"AUDIT_SUCCESS","SeverityValue":2,"Severity":"INFO","EventID":4703,"SourceName":"Microsoft-Windows-Security-Auditing","ProviderGuid":"{54849625-5478-4994-A5BA-3E3B0328C30D}","Version":0,"Task":13317,"OpcodeValue":0,"RecordNumber":2712783,"ProcessID":4,"ThreadID":6392,"Channel":"Security","Message":"A token right was adjusted.\r\n\r\nSubject:\r\n\tSecurity ID:\t\tS-1-5-18\r\n\tAccount Name:\t\tWRK-SHASEK$\r\n\tAccount Domain:\t\tSTACKEDPADS\r\n\tLogon ID:\t\t0x3E7\r\n\r\nTarget Account:\r\n\tSecurity ID:\t\tS-1-0-0\r\n\tAccount Name:\t\tWRK-SHASEK$\r\n\tAccount Domain:\t\tSTACKEDPADS\r\n\tLogon ID:\t\t0x3E7\r\n\r\nProcess Information:\r\n\tProcess ID:\t\t0x18c\r\n\tProcess Name:\t\tC:\\Windows\\System32\\svchost.exe\r\n\r\nEnabled Privileges:\r\n\t\t\t-\r\n\r\nDisabled Privileges:\r\n\t\t\tSeBackupPrivilege","Category":"Token Right Adjusted Events","Opcode":"Info","SubjectUserSid":"S-1-5-18","SubjectUserName":"WRK-SHASEK$","SubjectDomainName":"STACKEDPADS","SubjectLogonId":"0x3e7","TargetUserSid":"S-1-0-0","TargetUserName":"WRK-SHASEK$","TargetDomainName":"STACKEDPADS","TargetLogonId":"0x3e7","ProcessName":"C:\\Windows\\System32\\svchost.exe","EnabledPrivilegeList":"-","DisabledPrivilegeList":"SeBackupPrivilege","EventReceivedTime":1657287720,"SourceModuleName":"in_default_channels","SourceModuleType":"im_msvistalog"}
