<14>Jul  8 13:42:57 activedir.stackedpads.local Service_Control_Manager[636]: {"EventTime":1657287775,"Hostname":"activedir.stackedpads.local","Keywords":-9187343239835811840,"EventType":"INFO","SeverityValue":2,"Severity":"INFO","EventID":7036,"SourceName":"Service Control Manager","ProviderGuid":"{555908D1-A6D7-4695-8E1E-26931D2012F4}","Version":0,"Task":0,"OpcodeValue":0,"RecordNumber":9992,"ProcessID":636,"ThreadID":5508,"Channel":"System","Message":"The Microsoft Passport service entered the stopped state.","param1":"Microsoft Passport","param2":"stopped","EventReceivedTime":1657287777,"SourceModuleName":"in_default_channels","SourceModuleType":"im_msvistalog"}
<14>Jul  8 13:42:57 activedir.stackedpads.local Microsoft-Windows-Security-Auditing[4]: {"EventTime":1657287775,"Hostname":"activedir.stackedpads.local","Keywords":-9214364837600034816,"EventType":"AUDIT_SUCCESS","SeverityValue":2,"Severity":"INFO","EventID":4689,"SourceName":"Microsoft-Windows-Security-Auditing","ProviderGuid":"{54849625-5478-4994-A5BA-3E3B0328C30D}","Version":0,"Task":13313,"OpcodeValue":0,"RecordNumber":510557,"ProcessID":4,"ThreadID":304,"Channel":"Security","Message":"A process has exited.\r\n\r\nSubject:\r\n\tSecurity ID:\t\tS-1-5-18\r\n\tAccount Name:\t\tACTIVEDIR$\r\n\tAccount Domain:\t\tSTACKEDPADS\r\n\tLogon ID:\t\t0x3E7\r\n\r\nProcess Information:\r\n\tProcess ID:\t0x48c\r\n\tProcess Name:\tC:\\Windows\\System32\\svchost.exe\r\n\tExit Status:\t0x0","Category":"Process Termination","Opcode":"Info","SubjectUserSid":"S-1-5-18","SubjectUserName":"ACTIVEDIR$","SubjectDomainName":"STACKEDPADS","SubjectLogonId":"0x3e7","Status":"0x0","ProcessName":"C:\\Windows\\System32\\svchost.exe","EventReceivedTime":1657287777,"SourceModuleName":"in_default_channels","SourceModuleType":"im_msvistalog"}
<11>Jul  8 13:42:57 wrk-shasek.stackedpads.local Microsoft-Windows-Security-Auditing[4]: {"EventTime":1657287776,"Hostname":"wrk-shasek.stackedpads.local","Keywords":-9218868437227405312,"EventType":"AUDIT_FAILURE","SeverityValue":4,"Severity":"ERROR","EventID":4673,"SourceName":"Microsoft-Windows-Security-Auditing","ProviderGuid":"{54849625-5478-4994-A5BA-3E3B0328C30D}","Version":0,"Task":13056,"OpcodeValue":0,"RecordNumber":2713041,"ProcessID":4,"ThreadID":96,"Channel":"Security","Message":"A privileged service was called.\r\n\r\nSubject:\r\n\tSecurity ID:\t\tS-1-5-21-2264196694-1469429678-912427992-1107\r\n\tAccount Name:\t\ttim.smith\r\n\tAccount Domain:\t\tSTACKEDPADS\r\n\tLogon ID:\t\t0x307504\r\n\r\nService:\r\n\tServer:\tSecurity\r\n\tService Name:\t-\r\n\r\nProcess:\r\n\tProcess ID:\t0x300\r\n\tProcess Name:\tC:\\Windows\\System32\\svchost.exe\r\n\r\nService Request Information:\r\n\tPrivileges:\t\tSeTcbPrivilege","Category":"Sensitive Privilege Use","Opcode":"Info","SubjectUserSid":"S-1-5-21-2264196694-1469429678-912427992-1107","SubjectUserName":"tim.smith","SubjectDomainName":"STACKEDPADS","SubjectLogonId":"0x307504","ObjectServer":"Security","Service":"-","PrivilegeList":"SeTcbPrivilege","ProcessName":"C:\\Windows\\System32\\svchost.exe","EventReceivedTime":1657287777,"SourceModuleName":"in_default_channels","SourceModuleType":"im_msvistalog"}
<14>Jul  8 13:42:57 wrk-shasek.stackedpads.local Microsoft-Windows-Security-Auditing[4]: {"EventTime":1657287776,"Hostname":"wrk-shasek.stackedpads.local","Keywords":-9214364837600034816,"EventType":"AUDIT_SUCCESS","SeverityValue":2,"Severity":"INFO","EventID":4688,"SourceName":"Microsoft-Windows-Security-Auditing","ProviderGuid":"{54849625-5478-4994-A5BA-3E3B0328C30D}","Version":2,"Task":13312,"OpcodeValue":0,"RecordNumber":2713040,"ProcessID":4,"ThreadID":96,"Channel":"Security","Message":"A new process has been created.\r\n\r\nCreator Subject:\r\n\tSecurity ID:\t\tS-1-5-18\r\n\tAccount Name:\t\tWRK-SHASEK$\r\n\tAccount Domain:\t\tSTACKEDPADS\r\n\tLogon ID:\t\t0x3E7\r\n\r\nTarget Subject:\r\n\tSecurity ID:\t\tS-1-5-21-2264196694-1469429678-912427992-1107\r\n\tAccount Name:\t\ttim.smith\r\n\tAccount Domain:\t\tSTACKEDPADS\r\n\tLogon ID:\t\t0x307504\r\n\r\nProcess Information:\r\n\tNew Process ID:\t\t0xa10\r\n\tNew Process Name:\tC:\\Windows\\System32\\svchost.exe\r\n\tToken Elevation Type:\t%%1938\r\n\tMandatory Label:\t\tS-1-16-8192\r\n\tCreator Process ID:\t0x284\r\n\tCreator Process Name:\tC:\\Windows\\System32\\services.exe\r\n\tProcess Command Line:\tC:\\Windows\\system32\\svchost.exe -k UdkSvcGroup\r\n\r\nToken Elevation Type indicates the type of token that was assigned to the new process in accordance with User Account Control policy.\r\n\r\nType 1 is a full token with no privileges removed or groups disabled.  A full token is only used if User Account Control is disabled or if the user is the built-in Administrator account or a service account.\r\n\r\nType 2 is an elevated token with no privileges removed or groups disabled.  An elevated token is used when User Account Control is enabled and the user chooses to start the program using Run as administrator.  An elevated token is also used when an application is configured to always require administrative privilege or to always require maximum privilege, and the user is a member of the Administrators group.\r\n\r\nType 3 is a limited token with administrative privileges removed and administrative groups disabled.  The limited token is used when User Account Control is enabled, the application does not require administrative privilege, and the user does not choose to start the program using Run as administrator.","Category":"Process Creation","Opcode":"Info","SubjectUserSid":"S-1-5-18","SubjectUserName":"WRK-SHASEK$","SubjectDomainName":"STACKEDPADS","SubjectLogonId":"0x3e7","NewProcessId":"0xa10","NewProcessName":"C:\\Windows\\System32\\svchost.exe","TokenElevationType":"%%1938","CommandLine":"C:\\Windows\\system32\\svchost.exe -k UdkSvcGroup","TargetUserSid":"S-1-5-21-2264196694-1469429678-912427992-1107","TargetUserName":"tim.smith","TargetDomainName":"STACKEDPADS","TargetLogonId":"0x307504","ParentProcessName":"C:\\Windows\\System32\\services.exe","MandatoryLabel":"S-1-16-8192","EventReceivedTime":1657287777,"SourceModuleName":"in_default_channels","SourceModuleType":"im_msvistalog"}
<14>Jul  8 13:42:57 wrk-shasek.stackedpads.local Microsoft-Windows-Security-Auditing[4]: {"EventTime":1657287776,"Hostname":"wrk-shasek.stackedpads.local","Keywords":-9214364837600034816,"EventType":"AUDIT_SUCCESS","SeverityValue":2,"Severity":"INFO","EventID":4688,"SourceName":"Microsoft-Windows-Security-Auditing","ProviderGuid":"{54849625-5478-4994-A5BA-3E3B0328C30D}","Version":2,"Task":13312,"OpcodeValue":0,"RecordNumber":2713042,"ProcessID":4,"ThreadID":6396,"Channel":"Security","Message":"A new process has been created.\r\n\r\nCreator Subject:\r\n\tSecurity ID:\t\tS-1-5-18\r\n\tAccount Name:\t\tWRK-SHASEK$\r\n\tAccount Domain:\t\tSTACKEDPADS\r\n\tLogon ID:\t\t0x3E7\r\n\r\nTarget Subject:\r\n\tSecurity ID:\t\tS-1-5-21-2264196694-1469429678-912427992-1107\r\n\tAccount Name:\t\ttim.smith\r\n\tAccount Domain:\t\tSTACKEDPADS\r\n\tLogon ID:\t\t0x307504\r\n\r\nProcess Information:\r\n\tNew Process ID:\t\t0x1a60\r\n\tNew Process Name:\tC:\\Windows\\SystemApps\\ShellExperienceHost_cw5n1h2txyewy\\ShellExperienceHost.exe\r\n\tToken Elevation Type:\t%%1938\r\n\tMandatory Label:\t\tS-1-16-4096\r\n\tCreator Process ID:\t0x300\r\n\tCreator Process Name:\tC:\\Windows\\System32\\svchost.exe\r\n\tProcess Command Line:\t\"C:\\Windows\\SystemApps\\ShellExperienceHost_cw5n1h2txyewy\\ShellExperienceHost.exe\" -ServerName:App.AppXtk181tbxbce2qsex02s8tw7hfxa9xb3t.mca\r\n\r\nToken Elevation Type indicates the type of token that was assigned to the new process in accordance with User Account Control policy.\r\n\r\nType 1 is a full token with no privileges removed or groups disabled.  A full token is only used if User Account Control is disabled or if the user is the built-in Administrator account or a service account.\r\n\r\nType 2 is an elevated token with no privileges removed or groups disabled.  An elevated token is used when User Account Control is enabled and the user chooses to start the program using Run as administrator.  An elevated token is also used when an application is configured to always require administrative privilege or to always require maximum privilege, and the user is a member of the Administrators group.\r\n\r\nType 3 is a limited token with administrative privileges removed and administrative groups disabled.  The limited token is used when User Account Control is enabled, the application does not require administrative privilege, and the user does not choose to start the program using Run as administrator.","Category":"Process Creation","Opcode":"Info","SubjectUserSid":"S-1-5-18","SubjectUserName":"WRK-SHASEK$","SubjectDomainName":"STACKEDPADS","SubjectLogonId":"0x3e7","NewProcessId":"0x1a60","NewProcessName":"C:\\Windows\\SystemApps\\ShellExperienceHost_cw5n1h2txyewy\\ShellExperienceHost.exe","TokenElevationType":"%%1938","CommandLine":"\"C:\\Windows\\SystemApps\\ShellExperienceHost_cw5n1h2txyewy\\ShellExperienceHost.exe\" -ServerName:App.AppXtk181tbxbce2qsex02s8tw7hfxa9xb3t.mca","TargetUserSid":"S-1-5-21-2264196694-1469429678-912427992-1107","TargetUserName":"tim.smith","TargetDomainName":"STACKEDPADS","TargetLogonId":"0x307504","ParentProcessName":"C:\\Windows\\System32\\svchost.exe","MandatoryLabel":"S-1-16-4096","EventReceivedTime":1657287777,"SourceModuleName":"in_default_channels","SourceModuleType":"im_msvistalog"}
<14>Jul  8 13:42:57 wrk-shasek.stackedpads.local Microsoft-Windows-Security-Auditing[4]: {"EventTime":1657287777,"Hostname":"wrk-shasek.stackedpads.local","Keywords":-9214364837600034816,"EventType":"AUDIT_SUCCESS","SeverityValue":2,"Severity":"INFO","EventID":4688,"SourceName":"Microsoft-Windows-Security-Auditing","ProviderGuid":"{54849625-5478-4994-A5BA-3E3B0328C30D}","Version":2,"Task":13312,"OpcodeValue":0,"RecordNumber":2713043,"ProcessID":4,"ThreadID":6396,"Channel":"Security","Message":"A new process has been created.\r\n\r\nCreator Subject:\r\n\tSecurity ID:\t\tS-1-5-18\r\n\tAccount Name:\t\tWRK-SHASEK$\r\n\tAccount Domain:\t\tSTACKEDPADS\r\n\tLogon ID:\t\t0x3E7\r\n\r\nTarget Subject:\r\n\tSecurity ID:\t\tS-1-5-21-2264196694-1469429678-912427992-1107\r\n\tAccount Name:\t\ttim.smith\r\n\tAccount Domain:\t\tSTACKEDPADS\r\n\tLogon ID:\t\t0x307504\r\n\r\nProcess Information:\r\n\tNew Process ID:\t\t0x1160\r\n\tNew Process Name:\tC:\\Windows\\System32\\RuntimeBroker.exe\r\n\tToken Elevation Type:\t%%1938\r\n\tMandatory Label:\t\tS-1-16-8192\r\n\tCreator Process ID:\t0x300\r\n\tCreator Process Name:\tC:\\Windows\\System32\\svchost.exe\r\n\tProcess Command Line:\tC:\\Windows\\System32\\RuntimeBroker.exe -Embedding\r\n\r\nToken Elevation Type indicates the type of token that was assigned to the new process in accordance with User Account Control policy.\r\n\r\nType 1 is a full token with no privileges removed or groups disabled.  A full token is only used if User Account Control is disabled or if the user is the built-in Administrator account or a service account.\r\n\r\nType 2 is an elevated token with no privileges removed or groups disabled.  An elevated token is used when User Account Control is enabled and the user chooses to start the program using Run as administrator.  An elevated token is also used when an application is configured to always require administrative privilege or to always require maximum privilege, and the user is a member of the Administrators group.\r\n\r\nType 3 is a limited token with administrative privileges removed and administrative groups disabled.  The limited token is used when User Account Control is enabled, the application does not require administrative privilege, and the user does not choose to start the program using Run as administrator.","Category":"Process Creation","Opcode":"Info","SubjectUserSid":"S-1-5-18","SubjectUserName":"WRK-SHASEK$","SubjectDomainName":"STACKEDPADS","SubjectLogonId":"0x3e7","NewProcessId":"0x1160","NewProcessName":"C:\\Windows\\System32\\RuntimeBroker.exe","TokenElevationType":"%%1938","CommandLine":"C:\\Windows\\System32\\RuntimeBroker.exe -Embedding","TargetUserSid":"S-1-5-21-2264196694-1469429678-912427992-1107","TargetUserName":"tim.smith","TargetDomainName":"STACKEDPADS","TargetLogonId":"0x307504","ParentProcessName":"C:\\Windows\\System32\\svchost.exe","MandatoryLabel":"S-1-16-8192","EventReceivedTime":1657287777,"SourceModuleName":"in_default_channels","SourceModuleType":"im_msvistalog"}
<14>Jul  8 13:42:58 wrk-shasek.stackedpads.local Microsoft-Windows-Security-Auditing[4]: {"EventTime":1657287777,"Hostname":"wrk-shasek.stackedpads.local","Keywords":-9214364837600034816,"EventType":"AUDIT_SUCCESS","SeverityValue":2,"Severity":"INFO","EventID":4688,"SourceName":"Microsoft-Windows-Security-Auditing","ProviderGuid":"{54849625-5478-4994-A5BA-3E3B0328C30D}","Version":2,"Task":13312,"OpcodeValue":0,"RecordNumber":2713044,"ProcessID":4,"ThreadID":6396,"Channel":"Security","Message":"A new process has been created.\r\n\r\nCreator Subject:\r\n\tSecurity ID:\t\tS-1-5-18\r\n\tAccount Name:\t\tWRK-SHASEK$\r\n\tAccount Domain:\t\tSTACKEDPADS\r\n\tLogon ID:\t\t0x3E7\r\n\r\nTarget Subject:\r\n\tSecurity ID:\t\tS-1-5-21-2264196694-1469429678-912427992-1107\r\n\tAccount Name:\t\ttim.smith\r\n\tAccount Domain:\t\tSTACKEDPADS\r\n\tLogon ID:\t\t0x307504\r\n\r\nProcess Information:\r\n\tNew Process ID:\t\t0x1a94\r\n\tNew Process Name:\tC:\\Windows\\System32\\SystemSettingsBroker.exe\r\n\tToken Elevation Type:\t%%1938\r\n\tMandatory Label:\t\tS-1-16-8192\r\n\tCreator Process ID:\t0x300\r\n\tCreator Process Name:\tC:\\Windows\\System32\\svchost.exe\r\n\tProcess Command Line:\tC:\\Windows\\System32\\SystemSettingsBroker.exe -Embedding\r\n\r\nToken Elevation Type indicates the type of token that was assigned to the new process in accordance with User Account Control policy.\r\n\r\nType 1 is a full token with no privileges removed or groups disabled.  A full token is only used if User Account Control is disabled or if the user is the built-in Administrator account or a service account.\r\n\r\nType 2 is an elevated token with no privileges removed or groups disabled.  An elevated token is used when User Account Control is enabled and the user chooses to start the program using Run as administrator.  An elevated token is also used when an application is configured to always require administrative privilege or to always require maximum privilege, and the user is a member of the Administrators group.\r\n\r\nType 3 is a limited token with administrative privileges removed and administrative groups disabled.  The limited token is used when User Account Control is enabled, the application does not require administrative privilege, and the user does not choose to start the program using Run as administrator.","Category":"Process Creation","Opcode":"Info","SubjectUserSid":"S-1-5-18","SubjectUserName":"WRK-SHASEK$","SubjectDomainName":"STACKEDPADS","SubjectLogonId":"0x3e7","NewProcessId":"0x1a94","NewProcessName":"C:\\Windows\\System32\\SystemSettingsBroker.exe","TokenElevationType":"%%1938","CommandLine":"C:\\Windows\\System32\\SystemSettingsBroker.exe -Embedding","TargetUserSid":"S-1-5-21-2264196694-1469429678-912427992-1107","TargetUserName":"tim.smith","TargetDomainName":"STACKEDPADS","TargetLogonId":"0x307504","ParentProcessName":"C:\\Windows\\System32\\svchost.exe","MandatoryLabel":"S-1-16-8192","EventReceivedTime":1657287778,"SourceModuleName":"in_default_channels","SourceModuleType":"im_msvistalog"}
<14>Jul  8 13:43:00 wrk-shasek.stackedpads.local Microsoft-Windows-Security-Auditing[4]: {"EventTime":1657287779,"Hostname":"wrk-shasek.stackedpads.local","Keywords":-9214364837600034816,"EventType":"AUDIT_SUCCESS","SeverityValue":2,"Severity":"INFO","EventID":4688,"SourceName":"Microsoft-Windows-Security-Auditing","ProviderGuid":"{54849625-5478-4994-A5BA-3E3B0328C30D}","Version":2,"Task":13312,"OpcodeValue":0,"RecordNumber":2713047,"ProcessID":4,"ThreadID":4144,"Channel":"Security","Message":"A new process has been created.\r\n\r\nCreator Subject:\r\n\tSecurity ID:\t\tS-1-5-18\r\n\tAccount Name:\t\tWRK-SHASEK$\r\n\tAccount Domain:\t\tSTACKEDPADS\r\n\tLogon ID:\t\t0x3E7\r\n\r\nTarget Subject:\r\n\tSecurity ID:\t\tS-1-5-21-2264196694-1469429678-912427992-1107\r\n\tAccount Name:\t\ttim.smith\r\n\tAccount Domain:\t\tSTACKEDPADS\r\n\tLogon ID:\t\t0x307504\r\n\r\nProcess Information:\r\n\tNew Process ID:\t\t0x1690\r\n\tNew Process Name:\tC:\\Windows\\SystemApps\\Microsoft.Windows.SecHealthUI_cw5n1h2txyewy\\SecHealthUI.exe\r\n\tToken Elevation Type:\t%%1938\r\n\tMandatory Label:\t\tS-1-16-4096\r\n\tCreator Process ID:\t0x300\r\n\tCreator Process Name:\tC:\\Windows\\System32\\svchost.exe\r\n\tProcess Command Line:\t\"C:\\Windows\\SystemApps\\Microsoft.Windows.SecHealthUI_cw5n1h2txyewy\\SecHealthUI.exe\" -ServerName:SecHealthUI.AppXep4x2tbtjws1v9qqs0rmb3hxykvkpqtn.mca\r\n\r\nToken Elevation Type indicates the type of token that was assigned to the new process in accordance with User Account Control policy.\r\n\r\nType 1 is a full token with no privileges removed or groups disabled.  A full token is only used if User Account Control is disabled or if the user is the built-in Administrator account or a service account.\r\n\r\nType 2 is an elevated token with no privileges removed or groups disabled.  An elevated token is used when User Account Control is enabled and the user chooses to start the program using Run as administrator.  An elevated token is also used when an application is configured to always require administrative privilege or to always require maximum privilege, and the user is a member of the Administrators group.\r\n\r\nType 3 is a limited token with administrative privileges removed and administrative groups disabled.  The limited token is used when User Account Control is enabled, the application does not require administrative privilege, and the user does not choose to start the program using Run as administrator.","Category":"Process Creation","Opcode":"Info","SubjectUserSid":"S-1-5-18","SubjectUserName":"WRK-SHASEK$","SubjectDomainName":"STACKEDPADS","SubjectLogonId":"0x3e7","NewProcessId":"0x1690","NewProcessName":"C:\\Windows\\SystemApps\\Microsoft.Windows.SecHealthUI_cw5n1h2txyewy\\SecHealthUI.exe","TokenElevationType":"%%1938","CommandLine":"\"C:\\Windows\\SystemApps\\Microsoft.Windows.SecHealthUI_cw5n1h2txyewy\\SecHealthUI.exe\" -ServerName:SecHealthUI.AppXep4x2tbtjws1v9qqs0rmb3hxykvkpqtn.mca","TargetUserSid":"S-1-5-21-2264196694-1469429678-912427992-1107","TargetUserName":"tim.smith","TargetDomainName":"STACKEDPADS","TargetLogonId":"0x307504","ParentProcessName":"C:\\Windows\\System32\\svchost.exe","MandatoryLabel":"S-1-16-4096","EventReceivedTime":1657287780,"SourceModuleName":"in_default_channels","SourceModuleType":"im_msvistalog"}
<14>Jul  8 13:43:00 wrk-shasek.stackedpads.local Microsoft-Windows-Security-Auditing[4]: {"EventTime":1657287779,"Hostname":"wrk-shasek.stackedpads.local","Keywords":-9214364837600034816,"EventType":"AUDIT_SUCCESS","SeverityValue":2,"Severity":"INFO","EventID":4688,"SourceName":"Microsoft-Windows-Security-Auditing","ProviderGuid":"{54849625-5478-4994-A5BA-3E3B0328C30D}","Version":2,"Task":13312,"OpcodeValue":0,"RecordNumber":2713046,"ProcessID":4,"ThreadID":2024,"Channel":"Security","Message":"A new process has been created.\r\n\r\nCreator Subject:\r\n\tSecurity ID:\t\tS-1-5-18\r\n\tAccount Name:\t\tWRK-SHASEK$\r\n\tAccount Domain:\t\tSTACKEDPADS\r\n\tLogon ID:\t\t0x3E7\r\n\r\nTarget Subject:\r\n\tSecurity ID:\t\tS-1-5-21-2264196694-1469429678-912427992-1107\r\n\tAccount Name:\t\ttim.smith\r\n\tAccount Domain:\t\tSTACKEDPADS\r\n\tLogon ID:\t\t0x307504\r\n\r\nProcess Information:\r\n\tNew Process ID:\t\t0x1514\r\n\tNew Process Name:\tC:\\Windows\\System32\\ApplicationFrameHost.exe\r\n\tToken Elevation Type:\t%%1938\r\n\tMandatory Label:\t\tS-1-16-8192\r\n\tCreator Process ID:\t0x300\r\n\tCreator Process Name:\tC:\\Windows\\System32\\svchost.exe\r\n\tProcess Command Line:\tC:\\Windows\\system32\\ApplicationFrameHost.exe -Embedding\r\n\r\nToken Elevation Type indicates the type of token that was assigned to the new process in accordance with User Account Control policy.\r\n\r\nType 1 is a full token with no privileges removed or groups disabled.  A full token is only used if User Account Control is disabled or if the user is the built-in Administrator account or a service account.\r\n\r\nType 2 is an elevated token with no privileges removed or groups disabled.  An elevated token is used when User Account Control is enabled and the user chooses to start the program using Run as administrator.  An elevated token is also used when an application is configured to always require administrative privilege or to always require maximum privilege, and the user is a member of the Administrators group.\r\n\r\nType 3 is a limited token with administrative privileges removed and administrative groups disabled.  The limited token is used when User Account Control is enabled, the application does not require administrative privilege, and the user does not choose to start the program using Run as administrator.","Category":"Process Creation","Opcode":"Info","SubjectUserSid":"S-1-5-18","SubjectUserName":"WRK-SHASEK$","SubjectDomainName":"STACKEDPADS","SubjectLogonId":"0x3e7","NewProcessId":"0x1514","NewProcessName":"C:\\Windows\\System32\\ApplicationFrameHost.exe","TokenElevationType":"%%1938","CommandLine":"C:\\Windows\\system32\\ApplicationFrameHost.exe -Embedding","TargetUserSid":"S-1-5-21-2264196694-1469429678-912427992-1107","TargetUserName":"tim.smith","TargetDomainName":"STACKEDPADS","TargetLogonId":"0x307504","ParentProcessName":"C:\\Windows\\System32\\svchost.exe","MandatoryLabel":"S-1-16-8192","EventReceivedTime":1657287780,"SourceModuleName":"in_default_channels","SourceModuleType":"im_msvistalog"}
<14>Jul  8 13:43:01 wrk-shasek.stackedpads.local Microsoft-Windows-Security-Auditing[4]: {"EventTime":1657287780,"Hostname":"wrk-shasek.stackedpads.local","Keywords":-9214364837600034816,"EventType":"AUDIT_SUCCESS","SeverityValue":2,"Severity":"INFO","EventID":4688,"SourceName":"Microsoft-Windows-Security-Auditing","ProviderGuid":"{54849625-5478-4994-A5BA-3E3B0328C30D}","Version":2,"Task":13312,"OpcodeValue":0,"RecordNumber":2713056,"ProcessID":4,"ThreadID":96,"Channel":"Security","Message":"A new process has been created.\r\n\r\nCreator Subject:\r\n\tSecurity ID:\t\tS-1-5-18\r\n\tAccount Name:\t\tWRK-SHASEK$\r\n\tAccount Domain:\t\tSTACKEDPADS\r\n\tLogon ID:\t\t0x3E7\r\n\r\nTarget Subject:\r\n\tSecurity ID:\t\tS-1-0-0\r\n\tAccount Name:\t\tWRK-SHASEK$\r\n\tAccount Domain:\t\tSTACKEDPADS\r\n\tLogon ID:\t\t0x3E4\r\n\r\nProcess Information:\r\n\tNew Process ID:\t\t0x1548\r\n\tNew Process Name:\tC:\\Windows\\System32\\wbem\\WmiPrvSE.exe\r\n\tToken Elevation Type:\t%%1936\r\n\tMandatory Label:\t\tS-1-16-16384\r\n\tCreator Process ID:\t0x300\r\n\tCreator Process Name:\tC:\\Windows\\System32\\svchost.exe\r\n\tProcess Command Line:\tC:\\Windows\\system32\\wbem\\wmiprvse.exe -secured -Embedding\r\n\r\nToken Elevation Type indicates the type of token that was assigned to the new process in accordance with User Account Control policy.\r\n\r\nType 1 is a full token with no privileges removed or groups disabled.  A full token is only used if User Account Control is disabled or if the user is the built-in Administrator account or a service account.\r\n\r\nType 2 is an elevated token with no privileges removed or groups disabled.  An elevated token is used when User Account Control is enabled and the user chooses to start the program using Run as administrator.  An elevated token is also used when an application is configured to always require administrative privilege or to always require maximum privilege, and the user is a member of the Administrators group.\r\n\r\nType 3 is a limited token with administrative privileges removed and administrative groups disabled.  The limited token is used when User Account Control is enabled, the application does not require administrative privilege, and the user does not choose to start the program using Run as administrator.","Category":"Process Creation","Opcode":"Info","SubjectUserSid":"S-1-5-18","SubjectUserName":"WRK-SHASEK$","SubjectDomainName":"STACKEDPADS","SubjectLogonId":"0x3e7","NewProcessId":"0x1548","NewProcessName":"C:\\Windows\\System32\\wbem\\WmiPrvSE.exe","TokenElevationType":"%%1936","CommandLine":"C:\\Windows\\system32\\wbem\\wmiprvse.exe -secured -Embedding","TargetUserSid":"S-1-0-0","TargetUserName":"WRK-SHASEK$","TargetDomainName":"STACKEDPADS","TargetLogonId":"0x3e4","ParentProcessName":"C:\\Windows\\System32\\svchost.exe","MandatoryLabel":"S-1-16-16384","EventReceivedTime":1657287781,"SourceModuleName":"in_default_channels","SourceModuleType":"im_msvistalog"}
<14>Jul  8 13:43:00 wrk-shasek.stackedpads.local Microsoft-Windows-Security-Auditing[4]: {"EventTime":1657287780,"Hostname":"wrk-shasek.stackedpads.local","Keywords":-9214364837600034816,"EventType":"AUDIT_SUCCESS","SeverityValue":2,"Severity":"INFO","EventID":4688,"SourceName":"Microsoft-Windows-Security-Auditing","ProviderGuid":"{54849625-5478-4994-A5BA-3E3B0328C30D}","Version":2,"Task":13312,"OpcodeValue":0,"RecordNumber":2713048,"ProcessID":4,"ThreadID":2024,"Channel":"Security","Message":"A new process has been created.\r\n\r\nCreator Subject:\r\n\tSecurity ID:\t\tS-1-5-18\r\n\tAccount Name:\t\tWRK-SHASEK$\r\n\tAccount Domain:\t\tSTACKEDPADS\r\n\tLogon ID:\t\t0x3E7\r\n\r\nTarget Subject:\r\n\tSecurity ID:\t\tS-1-5-21-2264196694-1469429678-912427992-1107\r\n\tAccount Name:\t\ttim.smith\r\n\tAccount Domain:\t\tSTACKEDPADS\r\n\tLogon ID:\t\t0x307504\r\n\r\nProcess Information:\r\n\tNew Process ID:\t\t0x1488\r\n\tNew Process Name:\tC:\\Windows\\System32\\SecurityHealthHost.exe\r\n\tToken Elevation Type:\t%%1938\r\n\tMandatory Label:\t\tS-1-16-8192\r\n\tCreator Process ID:\t0x300\r\n\tCreator Process Name:\tC:\\Windows\\System32\\svchost.exe\r\n\tProcess Command Line:\tC:\\Windows\\System32\\SecurityHealthHost.exe {E041C90B-68BA-42C9-991E-477B73A75C90} -Embedding\r\n\r\nToken Elevation Type indicates the type of token that was assigned to the new process in accordance with User Account Control policy.\r\n\r\nType 1 is a full token with no privileges removed or groups disabled.  A full token is only used if User Account Control is disabled or if the user is the built-in Administrator account or a service account.\r\n\r\nType 2 is an elevated token with no privileges removed or groups disabled.  An elevated token is used when User Account Control is enabled and the user chooses to start the program using Run as administrator.  An elevated token is also used when an application is configured to always require administrative privilege or to always require maximum privilege, and the user is a member of the Administrators group.\r\n\r\nType 3 is a limited token with administrative privileges removed and administrative groups disabled.  The limited token is used when User Account Control is enabled, the application does not require administrative privilege, and the user does not choose to start the program using Run as administrator.","Category":"Process Creation","Opcode":"Info","SubjectUserSid":"S-1-5-18","SubjectUserName":"WRK-SHASEK$","SubjectDomainName":"STACKEDPADS","SubjectLogonId":"0x3e7","NewProcessId":"0x1488","NewProcessName":"C:\\Windows\\System32\\SecurityHealthHost.exe","TokenElevationType":"%%1938","CommandLine":"C:\\Windows\\System32\\SecurityHealthHost.exe {E041C90B-68BA-42C9-991E-477B73A75C90} -Embedding","TargetUserSid":"S-1-5-21-2264196694-1469429678-912427992-1107","TargetUserName":"tim.smith","TargetDomainName":"STACKEDPADS","TargetLogonId":"0x307504","ParentProcessName":"C:\\Windows\\System32\\svchost.exe","MandatoryLabel":"S-1-16-8192","EventReceivedTime":1657287780,"SourceModuleName":"in_default_channels","SourceModuleType":"im_msvistalog"}
<14>Jul  8 13:43:00 wrk-shasek.stackedpads.local Microsoft-Windows-Security-Auditing[4]: {"EventTime":1657287780,"Hostname":"wrk-shasek.stackedpads.local","Keywords":-9214364837600034816,"EventType":"AUDIT_SUCCESS","SeverityValue":2,"Severity":"INFO","EventID":4688,"SourceName":"Microsoft-Windows-Security-Auditing","ProviderGuid":"{54849625-5478-4994-A5BA-3E3B0328C30D}","Version":2,"Task":13312,"OpcodeValue":0,"RecordNumber":2713049,"ProcessID":4,"ThreadID":2024,"Channel":"Security","Message":"A new process has been created.\r\n\r\nCreator Subject:\r\n\tSecurity ID:\t\tS-1-5-18\r\n\tAccount Name:\t\tWRK-SHASEK$\r\n\tAccount Domain:\t\tSTACKEDPADS\r\n\tLogon ID:\t\t0x3E7\r\n\r\nTarget Subject:\r\n\tSecurity ID:\t\tS-1-0-0\r\n\tAccount Name:\t\t-\r\n\tAccount Domain:\t\t-\r\n\tLogon ID:\t\t0x0\r\n\r\nProcess Information:\r\n\tNew Process ID:\t\t0x136c\r\n\tNew Process Name:\tC:\\Windows\\System32\\dsregcmd.exe\r\n\tToken Elevation Type:\t%%1936\r\n\tMandatory Label:\t\tS-1-16-16384\r\n\tCreator Process ID:\t0x18c\r\n\tCreator Process Name:\tC:\\Windows\\System32\\svchost.exe\r\n\tProcess Command Line:\tC:\\Windows\\System32\\dsregcmd.exe $(Arg0) $(Arg1) $(Arg2)\r\n\r\nToken Elevation Type indicates the type of token that was assigned to the new process in accordance with User Account Control policy.\r\n\r\nType 1 is a full token with no privileges removed or groups disabled.  A full token is only used if User Account Control is disabled or if the user is the built-in Administrator account or a service account.\r\n\r\nType 2 is an elevated token with no privileges removed or groups disabled.  An elevated token is used when User Account Control is enabled and the user chooses to start the program using Run as administrator.  An elevated token is also used when an application is configured to always require administrative privilege or to always require maximum privilege, and the user is a member of the Administrators group.\r\n\r\nType 3 is a limited token with administrative privileges removed and administrative groups disabled.  The limited token is used when User Account Control is enabled, the application does not require administrative privilege, and the user does not choose to start the program using Run as administrator.","Category":"Process Creation","Opcode":"Info","SubjectUserSid":"S-1-5-18","SubjectUserName":"WRK-SHASEK$","SubjectDomainName":"STACKEDPADS","SubjectLogonId":"0x3e7","NewProcessId":"0x136c","NewProcessName":"C:\\Windows\\System32\\dsregcmd.exe","TokenElevationType":"%%1936","CommandLine":"C:\\Windows\\System32\\dsregcmd.exe $(Arg0) $(Arg1) $(Arg2)","TargetUserSid":"S-1-0-0","TargetUserName":"-","TargetDomainName":"-","TargetLogonId":"0x0","ParentProcessName":"C:\\Windows\\System32\\svchost.exe","MandatoryLabel":"S-1-16-16384","EventReceivedTime":1657287780,"SourceModuleName":"in_default_channels","SourceModuleType":"im_msvistalog"}
<14>Jul  8 13:43:00 wrk-shasek.stackedpads.local Microsoft-Windows-Security-Auditing[4]: {"EventTime":1657287780,"Hostname":"wrk-shasek.stackedpads.local","Keywords":-9214364837600034816,"EventType":"AUDIT_SUCCESS","SeverityValue":2,"Severity":"INFO","EventID":4688,"SourceName":"Microsoft-Windows-Security-Auditing","ProviderGuid":"{54849625-5478-4994-A5BA-3E3B0328C30D}","Version":2,"Task":13312,"OpcodeValue":0,"RecordNumber":2713050,"ProcessID":4,"ThreadID":2024,"Channel":"Security","Message":"A new process has been created.\r\n\r\nCreator Subject:\r\n\tSecurity ID:\t\tS-1-5-18\r\n\tAccount Name:\t\tWRK-SHASEK$\r\n\tAccount Domain:\t\tSTACKEDPADS\r\n\tLogon ID:\t\t0x3E7\r\n\r\nTarget Subject:\r\n\tSecurity ID:\t\tS-1-0-0\r\n\tAccount Name:\t\t-\r\n\tAccount Domain:\t\t-\r\n\tLogon ID:\t\t0x0\r\n\r\nProcess Information:\r\n\tNew Process ID:\t\t0x198c\r\n\tNew Process Name:\tC:\\Windows\\System32\\conhost.exe\r\n\tToken Elevation Type:\t%%1936\r\n\tMandatory Label:\t\tS-1-16-16384\r\n\tCreator Process ID:\t0x136c\r\n\tCreator Process Name:\tC:\\Windows\\System32\\dsregcmd.exe\r\n\tProcess Command Line:\t\\??\\C:\\Windows\\system32\\conhost.exe 0xffffffff -ForceV1\r\n\r\nToken Elevation Type indicates the type of token that was assigned to the new process in accordance with User Account Control policy.\r\n\r\nType 1 is a full token with no privileges removed or groups disabled.  A full token is only used if User Account Control is disabled or if the user is the built-in Administrator account or a service account.\r\n\r\nType 2 is an elevated token with no privileges removed or groups disabled.  An elevated token is used when User Account Control is enabled and the user chooses to start the program using Run as administrator.  An elevated token is also used when an application is configured to always require administrative privilege or to always require maximum privilege, and the user is a member of the Administrators group.\r\n\r\nType 3 is a limited token with administrative privileges removed and administrative groups disabled.  The limited token is used when User Account Control is enabled, the application does not require administrative privilege, and the user does not choose to start the program using Run as administrator.","Category":"Process Creation","Opcode":"Info","SubjectUserSid":"S-1-5-18","SubjectUserName":"WRK-SHASEK$","SubjectDomainName":"STACKEDPADS","SubjectLogonId":"0x3e7","NewProcessId":"0x198c","NewProcessName":"C:\\Windows\\System32\\conhost.exe","TokenElevationType":"%%1936","CommandLine":"\\??\\C:\\Windows\\system32\\conhost.exe 0xffffffff -ForceV1","TargetUserSid":"S-1-0-0","TargetUserName":"-","TargetDomainName":"-","TargetLogonId":"0x0","ParentProcessName":"C:\\Windows\\System32\\dsregcmd.exe","MandatoryLabel":"S-1-16-16384","EventReceivedTime":1657287780,"SourceModuleName":"in_default_channels","SourceModuleType":"im_msvistalog"}
<11>Jul  8 13:43:00 wrk-shasek.stackedpads.local Microsoft-Windows-Security-Auditing[4]: {"EventTime":1657287779,"Hostname":"wrk-shasek.stackedpads.local","Keywords":-9218868437227405312,"EventType":"AUDIT_FAILURE","SeverityValue":4,"Severity":"ERROR","EventID":4673,"SourceName":"Microsoft-Windows-Security-Auditing","ProviderGuid":"{54849625-5478-4994-A5BA-3E3B0328C30D}","Version":0,"Task":13056,"OpcodeValue":0,"RecordNumber":2713045,"ProcessID":4,"ThreadID":2024,"Channel":"Security","Message":"A privileged service was called.\r\n\r\nSubject:\r\n\tSecurity ID:\t\tS-1-5-21-2264196694-1469429678-912427992-1107\r\n\tAccount Name:\t\ttim.smith\r\n\tAccount Domain:\t\tSTACKEDPADS\r\n\tLogon ID:\t\t0x307504\r\n\r\nService:\r\n\tServer:\tSecurity\r\n\tService Name:\t-\r\n\r\nProcess:\r\n\tProcess ID:\t0x300\r\n\tProcess Name:\tC:\\Windows\\System32\\svchost.exe\r\n\r\nService Request Information:\r\n\tPrivileges:\t\tSeTcbPrivilege","Category":"Sensitive Privilege Use","Opcode":"Info","SubjectUserSid":"S-1-5-21-2264196694-1469429678-912427992-1107","SubjectUserName":"tim.smith","SubjectDomainName":"STACKEDPADS","SubjectLogonId":"0x307504","ObjectServer":"Security","Service":"-","PrivilegeList":"SeTcbPrivilege","ProcessName":"C:\\Windows\\System32\\svchost.exe","EventReceivedTime":1657287780,"SourceModuleName":"in_default_channels","SourceModuleType":"im_msvistalog"}
<14>Jul  8 13:43:00 wrk-shasek.stackedpads.local Microsoft-Windows-TaskScheduler[396]: {"EventTime":1657287780,"Hostname":"wrk-shasek.stackedpads.local","Keywords":-9223372036854775807,"EventType":"INFO","SeverityValue":2,"Severity":"INFO","EventID":100,"SourceName":"Microsoft-Windows-TaskScheduler","ProviderGuid":"{DE7B24EA-73C8-4A09-985D-5BDADCFA9017}","Version":0,"Task":100,"OpcodeValue":1,"RecordNumber":5566,"ActivityID":"{65601081-27D9-4DFC-B249-B9D488FA7CF9}","ProcessID":396,"ThreadID":4000,"Channel":"Microsoft-Windows-TaskScheduler/Operational","Domain":"NT AUTHORITY","AccountName":"SYSTEM","UserID":"S-1-5-18","AccountType":"User","Message":"Task Scheduler started \"{65601081-27d9-4dfc-b249-b9d488fa7cf9}\" instance of the \"\\Microsoft\\Windows\\Workplace Join\\Automatic-Device-Join\" task for user \"NT AUTHORITY\\SYSTEM\".","Category":"Task Started","Opcode":"Start","TaskName":"\\Microsoft\\Windows\\Workplace Join\\Automatic-Device-Join","UserContext":"NT AUTHORITY\\SYSTEM","InstanceId":"{65601081-27d9-4dfc-b249-b9d488fa7cf9}","EventReceivedTime":1657287780,"SourceModuleName":"in_default_channels","SourceModuleType":"im_msvistalog"}
<14>Jul  8 13:43:00 wrk-shasek.stackedpads.local Microsoft-Windows-TaskScheduler[396]: {"EventTime":1657287780,"Hostname":"wrk-shasek.stackedpads.local","Keywords":-9223372036854775808,"EventType":"INFO","SeverityValue":2,"Severity":"INFO","EventID":129,"SourceName":"Microsoft-Windows-TaskScheduler","ProviderGuid":"{DE7B24EA-73C8-4A09-985D-5BDADCFA9017}","Version":0,"Task":129,"OpcodeValue":0,"RecordNumber":5565,"ProcessID":396,"ThreadID":4000,"Channel":"Microsoft-Windows-TaskScheduler/Operational","Domain":"NT AUTHORITY","AccountName":"SYSTEM","UserID":"S-1-5-18","AccountType":"User","Message":"Task Scheduler launch task \"\\Microsoft\\Windows\\Workplace Join\\Automatic-Device-Join\" , instance \"%SystemRoot%\\System32\\dsregcmd.exe\"  with process ID 4972.","Category":"Created Task Process","Opcode":"Info","TaskName":"\\Microsoft\\Windows\\Workplace Join\\Automatic-Device-Join","Path":"%SystemRoot%\\System32\\dsregcmd.exe","Priority":"16384","EventReceivedTime":1657287780,"SourceModuleName":"in_default_channels","SourceModuleType":"im_msvistalog"}
<14>Jul  8 13:43:00 wrk-shasek.stackedpads.local Microsoft-Windows-TaskScheduler[396]: {"EventTime":1657287780,"Hostname":"wrk-shasek.stackedpads.local","Keywords":-9223372036854775808,"EventType":"INFO","SeverityValue":2,"Severity":"INFO","EventID":200,"SourceName":"Microsoft-Windows-TaskScheduler","ProviderGuid":"{DE7B24EA-73C8-4A09-985D-5BDADCFA9017}","Version":1,"Task":200,"OpcodeValue":1,"RecordNumber":5567,"ActivityID":"{65601081-27D9-4DFC-B249-B9D488FA7CF9}","ProcessID":396,"ThreadID":4000,"Channel":"Microsoft-Windows-TaskScheduler/Operational","Domain":"NT AUTHORITY","AccountName":"SYSTEM","UserID":"S-1-5-18","AccountType":"User","Message":"Task Scheduler launched action \"%SystemRoot%\\System32\\dsregcmd.exe\" in instance \"{65601081-27d9-4dfc-b249-b9d488fa7cf9}\" of task \"\\Microsoft\\Windows\\Workplace Join\\Automatic-Device-Join\".","Category":"Action started","Opcode":"Start","TaskName":"\\Microsoft\\Windows\\Workplace Join\\Automatic-Device-Join","ActionName":"%SystemRoot%\\System32\\dsregcmd.exe","TaskInstanceId":"{65601081-27d9-4dfc-b249-b9d488fa7cf9}","EnginePID":"4972","EventReceivedTime":1657287780,"SourceModuleName":"in_default_channels","SourceModuleType":"im_msvistalog"}
<14>Jul  8 13:43:02 activedir.stackedpads.local Microsoft-Windows-Security-Auditing[4]: {"EventTime":1657287780,"Hostname":"activedir.stackedpads.local","Keywords":-9214364837600034816,"EventType":"AUDIT_SUCCESS","SeverityValue":2,"Severity":"INFO","EventID":4689,"SourceName":"Microsoft-Windows-Security-Auditing","ProviderGuid":"{54849625-5478-4994-A5BA-3E3B0328C30D}","Version":0,"Task":13313,"OpcodeValue":0,"RecordNumber":510558,"ProcessID":4,"ThreadID":5244,"Channel":"Security","Message":"A process has exited.\r\n\r\nSubject:\r\n\tSecurity ID:\t\tS-1-5-18\r\n\tAccount Name:\t\tACTIVEDIR$\r\n\tAccount Domain:\t\tSTACKEDPADS\r\n\tLogon ID:\t\t0x3E7\r\n\r\nProcess Information:\r\n\tProcess ID:\t0x1664\r\n\tProcess Name:\tC:\\Windows\\System32\\wbem\\WmiPrvSE.exe\r\n\tExit Status:\t0x0","Category":"Process Termination","Opcode":"Info","SubjectUserSid":"S-1-5-18","SubjectUserName":"ACTIVEDIR$","SubjectDomainName":"STACKEDPADS","SubjectLogonId":"0x3e7","Status":"0x0","ProcessName":"C:\\Windows\\System32\\wbem\\WmiPrvSE.exe","EventReceivedTime":1657287782,"SourceModuleName":"in_default_channels","SourceModuleType":"im_msvistalog"}
<14>Jul  8 13:43:01 wrk-shasek.stackedpads.local Microsoft-Windows-Security-Auditing[4]: {"EventTime":1657287780,"Hostname":"wrk-shasek.stackedpads.local","Keywords":-9214364837600034816,"EventType":"AUDIT_SUCCESS","SeverityValue":2,"Severity":"INFO","EventID":4670,"SourceName":"Microsoft-Windows-Security-Auditing","ProviderGuid":"{54849625-5478-4994-A5BA-3E3B0328C30D}","Version":0,"Task":13570,"OpcodeValue":0,"RecordNumber":2713055,"ProcessID":4,"ThreadID":2024,"Channel":"Security","Message":"Permissions on an object were changed.\r\n\r\nSubject:\r\n\tSecurity ID:\t\tS-1-5-18\r\n\tAccount Name:\t\tWRK-SHASEK$\r\n\tAccount Domain:\t\tSTACKEDPADS\r\n\tLogon ID:\t\t0x3E7\r\n\r\nObject:\r\n\tObject Server:\tSecurity\r\n\tObject Type:\tToken\r\n\tObject Name:\t-\r\n\tHandle ID:\t0x1a0c\r\n\r\nProcess:\r\n\tProcess ID:\t0x18c\r\n\tProcess Name:\tC:\\Windows\\System32\\svchost.exe\r\n\r\nPermissions Change:\r\n\tOriginal Security Descriptor:\tD:(A;;GA;;;SY)(A;;GA;;;NS)\r\n\tNew Security Descriptor:\tD:(A;;GA;;;SY)(A;;RC;;;OW)(A;;GA;;;S-1-5-86-615999462-62705297-2911207457-59056572-3668589837)","Category":"Authorization Policy Change","Opcode":"Info","SubjectUserSid":"S-1-5-18","SubjectUserName":"WRK-SHASEK$","SubjectDomainName":"STACKEDPADS","SubjectLogonId":"0x3e7","ObjectServer":"Security","ObjectType":"Token","ObjectName":"-","HandleId":"0x1a0c","OldSd":"D:(A;;GA;;;SY)(A;;GA;;;NS)","NewSd":"D:(A;;GA;;;SY)(A;;RC;;;OW)(A;;GA;;;S-1-5-86-615999462-62705297-2911207457-59056572-3668589837)","ProcessName":"C:\\Windows\\System32\\svchost.exe","EventReceivedTime":1657287781,"SourceModuleName":"in_default_channels","SourceModuleType":"im_msvistalog"}
<14>Jul  8 13:43:01 wrk-shasek.stackedpads.local Microsoft-Windows-Security-Auditing[4]: {"EventTime":1657287781,"Hostname":"wrk-shasek.stackedpads.local","Keywords":-9214364837600034816,"EventType":"AUDIT_SUCCESS","SeverityValue":2,"Severity":"INFO","EventID":4670,"SourceName":"Microsoft-Windows-Security-Auditing","ProviderGuid":"{54849625-5478-4994-A5BA-3E3B0328C30D}","Version":0,"Task":13570,"OpcodeValue":0,"RecordNumber":2713066,"ProcessID":4,"ThreadID":2012,"Channel":"Security","Message":"Permissions on an object were changed.\r\n\r\nSubject:\r\n\tSecurity ID:\t\tS-1-5-18\r\n\tAccount Name:\t\tWRK-SHASEK$\r\n\tAccount Domain:\t\tSTACKEDPADS\r\n\tLogon ID:\t\t0x3E7\r\n\r\nObject:\r\n\tObject Server:\tSecurity\r\n\tObject Type:\tToken\r\n\tObject Name:\t-\r\n\tHandle ID:\t0x664\r\n\r\nProcess:\r\n\tProcess ID:\t0x284\r\n\tProcess Name:\tC:\\Windows\\System32\\services.exe\r\n\r\nPermissions Change:\r\n\tOriginal Security Descriptor:\tD:(A;;GA;;;SY)(A;;RCGXGR;;;BA)\r\n\tNew Security Descriptor:\tD:(A;;GA;;;SY)(A;;RC;;;OW)(A;;GA;;;S-1-5-80-1577343513-2244782562-3500840712-2807016722-4230555396)","Category":"Authorization Policy Change","Opcode":"Info","SubjectUserSid":"S-1-5-18","SubjectUserName":"WRK-SHASEK$","SubjectDomainName":"STACKEDPADS","SubjectLogonId":"0x3e7","ObjectServer":"Security","ObjectType":"Token","ObjectName":"-","HandleId":"0x664","OldSd":"D:(A;;GA;;;SY)(A;;RCGXGR;;;BA)","NewSd":"D:(A;;GA;;;SY)(A;;RC;;;OW)(A;;GA;;;S-1-5-80-1577343513-2244782562-3500840712-2807016722-4230555396)","ProcessName":"C:\\Windows\\System32\\services.exe","EventReceivedTime":1657287781,"SourceModuleName":"in_default_channels","SourceModuleType":"im_msvistalog"}
<14>Jul  8 13:43:01 wrk-shasek.stackedpads.local Microsoft-Windows-Security-Auditing[4]: {"EventTime":1657287780,"Hostname":"wrk-shasek.stackedpads.local","Keywords":-9214364837600034816,"EventType":"AUDIT_SUCCESS","SeverityValue":2,"Severity":"INFO","EventID":4703,"SourceName":"Microsoft-Windows-Security-Auditing","ProviderGuid":"{54849625-5478-4994-A5BA-3E3B0328C30D}","Version":0,"Task":13317,"OpcodeValue":0,"RecordNumber":2713057,"ProcessID":4,"ThreadID":96,"Channel":"Security","Message":"A token right was adjusted.\r\n\r\nSubject:\r\n\tSecurity ID:\t\tS-1-5-18\r\n\tAccount Name:\t\tWRK-SHASEK$\r\n\tAccount Domain:\t\tSTACKEDPADS\r\n\tLogon ID:\t\t0x3E7\r\n\r\nTarget Account:\r\n\tSecurity ID:\t\tS-1-0-0\r\n\tAccount Name:\t\tWRK-SHASEK$\r\n\tAccount Domain:\t\tSTACKEDPADS\r\n\tLogon ID:\t\t0x3E7\r\n\r\nProcess Information:\r\n\tProcess ID:\t\t0x18c\r\n\tProcess Name:\t\tC:\\Windows\\System32\\svchost.exe\r\n\r\nEnabled Privileges:\r\n\t\t\tSeAssignPrimaryTokenPrivilege\r\n\t\t\tSeIncreaseQuotaPrivilege\r\n\t\t\tSeSecurityPrivilege\r\n\t\t\tSeTakeOwnershipPrivilege\r\n\t\t\tSeLoadDriverPrivilege\r\n\t\t\tSeSystemtimePrivilege\r\n\t\t\tSeBackupPrivilege\r\n\t\t\tSeRestorePrivilege\r\n\t\t\tSeShutdownPrivilege\r\n\t\t\tSeSystemEnvironmentPrivilege\r\n\t\t\tSeUndockPrivilege\r\n\t\t\tSeManageVolumePrivilege\r\n\r\nDisabled Privileges:\r\n\t\t\t-","Category":"Token Right Adjusted Events","Opcode":"Info","SubjectUserSid":"S-1-5-18","SubjectUserName":"WRK-SHASEK$","SubjectDomainName":"STACKEDPADS","SubjectLogonId":"0x3e7","TargetUserSid":"S-1-0-0","TargetUserName":"WRK-SHASEK$","TargetDomainName":"STACKEDPADS","TargetLogonId":"0x3e7","ProcessName":"C:\\Windows\\System32\\svchost.exe","EnabledPrivilegeList":"SeAssignPrimaryTokenPrivilege\r\n\t\t\tSeIncreaseQuotaPrivilege\r\n\t\t\tSeSecurityPrivilege\r\n\t\t\tSeTakeOwnershipPrivilege\r\n\t\t\tSeLoadDriverPrivilege\r\n\t\t\tSeSystemtimePrivilege\r\n\t\t\tSeBackupPrivilege\r\n\t\t\tSeRestorePrivilege\r\n\t\t\tSeShutdownPrivilege\r\n\t\t\tSeSystemEnvironmentPrivilege\r\n\t\t\tSeUndockPrivilege\r\n\t\t\tSeManageVolumePrivilege","DisabledPrivilegeList":"-","EventReceivedTime":1657287781,"SourceModuleName":"in_default_channels","SourceModuleType":"im_msvistalog"}
<14>Jul  8 13:43:01 wrk-shasek.stackedpads.local Microsoft-Windows-Security-Auditing[4]: {"EventTime":1657287780,"Hostname":"wrk-shasek.stackedpads.local","Keywords":-9214364837600034816,"EventType":"AUDIT_SUCCESS","SeverityValue":2,"Severity":"INFO","EventID":4703,"SourceName":"Microsoft-Windows-Security-Auditing","ProviderGuid":"{54849625-5478-4994-A5BA-3E3B0328C30D}","Version":0,"Task":13317,"OpcodeValue":0,"RecordNumber":2713054,"ProcessID":4,"ThreadID":2024,"Channel":"Security","Message":"A token right was adjusted.\r\n\r\nSubject:\r\n\tSecurity ID:\t\tS-1-5-18\r\n\tAccount Name:\t\tWRK-SHASEK$\r\n\tAccount Domain:\t\tSTACKEDPADS\r\n\tLogon ID:\t\t0x3E7\r\n\r\nTarget Account:\r\n\tSecurity ID:\t\tS-1-0-0\r\n\tAccount Name:\t\tWRK-SHASEK$\r\n\tAccount Domain:\t\tSTACKEDPADS\r\n\tLogon ID:\t\t0x3E7\r\n\r\nProcess Information:\r\n\tProcess ID:\t\t0x18c\r\n\tProcess Name:\t\tC:\\Windows\\System32\\svchost.exe\r\n\r\nEnabled Privileges:\r\n\t\t\tSeAssignPrimaryTokenPrivilege\r\n\t\t\tSeIncreaseQuotaPrivilege\r\n\t\t\tSeSecurityPrivilege\r\n\t\t\tSeTakeOwnershipPrivilege\r\n\t\t\tSeLoadDriverPrivilege\r\n\t\t\tSeSystemtimePrivilege\r\n\t\t\tSeBackupPrivilege\r\n\t\t\tSeRestorePrivilege\r\n\t\t\tSeShutdownPrivilege\r\n\t\t\tSeSystemEnvironmentPrivilege\r\n\t\t\tSeUndockPrivilege\r\n\t\t\tSeManageVolumePrivilege\r\n\r\nDisabled Privileges:\r\n\t\t\t-","Category":"Token Right Adjusted Events","Opcode":"Info","SubjectUserSid":"S-1-5-18","SubjectUserName":"WRK-SHASEK$","SubjectDomainName":"STACKEDPADS","SubjectLogonId":"0x3e7","TargetUserSid":"S-1-0-0","TargetUserName":"WRK-SHASEK$","TargetDomainName":"STACKEDPADS","TargetLogonId":"0x3e7","ProcessName":"C:\\Windows\\System32\\svchost.exe","EnabledPrivilegeList":"SeAssignPrimaryTokenPrivilege\r\n\t\t\tSeIncreaseQuotaPrivilege\r\n\t\t\tSeSecurityPrivilege\r\n\t\t\tSeTakeOwnershipPrivilege\r\n\t\t\tSeLoadDriverPrivilege\r\n\t\t\tSeSystemtimePrivilege\r\n\t\t\tSeBackupPrivilege\r\n\t\t\tSeRestorePrivilege\r\n\t\t\tSeShutdownPrivilege\r\n\t\t\tSeSystemEnvironmentPrivilege\r\n\t\t\tSeUndockPrivilege\r\n\t\t\tSeManageVolumePrivilege","DisabledPrivilegeList":"-","EventReceivedTime":1657287781,"SourceModuleName":"in_default_channels","SourceModuleType":"im_msvistalog"}
<14>Jul  8 13:43:01 wrk-shasek.stackedpads.local Microsoft-Windows-Security-Auditing[4]: {"EventTime":1657287780,"Hostname":"wrk-shasek.stackedpads.local","Keywords":-9214364837600034816,"EventType":"AUDIT_SUCCESS","SeverityValue":2,"Severity":"INFO","EventID":4703,"SourceName":"Microsoft-Windows-Security-Auditing","ProviderGuid":"{54849625-5478-4994-A5BA-3E3B0328C30D}","Version":0,"Task":13317,"OpcodeValue":0,"RecordNumber":2713052,"ProcessID":4,"ThreadID":2024,"Channel":"Security","Message":"A token right was adjusted.\r\n\r\nSubject:\r\n\tSecurity ID:\t\tS-1-5-18\r\n\tAccount Name:\t\tWRK-SHASEK$\r\n\tAccount Domain:\t\tSTACKEDPADS\r\n\tLogon ID:\t\t0x3E7\r\n\r\nTarget Account:\r\n\tSecurity ID:\t\tS-1-0-0\r\n\tAccount Name:\t\tWRK-SHASEK$\r\n\tAccount Domain:\t\tSTACKEDPADS\r\n\tLogon ID:\t\t0x3E7\r\n\r\nProcess Information:\r\n\tProcess ID:\t\t0x18c\r\n\tProcess Name:\t\tC:\\Windows\\System32\\svchost.exe\r\n\r\nEnabled Privileges:\r\n\t\t\tSeAssignPrimaryTokenPrivilege\r\n\t\t\tSeIncreaseQuotaPrivilege\r\n\t\t\tSeSecurityPrivilege\r\n\t\t\tSeTakeOwnershipPrivilege\r\n\t\t\tSeLoadDriverPrivilege\r\n\t\t\tSeSystemtimePrivilege\r\n\t\t\tSeBackupPrivilege\r\n\t\t\tSeRestorePrivilege\r\n\t\t\tSeShutdownPrivilege\r\n\t\t\tSeSystemEnvironmentPrivilege\r\n\t\t\tSeUndockPrivilege\r\n\t\t\tSeManageVolumePrivilege\r\n\r\nDisabled Privileges:\r\n\t\t\t-","Category":"Token Right Adjusted Events","Opcode":"Info","SubjectUserSid":"S-1-5-18","SubjectUserName":"WRK-SHASEK$","SubjectDomainName":"STACKEDPADS","SubjectLogonId":"0x3e7","TargetUserSid":"S-1-0-0","TargetUserName":"WRK-SHASEK$","TargetDomainName":"STACKEDPADS","TargetLogonId":"0x3e7","ProcessName":"C:\\Windows\\System32\\svchost.exe","EnabledPrivilegeList":"SeAssignPrimaryTokenPrivilege\r\n\t\t\tSeIncreaseQuotaPrivilege\r\n\t\t\tSeSecurityPrivilege\r\n\t\t\tSeTakeOwnershipPrivilege\r\n\t\t\tSeLoadDriverPrivilege\r\n\t\t\tSeSystemtimePrivilege\r\n\t\t\tSeBackupPrivilege\r\n\t\t\tSeRestorePrivilege\r\n\t\t\tSeShutdownPrivilege\r\n\t\t\tSeSystemEnvironmentPrivilege\r\n\t\t\tSeUndockPrivilege\r\n\t\t\tSeManageVolumePrivilege","DisabledPrivilegeList":"-","EventReceivedTime":1657287781,"SourceModuleName":"in_default_channels","SourceModuleType":"im_msvistalog"}
