<14>Jul  8 13:41:04 activedir.stackedpads.local Microsoft-Windows-Security-Auditing[4]: {"EventTime":1657287663,"Hostname":"activedir.stackedpads.local","Keywords":-9214364837600034816,"EventType":"AUDIT_SUCCESS","SeverityValue":2,"Severity":"INFO","EventID":4674,"SourceName":"Microsoft-Windows-Security-Auditing","ProviderGuid":"{54849625-5478-4994-A5BA-3E3B0328C30D}","Version":0,"Task":13056,"OpcodeValue":0,"RecordNumber":510414,"ProcessID":4,"ThreadID":308,"Channel":"Security","Message":"An operation was attempted on a privileged object.\r\n\r\nSubject:\r\n\tSecurity ID:\t\tS-1-5-21-2264196694-1469429678-912427992-1104\r\n\tAccount Name:\t\tfrank.kolzig\r\n\tAccount Domain:\t\tSTACKEDPADS\r\n\tLogon ID:\t\t0x162E28\r\n\r\nObject:\r\n\tObject Server:\tSecurity\r\n\tObject Type:\tKey\r\n\tObject Name:\t\\REGISTRY\\MACHINE\\SOFTWARE\\Microsoft\\Windows NT\\CurrentVersion\\Perflib\r\n\tObject Handle:\t0x420\r\n\r\nProcess Information:\r\n\tProcess ID:\t0x1bec\r\n\tProcess Name:\tC:\\Windows\\System32\\wbem\\WmiPrvSE.exe\r\n\r\nRequested Operation:\r\n\tDesired Access:\tDELETE\r\n\t\t\t\tREAD_CONTROL\r\n\t\t\t\tWRITE_DAC\r\n\t\t\t\tWRITE_OWNER\r\n\t\t\t\tACCESS_SYS_SEC\r\n\t\t\t\tQuery key value\r\n\t\t\t\tSet key value\r\n\t\t\t\tCreate sub-key\r\n\t\t\t\tEnumerate sub-keys\r\n\t\t\t\tNotify about changes to keys\r\n\t\t\t\tCreate Link\r\n\t\t\t\t\r\n\tPrivileges:\t\tSeSecurityPrivilege","Category":"Sensitive Privilege Use","Opcode":"Info","SubjectUserSid":"S-1-5-21-2264196694-1469429678-912427992-1104","SubjectUserName":"frank.kolzig","SubjectDomainName":"STACKEDPADS","SubjectLogonId":"0x162e28","ObjectServer":"Security","ObjectType":"Key","ObjectName":"\\REGISTRY\\MACHINE\\SOFTWARE\\Microsoft\\Windows NT\\CurrentVersion\\Perflib","HandleId":"0x420","AccessMask":"%%1537\r\n\t\t\t\t%%1538\r\n\t\t\t\t%%1539\r\n\t\t\t\t%%1540\r\n\t\t\t\t%%1542\r\n\t\t\t\t%%4432\r\n\t\t\t\t%%4433\r\n\t\t\t\t%%4434\r\n\t\t\t\t%%4435\r\n\t\t\t\t%%4436\r\n\t\t\t\t%%4437\r\n\t\t\t\t","PrivilegeList":"SeSecurityPrivilege","ProcessName":"C:\\Windows\\System32\\wbem\\WmiPrvSE.exe","EventReceivedTime":1657287664,"SourceModuleName":"in_default_channels","SourceModuleType":"im_msvistalog"}
<14>Jul  8 13:41:03 wrk-shasek.stackedpads.local Microsoft-Windows-TaskScheduler[396]: {"EventTime":1657287663,"Hostname":"wrk-shasek.stackedpads.local","Keywords":-9223372036854775808,"EventType":"INFO","SeverityValue":2,"Severity":"INFO","EventID":200,"SourceName":"Microsoft-Windows-TaskScheduler","ProviderGuid":"{DE7B24EA-73C8-4A09-985D-5BDADCFA9017}","Version":1,"Task":200,"OpcodeValue":1,"RecordNumber":5507,"ActivityID":"{03C7364A-65D5-43CA-9A8F-CE14E5EE5787}","ProcessID":396,"ThreadID":1284,"Channel":"Microsoft-Windows-TaskScheduler/Operational","Domain":"NT AUTHORITY","AccountName":"SYSTEM","UserID":"S-1-5-18","AccountType":"User","Message":"Task Scheduler launched action \"%windir%\\system32\\ProvTool.exe\" in instance \"{03c7364a-65d5-43ca-9a8f-ce14e5ee5787}\" of task \"\\Microsoft\\Windows\\Management\\Provisioning\\Logon\".","Category":"Action started","Opcode":"Start","TaskName":"\\Microsoft\\Windows\\Management\\Provisioning\\Logon","ActionName":"%windir%\\system32\\ProvTool.exe","TaskInstanceId":"{03c7364a-65d5-43ca-9a8f-ce14e5ee5787}","EnginePID":"3564","EventReceivedTime":1657287663,"SourceModuleName":"in_default_channels","SourceModuleType":"im_msvistalog"}
<14>Jul  8 13:41:05 wrk-shasek.stackedpads.local Microsoft-Windows-TaskScheduler[396]: {"EventTime":1657287664,"Hostname":"wrk-shasek.stackedpads.local","Keywords":-9223372036854775808,"EventType":"INFO","SeverityValue":2,"Severity":"INFO","EventID":200,"SourceName":"Microsoft-Windows-TaskScheduler","ProviderGuid":"{DE7B24EA-73C8-4A09-985D-5BDADCFA9017}","Version":1,"Task":200,"OpcodeValue":1,"RecordNumber":5510,"ActivityID":"{C828AB55-EFAA-43BE-A5F2-A192487A2AD5}","ProcessID":396,"ThreadID":5612,"Channel":"Microsoft-Windows-TaskScheduler/Operational","Domain":"NT AUTHORITY","AccountName":"SYSTEM","UserID":"S-1-5-18","AccountType":"User","Message":"Task Scheduler launched action \"%windir%\\system32\\defrag.exe\" in instance \"{c828ab55-efaa-43be-a5f2-a192487a2ad5}\" of task \"\\Microsoft\\Windows\\Defrag\\ScheduledDefrag\".","Category":"Action started","Opcode":"Start","TaskName":"\\Microsoft\\Windows\\Defrag\\ScheduledDefrag","ActionName":"%windir%\\system32\\defrag.exe","TaskInstanceId":"{c828ab55-efaa-43be-a5f2-a192487a2ad5}","EnginePID":"6864","EventReceivedTime":1657287665,"SourceModuleName":"in_default_channels","SourceModuleType":"im_msvistalog"}
<14>Jul  8 13:41:04 activedir.stackedpads.local Microsoft-Windows-Security-Auditing[4]: {"EventTime":1657287663,"Hostname":"activedir.stackedpads.local","Keywords":-9214364837600034816,"EventType":"AUDIT_SUCCESS","SeverityValue":2,"Severity":"INFO","EventID":4688,"SourceName":"Microsoft-Windows-Security-Auditing","ProviderGuid":"{54849625-5478-4994-A5BA-3E3B0328C30D}","Version":2,"Task":13312,"OpcodeValue":0,"RecordNumber":510405,"ProcessID":4,"ThreadID":308,"Channel":"Security","Message":"A new process has been created.\r\n\r\nCreator Subject:\r\n\tSecurity ID:\t\tS-1-5-18\r\n\tAccount Name:\t\tACTIVEDIR$\r\n\tAccount Domain:\t\tSTACKEDPADS\r\n\tLogon ID:\t\t0x3E7\r\n\r\nTarget Subject:\r\n\tSecurity ID:\t\tS-1-5-19\r\n\tAccount Name:\t\tLOCAL SERVICE\r\n\tAccount Domain:\t\tNT AUTHORITY\r\n\tLogon ID:\t\t0x3E5\r\n\r\nProcess Information:\r\n\tNew Process ID:\t\t0x16a0\r\n\tNew Process Name:\tC:\\Windows\\System32\\wbem\\WmiPrvSE.exe\r\n\tToken Elevation Type:\t%%1936\r\n\tMandatory Label:\t\tS-1-16-16384\r\n\tCreator Process ID:\t0x368\r\n\tCreator Process Name:\tC:\\Windows\\System32\\svchost.exe\r\n\tProcess Command Line:\tC:\\Windows\\system32\\wbem\\wmiprvse.exe -secured -Embedding\r\n\r\nToken Elevation Type indicates the type of token that was assigned to the new process in accordance with User Account Control policy.\r\n\r\nType 1 is a full token with no privileges removed or groups disabled.  A full token is only used if User Account Control is disabled or if the user is the built-in Administrator account or a service account.\r\n\r\nType 2 is an elevated token with no privileges removed or groups disabled.  An elevated token is used when User Account Control is enabled and the user chooses to start the program using Run as administrator.  An elevated token is also used when an application is configured to always require administrative privilege or to always require maximum privilege, and the user is a member of the Administrators group.\r\n\r\nType 3 is a limited token with administrative privileges removed and administrative groups disabled.  The limited token is used when User Account Control is enabled, the application does not require administrative privilege, and the user does not choose to start the program using Run as administrator.","Category":"Process Creation","Opcode":"Info","SubjectUserSid":"S-1-5-18","SubjectUserName":"ACTIVEDIR$","SubjectDomainName":"STACKEDPADS","SubjectLogonId":"0x3e7","NewProcessId":"0x16a0","NewProcessName":"C:\\Windows\\System32\\wbem\\WmiPrvSE.exe","TokenElevationType":"%%1936","CommandLine":"C:\\Windows\\system32\\wbem\\wmiprvse.exe -secured -Embedding","TargetUserSid":"S-1-5-19","TargetUserName":"LOCAL SERVICE","TargetDomainName":"NT AUTHORITY","TargetLogonId":"0x3e5","ParentProcessName":"C:\\Windows\\System32\\svchost.exe","MandatoryLabel":"S-1-16-16384","EventReceivedTime":1657287664,"SourceModuleName":"in_default_channels","SourceModuleType":"im_msvistalog"}
<14>Jul  8 13:41:04 activedir.stackedpads.local Microsoft-Windows-Security-Auditing[4]: {"EventTime":1657287663,"Hostname":"activedir.stackedpads.local","Keywords":-9214364837600034816,"EventType":"AUDIT_SUCCESS","SeverityValue":2,"Severity":"INFO","EventID":4688,"SourceName":"Microsoft-Windows-Security-Auditing","ProviderGuid":"{54849625-5478-4994-A5BA-3E3B0328C30D}","Version":2,"Task":13312,"OpcodeValue":0,"RecordNumber":510409,"ProcessID":4,"ThreadID":308,"Channel":"Security","Message":"A new process has been created.\r\n\r\nCreator Subject:\r\n\tSecurity ID:\t\tS-1-5-18\r\n\tAccount Name:\t\tACTIVEDIR$\r\n\tAccount Domain:\t\tSTACKEDPADS\r\n\tLogon ID:\t\t0x3E7\r\n\r\nTarget Subject:\r\n\tSecurity ID:\t\tS-1-0-0\r\n\tAccount Name:\t\t-\r\n\tAccount Domain:\t\t-\r\n\tLogon ID:\t\t0x0\r\n\r\nProcess Information:\r\n\tNew Process ID:\t\t0xab0\r\n\tNew Process Name:\tC:\\Windows\\System32\\svchost.exe\r\n\tToken Elevation Type:\t%%1936\r\n\tMandatory Label:\t\tS-1-16-16384\r\n\tCreator Process ID:\t0x27c\r\n\tCreator Process Name:\tC:\\Windows\\System32\\services.exe\r\n\tProcess Command Line:\tC:\\Windows\\System32\\svchost.exe -k netsvcs -p -s NetSetupSvc\r\n\r\nToken Elevation Type indicates the type of token that was assigned to the new process in accordance with User Account Control policy.\r\n\r\nType 1 is a full token with no privileges removed or groups disabled.  A full token is only used if User Account Control is disabled or if the user is the built-in Administrator account or a service account.\r\n\r\nType 2 is an elevated token with no privileges removed or groups disabled.  An elevated token is used when User Account Control is enabled and the user chooses to start the program using Run as administrator.  An elevated token is also used when an application is configured to always require administrative privilege or to always require maximum privilege, and the user is a member of the Administrators group.\r\n\r\nType 3 is a limited token with administrative privileges removed and administrative groups disabled.  The limited token is used when User Account Control is enabled, the application does not require administrative privilege, and the user does not choose to start the program using Run as administrator.","Category":"Process Creation","Opcode":"Info","SubjectUserSid":"S-1-5-18","SubjectUserName":"ACTIVEDIR$","SubjectDomainName":"STACKEDPADS","SubjectLogonId":"0x3e7","NewProcessId":"0xab0","NewProcessName":"C:\\Windows\\System32\\svchost.exe","TokenElevationType":"%%1936","CommandLine":"C:\\Windows\\System32\\svchost.exe -k netsvcs -p -s NetSetupSvc","TargetUserSid":"S-1-0-0","TargetUserName":"-","TargetDomainName":"-","TargetLogonId":"0x0","ParentProcessName":"C:\\Windows\\System32\\services.exe","MandatoryLabel":"S-1-16-16384","EventReceivedTime":1657287664,"SourceModuleName":"in_default_channels","SourceModuleType":"im_msvistalog"}
<14>Jul  8 13:41:05 activedir.stackedpads.local Microsoft-Windows-TaskScheduler[1744]: {"EventTime":1657287663,"Hostname":"activedir.stackedpads.local","Keywords":-9223372036854775808,"EventType":"INFO","SeverityValue":2,"Severity":"INFO","EventID":201,"SourceName":"Microsoft-Windows-TaskScheduler","ProviderGuid":"{DE7B24EA-73C8-4A09-985D-5BDADCFA9017}","Version":2,"Task":201,"OpcodeValue":2,"RecordNumber":17405,"ActivityID":"{781BB25D-6DBA-471D-8F99-10CFEA0C6118}","ProcessID":1744,"ThreadID":1208,"Channel":"Microsoft-Windows-TaskScheduler/Operational","Domain":"NT AUTHORITY","AccountName":"SYSTEM","UserID":"S-1-5-18","AccountType":"User","Message":"Task Scheduler successfully completed task \"\\MicrosoftEdgeUpdateTaskMachineCore\" , instance \"{781bb25d-6dba-471d-8f99-10cfea0c6118}\" , action \"C:\\Program Files (x86)\\Microsoft\\EdgeUpdate\\MicrosoftEdgeUpdate.exe\" with return code 0.","Category":"Action completed","Opcode":"Stop","TaskName":"\\MicrosoftEdgeUpdateTaskMachineCore","TaskInstanceId":"{781bb25d-6dba-471d-8f99-10cfea0c6118}","ActionName":"C:\\Program Files (x86)\\Microsoft\\EdgeUpdate\\MicrosoftEdgeUpdate.exe","ResultCode":"0","EnginePID":"300","EventReceivedTime":1657287665,"SourceModuleName":"in_default_channels","SourceModuleType":"im_msvistalog"}
<14>Jul  8 13:41:05 activedir.stackedpads.local Microsoft-Windows-TaskScheduler[1744]: {"EventTime":1657287663,"Hostname":"activedir.stackedpads.local","Keywords":-9223372036854775808,"EventType":"INFO","SeverityValue":2,"Severity":"INFO","EventID":201,"SourceName":"Microsoft-Windows-TaskScheduler","ProviderGuid":"{DE7B24EA-73C8-4A09-985D-5BDADCFA9017}","Version":2,"Task":201,"OpcodeValue":2,"RecordNumber":17403,"ActivityID":"{2FBAB0A6-7F8F-482B-B81A-C46015E2D4EC}","ProcessID":1744,"ThreadID":1208,"Channel":"Microsoft-Windows-TaskScheduler/Operational","Domain":"NT AUTHORITY","AccountName":"SYSTEM","UserID":"S-1-5-18","AccountType":"User","Message":"Task Scheduler successfully completed task \"\\GoogleUpdateTaskMachineCore{59BBCB8D-55DC-4863-8BD3-C09A422C587B}\" , instance \"{2fbab0a6-7f8f-482b-b81a-c46015e2d4ec}\" , action \"C:\\Program Files (x86)\\Google\\Update\\GoogleUpdate.exe\" with return code 0.","Category":"Action completed","Opcode":"Stop","TaskName":"\\GoogleUpdateTaskMachineCore{59BBCB8D-55DC-4863-8BD3-C09A422C587B}","TaskInstanceId":"{2fbab0a6-7f8f-482b-b81a-c46015e2d4ec}","ActionName":"C:\\Program Files (x86)\\Google\\Update\\GoogleUpdate.exe","ResultCode":"0","EnginePID":"4960","EventReceivedTime":1657287665,"SourceModuleName":"in_default_channels","SourceModuleType":"im_msvistalog"}
<14>Jul  8 13:41:05 activedir.stackedpads.local Microsoft-Windows-TaskScheduler[1744]: {"EventTime":1657287663,"Hostname":"activedir.stackedpads.local","Keywords":-9223372036854775807,"EventType":"INFO","SeverityValue":2,"Severity":"INFO","EventID":102,"SourceName":"Microsoft-Windows-TaskScheduler","ProviderGuid":"{DE7B24EA-73C8-4A09-985D-5BDADCFA9017}","Version":0,"Task":102,"OpcodeValue":2,"RecordNumber":17406,"ActivityID":"{781BB25D-6DBA-471D-8F99-10CFEA0C6118}","ProcessID":1744,"ThreadID":1208,"Channel":"Microsoft-Windows-TaskScheduler/Operational","Domain":"NT AUTHORITY","AccountName":"SYSTEM","UserID":"S-1-5-18","AccountType":"User","Message":"Task Scheduler successfully finished \"{781bb25d-6dba-471d-8f99-10cfea0c6118}\" instance of the \"\\MicrosoftEdgeUpdateTaskMachineCore\" task for user \"NT AUTHORITY\\SYSTEM\".","Category":"Task completed","Opcode":"Stop","TaskName":"\\MicrosoftEdgeUpdateTaskMachineCore","UserContext":"NT AUTHORITY\\SYSTEM","InstanceId":"{781bb25d-6dba-471d-8f99-10cfea0c6118}","EventReceivedTime":1657287665,"SourceModuleName":"in_default_channels","SourceModuleType":"im_msvistalog"}
<14>Jul  8 13:41:05 activedir.stackedpads.local Microsoft-Windows-TaskScheduler[1744]: {"EventTime":1657287663,"Hostname":"activedir.stackedpads.local","Keywords":-9223372036854775807,"EventType":"INFO","SeverityValue":2,"Severity":"INFO","EventID":102,"SourceName":"Microsoft-Windows-TaskScheduler","ProviderGuid":"{DE7B24EA-73C8-4A09-985D-5BDADCFA9017}","Version":0,"Task":102,"OpcodeValue":2,"RecordNumber":17404,"ActivityID":"{2FBAB0A6-7F8F-482B-B81A-C46015E2D4EC}","ProcessID":1744,"ThreadID":1208,"Channel":"Microsoft-Windows-TaskScheduler/Operational","Domain":"NT AUTHORITY","AccountName":"SYSTEM","UserID":"S-1-5-18","AccountType":"User","Message":"Task Scheduler successfully finished \"{2fbab0a6-7f8f-482b-b81a-c46015e2d4ec}\" instance of the \"\\GoogleUpdateTaskMachineCore{59BBCB8D-55DC-4863-8BD3-C09A422C587B}\" task for user \"NT AUTHORITY\\SYSTEM\".","Category":"Task completed","Opcode":"Stop","TaskName":"\\GoogleUpdateTaskMachineCore{59BBCB8D-55DC-4863-8BD3-C09A422C587B}","UserContext":"NT AUTHORITY\\SYSTEM","InstanceId":"{2fbab0a6-7f8f-482b-b81a-c46015e2d4ec}","EventReceivedTime":1657287665,"SourceModuleName":"in_default_channels","SourceModuleType":"im_msvistalog"}
<14>Jul  8 13:41:04 activedir.stackedpads.local Microsoft-Windows-Security-Auditing[4]: {"EventTime":1657287663,"Hostname":"activedir.stackedpads.local","Keywords":-9214364837600034816,"EventType":"AUDIT_SUCCESS","SeverityValue":2,"Severity":"INFO","EventID":4674,"SourceName":"Microsoft-Windows-Security-Auditing","ProviderGuid":"{54849625-5478-4994-A5BA-3E3B0328C30D}","Version":0,"Task":13056,"OpcodeValue":0,"RecordNumber":510412,"ProcessID":4,"ThreadID":308,"Channel":"Security","Message":"An operation was attempted on a privileged object.\r\n\r\nSubject:\r\n\tSecurity ID:\t\tS-1-5-21-2264196694-1469429678-912427992-1104\r\n\tAccount Name:\t\tfrank.kolzig\r\n\tAccount Domain:\t\tSTACKEDPADS\r\n\tLogon ID:\t\t0x162E28\r\n\r\nObject:\r\n\tObject Server:\tSecurity\r\n\tObject Type:\tKey\r\n\tObject Name:\t\\REGISTRY\\MACHINE\\SYSTEM\\ControlSet001\\Services\\WinSock2\\Parameters\r\n\tObject Handle:\t0x858\r\n\r\nProcess Information:\r\n\tProcess ID:\t0x784\r\n\tProcess Name:\tC:\\Windows\\System32\\ServerManager.exe\r\n\r\nRequested Operation:\r\n\tDesired Access:\tDELETE\r\n\t\t\t\tREAD_CONTROL\r\n\t\t\t\tWRITE_DAC\r\n\t\t\t\tWRITE_OWNER\r\n\t\t\t\tQuery key value\r\n\t\t\t\tSet key value\r\n\t\t\t\tCreate sub-key\r\n\t\t\t\tEnumerate sub-keys\r\n\t\t\t\tNotify about changes to keys\r\n\t\t\t\tCreate Link\r\n\t\t\t\t\r\n\tPrivileges:\t\tSeTakeOwnershipPrivilege","Category":"Sensitive Privilege Use","Opcode":"Info","SubjectUserSid":"S-1-5-21-2264196694-1469429678-912427992-1104","SubjectUserName":"frank.kolzig","SubjectDomainName":"STACKEDPADS","SubjectLogonId":"0x162e28","ObjectServer":"Security","ObjectType":"Key","ObjectName":"\\REGISTRY\\MACHINE\\SYSTEM\\ControlSet001\\Services\\WinSock2\\Parameters","HandleId":"0x858","AccessMask":"%%1537\r\n\t\t\t\t%%1538\r\n\t\t\t\t%%1539\r\n\t\t\t\t%%1540\r\n\t\t\t\t%%4432\r\n\t\t\t\t%%4433\r\n\t\t\t\t%%4434\r\n\t\t\t\t%%4435\r\n\t\t\t\t%%4436\r\n\t\t\t\t%%4437\r\n\t\t\t\t","PrivilegeList":"SeTakeOwnershipPrivilege","ProcessName":"C:\\Windows\\System32\\ServerManager.exe","EventReceivedTime":1657287664,"SourceModuleName":"in_default_channels","SourceModuleType":"im_msvistalog"}
<14>Jul  8 13:41:04 wrk-shasek.stackedpads.local Microsoft-Windows-Security-Auditing[4]: {"EventTime":1657287663,"Hostname":"wrk-shasek.stackedpads.local","Keywords":-9214364837600034816,"EventType":"AUDIT_SUCCESS","SeverityValue":2,"Severity":"INFO","EventID":4670,"SourceName":"Microsoft-Windows-Security-Auditing","ProviderGuid":"{54849625-5478-4994-A5BA-3E3B0328C30D}","Version":0,"Task":13570,"OpcodeValue":0,"RecordNumber":2712650,"ProcessID":4,"ThreadID":1756,"Channel":"Security","Message":"Permissions on an object were changed.\r\n\r\nSubject:\r\n\tSecurity ID:\t\tS-1-5-18\r\n\tAccount Name:\t\tWRK-SHASEK$\r\n\tAccount Domain:\t\tSTACKEDPADS\r\n\tLogon ID:\t\t0x3E7\r\n\r\nObject:\r\n\tObject Server:\tSecurity\r\n\tObject Type:\tToken\r\n\tObject Name:\t-\r\n\tHandle ID:\t0x520\r\n\r\nProcess:\r\n\tProcess ID:\t0x284\r\n\tProcess Name:\tC:\\Windows\\System32\\services.exe\r\n\r\nPermissions Change:\r\n\tOriginal Security Descriptor:\tD:(A;;GA;;;SY)(A;;RCGXGR;;;BA)\r\n\tNew Security Descriptor:\tD:(A;;GA;;;SY)(A;;RC;;;OW)(A;;GA;;;S-1-5-80-654447679-1163530548-981569129-3608673666-3128964045)","Category":"Authorization Policy Change","Opcode":"Info","SubjectUserSid":"S-1-5-18","SubjectUserName":"WRK-SHASEK$","SubjectDomainName":"STACKEDPADS","SubjectLogonId":"0x3e7","ObjectServer":"Security","ObjectType":"Token","ObjectName":"-","HandleId":"0x520","OldSd":"D:(A;;GA;;;SY)(A;;RCGXGR;;;BA)","NewSd":"D:(A;;GA;;;SY)(A;;RC;;;OW)(A;;GA;;;S-1-5-80-654447679-1163530548-981569129-3608673666-3128964045)","ProcessName":"C:\\Windows\\System32\\services.exe","EventReceivedTime":1657287664,"SourceModuleName":"in_default_channels","SourceModuleType":"im_msvistalog"}
<14>Jul  8 13:41:04 activedir.stackedpads.local Service_Control_Manager[636]: {"EventTime":1657287663,"Hostname":"activedir.stackedpads.local","Keywords":-9187343239835811840,"EventType":"INFO","SeverityValue":2,"Severity":"INFO","EventID":7036,"SourceName":"Service Control Manager","ProviderGuid":"{555908D1-A6D7-4695-8E1E-26931D2012F4}","Version":0,"Task":0,"OpcodeValue":0,"RecordNumber":9988,"ProcessID":636,"ThreadID":5084,"Channel":"System","Message":"The Network Setup Service service entered the running state.","param1":"Network Setup Service","param2":"running","EventReceivedTime":1657287664,"SourceModuleName":"in_default_channels","SourceModuleType":"im_msvistalog"}
<14>Jul  8 13:41:03 wrk-shasek.stackedpads.local Microsoft-Windows-TaskScheduler[396]: {"EventTime":1657287663,"Hostname":"wrk-shasek.stackedpads.local","Keywords":-9223372036854775808,"EventType":"INFO","SeverityValue":2,"Severity":"INFO","EventID":129,"SourceName":"Microsoft-Windows-TaskScheduler","ProviderGuid":"{DE7B24EA-73C8-4A09-985D-5BDADCFA9017}","Version":0,"Task":129,"OpcodeValue":0,"RecordNumber":5505,"ProcessID":396,"ThreadID":1284,"Channel":"Microsoft-Windows-TaskScheduler/Operational","Domain":"NT AUTHORITY","AccountName":"SYSTEM","UserID":"S-1-5-18","AccountType":"User","Message":"Task Scheduler launch task \"\\Microsoft\\Windows\\Management\\Provisioning\\Logon\" , instance \"%windir%\\system32\\ProvTool.exe\"  with process ID 3564.","Category":"Created Task Process","Opcode":"Info","TaskName":"\\Microsoft\\Windows\\Management\\Provisioning\\Logon","Path":"%windir%\\system32\\ProvTool.exe","Priority":"64","EventReceivedTime":1657287663,"SourceModuleName":"in_default_channels","SourceModuleType":"im_msvistalog"}
<14>Jul  8 13:41:05 wrk-shasek.stackedpads.local Microsoft-Windows-TaskScheduler[396]: {"EventTime":1657287664,"Hostname":"wrk-shasek.stackedpads.local","Keywords":-9223372036854775808,"EventType":"INFO","SeverityValue":2,"Severity":"INFO","EventID":129,"SourceName":"Microsoft-Windows-TaskScheduler","ProviderGuid":"{DE7B24EA-73C8-4A09-985D-5BDADCFA9017}","Version":0,"Task":129,"OpcodeValue":0,"RecordNumber":5508,"ProcessID":396,"ThreadID":5612,"Channel":"Microsoft-Windows-TaskScheduler/Operational","Domain":"NT AUTHORITY","AccountName":"SYSTEM","UserID":"S-1-5-18","AccountType":"User","Message":"Task Scheduler launch task \"\\Microsoft\\Windows\\Defrag\\ScheduledDefrag\" , instance \"%windir%\\system32\\defrag.exe\"  with process ID 6864.","Category":"Created Task Process","Opcode":"Info","TaskName":"\\Microsoft\\Windows\\Defrag\\ScheduledDefrag","Path":"%windir%\\system32\\defrag.exe","Priority":"16384","EventReceivedTime":1657287665,"SourceModuleName":"in_default_channels","SourceModuleType":"im_msvistalog"}
<14>Jul  8 13:41:04 activedir.stackedpads.local Microsoft-Windows-Security-Auditing[4]: {"EventTime":1657287663,"Hostname":"activedir.stackedpads.local","Keywords":-9214364837600034816,"EventType":"AUDIT_SUCCESS","SeverityValue":2,"Severity":"INFO","EventID":4689,"SourceName":"Microsoft-Windows-Security-Auditing","ProviderGuid":"{54849625-5478-4994-A5BA-3E3B0328C30D}","Version":0,"Task":13313,"OpcodeValue":0,"RecordNumber":510416,"ProcessID":4,"ThreadID":176,"Channel":"Security","Message":"A process has exited.\r\n\r\nSubject:\r\n\tSecurity ID:\t\tS-1-5-18\r\n\tAccount Name:\t\tACTIVEDIR$\r\n\tAccount Domain:\t\tSTACKEDPADS\r\n\tLogon ID:\t\t0x3E7\r\n\r\nProcess Information:\r\n\tProcess ID:\t0x1360\r\n\tProcess Name:\tC:\\Program Files (x86)\\Google\\Update\\GoogleUpdate.exe\r\n\tExit Status:\t0x0","Category":"Process Termination","Opcode":"Info","SubjectUserSid":"S-1-5-18","SubjectUserName":"ACTIVEDIR$","SubjectDomainName":"STACKEDPADS","SubjectLogonId":"0x3e7","Status":"0x0","ProcessName":"C:\\Program Files (x86)\\Google\\Update\\GoogleUpdate.exe","EventReceivedTime":1657287664,"SourceModuleName":"in_default_channels","SourceModuleType":"im_msvistalog"}
<14>Jul  8 13:41:04 activedir.stackedpads.local Microsoft-Windows-Security-Auditing[4]: {"EventTime":1657287663,"Hostname":"activedir.stackedpads.local","Keywords":-9214364837600034816,"EventType":"AUDIT_SUCCESS","SeverityValue":2,"Severity":"INFO","EventID":4689,"SourceName":"Microsoft-Windows-Security-Auditing","ProviderGuid":"{54849625-5478-4994-A5BA-3E3B0328C30D}","Version":0,"Task":13313,"OpcodeValue":0,"RecordNumber":510419,"ProcessID":4,"ThreadID":176,"Channel":"Security","Message":"A process has exited.\r\n\r\nSubject:\r\n\tSecurity ID:\t\tS-1-5-18\r\n\tAccount Name:\t\tACTIVEDIR$\r\n\tAccount Domain:\t\tSTACKEDPADS\r\n\tLogon ID:\t\t0x3E7\r\n\r\nProcess Information:\r\n\tProcess ID:\t0xe50\r\n\tProcess Name:\tC:\\Program Files (x86)\\Google\\Update\\1.3.36.132\\GoogleCrashHandler64.exe\r\n\tExit Status:\t0x0","Category":"Process Termination","Opcode":"Info","SubjectUserSid":"S-1-5-18","SubjectUserName":"ACTIVEDIR$","SubjectDomainName":"STACKEDPADS","SubjectLogonId":"0x3e7","Status":"0x0","ProcessName":"C:\\Program Files (x86)\\Google\\Update\\1.3.36.132\\GoogleCrashHandler64.exe","EventReceivedTime":1657287664,"SourceModuleName":"in_default_channels","SourceModuleType":"im_msvistalog"}
<14>Jul  8 13:41:04 activedir.stackedpads.local Microsoft-Windows-Security-Auditing[4]: {"EventTime":1657287663,"Hostname":"activedir.stackedpads.local","Keywords":-9214364837600034816,"EventType":"AUDIT_SUCCESS","SeverityValue":2,"Severity":"INFO","EventID":4689,"SourceName":"Microsoft-Windows-Security-Auditing","ProviderGuid":"{54849625-5478-4994-A5BA-3E3B0328C30D}","Version":0,"Task":13313,"OpcodeValue":0,"RecordNumber":510417,"ProcessID":4,"ThreadID":176,"Channel":"Security","Message":"A process has exited.\r\n\r\nSubject:\r\n\tSecurity ID:\t\tS-1-5-18\r\n\tAccount Name:\t\tACTIVEDIR$\r\n\tAccount Domain:\t\tSTACKEDPADS\r\n\tLogon ID:\t\t0x3E7\r\n\r\nProcess Information:\r\n\tProcess ID:\t0x17e0\r\n\tProcess Name:\tC:\\Program Files (x86)\\Google\\Update\\1.3.36.132\\GoogleCrashHandler.exe\r\n\tExit Status:\t0x0","Category":"Process Termination","Opcode":"Info","SubjectUserSid":"S-1-5-18","SubjectUserName":"ACTIVEDIR$","SubjectDomainName":"STACKEDPADS","SubjectLogonId":"0x3e7","Status":"0x0","ProcessName":"C:\\Program Files (x86)\\Google\\Update\\1.3.36.132\\GoogleCrashHandler.exe","EventReceivedTime":1657287664,"SourceModuleName":"in_default_channels","SourceModuleType":"im_msvistalog"}
<14>Jul  8 13:41:04 activedir.stackedpads.local Microsoft-Windows-Security-Auditing[4]: {"EventTime":1657287663,"Hostname":"activedir.stackedpads.local","Keywords":-9214364837600034816,"EventType":"AUDIT_SUCCESS","SeverityValue":2,"Severity":"INFO","EventID":4689,"SourceName":"Microsoft-Windows-Security-Auditing","ProviderGuid":"{54849625-5478-4994-A5BA-3E3B0328C30D}","Version":0,"Task":13313,"OpcodeValue":0,"RecordNumber":510418,"ProcessID":4,"ThreadID":176,"Channel":"Security","Message":"A process has exited.\r\n\r\nSubject:\r\n\tSecurity ID:\t\tS-1-5-18\r\n\tAccount Name:\t\tACTIVEDIR$\r\n\tAccount Domain:\t\tSTACKEDPADS\r\n\tLogon ID:\t\t0x3E7\r\n\r\nProcess Information:\r\n\tProcess ID:\t0x12c\r\n\tProcess Name:\tC:\\Program Files (x86)\\Microsoft\\EdgeUpdate\\MicrosoftEdgeUpdate.exe\r\n\tExit Status:\t0x0","Category":"Process Termination","Opcode":"Info","SubjectUserSid":"S-1-5-18","SubjectUserName":"ACTIVEDIR$","SubjectDomainName":"STACKEDPADS","SubjectLogonId":"0x3e7","Status":"0x0","ProcessName":"C:\\Program Files (x86)\\Microsoft\\EdgeUpdate\\MicrosoftEdgeUpdate.exe","EventReceivedTime":1657287664,"SourceModuleName":"in_default_channels","SourceModuleType":"im_msvistalog"}
<14>Jul  8 13:41:04 activedir.stackedpads.local Microsoft-Windows-Security-Auditing[652]: {"EventTime":1657287663,"Hostname":"activedir.stackedpads.local","Keywords":-9214364837600034816,"EventType":"AUDIT_SUCCESS","SeverityValue":2,"Severity":"INFO","EventID":4672,"SourceName":"Microsoft-Windows-Security-Auditing","ProviderGuid":"{54849625-5478-4994-A5BA-3E3B0328C30D}","Version":0,"Task":12548,"OpcodeValue":0,"RecordNumber":510407,"ActivityID":"{17C583A3-4BA6-0001-7FA6-6310CF92D801}","ProcessID":652,"ThreadID":2800,"Channel":"Security","Message":"Special privileges assigned to new logon.\r\n\r\nSubject:\r\n\tSecurity ID:\t\tS-1-5-18\r\n\tAccount Name:\t\tSYSTEM\r\n\tAccount Domain:\t\tNT AUTHORITY\r\n\tLogon ID:\t\t0x3E7\r\n\r\nPrivileges:\t\tSeAssignPrimaryTokenPrivilege\r\n\t\t\tSeTcbPrivilege\r\n\t\t\tSeSecurityPrivilege\r\n\t\t\tSeTakeOwnershipPrivilege\r\n\t\t\tSeLoadDriverPrivilege\r\n\t\t\tSeBackupPrivilege\r\n\t\t\tSeRestorePrivilege\r\n\t\t\tSeDebugPrivilege\r\n\t\t\tSeAuditPrivilege\r\n\t\t\tSeSystemEnvironmentPrivilege\r\n\t\t\tSeImpersonatePrivilege\r\n\t\t\tSeDelegateSessionUserImpersonatePrivilege","Category":"Special Logon","Opcode":"Info","SubjectUserSid":"S-1-5-18","SubjectUserName":"SYSTEM","SubjectDomainName":"NT AUTHORITY","SubjectLogonId":"0x3e7","PrivilegeList":"SeAssignPrimaryTokenPrivilege\r\n\t\t\tSeTcbPrivilege\r\n\t\t\tSeSecurityPrivilege\r\n\t\t\tSeTakeOwnershipPrivilege\r\n\t\t\tSeLoadDriverPrivilege\r\n\t\t\tSeBackupPrivilege\r\n\t\t\tSeRestorePrivilege\r\n\t\t\tSeDebugPrivilege\r\n\t\t\tSeAuditPrivilege\r\n\t\t\tSeSystemEnvironmentPrivilege\r\n\t\t\tSeImpersonatePrivilege\r\n\t\t\tSeDelegateSessionUserImpersonatePrivilege","EventReceivedTime":1657287664,"SourceModuleName":"in_default_channels","SourceModuleType":"im_msvistalog"}
<14>Jul  8 13:41:04 activedir.stackedpads.local Microsoft-Windows-Security-Auditing[652]: {"EventTime":1657287663,"Hostname":"activedir.stackedpads.local","Keywords":-9214364837600034816,"EventType":"AUDIT_SUCCESS","SeverityValue":2,"Severity":"INFO","EventID":4624,"SourceName":"Microsoft-Windows-Security-Auditing","ProviderGuid":"{54849625-5478-4994-A5BA-3E3B0328C30D}","Version":2,"Task":12544,"OpcodeValue":0,"RecordNumber":510406,"ActivityID":"{17C583A3-4BA6-0001-7FA6-6310CF92D801}","ProcessID":652,"ThreadID":2800,"Channel":"Security","Message":"An account was successfully logged on.\r\n\r\nSubject:\r\n\tSecurity ID:\t\tS-1-5-18\r\n\tAccount Name:\t\tACTIVEDIR$\r\n\tAccount Domain:\t\tSTACKEDPADS\r\n\tLogon ID:\t\t0x3E7\r\n\r\nLogon Information:\r\n\tLogon Type:\t\t5\r\n\tRestricted Admin Mode:\t-\r\n\tVirtual Account:\t\tNo\r\n\tElevated Token:\t\tYes\r\n\r\nImpersonation Level:\t\tImpersonation\r\n\r\nNew Logon:\r\n\tSecurity ID:\t\tS-1-5-18\r\n\tAccount Name:\t\tSYSTEM\r\n\tAccount Domain:\t\tNT AUTHORITY\r\n\tLogon ID:\t\t0x3E7\r\n\tLinked Logon ID:\t\t0x0\r\n\tNetwork Account Name:\t-\r\n\tNetwork Account Domain:\t-\r\n\tLogon GUID:\t\t{00000000-0000-0000-0000-000000000000}\r\n\r\nProcess Information:\r\n\tProcess ID:\t\t0x27c\r\n\tProcess Name:\t\tC:\\Windows\\System32\\services.exe\r\n\r\nNetwork Information:\r\n\tWorkstation Name:\t-\r\n\tSource Network Address:\t-\r\n\tSource Port:\t\t-\r\n\r\nDetailed Authentication Information:\r\n\tLogon Process:\t\tAdvapi  \r\n\tAuthentication Package:\tNegotiate\r\n\tTransited Services:\t-\r\n\tPackage Name (NTLM only):\t-\r\n\tKey Length:\t\t0\r\n\r\nThis event is generated when a logon session is created. It is generated on the computer that was accessed.\r\n\r\nThe subject fields indicate the account on the local system which requested the logon. This is most commonly a service such as the Server service, or a local process such as Winlogon.exe or Services.exe.\r\n\r\nThe logon type field indicates the kind of logon that occurred. The most common types are 2 (interactive) and 3 (network).\r\n\r\nThe New Logon fields indicate the account for whom the new logon was created, i.e. the account that was logged on.\r\n\r\nThe network fields indicate where a remote logon request originated. Workstation name is not always available and may be left blank in some cases.\r\n\r\nThe impersonation level field indicates the extent to which a process in the logon session can impersonate.\r\n\r\nThe authentication information fields provide detailed information about this specific logon request.\r\n\t- Logon GUID is a unique identifier that can be used to correlate this event with a KDC event.\r\n\t- Transited services indicate which intermediate services have participated in this logon request.\r\n\t- Package name indicates which sub-protocol was used among the NTLM protocols.\r\n\t- Key length indicates the length of the generated session key. This will be 0 if no session key was requested.","Category":"Logon","Opcode":"Info","SubjectUserSid":"S-1-5-18","SubjectUserName":"ACTIVEDIR$","SubjectDomainName":"STACKEDPADS","SubjectLogonId":"0x3e7","TargetUserSid":"S-1-5-18","TargetUserName":"SYSTEM","TargetDomainName":"NT AUTHORITY","TargetLogonId":"0x3e7","LogonType":"5","LogonProcessName":"Advapi  ","AuthenticationPackageName":"Negotiate","WorkstationName":"-","LogonGuid":"{00000000-0000-0000-0000-000000000000}","TransmittedServices":"-","LmPackageName":"-","KeyLength":"0","ProcessName":"C:\\Windows\\System32\\services.exe","IpAddress":"-","IpPort":"-","ImpersonationLevel":"%%1833","RestrictedAdminMode":"-","TargetOutboundUserName":"-","TargetOutboundDomainName":"-","VirtualAccount":"%%1843","TargetLinkedLogonId":"0x0","ElevatedToken":"%%1842","EventReceivedTime":1657287664,"SourceModuleName":"in_default_channels","SourceModuleType":"im_msvistalog"}
<14>Jul  8 13:41:04 wrk-shasek.stackedpads.local Microsoft-Windows-Security-Auditing[660]: {"EventTime":1657287663,"Hostname":"wrk-shasek.stackedpads.local","Keywords":-9214364837600034816,"EventType":"AUDIT_SUCCESS","SeverityValue":2,"Severity":"INFO","EventID":4672,"SourceName":"Microsoft-Windows-Security-Auditing","ProviderGuid":"{54849625-5478-4994-A5BA-3E3B0328C30D}","Version":0,"Task":12548,"OpcodeValue":0,"RecordNumber":2712649,"ActivityID":"{66883D06-FD3B-0000-9C49-28DDCE92D801}","ProcessID":660,"ThreadID":5468,"Channel":"Security","Message":"Special privileges assigned to new logon.\r\n\r\nSubject:\r\n\tSecurity ID:\t\tS-1-5-18\r\n\tAccount Name:\t\tSYSTEM\r\n\tAccount Domain:\t\tNT AUTHORITY\r\n\tLogon ID:\t\t0x3E7\r\n\r\nPrivileges:\t\tSeAssignPrimaryTokenPrivilege\r\n\t\t\tSeTcbPrivilege\r\n\t\t\tSeSecurityPrivilege\r\n\t\t\tSeTakeOwnershipPrivilege\r\n\t\t\tSeLoadDriverPrivilege\r\n\t\t\tSeBackupPrivilege\r\n\t\t\tSeRestorePrivilege\r\n\t\t\tSeDebugPrivilege\r\n\t\t\tSeAuditPrivilege\r\n\t\t\tSeSystemEnvironmentPrivilege\r\n\t\t\tSeImpersonatePrivilege\r\n\t\t\tSeDelegateSessionUserImpersonatePrivilege","Category":"Special Logon","Opcode":"Info","SubjectUserSid":"S-1-5-18","SubjectUserName":"SYSTEM","SubjectDomainName":"NT AUTHORITY","SubjectLogonId":"0x3e7","PrivilegeList":"SeAssignPrimaryTokenPrivilege\r\n\t\t\tSeTcbPrivilege\r\n\t\t\tSeSecurityPrivilege\r\n\t\t\tSeTakeOwnershipPrivilege\r\n\t\t\tSeLoadDriverPrivilege\r\n\t\t\tSeBackupPrivilege\r\n\t\t\tSeRestorePrivilege\r\n\t\t\tSeDebugPrivilege\r\n\t\t\tSeAuditPrivilege\r\n\t\t\tSeSystemEnvironmentPrivilege\r\n\t\t\tSeImpersonatePrivilege\r\n\t\t\tSeDelegateSessionUserImpersonatePrivilege","EventReceivedTime":1657287664,"SourceModuleName":"in_default_channels","SourceModuleType":"im_msvistalog"}
<14>Jul  8 13:41:04 wrk-shasek.stackedpads.local Microsoft-Windows-Security-Auditing[4]: {"EventTime":1657287663,"Hostname":"wrk-shasek.stackedpads.local","Keywords":-9214364837600034816,"EventType":"AUDIT_SUCCESS","SeverityValue":2,"Severity":"INFO","EventID":4703,"SourceName":"Microsoft-Windows-Security-Auditing","ProviderGuid":"{54849625-5478-4994-A5BA-3E3B0328C30D}","Version":0,"Task":13317,"OpcodeValue":0,"RecordNumber":2712652,"ProcessID":4,"ThreadID":1756,"Channel":"Security","Message":"A token right was adjusted.\r\n\r\nSubject:\r\n\tSecurity ID:\t\tS-1-5-18\r\n\tAccount Name:\t\tWRK-SHASEK$\r\n\tAccount Domain:\t\tSTACKEDPADS\r\n\tLogon ID:\t\t0x3E7\r\n\r\nTarget Account:\r\n\tSecurity ID:\t\tS-1-0-0\r\n\tAccount Name:\t\tWRK-SHASEK$\r\n\tAccount Domain:\t\tSTACKEDPADS\r\n\tLogon ID:\t\t0x3E7\r\n\r\nProcess Information:\r\n\tProcess ID:\t\t0x19a4\r\n\tProcess Name:\t\tC:\\Windows\\System32\\svchost.exe\r\n\r\nEnabled Privileges:\r\n\t\t\tSeBackupPrivilege\r\n\r\nDisabled Privileges:\r\n\t\t\t-","Category":"Token Right Adjusted Events","Opcode":"Info","SubjectUserSid":"S-1-5-18","SubjectUserName":"WRK-SHASEK$","SubjectDomainName":"STACKEDPADS","SubjectLogonId":"0x3e7","TargetUserSid":"S-1-0-0","TargetUserName":"WRK-SHASEK$","TargetDomainName":"STACKEDPADS","TargetLogonId":"0x3e7","ProcessName":"C:\\Windows\\System32\\svchost.exe","EnabledPrivilegeList":"SeBackupPrivilege","DisabledPrivilegeList":"-","EventReceivedTime":1657287664,"SourceModuleName":"in_default_channels","SourceModuleType":"im_msvistalog"}
<14>Jul  8 13:41:04 wrk-shasek.stackedpads.local Microsoft-Windows-Security-Auditing[660]: {"EventTime":1657287663,"Hostname":"wrk-shasek.stackedpads.local","Keywords":-9214364837600034816,"EventType":"AUDIT_SUCCESS","SeverityValue":2,"Severity":"INFO","EventID":4624,"SourceName":"Microsoft-Windows-Security-Auditing","ProviderGuid":"{54849625-5478-4994-A5BA-3E3B0328C30D}","Version":2,"Task":12544,"OpcodeValue":0,"RecordNumber":2712647,"ActivityID":"{66883D06-FD3B-0000-9C49-28DDCE92D801}","ProcessID":660,"ThreadID":5468,"Channel":"Security","Message":"An account was successfully logged on.\r\n\r\nSubject:\r\n\tSecurity ID:\t\tS-1-5-18\r\n\tAccount Name:\t\tWRK-SHASEK$\r\n\tAccount Domain:\t\tSTACKEDPADS\r\n\tLogon ID:\t\t0x3E7\r\n\r\nLogon Information:\r\n\tLogon Type:\t\t5\r\n\tRestricted Admin Mode:\t-\r\n\tVirtual Account:\t\tNo\r\n\tElevated Token:\t\tYes\r\n\r\nImpersonation Level:\t\tImpersonation\r\n\r\nNew Logon:\r\n\tSecurity ID:\t\tS-1-5-18\r\n\tAccount Name:\t\tSYSTEM\r\n\tAccount Domain:\t\tNT AUTHORITY\r\n\tLogon ID:\t\t0x3E7\r\n\tLinked Logon ID:\t\t0x0\r\n\tNetwork Account Name:\t-\r\n\tNetwork Account Domain:\t-\r\n\tLogon GUID:\t\t{00000000-0000-0000-0000-000000000000}\r\n\r\nProcess Information:\r\n\tProcess ID:\t\t0x284\r\n\tProcess Name:\t\tC:\\Windows\\System32\\services.exe\r\n\r\nNetwork Information:\r\n\tWorkstation Name:\t-\r\n\tSource Network Address:\t-\r\n\tSource Port:\t\t-\r\n\r\nDetailed Authentication Information:\r\n\tLogon Process:\t\tAdvapi  \r\n\tAuthentication Package:\tNegotiate\r\n\tTransited Services:\t-\r\n\tPackage Name (NTLM only):\t-\r\n\tKey Length:\t\t0\r\n\r\nThis event is generated when a logon session is created. It is generated on the computer that was accessed.\r\n\r\nThe subject fields indicate the account on the local system which requested the logon. This is most commonly a service such as the Server service, or a local process such as Winlogon.exe or Services.exe.\r\n\r\nThe logon type field indicates the kind of logon that occurred. The most common types are 2 (interactive) and 3 (network).\r\n\r\nThe New Logon fields indicate the account for whom the new logon was created, i.e. the account that was logged on.\r\n\r\nThe network fields indicate where a remote logon request originated. Workstation name is not always available and may be left blank in some cases.\r\n\r\nThe impersonation level field indicates the extent to which a process in the logon session can impersonate.\r\n\r\nThe authentication information fields provide detailed information about this specific logon request.\r\n\t- Logon GUID is a unique identifier that can be used to correlate this event with a KDC event.\r\n\t- Transited services indicate which intermediate services have participated in this logon request.\r\n\t- Package name indicates which sub-protocol was used among the NTLM protocols.\r\n\t- Key length indicates the length of the generated session key. This will be 0 if no session key was requested.","Category":"Logon","Opcode":"Info","SubjectUserSid":"S-1-5-18","SubjectUserName":"WRK-SHASEK$","SubjectDomainName":"STACKEDPADS","SubjectLogonId":"0x3e7","TargetUserSid":"S-1-5-18","TargetUserName":"SYSTEM","TargetDomainName":"NT AUTHORITY","TargetLogonId":"0x3e7","LogonType":"5","LogonProcessName":"Advapi  ","AuthenticationPackageName":"Negotiate","WorkstationName":"-","LogonGuid":"{00000000-0000-0000-0000-000000000000}","TransmittedServices":"-","LmPackageName":"-","KeyLength":"0","ProcessName":"C:\\Windows\\System32\\services.exe","IpAddress":"-","IpPort":"-","ImpersonationLevel":"%%1833","RestrictedAdminMode":"-","TargetOutboundUserName":"-","TargetOutboundDomainName":"-","VirtualAccount":"%%1843","TargetLinkedLogonId":"0x0","ElevatedToken":"%%1842","EventReceivedTime":1657287664,"SourceModuleName":"in_default_channels","SourceModuleType":"im_msvistalog"}
<14>Jul  8 13:41:04 wrk-shasek.stackedpads.local Microsoft-Windows-Security-Auditing[4]: {"EventTime":1657287663,"Hostname":"wrk-shasek.stackedpads.local","Keywords":-9214364837600034816,"EventType":"AUDIT_SUCCESS","SeverityValue":2,"Severity":"INFO","EventID":4703,"SourceName":"Microsoft-Windows-Security-Auditing","ProviderGuid":"{54849625-5478-4994-A5BA-3E3B0328C30D}","Version":0,"Task":13317,"OpcodeValue":0,"RecordNumber":2712653,"ProcessID":4,"ThreadID":1756,"Channel":"Security","Message":"A token right was adjusted.\r\n\r\nSubject:\r\n\tSecurity ID:\t\tS-1-5-18\r\n\tAccount Name:\t\tWRK-SHASEK$\r\n\tAccount Domain:\t\tSTACKEDPADS\r\n\tLogon ID:\t\t0x3E7\r\n\r\nTarget Account:\r\n\tSecurity ID:\t\tS-1-0-0\r\n\tAccount Name:\t\tWRK-SHASEK$\r\n\tAccount Domain:\t\tSTACKEDPADS\r\n\tLogon ID:\t\t0x3E7\r\n\r\nProcess Information:\r\n\tProcess ID:\t\t0x19a4\r\n\tProcess Name:\t\tC:\\Windows\\System32\\svchost.exe\r\n\r\nEnabled Privileges:\r\n\t\t\tSeManageVolumePrivilege\r\n\r\nDisabled Privileges:\r\n\t\t\t-","Category":"Token Right Adjusted Events","Opcode":"Info","SubjectUserSid":"S-1-5-18","SubjectUserName":"WRK-SHASEK$","SubjectDomainName":"STACKEDPADS","SubjectLogonId":"0x3e7","TargetUserSid":"S-1-0-0","TargetUserName":"WRK-SHASEK$","TargetDomainName":"STACKEDPADS","TargetLogonId":"0x3e7","ProcessName":"C:\\Windows\\System32\\svchost.exe","EnabledPrivilegeList":"SeManageVolumePrivilege","DisabledPrivilegeList":"-","EventReceivedTime":1657287664,"SourceModuleName":"in_default_channels","SourceModuleType":"im_msvistalog"}
<14>Jul  8 13:41:04 wrk-shasek.stackedpads.local Microsoft-Windows-Security-Auditing[660]: {"EventTime":1657287663,"Hostname":"wrk-shasek.stackedpads.local","Keywords":-9214364837600034816,"EventType":"AUDIT_SUCCESS","SeverityValue":2,"Severity":"INFO","EventID":4627,"SourceName":"Microsoft-Windows-Security-Auditing","ProviderGuid":"{54849625-5478-4994-A5BA-3E3B0328C30D}","Version":0,"Task":12554,"OpcodeValue":0,"RecordNumber":2712648,"ActivityID":"{66883D06-FD3B-0000-9C49-28DDCE92D801}","ProcessID":660,"ThreadID":5468,"Channel":"Security","Message":"Group membership information.\r\n\r\nSubject:\r\n\tSecurity ID:\t\tS-1-5-18\r\n\tAccount Name:\t\tWRK-SHASEK$\r\n\tAccount Domain:\t\tSTACKEDPADS\r\n\tLogon ID:\t\t0x3E7\r\n\r\nLogon Type:\t\t\t5\r\n\r\nNew Logon:\r\n\tSecurity ID:\t\tS-1-5-18\r\n\tAccount Name:\t\tSYSTEM\r\n\tAccount Domain:\t\tNT AUTHORITY\r\n\tLogon ID:\t\t0x3E7\r\n\r\nEvent in sequence:\t\t1 of 1\r\n\r\nGroup Membership:\t\t\t\r\n\t\t%{S-1-5-32-544}\r\n\t\t%{S-1-1-0}\r\n\t\t%{S-1-5-11}\r\n\t\t%{S-1-16-16384}\r\n\r\nThe subject fields indicate the account on the local system which requested the logon. This is most commonly a service such as the Server service, or a local process such as Winlogon.exe or Services.exe.\r\n\r\nThe logon type field indicates the kind of logon that occurred. The most common types are 2 (interactive) and 3 (network).\r\n\r\nThe New Logon fields indicate the account for whom the new logon was created, i.e. the account that was logged on.\r\n\r\nThis event is generated when the Audit Group Membership subcategory is configured.  The Logon ID field can be used to correlate this event with the corresponding user logon event as well as to any other security audit events generated during this logon session.","Category":"Group Membership","Opcode":"Info","SubjectUserSid":"S-1-5-18","SubjectUserName":"WRK-SHASEK$","SubjectDomainName":"STACKEDPADS","SubjectLogonId":"0x3e7","TargetUserSid":"S-1-5-18","TargetUserName":"SYSTEM","TargetDomainName":"NT AUTHORITY","TargetLogonId":"0x3e7","LogonType":"5","EventIdx":"1","EventCountTotal":"1","GroupMembership":"\r\n\t\t%{S-1-5-32-544}\r\n\t\t%{S-1-1-0}\r\n\t\t%{S-1-5-11}\r\n\t\t%{S-1-16-16384}","EventReceivedTime":1657287664,"SourceModuleName":"in_default_channels","SourceModuleType":"im_msvistalog"}
<14>Jul  8 13:41:05 wrk-shasek.stackedpads.local Microsoft-Windows-TaskScheduler[396]: {"EventTime":1657287664,"Hostname":"wrk-shasek.stackedpads.local","Keywords":-9223372036854775808,"EventType":"INFO","SeverityValue":2,"Severity":"INFO","EventID":201,"SourceName":"Microsoft-Windows-TaskScheduler","ProviderGuid":"{DE7B24EA-73C8-4A09-985D-5BDADCFA9017}","Version":2,"Task":201,"OpcodeValue":2,"RecordNumber":5511,"ActivityID":"{C828AB55-EFAA-43BE-A5F2-A192487A2AD5}","ProcessID":396,"ThreadID":4296,"Channel":"Microsoft-Windows-TaskScheduler/Operational","Domain":"NT AUTHORITY","AccountName":"SYSTEM","UserID":"S-1-5-18","AccountType":"User","Message":"Task Scheduler successfully completed task \"\\Microsoft\\Windows\\Defrag\\ScheduledDefrag\" , instance \"{c828ab55-efaa-43be-a5f2-a192487a2ad5}\" , action \"%windir%\\system32\\defrag.exe\" with return code 0.","Category":"Action completed","Opcode":"Stop","TaskName":"\\Microsoft\\Windows\\Defrag\\ScheduledDefrag","TaskInstanceId":"{c828ab55-efaa-43be-a5f2-a192487a2ad5}","ActionName":"%windir%\\system32\\defrag.exe","ResultCode":"0","EnginePID":"6864","EventReceivedTime":1657287665,"SourceModuleName":"in_default_channels","SourceModuleType":"im_msvistalog"}
<14>Jul  8 13:41:06 wrk-shasek.stackedpads.local Microsoft-Windows-Security-Auditing[4]: {"EventTime":1657287664,"Hostname":"wrk-shasek.stackedpads.local","Keywords":-9214364837600034816,"EventType":"AUDIT_SUCCESS","SeverityValue":2,"Severity":"INFO","EventID":4689,"SourceName":"Microsoft-Windows-Security-Auditing","ProviderGuid":"{54849625-5478-4994-A5BA-3E3B0328C30D}","Version":0,"Task":13313,"OpcodeValue":0,"RecordNumber":2712660,"ProcessID":4,"ThreadID":1756,"Channel":"Security","Message":"A process has exited.\r\n\r\nSubject:\r\n\tSecurity ID:\t\tS-1-5-18\r\n\tAccount Name:\t\tWRK-SHASEK$\r\n\tAccount Domain:\t\tSTACKEDPADS\r\n\tLogon ID:\t\t0x3E7\r\n\r\nProcess Information:\r\n\tProcess ID:\t0x1100\r\n\tProcess Name:\tC:\\Windows\\System32\\conhost.exe\r\n\tExit Status:\t0x0","Category":"Process Termination","Opcode":"Info","SubjectUserSid":"S-1-5-18","SubjectUserName":"WRK-SHASEK$","SubjectDomainName":"STACKEDPADS","SubjectLogonId":"0x3e7","Status":"0x0","ProcessName":"C:\\Windows\\System32\\conhost.exe","EventReceivedTime":1657287666,"SourceModuleName":"in_default_channels","SourceModuleType":"im_msvistalog"}
<14>Jul  8 13:41:06 wrk-shasek.stackedpads.local Microsoft-Windows-Security-Auditing[4]: {"EventTime":1657287664,"Hostname":"wrk-shasek.stackedpads.local","Keywords":-9214364837600034816,"EventType":"AUDIT_SUCCESS","SeverityValue":2,"Severity":"INFO","EventID":4689,"SourceName":"Microsoft-Windows-Security-Auditing","ProviderGuid":"{54849625-5478-4994-A5BA-3E3B0328C30D}","Version":0,"Task":13313,"OpcodeValue":0,"RecordNumber":2712659,"ProcessID":4,"ThreadID":1756,"Channel":"Security","Message":"A process has exited.\r\n\r\nSubject:\r\n\tSecurity ID:\t\tS-1-5-18\r\n\tAccount Name:\t\tWRK-SHASEK$\r\n\tAccount Domain:\t\tSTACKEDPADS\r\n\tLogon ID:\t\t0x3E7\r\n\r\nProcess Information:\r\n\tProcess ID:\t0x1ad0\r\n\tProcess Name:\tC:\\Windows\\System32\\Defrag.exe\r\n\tExit Status:\t0x0","Category":"Process Termination","Opcode":"Info","SubjectUserSid":"S-1-5-18","SubjectUserName":"WRK-SHASEK$","SubjectDomainName":"STACKEDPADS","SubjectLogonId":"0x3e7","Status":"0x0","ProcessName":"C:\\Windows\\System32\\Defrag.exe","EventReceivedTime":1657287666,"SourceModuleName":"in_default_channels","SourceModuleType":"im_msvistalog"}
<14>Jul  8 13:41:04 wrk-shasek.stackedpads.local Microsoft-Windows-Security-Auditing[4]: {"EventTime":1657287664,"Hostname":"wrk-shasek.stackedpads.local","Keywords":-9214364837600034816,"EventType":"AUDIT_SUCCESS","SeverityValue":2,"Severity":"INFO","EventID":4689,"SourceName":"Microsoft-Windows-Security-Auditing","ProviderGuid":"{54849625-5478-4994-A5BA-3E3B0328C30D}","Version":0,"Task":13313,"OpcodeValue":0,"RecordNumber":2712654,"ProcessID":4,"ThreadID":1756,"Channel":"Security","Message":"A process has exited.\r\n\r\nSubject:\r\n\tSecurity ID:\t\tS-1-5-18\r\n\tAccount Name:\t\tWRK-SHASEK$\r\n\tAccount Domain:\t\tSTACKEDPADS\r\n\tLogon ID:\t\t0x3E7\r\n\r\nProcess Information:\r\n\tProcess ID:\t0x11b0\r\n\tProcess Name:\tC:\\Windows\\System32\\Defrag.exe\r\n\tExit Status:\t0x0","Category":"Process Termination","Opcode":"Info","SubjectUserSid":"S-1-5-18","SubjectUserName":"WRK-SHASEK$","SubjectDomainName":"STACKEDPADS","SubjectLogonId":"0x3e7","Status":"0x0","ProcessName":"C:\\Windows\\System32\\Defrag.exe","EventReceivedTime":1657287664,"SourceModuleName":"in_default_channels","SourceModuleType":"im_msvistalog"}
<14>Jul  8 13:41:04 wrk-shasek.stackedpads.local Microsoft-Windows-Security-Auditing[4]: {"EventTime":1657287664,"Hostname":"wrk-shasek.stackedpads.local","Keywords":-9214364837600034816,"EventType":"AUDIT_SUCCESS","SeverityValue":2,"Severity":"INFO","EventID":4689,"SourceName":"Microsoft-Windows-Security-Auditing","ProviderGuid":"{54849625-5478-4994-A5BA-3E3B0328C30D}","Version":0,"Task":13313,"OpcodeValue":0,"RecordNumber":2712655,"ProcessID":4,"ThreadID":1756,"Channel":"Security","Message":"A process has exited.\r\n\r\nSubject:\r\n\tSecurity ID:\t\tS-1-5-18\r\n\tAccount Name:\t\tWRK-SHASEK$\r\n\tAccount Domain:\t\tSTACKEDPADS\r\n\tLogon ID:\t\t0x3E7\r\n\r\nProcess Information:\r\n\tProcess ID:\t0x1468\r\n\tProcess Name:\tC:\\Windows\\System32\\conhost.exe\r\n\tExit Status:\t0x0","Category":"Process Termination","Opcode":"Info","SubjectUserSid":"S-1-5-18","SubjectUserName":"WRK-SHASEK$","SubjectDomainName":"STACKEDPADS","SubjectLogonId":"0x3e7","Status":"0x0","ProcessName":"C:\\Windows\\System32\\conhost.exe","EventReceivedTime":1657287664,"SourceModuleName":"in_default_channels","SourceModuleType":"im_msvistalog"}
