<14>Jul  8 13:42:06 wrk-shasek.stackedpads.local Microsoft-Windows-TaskScheduler[396]: {"EventTime":1657287725,"Hostname":"wrk-shasek.stackedpads.local","Keywords":-9223372036854775807,"EventType":"INFO","SeverityValue":2,"Severity":"INFO","EventID":102,"SourceName":"Microsoft-Windows-TaskScheduler","ProviderGuid":"{DE7B24EA-73C8-4A09-985D-5BDADCFA9017}","Version":0,"Task":102,"OpcodeValue":2,"RecordNumber":5555,"ActivityID":"{C7879D3F-1562-4168-B78D-5CB52E326106}","ProcessID":396,"ThreadID":3828,"Channel":"Microsoft-Windows-TaskScheduler/Operational","Domain":"NT AUTHORITY","AccountName":"SYSTEM","UserID":"S-1-5-18","AccountType":"User","Message":"Task Scheduler successfully finished \"{c7879d3f-1562-4168-b78d-5cb52e326106}\" instance of the \"\\GoogleUpdateTaskMachineCore{1BC06F6B-B272-475C-BD48-5B53F79D9466}\" task for user \"NT AUTHORITY\\SYSTEM\".","Category":"Task completed","Opcode":"Stop","TaskName":"\\GoogleUpdateTaskMachineCore{1BC06F6B-B272-475C-BD48-5B53F79D9466}","UserContext":"NT AUTHORITY\\SYSTEM","InstanceId":"{c7879d3f-1562-4168-b78d-5cb52e326106}","EventReceivedTime":1657287726,"SourceModuleName":"in_default_channels","SourceModuleType":"im_msvistalog"}
<14>Jul  8 13:42:05 wrk-shasek.stackedpads.local Microsoft-Windows-Security-Auditing[4]: {"EventTime":1657287724,"Hostname":"wrk-shasek.stackedpads.local","Keywords":-9214364837600034816,"EventType":"AUDIT_SUCCESS","SeverityValue":2,"Severity":"INFO","EventID":4688,"SourceName":"Microsoft-Windows-Security-Auditing","ProviderGuid":"{54849625-5478-4994-A5BA-3E3B0328C30D}","Version":2,"Task":13312,"OpcodeValue":0,"RecordNumber":2712844,"ProcessID":4,"ThreadID":180,"Channel":"Security","Message":"A new process has been created.\r\n\r\nCreator Subject:\r\n\tSecurity ID:\t\tS-1-5-18\r\n\tAccount Name:\t\tWRK-SHASEK$\r\n\tAccount Domain:\t\tSTACKEDPADS\r\n\tLogon ID:\t\t0x3E7\r\n\r\nTarget Subject:\r\n\tSecurity ID:\t\tS-1-5-21-2264196694-1469429678-912427992-1107\r\n\tAccount Name:\t\ttim.smith\r\n\tAccount Domain:\t\tSTACKEDPADS\r\n\tLogon ID:\t\t0x307504\r\n\r\nProcess Information:\r\n\tNew Process ID:\t\t0x11b8\r\n\tNew Process Name:\tC:\\Windows\\SystemApps\\Microsoft.Windows.StartMenuExperienceHost_cw5n1h2txyewy\\StartMenuExperienceHost.exe\r\n\tToken Elevation Type:\t%%1938\r\n\tMandatory Label:\t\tS-1-16-4096\r\n\tCreator Process ID:\t0x300\r\n\tCreator Process Name:\tC:\\Windows\\System32\\svchost.exe\r\n\tProcess Command Line:\t\"C:\\Windows\\SystemApps\\Microsoft.Windows.StartMenuExperienceHost_cw5n1h2txyewy\\StartMenuExperienceHost.exe\" -ServerName:App.AppXywbrabmsek0gm3tkwpr5kwzbs55tkqay.mca\r\n\r\nToken Elevation Type indicates the type of token that was assigned to the new process in accordance with User Account Control policy.\r\n\r\nType 1 is a full token with no privileges removed or groups disabled.  A full token is only used if User Account Control is disabled or if the user is the built-in Administrator account or a service account.\r\n\r\nType 2 is an elevated token with no privileges removed or groups disabled.  An elevated token is used when User Account Control is enabled and the user chooses to start the program using Run as administrator.  An elevated token is also used when an application is configured to always require administrative privilege or to always require maximum privilege, and the user is a member of the Administrators group.\r\n\r\nType 3 is a limited token with administrative privileges removed and administrative groups disabled.  The limited token is used when User Account Control is enabled, the application does not require administrative privilege, and the user does not choose to start the program using Run as administrator.","Category":"Process Creation","Opcode":"Info","SubjectUserSid":"S-1-5-18","SubjectUserName":"WRK-SHASEK$","SubjectDomainName":"STACKEDPADS","SubjectLogonId":"0x3e7","NewProcessId":"0x11b8","NewProcessName":"C:\\Windows\\SystemApps\\Microsoft.Windows.StartMenuExperienceHost_cw5n1h2txyewy\\StartMenuExperienceHost.exe","TokenElevationType":"%%1938","CommandLine":"\"C:\\Windows\\SystemApps\\Microsoft.Windows.StartMenuExperienceHost_cw5n1h2txyewy\\StartMenuExperienceHost.exe\" -ServerName:App.AppXywbrabmsek0gm3tkwpr5kwzbs55tkqay.mca","TargetUserSid":"S-1-5-21-2264196694-1469429678-912427992-1107","TargetUserName":"tim.smith","TargetDomainName":"STACKEDPADS","TargetLogonId":"0x307504","ParentProcessName":"C:\\Windows\\System32\\svchost.exe","MandatoryLabel":"S-1-16-4096","EventReceivedTime":1657287725,"SourceModuleName":"in_default_channels","SourceModuleType":"im_msvistalog"}
<14>Jul  8 13:42:05 wrk-shasek.stackedpads.local Microsoft-Windows-Security-Auditing[4]: {"EventTime":1657287724,"Hostname":"wrk-shasek.stackedpads.local","Keywords":-9214364837600034816,"EventType":"AUDIT_SUCCESS","SeverityValue":2,"Severity":"INFO","EventID":4688,"SourceName":"Microsoft-Windows-Security-Auditing","ProviderGuid":"{54849625-5478-4994-A5BA-3E3B0328C30D}","Version":2,"Task":13312,"OpcodeValue":0,"RecordNumber":2712841,"ProcessID":4,"ThreadID":1756,"Channel":"Security","Message":"A new process has been created.\r\n\r\nCreator Subject:\r\n\tSecurity ID:\t\tS-1-5-18\r\n\tAccount Name:\t\tWRK-SHASEK$\r\n\tAccount Domain:\t\tSTACKEDPADS\r\n\tLogon ID:\t\t0x3E7\r\n\r\nTarget Subject:\r\n\tSecurity ID:\t\tS-1-0-0\r\n\tAccount Name:\t\t-\r\n\tAccount Domain:\t\t-\r\n\tLogon ID:\t\t0x0\r\n\r\nProcess Information:\r\n\tNew Process ID:\t\t0x12e4\r\n\tNew Process Name:\tC:\\Program Files (x86)\\Google\\Update\\1.3.36.132\\GoogleCrashHandler64.exe\r\n\tToken Elevation Type:\t%%1936\r\n\tMandatory Label:\t\tS-1-16-16384\r\n\tCreator Process ID:\t0x1b4c\r\n\tCreator Process Name:\tC:\\Program Files (x86)\\Google\\Update\\GoogleUpdate.exe\r\n\tProcess Command Line:\t\"C:\\Program Files (x86)\\Google\\Update\\1.3.36.132\\GoogleCrashHandler64.exe\"\r\n\r\nToken Elevation Type indicates the type of token that was assigned to the new process in accordance with User Account Control policy.\r\n\r\nType 1 is a full token with no privileges removed or groups disabled.  A full token is only used if User Account Control is disabled or if the user is the built-in Administrator account or a service account.\r\n\r\nType 2 is an elevated token with no privileges removed or groups disabled.  An elevated token is used when User Account Control is enabled and the user chooses to start the program using Run as administrator.  An elevated token is also used when an application is configured to always require administrative privilege or to always require maximum privilege, and the user is a member of the Administrators group.\r\n\r\nType 3 is a limited token with administrative privileges removed and administrative groups disabled.  The limited token is used when User Account Control is enabled, the application does not require administrative privilege, and the user does not choose to start the program using Run as administrator.","Category":"Process Creation","Opcode":"Info","SubjectUserSid":"S-1-5-18","SubjectUserName":"WRK-SHASEK$","SubjectDomainName":"STACKEDPADS","SubjectLogonId":"0x3e7","NewProcessId":"0x12e4","NewProcessName":"C:\\Program Files (x86)\\Google\\Update\\1.3.36.132\\GoogleCrashHandler64.exe","TokenElevationType":"%%1936","CommandLine":"\"C:\\Program Files (x86)\\Google\\Update\\1.3.36.132\\GoogleCrashHandler64.exe\"","TargetUserSid":"S-1-0-0","TargetUserName":"-","TargetDomainName":"-","TargetLogonId":"0x0","ParentProcessName":"C:\\Program Files (x86)\\Google\\Update\\GoogleUpdate.exe","MandatoryLabel":"S-1-16-16384","EventReceivedTime":1657287725,"SourceModuleName":"in_default_channels","SourceModuleType":"im_msvistalog"}
<14>Jul  8 13:42:05 wrk-shasek.stackedpads.local Microsoft-Windows-Security-Auditing[4]: {"EventTime":1657287724,"Hostname":"wrk-shasek.stackedpads.local","Keywords":-9214364837600034816,"EventType":"AUDIT_SUCCESS","SeverityValue":2,"Severity":"INFO","EventID":4688,"SourceName":"Microsoft-Windows-Security-Auditing","ProviderGuid":"{54849625-5478-4994-A5BA-3E3B0328C30D}","Version":2,"Task":13312,"OpcodeValue":0,"RecordNumber":2712840,"ProcessID":4,"ThreadID":6364,"Channel":"Security","Message":"A new process has been created.\r\n\r\nCreator Subject:\r\n\tSecurity ID:\t\tS-1-5-18\r\n\tAccount Name:\t\tWRK-SHASEK$\r\n\tAccount Domain:\t\tSTACKEDPADS\r\n\tLogon ID:\t\t0x3E7\r\n\r\nTarget Subject:\r\n\tSecurity ID:\t\tS-1-0-0\r\n\tAccount Name:\t\t-\r\n\tAccount Domain:\t\t-\r\n\tLogon ID:\t\t0x0\r\n\r\nProcess Information:\r\n\tNew Process ID:\t\t0x1960\r\n\tNew Process Name:\tC:\\Program Files (x86)\\Google\\Update\\1.3.36.132\\GoogleCrashHandler.exe\r\n\tToken Elevation Type:\t%%1936\r\n\tMandatory Label:\t\tS-1-16-16384\r\n\tCreator Process ID:\t0x1b4c\r\n\tCreator Process Name:\tC:\\Program Files (x86)\\Google\\Update\\GoogleUpdate.exe\r\n\tProcess Command Line:\t\"C:\\Program Files (x86)\\Google\\Update\\1.3.36.132\\GoogleCrashHandler.exe\"\r\n\r\nToken Elevation Type indicates the type of token that was assigned to the new process in accordance with User Account Control policy.\r\n\r\nType 1 is a full token with no privileges removed or groups disabled.  A full token is only used if User Account Control is disabled or if the user is the built-in Administrator account or a service account.\r\n\r\nType 2 is an elevated token with no privileges removed or groups disabled.  An elevated token is used when User Account Control is enabled and the user chooses to start the program using Run as administrator.  An elevated token is also used when an application is configured to always require administrative privilege or to always require maximum privilege, and the user is a member of the Administrators group.\r\n\r\nType 3 is a limited token with administrative privileges removed and administrative groups disabled.  The limited token is used when User Account Control is enabled, the application does not require administrative privilege, and the user does not choose to start the program using Run as administrator.","Category":"Process Creation","Opcode":"Info","SubjectUserSid":"S-1-5-18","SubjectUserName":"WRK-SHASEK$","SubjectDomainName":"STACKEDPADS","SubjectLogonId":"0x3e7","NewProcessId":"0x1960","NewProcessName":"C:\\Program Files (x86)\\Google\\Update\\1.3.36.132\\GoogleCrashHandler.exe","TokenElevationType":"%%1936","CommandLine":"\"C:\\Program Files (x86)\\Google\\Update\\1.3.36.132\\GoogleCrashHandler.exe\"","TargetUserSid":"S-1-0-0","TargetUserName":"-","TargetDomainName":"-","TargetLogonId":"0x0","ParentProcessName":"C:\\Program Files (x86)\\Google\\Update\\GoogleUpdate.exe","MandatoryLabel":"S-1-16-16384","EventReceivedTime":1657287725,"SourceModuleName":"in_default_channels","SourceModuleType":"im_msvistalog"}
<14>Jul  8 13:42:05 wrk-shasek.stackedpads.local Microsoft-Windows-Security-Auditing[4]: {"EventTime":1657287725,"Hostname":"wrk-shasek.stackedpads.local","Keywords":-9214364837600034816,"EventType":"AUDIT_SUCCESS","SeverityValue":2,"Severity":"INFO","EventID":4688,"SourceName":"Microsoft-Windows-Security-Auditing","ProviderGuid":"{54849625-5478-4994-A5BA-3E3B0328C30D}","Version":2,"Task":13312,"OpcodeValue":0,"RecordNumber":2712847,"ProcessID":4,"ThreadID":6364,"Channel":"Security","Message":"A new process has been created.\r\n\r\nCreator Subject:\r\n\tSecurity ID:\t\tS-1-5-18\r\n\tAccount Name:\t\tWRK-SHASEK$\r\n\tAccount Domain:\t\tSTACKEDPADS\r\n\tLogon ID:\t\t0x3E7\r\n\r\nTarget Subject:\r\n\tSecurity ID:\t\tS-1-5-21-2264196694-1469429678-912427992-1107\r\n\tAccount Name:\t\ttim.smith\r\n\tAccount Domain:\t\tSTACKEDPADS\r\n\tLogon ID:\t\t0x307504\r\n\r\nProcess Information:\r\n\tNew Process ID:\t\t0xb84\r\n\tNew Process Name:\tC:\\Windows\\System32\\RuntimeBroker.exe\r\n\tToken Elevation Type:\t%%1938\r\n\tMandatory Label:\t\tS-1-16-8192\r\n\tCreator Process ID:\t0x300\r\n\tCreator Process Name:\tC:\\Windows\\System32\\svchost.exe\r\n\tProcess Command Line:\tC:\\Windows\\System32\\RuntimeBroker.exe -Embedding\r\n\r\nToken Elevation Type indicates the type of token that was assigned to the new process in accordance with User Account Control policy.\r\n\r\nType 1 is a full token with no privileges removed or groups disabled.  A full token is only used if User Account Control is disabled or if the user is the built-in Administrator account or a service account.\r\n\r\nType 2 is an elevated token with no privileges removed or groups disabled.  An elevated token is used when User Account Control is enabled and the user chooses to start the program using Run as administrator.  An elevated token is also used when an application is configured to always require administrative privilege or to always require maximum privilege, and the user is a member of the Administrators group.\r\n\r\nType 3 is a limited token with administrative privileges removed and administrative groups disabled.  The limited token is used when User Account Control is enabled, the application does not require administrative privilege, and the user does not choose to start the program using Run as administrator.","Category":"Process Creation","Opcode":"Info","SubjectUserSid":"S-1-5-18","SubjectUserName":"WRK-SHASEK$","SubjectDomainName":"STACKEDPADS","SubjectLogonId":"0x3e7","NewProcessId":"0xb84","NewProcessName":"C:\\Windows\\System32\\RuntimeBroker.exe","TokenElevationType":"%%1938","CommandLine":"C:\\Windows\\System32\\RuntimeBroker.exe -Embedding","TargetUserSid":"S-1-5-21-2264196694-1469429678-912427992-1107","TargetUserName":"tim.smith","TargetDomainName":"STACKEDPADS","TargetLogonId":"0x307504","ParentProcessName":"C:\\Windows\\System32\\svchost.exe","MandatoryLabel":"S-1-16-8192","EventReceivedTime":1657287725,"SourceModuleName":"in_default_channels","SourceModuleType":"im_msvistalog"}
<14>Jul  8 13:42:06 wrk-shasek.stackedpads.local Microsoft-Windows-Security-Auditing[4]: {"EventTime":1657287725,"Hostname":"wrk-shasek.stackedpads.local","Keywords":-9214364837600034816,"EventType":"AUDIT_SUCCESS","SeverityValue":2,"Severity":"INFO","EventID":4688,"SourceName":"Microsoft-Windows-Security-Auditing","ProviderGuid":"{54849625-5478-4994-A5BA-3E3B0328C30D}","Version":2,"Task":13312,"OpcodeValue":0,"RecordNumber":2712850,"ProcessID":4,"ThreadID":6364,"Channel":"Security","Message":"A new process has been created.\r\n\r\nCreator Subject:\r\n\tSecurity ID:\t\tS-1-5-18\r\n\tAccount Name:\t\tWRK-SHASEK$\r\n\tAccount Domain:\t\tSTACKEDPADS\r\n\tLogon ID:\t\t0x3E7\r\n\r\nTarget Subject:\r\n\tSecurity ID:\t\tS-1-5-21-2264196694-1469429678-912427992-1107\r\n\tAccount Name:\t\ttim.smith\r\n\tAccount Domain:\t\tSTACKEDPADS\r\n\tLogon ID:\t\t0x307504\r\n\r\nProcess Information:\r\n\tNew Process ID:\t\t0x9e0\r\n\tNew Process Name:\tC:\\Windows\\SystemApps\\Microsoft.Windows.Search_cw5n1h2txyewy\\SearchApp.exe\r\n\tToken Elevation Type:\t%%1938\r\n\tMandatory Label:\t\tS-1-16-4096\r\n\tCreator Process ID:\t0x300\r\n\tCreator Process Name:\tC:\\Windows\\System32\\svchost.exe\r\n\tProcess Command Line:\t\"C:\\Windows\\SystemApps\\Microsoft.Windows.Search_cw5n1h2txyewy\\SearchApp.exe\" -ServerName:CortanaUI.AppX8z9r6jm96hw4bsbneegw0kyxx296wr9t.mca\r\n\r\nToken Elevation Type indicates the type of token that was assigned to the new process in accordance with User Account Control policy.\r\n\r\nType 1 is a full token with no privileges removed or groups disabled.  A full token is only used if User Account Control is disabled or if the user is the built-in Administrator account or a service account.\r\n\r\nType 2 is an elevated token with no privileges removed or groups disabled.  An elevated token is used when User Account Control is enabled and the user chooses to start the program using Run as administrator.  An elevated token is also used when an application is configured to always require administrative privilege or to always require maximum privilege, and the user is a member of the Administrators group.\r\n\r\nType 3 is a limited token with administrative privileges removed and administrative groups disabled.  The limited token is used when User Account Control is enabled, the application does not require administrative privilege, and the user does not choose to start the program using Run as administrator.","Category":"Process Creation","Opcode":"Info","SubjectUserSid":"S-1-5-18","SubjectUserName":"WRK-SHASEK$","SubjectDomainName":"STACKEDPADS","SubjectLogonId":"0x3e7","NewProcessId":"0x9e0","NewProcessName":"C:\\Windows\\SystemApps\\Microsoft.Windows.Search_cw5n1h2txyewy\\SearchApp.exe","TokenElevationType":"%%1938","CommandLine":"\"C:\\Windows\\SystemApps\\Microsoft.Windows.Search_cw5n1h2txyewy\\SearchApp.exe\" -ServerName:CortanaUI.AppX8z9r6jm96hw4bsbneegw0kyxx296wr9t.mca","TargetUserSid":"S-1-5-21-2264196694-1469429678-912427992-1107","TargetUserName":"tim.smith","TargetDomainName":"STACKEDPADS","TargetLogonId":"0x307504","ParentProcessName":"C:\\Windows\\System32\\svchost.exe","MandatoryLabel":"S-1-16-4096","EventReceivedTime":1657287726,"SourceModuleName":"in_default_channels","SourceModuleType":"im_msvistalog"}
<14>Jul  8 13:42:05 wrk-shasek.stackedpads.local Microsoft-Windows-TaskScheduler[396]: {"EventTime":1657287724,"Hostname":"wrk-shasek.stackedpads.local","Keywords":-9223372036854775808,"EventType":"INFO","SeverityValue":2,"Severity":"INFO","EventID":201,"SourceName":"Microsoft-Windows-TaskScheduler","ProviderGuid":"{DE7B24EA-73C8-4A09-985D-5BDADCFA9017}","Version":2,"Task":201,"OpcodeValue":2,"RecordNumber":5552,"ActivityID":"{F8B27DE4-A9EF-4867-8B0A-A073C12AC221}","ProcessID":396,"ThreadID":3180,"Channel":"Microsoft-Windows-TaskScheduler/Operational","Domain":"NT AUTHORITY","AccountName":"SYSTEM","UserID":"S-1-5-18","AccountType":"User","Message":"Task Scheduler successfully completed task \"\\Microsoft\\Windows\\CertificateServicesClient\\UserTask\" , instance \"{f8b27de4-a9ef-4867-8b0a-a073c12ac221}\" , action \"Certificate Services Client Task Handler\" with return code 0.","Category":"Action completed","Opcode":"Stop","TaskName":"\\Microsoft\\Windows\\CertificateServicesClient\\UserTask","TaskInstanceId":"{f8b27de4-a9ef-4867-8b0a-a073c12ac221}","ActionName":"Certificate Services Client Task Handler","ResultCode":"0","EnginePID":"4084","EventReceivedTime":1657287725,"SourceModuleName":"in_default_channels","SourceModuleType":"im_msvistalog"}
<14>Jul  8 13:42:06 wrk-shasek.stackedpads.local Microsoft-Windows-TaskScheduler[396]: {"EventTime":1657287725,"Hostname":"wrk-shasek.stackedpads.local","Keywords":-9223372036854775808,"EventType":"INFO","SeverityValue":2,"Severity":"INFO","EventID":201,"SourceName":"Microsoft-Windows-TaskScheduler","ProviderGuid":"{DE7B24EA-73C8-4A09-985D-5BDADCFA9017}","Version":2,"Task":201,"OpcodeValue":2,"RecordNumber":5554,"ActivityID":"{C7879D3F-1562-4168-B78D-5CB52E326106}","ProcessID":396,"ThreadID":3828,"Channel":"Microsoft-Windows-TaskScheduler/Operational","Domain":"NT AUTHORITY","AccountName":"SYSTEM","UserID":"S-1-5-18","AccountType":"User","Message":"Task Scheduler successfully completed task \"\\GoogleUpdateTaskMachineCore{1BC06F6B-B272-475C-BD48-5B53F79D9466}\" , instance \"{c7879d3f-1562-4168-b78d-5cb52e326106}\" , action \"C:\\Program Files (x86)\\Google\\Update\\GoogleUpdate.exe\" with return code 0.","Category":"Action completed","Opcode":"Stop","TaskName":"\\GoogleUpdateTaskMachineCore{1BC06F6B-B272-475C-BD48-5B53F79D9466}","TaskInstanceId":"{c7879d3f-1562-4168-b78d-5cb52e326106}","ActionName":"C:\\Program Files (x86)\\Google\\Update\\GoogleUpdate.exe","ResultCode":"0","EnginePID":"6988","EventReceivedTime":1657287726,"SourceModuleName":"in_default_channels","SourceModuleType":"im_msvistalog"}
<14>Jul  8 13:42:05 wrk-shasek.stackedpads.local Microsoft-Windows-Security-Auditing[4]: {"EventTime":1657287724,"Hostname":"wrk-shasek.stackedpads.local","Keywords":-9214364837600034816,"EventType":"AUDIT_SUCCESS","SeverityValue":2,"Severity":"INFO","EventID":4673,"SourceName":"Microsoft-Windows-Security-Auditing","ProviderGuid":"{54849625-5478-4994-A5BA-3E3B0328C30D}","Version":0,"Task":13056,"OpcodeValue":0,"RecordNumber":2712845,"ProcessID":4,"ThreadID":6364,"Channel":"Security","Message":"A privileged service was called.\r\n\r\nSubject:\r\n\tSecurity ID:\t\tS-1-5-18\r\n\tAccount Name:\t\tWRK-SHASEK$\r\n\tAccount Domain:\t\tSTACKEDPADS\r\n\tLogon ID:\t\t0x3E7\r\n\r\nService:\r\n\tServer:\tNT Local Security Authority / Authentication Service\r\n\tService Name:\tLsaRegisterLogonProcess()\r\n\r\nProcess:\r\n\tProcess ID:\t0x294\r\n\tProcess Name:\tC:\\Windows\\System32\\lsass.exe\r\n\r\nService Request Information:\r\n\tPrivileges:\t\tSeTcbPrivilege","Category":"Sensitive Privilege Use","Opcode":"Info","SubjectUserSid":"S-1-5-18","SubjectUserName":"WRK-SHASEK$","SubjectDomainName":"STACKEDPADS","SubjectLogonId":"0x3e7","ObjectServer":"NT Local Security Authority / Authentication Service","Service":"LsaRegisterLogonProcess()","PrivilegeList":"SeTcbPrivilege","ProcessName":"C:\\Windows\\System32\\lsass.exe","EventReceivedTime":1657287725,"SourceModuleName":"in_default_channels","SourceModuleType":"im_msvistalog"}
<14>Jul  8 13:42:05 wrk-shasek.stackedpads.local Microsoft-Windows-Security-Auditing[4]: {"EventTime":1657287724,"Hostname":"wrk-shasek.stackedpads.local","Keywords":-9214364837600034816,"EventType":"AUDIT_SUCCESS","SeverityValue":2,"Severity":"INFO","EventID":4673,"SourceName":"Microsoft-Windows-Security-Auditing","ProviderGuid":"{54849625-5478-4994-A5BA-3E3B0328C30D}","Version":0,"Task":13056,"OpcodeValue":0,"RecordNumber":2712842,"ProcessID":4,"ThreadID":1756,"Channel":"Security","Message":"A privileged service was called.\r\n\r\nSubject:\r\n\tSecurity ID:\t\tS-1-5-18\r\n\tAccount Name:\t\tWRK-SHASEK$\r\n\tAccount Domain:\t\tSTACKEDPADS\r\n\tLogon ID:\t\t0x3E7\r\n\r\nService:\r\n\tServer:\tNT Local Security Authority / Authentication Service\r\n\tService Name:\tLsaRegisterLogonProcess()\r\n\r\nProcess:\r\n\tProcess ID:\t0x294\r\n\tProcess Name:\tC:\\Windows\\System32\\lsass.exe\r\n\r\nService Request Information:\r\n\tPrivileges:\t\tSeTcbPrivilege","Category":"Sensitive Privilege Use","Opcode":"Info","SubjectUserSid":"S-1-5-18","SubjectUserName":"WRK-SHASEK$","SubjectDomainName":"STACKEDPADS","SubjectLogonId":"0x3e7","ObjectServer":"NT Local Security Authority / Authentication Service","Service":"LsaRegisterLogonProcess()","PrivilegeList":"SeTcbPrivilege","ProcessName":"C:\\Windows\\System32\\lsass.exe","EventReceivedTime":1657287725,"SourceModuleName":"in_default_channels","SourceModuleType":"im_msvistalog"}
<14>Jul  8 13:42:04 wrk-shasek.stackedpads.local Microsoft-Windows-Security-Auditing[4]: {"EventTime":1657287724,"Hostname":"wrk-shasek.stackedpads.local","Keywords":-9214364837600034816,"EventType":"AUDIT_SUCCESS","SeverityValue":2,"Severity":"INFO","EventID":5158,"SourceName":"Microsoft-Windows-Security-Auditing","ProviderGuid":"{54849625-5478-4994-A5BA-3E3B0328C30D}","Version":0,"Task":12810,"OpcodeValue":0,"RecordNumber":2712837,"ProcessID":4,"ThreadID":1756,"Channel":"Security","Message":"The Windows Filtering Platform has permitted a bind to a local port.\r\n\r\nApplication Information:\r\n\tProcess ID:\t\t5636\r\n\tApplication Name:\t\\device\\harddiskvolume3\\windows\\explorer.exe\r\n\r\nNetwork Information:\r\n\tSource Address:\t\t0.0.0.0\r\n\tSource Port:\t\t49847\r\n\tProtocol:\t\t6\r\n\r\nFilter Information:\r\n\tFilter Run-Time ID:\t0\r\n\tLayer Name:\t\tResource Assignment\r\n\tLayer Run-Time ID:\t36","Category":"Filtering Platform Connection","Opcode":"Info","Application":"\\device\\harddiskvolume3\\windows\\explorer.exe","SourceAddress":"0.0.0.0","SourcePort":"49847","Protocol":"6","FilterRTID":"0","LayerName":"%%14608","LayerRTID":"36","EventReceivedTime":1657287724,"SourceModuleName":"in_default_channels","SourceModuleType":"im_msvistalog"}
<14>Jul  8 13:42:04 wrk-shasek.stackedpads.local Microsoft-Windows-Security-Auditing[4]: {"EventTime":1657287724,"Hostname":"wrk-shasek.stackedpads.local","Keywords":-9214364837600034816,"EventType":"AUDIT_SUCCESS","SeverityValue":2,"Severity":"INFO","EventID":5158,"SourceName":"Microsoft-Windows-Security-Auditing","ProviderGuid":"{54849625-5478-4994-A5BA-3E3B0328C30D}","Version":0,"Task":12810,"OpcodeValue":0,"RecordNumber":2712834,"ProcessID":4,"ThreadID":1756,"Channel":"Security","Message":"The Windows Filtering Platform has permitted a bind to a local port.\r\n\r\nApplication Information:\r\n\tProcess ID:\t\t1172\r\n\tApplication Name:\t\\device\\harddiskvolume3\\windows\\system32\\svchost.exe\r\n\r\nNetwork Information:\r\n\tSource Address:\t\t::\r\n\tSource Port:\t\t63108\r\n\tProtocol:\t\t17\r\n\r\nFilter Information:\r\n\tFilter Run-Time ID:\t0\r\n\tLayer Name:\t\tResource Assignment\r\n\tLayer Run-Time ID:\t36","Category":"Filtering Platform Connection","Opcode":"Info","Application":"\\device\\harddiskvolume3\\windows\\system32\\svchost.exe","SourceAddress":"::","SourcePort":"63108","Protocol":"17","FilterRTID":"0","LayerName":"%%14608","LayerRTID":"36","EventReceivedTime":1657287724,"SourceModuleName":"in_default_channels","SourceModuleType":"im_msvistalog"}
<14>Jul  8 13:42:04 wrk-shasek.stackedpads.local Microsoft-Windows-Security-Auditing[4]: {"EventTime":1657287724,"Hostname":"wrk-shasek.stackedpads.local","Keywords":-9214364837600034816,"EventType":"AUDIT_SUCCESS","SeverityValue":2,"Severity":"INFO","EventID":5158,"SourceName":"Microsoft-Windows-Security-Auditing","ProviderGuid":"{54849625-5478-4994-A5BA-3E3B0328C30D}","Version":0,"Task":12810,"OpcodeValue":0,"RecordNumber":2712835,"ProcessID":4,"ThreadID":1756,"Channel":"Security","Message":"The Windows Filtering Platform has permitted a bind to a local port.\r\n\r\nApplication Information:\r\n\tProcess ID:\t\t1172\r\n\tApplication Name:\t\\device\\harddiskvolume3\\windows\\system32\\svchost.exe\r\n\r\nNetwork Information:\r\n\tSource Address:\t\t::\r\n\tSource Port:\t\t63108\r\n\tProtocol:\t\t17\r\n\r\nFilter Information:\r\n\tFilter Run-Time ID:\t0\r\n\tLayer Name:\t\tResource Assignment\r\n\tLayer Run-Time ID:\t38","Category":"Filtering Platform Connection","Opcode":"Info","Application":"\\device\\harddiskvolume3\\windows\\system32\\svchost.exe","SourceAddress":"::","SourcePort":"63108","Protocol":"17","FilterRTID":"0","LayerName":"%%14608","LayerRTID":"38","EventReceivedTime":1657287724,"SourceModuleName":"in_default_channels","SourceModuleType":"im_msvistalog"}
<14>Jul  8 13:41:56 activedir.stackedpads.local Microsoft-Windows-TaskScheduler[1744]: {"EventTime":1657287715,"Hostname":"activedir.stackedpads.local","Keywords":-9223372036854775808,"EventType":"INFO","SeverityValue":2,"Severity":"INFO","EventID":119,"SourceName":"Microsoft-Windows-TaskScheduler","ProviderGuid":"{DE7B24EA-73C8-4A09-985D-5BDADCFA9017}","Version":0,"Task":119,"OpcodeValue":0,"RecordNumber":17407,"ActivityID":"{CCC9F702-BF7A-4B2D-8B2A-8868B7011239}","ProcessID":1744,"ThreadID":1168,"Channel":"Microsoft-Windows-TaskScheduler/Operational","Domain":"NT AUTHORITY","AccountName":"SYSTEM","UserID":"S-1-5-18","AccountType":"User","Message":"Task Scheduler launched \"{ccc9f702-bf7a-4b2d-8b2a-8868b7011239}\"  instance of task \"\\Microsoft\\Windows\\Workplace Join\\Automatic-Device-Join\" due to user \"STACKEDPADS\\frank.kolzig\"  logon.","Category":"Task triggered on logon","Opcode":"Info","TaskName":"\\Microsoft\\Windows\\Workplace Join\\Automatic-Device-Join","UserName":"STACKEDPADS\\frank.kolzig","InstanceId":"{ccc9f702-bf7a-4b2d-8b2a-8868b7011239}","EventReceivedTime":1657287716,"SourceModuleName":"in_default_channels","SourceModuleType":"im_msvistalog"}
<14>Jul  8 13:42:00 wrk-shasek.stackedpads.local Microsoft-Windows-TaskScheduler[396]: {"EventTime":1657287719,"Hostname":"wrk-shasek.stackedpads.local","Keywords":-9223372036854775808,"EventType":"INFO","SeverityValue":2,"Severity":"INFO","EventID":119,"SourceName":"Microsoft-Windows-TaskScheduler","ProviderGuid":"{DE7B24EA-73C8-4A09-985D-5BDADCFA9017}","Version":0,"Task":119,"OpcodeValue":0,"RecordNumber":5525,"ActivityID":"{F8B27DE4-A9EF-4867-8B0A-A073C12AC221}","ProcessID":396,"ThreadID":3180,"Channel":"Microsoft-Windows-TaskScheduler/Operational","Domain":"NT AUTHORITY","AccountName":"SYSTEM","UserID":"S-1-5-18","AccountType":"User","Message":"Task Scheduler launched \"{f8b27de4-a9ef-4867-8b0a-a073c12ac221}\"  instance of task \"\\Microsoft\\Windows\\CertificateServicesClient\\UserTask\" due to user \"STACKEDPADS\\tim.smith\"  logon.","Category":"Task triggered on logon","Opcode":"Info","TaskName":"\\Microsoft\\Windows\\CertificateServicesClient\\UserTask","UserName":"STACKEDPADS\\tim.smith","InstanceId":"{f8b27de4-a9ef-4867-8b0a-a073c12ac221}","EventReceivedTime":1657287720,"SourceModuleName":"in_default_channels","SourceModuleType":"im_msvistalog"}
<14>Jul  8 13:42:00 wrk-shasek.stackedpads.local Microsoft-Windows-TaskScheduler[396]: {"EventTime":1657287719,"Hostname":"wrk-shasek.stackedpads.local","Keywords":-9223372036854775808,"EventType":"INFO","SeverityValue":2,"Severity":"INFO","EventID":119,"SourceName":"Microsoft-Windows-TaskScheduler","ProviderGuid":"{DE7B24EA-73C8-4A09-985D-5BDADCFA9017}","Version":0,"Task":119,"OpcodeValue":0,"RecordNumber":5532,"ActivityID":"{C05C2396-1203-44C1-AC83-BAA7B0073452}","ProcessID":396,"ThreadID":5592,"Channel":"Microsoft-Windows-TaskScheduler/Operational","Domain":"NT AUTHORITY","AccountName":"SYSTEM","UserID":"S-1-5-18","AccountType":"User","Message":"Task Scheduler launched \"{c05c2396-1203-44c1-ac83-baa7b0073452}\"  instance of task \"\\Microsoft\\Windows\\WindowsColorSystem\\Calibration Loader\" due to user \"STACKEDPADS\\tim.smith\"  logon.","Category":"Task triggered on logon","Opcode":"Info","TaskName":"\\Microsoft\\Windows\\WindowsColorSystem\\Calibration Loader","UserName":"STACKEDPADS\\tim.smith","InstanceId":"{c05c2396-1203-44c1-ac83-baa7b0073452}","EventReceivedTime":1657287720,"SourceModuleName":"in_default_channels","SourceModuleType":"im_msvistalog"}
<14>Jul  8 13:42:00 wrk-shasek.stackedpads.local Microsoft-Windows-TaskScheduler[396]: {"EventTime":1657287719,"Hostname":"wrk-shasek.stackedpads.local","Keywords":-9223372036854775808,"EventType":"INFO","SeverityValue":2,"Severity":"INFO","EventID":119,"SourceName":"Microsoft-Windows-TaskScheduler","ProviderGuid":"{DE7B24EA-73C8-4A09-985D-5BDADCFA9017}","Version":0,"Task":119,"OpcodeValue":0,"RecordNumber":5527,"ActivityID":"{D6BC4837-A5D5-4E76-B191-750C73E7959D}","ProcessID":396,"ThreadID":1284,"Channel":"Microsoft-Windows-TaskScheduler/Operational","Domain":"NT AUTHORITY","AccountName":"SYSTEM","UserID":"S-1-5-18","AccountType":"User","Message":"Task Scheduler launched \"{d6bc4837-a5d5-4e76-b191-750c73e7959d}\"  instance of task \"\\Microsoft\\Windows\\TextServicesFramework\\MsCtfMonitor\" due to user \"STACKEDPADS\\tim.smith\"  logon.","Category":"Task triggered on logon","Opcode":"Info","TaskName":"\\Microsoft\\Windows\\TextServicesFramework\\MsCtfMonitor","UserName":"STACKEDPADS\\tim.smith","InstanceId":"{d6bc4837-a5d5-4e76-b191-750c73e7959d}","EventReceivedTime":1657287720,"SourceModuleName":"in_default_channels","SourceModuleType":"im_msvistalog"}
<11>Jul  8 13:42:00 wrk-shasek.stackedpads.local Microsoft-Windows-TaskScheduler[396]: {"EventTime":1657287720,"Hostname":"wrk-shasek.stackedpads.local","Keywords":-9223372036854775807,"EventType":"ERROR","SeverityValue":4,"Severity":"ERROR","EventID":103,"SourceName":"Microsoft-Windows-TaskScheduler","ProviderGuid":"{DE7B24EA-73C8-4A09-985D-5BDADCFA9017}","Version":0,"Task":103,"OpcodeValue":102,"RecordNumber":5547,"ActivityID":"{C05C2396-1203-44C1-AC83-BAA7B0073452}","ProcessID":396,"ThreadID":2428,"Channel":"Microsoft-Windows-TaskScheduler/Operational","Domain":"NT AUTHORITY","AccountName":"SYSTEM","UserID":"S-1-5-18","AccountType":"User","Message":"Task Scheduler failed to start instance \"{c05c2396-1203-44c1-ac83-baa7b0073452}\" of \"\\Microsoft\\Windows\\WindowsColorSystem\\Calibration Loader\"  task for user \"STACKEDPADS\\tim.smith\" . Additional Data: Error Value: 2147500037.","Category":"Action start failed","Opcode":"Run Failure","TaskName":"\\Microsoft\\Windows\\WindowsColorSystem\\Calibration Loader","InstanceId":"{c05c2396-1203-44c1-ac83-baa7b0073452}","UserContext":"STACKEDPADS\\tim.smith","ResultCode":"2147500037","EventReceivedTime":1657287720,"SourceModuleName":"in_default_channels","SourceModuleType":"im_msvistalog"}
<14>Jul  8 13:42:00 wrk-shasek.stackedpads.local Microsoft-Windows-TaskScheduler[396]: {"EventTime":1657287719,"Hostname":"wrk-shasek.stackedpads.local","Keywords":-9223372036854775808,"EventType":"INFO","SeverityValue":2,"Severity":"INFO","EventID":119,"SourceName":"Microsoft-Windows-TaskScheduler","ProviderGuid":"{DE7B24EA-73C8-4A09-985D-5BDADCFA9017}","Version":0,"Task":119,"OpcodeValue":0,"RecordNumber":5526,"ActivityID":"{F9A96981-5682-4066-B923-BA391C39402C}","ProcessID":396,"ThreadID":4296,"Channel":"Microsoft-Windows-TaskScheduler/Operational","Domain":"NT AUTHORITY","AccountName":"SYSTEM","UserID":"S-1-5-18","AccountType":"User","Message":"Task Scheduler launched \"{f9a96981-5682-4066-b923-ba391c39402c}\"  instance of task \"\\Microsoft\\Windows\\Plug and Play\\Device Install Reboot Required\" due to user \"STACKEDPADS\\tim.smith\"  logon.","Category":"Task triggered on logon","Opcode":"Info","TaskName":"\\Microsoft\\Windows\\Plug and Play\\Device Install Reboot Required","UserName":"STACKEDPADS\\tim.smith","InstanceId":"{f9a96981-5682-4066-b923-ba391c39402c}","EventReceivedTime":1657287720,"SourceModuleName":"in_default_channels","SourceModuleType":"im_msvistalog"}
<14>Jul  8 13:42:00 wrk-shasek.stackedpads.local Microsoft-Windows-TaskScheduler[396]: {"EventTime":1657287719,"Hostname":"wrk-shasek.stackedpads.local","Keywords":-9223372036854775808,"EventType":"INFO","SeverityValue":2,"Severity":"INFO","EventID":119,"SourceName":"Microsoft-Windows-TaskScheduler","ProviderGuid":"{DE7B24EA-73C8-4A09-985D-5BDADCFA9017}","Version":0,"Task":119,"OpcodeValue":0,"RecordNumber":5535,"ActivityID":"{D3935AAE-5163-4C45-83D5-5D2CCE1BA06F}","ProcessID":396,"ThreadID":3488,"Channel":"Microsoft-Windows-TaskScheduler/Operational","Domain":"NT AUTHORITY","AccountName":"SYSTEM","UserID":"S-1-5-18","AccountType":"User","Message":"Task Scheduler launched \"{d3935aae-5163-4c45-83d5-5d2cce1ba06f}\"  instance of task \"\\Microsoft\\Windows\\Wininet\\CacheTask\" due to user \"STACKEDPADS\\tim.smith\"  logon.","Category":"Task triggered on logon","Opcode":"Info","TaskName":"\\Microsoft\\Windows\\Wininet\\CacheTask","UserName":"STACKEDPADS\\tim.smith","InstanceId":"{d3935aae-5163-4c45-83d5-5d2cce1ba06f}","EventReceivedTime":1657287720,"SourceModuleName":"in_default_channels","SourceModuleType":"im_msvistalog"}
<14>Jul  8 13:42:00 wrk-shasek.stackedpads.local Microsoft-Windows-TaskScheduler[396]: {"EventTime":1657287719,"Hostname":"wrk-shasek.stackedpads.local","Keywords":-9223372036854775808,"EventType":"INFO","SeverityValue":2,"Severity":"INFO","EventID":119,"SourceName":"Microsoft-Windows-TaskScheduler","ProviderGuid":"{DE7B24EA-73C8-4A09-985D-5BDADCFA9017}","Version":0,"Task":119,"OpcodeValue":0,"RecordNumber":5518,"ActivityID":"{C10FB93B-89CA-478D-9850-FAC5D5EA7F6C}","ProcessID":396,"ThreadID":5592,"Channel":"Microsoft-Windows-TaskScheduler/Operational","Domain":"NT AUTHORITY","AccountName":"SYSTEM","UserID":"S-1-5-18","AccountType":"User","Message":"Task Scheduler launched \"{c10fb93b-89ca-478d-9850-fac5d5ea7f6c}\"  instance of task \"\\MicrosoftEdgeUpdateTaskMachineCore\" due to user \"STACKEDPADS\\tim.smith\"  logon.","Category":"Task triggered on logon","Opcode":"Info","TaskName":"\\MicrosoftEdgeUpdateTaskMachineCore","UserName":"STACKEDPADS\\tim.smith","InstanceId":"{c10fb93b-89ca-478d-9850-fac5d5ea7f6c}","EventReceivedTime":1657287720,"SourceModuleName":"in_default_channels","SourceModuleType":"im_msvistalog"}
<11>Jul  8 13:42:00 wrk-shasek.stackedpads.local Microsoft-Windows-TaskScheduler[396]: {"EventTime":1657287720,"Hostname":"wrk-shasek.stackedpads.local","Keywords":-9223372036854775808,"EventType":"ERROR","SeverityValue":4,"Severity":"ERROR","EventID":202,"SourceName":"Microsoft-Windows-TaskScheduler","ProviderGuid":"{DE7B24EA-73C8-4A09-985D-5BDADCFA9017}","Version":1,"Task":202,"OpcodeValue":102,"RecordNumber":5546,"ActivityID":"{C05C2396-1203-44C1-AC83-BAA7B0073452}","ProcessID":396,"ThreadID":2428,"Channel":"Microsoft-Windows-TaskScheduler/Operational","Domain":"NT AUTHORITY","AccountName":"SYSTEM","UserID":"S-1-5-18","AccountType":"User","Message":"Task Scheduler failed to complete task \"\\Microsoft\\Windows\\WindowsColorSystem\\Calibration Loader\" , instance \"{c05c2396-1203-44c1-ac83-baa7b0073452}\" , action \"Color Calibration Loader\" . Additional Data: Error Value: 2147500037.","Category":"Action failed","Opcode":"Run Failure","TaskName":"\\Microsoft\\Windows\\WindowsColorSystem\\Calibration Loader","TaskInstanceId":"{c05c2396-1203-44c1-ac83-baa7b0073452}","ActionName":"Color Calibration Loader","ResultCode":"2147500037","EnginePID":"4084","EventReceivedTime":1657287720,"SourceModuleName":"in_default_channels","SourceModuleType":"im_msvistalog"}
<14>Jul  8 13:42:00 wrk-shasek.stackedpads.local Microsoft-Windows-TaskScheduler[396]: {"EventTime":1657287719,"Hostname":"wrk-shasek.stackedpads.local","Keywords":-9223372036854775808,"EventType":"INFO","SeverityValue":2,"Severity":"INFO","EventID":119,"SourceName":"Microsoft-Windows-TaskScheduler","ProviderGuid":"{DE7B24EA-73C8-4A09-985D-5BDADCFA9017}","Version":0,"Task":119,"OpcodeValue":0,"RecordNumber":5517,"ActivityID":"{C7879D3F-1562-4168-B78D-5CB52E326106}","ProcessID":396,"ThreadID":4296,"Channel":"Microsoft-Windows-TaskScheduler/Operational","Domain":"NT AUTHORITY","AccountName":"SYSTEM","UserID":"S-1-5-18","AccountType":"User","Message":"Task Scheduler launched \"{c7879d3f-1562-4168-b78d-5cb52e326106}\"  instance of task \"\\GoogleUpdateTaskMachineCore{1BC06F6B-B272-475C-BD48-5B53F79D9466}\" due to user \"STACKEDPADS\\tim.smith\"  logon.","Category":"Task triggered on logon","Opcode":"Info","TaskName":"\\GoogleUpdateTaskMachineCore{1BC06F6B-B272-475C-BD48-5B53F79D9466}","UserName":"STACKEDPADS\\tim.smith","InstanceId":"{c7879d3f-1562-4168-b78d-5cb52e326106}","EventReceivedTime":1657287720,"SourceModuleName":"in_default_channels","SourceModuleType":"im_msvistalog"}
<14>Jul  8 13:42:00 wrk-shasek.stackedpads.local Microsoft-Windows-TaskScheduler[396]: {"EventTime":1657287719,"Hostname":"wrk-shasek.stackedpads.local","Keywords":-9223372036854775808,"EventType":"INFO","SeverityValue":2,"Severity":"INFO","EventID":119,"SourceName":"Microsoft-Windows-TaskScheduler","ProviderGuid":"{DE7B24EA-73C8-4A09-985D-5BDADCFA9017}","Version":0,"Task":119,"OpcodeValue":0,"RecordNumber":5531,"ActivityID":"{81556DF9-8766-4552-8E6E-06C32DE99810}","ProcessID":396,"ThreadID":6148,"Channel":"Microsoft-Windows-TaskScheduler/Operational","Domain":"NT AUTHORITY","AccountName":"SYSTEM","UserID":"S-1-5-18","AccountType":"User","Message":"Task Scheduler launched \"{81556df9-8766-4552-8e6e-06c32de99810}\"  instance of task \"\\Microsoft\\Windows\\Multimedia\\SystemSoundsService\" due to user \"STACKEDPADS\\tim.smith\"  logon.","Category":"Task triggered on logon","Opcode":"Info","TaskName":"\\Microsoft\\Windows\\Multimedia\\SystemSoundsService","UserName":"STACKEDPADS\\tim.smith","InstanceId":"{81556df9-8766-4552-8e6e-06c32de99810}","EventReceivedTime":1657287720,"SourceModuleName":"in_default_channels","SourceModuleType":"im_msvistalog"}
<14>Jul  8 13:42:05 wrk-shasek.stackedpads.local Microsoft-Windows-Security-Auditing[4]: {"EventTime":1657287725,"Hostname":"wrk-shasek.stackedpads.local","Keywords":-9214364837600034816,"EventType":"AUDIT_SUCCESS","SeverityValue":2,"Severity":"INFO","EventID":4689,"SourceName":"Microsoft-Windows-Security-Auditing","ProviderGuid":"{54849625-5478-4994-A5BA-3E3B0328C30D}","Version":0,"Task":13313,"OpcodeValue":0,"RecordNumber":2712848,"ProcessID":4,"ThreadID":6364,"Channel":"Security","Message":"A process has exited.\r\n\r\nSubject:\r\n\tSecurity ID:\t\tS-1-5-21-2264196694-1469429678-912427992-1107\r\n\tAccount Name:\t\ttim.smith\r\n\tAccount Domain:\t\tSTACKEDPADS\r\n\tLogon ID:\t\t0x307504\r\n\r\nProcess Information:\r\n\tProcess ID:\t0x1a14\r\n\tProcess Name:\tC:\\Windows\\System32\\TSTheme.exe\r\n\tExit Status:\t0x0","Category":"Process Termination","Opcode":"Info","SubjectUserSid":"S-1-5-21-2264196694-1469429678-912427992-1107","SubjectUserName":"tim.smith","SubjectDomainName":"STACKEDPADS","SubjectLogonId":"0x307504","Status":"0x0","ProcessName":"C:\\Windows\\System32\\TSTheme.exe","EventReceivedTime":1657287725,"SourceModuleName":"in_default_channels","SourceModuleType":"im_msvistalog"}
<14>Jul  8 13:42:05 wrk-shasek.stackedpads.local Microsoft-Windows-Security-Auditing[4]: {"EventTime":1657287725,"Hostname":"wrk-shasek.stackedpads.local","Keywords":-9214364837600034816,"EventType":"AUDIT_SUCCESS","SeverityValue":2,"Severity":"INFO","EventID":4689,"SourceName":"Microsoft-Windows-Security-Auditing","ProviderGuid":"{54849625-5478-4994-A5BA-3E3B0328C30D}","Version":0,"Task":13313,"OpcodeValue":0,"RecordNumber":2712846,"ProcessID":4,"ThreadID":180,"Channel":"Security","Message":"A process has exited.\r\n\r\nSubject:\r\n\tSecurity ID:\t\tS-1-5-18\r\n\tAccount Name:\t\tWRK-SHASEK$\r\n\tAccount Domain:\t\tSTACKEDPADS\r\n\tLogon ID:\t\t0x3E7\r\n\r\nProcess Information:\r\n\tProcess ID:\t0x1b4c\r\n\tProcess Name:\tC:\\Program Files (x86)\\Google\\Update\\GoogleUpdate.exe\r\n\tExit Status:\t0x0","Category":"Process Termination","Opcode":"Info","SubjectUserSid":"S-1-5-18","SubjectUserName":"WRK-SHASEK$","SubjectDomainName":"STACKEDPADS","SubjectLogonId":"0x3e7","Status":"0x0","ProcessName":"C:\\Program Files (x86)\\Google\\Update\\GoogleUpdate.exe","EventReceivedTime":1657287725,"SourceModuleName":"in_default_channels","SourceModuleType":"im_msvistalog"}
<11>Jul  8 13:42:06 wrk-shasek.stackedpads.local Microsoft-Windows-Security-Auditing[4]: {"EventTime":1657287725,"Hostname":"wrk-shasek.stackedpads.local","Keywords":-9218868437227405312,"EventType":"AUDIT_FAILURE","SeverityValue":4,"Severity":"ERROR","EventID":4673,"SourceName":"Microsoft-Windows-Security-Auditing","ProviderGuid":"{54849625-5478-4994-A5BA-3E3B0328C30D}","Version":0,"Task":13056,"OpcodeValue":0,"RecordNumber":2712849,"ProcessID":4,"ThreadID":6364,"Channel":"Security","Message":"A privileged service was called.\r\n\r\nSubject:\r\n\tSecurity ID:\t\tS-1-5-21-2264196694-1469429678-912427992-1107\r\n\tAccount Name:\t\ttim.smith\r\n\tAccount Domain:\t\tSTACKEDPADS\r\n\tLogon ID:\t\t0x307504\r\n\r\nService:\r\n\tServer:\tSecurity\r\n\tService Name:\t-\r\n\r\nProcess:\r\n\tProcess ID:\t0x300\r\n\tProcess Name:\tC:\\Windows\\System32\\svchost.exe\r\n\r\nService Request Information:\r\n\tPrivileges:\t\tSeTcbPrivilege","Category":"Sensitive Privilege Use","Opcode":"Info","SubjectUserSid":"S-1-5-21-2264196694-1469429678-912427992-1107","SubjectUserName":"tim.smith","SubjectDomainName":"STACKEDPADS","SubjectLogonId":"0x307504","ObjectServer":"Security","Service":"-","PrivilegeList":"SeTcbPrivilege","ProcessName":"C:\\Windows\\System32\\svchost.exe","EventReceivedTime":1657287726,"SourceModuleName":"in_default_channels","SourceModuleType":"im_msvistalog"}
<11>Jul  8 13:42:07 wrk-shasek.stackedpads.local Microsoft-Windows-Security-Auditing[4]: {"EventTime":1657287726,"Hostname":"wrk-shasek.stackedpads.local","Keywords":-9218868437227405312,"EventType":"AUDIT_FAILURE","SeverityValue":4,"Severity":"ERROR","EventID":4673,"SourceName":"Microsoft-Windows-Security-Auditing","ProviderGuid":"{54849625-5478-4994-A5BA-3E3B0328C30D}","Version":0,"Task":13056,"OpcodeValue":0,"RecordNumber":2712852,"ProcessID":4,"ThreadID":280,"Channel":"Security","Message":"A privileged service was called.\r\n\r\nSubject:\r\n\tSecurity ID:\t\tS-1-5-21-2264196694-1469429678-912427992-1107\r\n\tAccount Name:\t\ttim.smith\r\n\tAccount Domain:\t\tSTACKEDPADS\r\n\tLogon ID:\t\t0x307504\r\n\r\nService:\r\n\tServer:\tSecurity\r\n\tService Name:\t-\r\n\r\nProcess:\r\n\tProcess ID:\t0x1604\r\n\tProcess Name:\tC:\\Windows\\explorer.exe\r\n\r\nService Request Information:\r\n\tPrivileges:\t\tSeTcbPrivilege","Category":"Sensitive Privilege Use","Opcode":"Info","SubjectUserSid":"S-1-5-21-2264196694-1469429678-912427992-1107","SubjectUserName":"tim.smith","SubjectDomainName":"STACKEDPADS","SubjectLogonId":"0x307504","ObjectServer":"Security","Service":"-","PrivilegeList":"SeTcbPrivilege","ProcessName":"C:\\Windows\\explorer.exe","EventReceivedTime":1657287727,"SourceModuleName":"in_default_channels","SourceModuleType":"im_msvistalog"}
<14>Jul  8 13:42:06 wrk-shasek.stackedpads.local Microsoft-Windows-Security-Auditing[4]: {"EventTime":1657287726,"Hostname":"wrk-shasek.stackedpads.local","Keywords":-9214364837600034816,"EventType":"AUDIT_SUCCESS","SeverityValue":2,"Severity":"INFO","EventID":4688,"SourceName":"Microsoft-Windows-Security-Auditing","ProviderGuid":"{54849625-5478-4994-A5BA-3E3B0328C30D}","Version":2,"Task":13312,"OpcodeValue":0,"RecordNumber":2712851,"ProcessID":4,"ThreadID":280,"Channel":"Security","Message":"A new process has been created.\r\n\r\nCreator Subject:\r\n\tSecurity ID:\t\tS-1-5-18\r\n\tAccount Name:\t\tWRK-SHASEK$\r\n\tAccount Domain:\t\tSTACKEDPADS\r\n\tLogon ID:\t\t0x3E7\r\n\r\nTarget Subject:\r\n\tSecurity ID:\t\tS-1-5-21-2264196694-1469429678-912427992-1107\r\n\tAccount Name:\t\ttim.smith\r\n\tAccount Domain:\t\tSTACKEDPADS\r\n\tLogon ID:\t\t0x307504\r\n\r\nProcess Information:\r\n\tNew Process ID:\t\t0x16a4\r\n\tNew Process Name:\tC:\\Windows\\System32\\RuntimeBroker.exe\r\n\tToken Elevation Type:\t%%1938\r\n\tMandatory Label:\t\tS-1-16-8192\r\n\tCreator Process ID:\t0x300\r\n\tCreator Process Name:\tC:\\Windows\\System32\\svchost.exe\r\n\tProcess Command Line:\tC:\\Windows\\System32\\RuntimeBroker.exe -Embedding\r\n\r\nToken Elevation Type indicates the type of token that was assigned to the new process in accordance with User Account Control policy.\r\n\r\nType 1 is a full token with no privileges removed or groups disabled.  A full token is only used if User Account Control is disabled or if the user is the built-in Administrator account or a service account.\r\n\r\nType 2 is an elevated token with no privileges removed or groups disabled.  An elevated token is used when User Account Control is enabled and the user chooses to start the program using Run as administrator.  An elevated token is also used when an application is configured to always require administrative privilege or to always require maximum privilege, and the user is a member of the Administrators group.\r\n\r\nType 3 is a limited token with administrative privileges removed and administrative groups disabled.  The limited token is used when User Account Control is enabled, the application does not require administrative privilege, and the user does not choose to start the program using Run as administrator.","Category":"Process Creation","Opcode":"Info","SubjectUserSid":"S-1-5-18","SubjectUserName":"WRK-SHASEK$","SubjectDomainName":"STACKEDPADS","SubjectLogonId":"0x3e7","NewProcessId":"0x16a4","NewProcessName":"C:\\Windows\\System32\\RuntimeBroker.exe","TokenElevationType":"%%1938","CommandLine":"C:\\Windows\\System32\\RuntimeBroker.exe -Embedding","TargetUserSid":"S-1-5-21-2264196694-1469429678-912427992-1107","TargetUserName":"tim.smith","TargetDomainName":"STACKEDPADS","TargetLogonId":"0x307504","ParentProcessName":"C:\\Windows\\System32\\svchost.exe","MandatoryLabel":"S-1-16-8192","EventReceivedTime":1657287726,"SourceModuleName":"in_default_channels","SourceModuleType":"im_msvistalog"}
