<14>Jul  8 13:40:04 wrk-shasek.stackedpads.local Microsoft-Windows-Security-Auditing[660]: {"EventTime":1657287603,"Hostname":"wrk-shasek.stackedpads.local","Keywords":-9214364837600034816,"EventType":"AUDIT_SUCCESS","SeverityValue":2,"Severity":"INFO","EventID":4624,"SourceName":"Microsoft-Windows-Security-Auditing","ProviderGuid":"{54849625-5478-4994-A5BA-3E3B0328C30D}","Version":2,"Task":12544,"OpcodeValue":0,"RecordNumber":2712505,"ActivityID":"{66883D06-FD3B-0000-9C49-28DDCE92D801}","ProcessID":660,"ThreadID":3408,"Channel":"Security","Message":"An account was successfully logged on.\r\n\r\nSubject:\r\n\tSecurity ID:\t\tS-1-5-18\r\n\tAccount Name:\t\tWRK-SHASEK$\r\n\tAccount Domain:\t\tSTACKEDPADS\r\n\tLogon ID:\t\t0x3E7\r\n\r\nLogon Information:\r\n\tLogon Type:\t\t5\r\n\tRestricted Admin Mode:\t-\r\n\tVirtual Account:\t\tNo\r\n\tElevated Token:\t\tYes\r\n\r\nImpersonation Level:\t\tImpersonation\r\n\r\nNew Logon:\r\n\tSecurity ID:\t\tS-1-5-18\r\n\tAccount Name:\t\tSYSTEM\r\n\tAccount Domain:\t\tNT AUTHORITY\r\n\tLogon ID:\t\t0x3E7\r\n\tLinked Logon ID:\t\t0x0\r\n\tNetwork Account Name:\t-\r\n\tNetwork Account Domain:\t-\r\n\tLogon GUID:\t\t{00000000-0000-0000-0000-000000000000}\r\n\r\nProcess Information:\r\n\tProcess ID:\t\t0x284\r\n\tProcess Name:\t\tC:\\Windows\\System32\\services.exe\r\n\r\nNetwork Information:\r\n\tWorkstation Name:\t-\r\n\tSource Network Address:\t-\r\n\tSource Port:\t\t-\r\n\r\nDetailed Authentication Information:\r\n\tLogon Process:\t\tAdvapi  \r\n\tAuthentication Package:\tNegotiate\r\n\tTransited Services:\t-\r\n\tPackage Name (NTLM only):\t-\r\n\tKey Length:\t\t0\r\n\r\nThis event is generated when a logon session is created. It is generated on the computer that was accessed.\r\n\r\nThe subject fields indicate the account on the local system which requested the logon. This is most commonly a service such as the Server service, or a local process such as Winlogon.exe or Services.exe.\r\n\r\nThe logon type field indicates the kind of logon that occurred. The most common types are 2 (interactive) and 3 (network).\r\n\r\nThe New Logon fields indicate the account for whom the new logon was created, i.e. the account that was logged on.\r\n\r\nThe network fields indicate where a remote logon request originated. Workstation name is not always available and may be left blank in some cases.\r\n\r\nThe impersonation level field indicates the extent to which a process in the logon session can impersonate.\r\n\r\nThe authentication information fields provide detailed information about this specific logon request.\r\n\t- Logon GUID is a unique identifier that can be used to correlate this event with a KDC event.\r\n\t- Transited services indicate which intermediate services have participated in this logon request.\r\n\t- Package name indicates which sub-protocol was used among the NTLM protocols.\r\n\t- Key length indicates the length of the generated session key. This will be 0 if no session key was requested.","Category":"Logon","Opcode":"Info","SubjectUserSid":"S-1-5-18","SubjectUserName":"WRK-SHASEK$","SubjectDomainName":"STACKEDPADS","SubjectLogonId":"0x3e7","TargetUserSid":"S-1-5-18","TargetUserName":"SYSTEM","TargetDomainName":"NT AUTHORITY","TargetLogonId":"0x3e7","LogonType":"5","LogonProcessName":"Advapi  ","AuthenticationPackageName":"Negotiate","WorkstationName":"-","LogonGuid":"{00000000-0000-0000-0000-000000000000}","TransmittedServices":"-","LmPackageName":"-","KeyLength":"0","ProcessName":"C:\\Windows\\System32\\services.exe","IpAddress":"-","IpPort":"-","ImpersonationLevel":"%%1833","RestrictedAdminMode":"-","TargetOutboundUserName":"-","TargetOutboundDomainName":"-","VirtualAccount":"%%1843","TargetLinkedLogonId":"0x0","ElevatedToken":"%%1842","EventReceivedTime":1657287604,"SourceModuleName":"in_default_channels","SourceModuleType":"im_msvistalog"}
<14>Jul  8 13:40:04 wrk-shasek.stackedpads.local Microsoft-Windows-Security-Auditing[660]: {"EventTime":1657287603,"Hostname":"wrk-shasek.stackedpads.local","Keywords":-9214364837600034816,"EventType":"AUDIT_SUCCESS","SeverityValue":2,"Severity":"INFO","EventID":4634,"SourceName":"Microsoft-Windows-Security-Auditing","ProviderGuid":"{54849625-5478-4994-A5BA-3E3B0328C30D}","Version":0,"Task":12545,"OpcodeValue":0,"RecordNumber":2712503,"ProcessID":660,"ThreadID":2004,"Channel":"Security","Message":"An account was logged off.\r\n\r\nSubject:\r\n\tSecurity ID:\t\tS-1-5-21-2264196694-1469429678-912427992-1107\r\n\tAccount Name:\t\ttim.smith\r\n\tAccount Domain:\t\tSTACKEDPADS\r\n\tLogon ID:\t\t0xDE45D\r\n\r\nLogon Type:\t\t\t3\r\n\r\nThis event is generated when a logon session is destroyed. It may be positively correlated with a logon event using the Logon ID value. Logon IDs are only unique between reboots on the same computer.","Category":"Logoff","Opcode":"Info","TargetUserSid":"S-1-5-21-2264196694-1469429678-912427992-1107","TargetUserName":"tim.smith","TargetDomainName":"STACKEDPADS","TargetLogonId":"0xde45d","LogonType":"3","EventReceivedTime":1657287604,"SourceModuleName":"in_default_channels","SourceModuleType":"im_msvistalog"}
<14>Jul  8 13:40:04 wrk-shasek.stackedpads.local Microsoft-Windows-Security-Auditing[4]: {"EventTime":1657287603,"Hostname":"wrk-shasek.stackedpads.local","Keywords":-9214364837600034816,"EventType":"AUDIT_SUCCESS","SeverityValue":2,"Severity":"INFO","EventID":4703,"SourceName":"Microsoft-Windows-Security-Auditing","ProviderGuid":"{54849625-5478-4994-A5BA-3E3B0328C30D}","Version":0,"Task":13317,"OpcodeValue":0,"RecordNumber":2712500,"ProcessID":4,"ThreadID":6392,"Channel":"Security","Message":"A token right was adjusted.\r\n\r\nSubject:\r\n\tSecurity ID:\t\tS-1-5-18\r\n\tAccount Name:\t\tWRK-SHASEK$\r\n\tAccount Domain:\t\tSTACKEDPADS\r\n\tLogon ID:\t\t0x3E7\r\n\r\nTarget Account:\r\n\tSecurity ID:\t\tS-1-0-0\r\n\tAccount Name:\t\tWRK-SHASEK$\r\n\tAccount Domain:\t\tSTACKEDPADS\r\n\tLogon ID:\t\t0x3E7\r\n\r\nProcess Information:\r\n\tProcess ID:\t\t0x18c\r\n\tProcess Name:\t\tC:\\Windows\\System32\\svchost.exe\r\n\r\nEnabled Privileges:\r\n\t\t\tSeAssignPrimaryTokenPrivilege\r\n\t\t\tSeIncreaseQuotaPrivilege\r\n\t\t\tSeSecurityPrivilege\r\n\t\t\tSeTakeOwnershipPrivilege\r\n\t\t\tSeLoadDriverPrivilege\r\n\t\t\tSeSystemtimePrivilege\r\n\t\t\tSeBackupPrivilege\r\n\t\t\tSeRestorePrivilege\r\n\t\t\tSeShutdownPrivilege\r\n\t\t\tSeSystemEnvironmentPrivilege\r\n\t\t\tSeUndockPrivilege\r\n\t\t\tSeManageVolumePrivilege\r\n\r\nDisabled Privileges:\r\n\t\t\t-","Category":"Token Right Adjusted Events","Opcode":"Info","SubjectUserSid":"S-1-5-18","SubjectUserName":"WRK-SHASEK$","SubjectDomainName":"STACKEDPADS","SubjectLogonId":"0x3e7","TargetUserSid":"S-1-0-0","TargetUserName":"WRK-SHASEK$","TargetDomainName":"STACKEDPADS","TargetLogonId":"0x3e7","ProcessName":"C:\\Windows\\System32\\svchost.exe","EnabledPrivilegeList":"SeAssignPrimaryTokenPrivilege\r\n\t\t\tSeIncreaseQuotaPrivilege\r\n\t\t\tSeSecurityPrivilege\r\n\t\t\tSeTakeOwnershipPrivilege\r\n\t\t\tSeLoadDriverPrivilege\r\n\t\t\tSeSystemtimePrivilege\r\n\t\t\tSeBackupPrivilege\r\n\t\t\tSeRestorePrivilege\r\n\t\t\tSeShutdownPrivilege\r\n\t\t\tSeSystemEnvironmentPrivilege\r\n\t\t\tSeUndockPrivilege\r\n\t\t\tSeManageVolumePrivilege","DisabledPrivilegeList":"-","EventReceivedTime":1657287604,"SourceModuleName":"in_default_channels","SourceModuleType":"im_msvistalog"}
<14>Jul  8 13:40:04 wrk-shasek.stackedpads.local Microsoft-Windows-Security-Auditing[660]: {"EventTime":1657287603,"Hostname":"wrk-shasek.stackedpads.local","Keywords":-9214364837600034816,"EventType":"AUDIT_SUCCESS","SeverityValue":2,"Severity":"INFO","EventID":4672,"SourceName":"Microsoft-Windows-Security-Auditing","ProviderGuid":"{54849625-5478-4994-A5BA-3E3B0328C30D}","Version":0,"Task":12548,"OpcodeValue":0,"RecordNumber":2712507,"ActivityID":"{66883D06-FD3B-0000-9C49-28DDCE92D801}","ProcessID":660,"ThreadID":3408,"Channel":"Security","Message":"Special privileges assigned to new logon.\r\n\r\nSubject:\r\n\tSecurity ID:\t\tS-1-5-18\r\n\tAccount Name:\t\tSYSTEM\r\n\tAccount Domain:\t\tNT AUTHORITY\r\n\tLogon ID:\t\t0x3E7\r\n\r\nPrivileges:\t\tSeAssignPrimaryTokenPrivilege\r\n\t\t\tSeTcbPrivilege\r\n\t\t\tSeSecurityPrivilege\r\n\t\t\tSeTakeOwnershipPrivilege\r\n\t\t\tSeLoadDriverPrivilege\r\n\t\t\tSeBackupPrivilege\r\n\t\t\tSeRestorePrivilege\r\n\t\t\tSeDebugPrivilege\r\n\t\t\tSeAuditPrivilege\r\n\t\t\tSeSystemEnvironmentPrivilege\r\n\t\t\tSeImpersonatePrivilege\r\n\t\t\tSeDelegateSessionUserImpersonatePrivilege","Category":"Special Logon","Opcode":"Info","SubjectUserSid":"S-1-5-18","SubjectUserName":"SYSTEM","SubjectDomainName":"NT AUTHORITY","SubjectLogonId":"0x3e7","PrivilegeList":"SeAssignPrimaryTokenPrivilege\r\n\t\t\tSeTcbPrivilege\r\n\t\t\tSeSecurityPrivilege\r\n\t\t\tSeTakeOwnershipPrivilege\r\n\t\t\tSeLoadDriverPrivilege\r\n\t\t\tSeBackupPrivilege\r\n\t\t\tSeRestorePrivilege\r\n\t\t\tSeDebugPrivilege\r\n\t\t\tSeAuditPrivilege\r\n\t\t\tSeSystemEnvironmentPrivilege\r\n\t\t\tSeImpersonatePrivilege\r\n\t\t\tSeDelegateSessionUserImpersonatePrivilege","EventReceivedTime":1657287604,"SourceModuleName":"in_default_channels","SourceModuleType":"im_msvistalog"}
<14>Jul  8 13:40:04 wrk-shasek.stackedpads.local Microsoft-Windows-Security-Auditing[4]: {"EventTime":1657287603,"Hostname":"wrk-shasek.stackedpads.local","Keywords":-9214364837600034816,"EventType":"AUDIT_SUCCESS","SeverityValue":2,"Severity":"INFO","EventID":4703,"SourceName":"Microsoft-Windows-Security-Auditing","ProviderGuid":"{54849625-5478-4994-A5BA-3E3B0328C30D}","Version":0,"Task":13317,"OpcodeValue":0,"RecordNumber":2712501,"ProcessID":4,"ThreadID":6392,"Channel":"Security","Message":"A token right was adjusted.\r\n\r\nSubject:\r\n\tSecurity ID:\t\tS-1-5-18\r\n\tAccount Name:\t\tWRK-SHASEK$\r\n\tAccount Domain:\t\tSTACKEDPADS\r\n\tLogon ID:\t\t0x3E7\r\n\r\nTarget Account:\r\n\tSecurity ID:\t\tS-1-0-0\r\n\tAccount Name:\t\tWRK-SHASEK$\r\n\tAccount Domain:\t\tSTACKEDPADS\r\n\tLogon ID:\t\t0x3E7\r\n\r\nProcess Information:\r\n\tProcess ID:\t\t0x18c\r\n\tProcess Name:\t\tC:\\Windows\\System32\\svchost.exe\r\n\r\nEnabled Privileges:\r\n\t\t\tSeAssignPrimaryTokenPrivilege\r\n\t\t\tSeIncreaseQuotaPrivilege\r\n\t\t\tSeSecurityPrivilege\r\n\t\t\tSeTakeOwnershipPrivilege\r\n\t\t\tSeLoadDriverPrivilege\r\n\t\t\tSeSystemtimePrivilege\r\n\t\t\tSeBackupPrivilege\r\n\t\t\tSeRestorePrivilege\r\n\t\t\tSeShutdownPrivilege\r\n\t\t\tSeSystemEnvironmentPrivilege\r\n\t\t\tSeUndockPrivilege\r\n\t\t\tSeManageVolumePrivilege\r\n\r\nDisabled Privileges:\r\n\t\t\t-","Category":"Token Right Adjusted Events","Opcode":"Info","SubjectUserSid":"S-1-5-18","SubjectUserName":"WRK-SHASEK$","SubjectDomainName":"STACKEDPADS","SubjectLogonId":"0x3e7","TargetUserSid":"S-1-0-0","TargetUserName":"WRK-SHASEK$","TargetDomainName":"STACKEDPADS","TargetLogonId":"0x3e7","ProcessName":"C:\\Windows\\System32\\svchost.exe","EnabledPrivilegeList":"SeAssignPrimaryTokenPrivilege\r\n\t\t\tSeIncreaseQuotaPrivilege\r\n\t\t\tSeSecurityPrivilege\r\n\t\t\tSeTakeOwnershipPrivilege\r\n\t\t\tSeLoadDriverPrivilege\r\n\t\t\tSeSystemtimePrivilege\r\n\t\t\tSeBackupPrivilege\r\n\t\t\tSeRestorePrivilege\r\n\t\t\tSeShutdownPrivilege\r\n\t\t\tSeSystemEnvironmentPrivilege\r\n\t\t\tSeUndockPrivilege\r\n\t\t\tSeManageVolumePrivilege","DisabledPrivilegeList":"-","EventReceivedTime":1657287604,"SourceModuleName":"in_default_channels","SourceModuleType":"im_msvistalog"}
<14>Jul  8 13:40:04 wrk-shasek.stackedpads.local Microsoft-Windows-Security-Auditing[660]: {"EventTime":1657287603,"Hostname":"wrk-shasek.stackedpads.local","Keywords":-9214364837600034816,"EventType":"AUDIT_SUCCESS","SeverityValue":2,"Severity":"INFO","EventID":4627,"SourceName":"Microsoft-Windows-Security-Auditing","ProviderGuid":"{54849625-5478-4994-A5BA-3E3B0328C30D}","Version":0,"Task":12554,"OpcodeValue":0,"RecordNumber":2712506,"ActivityID":"{66883D06-FD3B-0000-9C49-28DDCE92D801}","ProcessID":660,"ThreadID":3408,"Channel":"Security","Message":"Group membership information.\r\n\r\nSubject:\r\n\tSecurity ID:\t\tS-1-5-18\r\n\tAccount Name:\t\tWRK-SHASEK$\r\n\tAccount Domain:\t\tSTACKEDPADS\r\n\tLogon ID:\t\t0x3E7\r\n\r\nLogon Type:\t\t\t5\r\n\r\nNew Logon:\r\n\tSecurity ID:\t\tS-1-5-18\r\n\tAccount Name:\t\tSYSTEM\r\n\tAccount Domain:\t\tNT AUTHORITY\r\n\tLogon ID:\t\t0x3E7\r\n\r\nEvent in sequence:\t\t1 of 1\r\n\r\nGroup Membership:\t\t\t\r\n\t\t%{S-1-5-32-544}\r\n\t\t%{S-1-1-0}\r\n\t\t%{S-1-5-11}\r\n\t\t%{S-1-16-16384}\r\n\r\nThe subject fields indicate the account on the local system which requested the logon. This is most commonly a service such as the Server service, or a local process such as Winlogon.exe or Services.exe.\r\n\r\nThe logon type field indicates the kind of logon that occurred. The most common types are 2 (interactive) and 3 (network).\r\n\r\nThe New Logon fields indicate the account for whom the new logon was created, i.e. the account that was logged on.\r\n\r\nThis event is generated when the Audit Group Membership subcategory is configured.  The Logon ID field can be used to correlate this event with the corresponding user logon event as well as to any other security audit events generated during this logon session.","Category":"Group Membership","Opcode":"Info","SubjectUserSid":"S-1-5-18","SubjectUserName":"WRK-SHASEK$","SubjectDomainName":"STACKEDPADS","SubjectLogonId":"0x3e7","TargetUserSid":"S-1-5-18","TargetUserName":"SYSTEM","TargetDomainName":"NT AUTHORITY","TargetLogonId":"0x3e7","LogonType":"5","EventIdx":"1","EventCountTotal":"1","GroupMembership":"\r\n\t\t%{S-1-5-32-544}\r\n\t\t%{S-1-1-0}\r\n\t\t%{S-1-5-11}\r\n\t\t%{S-1-16-16384}","EventReceivedTime":1657287604,"SourceModuleName":"in_default_channels","SourceModuleType":"im_msvistalog"}
<14>Jul  8 13:40:05 wrk-shasek.stackedpads.local Microsoft-Windows-Security-Auditing[4]: {"EventTime":1657287604,"Hostname":"wrk-shasek.stackedpads.local","Keywords":-9214364837600034816,"EventType":"AUDIT_SUCCESS","SeverityValue":2,"Severity":"INFO","EventID":4689,"SourceName":"Microsoft-Windows-Security-Auditing","ProviderGuid":"{54849625-5478-4994-A5BA-3E3B0328C30D}","Version":0,"Task":13313,"OpcodeValue":0,"RecordNumber":2712511,"ProcessID":4,"ThreadID":4144,"Channel":"Security","Message":"A process has exited.\r\n\r\nSubject:\r\n\tSecurity ID:\t\tS-1-5-18\r\n\tAccount Name:\t\tWRK-SHASEK$\r\n\tAccount Domain:\t\tSTACKEDPADS\r\n\tLogon ID:\t\t0x3E7\r\n\r\nProcess Information:\r\n\tProcess ID:\t0x858\r\n\tProcess Name:\tC:\\Windows\\System32\\csrss.exe\r\n\tExit Status:\t0x0","Category":"Process Termination","Opcode":"Info","SubjectUserSid":"S-1-5-18","SubjectUserName":"WRK-SHASEK$","SubjectDomainName":"STACKEDPADS","SubjectLogonId":"0x3e7","Status":"0x0","ProcessName":"C:\\Windows\\System32\\csrss.exe","EventReceivedTime":1657287605,"SourceModuleName":"in_default_channels","SourceModuleType":"im_msvistalog"}
<14>Jul  8 13:40:05 wrk-shasek.stackedpads.local Microsoft-Windows-Security-Auditing[660]: {"EventTime":1657287604,"Hostname":"wrk-shasek.stackedpads.local","Keywords":-9214364837600034816,"EventType":"AUDIT_SUCCESS","SeverityValue":2,"Severity":"INFO","EventID":4634,"SourceName":"Microsoft-Windows-Security-Auditing","ProviderGuid":"{54849625-5478-4994-A5BA-3E3B0328C30D}","Version":0,"Task":12545,"OpcodeValue":0,"RecordNumber":2712512,"ProcessID":660,"ThreadID":2004,"Channel":"Security","Message":"An account was logged off.\r\n\r\nSubject:\r\n\tSecurity ID:\t\tS-1-5-90-0-2\r\n\tAccount Name:\t\tDWM-2\r\n\tAccount Domain:\t\tWindow Manager\r\n\tLogon ID:\t\t0xE1B61\r\n\r\nLogon Type:\t\t\t2\r\n\r\nThis event is generated when a logon session is destroyed. It may be positively correlated with a logon event using the Logon ID value. Logon IDs are only unique between reboots on the same computer.","Category":"Logoff","Opcode":"Info","TargetUserSid":"S-1-5-90-0-2","TargetUserName":"DWM-2","TargetDomainName":"Window Manager","TargetLogonId":"0xe1b61","LogonType":"2","EventReceivedTime":1657287605,"SourceModuleName":"in_default_channels","SourceModuleType":"im_msvistalog"}
<14>Jul  8 13:40:05 wrk-shasek.stackedpads.local Microsoft-Windows-Security-Auditing[660]: {"EventTime":1657287604,"Hostname":"wrk-shasek.stackedpads.local","Keywords":-9214364837600034816,"EventType":"AUDIT_SUCCESS","SeverityValue":2,"Severity":"INFO","EventID":4634,"SourceName":"Microsoft-Windows-Security-Auditing","ProviderGuid":"{54849625-5478-4994-A5BA-3E3B0328C30D}","Version":0,"Task":12545,"OpcodeValue":0,"RecordNumber":2712513,"ProcessID":660,"ThreadID":5468,"Channel":"Security","Message":"An account was logged off.\r\n\r\nSubject:\r\n\tSecurity ID:\t\tS-1-5-90-0-2\r\n\tAccount Name:\t\tDWM-2\r\n\tAccount Domain:\t\tWindow Manager\r\n\tLogon ID:\t\t0xE1360\r\n\r\nLogon Type:\t\t\t2\r\n\r\nThis event is generated when a logon session is destroyed. It may be positively correlated with a logon event using the Logon ID value. Logon IDs are only unique between reboots on the same computer.","Category":"Logoff","Opcode":"Info","TargetUserSid":"S-1-5-90-0-2","TargetUserName":"DWM-2","TargetDomainName":"Window Manager","TargetLogonId":"0xe1360","LogonType":"2","EventReceivedTime":1657287605,"SourceModuleName":"in_default_channels","SourceModuleType":"im_msvistalog"}
<11>Jul  8 13:40:03 wrk-shasek.stackedpads.local Microsoft-Windows-TaskScheduler[396]: {"EventTime":1657287602,"Hostname":"wrk-shasek.stackedpads.local","Keywords":-9223372036854775808,"EventType":"ERROR","SeverityValue":4,"Severity":"ERROR","EventID":202,"SourceName":"Microsoft-Windows-TaskScheduler","ProviderGuid":"{DE7B24EA-73C8-4A09-985D-5BDADCFA9017}","Version":1,"Task":202,"OpcodeValue":102,"RecordNumber":5490,"ActivityID":"{8972F8AE-7A2B-4D8A-B3B3-09D7CD16CDDD}","ProcessID":396,"ThreadID":5592,"Channel":"Microsoft-Windows-TaskScheduler/Operational","Domain":"NT AUTHORITY","AccountName":"SYSTEM","UserID":"S-1-5-18","AccountType":"User","Message":"Task Scheduler failed to complete task \"\\Microsoft\\Windows\\Multimedia\\SystemSoundsService\" , instance \"{8972f8ae-7a2b-4d8a-b3b3-09d7cd16cddd}\" , action \"Microsoft PlaySoundService Class\" . Additional Data: Error Value: 2147942404.","Category":"Action failed","Opcode":"Run Failure","TaskName":"\\Microsoft\\Windows\\Multimedia\\SystemSoundsService","TaskInstanceId":"{8972f8ae-7a2b-4d8a-b3b3-09d7cd16cddd}","ActionName":"Microsoft PlaySoundService Class","ResultCode":"2147942404","EnginePID":"4372","EventReceivedTime":1657287603,"SourceModuleName":"in_default_channels","SourceModuleType":"im_msvistalog"}
<11>Jul  8 13:40:03 wrk-shasek.stackedpads.local Microsoft-Windows-TaskScheduler[396]: {"EventTime":1657287602,"Hostname":"wrk-shasek.stackedpads.local","Keywords":-9223372036854775807,"EventType":"ERROR","SeverityValue":4,"Severity":"ERROR","EventID":103,"SourceName":"Microsoft-Windows-TaskScheduler","ProviderGuid":"{DE7B24EA-73C8-4A09-985D-5BDADCFA9017}","Version":0,"Task":103,"OpcodeValue":102,"RecordNumber":5491,"ActivityID":"{8972F8AE-7A2B-4D8A-B3B3-09D7CD16CDDD}","ProcessID":396,"ThreadID":5592,"Channel":"Microsoft-Windows-TaskScheduler/Operational","Domain":"NT AUTHORITY","AccountName":"SYSTEM","UserID":"S-1-5-18","AccountType":"User","Message":"Task Scheduler failed to start instance \"{8972f8ae-7a2b-4d8a-b3b3-09d7cd16cddd}\" of \"\\Microsoft\\Windows\\Multimedia\\SystemSoundsService\"  task for user \"\" . Additional Data: Error Value: 2147942404.","Category":"Action start failed","Opcode":"Run Failure","TaskName":"\\Microsoft\\Windows\\Multimedia\\SystemSoundsService","InstanceId":"{8972f8ae-7a2b-4d8a-b3b3-09d7cd16cddd}","ResultCode":"2147942404","EventReceivedTime":1657287603,"SourceModuleName":"in_default_channels","SourceModuleType":"im_msvistalog"}
<11>Jul  8 13:40:03 wrk-shasek.stackedpads.local Microsoft-Windows-TaskScheduler[396]: {"EventTime":1657287602,"Hostname":"wrk-shasek.stackedpads.local","Keywords":-9223372036854775808,"EventType":"ERROR","SeverityValue":4,"Severity":"ERROR","EventID":202,"SourceName":"Microsoft-Windows-TaskScheduler","ProviderGuid":"{DE7B24EA-73C8-4A09-985D-5BDADCFA9017}","Version":1,"Task":202,"OpcodeValue":102,"RecordNumber":5488,"ActivityID":"{9B98DFDD-B55C-40DD-88C6-B2906486D5E9}","ProcessID":396,"ThreadID":5592,"Channel":"Microsoft-Windows-TaskScheduler/Operational","Domain":"NT AUTHORITY","AccountName":"SYSTEM","UserID":"S-1-5-18","AccountType":"User","Message":"Task Scheduler failed to complete task \"\\Microsoft\\Windows\\Wininet\\CacheTask\" , instance \"{9b98dfdd-b55c-40dd-88c6-b2906486d5e9}\" , action \"Wininet Cache task object\" . Additional Data: Error Value: 2147942404.","Category":"Action failed","Opcode":"Run Failure","TaskName":"\\Microsoft\\Windows\\Wininet\\CacheTask","TaskInstanceId":"{9b98dfdd-b55c-40dd-88c6-b2906486d5e9}","ActionName":"Wininet Cache task object","ResultCode":"2147942404","EnginePID":"4372","EventReceivedTime":1657287603,"SourceModuleName":"in_default_channels","SourceModuleType":"im_msvistalog"}
<11>Jul  8 13:40:03 wrk-shasek.stackedpads.local Microsoft-Windows-TaskScheduler[396]: {"EventTime":1657287602,"Hostname":"wrk-shasek.stackedpads.local","Keywords":-9223372036854775807,"EventType":"ERROR","SeverityValue":4,"Severity":"ERROR","EventID":103,"SourceName":"Microsoft-Windows-TaskScheduler","ProviderGuid":"{DE7B24EA-73C8-4A09-985D-5BDADCFA9017}","Version":0,"Task":103,"OpcodeValue":102,"RecordNumber":5489,"ActivityID":"{9B98DFDD-B55C-40DD-88C6-B2906486D5E9}","ProcessID":396,"ThreadID":5592,"Channel":"Microsoft-Windows-TaskScheduler/Operational","Domain":"NT AUTHORITY","AccountName":"SYSTEM","UserID":"S-1-5-18","AccountType":"User","Message":"Task Scheduler failed to start instance \"{9b98dfdd-b55c-40dd-88c6-b2906486d5e9}\" of \"\\Microsoft\\Windows\\Wininet\\CacheTask\"  task for user \"\" . Additional Data: Error Value: 2147942404.","Category":"Action start failed","Opcode":"Run Failure","TaskName":"\\Microsoft\\Windows\\Wininet\\CacheTask","InstanceId":"{9b98dfdd-b55c-40dd-88c6-b2906486d5e9}","ResultCode":"2147942404","EventReceivedTime":1657287603,"SourceModuleName":"in_default_channels","SourceModuleType":"im_msvistalog"}
<11>Jul  8 13:40:07 activedir.stackedpads.local Microsoft-Windows-Security-Auditing[4]: {"EventTime":1657287605,"Hostname":"activedir.stackedpads.local","Keywords":-9218868437227405312,"EventType":"AUDIT_FAILURE","SeverityValue":4,"Severity":"ERROR","EventID":4673,"SourceName":"Microsoft-Windows-Security-Auditing","ProviderGuid":"{54849625-5478-4994-A5BA-3E3B0328C30D}","Version":0,"Task":13056,"OpcodeValue":0,"RecordNumber":510245,"ProcessID":4,"ThreadID":348,"Channel":"Security","Message":"A privileged service was called.\r\n\r\nSubject:\r\n\tSecurity ID:\t\tS-1-5-21-2264196694-1469429678-912427992-1104\r\n\tAccount Name:\t\tfrank.kolzig\r\n\tAccount Domain:\t\tSTACKEDPADS\r\n\tLogon ID:\t\t0x9E5F6\r\n\r\nService:\r\n\tServer:\tSecurity\r\n\tService Name:\t-\r\n\r\nProcess:\r\n\tProcess ID:\t0x15dc\r\n\tProcess Name:\tC:\\Windows\\explorer.exe\r\n\r\nService Request Information:\r\n\tPrivileges:\t\tSeTcbPrivilege","Category":"Sensitive Privilege Use","Opcode":"Info","SubjectUserSid":"S-1-5-21-2264196694-1469429678-912427992-1104","SubjectUserName":"frank.kolzig","SubjectDomainName":"STACKEDPADS","SubjectLogonId":"0x9e5f6","ObjectServer":"Security","Service":"-","PrivilegeList":"SeTcbPrivilege","ProcessName":"C:\\Windows\\explorer.exe","EventReceivedTime":1657287607,"SourceModuleName":"in_default_channels","SourceModuleType":"im_msvistalog"}
<14>Jul  8 13:40:09 activedir.stackedpads.local Microsoft-Windows-Security-Auditing[4]: {"EventTime":1657287608,"Hostname":"activedir.stackedpads.local","Keywords":-9214364837600034816,"EventType":"AUDIT_SUCCESS","SeverityValue":2,"Severity":"INFO","EventID":4688,"SourceName":"Microsoft-Windows-Security-Auditing","ProviderGuid":"{54849625-5478-4994-A5BA-3E3B0328C30D}","Version":2,"Task":13312,"OpcodeValue":0,"RecordNumber":510246,"ProcessID":4,"ThreadID":104,"Channel":"Security","Message":"A new process has been created.\r\n\r\nCreator Subject:\r\n\tSecurity ID:\t\tS-1-5-18\r\n\tAccount Name:\t\tACTIVEDIR$\r\n\tAccount Domain:\t\tSTACKEDPADS\r\n\tLogon ID:\t\t0x3E7\r\n\r\nTarget Subject:\r\n\tSecurity ID:\t\tS-1-0-0\r\n\tAccount Name:\t\t-\r\n\tAccount Domain:\t\t-\r\n\tLogon ID:\t\t0x0\r\n\r\nProcess Information:\r\n\tNew Process ID:\t\t0x994\r\n\tNew Process Name:\tC:\\Windows\\System32\\LogonUI.exe\r\n\tToken Elevation Type:\t%%1936\r\n\tMandatory Label:\t\tS-1-16-16384\r\n\tCreator Process ID:\t0x558\r\n\tCreator Process Name:\tC:\\Windows\\System32\\winlogon.exe\r\n\tProcess Command Line:\t\"LogonUI.exe\" /flags:0x4 /state0:0xa39b1855 /state1:0x41c64e6d\r\n\r\nToken Elevation Type indicates the type of token that was assigned to the new process in accordance with User Account Control policy.\r\n\r\nType 1 is a full token with no privileges removed or groups disabled.  A full token is only used if User Account Control is disabled or if the user is the built-in Administrator account or a service account.\r\n\r\nType 2 is an elevated token with no privileges removed or groups disabled.  An elevated token is used when User Account Control is enabled and the user chooses to start the program using Run as administrator.  An elevated token is also used when an application is configured to always require administrative privilege or to always require maximum privilege, and the user is a member of the Administrators group.\r\n\r\nType 3 is a limited token with administrative privileges removed and administrative groups disabled.  The limited token is used when User Account Control is enabled, the application does not require administrative privilege, and the user does not choose to start the program using Run as administrator.","Category":"Process Creation","Opcode":"Info","SubjectUserSid":"S-1-5-18","SubjectUserName":"ACTIVEDIR$","SubjectDomainName":"STACKEDPADS","SubjectLogonId":"0x3e7","NewProcessId":"0x994","NewProcessName":"C:\\Windows\\System32\\LogonUI.exe","TokenElevationType":"%%1936","CommandLine":"\"LogonUI.exe\" /flags:0x4 /state0:0xa39b1855 /state1:0x41c64e6d","TargetUserSid":"S-1-0-0","TargetUserName":"-","TargetDomainName":"-","TargetLogonId":"0x0","ParentProcessName":"C:\\Windows\\System32\\winlogon.exe","MandatoryLabel":"S-1-16-16384","EventReceivedTime":1657287609,"SourceModuleName":"in_default_channels","SourceModuleType":"im_msvistalog"}
<14>Jul  8 13:40:10 activedir.stackedpads.local Microsoft-Windows-Security-Auditing[4]: {"EventTime":1657287609,"Hostname":"activedir.stackedpads.local","Keywords":-9214364837600034816,"EventType":"AUDIT_SUCCESS","SeverityValue":2,"Severity":"INFO","EventID":4688,"SourceName":"Microsoft-Windows-Security-Auditing","ProviderGuid":"{54849625-5478-4994-A5BA-3E3B0328C30D}","Version":2,"Task":13312,"OpcodeValue":0,"RecordNumber":510259,"ProcessID":4,"ThreadID":248,"Channel":"Security","Message":"A new process has been created.\r\n\r\nCreator Subject:\r\n\tSecurity ID:\t\tS-1-5-18\r\n\tAccount Name:\t\tACTIVEDIR$\r\n\tAccount Domain:\t\tSTACKEDPADS\r\n\tLogon ID:\t\t0x3E7\r\n\r\nTarget Subject:\r\n\tSecurity ID:\t\tS-1-0-0\r\n\tAccount Name:\t\t-\r\n\tAccount Domain:\t\t-\r\n\tLogon ID:\t\t0x0\r\n\r\nProcess Information:\r\n\tNew Process ID:\t\t0x1540\r\n\tNew Process Name:\tC:\\Windows\\System32\\svchost.exe\r\n\tToken Elevation Type:\t%%1936\r\n\tMandatory Label:\t\tS-1-16-16384\r\n\tCreator Process ID:\t0x27c\r\n\tCreator Process Name:\tC:\\Windows\\System32\\services.exe\r\n\tProcess Command Line:\tC:\\Windows\\system32\\svchost.exe -k wsappx -p -s AppXSvc\r\n\r\nToken Elevation Type indicates the type of token that was assigned to the new process in accordance with User Account Control policy.\r\n\r\nType 1 is a full token with no privileges removed or groups disabled.  A full token is only used if User Account Control is disabled or if the user is the built-in Administrator account or a service account.\r\n\r\nType 2 is an elevated token with no privileges removed or groups disabled.  An elevated token is used when User Account Control is enabled and the user chooses to start the program using Run as administrator.  An elevated token is also used when an application is configured to always require administrative privilege or to always require maximum privilege, and the user is a member of the Administrators group.\r\n\r\nType 3 is a limited token with administrative privileges removed and administrative groups disabled.  The limited token is used when User Account Control is enabled, the application does not require administrative privilege, and the user does not choose to start the program using Run as administrator.","Category":"Process Creation","Opcode":"Info","SubjectUserSid":"S-1-5-18","SubjectUserName":"ACTIVEDIR$","SubjectDomainName":"STACKEDPADS","SubjectLogonId":"0x3e7","NewProcessId":"0x1540","NewProcessName":"C:\\Windows\\System32\\svchost.exe","TokenElevationType":"%%1936","CommandLine":"C:\\Windows\\system32\\svchost.exe -k wsappx -p -s AppXSvc","TargetUserSid":"S-1-0-0","TargetUserName":"-","TargetDomainName":"-","TargetLogonId":"0x0","ParentProcessName":"C:\\Windows\\System32\\services.exe","MandatoryLabel":"S-1-16-16384","EventReceivedTime":1657287610,"SourceModuleName":"in_default_channels","SourceModuleType":"im_msvistalog"}
<14>Jul  8 13:40:11 activedir.stackedpads.local Service_Control_Manager[636]: {"EventTime":1657287609,"Hostname":"activedir.stackedpads.local","Keywords":-9187343239835811840,"EventType":"INFO","SeverityValue":2,"Severity":"INFO","EventID":7036,"SourceName":"Service Control Manager","ProviderGuid":"{555908D1-A6D7-4695-8E1E-26931D2012F4}","Version":0,"Task":0,"OpcodeValue":0,"RecordNumber":9979,"ProcessID":636,"ThreadID":5084,"Channel":"System","Message":"The Connected Devices Platform User Service_a8a80 service entered the stopped state.","param1":"Connected Devices Platform User Service_a8a80","param2":"stopped","EventReceivedTime":1657287611,"SourceModuleName":"in_default_channels","SourceModuleType":"im_msvistalog"}
<14>Jul  8 13:40:11 activedir.stackedpads.local Service_Control_Manager[636]: {"EventTime":1657287609,"Hostname":"activedir.stackedpads.local","Keywords":-9187343239835811840,"EventType":"INFO","SeverityValue":2,"Severity":"INFO","EventID":7036,"SourceName":"Service Control Manager","ProviderGuid":"{555908D1-A6D7-4695-8E1E-26931D2012F4}","Version":0,"Task":0,"OpcodeValue":0,"RecordNumber":9978,"ProcessID":636,"ThreadID":6992,"Channel":"System","Message":"The AppX Deployment Service (AppXSVC) service entered the running state.","param1":"AppX Deployment Service (AppXSVC)","param2":"running","EventReceivedTime":1657287611,"SourceModuleName":"in_default_channels","SourceModuleType":"im_msvistalog"}
<14>Jul  8 13:40:11 activedir.stackedpads.local Service_Control_Manager[636]: {"EventTime":1657287609,"Hostname":"activedir.stackedpads.local","Keywords":-9187343239835811840,"EventType":"INFO","SeverityValue":2,"Severity":"INFO","EventID":7036,"SourceName":"Service Control Manager","ProviderGuid":"{555908D1-A6D7-4695-8E1E-26931D2012F4}","Version":0,"Task":0,"OpcodeValue":0,"RecordNumber":9980,"ProcessID":636,"ThreadID":5508,"Channel":"System","Message":"The Windows Push Notifications User Service_a8a80 service entered the stopped state.","param1":"Windows Push Notifications User Service_a8a80","param2":"stopped","EventReceivedTime":1657287611,"SourceModuleName":"in_default_channels","SourceModuleType":"im_msvistalog"}
<11>Jul  8 13:40:09 activedir.stackedpads.local Microsoft-Windows-Security-Auditing[4]: {"EventTime":1657287609,"Hostname":"activedir.stackedpads.local","Keywords":-9218868437227405312,"EventType":"AUDIT_FAILURE","SeverityValue":4,"Severity":"ERROR","EventID":4673,"SourceName":"Microsoft-Windows-Security-Auditing","ProviderGuid":"{54849625-5478-4994-A5BA-3E3B0328C30D}","Version":0,"Task":13056,"OpcodeValue":0,"RecordNumber":510249,"ProcessID":4,"ThreadID":248,"Channel":"Security","Message":"A privileged service was called.\r\n\r\nSubject:\r\n\tSecurity ID:\t\tS-1-5-21-2264196694-1469429678-912427992-1104\r\n\tAccount Name:\t\tfrank.kolzig\r\n\tAccount Domain:\t\tSTACKEDPADS\r\n\tLogon ID:\t\t0x9E486\r\n\r\nService:\r\n\tServer:\tSecurity\r\n\tService Name:\t-\r\n\r\nProcess:\r\n\tProcess ID:\t0x634\r\n\tProcess Name:\tC:\\Windows\\System32\\ServerManager.exe\r\n\r\nService Request Information:\r\n\tPrivileges:\t\tSeTcbPrivilege","Category":"Sensitive Privilege Use","Opcode":"Info","SubjectUserSid":"S-1-5-21-2264196694-1469429678-912427992-1104","SubjectUserName":"frank.kolzig","SubjectDomainName":"STACKEDPADS","SubjectLogonId":"0x9e486","ObjectServer":"Security","Service":"-","PrivilegeList":"SeTcbPrivilege","ProcessName":"C:\\Windows\\System32\\ServerManager.exe","EventReceivedTime":1657287609,"SourceModuleName":"in_default_channels","SourceModuleType":"im_msvistalog"}
<11>Jul  8 13:40:09 activedir.stackedpads.local Microsoft-Windows-Security-Auditing[4]: {"EventTime":1657287609,"Hostname":"activedir.stackedpads.local","Keywords":-9218868437227405312,"EventType":"AUDIT_FAILURE","SeverityValue":4,"Severity":"ERROR","EventID":4673,"SourceName":"Microsoft-Windows-Security-Auditing","ProviderGuid":"{54849625-5478-4994-A5BA-3E3B0328C30D}","Version":0,"Task":13056,"OpcodeValue":0,"RecordNumber":510247,"ProcessID":4,"ThreadID":104,"Channel":"Security","Message":"A privileged service was called.\r\n\r\nSubject:\r\n\tSecurity ID:\t\tS-1-5-21-2264196694-1469429678-912427992-1104\r\n\tAccount Name:\t\tfrank.kolzig\r\n\tAccount Domain:\t\tSTACKEDPADS\r\n\tLogon ID:\t\t0x9E486\r\n\r\nService:\r\n\tServer:\tSecurity\r\n\tService Name:\t-\r\n\r\nProcess:\r\n\tProcess ID:\t0x634\r\n\tProcess Name:\tC:\\Windows\\System32\\ServerManager.exe\r\n\r\nService Request Information:\r\n\tPrivileges:\t\tSeTcbPrivilege","Category":"Sensitive Privilege Use","Opcode":"Info","SubjectUserSid":"S-1-5-21-2264196694-1469429678-912427992-1104","SubjectUserName":"frank.kolzig","SubjectDomainName":"STACKEDPADS","SubjectLogonId":"0x9e486","ObjectServer":"Security","Service":"-","PrivilegeList":"SeTcbPrivilege","ProcessName":"C:\\Windows\\System32\\ServerManager.exe","EventReceivedTime":1657287609,"SourceModuleName":"in_default_channels","SourceModuleType":"im_msvistalog"}
<11>Jul  8 13:40:09 activedir.stackedpads.local Microsoft-Windows-Security-Auditing[4]: {"EventTime":1657287609,"Hostname":"activedir.stackedpads.local","Keywords":-9218868437227405312,"EventType":"AUDIT_FAILURE","SeverityValue":4,"Severity":"ERROR","EventID":4673,"SourceName":"Microsoft-Windows-Security-Auditing","ProviderGuid":"{54849625-5478-4994-A5BA-3E3B0328C30D}","Version":0,"Task":13056,"OpcodeValue":0,"RecordNumber":510248,"ProcessID":4,"ThreadID":104,"Channel":"Security","Message":"A privileged service was called.\r\n\r\nSubject:\r\n\tSecurity ID:\t\tS-1-5-21-2264196694-1469429678-912427992-1104\r\n\tAccount Name:\t\tfrank.kolzig\r\n\tAccount Domain:\t\tSTACKEDPADS\r\n\tLogon ID:\t\t0x9E486\r\n\r\nService:\r\n\tServer:\tSecurity\r\n\tService Name:\t-\r\n\r\nProcess:\r\n\tProcess ID:\t0x634\r\n\tProcess Name:\tC:\\Windows\\System32\\ServerManager.exe\r\n\r\nService Request Information:\r\n\tPrivileges:\t\tSeTcbPrivilege","Category":"Sensitive Privilege Use","Opcode":"Info","SubjectUserSid":"S-1-5-21-2264196694-1469429678-912427992-1104","SubjectUserName":"frank.kolzig","SubjectDomainName":"STACKEDPADS","SubjectLogonId":"0x9e486","ObjectServer":"Security","Service":"-","PrivilegeList":"SeTcbPrivilege","ProcessName":"C:\\Windows\\System32\\ServerManager.exe","EventReceivedTime":1657287609,"SourceModuleName":"in_default_channels","SourceModuleType":"im_msvistalog"}
<14>Jul  8 13:40:10 activedir.stackedpads.local Microsoft-Windows-Security-Auditing[4]: {"EventTime":1657287609,"Hostname":"activedir.stackedpads.local","Keywords":-9214364837600034816,"EventType":"AUDIT_SUCCESS","SeverityValue":2,"Severity":"INFO","EventID":4689,"SourceName":"Microsoft-Windows-Security-Auditing","ProviderGuid":"{54849625-5478-4994-A5BA-3E3B0328C30D}","Version":0,"Task":13313,"OpcodeValue":0,"RecordNumber":510265,"ProcessID":4,"ThreadID":288,"Channel":"Security","Message":"A process has exited.\r\n\r\nSubject:\r\n\tSecurity ID:\t\tS-1-5-21-2264196694-1469429678-912427992-1104\r\n\tAccount Name:\t\tfrank.kolzig\r\n\tAccount Domain:\t\tSTACKEDPADS\r\n\tLogon ID:\t\t0x9E5F6\r\n\r\nProcess Information:\r\n\tProcess ID:\t0x1790\r\n\tProcess Name:\tC:\\Windows\\System32\\RuntimeBroker.exe\r\n\tExit Status:\t0x40010004","Category":"Process Termination","Opcode":"Info","SubjectUserSid":"S-1-5-21-2264196694-1469429678-912427992-1104","SubjectUserName":"frank.kolzig","SubjectDomainName":"STACKEDPADS","SubjectLogonId":"0x9e5f6","Status":"0x40010004","ProcessName":"C:\\Windows\\System32\\RuntimeBroker.exe","EventReceivedTime":1657287610,"SourceModuleName":"in_default_channels","SourceModuleType":"im_msvistalog"}
<14>Jul  8 13:40:10 activedir.stackedpads.local Microsoft-Windows-Security-Auditing[4]: {"EventTime":1657287609,"Hostname":"activedir.stackedpads.local","Keywords":-9214364837600034816,"EventType":"AUDIT_SUCCESS","SeverityValue":2,"Severity":"INFO","EventID":4689,"SourceName":"Microsoft-Windows-Security-Auditing","ProviderGuid":"{54849625-5478-4994-A5BA-3E3B0328C30D}","Version":0,"Task":13313,"OpcodeValue":0,"RecordNumber":510268,"ProcessID":4,"ThreadID":288,"Channel":"Security","Message":"A process has exited.\r\n\r\nSubject:\r\n\tSecurity ID:\t\tS-1-5-21-2264196694-1469429678-912427992-1104\r\n\tAccount Name:\t\tfrank.kolzig\r\n\tAccount Domain:\t\tSTACKEDPADS\r\n\tLogon ID:\t\t0x9E5F6\r\n\r\nProcess Information:\r\n\tProcess ID:\t0xdac\r\n\tProcess Name:\tC:\\Windows\\System32\\svchost.exe\r\n\tExit Status:\t0x0","Category":"Process Termination","Opcode":"Info","SubjectUserSid":"S-1-5-21-2264196694-1469429678-912427992-1104","SubjectUserName":"frank.kolzig","SubjectDomainName":"STACKEDPADS","SubjectLogonId":"0x9e5f6","Status":"0x0","ProcessName":"C:\\Windows\\System32\\svchost.exe","EventReceivedTime":1657287610,"SourceModuleName":"in_default_channels","SourceModuleType":"im_msvistalog"}
<14>Jul  8 13:40:10 activedir.stackedpads.local Microsoft-Windows-Security-Auditing[4]: {"EventTime":1657287609,"Hostname":"activedir.stackedpads.local","Keywords":-9214364837600034816,"EventType":"AUDIT_SUCCESS","SeverityValue":2,"Severity":"INFO","EventID":4689,"SourceName":"Microsoft-Windows-Security-Auditing","ProviderGuid":"{54849625-5478-4994-A5BA-3E3B0328C30D}","Version":0,"Task":13313,"OpcodeValue":0,"RecordNumber":510255,"ProcessID":4,"ThreadID":248,"Channel":"Security","Message":"A process has exited.\r\n\r\nSubject:\r\n\tSecurity ID:\t\tS-1-5-21-2264196694-1469429678-912427992-1104\r\n\tAccount Name:\t\tfrank.kolzig\r\n\tAccount Domain:\t\tSTACKEDPADS\r\n\tLogon ID:\t\t0x9E5F6\r\n\r\nProcess Information:\r\n\tProcess ID:\t0x15dc\r\n\tProcess Name:\tC:\\Windows\\explorer.exe\r\n\tExit Status:\t0x40010004","Category":"Process Termination","Opcode":"Info","SubjectUserSid":"S-1-5-21-2264196694-1469429678-912427992-1104","SubjectUserName":"frank.kolzig","SubjectDomainName":"STACKEDPADS","SubjectLogonId":"0x9e5f6","Status":"0x40010004","ProcessName":"C:\\Windows\\explorer.exe","EventReceivedTime":1657287610,"SourceModuleName":"in_default_channels","SourceModuleType":"im_msvistalog"}
<14>Jul  8 13:40:10 activedir.stackedpads.local Microsoft-Windows-Security-Auditing[4]: {"EventTime":1657287609,"Hostname":"activedir.stackedpads.local","Keywords":-9214364837600034816,"EventType":"AUDIT_SUCCESS","SeverityValue":2,"Severity":"INFO","EventID":4689,"SourceName":"Microsoft-Windows-Security-Auditing","ProviderGuid":"{54849625-5478-4994-A5BA-3E3B0328C30D}","Version":0,"Task":13313,"OpcodeValue":0,"RecordNumber":510262,"ProcessID":4,"ThreadID":248,"Channel":"Security","Message":"A process has exited.\r\n\r\nSubject:\r\n\tSecurity ID:\t\tS-1-5-21-2264196694-1469429678-912427992-1104\r\n\tAccount Name:\t\tfrank.kolzig\r\n\tAccount Domain:\t\tSTACKEDPADS\r\n\tLogon ID:\t\t0x9E5F6\r\n\r\nProcess Information:\r\n\tProcess ID:\t0xd28\r\n\tProcess Name:\tC:\\Windows\\System32\\sihost.exe\r\n\tExit Status:\t0x40010004","Category":"Process Termination","Opcode":"Info","SubjectUserSid":"S-1-5-21-2264196694-1469429678-912427992-1104","SubjectUserName":"frank.kolzig","SubjectDomainName":"STACKEDPADS","SubjectLogonId":"0x9e5f6","Status":"0x40010004","ProcessName":"C:\\Windows\\System32\\sihost.exe","EventReceivedTime":1657287610,"SourceModuleName":"in_default_channels","SourceModuleType":"im_msvistalog"}
<14>Jul  8 13:40:09 activedir.stackedpads.local Microsoft-Windows-Security-Auditing[4]: {"EventTime":1657287609,"Hostname":"activedir.stackedpads.local","Keywords":-9214364837600034816,"EventType":"AUDIT_SUCCESS","SeverityValue":2,"Severity":"INFO","EventID":4689,"SourceName":"Microsoft-Windows-Security-Auditing","ProviderGuid":"{54849625-5478-4994-A5BA-3E3B0328C30D}","Version":0,"Task":13313,"OpcodeValue":0,"RecordNumber":510253,"ProcessID":4,"ThreadID":248,"Channel":"Security","Message":"A process has exited.\r\n\r\nSubject:\r\n\tSecurity ID:\t\tS-1-5-21-2264196694-1469429678-912427992-1104\r\n\tAccount Name:\t\tfrank.kolzig\r\n\tAccount Domain:\t\tSTACKEDPADS\r\n\tLogon ID:\t\t0x9E5F6\r\n\r\nProcess Information:\r\n\tProcess ID:\t0x17e0\r\n\tProcess Name:\tC:\\Windows\\SystemApps\\Microsoft.Windows.Cortana_cw5n1h2txyewy\\SearchUI.exe\r\n\tExit Status:\t0x1","Category":"Process Termination","Opcode":"Info","SubjectUserSid":"S-1-5-21-2264196694-1469429678-912427992-1104","SubjectUserName":"frank.kolzig","SubjectDomainName":"STACKEDPADS","SubjectLogonId":"0x9e5f6","Status":"0x1","ProcessName":"C:\\Windows\\SystemApps\\Microsoft.Windows.Cortana_cw5n1h2txyewy\\SearchUI.exe","EventReceivedTime":1657287609,"SourceModuleName":"in_default_channels","SourceModuleType":"im_msvistalog"}
<14>Jul  8 13:40:10 activedir.stackedpads.local Microsoft-Windows-Security-Auditing[4]: {"EventTime":1657287609,"Hostname":"activedir.stackedpads.local","Keywords":-9214364837600034816,"EventType":"AUDIT_SUCCESS","SeverityValue":2,"Severity":"INFO","EventID":4689,"SourceName":"Microsoft-Windows-Security-Auditing","ProviderGuid":"{54849625-5478-4994-A5BA-3E3B0328C30D}","Version":0,"Task":13313,"OpcodeValue":0,"RecordNumber":510263,"ProcessID":4,"ThreadID":288,"Channel":"Security","Message":"A process has exited.\r\n\r\nSubject:\r\n\tSecurity ID:\t\tS-1-5-21-2264196694-1469429678-912427992-1104\r\n\tAccount Name:\t\tfrank.kolzig\r\n\tAccount Domain:\t\tSTACKEDPADS\r\n\tLogon ID:\t\t0x9E5F6\r\n\r\nProcess Information:\r\n\tProcess ID:\t0xaf4\r\n\tProcess Name:\tC:\\Windows\\System32\\taskhostw.exe\r\n\tExit Status:\t0x40010004","Category":"Process Termination","Opcode":"Info","SubjectUserSid":"S-1-5-21-2264196694-1469429678-912427992-1104","SubjectUserName":"frank.kolzig","SubjectDomainName":"STACKEDPADS","SubjectLogonId":"0x9e5f6","Status":"0x40010004","ProcessName":"C:\\Windows\\System32\\taskhostw.exe","EventReceivedTime":1657287610,"SourceModuleName":"in_default_channels","SourceModuleType":"im_msvistalog"}
<14>Jul  8 13:40:09 activedir.stackedpads.local Microsoft-Windows-Security-Auditing[4]: {"EventTime":1657287609,"Hostname":"activedir.stackedpads.local","Keywords":-9214364837600034816,"EventType":"AUDIT_SUCCESS","SeverityValue":2,"Severity":"INFO","EventID":4689,"SourceName":"Microsoft-Windows-Security-Auditing","ProviderGuid":"{54849625-5478-4994-A5BA-3E3B0328C30D}","Version":0,"Task":13313,"OpcodeValue":0,"RecordNumber":510252,"ProcessID":4,"ThreadID":248,"Channel":"Security","Message":"A process has exited.\r\n\r\nSubject:\r\n\tSecurity ID:\t\tS-1-5-21-2264196694-1469429678-912427992-1104\r\n\tAccount Name:\t\tfrank.kolzig\r\n\tAccount Domain:\t\tSTACKEDPADS\r\n\tLogon ID:\t\t0x9E5F6\r\n\r\nProcess Information:\r\n\tProcess ID:\t0xc7c\r\n\tProcess Name:\tC:\\Windows\\System32\\rdpclip.exe\r\n\tExit Status:\t0x40010004","Category":"Process Termination","Opcode":"Info","SubjectUserSid":"S-1-5-21-2264196694-1469429678-912427992-1104","SubjectUserName":"frank.kolzig","SubjectDomainName":"STACKEDPADS","SubjectLogonId":"0x9e5f6","Status":"0x40010004","ProcessName":"C:\\Windows\\System32\\rdpclip.exe","EventReceivedTime":1657287609,"SourceModuleName":"in_default_channels","SourceModuleType":"im_msvistalog"}
<14>Jul  8 13:40:10 activedir.stackedpads.local Microsoft-Windows-Security-Auditing[4]: {"EventTime":1657287609,"Hostname":"activedir.stackedpads.local","Keywords":-9214364837600034816,"EventType":"AUDIT_SUCCESS","SeverityValue":2,"Severity":"INFO","EventID":4689,"SourceName":"Microsoft-Windows-Security-Auditing","ProviderGuid":"{54849625-5478-4994-A5BA-3E3B0328C30D}","Version":0,"Task":13313,"OpcodeValue":0,"RecordNumber":510264,"ProcessID":4,"ThreadID":288,"Channel":"Security","Message":"A process has exited.\r\n\r\nSubject:\r\n\tSecurity ID:\t\tS-1-5-21-2264196694-1469429678-912427992-1104\r\n\tAccount Name:\t\tfrank.kolzig\r\n\tAccount Domain:\t\tSTACKEDPADS\r\n\tLogon ID:\t\t0x9E5F6\r\n\r\nProcess Information:\r\n\tProcess ID:\t0x16d0\r\n\tProcess Name:\tC:\\Windows\\System32\\RuntimeBroker.exe\r\n\tExit Status:\t0x40010004","Category":"Process Termination","Opcode":"Info","SubjectUserSid":"S-1-5-21-2264196694-1469429678-912427992-1104","SubjectUserName":"frank.kolzig","SubjectDomainName":"STACKEDPADS","SubjectLogonId":"0x9e5f6","Status":"0x40010004","ProcessName":"C:\\Windows\\System32\\RuntimeBroker.exe","EventReceivedTime":1657287610,"SourceModuleName":"in_default_channels","SourceModuleType":"im_msvistalog"}
<14>Jul  8 13:40:09 activedir.stackedpads.local Microsoft-Windows-Security-Auditing[4]: {"EventTime":1657287609,"Hostname":"activedir.stackedpads.local","Keywords":-9214364837600034816,"EventType":"AUDIT_SUCCESS","SeverityValue":2,"Severity":"INFO","EventID":4689,"SourceName":"Microsoft-Windows-Security-Auditing","ProviderGuid":"{54849625-5478-4994-A5BA-3E3B0328C30D}","Version":0,"Task":13313,"OpcodeValue":0,"RecordNumber":510251,"ProcessID":4,"ThreadID":248,"Channel":"Security","Message":"A process has exited.\r\n\r\nSubject:\r\n\tSecurity ID:\t\tS-1-5-21-2264196694-1469429678-912427992-1104\r\n\tAccount Name:\t\tfrank.kolzig\r\n\tAccount Domain:\t\tSTACKEDPADS\r\n\tLogon ID:\t\t0x9E5F6\r\n\r\nProcess Information:\r\n\tProcess ID:\t0x184c\r\n\tProcess Name:\tC:\\Windows\\System32\\smartscreen.exe\r\n\tExit Status:\t0x40010004","Category":"Process Termination","Opcode":"Info","SubjectUserSid":"S-1-5-21-2264196694-1469429678-912427992-1104","SubjectUserName":"frank.kolzig","SubjectDomainName":"STACKEDPADS","SubjectLogonId":"0x9e5f6","Status":"0x40010004","ProcessName":"C:\\Windows\\System32\\smartscreen.exe","EventReceivedTime":1657287609,"SourceModuleName":"in_default_channels","SourceModuleType":"im_msvistalog"}
<14>Jul  8 13:40:10 activedir.stackedpads.local Microsoft-Windows-Security-Auditing[4]: {"EventTime":1657287609,"Hostname":"activedir.stackedpads.local","Keywords":-9214364837600034816,"EventType":"AUDIT_SUCCESS","SeverityValue":2,"Severity":"INFO","EventID":4689,"SourceName":"Microsoft-Windows-Security-Auditing","ProviderGuid":"{54849625-5478-4994-A5BA-3E3B0328C30D}","Version":0,"Task":13313,"OpcodeValue":0,"RecordNumber":510260,"ProcessID":4,"ThreadID":248,"Channel":"Security","Message":"A process has exited.\r\n\r\nSubject:\r\n\tSecurity ID:\t\tS-1-5-21-2264196694-1469429678-912427992-1104\r\n\tAccount Name:\t\tfrank.kolzig\r\n\tAccount Domain:\t\tSTACKEDPADS\r\n\tLogon ID:\t\t0x9E5F6\r\n\r\nProcess Information:\r\n\tProcess ID:\t0x151c\r\n\tProcess Name:\tC:\\Windows\\System32\\ctfmon.exe\r\n\tExit Status:\t0x40010004","Category":"Process Termination","Opcode":"Info","SubjectUserSid":"S-1-5-21-2264196694-1469429678-912427992-1104","SubjectUserName":"frank.kolzig","SubjectDomainName":"STACKEDPADS","SubjectLogonId":"0x9e5f6","Status":"0x40010004","ProcessName":"C:\\Windows\\System32\\ctfmon.exe","EventReceivedTime":1657287610,"SourceModuleName":"in_default_channels","SourceModuleType":"im_msvistalog"}
<14>Jul  8 13:40:10 activedir.stackedpads.local Microsoft-Windows-Security-Auditing[4]: {"EventTime":1657287609,"Hostname":"activedir.stackedpads.local","Keywords":-9214364837600034816,"EventType":"AUDIT_SUCCESS","SeverityValue":2,"Severity":"INFO","EventID":4689,"SourceName":"Microsoft-Windows-Security-Auditing","ProviderGuid":"{54849625-5478-4994-A5BA-3E3B0328C30D}","Version":0,"Task":13313,"OpcodeValue":0,"RecordNumber":510261,"ProcessID":4,"ThreadID":248,"Channel":"Security","Message":"A process has exited.\r\n\r\nSubject:\r\n\tSecurity ID:\t\tS-1-5-21-2264196694-1469429678-912427992-1104\r\n\tAccount Name:\t\tfrank.kolzig\r\n\tAccount Domain:\t\tSTACKEDPADS\r\n\tLogon ID:\t\t0x9E5F6\r\n\r\nProcess Information:\r\n\tProcess ID:\t0x604\r\n\tProcess Name:\tC:\\Windows\\System32\\RuntimeBroker.exe\r\n\tExit Status:\t0x40010004","Category":"Process Termination","Opcode":"Info","SubjectUserSid":"S-1-5-21-2264196694-1469429678-912427992-1104","SubjectUserName":"frank.kolzig","SubjectDomainName":"STACKEDPADS","SubjectLogonId":"0x9e5f6","Status":"0x40010004","ProcessName":"C:\\Windows\\System32\\RuntimeBroker.exe","EventReceivedTime":1657287610,"SourceModuleName":"in_default_channels","SourceModuleType":"im_msvistalog"}
