<14>Jul  8 13:41:59 activedir.stackedpads.local Microsoft-Windows-Security-Auditing[652]: {"EventTime":1657287719,"Hostname":"activedir.stackedpads.local","Keywords":-9214364837600034816,"EventType":"AUDIT_SUCCESS","SeverityValue":2,"Severity":"INFO","EventID":4634,"SourceName":"Microsoft-Windows-Security-Auditing","ProviderGuid":"{54849625-5478-4994-A5BA-3E3B0328C30D}","Version":0,"Task":12545,"OpcodeValue":0,"RecordNumber":510470,"ProcessID":652,"ThreadID":2800,"Channel":"Security","Message":"An account was logged off.\r\n\r\nSubject:\r\n\tSecurity ID:\t\tS-1-5-21-2264196694-1469429678-912427992-1107\r\n\tAccount Name:\t\ttim.smith\r\n\tAccount Domain:\t\tSTACKEDPADS\r\n\tLogon ID:\t\t0x1BCA6C\r\n\r\nLogon Type:\t\t\t3\r\n\r\nThis event is generated when a logon session is destroyed. It may be positively correlated with a logon event using the Logon ID value. Logon IDs are only unique between reboots on the same computer.","Category":"Logoff","Opcode":"Info","TargetUserSid":"S-1-5-21-2264196694-1469429678-912427992-1107","TargetUserName":"tim.smith","TargetDomainName":"STACKEDPADS","TargetLogonId":"0x1bca6c","LogonType":"3","EventReceivedTime":1657287719,"SourceModuleName":"in_default_channels","SourceModuleType":"im_msvistalog"}
<14>Jul  8 13:42:00 wrk-shasek.stackedpads.local Microsoft-Windows-Security-Auditing[4]: {"EventTime":1657287719,"Hostname":"wrk-shasek.stackedpads.local","Keywords":-9214364837600034816,"EventType":"AUDIT_SUCCESS","SeverityValue":2,"Severity":"INFO","EventID":4703,"SourceName":"Microsoft-Windows-Security-Auditing","ProviderGuid":"{54849625-5478-4994-A5BA-3E3B0328C30D}","Version":0,"Task":13317,"OpcodeValue":0,"RecordNumber":2712791,"ProcessID":4,"ThreadID":6392,"Channel":"Security","Message":"A token right was adjusted.\r\n\r\nSubject:\r\n\tSecurity ID:\t\tS-1-5-18\r\n\tAccount Name:\t\tWRK-SHASEK$\r\n\tAccount Domain:\t\tSTACKEDPADS\r\n\tLogon ID:\t\t0x3E7\r\n\r\nTarget Account:\r\n\tSecurity ID:\t\tS-1-0-0\r\n\tAccount Name:\t\tWRK-SHASEK$\r\n\tAccount Domain:\t\tSTACKEDPADS\r\n\tLogon ID:\t\t0x3E7\r\n\r\nProcess Information:\r\n\tProcess ID:\t\t0x191c\r\n\tProcess Name:\t\tC:\\Windows\\System32\\winlogon.exe\r\n\r\nEnabled Privileges:\r\n\t\t\tSeBackupPrivilege\r\n\r\nDisabled Privileges:\r\n\t\t\t-","Category":"Token Right Adjusted Events","Opcode":"Info","SubjectUserSid":"S-1-5-18","SubjectUserName":"WRK-SHASEK$","SubjectDomainName":"STACKEDPADS","SubjectLogonId":"0x3e7","TargetUserSid":"S-1-0-0","TargetUserName":"WRK-SHASEK$","TargetDomainName":"STACKEDPADS","TargetLogonId":"0x3e7","ProcessName":"C:\\Windows\\System32\\winlogon.exe","EnabledPrivilegeList":"SeBackupPrivilege","DisabledPrivilegeList":"-","EventReceivedTime":1657287720,"SourceModuleName":"in_default_channels","SourceModuleType":"im_msvistalog"}
<14>Jul  8 13:41:59 activedir.stackedpads.local Microsoft-Windows-Security-Auditing[652]: {"EventTime":1657287719,"Hostname":"activedir.stackedpads.local","Keywords":-9214364837600034816,"EventType":"AUDIT_SUCCESS","SeverityValue":2,"Severity":"INFO","EventID":4634,"SourceName":"Microsoft-Windows-Security-Auditing","ProviderGuid":"{54849625-5478-4994-A5BA-3E3B0328C30D}","Version":0,"Task":12545,"OpcodeValue":0,"RecordNumber":510469,"ProcessID":652,"ThreadID":2800,"Channel":"Security","Message":"An account was logged off.\r\n\r\nSubject:\r\n\tSecurity ID:\t\tS-1-5-18\r\n\tAccount Name:\t\tACTIVEDIR$\r\n\tAccount Domain:\t\tSTACKEDPADS\r\n\tLogon ID:\t\t0x1BAFCF\r\n\r\nLogon Type:\t\t\t3\r\n\r\nThis event is generated when a logon session is destroyed. It may be positively correlated with a logon event using the Logon ID value. Logon IDs are only unique between reboots on the same computer.","Category":"Logoff","Opcode":"Info","TargetUserSid":"S-1-5-18","TargetUserName":"ACTIVEDIR$","TargetDomainName":"STACKEDPADS","TargetLogonId":"0x1bafcf","LogonType":"3","EventReceivedTime":1657287719,"SourceModuleName":"in_default_channels","SourceModuleType":"im_msvistalog"}
<14>Jul  8 13:41:59 activedir.stackedpads.local Microsoft-Windows-Security-Auditing[652]: {"EventTime":1657287719,"Hostname":"activedir.stackedpads.local","Keywords":-9214364837600034816,"EventType":"AUDIT_SUCCESS","SeverityValue":2,"Severity":"INFO","EventID":4634,"SourceName":"Microsoft-Windows-Security-Auditing","ProviderGuid":"{54849625-5478-4994-A5BA-3E3B0328C30D}","Version":0,"Task":12545,"OpcodeValue":0,"RecordNumber":510471,"ProcessID":652,"ThreadID":2800,"Channel":"Security","Message":"An account was logged off.\r\n\r\nSubject:\r\n\tSecurity ID:\t\tS-1-5-21-2264196694-1469429678-912427992-1120\r\n\tAccount Name:\t\tWRK-SHASEK$\r\n\tAccount Domain:\t\tSTACKEDPADS\r\n\tLogon ID:\t\t0x1BCA5A\r\n\r\nLogon Type:\t\t\t3\r\n\r\nThis event is generated when a logon session is destroyed. It may be positively correlated with a logon event using the Logon ID value. Logon IDs are only unique between reboots on the same computer.","Category":"Logoff","Opcode":"Info","TargetUserSid":"S-1-5-21-2264196694-1469429678-912427992-1120","TargetUserName":"WRK-SHASEK$","TargetDomainName":"STACKEDPADS","TargetLogonId":"0x1bca5a","LogonType":"3","EventReceivedTime":1657287719,"SourceModuleName":"in_default_channels","SourceModuleType":"im_msvistalog"}
<14>Jul  8 13:42:01 activedir.stackedpads.local Service_Control_Manager[636]: {"EventTime":1657287720,"Hostname":"activedir.stackedpads.local","Keywords":-9187343239835811840,"EventType":"INFO","SeverityValue":2,"Severity":"INFO","EventID":7036,"SourceName":"Service Control Manager","ProviderGuid":"{555908D1-A6D7-4695-8E1E-26931D2012F4}","Version":0,"Task":0,"OpcodeValue":0,"RecordNumber":9989,"ProcessID":636,"ThreadID":5508,"Channel":"System","Message":"The Remote Registry service entered the stopped state.","param1":"Remote Registry","param2":"stopped","EventReceivedTime":1657287721,"SourceModuleName":"in_default_channels","SourceModuleType":"im_msvistalog"}
<14>Jul  8 13:42:00 wrk-shasek.stackedpads.local Microsoft-Windows-Security-Auditing[660]: {"EventTime":1657287720,"Hostname":"wrk-shasek.stackedpads.local","Keywords":-9214364837600034816,"EventType":"AUDIT_SUCCESS","SeverityValue":2,"Severity":"INFO","EventID":5058,"SourceName":"Microsoft-Windows-Security-Auditing","ProviderGuid":"{54849625-5478-4994-A5BA-3E3B0328C30D}","Version":1,"Task":12292,"OpcodeValue":0,"RecordNumber":2712818,"ProcessID":660,"ThreadID":1868,"Channel":"Security","Message":"Key file operation.\r\n\r\nSubject:\r\n\tSecurity ID:\t\tS-1-5-21-2264196694-1469429678-912427992-1107\r\n\tAccount Name:\t\ttim.smith\r\n\tAccount Domain:\t\tSTACKEDPADS\r\n\tLogon ID:\t\t0x307504\r\n\r\nProcess Information:\r\n\tProcess ID:\t\t4188\r\n\tProcess Creation Time:\t2022-07-08T13:41:59.498372000Z\r\n\r\nCryptographic Parameters:\r\n\tProvider Name:\tMicrosoft Software Key Storage Provider\r\n\tAlgorithm Name:\tUNKNOWN\r\n\tKey Name:\tMicrosoft Connected Devices Platform device certificate\r\n\tKey Type:\tUser key.\r\n\r\nKey File Operation Information:\r\n\tFile Path:\tC:\\Users\\tim.smith\\AppData\\Roaming\\Microsoft\\Crypto\\Keys\\de7cf8a7901d2ad13e5c67c29e5d1662_6b7cbb53-4247-4edd-b859-f73acca93fe9\r\n\tOperation:\tRead persisted key from file.\r\n\tReturn Code:\t0x0","Category":"Other System Events","Opcode":"Info","SubjectUserSid":"S-1-5-21-2264196694-1469429678-912427992-1107","SubjectUserName":"tim.smith","SubjectDomainName":"STACKEDPADS","SubjectLogonId":"0x307504","ClientProcessId":"4188","ClientCreationTime":"2022-07-08T13:41:59.4983720Z","ProviderName":"Microsoft Software Key Storage Provider","AlgorithmName":"UNKNOWN","KeyName":"Microsoft Connected Devices Platform device certificate","KeyType":"%%2500","KeyFilePath":"C:\\Users\\tim.smith\\AppData\\Roaming\\Microsoft\\Crypto\\Keys\\de7cf8a7901d2ad13e5c67c29e5d1662_6b7cbb53-4247-4edd-b859-f73acca93fe9","Operation":"%%2458","ReturnCode":"0x0","EventReceivedTime":1657287720,"SourceModuleName":"in_default_channels","SourceModuleType":"im_msvistalog"}
<14>Jul  8 13:42:01 wrk-shasek.stackedpads.local Microsoft-Windows-TaskScheduler[396]: {"EventTime":1657287720,"Hostname":"wrk-shasek.stackedpads.local","Keywords":-9223372036854775808,"EventType":"INFO","SeverityValue":2,"Severity":"INFO","EventID":201,"SourceName":"Microsoft-Windows-TaskScheduler","ProviderGuid":"{DE7B24EA-73C8-4A09-985D-5BDADCFA9017}","Version":2,"Task":201,"OpcodeValue":2,"RecordNumber":5548,"ActivityID":"{D6BC4837-A5D5-4E76-B191-750C73E7959D}","ProcessID":396,"ThreadID":2428,"Channel":"Microsoft-Windows-TaskScheduler/Operational","Domain":"NT AUTHORITY","AccountName":"SYSTEM","UserID":"S-1-5-18","AccountType":"User","Message":"Task Scheduler successfully completed task \"\\Microsoft\\Windows\\TextServicesFramework\\MsCtfMonitor\" , instance \"{d6bc4837-a5d5-4e76-b191-750c73e7959d}\" , action \"MsCtfMonitor task handler\" with return code 0.","Category":"Action completed","Opcode":"Stop","TaskName":"\\Microsoft\\Windows\\TextServicesFramework\\MsCtfMonitor","TaskInstanceId":"{d6bc4837-a5d5-4e76-b191-750c73e7959d}","ActionName":"MsCtfMonitor task handler","ResultCode":"0","EnginePID":"3084","EventReceivedTime":1657287721,"SourceModuleName":"in_default_channels","SourceModuleType":"im_msvistalog"}
<14>Jul  8 13:42:01 wrk-shasek.stackedpads.local Microsoft-Windows-TaskScheduler[396]: {"EventTime":1657287721,"Hostname":"wrk-shasek.stackedpads.local","Keywords":-9223372036854775808,"EventType":"INFO","SeverityValue":2,"Severity":"INFO","EventID":201,"SourceName":"Microsoft-Windows-TaskScheduler","ProviderGuid":"{DE7B24EA-73C8-4A09-985D-5BDADCFA9017}","Version":2,"Task":201,"OpcodeValue":2,"RecordNumber":5550,"ActivityID":"{F9A96981-5682-4066-B923-BA391C39402C}","ProcessID":396,"ThreadID":4296,"Channel":"Microsoft-Windows-TaskScheduler/Operational","Domain":"NT AUTHORITY","AccountName":"SYSTEM","UserID":"S-1-5-18","AccountType":"User","Message":"Task Scheduler successfully completed task \"\\Microsoft\\Windows\\Plug and Play\\Device Install Reboot Required\" , instance \"{f9a96981-5682-4066-b923-ba391c39402c}\" , action \"Device Installation Reboot Dialog Task\" with return code 0.","Category":"Action completed","Opcode":"Stop","TaskName":"\\Microsoft\\Windows\\Plug and Play\\Device Install Reboot Required","TaskInstanceId":"{f9a96981-5682-4066-b923-ba391c39402c}","ActionName":"Device Installation Reboot Dialog Task","ResultCode":"0","EnginePID":"6840","EventReceivedTime":1657287721,"SourceModuleName":"in_default_channels","SourceModuleType":"im_msvistalog"}
<14>Jul  8 13:42:01 wrk-shasek.stackedpads.local Microsoft-Windows-TaskScheduler[396]: {"EventTime":1657287720,"Hostname":"wrk-shasek.stackedpads.local","Keywords":-9223372036854775807,"EventType":"INFO","SeverityValue":2,"Severity":"INFO","EventID":102,"SourceName":"Microsoft-Windows-TaskScheduler","ProviderGuid":"{DE7B24EA-73C8-4A09-985D-5BDADCFA9017}","Version":0,"Task":102,"OpcodeValue":2,"RecordNumber":5549,"ActivityID":"{D6BC4837-A5D5-4E76-B191-750C73E7959D}","ProcessID":396,"ThreadID":2428,"Channel":"Microsoft-Windows-TaskScheduler/Operational","Domain":"NT AUTHORITY","AccountName":"SYSTEM","UserID":"S-1-5-18","AccountType":"User","Message":"Task Scheduler successfully finished \"{d6bc4837-a5d5-4e76-b191-750c73e7959d}\" instance of the \"\\Microsoft\\Windows\\TextServicesFramework\\MsCtfMonitor\" task for user \"STACKEDPADS\\tim.smith\".","Category":"Task completed","Opcode":"Stop","TaskName":"\\Microsoft\\Windows\\TextServicesFramework\\MsCtfMonitor","UserContext":"STACKEDPADS\\tim.smith","InstanceId":"{d6bc4837-a5d5-4e76-b191-750c73e7959d}","EventReceivedTime":1657287721,"SourceModuleName":"in_default_channels","SourceModuleType":"im_msvistalog"}
<14>Jul  8 13:42:01 wrk-shasek.stackedpads.local Microsoft-Windows-TaskScheduler[396]: {"EventTime":1657287721,"Hostname":"wrk-shasek.stackedpads.local","Keywords":-9223372036854775807,"EventType":"INFO","SeverityValue":2,"Severity":"INFO","EventID":102,"SourceName":"Microsoft-Windows-TaskScheduler","ProviderGuid":"{DE7B24EA-73C8-4A09-985D-5BDADCFA9017}","Version":0,"Task":102,"OpcodeValue":2,"RecordNumber":5551,"ActivityID":"{F9A96981-5682-4066-B923-BA391C39402C}","ProcessID":396,"ThreadID":4296,"Channel":"Microsoft-Windows-TaskScheduler/Operational","Domain":"NT AUTHORITY","AccountName":"SYSTEM","UserID":"S-1-5-18","AccountType":"User","Message":"Task Scheduler successfully finished \"{f9a96981-5682-4066-b923-ba391c39402c}\" instance of the \"\\Microsoft\\Windows\\Plug and Play\\Device Install Reboot Required\" task for user \"STACKEDPADS\\tim.smith\".","Category":"Task completed","Opcode":"Stop","TaskName":"\\Microsoft\\Windows\\Plug and Play\\Device Install Reboot Required","UserContext":"STACKEDPADS\\tim.smith","InstanceId":"{f9a96981-5682-4066-b923-ba391c39402c}","EventReceivedTime":1657287721,"SourceModuleName":"in_default_channels","SourceModuleType":"im_msvistalog"}
<14>Jul  8 13:42:02 wrk-shasek.stackedpads.local Microsoft-Windows-Security-Auditing[4]: {"EventTime":1657287720,"Hostname":"wrk-shasek.stackedpads.local","Keywords":-9214364837600034816,"EventType":"AUDIT_SUCCESS","SeverityValue":2,"Severity":"INFO","EventID":4688,"SourceName":"Microsoft-Windows-Security-Auditing","ProviderGuid":"{54849625-5478-4994-A5BA-3E3B0328C30D}","Version":2,"Task":13312,"OpcodeValue":0,"RecordNumber":2712821,"ProcessID":4,"ThreadID":96,"Channel":"Security","Message":"A new process has been created.\r\n\r\nCreator Subject:\r\n\tSecurity ID:\t\tS-1-5-18\r\n\tAccount Name:\t\tWRK-SHASEK$\r\n\tAccount Domain:\t\tSTACKEDPADS\r\n\tLogon ID:\t\t0x3E7\r\n\r\nTarget Subject:\r\n\tSecurity ID:\t\tS-1-5-21-2264196694-1469429678-912427992-1107\r\n\tAccount Name:\t\ttim.smith\r\n\tAccount Domain:\t\tSTACKEDPADS\r\n\tLogon ID:\t\t0x307504\r\n\r\nProcess Information:\r\n\tNew Process ID:\t\t0x1524\r\n\tNew Process Name:\tC:\\Windows\\System32\\userinit.exe\r\n\tToken Elevation Type:\t%%1938\r\n\tMandatory Label:\t\tS-1-16-8192\r\n\tCreator Process ID:\t0x191c\r\n\tCreator Process Name:\tC:\\Windows\\System32\\winlogon.exe\r\n\tProcess Command Line:\tC:\\Windows\\system32\\userinit.exe\r\n\r\nToken Elevation Type indicates the type of token that was assigned to the new process in accordance with User Account Control policy.\r\n\r\nType 1 is a full token with no privileges removed or groups disabled.  A full token is only used if User Account Control is disabled or if the user is the built-in Administrator account or a service account.\r\n\r\nType 2 is an elevated token with no privileges removed or groups disabled.  An elevated token is used when User Account Control is enabled and the user chooses to start the program using Run as administrator.  An elevated token is also used when an application is configured to always require administrative privilege or to always require maximum privilege, and the user is a member of the Administrators group.\r\n\r\nType 3 is a limited token with administrative privileges removed and administrative groups disabled.  The limited token is used when User Account Control is enabled, the application does not require administrative privilege, and the user does not choose to start the program using Run as administrator.","Category":"Process Creation","Opcode":"Info","SubjectUserSid":"S-1-5-18","SubjectUserName":"WRK-SHASEK$","SubjectDomainName":"STACKEDPADS","SubjectLogonId":"0x3e7","NewProcessId":"0x1524","NewProcessName":"C:\\Windows\\System32\\userinit.exe","TokenElevationType":"%%1938","CommandLine":"C:\\Windows\\system32\\userinit.exe","TargetUserSid":"S-1-5-21-2264196694-1469429678-912427992-1107","TargetUserName":"tim.smith","TargetDomainName":"STACKEDPADS","TargetLogonId":"0x307504","ParentProcessName":"C:\\Windows\\System32\\winlogon.exe","MandatoryLabel":"S-1-16-8192","EventReceivedTime":1657287722,"SourceModuleName":"in_default_channels","SourceModuleType":"im_msvistalog"}
<14>Jul  8 13:42:03 wrk-shasek.stackedpads.local Microsoft-Windows-Security-Auditing[4]: {"EventTime":1657287721,"Hostname":"wrk-shasek.stackedpads.local","Keywords":-9214364837600034816,"EventType":"AUDIT_SUCCESS","SeverityValue":2,"Severity":"INFO","EventID":4688,"SourceName":"Microsoft-Windows-Security-Auditing","ProviderGuid":"{54849625-5478-4994-A5BA-3E3B0328C30D}","Version":2,"Task":13312,"OpcodeValue":0,"RecordNumber":2712824,"ProcessID":4,"ThreadID":1756,"Channel":"Security","Message":"A new process has been created.\r\n\r\nCreator Subject:\r\n\tSecurity ID:\t\tS-1-5-18\r\n\tAccount Name:\t\tWRK-SHASEK$\r\n\tAccount Domain:\t\tSTACKEDPADS\r\n\tLogon ID:\t\t0x3E7\r\n\r\nTarget Subject:\r\n\tSecurity ID:\t\tS-1-5-21-2264196694-1469429678-912427992-1107\r\n\tAccount Name:\t\ttim.smith\r\n\tAccount Domain:\t\tSTACKEDPADS\r\n\tLogon ID:\t\t0x307504\r\n\r\nProcess Information:\r\n\tNew Process ID:\t\t0x170c\r\n\tNew Process Name:\tC:\\Windows\\System32\\ctfmon.exe\r\n\tToken Elevation Type:\t%%1938\r\n\tMandatory Label:\t\tS-1-16-12288\r\n\tCreator Process ID:\t0x2c8\r\n\tCreator Process Name:\tC:\\Windows\\System32\\svchost.exe\r\n\tProcess Command Line:\t\"ctfmon.exe\"\r\n\r\nToken Elevation Type indicates the type of token that was assigned to the new process in accordance with User Account Control policy.\r\n\r\nType 1 is a full token with no privileges removed or groups disabled.  A full token is only used if User Account Control is disabled or if the user is the built-in Administrator account or a service account.\r\n\r\nType 2 is an elevated token with no privileges removed or groups disabled.  An elevated token is used when User Account Control is enabled and the user chooses to start the program using Run as administrator.  An elevated token is also used when an application is configured to always require administrative privilege or to always require maximum privilege, and the user is a member of the Administrators group.\r\n\r\nType 3 is a limited token with administrative privileges removed and administrative groups disabled.  The limited token is used when User Account Control is enabled, the application does not require administrative privilege, and the user does not choose to start the program using Run as administrator.","Category":"Process Creation","Opcode":"Info","SubjectUserSid":"S-1-5-18","SubjectUserName":"WRK-SHASEK$","SubjectDomainName":"STACKEDPADS","SubjectLogonId":"0x3e7","NewProcessId":"0x170c","NewProcessName":"C:\\Windows\\System32\\ctfmon.exe","TokenElevationType":"%%1938","CommandLine":"\"ctfmon.exe\"","TargetUserSid":"S-1-5-21-2264196694-1469429678-912427992-1107","TargetUserName":"tim.smith","TargetDomainName":"STACKEDPADS","TargetLogonId":"0x307504","ParentProcessName":"C:\\Windows\\System32\\svchost.exe","MandatoryLabel":"S-1-16-12288","EventReceivedTime":1657287723,"SourceModuleName":"in_default_channels","SourceModuleType":"im_msvistalog"}
<14>Jul  8 13:42:01 activedir.stackedpads.local Microsoft-Windows-Security-Auditing[4]: {"EventTime":1657287720,"Hostname":"activedir.stackedpads.local","Keywords":-9214364837600034816,"EventType":"AUDIT_SUCCESS","SeverityValue":2,"Severity":"INFO","EventID":4689,"SourceName":"Microsoft-Windows-Security-Auditing","ProviderGuid":"{54849625-5478-4994-A5BA-3E3B0328C30D}","Version":0,"Task":13313,"OpcodeValue":0,"RecordNumber":510472,"ProcessID":4,"ThreadID":5244,"Channel":"Security","Message":"A process has exited.\r\n\r\nSubject:\r\n\tSecurity ID:\t\tS-1-5-19\r\n\tAccount Name:\t\tLOCAL SERVICE\r\n\tAccount Domain:\t\tNT AUTHORITY\r\n\tLogon ID:\t\t0x3E5\r\n\r\nProcess Information:\r\n\tProcess ID:\t0xa54\r\n\tProcess Name:\tC:\\Windows\\System32\\svchost.exe\r\n\tExit Status:\t0x0","Category":"Process Termination","Opcode":"Info","SubjectUserSid":"S-1-5-19","SubjectUserName":"LOCAL SERVICE","SubjectDomainName":"NT AUTHORITY","SubjectLogonId":"0x3e5","Status":"0x0","ProcessName":"C:\\Windows\\System32\\svchost.exe","EventReceivedTime":1657287721,"SourceModuleName":"in_default_channels","SourceModuleType":"im_msvistalog"}
<14>Jul  8 13:42:00 wrk-shasek.stackedpads.local Microsoft-Windows-Security-Auditing[660]: {"EventTime":1657287720,"Hostname":"wrk-shasek.stackedpads.local","Keywords":-9214364837600034816,"EventType":"AUDIT_SUCCESS","SeverityValue":2,"Severity":"INFO","EventID":5059,"SourceName":"Microsoft-Windows-Security-Auditing","ProviderGuid":"{54849625-5478-4994-A5BA-3E3B0328C30D}","Version":1,"Task":12292,"OpcodeValue":0,"RecordNumber":2712820,"ProcessID":660,"ThreadID":1868,"Channel":"Security","Message":"Key migration operation.\r\n\r\nSubject:\r\n\tSecurity ID:\t\tS-1-5-21-2264196694-1469429678-912427992-1107\r\n\tAccount Name:\t\ttim.smith\r\n\tAccount Domain:\t\tSTACKEDPADS\r\n\tLogon ID:\t\t0x307504\r\n\r\nProcess Information:\r\n\tProcess ID:\t\t4188\r\n\tProcess Creation Time:\t2022-07-08T13:41:59.498372000Z\r\n\r\nCryptographic Parameters:\r\n\tProvider Name:\tMicrosoft Software Key Storage Provider\r\n\tAlgorithm Name:\tECDSA_P256\r\n\tKey Name:\tMicrosoft Connected Devices Platform device certificate\r\n\tKey Type:\tUser key.\r\n\r\nAdditional Information:\r\n\tOperation:\tExport of persistent cryptographic key.\r\n\tReturn Code:\t0x0","Category":"Other System Events","Opcode":"Info","SubjectUserSid":"S-1-5-21-2264196694-1469429678-912427992-1107","SubjectUserName":"tim.smith","SubjectDomainName":"STACKEDPADS","SubjectLogonId":"0x307504","ClientProcessId":"4188","ClientCreationTime":"2022-07-08T13:41:59.4983720Z","ProviderName":"Microsoft Software Key Storage Provider","AlgorithmName":"ECDSA_P256","KeyName":"Microsoft Connected Devices Platform device certificate","KeyType":"%%2500","Operation":"%%2464","ReturnCode":"0x0","EventReceivedTime":1657287720,"SourceModuleName":"in_default_channels","SourceModuleType":"im_msvistalog"}
<14>Jul  8 13:42:00 wrk-shasek.stackedpads.local Microsoft-Windows-Security-Auditing[660]: {"EventTime":1657287720,"Hostname":"wrk-shasek.stackedpads.local","Keywords":-9214364837600034816,"EventType":"AUDIT_SUCCESS","SeverityValue":2,"Severity":"INFO","EventID":5061,"SourceName":"Microsoft-Windows-Security-Auditing","ProviderGuid":"{54849625-5478-4994-A5BA-3E3B0328C30D}","Version":0,"Task":12290,"OpcodeValue":0,"RecordNumber":2712819,"ProcessID":660,"ThreadID":1868,"Channel":"Security","Message":"Cryptographic operation.\r\n\r\nSubject:\r\n\tSecurity ID:\t\tS-1-5-21-2264196694-1469429678-912427992-1107\r\n\tAccount Name:\t\ttim.smith\r\n\tAccount Domain:\t\tSTACKEDPADS\r\n\tLogon ID:\t\t0x307504\r\n\r\nCryptographic Parameters:\r\n\tProvider Name:\tMicrosoft Software Key Storage Provider\r\n\tAlgorithm Name:\tECDSA_P256\r\n\tKey Name:\tMicrosoft Connected Devices Platform device certificate\r\n\tKey Type:\tUser key.\r\n\r\nCryptographic Operation:\r\n\tOperation:\tOpen Key.\r\n\tReturn Code:\t0x0","Category":"System Integrity","Opcode":"Info","SubjectUserSid":"S-1-5-21-2264196694-1469429678-912427992-1107","SubjectUserName":"tim.smith","SubjectDomainName":"STACKEDPADS","SubjectLogonId":"0x307504","ProviderName":"Microsoft Software Key Storage Provider","AlgorithmName":"ECDSA_P256","KeyName":"Microsoft Connected Devices Platform device certificate","KeyType":"%%2500","Operation":"%%2480","ReturnCode":"0x0","EventReceivedTime":1657287720,"SourceModuleName":"in_default_channels","SourceModuleType":"im_msvistalog"}
<14>Jul  8 13:42:02 wrk-shasek.stackedpads.local Microsoft-Windows-Security-Auditing[4]: {"EventTime":1657287721,"Hostname":"wrk-shasek.stackedpads.local","Keywords":-9214364837600034816,"EventType":"AUDIT_SUCCESS","SeverityValue":2,"Severity":"INFO","EventID":4688,"SourceName":"Microsoft-Windows-Security-Auditing","ProviderGuid":"{54849625-5478-4994-A5BA-3E3B0328C30D}","Version":2,"Task":13312,"OpcodeValue":0,"RecordNumber":2712822,"ProcessID":4,"ThreadID":1756,"Channel":"Security","Message":"A new process has been created.\r\n\r\nCreator Subject:\r\n\tSecurity ID:\t\tS-1-5-21-2264196694-1469429678-912427992-1107\r\n\tAccount Name:\t\ttim.smith\r\n\tAccount Domain:\t\tSTACKEDPADS\r\n\tLogon ID:\t\t0x307504\r\n\r\nTarget Subject:\r\n\tSecurity ID:\t\tS-1-0-0\r\n\tAccount Name:\t\t-\r\n\tAccount Domain:\t\t-\r\n\tLogon ID:\t\t0x0\r\n\r\nProcess Information:\r\n\tNew Process ID:\t\t0x1604\r\n\tNew Process Name:\tC:\\Windows\\explorer.exe\r\n\tToken Elevation Type:\t%%1938\r\n\tMandatory Label:\t\tS-1-16-8192\r\n\tCreator Process ID:\t0x1524\r\n\tCreator Process Name:\tC:\\Windows\\System32\\userinit.exe\r\n\tProcess Command Line:\tC:\\Windows\\Explorer.EXE\r\n\r\nToken Elevation Type indicates the type of token that was assigned to the new process in accordance with User Account Control policy.\r\n\r\nType 1 is a full token with no privileges removed or groups disabled.  A full token is only used if User Account Control is disabled or if the user is the built-in Administrator account or a service account.\r\n\r\nType 2 is an elevated token with no privileges removed or groups disabled.  An elevated token is used when User Account Control is enabled and the user chooses to start the program using Run as administrator.  An elevated token is also used when an application is configured to always require administrative privilege or to always require maximum privilege, and the user is a member of the Administrators group.\r\n\r\nType 3 is a limited token with administrative privileges removed and administrative groups disabled.  The limited token is used when User Account Control is enabled, the application does not require administrative privilege, and the user does not choose to start the program using Run as administrator.","Category":"Process Creation","Opcode":"Info","SubjectUserSid":"S-1-5-21-2264196694-1469429678-912427992-1107","SubjectUserName":"tim.smith","SubjectDomainName":"STACKEDPADS","SubjectLogonId":"0x307504","NewProcessId":"0x1604","NewProcessName":"C:\\Windows\\explorer.exe","TokenElevationType":"%%1938","CommandLine":"C:\\Windows\\Explorer.EXE","TargetUserSid":"S-1-0-0","TargetUserName":"-","TargetDomainName":"-","TargetLogonId":"0x0","ParentProcessName":"C:\\Windows\\System32\\userinit.exe","MandatoryLabel":"S-1-16-8192","EventReceivedTime":1657287722,"SourceModuleName":"in_default_channels","SourceModuleType":"im_msvistalog"}
<14>Jul  8 13:42:02 wrk-shasek.stackedpads.local Microsoft-Windows-Security-Auditing[4]: {"EventTime":1657287721,"Hostname":"wrk-shasek.stackedpads.local","Keywords":-9214364837600034816,"EventType":"AUDIT_SUCCESS","SeverityValue":2,"Severity":"INFO","EventID":4689,"SourceName":"Microsoft-Windows-Security-Auditing","ProviderGuid":"{54849625-5478-4994-A5BA-3E3B0328C30D}","Version":0,"Task":13313,"OpcodeValue":0,"RecordNumber":2712823,"ProcessID":4,"ThreadID":180,"Channel":"Security","Message":"A process has exited.\r\n\r\nSubject:\r\n\tSecurity ID:\t\tS-1-5-21-2264196694-1469429678-912427992-1107\r\n\tAccount Name:\t\ttim.smith\r\n\tAccount Domain:\t\tSTACKEDPADS\r\n\tLogon ID:\t\t0x30720A\r\n\r\nProcess Information:\r\n\tProcess ID:\t0x1ab8\r\n\tProcess Name:\tC:\\Windows\\System32\\taskhostw.exe\r\n\tExit Status:\t0x0","Category":"Process Termination","Opcode":"Info","SubjectUserSid":"S-1-5-21-2264196694-1469429678-912427992-1107","SubjectUserName":"tim.smith","SubjectDomainName":"STACKEDPADS","SubjectLogonId":"0x30720a","Status":"0x0","ProcessName":"C:\\Windows\\System32\\taskhostw.exe","EventReceivedTime":1657287722,"SourceModuleName":"in_default_channels","SourceModuleType":"im_msvistalog"}
<14>Jul  8 13:42:03 wrk-shasek.stackedpads.local Microsoft-Windows-Security-Auditing[4]: {"EventTime":1657287722,"Hostname":"wrk-shasek.stackedpads.local","Keywords":-9214364837600034816,"EventType":"AUDIT_SUCCESS","SeverityValue":2,"Severity":"INFO","EventID":5156,"SourceName":"Microsoft-Windows-Security-Auditing","ProviderGuid":"{54849625-5478-4994-A5BA-3E3B0328C30D}","Version":1,"Task":12810,"OpcodeValue":0,"RecordNumber":2712827,"ProcessID":4,"ThreadID":6416,"Channel":"Security","Message":"The Windows Filtering Platform has permitted a connection.\r\n\r\nApplication Information:\r\n\tProcess ID:\t\t1172\r\n\tApplication Name:\t\\device\\harddiskvolume3\\windows\\system32\\svchost.exe\r\n\r\nNetwork Information:\r\n\tDirection:\t\tOutbound\r\n\tSource Address:\t\t10.1.0.50\r\n\tSource Port:\t\t63581\r\n\tDestination Address:\t10.1.0.4\r\n\tDestination Port:\t\t53\r\n\tProtocol:\t\t17\r\n\r\nFilter Information:\r\n\tFilter Run-Time ID:\t67593\r\n\tLayer Name:\t\tConnect\r\n\tLayer Run-Time ID:\t48","Category":"Filtering Platform Connection","Opcode":"Info","Application":"\\device\\harddiskvolume3\\windows\\system32\\svchost.exe","Direction":"%%14593","SourceAddress":"10.1.0.50","SourcePort":"63581","DestAddress":"10.1.0.4","DestPort":"53","Protocol":"17","FilterRTID":"67593","LayerName":"%%14611","LayerRTID":"48","RemoteUserID":"S-1-0-0","RemoteMachineID":"S-1-0-0","EventReceivedTime":1657287723,"SourceModuleName":"in_default_channels","SourceModuleType":"im_msvistalog"}
<14>Jul  8 13:42:03 wrk-shasek.stackedpads.local Microsoft-Windows-Security-Auditing[4]: {"EventTime":1657287722,"Hostname":"wrk-shasek.stackedpads.local","Keywords":-9214364837600034816,"EventType":"AUDIT_SUCCESS","SeverityValue":2,"Severity":"INFO","EventID":5156,"SourceName":"Microsoft-Windows-Security-Auditing","ProviderGuid":"{54849625-5478-4994-A5BA-3E3B0328C30D}","Version":1,"Task":12810,"OpcodeValue":0,"RecordNumber":2712829,"ProcessID":4,"ThreadID":6416,"Channel":"Security","Message":"The Windows Filtering Platform has permitted a connection.\r\n\r\nApplication Information:\r\n\tProcess ID:\t\t4188\r\n\tApplication Name:\t\\device\\harddiskvolume3\\windows\\system32\\svchost.exe\r\n\r\nNetwork Information:\r\n\tDirection:\t\tOutbound\r\n\tSource Address:\t\t10.1.0.50\r\n\tSource Port:\t\t49846\r\n\tDestination Address:\t23.7.109.133\r\n\tDestination Port:\t\t443\r\n\tProtocol:\t\t6\r\n\r\nFilter Information:\r\n\tFilter Run-Time ID:\t67593\r\n\tLayer Name:\t\tConnect\r\n\tLayer Run-Time ID:\t48","Category":"Filtering Platform Connection","Opcode":"Info","Application":"\\device\\harddiskvolume3\\windows\\system32\\svchost.exe","Direction":"%%14593","SourceAddress":"10.1.0.50","SourcePort":"49846","DestAddress":"23.7.109.133","DestPort":"443","Protocol":"6","FilterRTID":"67593","LayerName":"%%14611","LayerRTID":"48","RemoteUserID":"S-1-0-0","RemoteMachineID":"S-1-0-0","EventReceivedTime":1657287723,"SourceModuleName":"in_default_channels","SourceModuleType":"im_msvistalog"}
<14>Jul  8 13:42:03 wrk-shasek.stackedpads.local Microsoft-Windows-Security-Auditing[4]: {"EventTime":1657287722,"Hostname":"wrk-shasek.stackedpads.local","Keywords":-9214364837600034816,"EventType":"AUDIT_SUCCESS","SeverityValue":2,"Severity":"INFO","EventID":4688,"SourceName":"Microsoft-Windows-Security-Auditing","ProviderGuid":"{54849625-5478-4994-A5BA-3E3B0328C30D}","Version":2,"Task":13312,"OpcodeValue":0,"RecordNumber":2712830,"ProcessID":4,"ThreadID":6416,"Channel":"Security","Message":"A new process has been created.\r\n\r\nCreator Subject:\r\n\tSecurity ID:\t\tS-1-5-18\r\n\tAccount Name:\t\tWRK-SHASEK$\r\n\tAccount Domain:\t\tSTACKEDPADS\r\n\tLogon ID:\t\t0x3E7\r\n\r\nTarget Subject:\r\n\tSecurity ID:\t\tS-1-5-21-2264196694-1469429678-912427992-1107\r\n\tAccount Name:\t\ttim.smith\r\n\tAccount Domain:\t\tSTACKEDPADS\r\n\tLogon ID:\t\t0x307504\r\n\r\nProcess Information:\r\n\tNew Process ID:\t\t0x16cc\r\n\tNew Process Name:\tC:\\Windows\\System32\\svchost.exe\r\n\tToken Elevation Type:\t%%1938\r\n\tMandatory Label:\t\tS-1-16-8192\r\n\tCreator Process ID:\t0x284\r\n\tCreator Process Name:\tC:\\Windows\\System32\\services.exe\r\n\tProcess Command Line:\tC:\\Windows\\system32\\svchost.exe -k ClipboardSvcGroup -p\r\n\r\nToken Elevation Type indicates the type of token that was assigned to the new process in accordance with User Account Control policy.\r\n\r\nType 1 is a full token with no privileges removed or groups disabled.  A full token is only used if User Account Control is disabled or if the user is the built-in Administrator account or a service account.\r\n\r\nType 2 is an elevated token with no privileges removed or groups disabled.  An elevated token is used when User Account Control is enabled and the user chooses to start the program using Run as administrator.  An elevated token is also used when an application is configured to always require administrative privilege or to always require maximum privilege, and the user is a member of the Administrators group.\r\n\r\nType 3 is a limited token with administrative privileges removed and administrative groups disabled.  The limited token is used when User Account Control is enabled, the application does not require administrative privilege, and the user does not choose to start the program using Run as administrator.","Category":"Process Creation","Opcode":"Info","SubjectUserSid":"S-1-5-18","SubjectUserName":"WRK-SHASEK$","SubjectDomainName":"STACKEDPADS","SubjectLogonId":"0x3e7","NewProcessId":"0x16cc","NewProcessName":"C:\\Windows\\System32\\svchost.exe","TokenElevationType":"%%1938","CommandLine":"C:\\Windows\\system32\\svchost.exe -k ClipboardSvcGroup -p","TargetUserSid":"S-1-5-21-2264196694-1469429678-912427992-1107","TargetUserName":"tim.smith","TargetDomainName":"STACKEDPADS","TargetLogonId":"0x307504","ParentProcessName":"C:\\Windows\\System32\\services.exe","MandatoryLabel":"S-1-16-8192","EventReceivedTime":1657287723,"SourceModuleName":"in_default_channels","SourceModuleType":"im_msvistalog"}
<14>Jul  8 13:42:03 wrk-shasek.stackedpads.local Microsoft-Windows-Security-Auditing[4]: {"EventTime":1657287722,"Hostname":"wrk-shasek.stackedpads.local","Keywords":-9214364837600034816,"EventType":"AUDIT_SUCCESS","SeverityValue":2,"Severity":"INFO","EventID":4688,"SourceName":"Microsoft-Windows-Security-Auditing","ProviderGuid":"{54849625-5478-4994-A5BA-3E3B0328C30D}","Version":2,"Task":13312,"OpcodeValue":0,"RecordNumber":2712831,"ProcessID":4,"ThreadID":6416,"Channel":"Security","Message":"A new process has been created.\r\n\r\nCreator Subject:\r\n\tSecurity ID:\t\tS-1-5-18\r\n\tAccount Name:\t\tWRK-SHASEK$\r\n\tAccount Domain:\t\tSTACKEDPADS\r\n\tLogon ID:\t\t0x3E7\r\n\r\nTarget Subject:\r\n\tSecurity ID:\t\tS-1-5-21-2264196694-1469429678-912427992-1107\r\n\tAccount Name:\t\ttim.smith\r\n\tAccount Domain:\t\tSTACKEDPADS\r\n\tLogon ID:\t\t0x307504\r\n\r\nProcess Information:\r\n\tNew Process ID:\t\t0x1618\r\n\tNew Process Name:\tC:\\Windows\\System32\\dllhost.exe\r\n\tToken Elevation Type:\t%%1938\r\n\tMandatory Label:\t\tS-1-16-8192\r\n\tCreator Process ID:\t0x300\r\n\tCreator Process Name:\tC:\\Windows\\System32\\svchost.exe\r\n\tProcess Command Line:\tC:\\Windows\\system32\\DllHost.exe /Processid:{AB8902B4-09CA-4BB6-B78D-A8F59079A8D5}\r\n\r\nToken Elevation Type indicates the type of token that was assigned to the new process in accordance with User Account Control policy.\r\n\r\nType 1 is a full token with no privileges removed or groups disabled.  A full token is only used if User Account Control is disabled or if the user is the built-in Administrator account or a service account.\r\n\r\nType 2 is an elevated token with no privileges removed or groups disabled.  An elevated token is used when User Account Control is enabled and the user chooses to start the program using Run as administrator.  An elevated token is also used when an application is configured to always require administrative privilege or to always require maximum privilege, and the user is a member of the Administrators group.\r\n\r\nType 3 is a limited token with administrative privileges removed and administrative groups disabled.  The limited token is used when User Account Control is enabled, the application does not require administrative privilege, and the user does not choose to start the program using Run as administrator.","Category":"Process Creation","Opcode":"Info","SubjectUserSid":"S-1-5-18","SubjectUserName":"WRK-SHASEK$","SubjectDomainName":"STACKEDPADS","SubjectLogonId":"0x3e7","NewProcessId":"0x1618","NewProcessName":"C:\\Windows\\System32\\dllhost.exe","TokenElevationType":"%%1938","CommandLine":"C:\\Windows\\system32\\DllHost.exe /Processid:{AB8902B4-09CA-4BB6-B78D-A8F59079A8D5}","TargetUserSid":"S-1-5-21-2264196694-1469429678-912427992-1107","TargetUserName":"tim.smith","TargetDomainName":"STACKEDPADS","TargetLogonId":"0x307504","ParentProcessName":"C:\\Windows\\System32\\svchost.exe","MandatoryLabel":"S-1-16-8192","EventReceivedTime":1657287723,"SourceModuleName":"in_default_channels","SourceModuleType":"im_msvistalog"}
<14>Jul  8 13:42:03 wrk-shasek.stackedpads.local Microsoft-Windows-Security-Auditing[4]: {"EventTime":1657287722,"Hostname":"wrk-shasek.stackedpads.local","Keywords":-9214364837600034816,"EventType":"AUDIT_SUCCESS","SeverityValue":2,"Severity":"INFO","EventID":5158,"SourceName":"Microsoft-Windows-Security-Auditing","ProviderGuid":"{54849625-5478-4994-A5BA-3E3B0328C30D}","Version":0,"Task":12810,"OpcodeValue":0,"RecordNumber":2712828,"ProcessID":4,"ThreadID":6416,"Channel":"Security","Message":"The Windows Filtering Platform has permitted a bind to a local port.\r\n\r\nApplication Information:\r\n\tProcess ID:\t\t4188\r\n\tApplication Name:\t\\device\\harddiskvolume3\\windows\\system32\\svchost.exe\r\n\r\nNetwork Information:\r\n\tSource Address:\t\t0.0.0.0\r\n\tSource Port:\t\t49846\r\n\tProtocol:\t\t6\r\n\r\nFilter Information:\r\n\tFilter Run-Time ID:\t0\r\n\tLayer Name:\t\tResource Assignment\r\n\tLayer Run-Time ID:\t36","Category":"Filtering Platform Connection","Opcode":"Info","Application":"\\device\\harddiskvolume3\\windows\\system32\\svchost.exe","SourceAddress":"0.0.0.0","SourcePort":"49846","Protocol":"6","FilterRTID":"0","LayerName":"%%14608","LayerRTID":"36","EventReceivedTime":1657287723,"SourceModuleName":"in_default_channels","SourceModuleType":"im_msvistalog"}
<14>Jul  8 13:42:03 wrk-shasek.stackedpads.local Microsoft-Windows-Security-Auditing[4]: {"EventTime":1657287722,"Hostname":"wrk-shasek.stackedpads.local","Keywords":-9214364837600034816,"EventType":"AUDIT_SUCCESS","SeverityValue":2,"Severity":"INFO","EventID":5158,"SourceName":"Microsoft-Windows-Security-Auditing","ProviderGuid":"{54849625-5478-4994-A5BA-3E3B0328C30D}","Version":0,"Task":12810,"OpcodeValue":0,"RecordNumber":2712825,"ProcessID":4,"ThreadID":6416,"Channel":"Security","Message":"The Windows Filtering Platform has permitted a bind to a local port.\r\n\r\nApplication Information:\r\n\tProcess ID:\t\t1172\r\n\tApplication Name:\t\\device\\harddiskvolume3\\windows\\system32\\svchost.exe\r\n\r\nNetwork Information:\r\n\tSource Address:\t\t::\r\n\tSource Port:\t\t63581\r\n\tProtocol:\t\t17\r\n\r\nFilter Information:\r\n\tFilter Run-Time ID:\t0\r\n\tLayer Name:\t\tResource Assignment\r\n\tLayer Run-Time ID:\t36","Category":"Filtering Platform Connection","Opcode":"Info","Application":"\\device\\harddiskvolume3\\windows\\system32\\svchost.exe","SourceAddress":"::","SourcePort":"63581","Protocol":"17","FilterRTID":"0","LayerName":"%%14608","LayerRTID":"36","EventReceivedTime":1657287723,"SourceModuleName":"in_default_channels","SourceModuleType":"im_msvistalog"}
<14>Jul  8 13:42:03 wrk-shasek.stackedpads.local Microsoft-Windows-Security-Auditing[4]: {"EventTime":1657287722,"Hostname":"wrk-shasek.stackedpads.local","Keywords":-9214364837600034816,"EventType":"AUDIT_SUCCESS","SeverityValue":2,"Severity":"INFO","EventID":5158,"SourceName":"Microsoft-Windows-Security-Auditing","ProviderGuid":"{54849625-5478-4994-A5BA-3E3B0328C30D}","Version":0,"Task":12810,"OpcodeValue":0,"RecordNumber":2712826,"ProcessID":4,"ThreadID":6416,"Channel":"Security","Message":"The Windows Filtering Platform has permitted a bind to a local port.\r\n\r\nApplication Information:\r\n\tProcess ID:\t\t1172\r\n\tApplication Name:\t\\device\\harddiskvolume3\\windows\\system32\\svchost.exe\r\n\r\nNetwork Information:\r\n\tSource Address:\t\t::\r\n\tSource Port:\t\t63581\r\n\tProtocol:\t\t17\r\n\r\nFilter Information:\r\n\tFilter Run-Time ID:\t0\r\n\tLayer Name:\t\tResource Assignment\r\n\tLayer Run-Time ID:\t38","Category":"Filtering Platform Connection","Opcode":"Info","Application":"\\device\\harddiskvolume3\\windows\\system32\\svchost.exe","SourceAddress":"::","SourcePort":"63581","Protocol":"17","FilterRTID":"0","LayerName":"%%14608","LayerRTID":"38","EventReceivedTime":1657287723,"SourceModuleName":"in_default_channels","SourceModuleType":"im_msvistalog"}
<11>Jul  8 13:42:04 wrk-shasek.stackedpads.local Microsoft-Windows-Security-Auditing[4]: {"EventTime":1657287723,"Hostname":"wrk-shasek.stackedpads.local","Keywords":-9218868437227405312,"EventType":"AUDIT_FAILURE","SeverityValue":4,"Severity":"ERROR","EventID":4673,"SourceName":"Microsoft-Windows-Security-Auditing","ProviderGuid":"{54849625-5478-4994-A5BA-3E3B0328C30D}","Version":0,"Task":13056,"OpcodeValue":0,"RecordNumber":2712832,"ProcessID":4,"ThreadID":180,"Channel":"Security","Message":"A privileged service was called.\r\n\r\nSubject:\r\n\tSecurity ID:\t\tS-1-5-21-2264196694-1469429678-912427992-1107\r\n\tAccount Name:\t\ttim.smith\r\n\tAccount Domain:\t\tSTACKEDPADS\r\n\tLogon ID:\t\t0x307504\r\n\r\nService:\r\n\tServer:\tSecurity\r\n\tService Name:\t-\r\n\r\nProcess:\r\n\tProcess ID:\t0x1604\r\n\tProcess Name:\tC:\\Windows\\explorer.exe\r\n\r\nService Request Information:\r\n\tPrivileges:\t\tSeTcbPrivilege","Category":"Sensitive Privilege Use","Opcode":"Info","SubjectUserSid":"S-1-5-21-2264196694-1469429678-912427992-1107","SubjectUserName":"tim.smith","SubjectDomainName":"STACKEDPADS","SubjectLogonId":"0x307504","ObjectServer":"Security","Service":"-","PrivilegeList":"SeTcbPrivilege","ProcessName":"C:\\Windows\\explorer.exe","EventReceivedTime":1657287724,"SourceModuleName":"in_default_channels","SourceModuleType":"im_msvistalog"}
<11>Jul  8 13:42:05 wrk-shasek.stackedpads.local Microsoft-Windows-Security-Auditing[4]: {"EventTime":1657287724,"Hostname":"wrk-shasek.stackedpads.local","Keywords":-9218868437227405312,"EventType":"AUDIT_FAILURE","SeverityValue":4,"Severity":"ERROR","EventID":4673,"SourceName":"Microsoft-Windows-Security-Auditing","ProviderGuid":"{54849625-5478-4994-A5BA-3E3B0328C30D}","Version":0,"Task":13056,"OpcodeValue":0,"RecordNumber":2712843,"ProcessID":4,"ThreadID":180,"Channel":"Security","Message":"A privileged service was called.\r\n\r\nSubject:\r\n\tSecurity ID:\t\tS-1-5-21-2264196694-1469429678-912427992-1107\r\n\tAccount Name:\t\ttim.smith\r\n\tAccount Domain:\t\tSTACKEDPADS\r\n\tLogon ID:\t\t0x307504\r\n\r\nService:\r\n\tServer:\tSecurity\r\n\tService Name:\t-\r\n\r\nProcess:\r\n\tProcess ID:\t0x300\r\n\tProcess Name:\tC:\\Windows\\System32\\svchost.exe\r\n\r\nService Request Information:\r\n\tPrivileges:\t\tSeTcbPrivilege","Category":"Sensitive Privilege Use","Opcode":"Info","SubjectUserSid":"S-1-5-21-2264196694-1469429678-912427992-1107","SubjectUserName":"tim.smith","SubjectDomainName":"STACKEDPADS","SubjectLogonId":"0x307504","ObjectServer":"Security","Service":"-","PrivilegeList":"SeTcbPrivilege","ProcessName":"C:\\Windows\\System32\\svchost.exe","EventReceivedTime":1657287725,"SourceModuleName":"in_default_channels","SourceModuleType":"im_msvistalog"}
<14>Jul  8 13:42:04 wrk-shasek.stackedpads.local Microsoft-Windows-Security-Auditing[4]: {"EventTime":1657287723,"Hostname":"wrk-shasek.stackedpads.local","Keywords":-9214364837600034816,"EventType":"AUDIT_SUCCESS","SeverityValue":2,"Severity":"INFO","EventID":4689,"SourceName":"Microsoft-Windows-Security-Auditing","ProviderGuid":"{54849625-5478-4994-A5BA-3E3B0328C30D}","Version":0,"Task":13313,"OpcodeValue":0,"RecordNumber":2712833,"ProcessID":4,"ThreadID":1756,"Channel":"Security","Message":"A process has exited.\r\n\r\nSubject:\r\n\tSecurity ID:\t\tS-1-5-21-2264196694-1469429678-912427992-1107\r\n\tAccount Name:\t\ttim.smith\r\n\tAccount Domain:\t\tSTACKEDPADS\r\n\tLogon ID:\t\t0x307504\r\n\r\nProcess Information:\r\n\tProcess ID:\t0x17c0\r\n\tProcess Name:\tC:\\Windows\\System32\\dllhost.exe\r\n\tExit Status:\t0x0","Category":"Process Termination","Opcode":"Info","SubjectUserSid":"S-1-5-21-2264196694-1469429678-912427992-1107","SubjectUserName":"tim.smith","SubjectDomainName":"STACKEDPADS","SubjectLogonId":"0x307504","Status":"0x0","ProcessName":"C:\\Windows\\System32\\dllhost.exe","EventReceivedTime":1657287724,"SourceModuleName":"in_default_channels","SourceModuleType":"im_msvistalog"}
<14>Jul  8 13:42:04 wrk-shasek.stackedpads.local Microsoft-Windows-Security-Auditing[4]: {"EventTime":1657287724,"Hostname":"wrk-shasek.stackedpads.local","Keywords":-9214364837600034816,"EventType":"AUDIT_SUCCESS","SeverityValue":2,"Severity":"INFO","EventID":4689,"SourceName":"Microsoft-Windows-Security-Auditing","ProviderGuid":"{54849625-5478-4994-A5BA-3E3B0328C30D}","Version":0,"Task":13313,"OpcodeValue":0,"RecordNumber":2712839,"ProcessID":4,"ThreadID":1756,"Channel":"Security","Message":"A process has exited.\r\n\r\nSubject:\r\n\tSecurity ID:\t\tS-1-5-21-2264196694-1469429678-912427992-1107\r\n\tAccount Name:\t\ttim.smith\r\n\tAccount Domain:\t\tSTACKEDPADS\r\n\tLogon ID:\t\t0x307504\r\n\r\nProcess Information:\r\n\tProcess ID:\t0xff4\r\n\tProcess Name:\tC:\\Windows\\System32\\taskhostw.exe\r\n\tExit Status:\t0x0","Category":"Process Termination","Opcode":"Info","SubjectUserSid":"S-1-5-21-2264196694-1469429678-912427992-1107","SubjectUserName":"tim.smith","SubjectDomainName":"STACKEDPADS","SubjectLogonId":"0x307504","Status":"0x0","ProcessName":"C:\\Windows\\System32\\taskhostw.exe","EventReceivedTime":1657287724,"SourceModuleName":"in_default_channels","SourceModuleType":"im_msvistalog"}
<14>Jul  8 13:42:04 wrk-shasek.stackedpads.local Microsoft-Windows-Security-Auditing[4]: {"EventTime":1657287724,"Hostname":"wrk-shasek.stackedpads.local","Keywords":-9214364837600034816,"EventType":"AUDIT_SUCCESS","SeverityValue":2,"Severity":"INFO","EventID":5156,"SourceName":"Microsoft-Windows-Security-Auditing","ProviderGuid":"{54849625-5478-4994-A5BA-3E3B0328C30D}","Version":1,"Task":12810,"OpcodeValue":0,"RecordNumber":2712836,"ProcessID":4,"ThreadID":1756,"Channel":"Security","Message":"The Windows Filtering Platform has permitted a connection.\r\n\r\nApplication Information:\r\n\tProcess ID:\t\t1172\r\n\tApplication Name:\t\\device\\harddiskvolume3\\windows\\system32\\svchost.exe\r\n\r\nNetwork Information:\r\n\tDirection:\t\tOutbound\r\n\tSource Address:\t\t10.1.0.50\r\n\tSource Port:\t\t63108\r\n\tDestination Address:\t10.1.0.4\r\n\tDestination Port:\t\t53\r\n\tProtocol:\t\t17\r\n\r\nFilter Information:\r\n\tFilter Run-Time ID:\t67593\r\n\tLayer Name:\t\tConnect\r\n\tLayer Run-Time ID:\t48","Category":"Filtering Platform Connection","Opcode":"Info","Application":"\\device\\harddiskvolume3\\windows\\system32\\svchost.exe","Direction":"%%14593","SourceAddress":"10.1.0.50","SourcePort":"63108","DestAddress":"10.1.0.4","DestPort":"53","Protocol":"17","FilterRTID":"67593","LayerName":"%%14611","LayerRTID":"48","RemoteUserID":"S-1-0-0","RemoteMachineID":"S-1-0-0","EventReceivedTime":1657287724,"SourceModuleName":"in_default_channels","SourceModuleType":"im_msvistalog"}
<14>Jul  8 13:42:04 wrk-shasek.stackedpads.local Microsoft-Windows-Security-Auditing[4]: {"EventTime":1657287724,"Hostname":"wrk-shasek.stackedpads.local","Keywords":-9214364837600034816,"EventType":"AUDIT_SUCCESS","SeverityValue":2,"Severity":"INFO","EventID":5156,"SourceName":"Microsoft-Windows-Security-Auditing","ProviderGuid":"{54849625-5478-4994-A5BA-3E3B0328C30D}","Version":1,"Task":12810,"OpcodeValue":0,"RecordNumber":2712838,"ProcessID":4,"ThreadID":1756,"Channel":"Security","Message":"The Windows Filtering Platform has permitted a connection.\r\n\r\nApplication Information:\r\n\tProcess ID:\t\t5636\r\n\tApplication Name:\t\\device\\harddiskvolume3\\windows\\explorer.exe\r\n\r\nNetwork Information:\r\n\tDirection:\t\tOutbound\r\n\tSource Address:\t\t10.1.0.50\r\n\tSource Port:\t\t49847\r\n\tDestination Address:\t204.79.197.203\r\n\tDestination Port:\t\t443\r\n\tProtocol:\t\t6\r\n\r\nFilter Information:\r\n\tFilter Run-Time ID:\t67593\r\n\tLayer Name:\t\tConnect\r\n\tLayer Run-Time ID:\t48","Category":"Filtering Platform Connection","Opcode":"Info","Application":"\\device\\harddiskvolume3\\windows\\explorer.exe","Direction":"%%14593","SourceAddress":"10.1.0.50","SourcePort":"49847","DestAddress":"204.79.197.203","DestPort":"443","Protocol":"6","FilterRTID":"67593","LayerName":"%%14611","LayerRTID":"48","RemoteUserID":"S-1-0-0","RemoteMachineID":"S-1-0-0","EventReceivedTime":1657287724,"SourceModuleName":"in_default_channels","SourceModuleType":"im_msvistalog"}
<14>Jul  8 13:42:05 wrk-shasek.stackedpads.local Microsoft-Windows-TaskScheduler[396]: {"EventTime":1657287724,"Hostname":"wrk-shasek.stackedpads.local","Keywords":-9223372036854775807,"EventType":"INFO","SeverityValue":2,"Severity":"INFO","EventID":102,"SourceName":"Microsoft-Windows-TaskScheduler","ProviderGuid":"{DE7B24EA-73C8-4A09-985D-5BDADCFA9017}","Version":0,"Task":102,"OpcodeValue":2,"RecordNumber":5553,"ActivityID":"{F8B27DE4-A9EF-4867-8B0A-A073C12AC221}","ProcessID":396,"ThreadID":3180,"Channel":"Microsoft-Windows-TaskScheduler/Operational","Domain":"NT AUTHORITY","AccountName":"SYSTEM","UserID":"S-1-5-18","AccountType":"User","Message":"Task Scheduler successfully finished \"{f8b27de4-a9ef-4867-8b0a-a073c12ac221}\" instance of the \"\\Microsoft\\Windows\\CertificateServicesClient\\UserTask\" task for user \"STACKEDPADS\\tim.smith\".","Category":"Task completed","Opcode":"Stop","TaskName":"\\Microsoft\\Windows\\CertificateServicesClient\\UserTask","UserContext":"STACKEDPADS\\tim.smith","InstanceId":"{f8b27de4-a9ef-4867-8b0a-a073c12ac221}","EventReceivedTime":1657287725,"SourceModuleName":"in_default_channels","SourceModuleType":"im_msvistalog"}
