<14>Jul  8 13:40:56 activedir.stackedpads.local Microsoft-Windows-Security-Auditing[652]: {"EventTime":1657287653,"Hostname":"activedir.stackedpads.local","Keywords":-9214364837600034816,"EventType":"AUDIT_SUCCESS","SeverityValue":2,"Severity":"INFO","EventID":4672,"SourceName":"Microsoft-Windows-Security-Auditing","ProviderGuid":"{54849625-5478-4994-A5BA-3E3B0328C30D}","Version":0,"Task":12548,"OpcodeValue":0,"RecordNumber":510323,"ActivityID":"{17C583A3-4BA6-0001-7FA6-6310CF92D801}","ProcessID":652,"ThreadID":704,"Channel":"Security","Message":"Special privileges assigned to new logon.\r\n\r\nSubject:\r\n\tSecurity ID:\t\tS-1-5-21-2264196694-1469429678-912427992-1104\r\n\tAccount Name:\t\tfrank.kolzig\r\n\tAccount Domain:\t\tSTACKEDPADS\r\n\tLogon ID:\t\t0x162E28\r\n\r\nPrivileges:\t\tSeSecurityPrivilege\r\n\t\t\tSeTakeOwnershipPrivilege\r\n\t\t\tSeLoadDriverPrivilege\r\n\t\t\tSeBackupPrivilege\r\n\t\t\tSeRestorePrivilege\r\n\t\t\tSeDebugPrivilege\r\n\t\t\tSeSystemEnvironmentPrivilege\r\n\t\t\tSeEnableDelegationPrivilege\r\n\t\t\tSeImpersonatePrivilege\r\n\t\t\tSeDelegateSessionUserImpersonatePrivilege","Category":"Special Logon","Opcode":"Info","SubjectUserSid":"S-1-5-21-2264196694-1469429678-912427992-1104","SubjectUserName":"frank.kolzig","SubjectDomainName":"STACKEDPADS","SubjectLogonId":"0x162e28","PrivilegeList":"SeSecurityPrivilege\r\n\t\t\tSeTakeOwnershipPrivilege\r\n\t\t\tSeLoadDriverPrivilege\r\n\t\t\tSeBackupPrivilege\r\n\t\t\tSeRestorePrivilege\r\n\t\t\tSeDebugPrivilege\r\n\t\t\tSeSystemEnvironmentPrivilege\r\n\t\t\tSeEnableDelegationPrivilege\r\n\t\t\tSeImpersonatePrivilege\r\n\t\t\tSeDelegateSessionUserImpersonatePrivilege","EventReceivedTime":1657287656,"SourceModuleName":"in_default_channels","SourceModuleType":"im_msvistalog"}
<14>Jul  8 13:40:56 activedir.stackedpads.local Microsoft-Windows-Security-Auditing[652]: {"EventTime":1657287653,"Hostname":"activedir.stackedpads.local","Keywords":-9214364837600034816,"EventType":"AUDIT_SUCCESS","SeverityValue":2,"Severity":"INFO","EventID":4624,"SourceName":"Microsoft-Windows-Security-Auditing","ProviderGuid":"{54849625-5478-4994-A5BA-3E3B0328C30D}","Version":2,"Task":12544,"OpcodeValue":0,"RecordNumber":510321,"ActivityID":"{17C583A3-4BA6-0001-7FA6-6310CF92D801}","ProcessID":652,"ThreadID":704,"Channel":"Security","Message":"An account was successfully logged on.\r\n\r\nSubject:\r\n\tSecurity ID:\t\tS-1-5-18\r\n\tAccount Name:\t\tACTIVEDIR$\r\n\tAccount Domain:\t\tSTACKEDPADS\r\n\tLogon ID:\t\t0x3E7\r\n\r\nLogon Information:\r\n\tLogon Type:\t\t10\r\n\tRestricted Admin Mode:\tNo\r\n\tVirtual Account:\t\tNo\r\n\tElevated Token:\t\tYes\r\n\r\nImpersonation Level:\t\tImpersonation\r\n\r\nNew Logon:\r\n\tSecurity ID:\t\tS-1-5-21-2264196694-1469429678-912427992-1104\r\n\tAccount Name:\t\tfrank.kolzig\r\n\tAccount Domain:\t\tSTACKEDPADS\r\n\tLogon ID:\t\t0x162E28\r\n\tLinked Logon ID:\t\t0x16307A\r\n\tNetwork Account Name:\t-\r\n\tNetwork Account Domain:\t-\r\n\tLogon GUID:\t\t{43cc6896-8f43-bee4-68ff-9894d683ea59}\r\n\r\nProcess Information:\r\n\tProcess ID:\t\t0x888\r\n\tProcess Name:\t\tC:\\Windows\\System32\\svchost.exe\r\n\r\nNetwork Information:\r\n\tWorkstation Name:\tACTIVEDIR\r\n\tSource Network Address:\t35.235.245.129\r\n\tSource Port:\t\t0\r\n\r\nDetailed Authentication Information:\r\n\tLogon Process:\t\tUser32 \r\n\tAuthentication Package:\tNegotiate\r\n\tTransited Services:\t-\r\n\tPackage Name (NTLM only):\t-\r\n\tKey Length:\t\t0\r\n\r\nThis event is generated when a logon session is created. It is generated on the computer that was accessed.\r\n\r\nThe subject fields indicate the account on the local system which requested the logon. This is most commonly a service such as the Server service, or a local process such as Winlogon.exe or Services.exe.\r\n\r\nThe logon type field indicates the kind of logon that occurred. The most common types are 2 (interactive) and 3 (network).\r\n\r\nThe New Logon fields indicate the account for whom the new logon was created, i.e. the account that was logged on.\r\n\r\nThe network fields indicate where a remote logon request originated. Workstation name is not always available and may be left blank in some cases.\r\n\r\nThe impersonation level field indicates the extent to which a process in the logon session can impersonate.\r\n\r\nThe authentication information fields provide detailed information about this specific logon request.\r\n\t- Logon GUID is a unique identifier that can be used to correlate this event with a KDC event.\r\n\t- Transited services indicate which intermediate services have participated in this logon request.\r\n\t- Package name indicates which sub-protocol was used among the NTLM protocols.\r\n\t- Key length indicates the length of the generated session key. This will be 0 if no session key was requested.","Category":"Logon","Opcode":"Info","SubjectUserSid":"S-1-5-18","SubjectUserName":"ACTIVEDIR$","SubjectDomainName":"STACKEDPADS","SubjectLogonId":"0x3e7","TargetUserSid":"S-1-5-21-2264196694-1469429678-912427992-1104","TargetUserName":"frank.kolzig","TargetDomainName":"STACKEDPADS","TargetLogonId":"0x162e28","LogonType":"10","LogonProcessName":"User32 ","AuthenticationPackageName":"Negotiate","WorkstationName":"ACTIVEDIR","LogonGuid":"{43cc6896-8f43-bee4-68ff-9894d683ea59}","TransmittedServices":"-","LmPackageName":"-","KeyLength":"0","ProcessName":"C:\\Windows\\System32\\svchost.exe","IpAddress":"35.235.245.129","IpPort":"0","ImpersonationLevel":"%%1833","RestrictedAdminMode":"%%1843","TargetOutboundUserName":"-","TargetOutboundDomainName":"-","VirtualAccount":"%%1843","TargetLinkedLogonId":"0x16307a","ElevatedToken":"%%1842","EventReceivedTime":1657287656,"SourceModuleName":"in_default_channels","SourceModuleType":"im_msvistalog"}
<14>Jul  8 13:40:56 activedir.stackedpads.local Microsoft-Windows-Security-Auditing[652]: {"EventTime":1657287653,"Hostname":"activedir.stackedpads.local","Keywords":-9214364837600034816,"EventType":"AUDIT_SUCCESS","SeverityValue":2,"Severity":"INFO","EventID":4648,"SourceName":"Microsoft-Windows-Security-Auditing","ProviderGuid":"{54849625-5478-4994-A5BA-3E3B0328C30D}","Version":0,"Task":12544,"OpcodeValue":0,"RecordNumber":510320,"ActivityID":"{17C583A3-4BA6-0001-7FA6-6310CF92D801}","ProcessID":652,"ThreadID":704,"Channel":"Security","Message":"A logon was attempted using explicit credentials.\r\n\r\nSubject:\r\n\tSecurity ID:\t\tS-1-5-18\r\n\tAccount Name:\t\tACTIVEDIR$\r\n\tAccount Domain:\t\tSTACKEDPADS\r\n\tLogon ID:\t\t0x3E7\r\n\tLogon GUID:\t\t{00000000-0000-0000-0000-000000000000}\r\n\r\nAccount Whose Credentials Were Used:\r\n\tAccount Name:\t\tfrank.kolzig\r\n\tAccount Domain:\t\tSTACKEDPADS\r\n\tLogon GUID:\t\t{43cc6896-8f43-bee4-68ff-9894d683ea59}\r\n\r\nTarget Server:\r\n\tTarget Server Name:\tlocalhost\r\n\tAdditional Information:\tlocalhost\r\n\r\nProcess Information:\r\n\tProcess ID:\t\t0x888\r\n\tProcess Name:\t\tC:\\Windows\\System32\\svchost.exe\r\n\r\nNetwork Information:\r\n\tNetwork Address:\t35.235.245.129\r\n\tPort:\t\t\t0\r\n\r\nThis event is generated when a process attempts to log on an account by explicitly specifying that accounts credentials.  This most commonly occurs in batch-type configurations such as scheduled tasks, or when using the RUNAS command.","Category":"Logon","Opcode":"Info","SubjectUserSid":"S-1-5-18","SubjectUserName":"ACTIVEDIR$","SubjectDomainName":"STACKEDPADS","SubjectLogonId":"0x3e7","LogonGuid":"{00000000-0000-0000-0000-000000000000}","TargetUserName":"frank.kolzig","TargetDomainName":"STACKEDPADS","TargetLogonGuid":"{43cc6896-8f43-bee4-68ff-9894d683ea59}","TargetServerName":"localhost","TargetInfo":"localhost","ProcessName":"C:\\Windows\\System32\\svchost.exe","IpAddress":"35.235.245.129","IpPort":"0","EventReceivedTime":1657287656,"SourceModuleName":"in_default_channels","SourceModuleType":"im_msvistalog"}
<14>Jul  8 13:40:56 activedir.stackedpads.local Microsoft-Windows-Security-Auditing[652]: {"EventTime":1657287654,"Hostname":"activedir.stackedpads.local","Keywords":-9214364837600034816,"EventType":"AUDIT_SUCCESS","SeverityValue":2,"Severity":"INFO","EventID":4697,"SourceName":"Microsoft-Windows-Security-Auditing","ProviderGuid":"{54849625-5478-4994-A5BA-3E3B0328C30D}","Version":1,"Task":12289,"OpcodeValue":0,"RecordNumber":510336,"ActivityID":"{17C583A3-4BA6-0001-7FA6-6310CF92D801}","ProcessID":652,"ThreadID":692,"Channel":"Security","Message":"A service was installed in the system.\r\n\r\nSubject:\r\n\tSecurity ID:\t\tS-1-5-18\r\n\tAccount Name:\t\tACTIVEDIR$\r\n\tAccount Domain:\t\tSTACKEDPADS\r\n\tLogon ID:\t\t0x3E7\r\n\r\nService Information:\r\n\tService Name: \t\tCaptureService_16637d\r\n\tService File Name:\tC:\\Windows\\system32\\svchost.exe -k LocalService -p\r\n\tService Type: \t\t0xE0\r\n\tService Start Type:\t3\r\n\tService Account: \t\tLocalSystem","Category":"Security System Extension","Opcode":"Info","SubjectUserSid":"S-1-5-18","SubjectUserName":"ACTIVEDIR$","SubjectDomainName":"STACKEDPADS","SubjectLogonId":"0x3e7","ServiceName":"CaptureService_16637d","ServiceFileName":"C:\\Windows\\system32\\svchost.exe -k LocalService -p","ServiceType":"0xe0","ServiceStartType":"3","ServiceAccount":"LocalSystem","ClientProcessStartKey":"4785074604081203","ClientProcessId":"2184","ParentProcessId":"636","EventReceivedTime":1657287656,"SourceModuleName":"in_default_channels","SourceModuleType":"im_msvistalog"}
<14>Jul  8 13:40:56 activedir.stackedpads.local Microsoft-Windows-Security-Auditing[652]: {"EventTime":1657287654,"Hostname":"activedir.stackedpads.local","Keywords":-9214364837600034816,"EventType":"AUDIT_SUCCESS","SeverityValue":2,"Severity":"INFO","EventID":4697,"SourceName":"Microsoft-Windows-Security-Auditing","ProviderGuid":"{54849625-5478-4994-A5BA-3E3B0328C30D}","Version":1,"Task":12289,"OpcodeValue":0,"RecordNumber":510339,"ActivityID":"{17C583A3-4BA6-0001-7FA6-6310CF92D801}","ProcessID":652,"ThreadID":3996,"Channel":"Security","Message":"A service was installed in the system.\r\n\r\nSubject:\r\n\tSecurity ID:\t\tS-1-5-18\r\n\tAccount Name:\t\tACTIVEDIR$\r\n\tAccount Domain:\t\tSTACKEDPADS\r\n\tLogon ID:\t\t0x3E7\r\n\r\nService Information:\r\n\tService Name: \t\tCDPUserSvc_16637d\r\n\tService File Name:\tC:\\Windows\\system32\\svchost.exe -k UnistackSvcGroup\r\n\tService Type: \t\t0xE0\r\n\tService Start Type:\t2\r\n\tService Account: \t\tLocalSystem","Category":"Security System Extension","Opcode":"Info","SubjectUserSid":"S-1-5-18","SubjectUserName":"ACTIVEDIR$","SubjectDomainName":"STACKEDPADS","SubjectLogonId":"0x3e7","ServiceName":"CDPUserSvc_16637d","ServiceFileName":"C:\\Windows\\system32\\svchost.exe -k UnistackSvcGroup","ServiceType":"0xe0","ServiceStartType":"2","ServiceAccount":"LocalSystem","ClientProcessStartKey":"4785074604081203","ClientProcessId":"2184","ParentProcessId":"636","EventReceivedTime":1657287656,"SourceModuleName":"in_default_channels","SourceModuleType":"im_msvistalog"}
<14>Jul  8 13:40:56 activedir.stackedpads.local Microsoft-Windows-Security-Auditing[652]: {"EventTime":1657287654,"Hostname":"activedir.stackedpads.local","Keywords":-9214364837600034816,"EventType":"AUDIT_SUCCESS","SeverityValue":2,"Severity":"INFO","EventID":4697,"SourceName":"Microsoft-Windows-Security-Auditing","ProviderGuid":"{54849625-5478-4994-A5BA-3E3B0328C30D}","Version":1,"Task":12289,"OpcodeValue":0,"RecordNumber":510343,"ActivityID":"{17C583A3-4BA6-0001-7FA6-6310CF92D801}","ProcessID":652,"ThreadID":3996,"Channel":"Security","Message":"A service was installed in the system.\r\n\r\nSubject:\r\n\tSecurity ID:\t\tS-1-5-18\r\n\tAccount Name:\t\tACTIVEDIR$\r\n\tAccount Domain:\t\tSTACKEDPADS\r\n\tLogon ID:\t\t0x3E7\r\n\r\nService Information:\r\n\tService Name: \t\tPimIndexMaintenanceSvc_16637d\r\n\tService File Name:\tC:\\Windows\\system32\\svchost.exe -k UnistackSvcGroup\r\n\tService Type: \t\t0xE0\r\n\tService Start Type:\t3\r\n\tService Account: \t\tLocalSystem","Category":"Security System Extension","Opcode":"Info","SubjectUserSid":"S-1-5-18","SubjectUserName":"ACTIVEDIR$","SubjectDomainName":"STACKEDPADS","SubjectLogonId":"0x3e7","ServiceName":"PimIndexMaintenanceSvc_16637d","ServiceFileName":"C:\\Windows\\system32\\svchost.exe -k UnistackSvcGroup","ServiceType":"0xe0","ServiceStartType":"3","ServiceAccount":"LocalSystem","ClientProcessStartKey":"4785074604081203","ClientProcessId":"2184","ParentProcessId":"636","EventReceivedTime":1657287656,"SourceModuleName":"in_default_channels","SourceModuleType":"im_msvistalog"}
<14>Jul  8 13:40:56 activedir.stackedpads.local Microsoft-Windows-Security-Auditing[652]: {"EventTime":1657287654,"Hostname":"activedir.stackedpads.local","Keywords":-9214364837600034816,"EventType":"AUDIT_SUCCESS","SeverityValue":2,"Severity":"INFO","EventID":4697,"SourceName":"Microsoft-Windows-Security-Auditing","ProviderGuid":"{54849625-5478-4994-A5BA-3E3B0328C30D}","Version":1,"Task":12289,"OpcodeValue":0,"RecordNumber":510346,"ActivityID":"{17C583A3-4BA6-0001-7FA6-6310CF92D801}","ProcessID":652,"ThreadID":3996,"Channel":"Security","Message":"A service was installed in the system.\r\n\r\nSubject:\r\n\tSecurity ID:\t\tS-1-5-18\r\n\tAccount Name:\t\tACTIVEDIR$\r\n\tAccount Domain:\t\tSTACKEDPADS\r\n\tLogon ID:\t\t0x3E7\r\n\r\nService Information:\r\n\tService Name: \t\tUserDataSvc_16637d\r\n\tService File Name:\tC:\\Windows\\system32\\svchost.exe -k UnistackSvcGroup\r\n\tService Type: \t\t0xE0\r\n\tService Start Type:\t3\r\n\tService Account: \t\tLocalSystem","Category":"Security System Extension","Opcode":"Info","SubjectUserSid":"S-1-5-18","SubjectUserName":"ACTIVEDIR$","SubjectDomainName":"STACKEDPADS","SubjectLogonId":"0x3e7","ServiceName":"UserDataSvc_16637d","ServiceFileName":"C:\\Windows\\system32\\svchost.exe -k UnistackSvcGroup","ServiceType":"0xe0","ServiceStartType":"3","ServiceAccount":"LocalSystem","ClientProcessStartKey":"4785074604081203","ClientProcessId":"2184","ParentProcessId":"636","EventReceivedTime":1657287656,"SourceModuleName":"in_default_channels","SourceModuleType":"im_msvistalog"}
<14>Jul  8 13:40:56 activedir.stackedpads.local Microsoft-Windows-Security-Auditing[652]: {"EventTime":1657287654,"Hostname":"activedir.stackedpads.local","Keywords":-9214364837600034816,"EventType":"AUDIT_SUCCESS","SeverityValue":2,"Severity":"INFO","EventID":4697,"SourceName":"Microsoft-Windows-Security-Auditing","ProviderGuid":"{54849625-5478-4994-A5BA-3E3B0328C30D}","Version":1,"Task":12289,"OpcodeValue":0,"RecordNumber":510345,"ActivityID":"{17C583A3-4BA6-0001-7FA6-6310CF92D801}","ProcessID":652,"ThreadID":3996,"Channel":"Security","Message":"A service was installed in the system.\r\n\r\nSubject:\r\n\tSecurity ID:\t\tS-1-5-18\r\n\tAccount Name:\t\tACTIVEDIR$\r\n\tAccount Domain:\t\tSTACKEDPADS\r\n\tLogon ID:\t\t0x3E7\r\n\r\nService Information:\r\n\tService Name: \t\tUnistoreSvc_16637d\r\n\tService File Name:\tC:\\Windows\\System32\\svchost.exe -k UnistackSvcGroup\r\n\tService Type: \t\t0xE0\r\n\tService Start Type:\t3\r\n\tService Account: \t\tLocalSystem","Category":"Security System Extension","Opcode":"Info","SubjectUserSid":"S-1-5-18","SubjectUserName":"ACTIVEDIR$","SubjectDomainName":"STACKEDPADS","SubjectLogonId":"0x3e7","ServiceName":"UnistoreSvc_16637d","ServiceFileName":"C:\\Windows\\System32\\svchost.exe -k UnistackSvcGroup","ServiceType":"0xe0","ServiceStartType":"3","ServiceAccount":"LocalSystem","ClientProcessStartKey":"4785074604081203","ClientProcessId":"2184","ParentProcessId":"636","EventReceivedTime":1657287656,"SourceModuleName":"in_default_channels","SourceModuleType":"im_msvistalog"}
<14>Jul  8 13:40:56 activedir.stackedpads.local Microsoft-Windows-Security-Auditing[652]: {"EventTime":1657287654,"Hostname":"activedir.stackedpads.local","Keywords":-9214364837600034816,"EventType":"AUDIT_SUCCESS","SeverityValue":2,"Severity":"INFO","EventID":4697,"SourceName":"Microsoft-Windows-Security-Auditing","ProviderGuid":"{54849625-5478-4994-A5BA-3E3B0328C30D}","Version":1,"Task":12289,"OpcodeValue":0,"RecordNumber":510337,"ActivityID":"{17C583A3-4BA6-0001-7FA6-6310CF92D801}","ProcessID":652,"ThreadID":692,"Channel":"Security","Message":"A service was installed in the system.\r\n\r\nSubject:\r\n\tSecurity ID:\t\tS-1-5-18\r\n\tAccount Name:\t\tACTIVEDIR$\r\n\tAccount Domain:\t\tSTACKEDPADS\r\n\tLogon ID:\t\t0x3E7\r\n\r\nService Information:\r\n\tService Name: \t\tcbdhsvc_16637d\r\n\tService File Name:\tC:\\Windows\\system32\\svchost.exe -k ClipboardSvcGroup -p\r\n\tService Type: \t\t0xE0\r\n\tService Start Type:\t3\r\n\tService Account: \t\tLocalSystem","Category":"Security System Extension","Opcode":"Info","SubjectUserSid":"S-1-5-18","SubjectUserName":"ACTIVEDIR$","SubjectDomainName":"STACKEDPADS","SubjectLogonId":"0x3e7","ServiceName":"cbdhsvc_16637d","ServiceFileName":"C:\\Windows\\system32\\svchost.exe -k ClipboardSvcGroup -p","ServiceType":"0xe0","ServiceStartType":"3","ServiceAccount":"LocalSystem","ClientProcessStartKey":"4785074604081203","ClientProcessId":"2184","ParentProcessId":"636","EventReceivedTime":1657287656,"SourceModuleName":"in_default_channels","SourceModuleType":"im_msvistalog"}
<14>Jul  8 13:40:56 activedir.stackedpads.local Microsoft-Windows-Security-Auditing[652]: {"EventTime":1657287654,"Hostname":"activedir.stackedpads.local","Keywords":-9214364837600034816,"EventType":"AUDIT_SUCCESS","SeverityValue":2,"Severity":"INFO","EventID":4697,"SourceName":"Microsoft-Windows-Security-Auditing","ProviderGuid":"{54849625-5478-4994-A5BA-3E3B0328C30D}","Version":1,"Task":12289,"OpcodeValue":0,"RecordNumber":510341,"ActivityID":"{17C583A3-4BA6-0001-7FA6-6310CF92D801}","ProcessID":652,"ThreadID":3996,"Channel":"Security","Message":"A service was installed in the system.\r\n\r\nSubject:\r\n\tSecurity ID:\t\tS-1-5-18\r\n\tAccount Name:\t\tACTIVEDIR$\r\n\tAccount Domain:\t\tSTACKEDPADS\r\n\tLogon ID:\t\t0x3E7\r\n\r\nService Information:\r\n\tService Name: \t\tDevicePickerUserSvc_16637d\r\n\tService File Name:\tC:\\Windows\\system32\\svchost.exe -k DevicesFlow\r\n\tService Type: \t\t0xE0\r\n\tService Start Type:\t4\r\n\tService Account: \t\tLocalSystem","Category":"Security System Extension","Opcode":"Info","SubjectUserSid":"S-1-5-18","SubjectUserName":"ACTIVEDIR$","SubjectDomainName":"STACKEDPADS","SubjectLogonId":"0x3e7","ServiceName":"DevicePickerUserSvc_16637d","ServiceFileName":"C:\\Windows\\system32\\svchost.exe -k DevicesFlow","ServiceType":"0xe0","ServiceStartType":"4","ServiceAccount":"LocalSystem","ClientProcessStartKey":"4785074604081203","ClientProcessId":"2184","ParentProcessId":"636","EventReceivedTime":1657287656,"SourceModuleName":"in_default_channels","SourceModuleType":"im_msvistalog"}
<14>Jul  8 13:40:56 activedir.stackedpads.local Microsoft-Windows-Security-Auditing[652]: {"EventTime":1657287654,"Hostname":"activedir.stackedpads.local","Keywords":-9214364837600034816,"EventType":"AUDIT_SUCCESS","SeverityValue":2,"Severity":"INFO","EventID":4697,"SourceName":"Microsoft-Windows-Security-Auditing","ProviderGuid":"{54849625-5478-4994-A5BA-3E3B0328C30D}","Version":1,"Task":12289,"OpcodeValue":0,"RecordNumber":510347,"ActivityID":"{17C583A3-4BA6-0001-7FA6-6310CF92D801}","ProcessID":652,"ThreadID":3996,"Channel":"Security","Message":"A service was installed in the system.\r\n\r\nSubject:\r\n\tSecurity ID:\t\tS-1-5-18\r\n\tAccount Name:\t\tACTIVEDIR$\r\n\tAccount Domain:\t\tSTACKEDPADS\r\n\tLogon ID:\t\t0x3E7\r\n\r\nService Information:\r\n\tService Name: \t\tWpnUserService_16637d\r\n\tService File Name:\tC:\\Windows\\system32\\svchost.exe -k UnistackSvcGroup\r\n\tService Type: \t\t0xE0\r\n\tService Start Type:\t2\r\n\tService Account: \t\tLocalSystem","Category":"Security System Extension","Opcode":"Info","SubjectUserSid":"S-1-5-18","SubjectUserName":"ACTIVEDIR$","SubjectDomainName":"STACKEDPADS","SubjectLogonId":"0x3e7","ServiceName":"WpnUserService_16637d","ServiceFileName":"C:\\Windows\\system32\\svchost.exe -k UnistackSvcGroup","ServiceType":"0xe0","ServiceStartType":"2","ServiceAccount":"LocalSystem","ClientProcessStartKey":"4785074604081203","ClientProcessId":"2184","ParentProcessId":"636","EventReceivedTime":1657287656,"SourceModuleName":"in_default_channels","SourceModuleType":"im_msvistalog"}
<14>Jul  8 13:40:56 activedir.stackedpads.local Microsoft-Windows-Security-Auditing[652]: {"EventTime":1657287654,"Hostname":"activedir.stackedpads.local","Keywords":-9214364837600034816,"EventType":"AUDIT_SUCCESS","SeverityValue":2,"Severity":"INFO","EventID":4697,"SourceName":"Microsoft-Windows-Security-Auditing","ProviderGuid":"{54849625-5478-4994-A5BA-3E3B0328C30D}","Version":1,"Task":12289,"OpcodeValue":0,"RecordNumber":510344,"ActivityID":"{17C583A3-4BA6-0001-7FA6-6310CF92D801}","ProcessID":652,"ThreadID":3996,"Channel":"Security","Message":"A service was installed in the system.\r\n\r\nSubject:\r\n\tSecurity ID:\t\tS-1-5-18\r\n\tAccount Name:\t\tACTIVEDIR$\r\n\tAccount Domain:\t\tSTACKEDPADS\r\n\tLogon ID:\t\t0x3E7\r\n\r\nService Information:\r\n\tService Name: \t\tPrintWorkflowUserSvc_16637d\r\n\tService File Name:\tC:\\Windows\\system32\\svchost.exe -k PrintWorkflow\r\n\tService Type: \t\t0xE0\r\n\tService Start Type:\t3\r\n\tService Account: \t\tLocalSystem","Category":"Security System Extension","Opcode":"Info","SubjectUserSid":"S-1-5-18","SubjectUserName":"ACTIVEDIR$","SubjectDomainName":"STACKEDPADS","SubjectLogonId":"0x3e7","ServiceName":"PrintWorkflowUserSvc_16637d","ServiceFileName":"C:\\Windows\\system32\\svchost.exe -k PrintWorkflow","ServiceType":"0xe0","ServiceStartType":"3","ServiceAccount":"LocalSystem","ClientProcessStartKey":"4785074604081203","ClientProcessId":"2184","ParentProcessId":"636","EventReceivedTime":1657287656,"SourceModuleName":"in_default_channels","SourceModuleType":"im_msvistalog"}
<14>Jul  8 13:40:56 activedir.stackedpads.local Microsoft-Windows-Security-Auditing[652]: {"EventTime":1657287654,"Hostname":"activedir.stackedpads.local","Keywords":-9214364837600034816,"EventType":"AUDIT_SUCCESS","SeverityValue":2,"Severity":"INFO","EventID":4697,"SourceName":"Microsoft-Windows-Security-Auditing","ProviderGuid":"{54849625-5478-4994-A5BA-3E3B0328C30D}","Version":1,"Task":12289,"OpcodeValue":0,"RecordNumber":510342,"ActivityID":"{17C583A3-4BA6-0001-7FA6-6310CF92D801}","ProcessID":652,"ThreadID":3996,"Channel":"Security","Message":"A service was installed in the system.\r\n\r\nSubject:\r\n\tSecurity ID:\t\tS-1-5-18\r\n\tAccount Name:\t\tACTIVEDIR$\r\n\tAccount Domain:\t\tSTACKEDPADS\r\n\tLogon ID:\t\t0x3E7\r\n\r\nService Information:\r\n\tService Name: \t\tDevicesFlowUserSvc_16637d\r\n\tService File Name:\tC:\\Windows\\system32\\svchost.exe -k DevicesFlow\r\n\tService Type: \t\t0xE0\r\n\tService Start Type:\t3\r\n\tService Account: \t\tLocalSystem","Category":"Security System Extension","Opcode":"Info","SubjectUserSid":"S-1-5-18","SubjectUserName":"ACTIVEDIR$","SubjectDomainName":"STACKEDPADS","SubjectLogonId":"0x3e7","ServiceName":"DevicesFlowUserSvc_16637d","ServiceFileName":"C:\\Windows\\system32\\svchost.exe -k DevicesFlow","ServiceType":"0xe0","ServiceStartType":"3","ServiceAccount":"LocalSystem","ClientProcessStartKey":"4785074604081203","ClientProcessId":"2184","ParentProcessId":"636","EventReceivedTime":1657287656,"SourceModuleName":"in_default_channels","SourceModuleType":"im_msvistalog"}
<14>Jul  8 13:40:56 activedir.stackedpads.local Microsoft-Windows-Security-Auditing[652]: {"EventTime":1657287654,"Hostname":"activedir.stackedpads.local","Keywords":-9214364837600034816,"EventType":"AUDIT_SUCCESS","SeverityValue":2,"Severity":"INFO","EventID":4697,"SourceName":"Microsoft-Windows-Security-Auditing","ProviderGuid":"{54849625-5478-4994-A5BA-3E3B0328C30D}","Version":1,"Task":12289,"OpcodeValue":0,"RecordNumber":510340,"ActivityID":"{17C583A3-4BA6-0001-7FA6-6310CF92D801}","ProcessID":652,"ThreadID":3996,"Channel":"Security","Message":"A service was installed in the system.\r\n\r\nSubject:\r\n\tSecurity ID:\t\tS-1-5-18\r\n\tAccount Name:\t\tACTIVEDIR$\r\n\tAccount Domain:\t\tSTACKEDPADS\r\n\tLogon ID:\t\t0x3E7\r\n\r\nService Information:\r\n\tService Name: \t\tConsentUxUserSvc_16637d\r\n\tService File Name:\tC:\\Windows\\system32\\svchost.exe -k DevicesFlow\r\n\tService Type: \t\t0xE0\r\n\tService Start Type:\t3\r\n\tService Account: \t\tLocalSystem","Category":"Security System Extension","Opcode":"Info","SubjectUserSid":"S-1-5-18","SubjectUserName":"ACTIVEDIR$","SubjectDomainName":"STACKEDPADS","SubjectLogonId":"0x3e7","ServiceName":"ConsentUxUserSvc_16637d","ServiceFileName":"C:\\Windows\\system32\\svchost.exe -k DevicesFlow","ServiceType":"0xe0","ServiceStartType":"3","ServiceAccount":"LocalSystem","ClientProcessStartKey":"4785074604081203","ClientProcessId":"2184","ParentProcessId":"636","EventReceivedTime":1657287656,"SourceModuleName":"in_default_channels","SourceModuleType":"im_msvistalog"}
<11>Jul  8 13:40:56 activedir.stackedpads.local Microsoft-Windows-Security-Auditing[4]: {"EventTime":1657287654,"Hostname":"activedir.stackedpads.local","Keywords":-9218868437227405312,"EventType":"AUDIT_FAILURE","SeverityValue":4,"Severity":"ERROR","EventID":4673,"SourceName":"Microsoft-Windows-Security-Auditing","ProviderGuid":"{54849625-5478-4994-A5BA-3E3B0328C30D}","Version":0,"Task":13056,"OpcodeValue":0,"RecordNumber":510335,"ProcessID":4,"ThreadID":308,"Channel":"Security","Message":"A privileged service was called.\r\n\r\nSubject:\r\n\tSecurity ID:\t\tS-1-5-21-2264196694-1469429678-912427992-1104\r\n\tAccount Name:\t\tfrank.kolzig\r\n\tAccount Domain:\t\tSTACKEDPADS\r\n\tLogon ID:\t\t0x16307A\r\n\r\nService:\r\n\tServer:\tSecurity\r\n\tService Name:\t-\r\n\r\nProcess:\r\n\tProcess ID:\t0x5d0\r\n\tProcess Name:\tC:\\Windows\\System32\\svchost.exe\r\n\r\nService Request Information:\r\n\tPrivileges:\t\tSeTcbPrivilege","Category":"Sensitive Privilege Use","Opcode":"Info","SubjectUserSid":"S-1-5-21-2264196694-1469429678-912427992-1104","SubjectUserName":"frank.kolzig","SubjectDomainName":"STACKEDPADS","SubjectLogonId":"0x16307a","ObjectServer":"Security","Service":"-","PrivilegeList":"SeTcbPrivilege","ProcessName":"C:\\Windows\\System32\\svchost.exe","EventReceivedTime":1657287656,"SourceModuleName":"in_default_channels","SourceModuleType":"im_msvistalog"}
<11>Jul  8 13:40:56 activedir.stackedpads.local Microsoft-Windows-Security-Auditing[4]: {"EventTime":1657287654,"Hostname":"activedir.stackedpads.local","Keywords":-9218868437227405312,"EventType":"AUDIT_FAILURE","SeverityValue":4,"Severity":"ERROR","EventID":4673,"SourceName":"Microsoft-Windows-Security-Auditing","ProviderGuid":"{54849625-5478-4994-A5BA-3E3B0328C30D}","Version":0,"Task":13056,"OpcodeValue":0,"RecordNumber":510326,"ProcessID":4,"ThreadID":176,"Channel":"Security","Message":"A privileged service was called.\r\n\r\nSubject:\r\n\tSecurity ID:\t\tS-1-5-21-2264196694-1469429678-912427992-1104\r\n\tAccount Name:\t\tfrank.kolzig\r\n\tAccount Domain:\t\tSTACKEDPADS\r\n\tLogon ID:\t\t0x16307A\r\n\r\nService:\r\n\tServer:\tSecurity\r\n\tService Name:\t-\r\n\r\nProcess:\r\n\tProcess ID:\t0x5d0\r\n\tProcess Name:\tC:\\Windows\\System32\\svchost.exe\r\n\r\nService Request Information:\r\n\tPrivileges:\t\tSeTcbPrivilege","Category":"Sensitive Privilege Use","Opcode":"Info","SubjectUserSid":"S-1-5-21-2264196694-1469429678-912427992-1104","SubjectUserName":"frank.kolzig","SubjectDomainName":"STACKEDPADS","SubjectLogonId":"0x16307a","ObjectServer":"Security","Service":"-","PrivilegeList":"SeTcbPrivilege","ProcessName":"C:\\Windows\\System32\\svchost.exe","EventReceivedTime":1657287656,"SourceModuleName":"in_default_channels","SourceModuleType":"im_msvistalog"}
<14>Jul  8 13:40:56 activedir.stackedpads.local Microsoft-Windows-Security-Auditing[4]: {"EventTime":1657287654,"Hostname":"activedir.stackedpads.local","Keywords":-9214364837600034816,"EventType":"AUDIT_SUCCESS","SeverityValue":2,"Severity":"INFO","EventID":4689,"SourceName":"Microsoft-Windows-Security-Auditing","ProviderGuid":"{54849625-5478-4994-A5BA-3E3B0328C30D}","Version":0,"Task":13313,"OpcodeValue":0,"RecordNumber":510350,"ProcessID":4,"ThreadID":308,"Channel":"Security","Message":"A process has exited.\r\n\r\nSubject:\r\n\tSecurity ID:\t\tS-1-5-18\r\n\tAccount Name:\t\tACTIVEDIR$\r\n\tAccount Domain:\t\tSTACKEDPADS\r\n\tLogon ID:\t\t0x3E7\r\n\r\nProcess Information:\r\n\tProcess ID:\t0x1430\r\n\tProcess Name:\tC:\\Windows\\System32\\LogonUI.exe\r\n\tExit Status:\t0x0","Category":"Process Termination","Opcode":"Info","SubjectUserSid":"S-1-5-18","SubjectUserName":"ACTIVEDIR$","SubjectDomainName":"STACKEDPADS","SubjectLogonId":"0x3e7","Status":"0x0","ProcessName":"C:\\Windows\\System32\\LogonUI.exe","EventReceivedTime":1657287656,"SourceModuleName":"in_default_channels","SourceModuleType":"im_msvistalog"}
<14>Jul  8 13:40:56 activedir.stackedpads.local Microsoft-Windows-TaskScheduler[1744]: {"EventTime":1657287654,"Hostname":"activedir.stackedpads.local","Keywords":-9223372036854775807,"EventType":"INFO","SeverityValue":2,"Severity":"INFO","EventID":100,"SourceName":"Microsoft-Windows-TaskScheduler","ProviderGuid":"{DE7B24EA-73C8-4A09-985D-5BDADCFA9017}","Version":0,"Task":100,"OpcodeValue":1,"RecordNumber":17376,"ActivityID":"{2FBAB0A6-7F8F-482B-B81A-C46015E2D4EC}","ProcessID":1744,"ThreadID":4580,"Channel":"Microsoft-Windows-TaskScheduler/Operational","Domain":"NT AUTHORITY","AccountName":"SYSTEM","UserID":"S-1-5-18","AccountType":"User","Message":"Task Scheduler started \"{2fbab0a6-7f8f-482b-b81a-c46015e2d4ec}\" instance of the \"\\GoogleUpdateTaskMachineCore{59BBCB8D-55DC-4863-8BD3-C09A422C587B}\" task for user \"NT AUTHORITY\\SYSTEM\".","Category":"Task Started","Opcode":"Start","TaskName":"\\GoogleUpdateTaskMachineCore{59BBCB8D-55DC-4863-8BD3-C09A422C587B}","UserContext":"NT AUTHORITY\\SYSTEM","InstanceId":"{2fbab0a6-7f8f-482b-b81a-c46015e2d4ec}","EventReceivedTime":1657287656,"SourceModuleName":"in_default_channels","SourceModuleType":"im_msvistalog"}
<14>Jul  8 13:40:56 activedir.stackedpads.local Microsoft-Windows-TaskScheduler[1744]: {"EventTime":1657287654,"Hostname":"activedir.stackedpads.local","Keywords":-9223372036854775807,"EventType":"INFO","SeverityValue":2,"Severity":"INFO","EventID":100,"SourceName":"Microsoft-Windows-TaskScheduler","ProviderGuid":"{DE7B24EA-73C8-4A09-985D-5BDADCFA9017}","Version":0,"Task":100,"OpcodeValue":1,"RecordNumber":17372,"ActivityID":"{781BB25D-6DBA-471D-8F99-10CFEA0C6118}","ProcessID":1744,"ThreadID":1168,"Channel":"Microsoft-Windows-TaskScheduler/Operational","Domain":"NT AUTHORITY","AccountName":"SYSTEM","UserID":"S-1-5-18","AccountType":"User","Message":"Task Scheduler started \"{781bb25d-6dba-471d-8f99-10cfea0c6118}\" instance of the \"\\MicrosoftEdgeUpdateTaskMachineCore\" task for user \"NT AUTHORITY\\SYSTEM\".","Category":"Task Started","Opcode":"Start","TaskName":"\\MicrosoftEdgeUpdateTaskMachineCore","UserContext":"NT AUTHORITY\\SYSTEM","InstanceId":"{781bb25d-6dba-471d-8f99-10cfea0c6118}","EventReceivedTime":1657287656,"SourceModuleName":"in_default_channels","SourceModuleType":"im_msvistalog"}
<14>Jul  8 13:40:56 activedir.stackedpads.local Microsoft-Windows-TaskScheduler[1744]: {"EventTime":1657287654,"Hostname":"activedir.stackedpads.local","Keywords":-9223372036854775807,"EventType":"INFO","SeverityValue":2,"Severity":"INFO","EventID":100,"SourceName":"Microsoft-Windows-TaskScheduler","ProviderGuid":"{DE7B24EA-73C8-4A09-985D-5BDADCFA9017}","Version":0,"Task":100,"OpcodeValue":1,"RecordNumber":17369,"ActivityID":"{32B4AB46-F294-4F17-8C8B-A2D717087F7F}","ProcessID":1744,"ThreadID":1208,"Channel":"Microsoft-Windows-TaskScheduler/Operational","Domain":"NT AUTHORITY","AccountName":"SYSTEM","UserID":"S-1-5-18","AccountType":"User","Message":"Task Scheduler started \"{32b4ab46-f294-4f17-8c8b-a2d717087f7f}\" instance of the \"\\Microsoft\\Windows\\TextServicesFramework\\MsCtfMonitor\" task for user \"STACKEDPADS\\frank.kolzig\".","Category":"Task Started","Opcode":"Start","TaskName":"\\Microsoft\\Windows\\TextServicesFramework\\MsCtfMonitor","UserContext":"STACKEDPADS\\frank.kolzig","InstanceId":"{32b4ab46-f294-4f17-8c8b-a2d717087f7f}","EventReceivedTime":1657287656,"SourceModuleName":"in_default_channels","SourceModuleType":"im_msvistalog"}
<14>Jul  8 13:40:56 activedir.stackedpads.local Microsoft-Windows-TaskScheduler[1744]: {"EventTime":1657287654,"Hostname":"activedir.stackedpads.local","Keywords":-9223372036854775807,"EventType":"INFO","SeverityValue":2,"Severity":"INFO","EventID":100,"SourceName":"Microsoft-Windows-TaskScheduler","ProviderGuid":"{DE7B24EA-73C8-4A09-985D-5BDADCFA9017}","Version":0,"Task":100,"OpcodeValue":1,"RecordNumber":17366,"ActivityID":"{1506E5F1-9A8B-40D4-A98A-F957B37EF008}","ProcessID":1744,"ThreadID":4580,"Channel":"Microsoft-Windows-TaskScheduler/Operational","Domain":"NT AUTHORITY","AccountName":"SYSTEM","UserID":"S-1-5-18","AccountType":"User","Message":"Task Scheduler started \"{1506e5f1-9a8b-40d4-a98a-f957b37ef008}\" instance of the \"\\Microsoft\\Windows\\Wininet\\CacheTask\" task for user \"STACKEDPADS\\frank.kolzig\".","Category":"Task Started","Opcode":"Start","TaskName":"\\Microsoft\\Windows\\Wininet\\CacheTask","UserContext":"STACKEDPADS\\frank.kolzig","InstanceId":"{1506e5f1-9a8b-40d4-a98a-f957b37ef008}","EventReceivedTime":1657287656,"SourceModuleName":"in_default_channels","SourceModuleType":"im_msvistalog"}
<14>Jul  8 13:40:56 activedir.stackedpads.local Microsoft-Windows-TaskScheduler[1744]: {"EventTime":1657287654,"Hostname":"activedir.stackedpads.local","Keywords":-9223372036854775807,"EventType":"INFO","SeverityValue":2,"Severity":"INFO","EventID":100,"SourceName":"Microsoft-Windows-TaskScheduler","ProviderGuid":"{DE7B24EA-73C8-4A09-985D-5BDADCFA9017}","Version":0,"Task":100,"OpcodeValue":1,"RecordNumber":17380,"ActivityID":"{908EE97A-6F40-4ADA-926E-00FBFE21C3F1}","ProcessID":1744,"ThreadID":1168,"Channel":"Microsoft-Windows-TaskScheduler/Operational","Domain":"NT AUTHORITY","AccountName":"SYSTEM","UserID":"S-1-5-18","AccountType":"User","Message":"Task Scheduler started \"{908ee97a-6f40-4ada-926e-00fbfe21c3f1}\" instance of the \"\\Microsoft\\Windows\\Server Manager\\ServerManager\" task for user \"STACKEDPADS\\frank.kolzig\".","Category":"Task Started","Opcode":"Start","TaskName":"\\Microsoft\\Windows\\Server Manager\\ServerManager","UserContext":"STACKEDPADS\\frank.kolzig","InstanceId":"{908ee97a-6f40-4ada-926e-00fbfe21c3f1}","EventReceivedTime":1657287656,"SourceModuleName":"in_default_channels","SourceModuleType":"im_msvistalog"}
<14>Jul  8 13:40:56 activedir.stackedpads.local Microsoft-Windows-TaskScheduler[1744]: {"EventTime":1657287655,"Hostname":"activedir.stackedpads.local","Keywords":-9223372036854775807,"EventType":"INFO","SeverityValue":2,"Severity":"INFO","EventID":100,"SourceName":"Microsoft-Windows-TaskScheduler","ProviderGuid":"{DE7B24EA-73C8-4A09-985D-5BDADCFA9017}","Version":0,"Task":100,"OpcodeValue":1,"RecordNumber":17391,"ActivityID":"{CEF8632A-A8ED-475C-B9CD-6195FA8FCC06}","ProcessID":1744,"ThreadID":1168,"Channel":"Microsoft-Windows-TaskScheduler/Operational","Domain":"NT AUTHORITY","AccountName":"SYSTEM","UserID":"S-1-5-18","AccountType":"User","Message":"Task Scheduler started \"{cef8632a-a8ed-475c-b9cd-6195fa8fcc06}\" instance of the \"\\Microsoft\\Windows\\Plug and Play\\Device Install Reboot Required\" task for user \"STACKEDPADS\\frank.kolzig\".","Category":"Task Started","Opcode":"Start","TaskName":"\\Microsoft\\Windows\\Plug and Play\\Device Install Reboot Required","UserContext":"STACKEDPADS\\frank.kolzig","InstanceId":"{cef8632a-a8ed-475c-b9cd-6195fa8fcc06}","EventReceivedTime":1657287656,"SourceModuleName":"in_default_channels","SourceModuleType":"im_msvistalog"}
<14>Jul  8 13:40:56 activedir.stackedpads.local Microsoft-Windows-TaskScheduler[1744]: {"EventTime":1657287655,"Hostname":"activedir.stackedpads.local","Keywords":-9223372036854775807,"EventType":"INFO","SeverityValue":2,"Severity":"INFO","EventID":100,"SourceName":"Microsoft-Windows-TaskScheduler","ProviderGuid":"{DE7B24EA-73C8-4A09-985D-5BDADCFA9017}","Version":0,"Task":100,"OpcodeValue":1,"RecordNumber":17388,"ActivityID":"{5EAF7506-608A-4079-A71F-54E878F06524}","ProcessID":1744,"ThreadID":1208,"Channel":"Microsoft-Windows-TaskScheduler/Operational","Domain":"NT AUTHORITY","AccountName":"SYSTEM","UserID":"S-1-5-18","AccountType":"User","Message":"Task Scheduler started \"{5eaf7506-608a-4079-a71f-54e878f06524}\" instance of the \"\\Microsoft\\Windows\\WindowsColorSystem\\Calibration Loader\" task for user \"STACKEDPADS\\frank.kolzig\".","Category":"Task Started","Opcode":"Start","TaskName":"\\Microsoft\\Windows\\WindowsColorSystem\\Calibration Loader","UserContext":"STACKEDPADS\\frank.kolzig","InstanceId":"{5eaf7506-608a-4079-a71f-54e878f06524}","EventReceivedTime":1657287656,"SourceModuleName":"in_default_channels","SourceModuleType":"im_msvistalog"}
<14>Jul  8 13:40:56 activedir.stackedpads.local Microsoft-Windows-TaskScheduler[1744]: {"EventTime":1657287655,"Hostname":"activedir.stackedpads.local","Keywords":-9223372036854775807,"EventType":"INFO","SeverityValue":2,"Severity":"INFO","EventID":100,"SourceName":"Microsoft-Windows-TaskScheduler","ProviderGuid":"{DE7B24EA-73C8-4A09-985D-5BDADCFA9017}","Version":0,"Task":100,"OpcodeValue":1,"RecordNumber":17386,"ActivityID":"{27C85231-D4BB-4CB2-9730-12E57079D270}","ProcessID":1744,"ThreadID":4580,"Channel":"Microsoft-Windows-TaskScheduler/Operational","Domain":"NT AUTHORITY","AccountName":"SYSTEM","UserID":"S-1-5-18","AccountType":"User","Message":"Task Scheduler started \"{27c85231-d4bb-4cb2-9730-12e57079d270}\" instance of the \"\\Microsoft\\Windows\\CertificateServicesClient\\UserTask\" task for user \"STACKEDPADS\\frank.kolzig\".","Category":"Task Started","Opcode":"Start","TaskName":"\\Microsoft\\Windows\\CertificateServicesClient\\UserTask","UserContext":"STACKEDPADS\\frank.kolzig","InstanceId":"{27c85231-d4bb-4cb2-9730-12e57079d270}","EventReceivedTime":1657287656,"SourceModuleName":"in_default_channels","SourceModuleType":"im_msvistalog"}
<14>Jul  8 13:40:56 activedir.stackedpads.local Microsoft-Windows-TaskScheduler[1744]: {"EventTime":1657287654,"Hostname":"activedir.stackedpads.local","Keywords":-9223372036854775808,"EventType":"INFO","SeverityValue":2,"Severity":"INFO","EventID":129,"SourceName":"Microsoft-Windows-TaskScheduler","ProviderGuid":"{DE7B24EA-73C8-4A09-985D-5BDADCFA9017}","Version":0,"Task":129,"OpcodeValue":0,"RecordNumber":17379,"ProcessID":1744,"ThreadID":1168,"Channel":"Microsoft-Windows-TaskScheduler/Operational","Domain":"NT AUTHORITY","AccountName":"SYSTEM","UserID":"S-1-5-18","AccountType":"User","Message":"Task Scheduler launch task \"\\Microsoft\\Windows\\Server Manager\\ServerManager\" , instance \"%windir%\\system32\\ServerManagerLauncher.exe\"  with process ID 3904.","Category":"Created Task Process","Opcode":"Info","TaskName":"\\Microsoft\\Windows\\Server Manager\\ServerManager","Path":"%windir%\\system32\\ServerManagerLauncher.exe","Priority":"32","EventReceivedTime":1657287656,"SourceModuleName":"in_default_channels","SourceModuleType":"im_msvistalog"}
<14>Jul  8 13:40:56 activedir.stackedpads.local Microsoft-Windows-TaskScheduler[1744]: {"EventTime":1657287654,"Hostname":"activedir.stackedpads.local","Keywords":-9223372036854775808,"EventType":"INFO","SeverityValue":2,"Severity":"INFO","EventID":129,"SourceName":"Microsoft-Windows-TaskScheduler","ProviderGuid":"{DE7B24EA-73C8-4A09-985D-5BDADCFA9017}","Version":0,"Task":129,"OpcodeValue":0,"RecordNumber":17375,"ProcessID":1744,"ThreadID":4580,"Channel":"Microsoft-Windows-TaskScheduler/Operational","Domain":"NT AUTHORITY","AccountName":"SYSTEM","UserID":"S-1-5-18","AccountType":"User","Message":"Task Scheduler launch task \"\\GoogleUpdateTaskMachineCore{59BBCB8D-55DC-4863-8BD3-C09A422C587B}\" , instance \"C:\\Program Files (x86)\\Google\\Update\\GoogleUpdate.exe\"  with process ID 4960.","Category":"Created Task Process","Opcode":"Info","TaskName":"\\GoogleUpdateTaskMachineCore{59BBCB8D-55DC-4863-8BD3-C09A422C587B}","Path":"C:\\Program Files (x86)\\Google\\Update\\GoogleUpdate.exe","Priority":"16384","EventReceivedTime":1657287656,"SourceModuleName":"in_default_channels","SourceModuleType":"im_msvistalog"}
<14>Jul  8 13:40:56 activedir.stackedpads.local Microsoft-Windows-TaskScheduler[1744]: {"EventTime":1657287654,"Hostname":"activedir.stackedpads.local","Keywords":-9223372036854775808,"EventType":"INFO","SeverityValue":2,"Severity":"INFO","EventID":129,"SourceName":"Microsoft-Windows-TaskScheduler","ProviderGuid":"{DE7B24EA-73C8-4A09-985D-5BDADCFA9017}","Version":0,"Task":129,"OpcodeValue":0,"RecordNumber":17365,"ProcessID":1744,"ThreadID":4580,"Channel":"Microsoft-Windows-TaskScheduler/Operational","Domain":"NT AUTHORITY","AccountName":"SYSTEM","UserID":"S-1-5-18","AccountType":"User","Message":"Task Scheduler launch task \"\\Microsoft\\Windows\\Wininet\\CacheTask\" , instance \"taskhostw.exe\"  with process ID 6668.","Category":"Created Task Process","Opcode":"Info","TaskName":"\\Microsoft\\Windows\\Wininet\\CacheTask","Path":"taskhostw.exe","Priority":"32","EventReceivedTime":1657287656,"SourceModuleName":"in_default_channels","SourceModuleType":"im_msvistalog"}
<14>Jul  8 13:40:56 activedir.stackedpads.local Microsoft-Windows-TaskScheduler[1744]: {"EventTime":1657287654,"Hostname":"activedir.stackedpads.local","Keywords":-9223372036854775808,"EventType":"INFO","SeverityValue":2,"Severity":"INFO","EventID":129,"SourceName":"Microsoft-Windows-TaskScheduler","ProviderGuid":"{DE7B24EA-73C8-4A09-985D-5BDADCFA9017}","Version":0,"Task":129,"OpcodeValue":0,"RecordNumber":17371,"ProcessID":1744,"ThreadID":1168,"Channel":"Microsoft-Windows-TaskScheduler/Operational","Domain":"NT AUTHORITY","AccountName":"SYSTEM","UserID":"S-1-5-18","AccountType":"User","Message":"Task Scheduler launch task \"\\MicrosoftEdgeUpdateTaskMachineCore\" , instance \"C:\\Program Files (x86)\\Microsoft\\EdgeUpdate\\MicrosoftEdgeUpdate.exe\"  with process ID 300.","Category":"Created Task Process","Opcode":"Info","TaskName":"\\MicrosoftEdgeUpdateTaskMachineCore","Path":"C:\\Program Files (x86)\\Microsoft\\EdgeUpdate\\MicrosoftEdgeUpdate.exe","Priority":"32","EventReceivedTime":1657287656,"SourceModuleName":"in_default_channels","SourceModuleType":"im_msvistalog"}
<14>Jul  8 13:40:56 activedir.stackedpads.local Microsoft-Windows-TaskScheduler[1744]: {"EventTime":1657287655,"Hostname":"activedir.stackedpads.local","Keywords":-9223372036854775808,"EventType":"INFO","SeverityValue":2,"Severity":"INFO","EventID":129,"SourceName":"Microsoft-Windows-TaskScheduler","ProviderGuid":"{DE7B24EA-73C8-4A09-985D-5BDADCFA9017}","Version":0,"Task":129,"OpcodeValue":0,"RecordNumber":17390,"ProcessID":1744,"ThreadID":1168,"Channel":"Microsoft-Windows-TaskScheduler/Operational","Domain":"NT AUTHORITY","AccountName":"SYSTEM","UserID":"S-1-5-18","AccountType":"User","Message":"Task Scheduler launch task \"\\Microsoft\\Windows\\Plug and Play\\Device Install Reboot Required\" , instance \"taskhostw.exe\"  with process ID 2192.","Category":"Created Task Process","Opcode":"Info","TaskName":"\\Microsoft\\Windows\\Plug and Play\\Device Install Reboot Required","Path":"taskhostw.exe","Priority":"32","EventReceivedTime":1657287656,"SourceModuleName":"in_default_channels","SourceModuleType":"im_msvistalog"}
<14>Jul  8 13:40:56 activedir.stackedpads.local Microsoft-Windows-TaskScheduler[1744]: {"EventTime":1657287655,"Hostname":"activedir.stackedpads.local","Keywords":-9223372036854775808,"EventType":"INFO","SeverityValue":2,"Severity":"INFO","EventID":129,"SourceName":"Microsoft-Windows-TaskScheduler","ProviderGuid":"{DE7B24EA-73C8-4A09-985D-5BDADCFA9017}","Version":0,"Task":129,"OpcodeValue":0,"RecordNumber":17385,"ProcessID":1744,"ThreadID":4580,"Channel":"Microsoft-Windows-TaskScheduler/Operational","Domain":"NT AUTHORITY","AccountName":"SYSTEM","UserID":"S-1-5-18","AccountType":"User","Message":"Task Scheduler launch task \"\\Microsoft\\Windows\\CertificateServicesClient\\UserTask\" , instance \"taskhostw.exe\"  with process ID 6588.","Category":"Created Task Process","Opcode":"Info","TaskName":"\\Microsoft\\Windows\\CertificateServicesClient\\UserTask","Path":"taskhostw.exe","Priority":"32","EventReceivedTime":1657287656,"SourceModuleName":"in_default_channels","SourceModuleType":"im_msvistalog"}
<11>Jul  8 13:40:56 activedir.stackedpads.local Microsoft-Windows-Security-Auditing[4]: {"EventTime":1657287654,"Hostname":"activedir.stackedpads.local","Keywords":-9218868437227405312,"EventType":"AUDIT_FAILURE","SeverityValue":4,"Severity":"ERROR","EventID":4674,"SourceName":"Microsoft-Windows-Security-Auditing","ProviderGuid":"{54849625-5478-4994-A5BA-3E3B0328C30D}","Version":0,"Task":13056,"OpcodeValue":0,"RecordNumber":510334,"ProcessID":4,"ThreadID":308,"Channel":"Security","Message":"An operation was attempted on a privileged object.\r\n\r\nSubject:\r\n\tSecurity ID:\t\tS-1-5-21-2264196694-1469429678-912427992-1104\r\n\tAccount Name:\t\tfrank.kolzig\r\n\tAccount Domain:\t\tSTACKEDPADS\r\n\tLogon ID:\t\t0x16307A\r\n\r\nObject:\r\n\tObject Server:\tSecurity\r\n\tObject Type:\t-\r\n\tObject Name:\t-\r\n\tObject Handle:\t0x0\r\n\r\nProcess Information:\r\n\tProcess ID:\t0x1728\r\n\tProcess Name:\tC:\\Windows\\System32\\winlogon.exe\r\n\r\nRequested Operation:\r\n\tDesired Access:\t0\r\n\tPrivileges:\t\tSeTcbPrivilege","Category":"Sensitive Privilege Use","Opcode":"Info","SubjectUserSid":"S-1-5-21-2264196694-1469429678-912427992-1104","SubjectUserName":"frank.kolzig","SubjectDomainName":"STACKEDPADS","SubjectLogonId":"0x16307a","ObjectServer":"Security","ObjectType":"-","ObjectName":"-","HandleId":"0x0","AccessMask":"0","PrivilegeList":"SeTcbPrivilege","ProcessName":"C:\\Windows\\System32\\winlogon.exe","EventReceivedTime":1657287656,"SourceModuleName":"in_default_channels","SourceModuleType":"im_msvistalog"}
<14>Jul  8 13:40:56 activedir.stackedpads.local Microsoft-Windows-TaskScheduler[1744]: {"EventTime":1657287654,"Hostname":"activedir.stackedpads.local","Keywords":-9223372036854775808,"EventType":"INFO","SeverityValue":2,"Severity":"INFO","EventID":200,"SourceName":"Microsoft-Windows-TaskScheduler","ProviderGuid":"{DE7B24EA-73C8-4A09-985D-5BDADCFA9017}","Version":1,"Task":200,"OpcodeValue":1,"RecordNumber":17381,"ActivityID":"{908EE97A-6F40-4ADA-926E-00FBFE21C3F1}","ProcessID":1744,"ThreadID":1168,"Channel":"Microsoft-Windows-TaskScheduler/Operational","Domain":"NT AUTHORITY","AccountName":"SYSTEM","UserID":"S-1-5-18","AccountType":"User","Message":"Task Scheduler launched action \"%windir%\\system32\\ServerManagerLauncher.exe\" in instance \"{908ee97a-6f40-4ada-926e-00fbfe21c3f1}\" of task \"\\Microsoft\\Windows\\Server Manager\\ServerManager\".","Category":"Action started","Opcode":"Start","TaskName":"\\Microsoft\\Windows\\Server Manager\\ServerManager","ActionName":"%windir%\\system32\\ServerManagerLauncher.exe","TaskInstanceId":"{908ee97a-6f40-4ada-926e-00fbfe21c3f1}","EnginePID":"3904","EventReceivedTime":1657287656,"SourceModuleName":"in_default_channels","SourceModuleType":"im_msvistalog"}
<14>Jul  8 13:40:56 activedir.stackedpads.local Microsoft-Windows-TaskScheduler[1744]: {"EventTime":1657287654,"Hostname":"activedir.stackedpads.local","Keywords":-9223372036854775808,"EventType":"INFO","SeverityValue":2,"Severity":"INFO","EventID":200,"SourceName":"Microsoft-Windows-TaskScheduler","ProviderGuid":"{DE7B24EA-73C8-4A09-985D-5BDADCFA9017}","Version":1,"Task":200,"OpcodeValue":1,"RecordNumber":17367,"ActivityID":"{1506E5F1-9A8B-40D4-A98A-F957B37EF008}","ProcessID":1744,"ThreadID":4580,"Channel":"Microsoft-Windows-TaskScheduler/Operational","Domain":"NT AUTHORITY","AccountName":"SYSTEM","UserID":"S-1-5-18","AccountType":"User","Message":"Task Scheduler launched action \"Wininet Cache task object\" in instance \"{1506e5f1-9a8b-40d4-a98a-f957b37ef008}\" of task \"\\Microsoft\\Windows\\Wininet\\CacheTask\".","Category":"Action started","Opcode":"Start","TaskName":"\\Microsoft\\Windows\\Wininet\\CacheTask","ActionName":"Wininet Cache task object","TaskInstanceId":"{1506e5f1-9a8b-40d4-a98a-f957b37ef008}","EnginePID":"6668","EventReceivedTime":1657287656,"SourceModuleName":"in_default_channels","SourceModuleType":"im_msvistalog"}
<14>Jul  8 13:40:56 activedir.stackedpads.local Microsoft-Windows-TaskScheduler[1744]: {"EventTime":1657287654,"Hostname":"activedir.stackedpads.local","Keywords":-9223372036854775808,"EventType":"INFO","SeverityValue":2,"Severity":"INFO","EventID":200,"SourceName":"Microsoft-Windows-TaskScheduler","ProviderGuid":"{DE7B24EA-73C8-4A09-985D-5BDADCFA9017}","Version":1,"Task":200,"OpcodeValue":1,"RecordNumber":17373,"ActivityID":"{781BB25D-6DBA-471D-8F99-10CFEA0C6118}","ProcessID":1744,"ThreadID":1168,"Channel":"Microsoft-Windows-TaskScheduler/Operational","Domain":"NT AUTHORITY","AccountName":"SYSTEM","UserID":"S-1-5-18","AccountType":"User","Message":"Task Scheduler launched action \"C:\\Program Files (x86)\\Microsoft\\EdgeUpdate\\MicrosoftEdgeUpdate.exe\" in instance \"{781bb25d-6dba-471d-8f99-10cfea0c6118}\" of task \"\\MicrosoftEdgeUpdateTaskMachineCore\".","Category":"Action started","Opcode":"Start","TaskName":"\\MicrosoftEdgeUpdateTaskMachineCore","ActionName":"C:\\Program Files (x86)\\Microsoft\\EdgeUpdate\\MicrosoftEdgeUpdate.exe","TaskInstanceId":"{781bb25d-6dba-471d-8f99-10cfea0c6118}","EnginePID":"300","EventReceivedTime":1657287656,"SourceModuleName":"in_default_channels","SourceModuleType":"im_msvistalog"}
