<14>Jul  8 13:41:06 wrk-shasek.stackedpads.local Microsoft-Windows-Security-Auditing[4]: {"EventTime":1657287665,"Hostname":"wrk-shasek.stackedpads.local","Keywords":-9214364837600034816,"EventType":"AUDIT_SUCCESS","SeverityValue":2,"Severity":"INFO","EventID":4689,"SourceName":"Microsoft-Windows-Security-Auditing","ProviderGuid":"{54849625-5478-4994-A5BA-3E3B0328C30D}","Version":0,"Task":13313,"OpcodeValue":0,"RecordNumber":2712661,"ProcessID":4,"ThreadID":1756,"Channel":"Security","Message":"A process has exited.\r\n\r\nSubject:\r\n\tSecurity ID:\t\tS-1-5-18\r\n\tAccount Name:\t\tWRK-SHASEK$\r\n\tAccount Domain:\t\tSTACKEDPADS\r\n\tLogon ID:\t\t0x3E7\r\n\r\nProcess Information:\r\n\tProcess ID:\t0xe24\r\n\tProcess Name:\tC:\\Windows\\System32\\MoUsoCoreWorker.exe\r\n\tExit Status:\t0x0","Category":"Process Termination","Opcode":"Info","SubjectUserSid":"S-1-5-18","SubjectUserName":"WRK-SHASEK$","SubjectDomainName":"STACKEDPADS","SubjectLogonId":"0x3e7","Status":"0x0","ProcessName":"C:\\Windows\\System32\\MoUsoCoreWorker.exe","EventReceivedTime":1657287666,"SourceModuleName":"in_default_channels","SourceModuleType":"im_msvistalog"}
<14>Jul  8 13:41:05 wrk-shasek.stackedpads.local Microsoft-Windows-Kernel-General[3564]: {"EventTime":1657287664,"Hostname":"wrk-shasek.stackedpads.local","Keywords":-9223372036854775808,"EventType":"INFO","SeverityValue":2,"Severity":"INFO","EventID":16,"SourceName":"Microsoft-Windows-Kernel-General","ProviderGuid":"{A68CA8B7-004F-D7B6-A698-07E2DE0F1F5D}","Version":0,"Task":0,"OpcodeValue":0,"RecordNumber":2473,"ProcessID":3564,"ThreadID":6256,"Channel":"System","Domain":"NT AUTHORITY","AccountName":"SYSTEM","UserID":"S-1-5-18","AccountType":"User","Message":"The access history in hive \\??\\C:\\ProgramData\\Microsoft\\Provisioning\\Microsoft-Desktop-Provisioning-Sequence.dat was cleared updating 0 keys and creating 0 modified pages.","Opcode":"Info","HiveNameLength":"85","HiveName":"\\??\\C:\\ProgramData\\Microsoft\\Provisioning\\Microsoft-Desktop-Provisioning-Sequence.dat","KeysUpdated":"0","DirtyPages":"0","EventReceivedTime":1657287665,"SourceModuleName":"in_default_channels","SourceModuleType":"im_msvistalog"}
<14>Jul  8 13:41:05 wrk-shasek.stackedpads.local Microsoft-Windows-TaskScheduler[396]: {"EventTime":1657287664,"Hostname":"wrk-shasek.stackedpads.local","Keywords":-9223372036854775807,"EventType":"INFO","SeverityValue":2,"Severity":"INFO","EventID":102,"SourceName":"Microsoft-Windows-TaskScheduler","ProviderGuid":"{DE7B24EA-73C8-4A09-985D-5BDADCFA9017}","Version":0,"Task":102,"OpcodeValue":2,"RecordNumber":5512,"ActivityID":"{C828AB55-EFAA-43BE-A5F2-A192487A2AD5}","ProcessID":396,"ThreadID":4296,"Channel":"Microsoft-Windows-TaskScheduler/Operational","Domain":"NT AUTHORITY","AccountName":"SYSTEM","UserID":"S-1-5-18","AccountType":"User","Message":"Task Scheduler successfully finished \"{c828ab55-efaa-43be-a5f2-a192487a2ad5}\" instance of the \"\\Microsoft\\Windows\\Defrag\\ScheduledDefrag\" task for user \"NT AUTHORITY\\SYSTEM\".","Category":"Task completed","Opcode":"Stop","TaskName":"\\Microsoft\\Windows\\Defrag\\ScheduledDefrag","UserContext":"NT AUTHORITY\\SYSTEM","InstanceId":"{c828ab55-efaa-43be-a5f2-a192487a2ad5}","EventReceivedTime":1657287665,"SourceModuleName":"in_default_channels","SourceModuleType":"im_msvistalog"}
<14>Jul  8 13:41:04 wrk-shasek.stackedpads.local Microsoft-Windows-Security-Auditing[4]: {"EventTime":1657287664,"Hostname":"wrk-shasek.stackedpads.local","Keywords":-9214364837600034816,"EventType":"AUDIT_SUCCESS","SeverityValue":2,"Severity":"INFO","EventID":4673,"SourceName":"Microsoft-Windows-Security-Auditing","ProviderGuid":"{54849625-5478-4994-A5BA-3E3B0328C30D}","Version":0,"Task":13056,"OpcodeValue":0,"RecordNumber":2712658,"ProcessID":4,"ThreadID":6392,"Channel":"Security","Message":"A privileged service was called.\r\n\r\nSubject:\r\n\tSecurity ID:\t\tS-1-5-18\r\n\tAccount Name:\t\tWRK-SHASEK$\r\n\tAccount Domain:\t\tSTACKEDPADS\r\n\tLogon ID:\t\t0x3E7\r\n\r\nService:\r\n\tServer:\tNT Local Security Authority / Authentication Service\r\n\tService Name:\tLsaRegisterLogonProcess()\r\n\r\nProcess:\r\n\tProcess ID:\t0x294\r\n\tProcess Name:\tC:\\Windows\\System32\\lsass.exe\r\n\r\nService Request Information:\r\n\tPrivileges:\t\tSeTcbPrivilege","Category":"Sensitive Privilege Use","Opcode":"Info","SubjectUserSid":"S-1-5-18","SubjectUserName":"WRK-SHASEK$","SubjectDomainName":"STACKEDPADS","SubjectLogonId":"0x3e7","ObjectServer":"NT Local Security Authority / Authentication Service","Service":"LsaRegisterLogonProcess()","PrivilegeList":"SeTcbPrivilege","ProcessName":"C:\\Windows\\System32\\lsass.exe","EventReceivedTime":1657287664,"SourceModuleName":"in_default_channels","SourceModuleType":"im_msvistalog"}
<14>Jul  8 13:40:56 activedir.stackedpads.local Microsoft-Windows-TaskScheduler[1744]: {"EventTime":1657287654,"Hostname":"activedir.stackedpads.local","Keywords":-9223372036854775808,"EventType":"INFO","SeverityValue":2,"Severity":"INFO","EventID":119,"SourceName":"Microsoft-Windows-TaskScheduler","ProviderGuid":"{DE7B24EA-73C8-4A09-985D-5BDADCFA9017}","Version":0,"Task":119,"OpcodeValue":0,"RecordNumber":17384,"ActivityID":"{CEF8632A-A8ED-475C-B9CD-6195FA8FCC06}","ProcessID":1744,"ThreadID":1168,"Channel":"Microsoft-Windows-TaskScheduler/Operational","Domain":"NT AUTHORITY","AccountName":"SYSTEM","UserID":"S-1-5-18","AccountType":"User","Message":"Task Scheduler launched \"{cef8632a-a8ed-475c-b9cd-6195fa8fcc06}\"  instance of task \"\\Microsoft\\Windows\\Plug and Play\\Device Install Reboot Required\" due to user \"STACKEDPADS\\frank.kolzig\"  logon.","Category":"Task triggered on logon","Opcode":"Info","TaskName":"\\Microsoft\\Windows\\Plug and Play\\Device Install Reboot Required","UserName":"STACKEDPADS\\frank.kolzig","InstanceId":"{cef8632a-a8ed-475c-b9cd-6195fa8fcc06}","EventReceivedTime":1657287656,"SourceModuleName":"in_default_channels","SourceModuleType":"im_msvistalog"}
<14>Jul  8 13:40:56 activedir.stackedpads.local Microsoft-Windows-TaskScheduler[1744]: {"EventTime":1657287654,"Hostname":"activedir.stackedpads.local","Keywords":-9223372036854775808,"EventType":"INFO","SeverityValue":2,"Severity":"INFO","EventID":119,"SourceName":"Microsoft-Windows-TaskScheduler","ProviderGuid":"{DE7B24EA-73C8-4A09-985D-5BDADCFA9017}","Version":0,"Task":119,"OpcodeValue":0,"RecordNumber":17374,"ActivityID":"{2FBAB0A6-7F8F-482B-B81A-C46015E2D4EC}","ProcessID":1744,"ThreadID":4580,"Channel":"Microsoft-Windows-TaskScheduler/Operational","Domain":"NT AUTHORITY","AccountName":"SYSTEM","UserID":"S-1-5-18","AccountType":"User","Message":"Task Scheduler launched \"{2fbab0a6-7f8f-482b-b81a-c46015e2d4ec}\"  instance of task \"\\GoogleUpdateTaskMachineCore{59BBCB8D-55DC-4863-8BD3-C09A422C587B}\" due to user \"STACKEDPADS\\frank.kolzig\"  logon.","Category":"Task triggered on logon","Opcode":"Info","TaskName":"\\GoogleUpdateTaskMachineCore{59BBCB8D-55DC-4863-8BD3-C09A422C587B}","UserName":"STACKEDPADS\\frank.kolzig","InstanceId":"{2fbab0a6-7f8f-482b-b81a-c46015e2d4ec}","EventReceivedTime":1657287656,"SourceModuleName":"in_default_channels","SourceModuleType":"im_msvistalog"}
<14>Jul  8 13:40:56 activedir.stackedpads.local Microsoft-Windows-TaskScheduler[1744]: {"EventTime":1657287654,"Hostname":"activedir.stackedpads.local","Keywords":-9223372036854775808,"EventType":"INFO","SeverityValue":2,"Severity":"INFO","EventID":119,"SourceName":"Microsoft-Windows-TaskScheduler","ProviderGuid":"{DE7B24EA-73C8-4A09-985D-5BDADCFA9017}","Version":0,"Task":119,"OpcodeValue":0,"RecordNumber":17383,"ActivityID":"{5EAF7506-608A-4079-A71F-54E878F06524}","ProcessID":1744,"ThreadID":1208,"Channel":"Microsoft-Windows-TaskScheduler/Operational","Domain":"NT AUTHORITY","AccountName":"SYSTEM","UserID":"S-1-5-18","AccountType":"User","Message":"Task Scheduler launched \"{5eaf7506-608a-4079-a71f-54e878f06524}\"  instance of task \"\\Microsoft\\Windows\\WindowsColorSystem\\Calibration Loader\" due to user \"STACKEDPADS\\frank.kolzig\"  logon.","Category":"Task triggered on logon","Opcode":"Info","TaskName":"\\Microsoft\\Windows\\WindowsColorSystem\\Calibration Loader","UserName":"STACKEDPADS\\frank.kolzig","InstanceId":"{5eaf7506-608a-4079-a71f-54e878f06524}","EventReceivedTime":1657287656,"SourceModuleName":"in_default_channels","SourceModuleType":"im_msvistalog"}
<14>Jul  8 13:41:03 wrk-shasek.stackedpads.local Microsoft-Windows-TaskScheduler[396]: {"EventTime":1657287663,"Hostname":"wrk-shasek.stackedpads.local","Keywords":-9223372036854775808,"EventType":"INFO","SeverityValue":2,"Severity":"INFO","EventID":119,"SourceName":"Microsoft-Windows-TaskScheduler","ProviderGuid":"{DE7B24EA-73C8-4A09-985D-5BDADCFA9017}","Version":0,"Task":119,"OpcodeValue":0,"RecordNumber":5504,"ActivityID":"{03C7364A-65D5-43CA-9A8F-CE14E5EE5787}","ProcessID":396,"ThreadID":1284,"Channel":"Microsoft-Windows-TaskScheduler/Operational","Domain":"NT AUTHORITY","AccountName":"SYSTEM","UserID":"S-1-5-18","AccountType":"User","Message":"Task Scheduler launched \"{03c7364a-65d5-43ca-9a8f-ce14e5ee5787}\"  instance of task \"\\Microsoft\\Windows\\Management\\Provisioning\\Logon\" due to user \"STACKEDPADS\\tim.smith\"  logon.","Category":"Task triggered on logon","Opcode":"Info","TaskName":"\\Microsoft\\Windows\\Management\\Provisioning\\Logon","UserName":"STACKEDPADS\\tim.smith","InstanceId":"{03c7364a-65d5-43ca-9a8f-ce14e5ee5787}","EventReceivedTime":1657287663,"SourceModuleName":"in_default_channels","SourceModuleType":"im_msvistalog"}
<14>Jul  8 13:40:56 activedir.stackedpads.local Microsoft-Windows-TaskScheduler[1744]: {"EventTime":1657287654,"Hostname":"activedir.stackedpads.local","Keywords":-9223372036854775808,"EventType":"INFO","SeverityValue":2,"Severity":"INFO","EventID":119,"SourceName":"Microsoft-Windows-TaskScheduler","ProviderGuid":"{DE7B24EA-73C8-4A09-985D-5BDADCFA9017}","Version":0,"Task":119,"OpcodeValue":0,"RecordNumber":17363,"ActivityID":"{1506E5F1-9A8B-40D4-A98A-F957B37EF008}","ProcessID":1744,"ThreadID":4580,"Channel":"Microsoft-Windows-TaskScheduler/Operational","Domain":"NT AUTHORITY","AccountName":"SYSTEM","UserID":"S-1-5-18","AccountType":"User","Message":"Task Scheduler launched \"{1506e5f1-9a8b-40d4-a98a-f957b37ef008}\"  instance of task \"\\Microsoft\\Windows\\Wininet\\CacheTask\" due to user \"STACKEDPADS\\frank.kolzig\"  logon.","Category":"Task triggered on logon","Opcode":"Info","TaskName":"\\Microsoft\\Windows\\Wininet\\CacheTask","UserName":"STACKEDPADS\\frank.kolzig","InstanceId":"{1506e5f1-9a8b-40d4-a98a-f957b37ef008}","EventReceivedTime":1657287656,"SourceModuleName":"in_default_channels","SourceModuleType":"im_msvistalog"}
<14>Jul  8 13:40:56 activedir.stackedpads.local Microsoft-Windows-TaskScheduler[1744]: {"EventTime":1657287654,"Hostname":"activedir.stackedpads.local","Keywords":-9223372036854775808,"EventType":"INFO","SeverityValue":2,"Severity":"INFO","EventID":119,"SourceName":"Microsoft-Windows-TaskScheduler","ProviderGuid":"{DE7B24EA-73C8-4A09-985D-5BDADCFA9017}","Version":0,"Task":119,"OpcodeValue":0,"RecordNumber":17378,"ActivityID":"{908EE97A-6F40-4ADA-926E-00FBFE21C3F1}","ProcessID":1744,"ThreadID":1168,"Channel":"Microsoft-Windows-TaskScheduler/Operational","Domain":"NT AUTHORITY","AccountName":"SYSTEM","UserID":"S-1-5-18","AccountType":"User","Message":"Task Scheduler launched \"{908ee97a-6f40-4ada-926e-00fbfe21c3f1}\"  instance of task \"\\Microsoft\\Windows\\Server Manager\\ServerManager\" due to user \"STACKEDPADS\\frank.kolzig\"  logon.","Category":"Task triggered on logon","Opcode":"Info","TaskName":"\\Microsoft\\Windows\\Server Manager\\ServerManager","UserName":"STACKEDPADS\\frank.kolzig","InstanceId":"{908ee97a-6f40-4ada-926e-00fbfe21c3f1}","EventReceivedTime":1657287656,"SourceModuleName":"in_default_channels","SourceModuleType":"im_msvistalog"}
<11>Jul  8 13:41:00 activedir.stackedpads.local Microsoft-Windows-TaskScheduler[1744]: {"EventTime":1657287659,"Hostname":"activedir.stackedpads.local","Keywords":-9223372036854775808,"EventType":"ERROR","SeverityValue":4,"Severity":"ERROR","EventID":202,"SourceName":"Microsoft-Windows-TaskScheduler","ProviderGuid":"{DE7B24EA-73C8-4A09-985D-5BDADCFA9017}","Version":1,"Task":202,"OpcodeValue":102,"RecordNumber":17397,"ActivityID":"{5EAF7506-608A-4079-A71F-54E878F06524}","ProcessID":1744,"ThreadID":1168,"Channel":"Microsoft-Windows-TaskScheduler/Operational","Domain":"NT AUTHORITY","AccountName":"SYSTEM","UserID":"S-1-5-18","AccountType":"User","Message":"Task Scheduler failed to complete task \"\\Microsoft\\Windows\\WindowsColorSystem\\Calibration Loader\" , instance \"{5eaf7506-608a-4079-a71f-54e878f06524}\" , action \"Color Calibration Loader\" . Additional Data: Error Value: 2147500037.","Category":"Action failed","Opcode":"Run Failure","TaskName":"\\Microsoft\\Windows\\WindowsColorSystem\\Calibration Loader","TaskInstanceId":"{5eaf7506-608a-4079-a71f-54e878f06524}","ActionName":"Color Calibration Loader","ResultCode":"2147500037","EnginePID":"6588","EventReceivedTime":1657287660,"SourceModuleName":"in_default_channels","SourceModuleType":"im_msvistalog"}
<14>Jul  8 13:40:56 activedir.stackedpads.local Microsoft-Windows-TaskScheduler[1744]: {"EventTime":1657287654,"Hostname":"activedir.stackedpads.local","Keywords":-9223372036854775808,"EventType":"INFO","SeverityValue":2,"Severity":"INFO","EventID":119,"SourceName":"Microsoft-Windows-TaskScheduler","ProviderGuid":"{DE7B24EA-73C8-4A09-985D-5BDADCFA9017}","Version":0,"Task":119,"OpcodeValue":0,"RecordNumber":17364,"ActivityID":"{781BB25D-6DBA-471D-8F99-10CFEA0C6118}","ProcessID":1744,"ThreadID":1168,"Channel":"Microsoft-Windows-TaskScheduler/Operational","Domain":"NT AUTHORITY","AccountName":"SYSTEM","UserID":"S-1-5-18","AccountType":"User","Message":"Task Scheduler launched \"{781bb25d-6dba-471d-8f99-10cfea0c6118}\"  instance of task \"\\MicrosoftEdgeUpdateTaskMachineCore\" due to user \"STACKEDPADS\\frank.kolzig\"  logon.","Category":"Task triggered on logon","Opcode":"Info","TaskName":"\\MicrosoftEdgeUpdateTaskMachineCore","UserName":"STACKEDPADS\\frank.kolzig","InstanceId":"{781bb25d-6dba-471d-8f99-10cfea0c6118}","EventReceivedTime":1657287656,"SourceModuleName":"in_default_channels","SourceModuleType":"im_msvistalog"}
<14>Jul  8 13:40:56 activedir.stackedpads.local Microsoft-Windows-TaskScheduler[1744]: {"EventTime":1657287654,"Hostname":"activedir.stackedpads.local","Keywords":-9223372036854775808,"EventType":"INFO","SeverityValue":2,"Severity":"INFO","EventID":119,"SourceName":"Microsoft-Windows-TaskScheduler","ProviderGuid":"{DE7B24EA-73C8-4A09-985D-5BDADCFA9017}","Version":0,"Task":119,"OpcodeValue":0,"RecordNumber":17368,"ActivityID":"{32B4AB46-F294-4F17-8C8B-A2D717087F7F}","ProcessID":1744,"ThreadID":1208,"Channel":"Microsoft-Windows-TaskScheduler/Operational","Domain":"NT AUTHORITY","AccountName":"SYSTEM","UserID":"S-1-5-18","AccountType":"User","Message":"Task Scheduler launched \"{32b4ab46-f294-4f17-8c8b-a2d717087f7f}\"  instance of task \"\\Microsoft\\Windows\\TextServicesFramework\\MsCtfMonitor\" due to user \"STACKEDPADS\\frank.kolzig\"  logon.","Category":"Task triggered on logon","Opcode":"Info","TaskName":"\\Microsoft\\Windows\\TextServicesFramework\\MsCtfMonitor","UserName":"STACKEDPADS\\frank.kolzig","InstanceId":"{32b4ab46-f294-4f17-8c8b-a2d717087f7f}","EventReceivedTime":1657287656,"SourceModuleName":"in_default_channels","SourceModuleType":"im_msvistalog"}
<14>Jul  8 13:40:56 activedir.stackedpads.local Microsoft-Windows-TaskScheduler[1744]: {"EventTime":1657287654,"Hostname":"activedir.stackedpads.local","Keywords":-9223372036854775808,"EventType":"INFO","SeverityValue":2,"Severity":"INFO","EventID":119,"SourceName":"Microsoft-Windows-TaskScheduler","ProviderGuid":"{DE7B24EA-73C8-4A09-985D-5BDADCFA9017}","Version":0,"Task":119,"OpcodeValue":0,"RecordNumber":17382,"ActivityID":"{27C85231-D4BB-4CB2-9730-12E57079D270}","ProcessID":1744,"ThreadID":4580,"Channel":"Microsoft-Windows-TaskScheduler/Operational","Domain":"NT AUTHORITY","AccountName":"SYSTEM","UserID":"S-1-5-18","AccountType":"User","Message":"Task Scheduler launched \"{27c85231-d4bb-4cb2-9730-12e57079d270}\"  instance of task \"\\Microsoft\\Windows\\CertificateServicesClient\\UserTask\" due to user \"STACKEDPADS\\frank.kolzig\"  logon.","Category":"Task triggered on logon","Opcode":"Info","TaskName":"\\Microsoft\\Windows\\CertificateServicesClient\\UserTask","UserName":"STACKEDPADS\\frank.kolzig","InstanceId":"{27c85231-d4bb-4cb2-9730-12e57079d270}","EventReceivedTime":1657287656,"SourceModuleName":"in_default_channels","SourceModuleType":"im_msvistalog"}
<11>Jul  8 13:41:00 activedir.stackedpads.local Microsoft-Windows-TaskScheduler[1744]: {"EventTime":1657287659,"Hostname":"activedir.stackedpads.local","Keywords":-9223372036854775807,"EventType":"ERROR","SeverityValue":4,"Severity":"ERROR","EventID":103,"SourceName":"Microsoft-Windows-TaskScheduler","ProviderGuid":"{DE7B24EA-73C8-4A09-985D-5BDADCFA9017}","Version":0,"Task":103,"OpcodeValue":102,"RecordNumber":17398,"ActivityID":"{5EAF7506-608A-4079-A71F-54E878F06524}","ProcessID":1744,"ThreadID":1168,"Channel":"Microsoft-Windows-TaskScheduler/Operational","Domain":"NT AUTHORITY","AccountName":"SYSTEM","UserID":"S-1-5-18","AccountType":"User","Message":"Task Scheduler failed to start instance \"{5eaf7506-608a-4079-a71f-54e878f06524}\" of \"\\Microsoft\\Windows\\WindowsColorSystem\\Calibration Loader\"  task for user \"STACKEDPADS\\frank.kolzig\" . Additional Data: Error Value: 2147500037.","Category":"Action start failed","Opcode":"Run Failure","TaskName":"\\Microsoft\\Windows\\WindowsColorSystem\\Calibration Loader","InstanceId":"{5eaf7506-608a-4079-a71f-54e878f06524}","UserContext":"STACKEDPADS\\frank.kolzig","ResultCode":"2147500037","EventReceivedTime":1657287660,"SourceModuleName":"in_default_channels","SourceModuleType":"im_msvistalog"}
<14>Jul  8 13:41:06 activedir.stackedpads.local Microsoft-Windows-Security-Auditing[4]: {"EventTime":1657287665,"Hostname":"activedir.stackedpads.local","Keywords":-9214364837600034816,"EventType":"AUDIT_SUCCESS","SeverityValue":2,"Severity":"INFO","EventID":4688,"SourceName":"Microsoft-Windows-Security-Auditing","ProviderGuid":"{54849625-5478-4994-A5BA-3E3B0328C30D}","Version":2,"Task":13312,"OpcodeValue":0,"RecordNumber":510424,"ProcessID":4,"ThreadID":308,"Channel":"Security","Message":"A new process has been created.\r\n\r\nCreator Subject:\r\n\tSecurity ID:\t\tS-1-5-18\r\n\tAccount Name:\t\tACTIVEDIR$\r\n\tAccount Domain:\t\tSTACKEDPADS\r\n\tLogon ID:\t\t0x3E7\r\n\r\nTarget Subject:\r\n\tSecurity ID:\t\tS-1-0-0\r\n\tAccount Name:\t\t-\r\n\tAccount Domain:\t\t-\r\n\tLogon ID:\t\t0x0\r\n\r\nProcess Information:\r\n\tNew Process ID:\t\t0x1664\r\n\tNew Process Name:\tC:\\Windows\\System32\\wbem\\WmiPrvSE.exe\r\n\tToken Elevation Type:\t%%1936\r\n\tMandatory Label:\t\tS-1-16-16384\r\n\tCreator Process ID:\t0x368\r\n\tCreator Process Name:\tC:\\Windows\\System32\\svchost.exe\r\n\tProcess Command Line:\tC:\\Windows\\system32\\wbem\\wmiprvse.exe -Embedding\r\n\r\nToken Elevation Type indicates the type of token that was assigned to the new process in accordance with User Account Control policy.\r\n\r\nType 1 is a full token with no privileges removed or groups disabled.  A full token is only used if User Account Control is disabled or if the user is the built-in Administrator account or a service account.\r\n\r\nType 2 is an elevated token with no privileges removed or groups disabled.  An elevated token is used when User Account Control is enabled and the user chooses to start the program using Run as administrator.  An elevated token is also used when an application is configured to always require administrative privilege or to always require maximum privilege, and the user is a member of the Administrators group.\r\n\r\nType 3 is a limited token with administrative privileges removed and administrative groups disabled.  The limited token is used when User Account Control is enabled, the application does not require administrative privilege, and the user does not choose to start the program using Run as administrator.","Category":"Process Creation","Opcode":"Info","SubjectUserSid":"S-1-5-18","SubjectUserName":"ACTIVEDIR$","SubjectDomainName":"STACKEDPADS","SubjectLogonId":"0x3e7","NewProcessId":"0x1664","NewProcessName":"C:\\Windows\\System32\\wbem\\WmiPrvSE.exe","TokenElevationType":"%%1936","CommandLine":"C:\\Windows\\system32\\wbem\\wmiprvse.exe -Embedding","TargetUserSid":"S-1-0-0","TargetUserName":"-","TargetDomainName":"-","TargetLogonId":"0x0","ParentProcessName":"C:\\Windows\\System32\\svchost.exe","MandatoryLabel":"S-1-16-16384","EventReceivedTime":1657287666,"SourceModuleName":"in_default_channels","SourceModuleType":"im_msvistalog"}
<14>Jul  8 13:41:06 activedir.stackedpads.local Microsoft-Windows-Security-Auditing[4]: {"EventTime":1657287665,"Hostname":"activedir.stackedpads.local","Keywords":-9214364837600034816,"EventType":"AUDIT_SUCCESS","SeverityValue":2,"Severity":"INFO","EventID":4688,"SourceName":"Microsoft-Windows-Security-Auditing","ProviderGuid":"{54849625-5478-4994-A5BA-3E3B0328C30D}","Version":2,"Task":13312,"OpcodeValue":0,"RecordNumber":510421,"ProcessID":4,"ThreadID":308,"Channel":"Security","Message":"A new process has been created.\r\n\r\nCreator Subject:\r\n\tSecurity ID:\t\tS-1-5-18\r\n\tAccount Name:\t\tACTIVEDIR$\r\n\tAccount Domain:\t\tSTACKEDPADS\r\n\tLogon ID:\t\t0x3E7\r\n\r\nTarget Subject:\r\n\tSecurity ID:\t\tS-1-5-21-2264196694-1469429678-912427992-1104\r\n\tAccount Name:\t\tfrank.kolzig\r\n\tAccount Domain:\t\tSTACKEDPADS\r\n\tLogon ID:\t\t0x16307A\r\n\r\nProcess Information:\r\n\tNew Process ID:\t\t0x1538\r\n\tNew Process Name:\tC:\\Windows\\System32\\backgroundTaskHost.exe\r\n\tToken Elevation Type:\t%%1938\r\n\tMandatory Label:\t\tS-1-16-4096\r\n\tCreator Process ID:\t0x368\r\n\tCreator Process Name:\tC:\\Windows\\System32\\svchost.exe\r\n\tProcess Command Line:\t\"C:\\Windows\\system32\\backgroundTaskHost.exe\" -ServerName:CortanaUI.AppXy7vb4pc2dr3kc93kfc509b1d0arkfb2x.mca\r\n\r\nToken Elevation Type indicates the type of token that was assigned to the new process in accordance with User Account Control policy.\r\n\r\nType 1 is a full token with no privileges removed or groups disabled.  A full token is only used if User Account Control is disabled or if the user is the built-in Administrator account or a service account.\r\n\r\nType 2 is an elevated token with no privileges removed or groups disabled.  An elevated token is used when User Account Control is enabled and the user chooses to start the program using Run as administrator.  An elevated token is also used when an application is configured to always require administrative privilege or to always require maximum privilege, and the user is a member of the Administrators group.\r\n\r\nType 3 is a limited token with administrative privileges removed and administrative groups disabled.  The limited token is used when User Account Control is enabled, the application does not require administrative privilege, and the user does not choose to start the program using Run as administrator.","Category":"Process Creation","Opcode":"Info","SubjectUserSid":"S-1-5-18","SubjectUserName":"ACTIVEDIR$","SubjectDomainName":"STACKEDPADS","SubjectLogonId":"0x3e7","NewProcessId":"0x1538","NewProcessName":"C:\\Windows\\System32\\backgroundTaskHost.exe","TokenElevationType":"%%1938","CommandLine":"\"C:\\Windows\\system32\\backgroundTaskHost.exe\" -ServerName:CortanaUI.AppXy7vb4pc2dr3kc93kfc509b1d0arkfb2x.mca","TargetUserSid":"S-1-5-21-2264196694-1469429678-912427992-1104","TargetUserName":"frank.kolzig","TargetDomainName":"STACKEDPADS","TargetLogonId":"0x16307a","ParentProcessName":"C:\\Windows\\System32\\svchost.exe","MandatoryLabel":"S-1-16-4096","EventReceivedTime":1657287666,"SourceModuleName":"in_default_channels","SourceModuleType":"im_msvistalog"}
<14>Jul  8 13:41:06 activedir.stackedpads.local Microsoft-Windows-Security-Auditing[4]: {"EventTime":1657287665,"Hostname":"activedir.stackedpads.local","Keywords":-9214364837600034816,"EventType":"AUDIT_SUCCESS","SeverityValue":2,"Severity":"INFO","EventID":4689,"SourceName":"Microsoft-Windows-Security-Auditing","ProviderGuid":"{54849625-5478-4994-A5BA-3E3B0328C30D}","Version":0,"Task":13313,"OpcodeValue":0,"RecordNumber":510422,"ProcessID":4,"ThreadID":176,"Channel":"Security","Message":"A process has exited.\r\n\r\nSubject:\r\n\tSecurity ID:\t\tS-1-5-18\r\n\tAccount Name:\t\tACTIVEDIR$\r\n\tAccount Domain:\t\tSTACKEDPADS\r\n\tLogon ID:\t\t0x3E7\r\n\r\nProcess Information:\r\n\tProcess ID:\t0x1764\r\n\tProcess Name:\tC:\\Windows\\System32\\dllhost.exe\r\n\tExit Status:\t0x0","Category":"Process Termination","Opcode":"Info","SubjectUserSid":"S-1-5-18","SubjectUserName":"ACTIVEDIR$","SubjectDomainName":"STACKEDPADS","SubjectLogonId":"0x3e7","Status":"0x0","ProcessName":"C:\\Windows\\System32\\dllhost.exe","EventReceivedTime":1657287666,"SourceModuleName":"in_default_channels","SourceModuleType":"im_msvistalog"}
<14>Jul  8 13:41:06 activedir.stackedpads.local Microsoft-Windows-Security-Auditing[4]: {"EventTime":1657287665,"Hostname":"activedir.stackedpads.local","Keywords":-9214364837600034816,"EventType":"AUDIT_SUCCESS","SeverityValue":2,"Severity":"INFO","EventID":4689,"SourceName":"Microsoft-Windows-Security-Auditing","ProviderGuid":"{54849625-5478-4994-A5BA-3E3B0328C30D}","Version":0,"Task":13313,"OpcodeValue":0,"RecordNumber":510423,"ProcessID":4,"ThreadID":176,"Channel":"Security","Message":"A process has exited.\r\n\r\nSubject:\r\n\tSecurity ID:\t\tS-1-5-18\r\n\tAccount Name:\t\tACTIVEDIR$\r\n\tAccount Domain:\t\tSTACKEDPADS\r\n\tLogon ID:\t\t0x3E7\r\n\r\nProcess Information:\r\n\tProcess ID:\t0x161c\r\n\tProcess Name:\tC:\\Windows\\System32\\dllhost.exe\r\n\tExit Status:\t0x0","Category":"Process Termination","Opcode":"Info","SubjectUserSid":"S-1-5-18","SubjectUserName":"ACTIVEDIR$","SubjectDomainName":"STACKEDPADS","SubjectLogonId":"0x3e7","Status":"0x0","ProcessName":"C:\\Windows\\System32\\dllhost.exe","EventReceivedTime":1657287666,"SourceModuleName":"in_default_channels","SourceModuleType":"im_msvistalog"}
<11>Jul  8 13:41:06 activedir.stackedpads.local Microsoft-Windows-Security-Auditing[4]: {"EventTime":1657287665,"Hostname":"activedir.stackedpads.local","Keywords":-9218868437227405312,"EventType":"AUDIT_FAILURE","SeverityValue":4,"Severity":"ERROR","EventID":4673,"SourceName":"Microsoft-Windows-Security-Auditing","ProviderGuid":"{54849625-5478-4994-A5BA-3E3B0328C30D}","Version":0,"Task":13056,"OpcodeValue":0,"RecordNumber":510420,"ProcessID":4,"ThreadID":308,"Channel":"Security","Message":"A privileged service was called.\r\n\r\nSubject:\r\n\tSecurity ID:\t\tS-1-5-21-2264196694-1469429678-912427992-1104\r\n\tAccount Name:\t\tfrank.kolzig\r\n\tAccount Domain:\t\tSTACKEDPADS\r\n\tLogon ID:\t\t0x16307A\r\n\r\nService:\r\n\tServer:\tSecurity\r\n\tService Name:\t-\r\n\r\nProcess:\r\n\tProcess ID:\t0x368\r\n\tProcess Name:\tC:\\Windows\\System32\\svchost.exe\r\n\r\nService Request Information:\r\n\tPrivileges:\t\tSeTcbPrivilege","Category":"Sensitive Privilege Use","Opcode":"Info","SubjectUserSid":"S-1-5-21-2264196694-1469429678-912427992-1104","SubjectUserName":"frank.kolzig","SubjectDomainName":"STACKEDPADS","SubjectLogonId":"0x16307a","ObjectServer":"Security","Service":"-","PrivilegeList":"SeTcbPrivilege","ProcessName":"C:\\Windows\\System32\\svchost.exe","EventReceivedTime":1657287666,"SourceModuleName":"in_default_channels","SourceModuleType":"im_msvistalog"}
<14>Jul  8 13:41:07 wrk-shasek.stackedpads.local Microsoft-Windows-TaskScheduler[396]: {"EventTime":1657287666,"Hostname":"wrk-shasek.stackedpads.local","Keywords":-9223372036854775808,"EventType":"INFO","SeverityValue":2,"Severity":"INFO","EventID":201,"SourceName":"Microsoft-Windows-TaskScheduler","ProviderGuid":"{DE7B24EA-73C8-4A09-985D-5BDADCFA9017}","Version":2,"Task":201,"OpcodeValue":2,"RecordNumber":5513,"ActivityID":"{03C7364A-65D5-43CA-9A8F-CE14E5EE5787}","ProcessID":396,"ThreadID":4296,"Channel":"Microsoft-Windows-TaskScheduler/Operational","Domain":"NT AUTHORITY","AccountName":"SYSTEM","UserID":"S-1-5-18","AccountType":"User","Message":"Task Scheduler successfully completed task \"\\Microsoft\\Windows\\Management\\Provisioning\\Logon\" , instance \"{03c7364a-65d5-43ca-9a8f-ce14e5ee5787}\" , action \"%windir%\\system32\\ProvTool.exe\" with return code 0.","Category":"Action completed","Opcode":"Stop","TaskName":"\\Microsoft\\Windows\\Management\\Provisioning\\Logon","TaskInstanceId":"{03c7364a-65d5-43ca-9a8f-ce14e5ee5787}","ActionName":"%windir%\\system32\\ProvTool.exe","ResultCode":"0","EnginePID":"3564","EventReceivedTime":1657287667,"SourceModuleName":"in_default_channels","SourceModuleType":"im_msvistalog"}
<14>Jul  8 13:41:07 wrk-shasek.stackedpads.local Microsoft-Windows-TaskScheduler[396]: {"EventTime":1657287666,"Hostname":"wrk-shasek.stackedpads.local","Keywords":-9223372036854775807,"EventType":"INFO","SeverityValue":2,"Severity":"INFO","EventID":102,"SourceName":"Microsoft-Windows-TaskScheduler","ProviderGuid":"{DE7B24EA-73C8-4A09-985D-5BDADCFA9017}","Version":0,"Task":102,"OpcodeValue":2,"RecordNumber":5514,"ActivityID":"{03C7364A-65D5-43CA-9A8F-CE14E5EE5787}","ProcessID":396,"ThreadID":4296,"Channel":"Microsoft-Windows-TaskScheduler/Operational","Domain":"NT AUTHORITY","AccountName":"SYSTEM","UserID":"S-1-5-18","AccountType":"User","Message":"Task Scheduler successfully finished \"{03c7364a-65d5-43ca-9a8f-ce14e5ee5787}\" instance of the \"\\Microsoft\\Windows\\Management\\Provisioning\\Logon\" task for user \"NT AUTHORITY\\SYSTEM\".","Category":"Task completed","Opcode":"Stop","TaskName":"\\Microsoft\\Windows\\Management\\Provisioning\\Logon","UserContext":"NT AUTHORITY\\SYSTEM","InstanceId":"{03c7364a-65d5-43ca-9a8f-ce14e5ee5787}","EventReceivedTime":1657287667,"SourceModuleName":"in_default_channels","SourceModuleType":"im_msvistalog"}
<14>Jul  8 13:41:07 wrk-shasek.stackedpads.local Microsoft-Windows-Security-Auditing[4]: {"EventTime":1657287666,"Hostname":"wrk-shasek.stackedpads.local","Keywords":-9214364837600034816,"EventType":"AUDIT_SUCCESS","SeverityValue":2,"Severity":"INFO","EventID":4689,"SourceName":"Microsoft-Windows-Security-Auditing","ProviderGuid":"{54849625-5478-4994-A5BA-3E3B0328C30D}","Version":0,"Task":13313,"OpcodeValue":0,"RecordNumber":2712662,"ProcessID":4,"ThreadID":1756,"Channel":"Security","Message":"A process has exited.\r\n\r\nSubject:\r\n\tSecurity ID:\t\tS-1-5-18\r\n\tAccount Name:\t\tWRK-SHASEK$\r\n\tAccount Domain:\t\tSTACKEDPADS\r\n\tLogon ID:\t\t0x3E7\r\n\r\nProcess Information:\r\n\tProcess ID:\t0xdec\r\n\tProcess Name:\tC:\\Windows\\System32\\provtool.exe\r\n\tExit Status:\t0x0","Category":"Process Termination","Opcode":"Info","SubjectUserSid":"S-1-5-18","SubjectUserName":"WRK-SHASEK$","SubjectDomainName":"STACKEDPADS","SubjectLogonId":"0x3e7","Status":"0x0","ProcessName":"C:\\Windows\\System32\\provtool.exe","EventReceivedTime":1657287667,"SourceModuleName":"in_default_channels","SourceModuleType":"im_msvistalog"}
<14>Jul  8 13:41:11 activedir.stackedpads.local Microsoft-Windows-Security-Auditing[4]: {"EventTime":1657287669,"Hostname":"activedir.stackedpads.local","Keywords":-9214364837600034816,"EventType":"AUDIT_SUCCESS","SeverityValue":2,"Severity":"INFO","EventID":4688,"SourceName":"Microsoft-Windows-Security-Auditing","ProviderGuid":"{54849625-5478-4994-A5BA-3E3B0328C30D}","Version":2,"Task":13312,"OpcodeValue":0,"RecordNumber":510425,"ProcessID":4,"ThreadID":348,"Channel":"Security","Message":"A new process has been created.\r\n\r\nCreator Subject:\r\n\tSecurity ID:\t\tS-1-5-18\r\n\tAccount Name:\t\tACTIVEDIR$\r\n\tAccount Domain:\t\tSTACKEDPADS\r\n\tLogon ID:\t\t0x3E7\r\n\r\nTarget Subject:\r\n\tSecurity ID:\t\tS-1-5-21-2264196694-1469429678-912427992-1104\r\n\tAccount Name:\t\tfrank.kolzig\r\n\tAccount Domain:\t\tSTACKEDPADS\r\n\tLogon ID:\t\t0x16307A\r\n\r\nProcess Information:\r\n\tNew Process ID:\t\t0x18ec\r\n\tNew Process Name:\tC:\\Windows\\System32\\smartscreen.exe\r\n\tToken Elevation Type:\t%%1938\r\n\tMandatory Label:\t\tS-1-16-8192\r\n\tCreator Process ID:\t0x368\r\n\tCreator Process Name:\tC:\\Windows\\System32\\svchost.exe\r\n\tProcess Command Line:\tC:\\Windows\\System32\\smartscreen.exe -Embedding\r\n\r\nToken Elevation Type indicates the type of token that was assigned to the new process in accordance with User Account Control policy.\r\n\r\nType 1 is a full token with no privileges removed or groups disabled.  A full token is only used if User Account Control is disabled or if the user is the built-in Administrator account or a service account.\r\n\r\nType 2 is an elevated token with no privileges removed or groups disabled.  An elevated token is used when User Account Control is enabled and the user chooses to start the program using Run as administrator.  An elevated token is also used when an application is configured to always require administrative privilege or to always require maximum privilege, and the user is a member of the Administrators group.\r\n\r\nType 3 is a limited token with administrative privileges removed and administrative groups disabled.  The limited token is used when User Account Control is enabled, the application does not require administrative privilege, and the user does not choose to start the program using Run as administrator.","Category":"Process Creation","Opcode":"Info","SubjectUserSid":"S-1-5-18","SubjectUserName":"ACTIVEDIR$","SubjectDomainName":"STACKEDPADS","SubjectLogonId":"0x3e7","NewProcessId":"0x18ec","NewProcessName":"C:\\Windows\\System32\\smartscreen.exe","TokenElevationType":"%%1938","CommandLine":"C:\\Windows\\System32\\smartscreen.exe -Embedding","TargetUserSid":"S-1-5-21-2264196694-1469429678-912427992-1104","TargetUserName":"frank.kolzig","TargetDomainName":"STACKEDPADS","TargetLogonId":"0x16307a","ParentProcessName":"C:\\Windows\\System32\\svchost.exe","MandatoryLabel":"S-1-16-8192","EventReceivedTime":1657287671,"SourceModuleName":"in_default_channels","SourceModuleType":"im_msvistalog"}
<14>Jul  8 13:41:11 activedir.stackedpads.local Microsoft-Windows-Security-Auditing[4]: {"EventTime":1657287670,"Hostname":"activedir.stackedpads.local","Keywords":-9214364837600034816,"EventType":"AUDIT_SUCCESS","SeverityValue":2,"Severity":"INFO","EventID":4689,"SourceName":"Microsoft-Windows-Security-Auditing","ProviderGuid":"{54849625-5478-4994-A5BA-3E3B0328C30D}","Version":0,"Task":13313,"OpcodeValue":0,"RecordNumber":510430,"ProcessID":4,"ThreadID":176,"Channel":"Security","Message":"A process has exited.\r\n\r\nSubject:\r\n\tSecurity ID:\t\tS-1-5-21-2264196694-1469429678-912427992-1104\r\n\tAccount Name:\t\tfrank.kolzig\r\n\tAccount Domain:\t\tSTACKEDPADS\r\n\tLogon ID:\t\t0x16307A\r\n\r\nProcess Information:\r\n\tProcess ID:\t0x181c\r\n\tProcess Name:\tC:\\Windows\\System32\\cmd.exe\r\n\tExit Status:\t0x1","Category":"Process Termination","Opcode":"Info","SubjectUserSid":"S-1-5-21-2264196694-1469429678-912427992-1104","SubjectUserName":"frank.kolzig","SubjectDomainName":"STACKEDPADS","SubjectLogonId":"0x16307a","Status":"0x1","ProcessName":"C:\\Windows\\System32\\cmd.exe","EventReceivedTime":1657287671,"SourceModuleName":"in_default_channels","SourceModuleType":"im_msvistalog"}
<14>Jul  8 13:41:11 activedir.stackedpads.local Microsoft-Windows-Security-Auditing[4]: {"EventTime":1657287670,"Hostname":"activedir.stackedpads.local","Keywords":-9214364837600034816,"EventType":"AUDIT_SUCCESS","SeverityValue":2,"Severity":"INFO","EventID":4689,"SourceName":"Microsoft-Windows-Security-Auditing","ProviderGuid":"{54849625-5478-4994-A5BA-3E3B0328C30D}","Version":0,"Task":13313,"OpcodeValue":0,"RecordNumber":510427,"ProcessID":4,"ThreadID":176,"Channel":"Security","Message":"A process has exited.\r\n\r\nSubject:\r\n\tSecurity ID:\t\tS-1-5-21-2264196694-1469429678-912427992-1104\r\n\tAccount Name:\t\tfrank.kolzig\r\n\tAccount Domain:\t\tSTACKEDPADS\r\n\tLogon ID:\t\t0x16307A\r\n\r\nProcess Information:\r\n\tProcess ID:\t0xbac\r\n\tProcess Name:\tC:\\Windows\\System32\\SecurityHealthSystray.exe\r\n\tExit Status:\t0x1","Category":"Process Termination","Opcode":"Info","SubjectUserSid":"S-1-5-21-2264196694-1469429678-912427992-1104","SubjectUserName":"frank.kolzig","SubjectDomainName":"STACKEDPADS","SubjectLogonId":"0x16307a","Status":"0x1","ProcessName":"C:\\Windows\\System32\\SecurityHealthSystray.exe","EventReceivedTime":1657287671,"SourceModuleName":"in_default_channels","SourceModuleType":"im_msvistalog"}
<14>Jul  8 13:41:11 activedir.stackedpads.local Microsoft-Windows-Security-Auditing[4]: {"EventTime":1657287670,"Hostname":"activedir.stackedpads.local","Keywords":-9214364837600034816,"EventType":"AUDIT_SUCCESS","SeverityValue":2,"Severity":"INFO","EventID":4689,"SourceName":"Microsoft-Windows-Security-Auditing","ProviderGuid":"{54849625-5478-4994-A5BA-3E3B0328C30D}","Version":0,"Task":13313,"OpcodeValue":0,"RecordNumber":510431,"ProcessID":4,"ThreadID":176,"Channel":"Security","Message":"A process has exited.\r\n\r\nSubject:\r\n\tSecurity ID:\t\tS-1-5-21-2264196694-1469429678-912427992-1104\r\n\tAccount Name:\t\tfrank.kolzig\r\n\tAccount Domain:\t\tSTACKEDPADS\r\n\tLogon ID:\t\t0x16307A\r\n\r\nProcess Information:\r\n\tProcess ID:\t0x16d0\r\n\tProcess Name:\tC:\\Windows\\System32\\conhost.exe\r\n\tExit Status:\t0x0","Category":"Process Termination","Opcode":"Info","SubjectUserSid":"S-1-5-21-2264196694-1469429678-912427992-1104","SubjectUserName":"frank.kolzig","SubjectDomainName":"STACKEDPADS","SubjectLogonId":"0x16307a","Status":"0x0","ProcessName":"C:\\Windows\\System32\\conhost.exe","EventReceivedTime":1657287671,"SourceModuleName":"in_default_channels","SourceModuleType":"im_msvistalog"}
<14>Jul  8 13:41:11 activedir.stackedpads.local Microsoft-Windows-Security-Auditing[4]: {"EventTime":1657287670,"Hostname":"activedir.stackedpads.local","Keywords":-9214364837600034816,"EventType":"AUDIT_SUCCESS","SeverityValue":2,"Severity":"INFO","EventID":4688,"SourceName":"Microsoft-Windows-Security-Auditing","ProviderGuid":"{54849625-5478-4994-A5BA-3E3B0328C30D}","Version":2,"Task":13312,"OpcodeValue":0,"RecordNumber":510426,"ProcessID":4,"ThreadID":348,"Channel":"Security","Message":"A new process has been created.\r\n\r\nCreator Subject:\r\n\tSecurity ID:\t\tS-1-5-21-2264196694-1469429678-912427992-1104\r\n\tAccount Name:\t\tfrank.kolzig\r\n\tAccount Domain:\t\tSTACKEDPADS\r\n\tLogon ID:\t\t0x16307A\r\n\r\nTarget Subject:\r\n\tSecurity ID:\t\tS-1-0-0\r\n\tAccount Name:\t\t-\r\n\tAccount Domain:\t\t-\r\n\tLogon ID:\t\t0x0\r\n\r\nProcess Information:\r\n\tNew Process ID:\t\t0xbac\r\n\tNew Process Name:\tC:\\Windows\\System32\\SecurityHealthSystray.exe\r\n\tToken Elevation Type:\t%%1938\r\n\tMandatory Label:\t\tS-1-16-8192\r\n\tCreator Process ID:\t0xdc8\r\n\tCreator Process Name:\tC:\\Windows\\explorer.exe\r\n\tProcess Command Line:\t\"C:\\Windows\\System32\\SecurityHealthSystray.exe\" \r\n\r\nToken Elevation Type indicates the type of token that was assigned to the new process in accordance with User Account Control policy.\r\n\r\nType 1 is a full token with no privileges removed or groups disabled.  A full token is only used if User Account Control is disabled or if the user is the built-in Administrator account or a service account.\r\n\r\nType 2 is an elevated token with no privileges removed or groups disabled.  An elevated token is used when User Account Control is enabled and the user chooses to start the program using Run as administrator.  An elevated token is also used when an application is configured to always require administrative privilege or to always require maximum privilege, and the user is a member of the Administrators group.\r\n\r\nType 3 is a limited token with administrative privileges removed and administrative groups disabled.  The limited token is used when User Account Control is enabled, the application does not require administrative privilege, and the user does not choose to start the program using Run as administrator.","Category":"Process Creation","Opcode":"Info","SubjectUserSid":"S-1-5-21-2264196694-1469429678-912427992-1104","SubjectUserName":"frank.kolzig","SubjectDomainName":"STACKEDPADS","SubjectLogonId":"0x16307a","NewProcessId":"0xbac","NewProcessName":"C:\\Windows\\System32\\SecurityHealthSystray.exe","TokenElevationType":"%%1938","CommandLine":"\"C:\\Windows\\System32\\SecurityHealthSystray.exe\" ","TargetUserSid":"S-1-0-0","TargetUserName":"-","TargetDomainName":"-","TargetLogonId":"0x0","ParentProcessName":"C:\\Windows\\explorer.exe","MandatoryLabel":"S-1-16-8192","EventReceivedTime":1657287671,"SourceModuleName":"in_default_channels","SourceModuleType":"im_msvistalog"}
<14>Jul  8 13:41:11 activedir.stackedpads.local Microsoft-Windows-Security-Auditing[4]: {"EventTime":1657287670,"Hostname":"activedir.stackedpads.local","Keywords":-9214364837600034816,"EventType":"AUDIT_SUCCESS","SeverityValue":2,"Severity":"INFO","EventID":4688,"SourceName":"Microsoft-Windows-Security-Auditing","ProviderGuid":"{54849625-5478-4994-A5BA-3E3B0328C30D}","Version":2,"Task":13312,"OpcodeValue":0,"RecordNumber":510429,"ProcessID":4,"ThreadID":176,"Channel":"Security","Message":"A new process has been created.\r\n\r\nCreator Subject:\r\n\tSecurity ID:\t\tS-1-5-21-2264196694-1469429678-912427992-1104\r\n\tAccount Name:\t\tfrank.kolzig\r\n\tAccount Domain:\t\tSTACKEDPADS\r\n\tLogon ID:\t\t0x16307A\r\n\r\nTarget Subject:\r\n\tSecurity ID:\t\tS-1-0-0\r\n\tAccount Name:\t\t-\r\n\tAccount Domain:\t\t-\r\n\tLogon ID:\t\t0x0\r\n\r\nProcess Information:\r\n\tNew Process ID:\t\t0x16d0\r\n\tNew Process Name:\tC:\\Windows\\System32\\conhost.exe\r\n\tToken Elevation Type:\t%%1938\r\n\tMandatory Label:\t\tS-1-16-8192\r\n\tCreator Process ID:\t0x181c\r\n\tCreator Process Name:\tC:\\Windows\\System32\\cmd.exe\r\n\tProcess Command Line:\t\\??\\C:\\Windows\\system32\\conhost.exe 0xffffffff -ForceV1\r\n\r\nToken Elevation Type indicates the type of token that was assigned to the new process in accordance with User Account Control policy.\r\n\r\nType 1 is a full token with no privileges removed or groups disabled.  A full token is only used if User Account Control is disabled or if the user is the built-in Administrator account or a service account.\r\n\r\nType 2 is an elevated token with no privileges removed or groups disabled.  An elevated token is used when User Account Control is enabled and the user chooses to start the program using Run as administrator.  An elevated token is also used when an application is configured to always require administrative privilege or to always require maximum privilege, and the user is a member of the Administrators group.\r\n\r\nType 3 is a limited token with administrative privileges removed and administrative groups disabled.  The limited token is used when User Account Control is enabled, the application does not require administrative privilege, and the user does not choose to start the program using Run as administrator.","Category":"Process Creation","Opcode":"Info","SubjectUserSid":"S-1-5-21-2264196694-1469429678-912427992-1104","SubjectUserName":"frank.kolzig","SubjectDomainName":"STACKEDPADS","SubjectLogonId":"0x16307a","NewProcessId":"0x16d0","NewProcessName":"C:\\Windows\\System32\\conhost.exe","TokenElevationType":"%%1938","CommandLine":"\\??\\C:\\Windows\\system32\\conhost.exe 0xffffffff -ForceV1","TargetUserSid":"S-1-0-0","TargetUserName":"-","TargetDomainName":"-","TargetLogonId":"0x0","ParentProcessName":"C:\\Windows\\System32\\cmd.exe","MandatoryLabel":"S-1-16-8192","EventReceivedTime":1657287671,"SourceModuleName":"in_default_channels","SourceModuleType":"im_msvistalog"}
<14>Jul  8 13:41:11 activedir.stackedpads.local Microsoft-Windows-Security-Auditing[4]: {"EventTime":1657287670,"Hostname":"activedir.stackedpads.local","Keywords":-9214364837600034816,"EventType":"AUDIT_SUCCESS","SeverityValue":2,"Severity":"INFO","EventID":4688,"SourceName":"Microsoft-Windows-Security-Auditing","ProviderGuid":"{54849625-5478-4994-A5BA-3E3B0328C30D}","Version":2,"Task":13312,"OpcodeValue":0,"RecordNumber":510428,"ProcessID":4,"ThreadID":176,"Channel":"Security","Message":"A new process has been created.\r\n\r\nCreator Subject:\r\n\tSecurity ID:\t\tS-1-5-21-2264196694-1469429678-912427992-1104\r\n\tAccount Name:\t\tfrank.kolzig\r\n\tAccount Domain:\t\tSTACKEDPADS\r\n\tLogon ID:\t\t0x16307A\r\n\r\nTarget Subject:\r\n\tSecurity ID:\t\tS-1-0-0\r\n\tAccount Name:\t\t-\r\n\tAccount Domain:\t\t-\r\n\tLogon ID:\t\t0x0\r\n\r\nProcess Information:\r\n\tNew Process ID:\t\t0x181c\r\n\tNew Process Name:\tC:\\Windows\\System32\\cmd.exe\r\n\tToken Elevation Type:\t%%1938\r\n\tMandatory Label:\t\tS-1-16-8192\r\n\tCreator Process ID:\t0xdc8\r\n\tCreator Process Name:\tC:\\Windows\\explorer.exe\r\n\tProcess Command Line:\tC:\\Windows\\system32\\cmd.exe /c \"\"C:\\temp\\backup.bat\" \"\r\n\r\nToken Elevation Type indicates the type of token that was assigned to the new process in accordance with User Account Control policy.\r\n\r\nType 1 is a full token with no privileges removed or groups disabled.  A full token is only used if User Account Control is disabled or if the user is the built-in Administrator account or a service account.\r\n\r\nType 2 is an elevated token with no privileges removed or groups disabled.  An elevated token is used when User Account Control is enabled and the user chooses to start the program using Run as administrator.  An elevated token is also used when an application is configured to always require administrative privilege or to always require maximum privilege, and the user is a member of the Administrators group.\r\n\r\nType 3 is a limited token with administrative privileges removed and administrative groups disabled.  The limited token is used when User Account Control is enabled, the application does not require administrative privilege, and the user does not choose to start the program using Run as administrator.","Category":"Process Creation","Opcode":"Info","SubjectUserSid":"S-1-5-21-2264196694-1469429678-912427992-1104","SubjectUserName":"frank.kolzig","SubjectDomainName":"STACKEDPADS","SubjectLogonId":"0x16307a","NewProcessId":"0x181c","NewProcessName":"C:\\Windows\\System32\\cmd.exe","TokenElevationType":"%%1938","CommandLine":"C:\\Windows\\system32\\cmd.exe /c \"\"C:\\temp\\backup.bat\" \"","TargetUserSid":"S-1-0-0","TargetUserName":"-","TargetDomainName":"-","TargetLogonId":"0x0","ParentProcessName":"C:\\Windows\\explorer.exe","MandatoryLabel":"S-1-16-8192","EventReceivedTime":1657287671,"SourceModuleName":"in_default_channels","SourceModuleType":"im_msvistalog"}
<14>Jul  8 13:41:14 activedir.stackedpads.local Microsoft-Windows-Security-Auditing[4]: {"EventTime":1657287673,"Hostname":"activedir.stackedpads.local","Keywords":-9214364837600034816,"EventType":"AUDIT_SUCCESS","SeverityValue":2,"Severity":"INFO","EventID":4689,"SourceName":"Microsoft-Windows-Security-Auditing","ProviderGuid":"{54849625-5478-4994-A5BA-3E3B0328C30D}","Version":0,"Task":13313,"OpcodeValue":0,"RecordNumber":510432,"ProcessID":4,"ThreadID":348,"Channel":"Security","Message":"A process has exited.\r\n\r\nSubject:\r\n\tSecurity ID:\t\tS-1-5-21-2264196694-1469429678-912427992-1104\r\n\tAccount Name:\t\tfrank.kolzig\r\n\tAccount Domain:\t\tSTACKEDPADS\r\n\tLogon ID:\t\t0x16307A\r\n\r\nProcess Information:\r\n\tProcess ID:\t0x1734\r\n\tProcess Name:\tC:\\Windows\\System32\\mobsync.exe\r\n\tExit Status:\t0x0","Category":"Process Termination","Opcode":"Info","SubjectUserSid":"S-1-5-21-2264196694-1469429678-912427992-1104","SubjectUserName":"frank.kolzig","SubjectDomainName":"STACKEDPADS","SubjectLogonId":"0x16307a","Status":"0x0","ProcessName":"C:\\Windows\\System32\\mobsync.exe","EventReceivedTime":1657287674,"SourceModuleName":"in_default_channels","SourceModuleType":"im_msvistalog"}
<14>Jul  8 13:41:16 wrk-shasek.stackedpads.local Microsoft-Windows-Security-Auditing[4]: {"EventTime":1657287675,"Hostname":"wrk-shasek.stackedpads.local","Keywords":-9214364837600034816,"EventType":"AUDIT_SUCCESS","SeverityValue":2,"Severity":"INFO","EventID":4689,"SourceName":"Microsoft-Windows-Security-Auditing","ProviderGuid":"{54849625-5478-4994-A5BA-3E3B0328C30D}","Version":0,"Task":13313,"OpcodeValue":0,"RecordNumber":2712663,"ProcessID":4,"ThreadID":4144,"Channel":"Security","Message":"A process has exited.\r\n\r\nSubject:\r\n\tSecurity ID:\t\tS-1-5-20\r\n\tAccount Name:\t\tWRK-SHASEK$\r\n\tAccount Domain:\t\tSTACKEDPADS\r\n\tLogon ID:\t\t0x3E4\r\n\r\nProcess Information:\r\n\tProcess ID:\t0x1bac\r\n\tProcess Name:\tC:\\Windows\\System32\\sppsvc.exe\r\n\tExit Status:\t0x0","Category":"Process Termination","Opcode":"Info","SubjectUserSid":"S-1-5-20","SubjectUserName":"WRK-SHASEK$","SubjectDomainName":"STACKEDPADS","SubjectLogonId":"0x3e4","Status":"0x0","ProcessName":"C:\\Windows\\System32\\sppsvc.exe","EventReceivedTime":1657287676,"SourceModuleName":"in_default_channels","SourceModuleType":"im_msvistalog"}
