{"EventTime":1693412639,"Hostname":"malwareTest-win10","Keywords":-9223372036854775808,"EventType":"INFO","SeverityValue":2,"Severity":"INFO","EventID":22,"SourceName":"Microsoft-Windows-Sysmon","ProviderGuid":"{5770385F-C22A-43E0-BF4C-06F5698FFBD9}","Version":5,"Task":22,"OpcodeValue":0,"RecordNumber":56956,"ProcessID":3436,"ThreadID":5004,"Channel":"Microsoft-Windows-Sysmon/Operational","Domain":"NT AUTHORITY","AccountName":"SYSTEM","UserID":"S-1-5-18","AccountType":"User","Message":"Dns query:\r\nRuleName: -\r\nUtcTime: 2023-08-30 16:23:59.228\r\nProcessGuid: {5b325aa9-6c64-64ef-db03-000000000e00}\r\nProcessId: 4016\r\nQueryName: internetcoca.in\r\nQueryStatus: 9003\r\nQueryResults: -\r\nImage: E:\\me\\123.com\r\nUser: MALWARETEST-WIN\\jsmith","Category":"Dns query (rule: DnsQuery)","Opcode":"Info","RuleName":"-","UtcTime":"2023-08-30 16:23:59.228","ProcessGuid":"{5b325aa9-6c64-64ef-db03-000000000e00}","QueryName":"internetcoca.in","QueryStatus":"9003","QueryResults":"-","Image":"E:\\me\\123.com","User":"MALWARETEST-WIN\\jsmith","EventReceivedTime":"2023-08-30 16:24:02","SourceModuleName":"sysmon","SourceModuleType":"im_msvistalog"}
{"EventTime":1693412451,"Hostname":"malwareTest-win10","Keywords":-9223372036854775808,"EventType":"INFO","SeverityValue":2,"Severity":"INFO","EventID":1,"SourceName":"Microsoft-Windows-Sysmon","ProviderGuid":"{5770385F-C22A-43E0-BF4C-06F5698FFBD9}","Version":5,"Task":1,"OpcodeValue":0,"RecordNumber":56904,"ProcessID":3436,"ThreadID":4992,"Channel":"Microsoft-Windows-Sysmon/Operational","Domain":"NT AUTHORITY","AccountName":"SYSTEM","UserID":"S-1-5-18","AccountType":"User","Message":"Process Create:\r\nRuleName: technique_id=T1204,technique_name=User Execution\r\nUtcTime: 2023-08-30 16:20:51.791\r\nProcessGuid: {5b325aa9-6c63-64ef-d803-000000000e00}\r\nProcessId: 6440\r\nImage: C:\\Windows\\System32\\cmd.exe\r\nFileVersion: 10.0.19041.746 (WinBuild.160101.0800)\r\nDescription: Windows Command Processor\r\nProduct: Microsoft® Windows® Operating System\r\nCompany: Microsoft Corporation\r\nOriginalFileName: Cmd.Exe\r\nCommandLine: C:\\Windows\\system32\\cmd.exe /c \"\"E:\\me\\alsoOne.bat\" \"\r\nCurrentDirectory: E:\\\r\nUser: MALWARETEST-WIN\\jsmith\r\nLogonGuid: {5b325aa9-6bcd-64ef-2b60-dd0000000000}\r\nLogonId: 0xDD602B\r\nTerminalSessionId: 7\r\nIntegrityLevel: Medium\r\nHashes: SHA1=F1EFB0FDDC156E4C61C5F78A54700E4E7984D55D,MD5=8A2122E8162DBEF04694B9C3E0B6CDEE,SHA256=B99D61D874728EDC0918CA0EB10EAB93D381E7367E377406E65963366C874450,IMPHASH=272245E2988E1E430500B852C4FB5E18\r\nParentProcessGuid: {5b325aa9-6bcf-64ef-9f03-000000000e00}\r\nParentProcessId: 2332\r\nParentImage: C:\\Windows\\explorer.exe\r\nParentCommandLine: C:\\Windows\\Explorer.EXE\r\nParentUser: MALWARETEST-WIN\\jsmith","Category":"Process Create (rule: ProcessCreate)","Opcode":"Info","RuleName":"technique_id=T1204,technique_name=User Execution","UtcTime":"2023-08-30 16:20:51.791","ProcessGuid":"{5b325aa9-6c63-64ef-d803-000000000e00}","Image":"C:\\Windows\\System32\\cmd.exe","FileVersion":"10.0.19041.746 (WinBuild.160101.0800)","Description":"Windows Command Processor","Product":"Microsoft® Windows® Operating System","Company":"Microsoft Corporation","OriginalFileName":"Cmd.Exe","CommandLine":"C:\\Windows\\system32\\cmd.exe /c \"\"E:\\me\\alsoOne.bat\" \"","CurrentDirectory":"E:\\","User":"MALWARETEST-WIN\\jsmith","LogonGuid":"{5b325aa9-6bcd-64ef-2b60-dd0000000000}","LogonId":"0xdd602b","TerminalSessionId":"7","IntegrityLevel":"Medium","Hashes":"SHA1=F1EFB0FDDC156E4C61C5F78A54700E4E7984D55D,MD5=8A2122E8162DBEF04694B9C3E0B6CDEE,SHA256=B99D61D874728EDC0918CA0EB10EAB93D381E7367E377406E65963366C874450,IMPHASH=272245E2988E1E430500B852C4FB5E18","ParentProcessGuid":"{5b325aa9-6bcf-64ef-9f03-000000000e00}","ParentProcessId":"2332","ParentImage":"C:\\Windows\\explorer.exe","ParentCommandLine":"C:\\Windows\\Explorer.EXE","ParentUser":"MALWARETEST-WIN\\jsmith","EventReceivedTime":"2023-08-30 16:20:53","SourceModuleName":"sysmon","SourceModuleType":"im_msvistalog"}
{"EventTime":1693412452,"Hostname":"malwareTest-win10","Keywords":-9223372036854775808,"EventType":"INFO","SeverityValue":2,"Severity":"INFO","EventID":7,"SourceName":"Microsoft-Windows-Sysmon","ProviderGuid":"{5770385F-C22A-43E0-BF4C-06F5698FFBD9}","Version":3,"Task":7,"OpcodeValue":0,"RecordNumber":56905,"ProcessID":3436,"ThreadID":4992,"Channel":"Microsoft-Windows-Sysmon/Operational","Domain":"NT AUTHORITY","AccountName":"SYSTEM","UserID":"S-1-5-18","AccountType":"User","Message":"Image loaded:\r\nRuleName: -\r\nUtcTime: 2023-08-30 16:20:52.300\r\nProcessGuid: {5b325aa9-6c63-64ef-d803-000000000e00}\r\nProcessId: 6440\r\nImage: C:\\Windows\\System32\\cmd.exe\r\nImageLoaded: C:\\Windows\\System32\\urlmon.dll\r\nFileVersion: 11.00.19041.3324 (WinBuild.160101.0800)\r\nDescription: OLE32 Extensions for Win32\r\nProduct: Internet Explorer\r\nCompany: Microsoft Corporation\r\nOriginalFileName: UrlMon.dll\r\nHashes: SHA1=B99CF4A9818294D2A7B0A53FC74781F7738DC48C,MD5=139F127E75EBF7B8B35A0EA4CC964D93,SHA256=F20541CBEA7573090C939E0807692246037EDD0FC2345CBF8A9452E8784AB54E,IMPHASH=E08970115519040D5D8DDD9206F445D3\r\nSigned: true\r\nSignature: Microsoft Windows\r\nSignatureStatus: Valid\r\nUser: MALWARETEST-WIN\\jsmith","Category":"Image loaded (rule: ImageLoad)","Opcode":"Info","RuleName":"-","UtcTime":"2023-08-30 16:20:52.300","ProcessGuid":"{5b325aa9-6c63-64ef-d803-000000000e00}","Image":"C:\\Windows\\System32\\cmd.exe","ImageLoaded":"C:\\Windows\\System32\\urlmon.dll","FileVersion":"11.00.19041.3324 (WinBuild.160101.0800)","Description":"OLE32 Extensions for Win32","Product":"Internet Explorer","Company":"Microsoft Corporation","OriginalFileName":"UrlMon.dll","Hashes":"SHA1=B99CF4A9818294D2A7B0A53FC74781F7738DC48C,MD5=139F127E75EBF7B8B35A0EA4CC964D93,SHA256=F20541CBEA7573090C939E0807692246037EDD0FC2345CBF8A9452E8784AB54E,IMPHASH=E08970115519040D5D8DDD9206F445D3","Signed":"true","Signature":"Microsoft Windows","SignatureStatus":"Valid","User":"MALWARETEST-WIN\\jsmith","EventReceivedTime":"2023-08-30 16:20:53","SourceModuleName":"sysmon","SourceModuleType":"im_msvistalog"}
{"EventTime":1693412452,"Hostname":"malwareTest-win10","Keywords":-9223372036854775808,"EventType":"INFO","SeverityValue":2,"Severity":"INFO","EventID":1,"SourceName":"Microsoft-Windows-Sysmon","ProviderGuid":"{5770385F-C22A-43E0-BF4C-06F5698FFBD9}","Version":5,"Task":1,"OpcodeValue":0,"RecordNumber":56906,"ProcessID":3436,"ThreadID":4992,"Channel":"Microsoft-Windows-Sysmon/Operational","Domain":"NT AUTHORITY","AccountName":"SYSTEM","UserID":"S-1-5-18","AccountType":"User","Message":"Process Create:\r\nRuleName: technique_id=T1059,technique_name=Command-Line Interface\r\nUtcTime: 2023-08-30 16:20:52.414\r\nProcessGuid: {5b325aa9-6c64-64ef-da03-000000000e00}\r\nProcessId: 6212\r\nImage: C:\\Windows\\System32\\wscript.exe\r\nFileVersion: 5.812.10240.16384\r\nDescription: Microsoft ® Windows Based Script Host\r\nProduct: Microsoft ® Windows Script Host\r\nCompany: Microsoft Corporation\r\nOriginalFileName: wscript.exe\r\nCommandLine: \"C:\\Windows\\System32\\WScript.exe\" \"E:\\me\\canWell.js\"  hello cexe lldnur revreSretsigeRllD\r\nCurrentDirectory: E:\\\r\nUser: MALWARETEST-WIN\\jsmith\r\nLogonGuid: {5b325aa9-6bcd-64ef-2b60-dd0000000000}\r\nLogonId: 0xDD602B\r\nTerminalSessionId: 7\r\nIntegrityLevel: Medium\r\nHashes: SHA1=15F2FACFD05DAF46D2C63912916BF2887CEBD98A,MD5=A47CBE969EA935BDD3AB568BB126BC80,SHA256=34008E2057DF8842DF210246995385A0441DC1E081D60AD15BD481E062E7F100,IMPHASH=0F71D5F6F4CBB935CE1B09754102419C\r\nParentProcessGuid: {5b325aa9-6c63-64ef-d803-000000000e00}\r\nParentProcessId: 6440\r\nParentImage: C:\\Windows\\System32\\cmd.exe\r\nParentCommandLine: C:\\Windows\\system32\\cmd.exe /c \"\"E:\\me\\alsoOne.bat\" \"\r\nParentUser: MALWARETEST-WIN\\jsmith","Category":"Process Create (rule: ProcessCreate)","Opcode":"Info","RuleName":"technique_id=T1059,technique_name=Command-Line Interface","UtcTime":"2023-08-30 16:20:52.414","ProcessGuid":"{5b325aa9-6c64-64ef-da03-000000000e00}","Image":"C:\\Windows\\System32\\wscript.exe","FileVersion":"5.812.10240.16384","Description":"Microsoft ® Windows Based Script Host","Product":"Microsoft ® Windows Script Host","Company":"Microsoft Corporation","OriginalFileName":"wscript.exe","CommandLine":"\"C:\\Windows\\System32\\WScript.exe\" \"E:\\me\\canWell.js\"  hello cexe lldnur revreSretsigeRllD","CurrentDirectory":"E:\\","User":"MALWARETEST-WIN\\jsmith","LogonGuid":"{5b325aa9-6bcd-64ef-2b60-dd0000000000}","LogonId":"0xdd602b","TerminalSessionId":"7","IntegrityLevel":"Medium","Hashes":"SHA1=15F2FACFD05DAF46D2C63912916BF2887CEBD98A,MD5=A47CBE969EA935BDD3AB568BB126BC80,SHA256=34008E2057DF8842DF210246995385A0441DC1E081D60AD15BD481E062E7F100,IMPHASH=0F71D5F6F4CBB935CE1B09754102419C","ParentProcessGuid":"{5b325aa9-6c63-64ef-d803-000000000e00}","ParentProcessId":"6440","ParentImage":"C:\\Windows\\System32\\cmd.exe","ParentCommandLine":"C:\\Windows\\system32\\cmd.exe /c \"\"E:\\me\\alsoOne.bat\" \"","ParentUser":"MALWARETEST-WIN\\jsmith","EventReceivedTime":"2023-08-30 16:20:53","SourceModuleName":"sysmon","SourceModuleType":"im_msvistalog"}
{"EventTime":1693412453,"Hostname":"malwareTest-win10","Keywords":-9223372036854775808,"EventType":"INFO","SeverityValue":2,"Severity":"INFO","EventID":13,"SourceName":"Microsoft-Windows-Sysmon","ProviderGuid":"{5770385F-C22A-43E0-BF4C-06F5698FFBD9}","Version":2,"Task":13,"OpcodeValue":0,"RecordNumber":56913,"ProcessID":3436,"ThreadID":4992,"Channel":"Microsoft-Windows-Sysmon/Operational","Domain":"NT AUTHORITY","AccountName":"SYSTEM","UserID":"S-1-5-18","AccountType":"User","Message":"Registry value set:\r\nRuleName: technique_id=T1543,technique_name=Service Creation\r\nEventType: SetValue\r\nUtcTime: 2023-08-30 16:20:53.003\r\nProcessGuid: {5b325aa9-6c63-64ef-d803-000000000e00}\r\nProcessId: 6440\r\nImage: C:\\Windows\\system32\\cmd.exe\r\nTargetObject: HKLM\\System\\CurrentControlSet\\Services\\bam\\State\\UserSettings\\S-1-5-21-1898499130-4260946811-1758222136-1001\\\\Device\\HarddiskVolume3\\Windows\\System32\\cmd.exe\r\nDetails: Binary Data\r\nUser: MALWARETEST-WIN\\jsmith","Category":"Registry value set (rule: RegistryEvent)","Opcode":"Info","RuleName":"technique_id=T1543,technique_name=Service Creation","UtcTime":"2023-08-30 16:20:53.003","ProcessGuid":"{5b325aa9-6c63-64ef-d803-000000000e00}","Image":"C:\\Windows\\system32\\cmd.exe","TargetObject":"HKLM\\System\\CurrentControlSet\\Services\\bam\\State\\UserSettings\\S-1-5-21-1898499130-4260946811-1758222136-1001\\\\Device\\HarddiskVolume3\\Windows\\System32\\cmd.exe","Details":"Binary Data","User":"MALWARETEST-WIN\\jsmith","EventReceivedTime":"2023-08-30 16:20:54","SourceModuleName":"sysmon","SourceModuleType":"im_msvistalog"}
{"EventTime":1693412452,"Hostname":"malwareTest-win10","Keywords":-9223372036854775808,"EventType":"INFO","SeverityValue":2,"Severity":"INFO","EventID":1,"SourceName":"Microsoft-Windows-Sysmon","ProviderGuid":"{5770385F-C22A-43E0-BF4C-06F5698FFBD9}","Version":5,"Task":1,"OpcodeValue":0,"RecordNumber":56911,"ProcessID":3436,"ThreadID":4992,"Channel":"Microsoft-Windows-Sysmon/Operational","Domain":"NT AUTHORITY","AccountName":"SYSTEM","UserID":"S-1-5-18","AccountType":"User","Message":"Process Create:\r\nRuleName: technique_id=T1218.002,technique_name=rundll32.exe\r\nUtcTime: 2023-08-30 16:20:52.835\r\nProcessGuid: {5b325aa9-6c64-64ef-db03-000000000e00}\r\nProcessId: 4016\r\nImage: E:\\me\\123.com\r\nFileVersion: 10.0.18362.1 (WinBuild.160101.0800)\r\nDescription: Windows host process (Rundll32)\r\nProduct: Microsoft® Windows® Operating System\r\nCompany: Microsoft Corporation\r\nOriginalFileName: RUNDLL32.EXE\r\nCommandLine: me\\123.com me/itsIt.db,DllRegisterServer\r\nCurrentDirectory: E:\\\r\nUser: MALWARETEST-WIN\\jsmith\r\nLogonGuid: {5b325aa9-6bcd-64ef-2b60-dd0000000000}\r\nLogonId: 0xDD602B\r\nTerminalSessionId: 7\r\nIntegrityLevel: Medium\r\nHashes: SHA1=F72D978F4D1CA1C435B1164E7617464CC06A9381,MD5=D0432468FA4B7F66166C430E1334DBDA,SHA256=7D99C80A1249A1EC9AF0F3047C855778B06EA57E11943A271071985AFE09E6C2,IMPHASH=BB17B2FBBFF4BBF5EBDCA7D0BB9E4A5B\r\nParentProcessGuid: {5b325aa9-6c64-64ef-da03-000000000e00}\r\nParentProcessId: 6212\r\nParentImage: C:\\Windows\\System32\\wscript.exe\r\nParentCommandLine: \"C:\\Windows\\System32\\WScript.exe\" \"E:\\me\\canWell.js\"  hello cexe lldnur revreSretsigeRllD\r\nParentUser: MALWARETEST-WIN\\jsmith","Category":"Process Create (rule: ProcessCreate)","Opcode":"Info","RuleName":"technique_id=T1218.002,technique_name=rundll32.exe","UtcTime":"2023-08-30 16:20:52.835","ProcessGuid":"{5b325aa9-6c64-64ef-db03-000000000e00}","Image":"E:\\me\\123.com","FileVersion":"10.0.18362.1 (WinBuild.160101.0800)","Description":"Windows host process (Rundll32)","Product":"Microsoft® Windows® Operating System","Company":"Microsoft Corporation","OriginalFileName":"RUNDLL32.EXE","CommandLine":"me\\123.com me/itsIt.db,DllRegisterServer","CurrentDirectory":"E:\\","User":"MALWARETEST-WIN\\jsmith","LogonGuid":"{5b325aa9-6bcd-64ef-2b60-dd0000000000}","LogonId":"0xdd602b","TerminalSessionId":"7","IntegrityLevel":"Medium","Hashes":"SHA1=F72D978F4D1CA1C435B1164E7617464CC06A9381,MD5=D0432468FA4B7F66166C430E1334DBDA,SHA256=7D99C80A1249A1EC9AF0F3047C855778B06EA57E11943A271071985AFE09E6C2,IMPHASH=BB17B2FBBFF4BBF5EBDCA7D0BB9E4A5B","ParentProcessGuid":"{5b325aa9-6c64-64ef-da03-000000000e00}","ParentProcessId":"6212","ParentImage":"C:\\Windows\\System32\\wscript.exe","ParentCommandLine":"\"C:\\Windows\\System32\\WScript.exe\" \"E:\\me\\canWell.js\"  hello cexe lldnur revreSretsigeRllD","ParentUser":"MALWARETEST-WIN\\jsmith","EventReceivedTime":"2023-08-30 16:20:54","SourceModuleName":"sysmon","SourceModuleType":"im_msvistalog"}
{"EventTime":1693412458,"Hostname":"malwareTest-win10","Keywords":-9223372036854775808,"EventType":"INFO","SeverityValue":2,"Severity":"INFO","EventID":7,"SourceName":"Microsoft-Windows-Sysmon","ProviderGuid":"{5770385F-C22A-43E0-BF4C-06F5698FFBD9}","Version":3,"Task":7,"OpcodeValue":0,"RecordNumber":56920,"ProcessID":3436,"ThreadID":4996,"Channel":"Microsoft-Windows-Sysmon/Operational","Domain":"NT AUTHORITY","AccountName":"SYSTEM","UserID":"S-1-5-18","AccountType":"User","Message":"Image loaded:\r\nRuleName: technique_id=T1059.001,technique_name=PowerShell\r\nUtcTime: 2023-08-30 16:20:58.241\r\nProcessGuid: {5b325aa9-6c64-64ef-db03-000000000e00}\r\nProcessId: 4016\r\nImage: E:\\me\\123.com\r\nImageLoaded: C:\\Windows\\SysWOW64\\amsi.dll\r\nFileVersion: 10.0.19041.2075 (WinBuild.160101.0800)\r\nDescription: Anti-Malware Scan Interface\r\nProduct: Microsoft® Windows® Operating System\r\nCompany: Microsoft Corporation\r\nOriginalFileName: amsi.dll\r\nHashes: SHA1=9A5D9943B76EFB44BA75F1E7BD5F644C46303A3C,MD5=3AAB15DB5E825A804948A45547F3487D,SHA256=9488F75B4FEB3C7CB39B0DA7EB9B306535F41DE7D613D030848FBAADDAB87CA4,IMPHASH=5D28867D6E8659CB14ADCCE290AB3709\r\nSigned: true\r\nSignature: Microsoft Windows\r\nSignatureStatus: Valid\r\nUser: MALWARETEST-WIN\\jsmith","Category":"Image loaded (rule: ImageLoad)","Opcode":"Info","RuleName":"technique_id=T1059.001,technique_name=PowerShell","UtcTime":"2023-08-30 16:20:58.241","ProcessGuid":"{5b325aa9-6c64-64ef-db03-000000000e00}","Image":"E:\\me\\123.com","ImageLoaded":"C:\\Windows\\SysWOW64\\amsi.dll","FileVersion":"10.0.19041.2075 (WinBuild.160101.0800)","Description":"Anti-Malware Scan Interface","Product":"Microsoft® Windows® Operating System","Company":"Microsoft Corporation","OriginalFileName":"amsi.dll","Hashes":"SHA1=9A5D9943B76EFB44BA75F1E7BD5F644C46303A3C,MD5=3AAB15DB5E825A804948A45547F3487D,SHA256=9488F75B4FEB3C7CB39B0DA7EB9B306535F41DE7D613D030848FBAADDAB87CA4,IMPHASH=5D28867D6E8659CB14ADCCE290AB3709","Signed":"true","Signature":"Microsoft Windows","SignatureStatus":"Valid","User":"MALWARETEST-WIN\\jsmith","EventReceivedTime":"2023-08-30 16:20:59","SourceModuleName":"sysmon","SourceModuleType":"im_msvistalog"}
{"EventTime":1693412458,"Hostname":"malwareTest-win10","Keywords":-9223372036854775808,"EventType":"INFO","SeverityValue":2,"Severity":"INFO","EventID":7,"SourceName":"Microsoft-Windows-Sysmon","ProviderGuid":"{5770385F-C22A-43E0-BF4C-06F5698FFBD9}","Version":3,"Task":7,"OpcodeValue":0,"RecordNumber":56924,"ProcessID":3436,"ThreadID":4996,"Channel":"Microsoft-Windows-Sysmon/Operational","Domain":"NT AUTHORITY","AccountName":"SYSTEM","UserID":"S-1-5-18","AccountType":"User","Message":"Image loaded:\r\nRuleName: -\r\nUtcTime: 2023-08-30 16:20:58.835\r\nProcessGuid: {5b325aa9-6c64-64ef-db03-000000000e00}\r\nProcessId: 4016\r\nImage: E:\\me\\123.com\r\nImageLoaded: C:\\Windows\\SysWOW64\\urlmon.dll\r\nFileVersion: 11.00.19041.3324 (WinBuild.160101.0800)\r\nDescription: OLE32 Extensions for Win32\r\nProduct: Internet Explorer\r\nCompany: Microsoft Corporation\r\nOriginalFileName: UrlMon.dll\r\nHashes: SHA1=F228E681E5AC6AC881322EFF37530A8C930827C5,MD5=91E044D2A078AC2F0897EAB0841A3B97,SHA256=6425FA9297C91E444D28AAA704BAC9476C8A52F1C80B5B9F213706034E874225,IMPHASH=240508A429EE4859A698334E13972340\r\nSigned: true\r\nSignature: Microsoft Windows\r\nSignatureStatus: Valid\r\nUser: MALWARETEST-WIN\\jsmith","Category":"Image loaded (rule: ImageLoad)","Opcode":"Info","RuleName":"-","UtcTime":"2023-08-30 16:20:58.835","ProcessGuid":"{5b325aa9-6c64-64ef-db03-000000000e00}","Image":"E:\\me\\123.com","ImageLoaded":"C:\\Windows\\SysWOW64\\urlmon.dll","FileVersion":"11.00.19041.3324 (WinBuild.160101.0800)","Description":"OLE32 Extensions for Win32","Product":"Internet Explorer","Company":"Microsoft Corporation","OriginalFileName":"UrlMon.dll","Hashes":"SHA1=F228E681E5AC6AC881322EFF37530A8C930827C5,MD5=91E044D2A078AC2F0897EAB0841A3B97,SHA256=6425FA9297C91E444D28AAA704BAC9476C8A52F1C80B5B9F213706034E874225,IMPHASH=240508A429EE4859A698334E13972340","Signed":"true","Signature":"Microsoft Windows","SignatureStatus":"Valid","User":"MALWARETEST-WIN\\jsmith","EventReceivedTime":"2023-08-30 16:21:00","SourceModuleName":"sysmon","SourceModuleType":"im_msvistalog"}
{"EventTime":1693412481,"Hostname":"malwareTest-win10","Keywords":-9223372036854775808,"EventType":"INFO","SeverityValue":2,"Severity":"INFO","EventID":22,"SourceName":"Microsoft-Windows-Sysmon","ProviderGuid":"{5770385F-C22A-43E0-BF4C-06F5698FFBD9}","Version":5,"Task":22,"OpcodeValue":0,"RecordNumber":56930,"ProcessID":3436,"ThreadID":5004,"Channel":"Microsoft-Windows-Sysmon/Operational","Domain":"NT AUTHORITY","AccountName":"SYSTEM","UserID":"S-1-5-18","AccountType":"User","Message":"Dns query:\r\nRuleName: -\r\nUtcTime: 2023-08-30 16:21:19.047\r\nProcessGuid: {5b325aa9-6c64-64ef-db03-000000000e00}\r\nProcessId: 4016\r\nQueryName: superstarts.top\r\nQueryStatus: 9003\r\nQueryResults: -\r\nImage: E:\\me\\123.com\r\nUser: MALWARETEST-WIN\\jsmith","Category":"Dns query (rule: DnsQuery)","Opcode":"Info","RuleName":"-","UtcTime":"2023-08-30 16:21:19.047","ProcessGuid":"{5b325aa9-6c64-64ef-db03-000000000e00}","QueryName":"superstarts.top","QueryStatus":"9003","QueryResults":"-","Image":"E:\\me\\123.com","User":"MALWARETEST-WIN\\jsmith","EventReceivedTime":"2023-08-30 16:21:22","SourceModuleName":"sysmon","SourceModuleType":"im_msvistalog"}
{"EventTime":1693412561,"Hostname":"malwareTest-win10","Keywords":-9223372036854775808,"EventType":"INFO","SeverityValue":2,"Severity":"INFO","EventID":22,"SourceName":"Microsoft-Windows-Sysmon","ProviderGuid":"{5770385F-C22A-43E0-BF4C-06F5698FFBD9}","Version":5,"Task":22,"OpcodeValue":0,"RecordNumber":56935,"ProcessID":3436,"ThreadID":5004,"Channel":"Microsoft-Windows-Sysmon/Operational","Domain":"NT AUTHORITY","AccountName":"SYSTEM","UserID":"S-1-5-18","AccountType":"User","Message":"Dns query:\r\nRuleName: -\r\nUtcTime: 2023-08-30 16:22:39.148\r\nProcessGuid: {5b325aa9-6c64-64ef-db03-000000000e00}\r\nProcessId: 4016\r\nQueryName: superlist.top\r\nQueryStatus: 9003\r\nQueryResults: -\r\nImage: E:\\me\\123.com\r\nUser: MALWARETEST-WIN\\jsmith","Category":"Dns query (rule: DnsQuery)","Opcode":"Info","RuleName":"-","UtcTime":"2023-08-30 16:22:39.148","ProcessGuid":"{5b325aa9-6c64-64ef-db03-000000000e00}","QueryName":"superlist.top","QueryStatus":"9003","QueryResults":"-","Image":"E:\\me\\123.com","User":"MALWARETEST-WIN\\jsmith","EventReceivedTime":"2023-08-30 16:22:42","SourceModuleName":"sysmon","SourceModuleType":"im_msvistalog"}